PRT1
181
452
4 0 22 (-640 480 128 ) (-640 416 128 ) (-704 416 128 ) (-704 480 128 ) 
4 1 15 (-384 352 128 ) (-320 352 128 ) (-320 288 128 ) (-384 288 128 ) 
4 2 18 (-480 352 128 ) (-416 352 128 ) (-416 288 128 ) (-480 288 128 ) 
4 3 18 (-576 352 128 ) (-512 352 128 ) (-512 288 128 ) (-576 288 128 ) 
4 4 22 (-704 352 128 ) (-640 352 128 ) (-640 288 128 ) (-704 288 128 ) 
4 5 15 (-384 256 128 ) (-320 256 128 ) (-320 192 128 ) (-384 192 128 ) 
4 6 18 (-480 256 128 ) (-416 256 128 ) (-416 192 128 ) (-480 192 128 ) 
4 7 18 (-576 256 128 ) (-512 256 128 ) (-512 192 128 ) (-576 192 128 ) 
4 8 19 (-384 64 128 ) (-384 128 128 ) (-320 128 128 ) (-320 64 128 ) 
4 9 13 (-440 384 0 ) (-360 384 0 ) (-360 384 112 ) (-440 384 112 ) 
4 10 19 (-289.340027 160 0 ) (-288 160 0 ) (-288 160 128 ) (-289.340027 160 128 ) 
4 10 17 (-289.340027 380.780426 60.019894 ) (-289.340027 382 65.522644 ) (-289.340027 382 60.874756 ) (-289.340027 381.760651 59.795845 ) 
4 10 16 (-289.340027 382 0 ) (-289.340027 369.675415 0 ) (-289.340027 368.550415 0.245886 ) (-289.340027 382 60.874756 ) 
5 10 15 (-289.340027 367.579803 0.458024 ) (-289.340027 160 45.827209 ) (-289.340027 160 128 ) (-289.340027 382 128 ) (-289.340027 382 65.522644 ) 
3 10 14 (-289.340027 369.675415 0 ) (-289.340027 160 0 ) (-289.340027 160 45.827209 ) 
4 10 12 (-289.340027 384 128 ) (-289.340027 384 116 ) (-289.340027 382 116 ) (-289.340027 382 128 ) 
4 10 13 (-289.340027 384 116 ) (-289.340027 384 0 ) (-289.340027 382 0 ) (-289.340027 382 116 ) 
4 11 22 (-608 382 116 ) (-608 382 128 ) (-608 384 128 ) (-608 384 116 ) 
4 11 15 (-411.340027 382 116 ) (-410 382 116 ) (-402 382 128 ) (-411.340027 382 128 ) 
4 11 18 (-608 382 128 ) (-608 382 116 ) (-411.340027 382 116 ) (-411.340027 382 128 ) 
4 11 12 (-401.996094 382 128 ) (-405.998047 382 121.997086 ) (-405.998047 384 121.997086 ) (-401.996094 384 128 ) 
4 11 13 (-410 382 116 ) (-608 382 116 ) (-608 384 116 ) (-410 384 116 ) 
5 12 15 (-402 382 116 ) (-289.340027 382 116 ) (-289.340027 382 128 ) (-402 382 128 ) (-406 382 122 ) 
4 12 13 (-289.340027 382 116 ) (-402 382 116 ) (-402 384 116 ) (-289.340027 384 116 ) 
4 13 22 (-608 384 0 ) (-608 382 0 ) (-608 382 116 ) (-608 384 116 ) 
4 13 17 (-289.340027 382 60.874790 ) (-289.340027 382 65.522682 ) (-411.340027 382 65.520706 ) (-411.340027 382 60.878876 ) 
4 13 16 (-411.340027 382 0 ) (-289.340027 382 0 ) (-289.340027 382 60.874790 ) (-411.340027 382 60.878876 ) 
4 13 15 (-289.340027 382 65.522682 ) (-289.340027 382 116 ) (-411.340027 382 116 ) (-411.340027 382 65.520706 ) 
4 13 18 (-608 382 116 ) (-608 382 0 ) (-411.340027 382 0 ) (-411.340027 382 116 ) 
4 14 19 (-411.340027 160 0 ) (-289.340027 160 0 ) (-289.340027 160 45.827209 ) (-411.340027 160 45.826218 ) 
4 14 16 (-411.340027 369.672485 0 ) (-411.340027 368.549408 0.245459 ) (-289.340027 368.550476 0.246252 ) (-289.340027 369.677155 0 ) 
4 14 15 (-411.340027 367.580048 0.457327 ) (-411.340027 160 45.826569 ) (-289.340027 160 45.828125 ) (-289.340027 367.579865 0.458397 ) 
3 14 18 (-411.340027 369.670898 0 ) (-411.340027 160 0 ) (-411.340027 160 45.826214 ) 
4 15 19 (-289.340027 160 45.827209 ) (-289.340027 160 128 ) (-411.340027 160 128 ) (-411.340027 160 45.826218 ) 
4 15 17 (-411.340027 380.781250 60.020718 ) (-411.340027 382 65.519753 ) (-289.340027 382 65.521744 ) (-289.340027 380.780609 60.019855 ) 
5 15 18 (-411.340027 382 128 ) (-411.340027 382 65.520668 ) (-411.340027 367.579987 0.456995 ) (-411.340027 160 45.826214 ) (-411.340027 160 128 ) 
4 16 17 (-411.340027 382 60.882812 ) (-411.340027 381.759186 59.797195 ) (-289.340027 381.759796 59.796047 ) (-289.340027 382 60.878819 ) 
4 16 18 (-411.340027 382 60.878838 ) (-411.340027 382 0 ) (-411.340027 369.670898 0 ) (-411.340027 368.549347 0.245130 ) 
4 17 18 (-411.340027 382 65.520668 ) (-411.340027 382 60.878838 ) (-411.340027 381.760010 59.797005 ) (-411.340027 380.781067 60.020763 ) 
4 18 22 (-608 382 0 ) (-608 256 0 ) (-608 256 128 ) (-608 382 128 ) 
4 18 19 (-416 160 0 ) (-411.340027 160 0 ) (-411.340027 160 128 ) (-416 160 128 ) 
4 19 20 (-384 32 0 ) (-320 32 0 ) (-320 32 116 ) (-384 32 116 ) 
4 20 122 (-384 0 116 ) (-384 0 0 ) (-320 0 0 ) (-320 0 116 ) 
4 21 22 (-704 512 0 ) (-640 512 0 ) (-640 512 116 ) (-704 512 116 ) 
4 23 42 (1704 -424 128 ) (1704 -360 128 ) (1768 -360 128 ) (1768 -424 128 ) 
4 24 42 (1704 -552 128 ) (1704 -488 128 ) (1768 -488 128 ) (1768 -552 128 ) 
4 25 47 (1576 -552 128 ) (1576 -488 128 ) (1640 -488 128 ) (1640 -552 128 ) 
4 26 57 (1512 -488 128 ) (1512 -552 128 ) (1448 -552 128 ) (1448 -488 128 ) 
4 27 57 (1512 -616 128 ) (1512 -680 128 ) (1448 -680 128 ) (1448 -616 128 ) 
4 28 57 (1448 -744 128 ) (1512 -744 128 ) (1512 -808 128 ) (1448 -808 128 ) 
4 29 61 (1312 -744 128 ) (1376 -744 128 ) (1376 -808 128 ) (1312 -808 128 ) 
4 30 61 (1184 -744 128 ) (1248 -744 128 ) (1248 -808 128 ) (1184 -808 128 ) 
4 31 61 (1056 -744 128 ) (1120 -744 128 ) (1120 -808 128 ) (1056 -808 128 ) 
4 32 41 (1800 -420 116 ) (1800 -420 96.010002 ) (1800 -484 96.010002 ) (1800 -484 116 ) 
4 32 39 (1800 -484 96.010002 ) (1800 -464 96.010002 ) (1803.470093 -464 96.010002 ) (1803.470093 -484 96.010002 ) 
4 32 37 (1803.470093 -456 96.010002 ) (1803.470093 -464 96.010002 ) (1802.470093 -464 96.010002 ) (1802.470093 -456 96.010002 ) 
4 32 36 (1803.470093 -448 96.010002 ) (1803.470093 -456 96.010002 ) (1802.470093 -456 96.010002 ) (1802.470093 -448 96.010002 ) 
4 32 35 (1802.470093 -440 96.010002 ) (1803.470093 -440 96.010002 ) (1803.470093 -448 96.010002 ) (1802.470093 -448 96.010002 ) 
4 32 38 (1800 -464 96.010002 ) (1800 -440 96.010002 ) (1802.470093 -440 96.010002 ) (1802.470093 -464 96.010002 ) 
4 32 34 (1800 -440 96.010002 ) (1800 -420 96.010002 ) (1803.470093 -420 96.010002 ) (1803.470093 -440 96.010002 ) 
4 32 33 (1803.470093 -420 96.010002 ) (1808 -420 96.010002 ) (1808 -484 96.010002 ) (1803.470093 -484 96.010002 ) 
4 33 40 (1803.470093 -420 80.010002 ) (1803.470093 -420 0 ) (1803.470093 -484 0 ) (1803.470093 -484 80.010002 ) 
4 33 39 (1803.470093 -484 96.010002 ) (1803.470093 -464 96.010002 ) (1803.470093 -464 80.010002 ) (1803.470093 -484 80.010002 ) 
4 33 37 (1803.470093 -464 96.010002 ) (1803.470093 -456 96.010002 ) (1803.470093 -456 80.010002 ) (1803.470093 -464 80.010002 ) 
4 33 36 (1803.470093 -456 96.010002 ) (1803.470093 -448 96.010002 ) (1803.470093 -448 80.010002 ) (1803.470093 -456 80.010002 ) 
4 33 35 (1803.470093 -448 96.010002 ) (1803.470093 -440 96.010002 ) (1803.470093 -440 80.010002 ) (1803.470093 -448 80.010002 ) 
4 33 34 (1803.470093 -440 96.010002 ) (1803.470093 -420 96.010002 ) (1803.470093 -420 80.010002 ) (1803.470093 -440 80.010002 ) 
4 34 41 (1800 -440 96.010002 ) (1800 -420 96.010002 ) (1800 -420 80.010002 ) (1800 -440 80.010002 ) 
4 34 40 (1800 -440 80.010002 ) (1800 -420 80.010002 ) (1803.470093 -420 80.010002 ) (1803.470093 -440 80.010002 ) 
4 34 35 (1802.470093 -440 80.010002 ) (1803.470093 -440 80.010002 ) (1803.470093 -440 96.010002 ) (1802.470093 -440 96.010002 ) 
4 34 38 (1800 -440 80.010002 ) (1802.470093 -440 80.010002 ) (1802.470093 -440 96.010002 ) (1800 -440 96.010002 ) 
4 35 40 (1802.470093 -440 80.010002 ) (1803.470093 -440 80.010002 ) (1803.470093 -448 80.010002 ) (1802.470093 -448 80.010002 ) 
4 35 36 (1802.470093 -448 96.010002 ) (1802.470093 -448 80.010002 ) (1803.470093 -448 80.010002 ) (1803.470093 -448 96.010002 ) 
4 35 38 (1802.470093 -440 96.010002 ) (1802.470093 -440 80.010002 ) (1802.470093 -448 80.010002 ) (1802.470093 -448 96.010002 ) 
4 36 40 (1803.470093 -448 80.010002 ) (1803.470093 -456 80.010002 ) (1802.470093 -456 80.010002 ) (1802.470093 -448 80.010002 ) 
4 36 38 (1802.470093 -448 80.010002 ) (1802.470093 -456 80.010002 ) (1802.470093 -456 96.010002 ) (1802.470093 -448 96.010002 ) 
4 36 37 (1802.470093 -456 96.010002 ) (1802.470093 -456 80.010002 ) (1803.470093 -456 80.010002 ) (1803.470093 -456 96.010002 ) 
4 37 40 (1803.470093 -456 80.010002 ) (1803.470093 -464 80.010002 ) (1802.470093 -464 80.010002 ) (1802.470093 -456 80.010002 ) 
4 37 39 (1802.470093 -464 80.010002 ) (1803.470093 -464 80.010002 ) (1803.470093 -464 96.010002 ) (1802.470093 -464 96.010002 ) 
4 37 38 (1802.470093 -456 80.010002 ) (1802.470093 -464 80.010002 ) (1802.470093 -464 96.010002 ) (1802.470093 -456 96.010002 ) 
4 38 41 (1800 -464 96.010002 ) (1800 -440 96.010002 ) (1800 -440 80.010002 ) (1800 -464 80.010002 ) 
4 38 40 (1800 -464 80.010002 ) (1800 -440 80.010002 ) (1802.470093 -440 80.010002 ) (1802.470093 -464 80.010002 ) 
4 38 39 (1800 -464 80.010002 ) (1802.470093 -464 80.010002 ) (1802.470093 -464 96.010002 ) (1800 -464 96.010002 ) 
4 39 41 (1800 -484 96.010002 ) (1800 -464 96.010002 ) (1800 -464 80.010002 ) (1800 -484 80.010002 ) 
4 39 40 (1800 -484 80.010002 ) (1800 -464 80.010002 ) (1803.470093 -464 80.010002 ) (1803.470093 -484 80.010002 ) 
4 40 41 (1800 -420 0 ) (1800 -484 0 ) (1800 -484 80.010002 ) (1800 -420 80.010002 ) 
4 41 43 (1768 -328 0 ) (1768 -584 0 ) (1768 -584 116 ) (1768 -328 116 ) 
4 41 42 (1768 -584 116 ) (1768 -584 128 ) (1768 -328 128 ) (1768 -328 116 ) 
4 42 45 (1704 -584 116 ) (1704 -584 128 ) (1704 -328 128 ) (1704 -328 116 ) 
4 42 43 (1768 -584 116 ) (1704 -584 116 ) (1704 -328 116 ) (1768 -328 116 ) 
4 43 45 (1704 -328 0 ) (1704 -584 0 ) (1704 -584 116 ) (1704 -328 116 ) 
4 43 44 (1704 -584 116 ) (1704 -584 0 ) (1736 -584 0 ) (1736 -584 116 ) 
4 44 46 (1704 -584 0 ) (1704 -592 0 ) (1704 -592 116 ) (1704 -584 116 ) 
4 45 47 (1672 -456 0 ) (1672 -584 0 ) (1672 -584 128 ) (1672 -456 128 ) 
4 45 46 (1672 -584 116 ) (1672 -584 0 ) (1704 -584 0 ) (1704 -584 116 ) 
4 47 57 (1544 -456 0 ) (1544 -584 0 ) (1544 -584 128 ) (1544 -456 128 ) 
4 48 57 (1480 -456 96.010002 ) (1544 -456 96.010002 ) (1544 -456 116 ) (1480 -456 116 ) 
4 48 52 (1507.949951 -452.175995 96.010002 ) (1515.949951 -452.175995 96.010002 ) (1515.949951 -453.175995 96.010002 ) (1507.949951 -453.175995 96.010002 ) 
4 48 51 (1515.949951 -452.175995 96.010002 ) (1523.949951 -452.175995 96.010002 ) (1523.949951 -453.175995 96.010002 ) (1515.949951 -453.175995 96.010002 ) 
4 48 53 (1499.949951 -453.175995 96.010002 ) (1499.949951 -452.175995 96.010002 ) (1507.949951 -452.175995 96.010002 ) (1507.949951 -453.175995 96.010002 ) 
4 48 54 (1523.949951 -456 96.010002 ) (1499.949951 -456 96.010002 ) (1499.949951 -453.175995 96.010002 ) (1523.949951 -453.175995 96.010002 ) 
4 48 55 (1499.949951 -456 96.010002 ) (1480 -456 96.010002 ) (1480 -452.175995 96.010002 ) (1499.949951 -452.175995 96.010002 ) 
4 48 50 (1544 -456 96.010002 ) (1523.949951 -456 96.010002 ) (1523.949951 -452.175995 96.010002 ) (1544 -452.175995 96.010002 ) 
4 48 49 (1480 -452.175995 96.010002 ) (1480 -448 96.010002 ) (1544 -448 96.010002 ) (1544 -452.175995 96.010002 ) 
4 49 56 (1544 -452.175995 0 ) (1544 -452.175995 80.010002 ) (1480 -452.175995 80.010002 ) (1480 -452.175995 0 ) 
4 49 52 (1515.949951 -452.175995 96.010002 ) (1507.949951 -452.175995 96.010002 ) (1507.949951 -452.175995 80.010002 ) (1515.949951 -452.175995 80.010002 ) 
4 49 51 (1523.949951 -452.175995 96.010002 ) (1515.949951 -452.175995 96.010002 ) (1515.949951 -452.175995 80.010002 ) (1523.949951 -452.175995 80.010002 ) 
4 49 53 (1507.949951 -452.175995 96.010002 ) (1499.949951 -452.175995 96.010002 ) (1499.949951 -452.175995 80.010002 ) (1507.949951 -452.175995 80.010002 ) 
4 49 55 (1499.949951 -452.175995 96.010002 ) (1480 -452.175995 96.010002 ) (1480 -452.175995 80.010002 ) (1499.949951 -452.175995 80.010002 ) 
4 49 50 (1544 -452.175995 80.010002 ) (1544 -452.175995 96.010002 ) (1523.949951 -452.175995 96.010002 ) (1523.949951 -452.175995 80.010002 ) 
4 50 57 (1523.949951 -456 80.010002 ) (1544 -456 80.010002 ) (1544 -456 96.010002 ) (1523.949951 -456 96.010002 ) 
4 50 56 (1544 -456 80.010002 ) (1523.949951 -456 80.010002 ) (1523.949951 -452.175995 80.010002 ) (1544 -452.175995 80.010002 ) 
4 50 51 (1523.949951 -452.175995 96.010002 ) (1523.949951 -452.175995 80.010002 ) (1523.949951 -453.175995 80.010002 ) (1523.949951 -453.175995 96.010002 ) 
4 50 54 (1523.949951 -453.175995 80.010002 ) (1523.949951 -456 80.010002 ) (1523.949951 -456 96.010002 ) (1523.949951 -453.175995 96.010002 ) 
4 51 56 (1515.949951 -452.175995 80.010002 ) (1523.949951 -452.175995 80.010002 ) (1523.949951 -453.175995 80.010002 ) (1515.949951 -453.175995 80.010002 ) 
4 51 54 (1515.949951 -453.175995 80.010002 ) (1523.949951 -453.175995 80.010002 ) (1523.949951 -453.175995 96.010002 ) (1515.949951 -453.175995 96.010002 ) 
4 51 52 (1515.949951 -452.175995 96.010002 ) (1515.949951 -452.175995 80.010002 ) (1515.949951 -453.175995 80.010002 ) (1515.949951 -453.175995 96.010002 ) 
4 52 56 (1507.949951 -452.175995 80.010002 ) (1515.949951 -452.175995 80.010002 ) (1515.949951 -453.175995 80.010002 ) (1507.949951 -453.175995 80.010002 ) 
4 52 53 (1507.949951 -452.175995 96.010002 ) (1507.949951 -452.175995 80.010002 ) (1507.949951 -453.175995 80.010002 ) (1507.949951 -453.175995 96.010002 ) 
4 52 54 (1507.949951 -453.175995 80.010002 ) (1515.949951 -453.175995 80.010002 ) (1515.949951 -453.175995 96.010002 ) (1507.949951 -453.175995 96.010002 ) 
4 53 56 (1499.949951 -453.175995 80.010002 ) (1499.949951 -452.175995 80.010002 ) (1507.949951 -452.175995 80.010002 ) (1507.949951 -453.175995 80.010002 ) 
4 53 54 (1499.949951 -453.175995 96.010002 ) (1499.949951 -453.175995 80.010002 ) (1507.949951 -453.175995 80.010002 ) (1507.949951 -453.175995 96.010002 ) 
4 53 55 (1499.949951 -452.175995 96.010002 ) (1499.949951 -452.175995 80.010002 ) (1499.949951 -453.175995 80.010002 ) (1499.949951 -453.175995 96.010002 ) 
4 54 57 (1499.949951 -456 80.010002 ) (1523.949951 -456 80.010002 ) (1523.949951 -456 96.010002 ) (1499.949951 -456 96.010002 ) 
4 54 56 (1523.949951 -456 80.010002 ) (1499.949951 -456 80.010002 ) (1499.949951 -453.175995 80.010002 ) (1523.949951 -453.175995 80.010002 ) 
4 54 55 (1499.949951 -453.175995 80.010002 ) (1499.949951 -456 80.010002 ) (1499.949951 -456 96.010002 ) (1499.949951 -453.175995 96.010002 ) 
4 55 57 (1480 -456 80.010002 ) (1499.949951 -456 80.010002 ) (1499.949951 -456 96.010002 ) (1480 -456 96.010002 ) 
4 55 56 (1499.949951 -456 80.010002 ) (1480 -456 80.010002 ) (1480 -452.175995 80.010002 ) (1499.949951 -452.175995 80.010002 ) 
4 56 57 (1480 -456 0 ) (1544 -456 0 ) (1544 -456 80.010002 ) (1480 -456 80.010002 ) 
4 57 58 (1416 -744 0 ) (1416 -808 0 ) (1416 -808 116 ) (1416 -744 116 ) 
4 58 61 (1408 -744 0 ) (1408 -808 0 ) (1408 -808 116 ) (1408 -744 116 ) 
4 59 60 (1152 -711 123 ) (1152 -711 0 ) (1280 -711 0 ) (1280 -711 123 ) 
4 60 61 (1152 -712 0 ) (1280 -712 0 ) (1280 -712 123 ) (1152 -712 123 ) 
4 61 86 (1024 -808 0 ) (1024 -840 0 ) (1024 -840 128 ) (1024 -808 128 ) 
4 61 84 (1024 -808 116 ) (1024 -808 128 ) (1024 -744 128 ) (1024 -744 116 ) 
4 61 85 (1024 -744 0 ) (1024 -808 0 ) (1024 -808 116 ) (1024 -744 116 ) 
4 61 83 (1024 -712 0 ) (1024 -744 0 ) (1024 -744 128 ) (1024 -712 128 ) 
4 61 69 (1312 -840 0 ) (1376 -840 0 ) (1376 -840 80.010002 ) (1312 -840 80.010002 ) 
4 61 68 (1332.010010 -840 96.010002 ) (1312 -840 96.010002 ) (1312 -840 80.010002 ) (1332.010010 -840 80.010002 ) 
4 61 64 (1356.010010 -840 96.010002 ) (1332.010010 -840 96.010002 ) (1332.010010 -840 80.010002 ) (1356.010010 -840 80.010002 ) 
4 61 63 (1376 -840 80.010002 ) (1376 -840 96.010002 ) (1356.010010 -840 96.010002 ) (1356.010010 -840 80.010002 ) 
4 61 62 (1376 -840 96.010002 ) (1376 -840 116 ) (1312 -840 116 ) (1312 -840 96.010002 ) 
4 62 70 (1376 -843.844971 96.010002 ) (1376 -848 96.010002 ) (1312 -848 96.010002 ) (1312 -843.844971 96.010002 ) 
4 62 68 (1312 -840 96.010002 ) (1332.010010 -840 96.010002 ) (1332.010010 -843.844971 96.010002 ) (1312 -843.844971 96.010002 ) 
4 62 67 (1340.010010 -843.844971 96.010002 ) (1332.010010 -843.844971 96.010002 ) (1332.010010 -842.844971 96.010002 ) (1340.010010 -842.844971 96.010002 ) 
4 62 66 (1348.010010 -843.844971 96.010002 ) (1340.010010 -843.844971 96.010002 ) (1340.010010 -842.844971 96.010002 ) (1348.010010 -842.844971 96.010002 ) 
4 62 65 (1356.010010 -842.844971 96.010002 ) (1356.010010 -843.844971 96.010002 ) (1348.010010 -843.844971 96.010002 ) (1348.010010 -842.844971 96.010002 ) 
4 62 64 (1332.010010 -840 96.010002 ) (1356.010010 -840 96.010002 ) (1356.010010 -842.844971 96.010002 ) (1332.010010 -842.844971 96.010002 ) 
4 62 63 (1356.010010 -840 96.010002 ) (1376 -840 96.010002 ) (1376 -843.844971 96.010002 ) (1356.010010 -843.844971 96.010002 ) 
4 63 70 (1376 -843.844971 80.010002 ) (1376 -843.844971 96.010002 ) (1356.010010 -843.844971 96.010002 ) (1356.010010 -843.844971 80.010002 ) 
4 63 69 (1376 -843.844971 80.010002 ) (1356.010010 -843.844971 80.010002 ) (1356.010010 -840 80.010002 ) (1376 -840 80.010002 ) 
4 63 65 (1356.010010 -842.844971 80.010002 ) (1356.010010 -843.844971 80.010002 ) (1356.010010 -843.844971 96.010002 ) (1356.010010 -842.844971 96.010002 ) 
4 63 64 (1356.010010 -840 80.010002 ) (1356.010010 -842.844971 80.010002 ) (1356.010010 -842.844971 96.010002 ) (1356.010010 -840 96.010002 ) 
4 64 69 (1332.010010 -842.844971 80.010002 ) (1332.010010 -840 80.010002 ) (1356.010010 -840 80.010002 ) (1356.010010 -842.844971 80.010002 ) 
4 64 68 (1332.010010 -840 80.010002 ) (1332.010010 -842.844971 80.010002 ) (1332.010010 -842.844971 96.010002 ) (1332.010010 -840 96.010002 ) 
4 64 67 (1332.010010 -842.844971 96.010002 ) (1332.010010 -842.844971 80.010002 ) (1340.010010 -842.844971 80.010002 ) (1340.010010 -842.844971 96.010002 ) 
4 64 66 (1340.010010 -842.844971 80.010002 ) (1348.010010 -842.844971 80.010002 ) (1348.010010 -842.844971 96.010002 ) (1340.010010 -842.844971 96.010002 ) 
4 64 65 (1348.010010 -842.844971 80.010002 ) (1356.010010 -842.844971 80.010002 ) (1356.010010 -842.844971 96.010002 ) (1348.010010 -842.844971 96.010002 ) 
4 65 70 (1356.010010 -843.844971 96.010002 ) (1348.010010 -843.844971 96.010002 ) (1348.010010 -843.844971 80.010002 ) (1356.010010 -843.844971 80.010002 ) 
4 65 69 (1356.010010 -843.844971 80.010002 ) (1348.010010 -843.844971 80.010002 ) (1348.010010 -842.844971 80.010002 ) (1356.010010 -842.844971 80.010002 ) 
4 65 66 (1348.010010 -842.844971 96.010002 ) (1348.010010 -842.844971 80.010002 ) (1348.010010 -843.844971 80.010002 ) (1348.010010 -843.844971 96.010002 ) 
4 66 70 (1348.010010 -843.844971 96.010002 ) (1340.010010 -843.844971 96.010002 ) (1340.010010 -843.844971 80.010002 ) (1348.010010 -843.844971 80.010002 ) 
4 66 69 (1348.010010 -843.844971 80.010002 ) (1340.010010 -843.844971 80.010002 ) (1340.010010 -842.844971 80.010002 ) (1348.010010 -842.844971 80.010002 ) 
4 66 67 (1340.010010 -842.844971 96.010002 ) (1340.010010 -842.844971 80.010002 ) (1340.010010 -843.844971 80.010002 ) (1340.010010 -843.844971 96.010002 ) 
4 67 70 (1340.010010 -843.844971 96.010002 ) (1332.010010 -843.844971 96.010002 ) (1332.010010 -843.844971 80.010002 ) (1340.010010 -843.844971 80.010002 ) 
4 67 69 (1340.010010 -843.844971 80.010002 ) (1332.010010 -843.844971 80.010002 ) (1332.010010 -842.844971 80.010002 ) (1340.010010 -842.844971 80.010002 ) 
4 67 68 (1332.010010 -842.844971 80.010002 ) (1332.010010 -843.844971 80.010002 ) (1332.010010 -843.844971 96.010002 ) (1332.010010 -842.844971 96.010002 ) 
4 68 70 (1332.010010 -843.844971 96.010002 ) (1312 -843.844971 96.010002 ) (1312 -843.844971 80.010002 ) (1332.010010 -843.844971 80.010002 ) 
4 68 69 (1332.010010 -843.844971 80.010002 ) (1312 -843.844971 80.010002 ) (1312 -840 80.010002 ) (1332.010010 -840 80.010002 ) 
4 69 70 (1312 -843.844971 0 ) (1376 -843.844971 0 ) (1376 -843.844971 80.010002 ) (1312 -843.844971 80.010002 ) 
4 71 84 (928 -744 128 ) (992 -744 128 ) (992 -808 128 ) (928 -808 128 ) 
4 72 84 (800 -744 128 ) (864 -744 128 ) (864 -808 128 ) (800 -808 128 ) 
4 73 84 (672 -744 128 ) (736 -744 128 ) (736 -808 128 ) (672 -808 128 ) 
4 74 89 (512 -744 128 ) (576 -744 128 ) (576 -808 128 ) (512 -808 128 ) 
4 75 89 (384 -744 128 ) (448 -744 128 ) (448 -808 128 ) (384 -808 128 ) 
4 76 89 (288 -744 128 ) (352 -744 128 ) (352 -808 128 ) (288 -808 128 ) 
4 77 106 (384 -904 128 ) (384 -840 128 ) (448 -840 128 ) (448 -904 128 ) 
4 78 106 (384 -1000 128 ) (384 -936 128 ) (448 -936 128 ) (448 -1000 128 ) 
4 79 106 (288 -904 128 ) (288 -840 128 ) (352 -840 128 ) (352 -904 128 ) 
4 80 106 (288 -1000 128 ) (288 -936 128 ) (352 -936 128 ) (352 -1000 128 ) 
4 81 82 (768 -711 123 ) (768 -711 0 ) (896 -711 0 ) (896 -711 123 ) 
4 82 83 (768 -712 0 ) (896 -712 0 ) (896 -712 123 ) (768 -712 123 ) 
4 83 84 (1024 -744 116 ) (1024 -744 128 ) (640 -744 128 ) (640 -744 116 ) 
4 83 85 (640 -744 0 ) (1024 -744 0 ) (1024 -744 116 ) (640 -744 116 ) 
4 84 86 (640 -808 116 ) (1024 -808 116 ) (1024 -808 128 ) (640 -808 128 ) 
4 84 85 (1024 -808 116 ) (640 -808 116 ) (640 -744 116 ) (1024 -744 116 ) 
4 85 89 (608 -808 73.802452 ) (608 -808 116 ) (608 -744 116 ) (608 -744 73.802979 ) 
4 85 88 (608 -744 0 ) (608 -808 0 ) (608 -808 73.802452 ) (608 -744 73.802979 ) 
4 85 86 (640 -808 0 ) (1024 -808 0 ) (1024 -808 116 ) (640 -808 116 ) 
4 86 104 (928 -840 0 ) (992 -840 0 ) (992 -840 80.010002 ) (928 -840 80.010002 ) 
4 86 99 (971.989990 -840 96.010002 ) (947.989990 -840 96.010002 ) (947.989990 -840 80.010002 ) (971.989990 -840 80.010002 ) 
4 86 103 (947.989990 -840 96.010002 ) (928 -840 96.010002 ) (928 -840 80.010002 ) (947.989990 -840 80.010002 ) 
4 86 98 (992 -840 96.010002 ) (971.989990 -840 96.010002 ) (971.989990 -840 80.010002 ) (992 -840 80.010002 ) 
4 86 97 (928 -840 116 ) (928 -840 96.010002 ) (992 -840 96.010002 ) (992 -840 116 ) 
4 87 94 (258 -712 128 ) (258 -712 116 ) (258 -713.340027 116 ) (258 -713.340027 128 ) 
4 87 95 (258 -712 116 ) (258 -712 0 ) (258 -713.340027 0 ) (258 -713.340027 116 ) 
4 87 91 (258 -713.340027 65.522644 ) (258 -713.340027 60.874760 ) (258.239349 -713.340027 59.795853 ) (259.219574 -713.340027 60.019897 ) 
4 87 90 (258 -713.340027 60.874760 ) (258 -713.340027 0 ) (270.324524 -713.340027 0 ) (271.449585 -713.340027 0.245899 ) 
5 87 89 (258 -713.340027 128 ) (258 -713.340027 65.522644 ) (272.420197 -713.340027 0.458037 ) (608 -713.340027 73.803230 ) (608 -713.340027 128 ) 
3 87 88 (270.324524 -713.340027 0 ) (608 -713.340027 0 ) (608 -713.340027 73.803230 ) 
4 88 90 (271.449310 -713.340027 0.247098 ) (270.318726 -713.340027 0 ) (270.323059 -835.340027 0 ) (271.450348 -835.340027 0.246384 ) 
4 88 89 (608 -713.340027 73.803711 ) (272.419952 -713.340027 0.459244 ) (272.419708 -835.340027 0.458252 ) (608 -835.340027 73.803543 ) 
3 88 92 (270.329071 -835.340027 0 ) (608 -835.340027 0 ) (608 -835.340027 73.802231 ) 
5 89 94 (258 -826 128 ) (258 -713.340027 128 ) (258 -713.340027 116 ) (258 -826 116 ) (258 -830 122 ) 
4 89 93 (258 -835.340027 116 ) (258 -835.340027 128 ) (258 -826 128 ) (258 -834 116 ) 
4 89 95 (258 -835.340027 65.520668 ) (258 -835.340027 116 ) (258 -713.340027 116 ) (258 -713.340027 65.522644 ) 
4 89 91 (258 -713.340027 65.519531 ) (259.218933 -713.340027 60.019756 ) (259.218597 -835.340027 60.020683 ) (258 -835.340027 65.519081 ) 
5 89 92 (258 -835.340027 128 ) (258 -835.340027 65.520668 ) (272.420013 -835.340027 0.457001 ) (608 -835.340027 73.802231 ) (608 -835.340027 128 ) 
4 90 95 (258 -713.340027 0 ) (258 -835.340027 0 ) (258 -835.340027 60.878838 ) (258 -713.340027 60.874760 ) 
4 90 91 (258 -835.340027 60.875000 ) (258.239166 -835.340027 59.796818 ) (258.238434 -713.340027 59.795643 ) (258 -713.340027 60.870453 ) 
4 90 92 (258 -835.340027 60.878838 ) (258 -835.340027 0 ) (270.329071 -835.340027 0 ) (271.450623 -835.340027 0.245130 ) 
4 91 95 (258 -835.340027 60.878838 ) (258 -835.340027 65.520668 ) (258 -713.340027 65.522644 ) (258 -713.340027 60.874760 ) 
4 91 92 (258 -835.340027 65.520668 ) (258 -835.340027 60.878838 ) (258.239990 -835.340027 59.797001 ) (259.218933 -835.340027 60.020763 ) 
4 92 106 (258 -840 0 ) (480 -840 0 ) (480 -840 128 ) (258 -840 128 ) 
4 92 93 (258 -840 116 ) (258 -840 128 ) (258 -835.340027 128 ) (258 -835.340027 116 ) 
4 92 95 (258 -835.340027 0 ) (258 -840 0 ) (258 -840 116 ) (258 -835.340027 116 ) 
4 93 106 (258 -840 116 ) (258 -840 128 ) (256 -840 128 ) (256 -840 116 ) 
4 93 94 (258 -826 128 ) (258 -830 122 ) (256 -830 122 ) (256 -826 128 ) 
4 93 95 (256 -840 116 ) (256 -834 116 ) (258 -834 116 ) (258 -840 116 ) 
4 94 95 (256 -826 116 ) (256 -712 116 ) (258 -712 116 ) (258 -826 116 ) 
4 95 106 (256 -840 0 ) (258 -840 0 ) (258 -840 116 ) (256 -840 116 ) 
4 95 96 (256 -784 0 ) (256 -840 0 ) (256 -840 112 ) (256 -784 112 ) 
4 96 107 (248 -840 0 ) (256 -840 0 ) (256 -840 112 ) (248 -840 112 ) 
4 97 105 (992 -848 96.010002 ) (928 -848 96.010002 ) (928 -843.913025 96.010002 ) (992 -843.913025 96.010002 ) 
4 97 102 (955.989990 -843.913025 96.010002 ) (947.989990 -843.913025 96.010002 ) (947.989990 -842.913025 96.010002 ) (955.989990 -842.913025 96.010002 ) 
4 97 101 (963.989990 -843.913025 96.010002 ) (955.989990 -843.913025 96.010002 ) (955.989990 -842.913025 96.010002 ) (963.989990 -842.913025 96.010002 ) 
4 97 100 (971.989990 -842.913025 96.010002 ) (971.989990 -843.913025 96.010002 ) (963.989990 -843.913025 96.010002 ) (963.989990 -842.913025 96.010002 ) 
4 97 99 (947.989990 -840 96.010002 ) (971.989990 -840 96.010002 ) (971.989990 -842.913025 96.010002 ) (947.989990 -842.913025 96.010002 ) 
4 97 103 (928 -843.913025 96.010002 ) (928 -840 96.010002 ) (947.989990 -840 96.010002 ) (947.989990 -843.913025 96.010002 ) 
4 97 98 (971.989990 -840 96.010002 ) (992 -840 96.010002 ) (992 -843.913025 96.010002 ) (971.989990 -843.913025 96.010002 ) 
4 98 105 (992 -843.913025 96.010002 ) (971.989990 -843.913025 96.010002 ) (971.989990 -843.913025 80.010002 ) (992 -843.913025 80.010002 ) 
4 98 104 (992 -843.913025 80.010002 ) (971.989990 -843.913025 80.010002 ) (971.989990 -840 80.010002 ) (992 -840 80.010002 ) 
4 98 100 (971.989990 -842.913025 80.010002 ) (971.989990 -843.913025 80.010002 ) (971.989990 -843.913025 96.010002 ) (971.989990 -842.913025 96.010002 ) 
4 98 99 (971.989990 -840 80.010002 ) (971.989990 -842.913025 80.010002 ) (971.989990 -842.913025 96.010002 ) (971.989990 -840 96.010002 ) 
4 99 104 (947.989990 -842.913025 80.010002 ) (947.989990 -840 80.010002 ) (971.989990 -840 80.010002 ) (971.989990 -842.913025 80.010002 ) 
4 99 102 (947.989990 -842.913025 96.010002 ) (947.989990 -842.913025 80.010002 ) (955.989990 -842.913025 80.010002 ) (955.989990 -842.913025 96.010002 ) 
4 99 101 (955.989990 -842.913025 80.010002 ) (963.989990 -842.913025 80.010002 ) (963.989990 -842.913025 96.010002 ) (955.989990 -842.913025 96.010002 ) 
4 99 100 (963.989990 -842.913025 80.010002 ) (971.989990 -842.913025 80.010002 ) (971.989990 -842.913025 96.010002 ) (963.989990 -842.913025 96.010002 ) 
4 99 103 (947.989990 -840 80.010002 ) (947.989990 -842.913025 80.010002 ) (947.989990 -842.913025 96.010002 ) (947.989990 -840 96.010002 ) 
4 100 105 (971.989990 -843.913025 96.010002 ) (963.989990 -843.913025 96.010002 ) (963.989990 -843.913025 80.010002 ) (971.989990 -843.913025 80.010002 ) 
4 100 104 (971.989990 -843.913025 80.010002 ) (963.989990 -843.913025 80.010002 ) (963.989990 -842.913025 80.010002 ) (971.989990 -842.913025 80.010002 ) 
4 100 101 (963.989990 -842.913025 96.010002 ) (963.989990 -842.913025 80.010002 ) (963.989990 -843.913025 80.010002 ) (963.989990 -843.913025 96.010002 ) 
4 101 105 (963.989990 -843.913025 96.010002 ) (955.989990 -843.913025 96.010002 ) (955.989990 -843.913025 80.010002 ) (963.989990 -843.913025 80.010002 ) 
4 101 104 (963.989990 -843.913025 80.010002 ) (955.989990 -843.913025 80.010002 ) (955.989990 -842.913025 80.010002 ) (963.989990 -842.913025 80.010002 ) 
4 101 102 (955.989990 -842.913025 96.010002 ) (955.989990 -842.913025 80.010002 ) (955.989990 -843.913025 80.010002 ) (955.989990 -843.913025 96.010002 ) 
4 102 105 (955.989990 -843.913025 96.010002 ) (947.989990 -843.913025 96.010002 ) (947.989990 -843.913025 80.010002 ) (955.989990 -843.913025 80.010002 ) 
4 102 104 (955.989990 -843.913025 80.010002 ) (947.989990 -843.913025 80.010002 ) (947.989990 -842.913025 80.010002 ) (955.989990 -842.913025 80.010002 ) 
4 102 103 (947.989990 -842.913025 80.010002 ) (947.989990 -843.913025 80.010002 ) (947.989990 -843.913025 96.010002 ) (947.989990 -842.913025 96.010002 ) 
4 103 105 (947.989990 -843.913025 96.010002 ) (928 -843.913025 96.010002 ) (928 -843.913025 80.010002 ) (947.989990 -843.913025 80.010002 ) 
4 103 104 (947.989990 -843.913025 80.010002 ) (928 -843.913025 80.010002 ) (928 -840 80.010002 ) (947.989990 -840 80.010002 ) 
4 104 105 (928 -843.913025 80.010002 ) (928 -843.913025 0 ) (992 -843.913025 0 ) (992 -843.913025 80.010002 ) 
4 106 157 (480 -1024 128 ) (256 -1024 128 ) (256 -1024 0 ) (480 -1024 0 ) 
4 106 107 (256 -840 112 ) (256 -840 0 ) (256 -864 0 ) (256 -864 112 ) 
4 108 126 (-64 -840 128 ) (-64 -872 128 ) (-128 -872 128 ) (-128 -840 128 ) 
4 108 124 (-128 -808 128 ) (-64 -808 128 ) (-64 -840 128 ) (-128 -840 128 ) 
4 109 126 (-192 -840 128 ) (-192 -872 128 ) (-256 -872 128 ) (-256 -840 128 ) 
4 109 124 (-256 -808 128 ) (-192 -808 128 ) (-192 -840 128 ) (-256 -840 128 ) 
4 110 135 (-128 -936 128 ) (-64 -936 128 ) (-64 -1000 128 ) (-128 -1000 128 ) 
4 111 122 (-384 -96 128 ) (-384 -32 128 ) (-320 -32 128 ) (-320 -96 128 ) 
4 112 122 (-384 -224 128 ) (-384 -160 128 ) (-320 -160 128 ) (-320 -224 128 ) 
4 113 122 (-384 -352 128 ) (-384 -288 128 ) (-320 -288 128 ) (-320 -352 128 ) 
4 114 122 (-384 -480 128 ) (-384 -416 128 ) (-320 -416 128 ) (-320 -480 128 ) 
4 115 122 (-384 -608 128 ) (-384 -544 128 ) (-320 -544 128 ) (-320 -608 128 ) 
4 116 122 (-384 -736 128 ) (-384 -672 128 ) (-320 -672 128 ) (-320 -736 128 ) 
4 117 126 (-384 -872 128 ) (-384 -840 128 ) (-320 -840 128 ) (-320 -872 128 ) 
4 117 124 (-384 -840 128 ) (-384 -808 128 ) (-320 -808 128 ) (-320 -840 128 ) 
4 118 119 (-287 -128 123 ) (-287 -128 0 ) (-287 -256 0 ) (-287 -256 123 ) 
4 119 122 (-288 -128 0 ) (-288 -256 0 ) (-288 -256 123 ) (-288 -128 123 ) 
4 120 121 (-287 -512 123 ) (-287 -512 0 ) (-287 -640 0 ) (-287 -640 123 ) 
4 121 122 (-288 -512 0 ) (-288 -640 0 ) (-288 -640 123 ) (-288 -512 123 ) 
4 122 152 (-416 -672 0 ) (-416 -736 0 ) (-416 -736 80.010002 ) (-416 -672 80.010002 ) 
4 122 147 (-416 -716.010010 96.010002 ) (-416 -692.010010 96.010002 ) (-416 -692.010010 80.010002 ) (-416 -716.010010 80.010002 ) 
4 122 151 (-416 -736 96.010002 ) (-416 -716.010010 96.010002 ) (-416 -716.010010 80.010002 ) (-416 -736 80.010002 ) 
4 122 146 (-416 -692.010010 96.010002 ) (-416 -672 96.010002 ) (-416 -672 80.010002 ) (-416 -692.010010 80.010002 ) 
4 122 145 (-416 -672 116 ) (-416 -672 96.010002 ) (-416 -736 96.010002 ) (-416 -736 116 ) 
4 122 143 (-416 -288 0 ) (-416 -352 0 ) (-416 -352 80.010002 ) (-416 -288 80.010002 ) 
4 122 138 (-416 -331.989990 96.010002 ) (-416 -307.989990 96.010002 ) (-416 -307.989990 80.010002 ) (-416 -331.989990 80.010002 ) 
4 122 142 (-416 -352 80.010002 ) (-416 -352 96.010002 ) (-416 -331.989990 96.010002 ) (-416 -331.989990 80.010002 ) 
4 122 137 (-416 -307.989990 96.010002 ) (-416 -288 96.010002 ) (-416 -288 80.010002 ) (-416 -307.989990 80.010002 ) 
4 122 136 (-416 -352 96.010002 ) (-416 -352 116 ) (-416 -288 116 ) (-416 -288 96.010002 ) 
4 122 123 (-384 -768 0 ) (-320 -768 0 ) (-320 -768 116 ) (-384 -768 116 ) 
4 123 124 (-384 -776 0 ) (-320 -776 0 ) (-320 -776 116 ) (-384 -776 116 ) 
4 124 128 (-416 -840 96.010002 ) (-416 -840 80.010002 ) (-32 -840 80.010002 ) (-32 -840 96.010002 ) 
4 124 134 (-416 -840 80.010002 ) (-416 -840 0 ) (-32 -840 0 ) (-32 -840 80.010002 ) 
4 124 126 (-416 -840 128 ) (-416 -840 96.010002 ) (-32 -840 96.010002 ) (-32 -840 128 ) 
4 125 130 (-28.176001 -867.950073 96.010002 ) (-28.176001 -875.950073 96.010002 ) (-29.176001 -875.950073 96.010002 ) (-29.176001 -867.950073 96.010002 ) 
4 125 129 (-28.176001 -859.950073 96.010002 ) (-28.176001 -867.950073 96.010002 ) (-29.176001 -867.950073 96.010002 ) (-29.176001 -859.950073 96.010002 ) 
4 125 131 (-28.176001 -875.950073 96.010002 ) (-28.176001 -883.950073 96.010002 ) (-29.176001 -883.950073 96.010002 ) (-29.176001 -875.950073 96.010002 ) 
4 125 132 (-29.176001 -883.950073 96.010002 ) (-32 -883.950073 96.010002 ) (-32 -859.950073 96.010002 ) (-29.176001 -859.950073 96.010002 ) 
4 125 133 (-28.176001 -883.950073 96.010002 ) (-28.176001 -904 96.010002 ) (-32 -904 96.010002 ) (-32 -883.950073 96.010002 ) 
4 125 128 (-32 -840 96.010002 ) (-28.176001 -840 96.010002 ) (-28.176001 -859.950073 96.010002 ) (-32 -859.950073 96.010002 ) 
4 125 127 (-28.176001 -840 96.010002 ) (-24 -840 96.010002 ) (-24 -904 96.010002 ) (-28.176001 -904 96.010002 ) 
4 125 126 (-32 -840 116 ) (-32 -840 96.010002 ) (-32 -904 96.010002 ) (-32 -904 116 ) 
4 126 135 (-160 -904 96.010002 ) (-32 -904 96.010002 ) (-32 -904 128 ) (-160 -904 128 ) 
4 126 132 (-32 -859.950073 96.010002 ) (-32 -883.950073 96.010002 ) (-416 -883.950073 96.010002 ) (-416 -859.950073 96.010002 ) 
4 126 133 (-32 -883.950073 96.010002 ) (-32 -904 96.010002 ) (-416 -904 96.010002 ) (-416 -883.950073 96.010002 ) 
4 126 128 (-416 -840 96.010002 ) (-32 -840 96.010002 ) (-32 -859.950073 96.010002 ) (-416 -859.950073 96.010002 ) 
4 127 130 (-28.176001 -875.950073 96.010002 ) (-28.176001 -867.950073 96.010002 ) (-28.176001 -867.950073 80.010002 ) (-28.176001 -875.950073 80.010002 ) 
4 127 129 (-28.176001 -867.950073 96.010002 ) (-28.176001 -859.950073 96.010002 ) (-28.176001 -859.950073 80.010002 ) (-28.176001 -867.950073 80.010002 ) 
4 127 131 (-28.176001 -883.950073 96.010002 ) (-28.176001 -875.950073 96.010002 ) (-28.176001 -875.950073 80.010002 ) (-28.176001 -883.950073 80.010002 ) 
4 127 133 (-28.176001 -904 80.010002 ) (-28.176001 -904 96.010002 ) (-28.176001 -883.950073 96.010002 ) (-28.176001 -883.950073 80.010002 ) 
4 127 128 (-28.176001 -859.950073 96.010002 ) (-28.176001 -840 96.010002 ) (-28.176001 -840 80.010002 ) (-28.176001 -859.950073 80.010002 ) 
4 127 134 (-28.176001 -904 0 ) (-28.176001 -904 80.010002 ) (-28.176001 -840 80.010002 ) (-28.176001 -840 0 ) 
4 128 129 (-29.176001 -859.950073 80.010002 ) (-28.176001 -859.950073 80.010002 ) (-28.176001 -859.950073 96.010002 ) (-29.176001 -859.950073 96.010002 ) 
4 128 132 (-416 -859.950073 80.010002 ) (-29.176001 -859.950073 80.010002 ) (-29.176001 -859.950073 96.010002 ) (-416 -859.950073 96.010002 ) 
4 128 134 (-416 -840 80.010002 ) (-28.176001 -840 80.010002 ) (-28.176001 -859.950073 80.010002 ) (-416 -859.950073 80.010002 ) 
4 129 134 (-28.176001 -859.950073 80.010002 ) (-28.176001 -867.950073 80.010002 ) (-29.176001 -867.950073 80.010002 ) (-29.176001 -859.950073 80.010002 ) 
4 129 132 (-29.176001 -859.950073 96.010002 ) (-29.176001 -859.950073 80.010002 ) (-29.176001 -867.950073 80.010002 ) (-29.176001 -867.950073 96.010002 ) 
4 129 130 (-29.176001 -867.950073 96.010002 ) (-29.176001 -867.950073 80.010002 ) (-28.176001 -867.950073 80.010002 ) (-28.176001 -867.950073 96.010002 ) 
4 130 131 (-29.176001 -875.950073 96.010002 ) (-29.176001 -875.950073 80.010002 ) (-28.176001 -875.950073 80.010002 ) (-28.176001 -875.950073 96.010002 ) 
4 130 134 (-28.176001 -867.950073 80.010002 ) (-28.176001 -875.950073 80.010002 ) (-29.176001 -875.950073 80.010002 ) (-29.176001 -867.950073 80.010002 ) 
4 130 132 (-29.176001 -867.950073 80.010002 ) (-29.176001 -875.950073 80.010002 ) (-29.176001 -875.950073 96.010002 ) (-29.176001 -867.950073 96.010002 ) 
4 131 132 (-29.176001 -875.950073 80.010002 ) (-29.176001 -883.950073 80.010002 ) (-29.176001 -883.950073 96.010002 ) (-29.176001 -875.950073 96.010002 ) 
4 131 134 (-28.176001 -875.950073 80.010002 ) (-28.176001 -883.950073 80.010002 ) (-29.176001 -883.950073 80.010002 ) (-29.176001 -875.950073 80.010002 ) 
4 131 133 (-29.176001 -883.950073 80.010002 ) (-28.176001 -883.950073 80.010002 ) (-28.176001 -883.950073 96.010002 ) (-29.176001 -883.950073 96.010002 ) 
4 132 133 (-416 -883.950073 80.010002 ) (-29.176001 -883.950073 80.010002 ) (-29.176001 -883.950073 96.010002 ) (-416 -883.950073 96.010002 ) 
4 132 134 (-29.176001 -883.950073 80.010002 ) (-416 -883.950073 80.010002 ) (-416 -859.950073 80.010002 ) (-29.176001 -859.950073 80.010002 ) 
4 133 135 (-160 -904 80.010002 ) (-32 -904 80.010002 ) (-32 -904 96.010002 ) (-160 -904 96.010002 ) 
4 133 134 (-28.176001 -883.950073 80.010002 ) (-28.176001 -904 80.010002 ) (-416 -904 80.010002 ) (-416 -883.950073 80.010002 ) 
4 134 135 (-160 -904 0 ) (-32 -904 0 ) (-32 -904 80.010002 ) (-160 -904 80.010002 ) 
4 135 179 (-60 -1024 128 ) (-160 -1024 128 ) (-160 -1024 0 ) (-60 -1024 0 ) 
4 135 174 (-32 -1024 80.010002 ) (-32 -1024 96.010002 ) (-40 -1024 96.010002 ) (-40 -1024 80.010002 ) 
4 135 176 (-40 -1024 0 ) (-32 -1024 0 ) (-32 -1024 80.010002 ) (-40 -1024 80.010002 ) 
4 135 177 (-60 -1024 96.010002 ) (-60 -1024 0 ) (-40 -1024 0 ) (-40 -1024 96.010002 ) 
4 135 172 (-32 -1024 128 ) (-60 -1024 128 ) (-60 -1024 96.010002 ) (-32 -1024 96.010002 ) 
4 136 144 (-419.913025 -352 96.010002 ) (-424 -352 96.010002 ) (-424 -288 96.010002 ) (-419.913025 -288 96.010002 ) 
4 136 140 (-419.913025 -323.989990 96.010002 ) (-419.913025 -315.989990 96.010002 ) (-418.913025 -315.989990 96.010002 ) (-418.913025 -323.989990 96.010002 ) 
4 136 139 (-419.913025 -315.989990 96.010002 ) (-419.913025 -307.989990 96.010002 ) (-418.913025 -307.989990 96.010002 ) (-418.913025 -315.989990 96.010002 ) 
4 136 141 (-419.913025 -331.989990 96.010002 ) (-419.913025 -323.989990 96.010002 ) (-418.913025 -323.989990 96.010002 ) (-418.913025 -331.989990 96.010002 ) 
4 136 138 (-418.913025 -307.989990 96.010002 ) (-416 -307.989990 96.010002 ) (-416 -331.989990 96.010002 ) (-418.913025 -331.989990 96.010002 ) 
4 136 142 (-416 -352 96.010002 ) (-419.913025 -352 96.010002 ) (-419.913025 -331.989990 96.010002 ) (-416 -331.989990 96.010002 ) 
4 136 137 (-419.913025 -307.989990 96.010002 ) (-419.913025 -288 96.010002 ) (-416 -288 96.010002 ) (-416 -307.989990 96.010002 ) 
4 137 144 (-419.913025 -307.989990 96.010002 ) (-419.913025 -288 96.010002 ) (-419.913025 -288 80.010002 ) (-419.913025 -307.989990 80.010002 ) 
4 137 143 (-419.913025 -307.989990 80.010002 ) (-419.913025 -288 80.010002 ) (-416 -288 80.010002 ) (-416 -307.989990 80.010002 ) 
4 137 139 (-419.913025 -307.989990 96.010002 ) (-419.913025 -307.989990 80.010002 ) (-418.913025 -307.989990 80.010002 ) (-418.913025 -307.989990 96.010002 ) 
4 137 138 (-418.913025 -307.989990 80.010002 ) (-416 -307.989990 80.010002 ) (-416 -307.989990 96.010002 ) (-418.913025 -307.989990 96.010002 ) 
4 138 143 (-418.913025 -307.989990 80.010002 ) (-416 -307.989990 80.010002 ) (-416 -331.989990 80.010002 ) (-418.913025 -331.989990 80.010002 ) 
4 138 140 (-418.913025 -315.989990 80.010002 ) (-418.913025 -323.989990 80.010002 ) (-418.913025 -323.989990 96.010002 ) (-418.913025 -315.989990 96.010002 ) 
4 138 139 (-418.913025 -307.989990 96.010002 ) (-418.913025 -307.989990 80.010002 ) (-418.913025 -315.989990 80.010002 ) (-418.913025 -315.989990 96.010002 ) 
4 138 141 (-418.913025 -323.989990 80.010002 ) (-418.913025 -331.989990 80.010002 ) (-418.913025 -331.989990 96.010002 ) (-418.913025 -323.989990 96.010002 ) 
4 138 142 (-418.913025 -331.989990 80.010002 ) (-416 -331.989990 80.010002 ) (-416 -331.989990 96.010002 ) (-418.913025 -331.989990 96.010002 ) 
4 139 144 (-419.913025 -315.989990 96.010002 ) (-419.913025 -307.989990 96.010002 ) (-419.913025 -307.989990 80.010002 ) (-419.913025 -315.989990 80.010002 ) 
4 139 143 (-419.913025 -315.989990 80.010002 ) (-419.913025 -307.989990 80.010002 ) (-418.913025 -307.989990 80.010002 ) (-418.913025 -315.989990 80.010002 ) 
4 139 140 (-419.913025 -315.989990 96.010002 ) (-419.913025 -315.989990 80.010002 ) (-418.913025 -315.989990 80.010002 ) (-418.913025 -315.989990 96.010002 ) 
4 140 144 (-419.913025 -323.989990 96.010002 ) (-419.913025 -315.989990 96.010002 ) (-419.913025 -315.989990 80.010002 ) (-419.913025 -323.989990 80.010002 ) 
4 140 143 (-419.913025 -323.989990 80.010002 ) (-419.913025 -315.989990 80.010002 ) (-418.913025 -315.989990 80.010002 ) (-418.913025 -323.989990 80.010002 ) 
4 140 141 (-419.913025 -323.989990 96.010002 ) (-419.913025 -323.989990 80.010002 ) (-418.913025 -323.989990 80.010002 ) (-418.913025 -323.989990 96.010002 ) 
4 141 144 (-419.913025 -331.989990 96.010002 ) (-419.913025 -323.989990 96.010002 ) (-419.913025 -323.989990 80.010002 ) (-419.913025 -331.989990 80.010002 ) 
4 141 143 (-419.913025 -331.989990 80.010002 ) (-419.913025 -323.989990 80.010002 ) (-418.913025 -323.989990 80.010002 ) (-418.913025 -331.989990 80.010002 ) 
4 141 142 (-419.913025 -331.989990 96.010002 ) (-419.913025 -331.989990 80.010002 ) (-418.913025 -331.989990 80.010002 ) (-418.913025 -331.989990 96.010002 ) 
4 142 144 (-419.913025 -352 80.010002 ) (-419.913025 -352 96.010002 ) (-419.913025 -331.989990 96.010002 ) (-419.913025 -331.989990 80.010002 ) 
4 142 143 (-416 -352 80.010002 ) (-419.913025 -352 80.010002 ) (-419.913025 -331.989990 80.010002 ) (-416 -331.989990 80.010002 ) 
4 143 144 (-419.913025 -288 0 ) (-419.913025 -352 0 ) (-419.913025 -352 80.010002 ) (-419.913025 -288 80.010002 ) 
4 145 153 (-424 -736 96.010002 ) (-424 -672 96.010002 ) (-419.845032 -672 96.010002 ) (-419.845032 -736 96.010002 ) 
4 145 149 (-419.845032 -708.010010 96.010002 ) (-419.845032 -700.010010 96.010002 ) (-418.845032 -700.010010 96.010002 ) (-418.845032 -708.010010 96.010002 ) 
4 145 148 (-419.845032 -700.010010 96.010002 ) (-419.845032 -692.010010 96.010002 ) (-418.845032 -692.010010 96.010002 ) (-418.845032 -700.010010 96.010002 ) 
4 145 150 (-418.845032 -716.010010 96.010002 ) (-419.845032 -716.010010 96.010002 ) (-419.845032 -708.010010 96.010002 ) (-418.845032 -708.010010 96.010002 ) 
4 145 147 (-416 -692.010010 96.010002 ) (-416 -716.010010 96.010002 ) (-418.845032 -716.010010 96.010002 ) (-418.845032 -692.010010 96.010002 ) 
4 145 151 (-416 -716.010010 96.010002 ) (-416 -736 96.010002 ) (-419.845032 -736 96.010002 ) (-419.845032 -716.010010 96.010002 ) 
4 145 146 (-419.845032 -672 96.010002 ) (-416 -672 96.010002 ) (-416 -692.010010 96.010002 ) (-419.845032 -692.010010 96.010002 ) 
4 146 153 (-419.845032 -692.010010 96.010002 ) (-419.845032 -672 96.010002 ) (-419.845032 -672 80.010002 ) (-419.845032 -692.010010 80.010002 ) 
4 146 152 (-419.845032 -692.010010 80.010002 ) (-419.845032 -672 80.010002 ) (-416 -672 80.010002 ) (-416 -692.010010 80.010002 ) 
4 146 148 (-419.845032 -692.010010 96.010002 ) (-419.845032 -692.010010 80.010002 ) (-418.845032 -692.010010 80.010002 ) (-418.845032 -692.010010 96.010002 ) 
4 146 147 (-418.845032 -692.010010 80.010002 ) (-416 -692.010010 80.010002 ) (-416 -692.010010 96.010002 ) (-418.845032 -692.010010 96.010002 ) 
4 147 152 (-418.845032 -692.010010 80.010002 ) (-416 -692.010010 80.010002 ) (-416 -716.010010 80.010002 ) (-418.845032 -716.010010 80.010002 ) 
4 147 149 (-418.845032 -700.010010 80.010002 ) (-418.845032 -708.010010 80.010002 ) (-418.845032 -708.010010 96.010002 ) (-418.845032 -700.010010 96.010002 ) 
4 147 148 (-418.845032 -692.010010 96.010002 ) (-418.845032 -692.010010 80.010002 ) (-418.845032 -700.010010 80.010002 ) (-418.845032 -700.010010 96.010002 ) 
4 147 150 (-418.845032 -708.010010 80.010002 ) (-418.845032 -716.010010 80.010002 ) (-418.845032 -716.010010 96.010002 ) (-418.845032 -708.010010 96.010002 ) 
4 147 151 (-418.845032 -716.010010 80.010002 ) (-416 -716.010010 80.010002 ) (-416 -716.010010 96.010002 ) (-418.845032 -716.010010 96.010002 ) 
4 148 153 (-419.845032 -700.010010 96.010002 ) (-419.845032 -692.010010 96.010002 ) (-419.845032 -692.010010 80.010002 ) (-419.845032 -700.010010 80.010002 ) 
4 148 152 (-419.845032 -700.010010 80.010002 ) (-419.845032 -692.010010 80.010002 ) (-418.845032 -692.010010 80.010002 ) (-418.845032 -700.010010 80.010002 ) 
4 148 149 (-419.845032 -700.010010 96.010002 ) (-419.845032 -700.010010 80.010002 ) (-418.845032 -700.010010 80.010002 ) (-418.845032 -700.010010 96.010002 ) 
4 149 153 (-419.845032 -708.010010 96.010002 ) (-419.845032 -700.010010 96.010002 ) (-419.845032 -700.010010 80.010002 ) (-419.845032 -708.010010 80.010002 ) 
4 149 152 (-419.845032 -708.010010 80.010002 ) (-419.845032 -700.010010 80.010002 ) (-418.845032 -700.010010 80.010002 ) (-418.845032 -708.010010 80.010002 ) 
4 149 150 (-419.845032 -708.010010 96.010002 ) (-419.845032 -708.010010 80.010002 ) (-418.845032 -708.010010 80.010002 ) (-418.845032 -708.010010 96.010002 ) 
4 150 153 (-419.845032 -716.010010 96.010002 ) (-419.845032 -708.010010 96.010002 ) (-419.845032 -708.010010 80.010002 ) (-419.845032 -716.010010 80.010002 ) 
4 150 152 (-419.845032 -716.010010 80.010002 ) (-419.845032 -708.010010 80.010002 ) (-418.845032 -708.010010 80.010002 ) (-418.845032 -716.010010 80.010002 ) 
4 150 151 (-419.845032 -716.010010 96.010002 ) (-419.845032 -716.010010 80.010002 ) (-418.845032 -716.010010 80.010002 ) (-418.845032 -716.010010 96.010002 ) 
4 151 153 (-419.845032 -736 96.010002 ) (-419.845032 -716.010010 96.010002 ) (-419.845032 -716.010010 80.010002 ) (-419.845032 -736 80.010002 ) 
4 151 152 (-419.845032 -736 80.010002 ) (-419.845032 -716.010010 80.010002 ) (-416 -716.010010 80.010002 ) (-416 -736 80.010002 ) 
4 152 153 (-419.845032 -672 80.010002 ) (-419.845032 -672 0 ) (-419.845032 -736 0 ) (-419.845032 -736 80.010002 ) 
4 154 158 (288 -1064 128 ) (352 -1064 128 ) (352 -1128 128 ) (288 -1128 128 ) 
4 155 158 (160 -1064 128 ) (224 -1064 128 ) (224 -1128 128 ) (160 -1128 128 ) 
4 156 160 (0 -1128 128 ) (0 -1064 128 ) (64 -1064 128 ) (64 -1128 128 ) 
4 157 158 (256 -1032 0 ) (384 -1032 0 ) (384 -1032 128 ) (256 -1032 128 ) 
4 158 161 (128 -1064 0 ) (128 -1128 0 ) (128 -1128 116 ) (128 -1064 116 ) 
4 159 167 (0 -1064 80.010002 ) (0 -1064 96.010002 ) (0 -1032 96.010002 ) (0 -1032 80.010002 ) 
4 159 171 (0 -1032 0 ) (0 -1064 0 ) (0 -1064 80.010002 ) (0 -1032 80.010002 ) 
4 159 165 (0 -1064 96.010002 ) (0 -1064 128 ) (0 -1032 128 ) (0 -1032 96.010002 ) 
4 159 160 (96 -1064 116 ) (96 -1064 128 ) (0 -1064 128 ) (0 -1064 116 ) 
4 159 161 (0 -1064 0 ) (96 -1064 0 ) (96 -1064 116 ) (0 -1064 116 ) 
4 160 165 (0 -1128 116 ) (0 -1128 128 ) (0 -1064 128 ) (0 -1064 116 ) 
4 160 162 (96 -1128 128 ) (0 -1128 128 ) (0 -1128 116 ) (96 -1128 116 ) 
4 160 161 (96 -1128 116 ) (0 -1128 116 ) (0 -1064 116 ) (96 -1064 116 ) 
4 161 167 (0 -1128 80.010002 ) (0 -1128 96.010002 ) (0 -1064 96.010002 ) (0 -1064 80.010002 ) 
4 161 171 (0 -1064 0 ) (0 -1128 0 ) (0 -1128 80.010002 ) (0 -1064 80.010002 ) 
4 161 165 (0 -1128 96.010002 ) (0 -1128 116 ) (0 -1064 116 ) (0 -1064 96.010002 ) 
4 161 162 (0 -1128 0 ) (96 -1128 0 ) (96 -1128 116 ) (0 -1128 116 ) 
4 162 167 (0 -1160 80.010002 ) (0 -1160 96.010002 ) (0 -1128 96.010002 ) (0 -1128 80.010002 ) 
4 162 171 (0 -1128 0 ) (0 -1160 0 ) (0 -1160 80.010002 ) (0 -1128 80.010002 ) 
4 162 165 (0 -1160 96.010002 ) (0 -1160 128 ) (0 -1128 128 ) (0 -1128 96.010002 ) 
4 162 163 (0 -1160 0 ) (4 -1160 0 ) (4 -1160 116 ) (0 -1160 116 ) 
4 163 178 (0 -1163.469971 0 ) (0 -1168 0 ) (0 -1168 116 ) (0 -1163.469971 116 ) 
4 163 167 (0 -1163.469971 80.010002 ) (0 -1163.469971 96.010002 ) (0 -1160 96.010002 ) (0 -1160 80.010002 ) 
4 163 171 (0 -1160 0 ) (0 -1163.469971 0 ) (0 -1163.469971 80.010002 ) (0 -1160 80.010002 ) 
4 163 166 (0 -1163.469971 96.010002 ) (0 -1163.469971 116 ) (0 -1160 116 ) (0 -1160 96.010002 ) 
4 164 179 (-128 -1064 128 ) (-64 -1064 128 ) (-64 -1128 128 ) (-128 -1128 128 ) 
4 165 172 (-32 -1160 128 ) (-32 -1032 128 ) (-32 -1032 96.010002 ) (-32 -1160 96.010002 ) 
4 165 168 (-32 -1160 96.010002 ) (-32 -1032 96.010002 ) (-16 -1032 96.010002 ) (-16 -1160 96.010002 ) 
4 165 167 (-16 -1032 96.010002 ) (0 -1032 96.010002 ) (0 -1160 96.010002 ) (-16 -1160 96.010002 ) 
4 165 166 (-32 -1160 116 ) (-32 -1160 96.010002 ) (0 -1160 96.010002 ) (0 -1160 116 ) 
4 166 178 (0 -1163.469971 96.010002 ) (0 -1163.469971 116 ) (-32 -1163.469971 116 ) (-32 -1163.469971 96.010002 ) 
4 166 173 (-32 -1163.469971 96.010002 ) (-32 -1163.469971 116 ) (-32 -1160 116 ) (-32 -1160 96.010002 ) 
4 166 170 (-24 -1163.469971 96.010002 ) (-32 -1163.469971 96.010002 ) (-32 -1162.469971 96.010002 ) (-24 -1162.469971 96.010002 ) 
4 166 169 (-16 -1163.469971 96.010002 ) (-24 -1163.469971 96.010002 ) (-24 -1162.469971 96.010002 ) (-16 -1162.469971 96.010002 ) 
4 166 168 (-32 -1162.469971 96.010002 ) (-32 -1160 96.010002 ) (-16 -1160 96.010002 ) (-16 -1162.469971 96.010002 ) 
4 166 167 (0 -1163.469971 96.010002 ) (-16 -1163.469971 96.010002 ) (-16 -1160 96.010002 ) (0 -1160 96.010002 ) 
4 167 178 (0 -1163.469971 80.010002 ) (0 -1163.469971 96.010002 ) (-16 -1163.469971 96.010002 ) (-16 -1163.469971 80.010002 ) 
4 167 169 (-16 -1162.469971 80.010002 ) (-16 -1163.469971 80.010002 ) (-16 -1163.469971 96.010002 ) (-16 -1162.469971 96.010002 ) 
4 167 168 (-16 -1032 96.010002 ) (-16 -1032 80.010002 ) (-16 -1162.469971 80.010002 ) (-16 -1162.469971 96.010002 ) 
4 167 171 (0 -1163.469971 80.010002 ) (-16 -1163.469971 80.010002 ) (-16 -1032 80.010002 ) (0 -1032 80.010002 ) 
4 168 174 (-32 -1162.469971 96.010002 ) (-32 -1032 96.010002 ) (-32 -1032 80.010002 ) (-32 -1162.469971 80.010002 ) 
4 168 170 (-32 -1162.469971 80.010002 ) (-24 -1162.469971 80.010002 ) (-24 -1162.469971 96.010002 ) (-32 -1162.469971 96.010002 ) 
4 168 169 (-24 -1162.469971 80.010002 ) (-16 -1162.469971 80.010002 ) (-16 -1162.469971 96.010002 ) (-24 -1162.469971 96.010002 ) 
4 168 171 (-32 -1162.469971 80.010002 ) (-32 -1032 80.010002 ) (-16 -1032 80.010002 ) (-16 -1162.469971 80.010002 ) 
4 169 178 (-16 -1163.469971 96.010002 ) (-24 -1163.469971 96.010002 ) (-24 -1163.469971 80.010002 ) (-16 -1163.469971 80.010002 ) 
4 169 171 (-16 -1163.469971 80.010002 ) (-24 -1163.469971 80.010002 ) (-24 -1162.469971 80.010002 ) (-16 -1162.469971 80.010002 ) 
4 169 170 (-24 -1162.469971 96.010002 ) (-24 -1162.469971 80.010002 ) (-24 -1163.469971 80.010002 ) (-24 -1163.469971 96.010002 ) 
4 170 178 (-24 -1163.469971 96.010002 ) (-32 -1163.469971 96.010002 ) (-32 -1163.469971 80.010002 ) (-24 -1163.469971 80.010002 ) 
4 170 175 (-32 -1163.469971 80.010002 ) (-32 -1163.469971 96.010002 ) (-32 -1162.469971 96.010002 ) (-32 -1162.469971 80.010002 ) 
4 170 171 (-24 -1163.469971 80.010002 ) (-32 -1163.469971 80.010002 ) (-32 -1162.469971 80.010002 ) (-24 -1162.469971 80.010002 ) 
4 171 178 (-32 -1163.469971 0 ) (0 -1163.469971 0 ) (0 -1163.469971 80.010002 ) (-32 -1163.469971 80.010002 ) 
4 171 176 (-32 -1032 0 ) (-32 -1163.469971 0 ) (-32 -1163.469971 80.010002 ) (-32 -1032 80.010002 ) 
4 172 179 (-60 -1160 128 ) (-60 -1024 128 ) (-60 -1024 96.010002 ) (-60 -1160 96.010002 ) 
4 172 174 (-32 -1024 96.010002 ) (-32 -1160 96.010002 ) (-40 -1160 96.010002 ) (-40 -1024 96.010002 ) 
4 172 177 (-40 -1160 96.010002 ) (-60 -1160 96.010002 ) (-60 -1024 96.010002 ) (-40 -1024 96.010002 ) 
4 172 173 (-60 -1160 116 ) (-60 -1160 96.010002 ) (-32 -1160 96.010002 ) (-32 -1160 116 ) 
4 173 178 (-60 -1163.469971 116 ) (-60 -1163.469971 96.010002 ) (-32 -1163.469971 96.010002 ) (-32 -1163.469971 116 ) 
4 173 175 (-32 -1162.469971 96.010002 ) (-32 -1163.469971 96.010002 ) (-40 -1163.469971 96.010002 ) (-40 -1162.469971 96.010002 ) 
4 173 174 (-32 -1160 96.010002 ) (-32 -1162.469971 96.010002 ) (-40 -1162.469971 96.010002 ) (-40 -1160 96.010002 ) 
4 173 177 (-40 -1163.469971 96.010002 ) (-60 -1163.469971 96.010002 ) (-60 -1160 96.010002 ) (-40 -1160 96.010002 ) 
4 174 176 (-40 -1162.469971 80.010002 ) (-40 -1024 80.010002 ) (-32 -1024 80.010002 ) (-32 -1162.469971 80.010002 ) 
4 174 177 (-40 -1162.469971 96.010002 ) (-40 -1024 96.010002 ) (-40 -1024 80.010002 ) (-40 -1162.469971 80.010002 ) 
4 174 175 (-40 -1162.469971 96.010002 ) (-40 -1162.469971 80.010002 ) (-32 -1162.469971 80.010002 ) (-32 -1162.469971 96.010002 ) 
4 175 178 (-32 -1163.469971 80.010002 ) (-32 -1163.469971 96.010002 ) (-40 -1163.469971 96.010002 ) (-40 -1163.469971 80.010002 ) 
4 175 176 (-40 -1163.469971 80.010002 ) (-40 -1162.469971 80.010002 ) (-32 -1162.469971 80.010002 ) (-32 -1163.469971 80.010002 ) 
4 175 177 (-40 -1163.469971 80.010002 ) (-40 -1163.469971 96.010002 ) (-40 -1162.469971 96.010002 ) (-40 -1162.469971 80.010002 ) 
4 176 178 (-40 -1163.469971 0 ) (-32 -1163.469971 0 ) (-32 -1163.469971 80.010002 ) (-40 -1163.469971 80.010002 ) 
4 176 177 (-40 -1024 0 ) (-40 -1163.469971 0 ) (-40 -1163.469971 80.010002 ) (-40 -1024 80.010002 ) 
4 177 179 (-60 -1024 0 ) (-60 -1160 0 ) (-60 -1160 96.010002 ) (-60 -1024 96.010002 ) 
4 177 178 (-60 -1163.469971 96.010002 ) (-60 -1163.469971 0 ) (-40 -1163.469971 0 ) (-40 -1163.469971 96.010002 ) 
4 179 180 (-160 -1032 116 ) (-160 -1032 0 ) (-160 -1096 0 ) (-160 -1096 116 ) 
