PRT1
33
80
4 1 5 (1024 2048 1024 ) (1024 2048 0 ) (1024 1024 0 ) (1024 1024 1024 ) 
4 1 2 (2048 1024 0 ) (2048 1024 1024 ) (1024 1024 1024 ) (1024 1024 0 ) 
4 2 7 (1024 0 0 ) (1024 0 1024 ) (1024 1024 1024 ) (1024 1024 0 ) 
4 2 3 (1024 0 1024 ) (1024 0 0 ) (2048 0 0 ) (2048 0 1024 ) 
4 3 9 (1024 -1024 0 ) (1024 -1024 1024 ) (1024 0 1024 ) (1024 0 0 ) 
4 3 4 (2048 -1024 0 ) (2048 -1024 1024 ) (1024 -1024 1024 ) (1024 -1024 0 ) 
4 4 14 (1024 -2048 0 ) (1024 -2048 1024 ) (1024 -1024 1024 ) (1024 -1024 0 ) 
4 5 7 (1024 1024 0 ) (1024 1024 1024 ) (0 1024 1024 ) (0 1024 0 ) 
4 5 6 (0 2048 1024 ) (0 2048 0 ) (0 1024 0 ) (0 1024 1024 ) 
4 6 11 (-1024 2048 1024 ) (-1024 2048 0 ) (-1024 1024 0 ) (-1024 1024 1024 ) 
4 6 8 (0 1024 0 ) (0 1024 1024 ) (-1024 1024 1024 ) (-1024 1024 0 ) 
4 7 9 (1024 0 0 ) (1024 0 1024 ) (0 0 1024 ) (0 0 0 ) 
4 7 8 (0 0 0 ) (0 0 1024 ) (0 1024 1024 ) (0 1024 0 ) 
4 8 12 (-1024 0 0 ) (-1024 0 1024 ) (-1024 1024 1024 ) (-1024 1024 0 ) 
4 8 10 (-1024 0 1024 ) (-1024 0 0 ) (0 0 0 ) (0 0 1024 ) 
4 9 14 (1024 -1024 0 ) (1024 -1024 1024 ) (0 -1024 1024 ) (0 -1024 0 ) 
4 9 10 (0 0 1024 ) (0 0 0 ) (0 -1024 0 ) (0 -1024 1024 ) 
4 10 18 (0 -1024 0 ) (0 -1024 256 ) (-1024 -1024 256 ) (-1024 -1024 0 ) 
4 10 16 (-768 -1024 1024 ) (-1024 -1024 1024 ) (-1024 -1024 256 ) (-768 -1024 256 ) 
4 10 15 (0 -1024 256 ) (0 -1024 1024 ) (-768 -1024 1024 ) (-768 -1024 256 ) 
4 10 13 (-1024 -1024 0 ) (-1024 -1024 1024 ) (-1024 0 1024 ) (-1024 0 0 ) 
4 11 12 (-1024 1024 0 ) (-1024 1024 1024 ) (-2048 1024 1024 ) (-2048 1024 0 ) 
4 12 13 (-1024 0 0 ) (-1024 0 1024 ) (-2048 0 1024 ) (-2048 0 0 ) 
4 13 30 (-1024 -1024 0 ) (-1024 -1024 256 ) (-2048 -1024 256 ) (-2048 -1024 0 ) 
4 13 26 (-1024 -1024 256 ) (-1024 -1024 512 ) (-2048 -1024 512 ) (-2048 -1024 256 ) 
4 13 24 (-1024 -1024 512 ) (-1024 -1024 1024 ) (-2048 -1024 1024 ) (-2048 -1024 512 ) 
4 14 23 (0 -1728 0 ) (0 -2048 0 ) (0 -2048 256 ) (0 -1728 256 ) 
4 14 19 (0 -1536 0 ) (0 -1728 0 ) (0 -1728 256 ) (0 -1536 256 ) 
4 14 18 (0 -1024 256 ) (0 -1024 0 ) (0 -1536 0 ) (0 -1536 256 ) 
4 14 15 (0 -1024 1024 ) (0 -1024 256 ) (0 -2048 256 ) (0 -2048 1024 ) 
4 15 23 (0 -1728 256 ) (0 -2048 256 ) (-768 -2048 256 ) (-768 -1728 256 ) 
4 15 19 (0 -1536 256 ) (0 -1728 256 ) (-768 -1728 256 ) (-768 -1536 256 ) 
4 15 18 (-768 -1024 256 ) (0 -1024 256 ) (0 -1536 256 ) (-768 -1536 256 ) 
5 15 17 (-768 -1600 256 ) (-768 -2048 256 ) (-768 -2048 1024 ) (-768 -1536 1024 ) (-768 -1536 320 ) 
4 15 16 (-768 -1024 256 ) (-768 -1536 256 ) (-768 -1536 1024 ) (-768 -1024 1024 ) 
4 16 26 (-1024 -1024 512 ) (-1024 -1024 256 ) (-1024 -1536 256 ) (-1024 -1536 512 ) 
4 16 24 (-1024 -1024 1024 ) (-1024 -1024 512 ) (-1024 -1536 512 ) (-1024 -1536 1024 ) 
4 16 18 (-1024 -1024 256 ) (-768 -1024 256 ) (-768 -1536 256 ) (-1024 -1536 256 ) 
4 16 17 (-768 -1536 320 ) (-768 -1536 1024 ) (-1024 -1536 1024 ) (-1024 -1536 320 ) 
4 17 28 (-1024 -1794.659180 256 ) (-1024 -1868.554565 256 ) (-1024 -1868.554565 512 ) (-1024 -1794.659180 512 ) 
5 17 26 (-1024 -1600 256 ) (-1024 -1794.659180 256 ) (-1024 -1794.659180 512 ) (-1024 -1536 512 ) (-1024 -1536 320 ) 
4 17 25 (-1024 -1868.554565 256 ) (-1024 -2048 256 ) (-1024 -2048 512 ) (-1024 -1868.554565 512 ) 
4 17 24 (-1024 -2048 512 ) (-1024 -2048 1024 ) (-1024 -1536 1024 ) (-1024 -1536 512 ) 
4 17 23 (-768 -1728 256 ) (-768 -2048 256 ) (-1024 -2048 256 ) (-1024 -1728 256 ) 
4 17 22 (-960 -1728 256 ) (-1024 -1728 256 ) (-1024 -1600 256 ) (-960 -1600 256 ) 
4 17 21 (-832 -1728 256 ) (-960 -1728 256 ) (-960 -1642.670044 256 ) (-832 -1642.670044 256 ) 
4 17 20 (-768 -1600 256 ) (-768 -1728 256 ) (-832 -1728 256 ) (-832 -1600 256 ) 
4 18 30 (-1024 -1024 256 ) (-1024 -1024 0 ) (-1024 -1536 0 ) (-1024 -1536 256 ) 
4 18 19 (0 -1536 0 ) (0 -1536 256 ) (-768 -1536 256 ) (-768 -1536 0 ) 
4 19 23 (0 -1728 256 ) (-768 -1728 256 ) (-768 -1728 0 ) (0 -1728 0 ) 
3 19 20 (-768 -1728 128 ) (-768 -1728 256 ) (-768 -1600 256 ) 
4 20 23 (-768 -1728 256 ) (-832 -1728 256 ) (-832 -1728 128 ) (-768 -1728 128 ) 
3 20 21 (-832 -1728 128 ) (-832 -1728 256 ) (-832 -1642.670044 256 ) 
4 21 23 (-832 -1728 256 ) (-960 -1728 256 ) (-960 -1728 128 ) (-832 -1728 128 ) 
3 21 22 (-960 -1728 128 ) (-960 -1728 256 ) (-960 -1642.669922 256 ) 
4 22 32 (-1024 -1728 128 ) (-1024 -1728 256 ) (-1024 -1683.805786 256 ) (-1024 -1683.805786 172.194199 ) 
3 22 30 (-1024 -1683.805786 256 ) (-1024 -1600 256 ) (-1024 -1683.805786 172.194199 ) 
4 22 23 (-960 -1728 256 ) (-1024 -1728 256 ) (-1024 -1728 128 ) (-960 -1728 128 ) 
4 23 32 (-1024 -1979.407837 256 ) (-1024 -1728 256 ) (-1024 -1728 0 ) (-1024 -1979.407837 0 ) 
4 23 29 (-1024 -2048 0 ) (-1024 -2048 256 ) (-1024 -1979.407837 256 ) (-1024 -1979.407837 0 ) 
4 24 28 (-1409.149902 -1572.290039 512 ) (-1024 -1794.658936 512 ) (-1024 -1868.554688 512 ) (-1441.150146 -1627.710205 512 ) 
4 24 27 (-2048 -1277.341064 512 ) (-2048 -1203.445679 512 ) (-1630.849854 -1444.290039 512 ) (-1662.849976 -1499.710205 512 ) 
4 24 26 (-2048 -1203.445679 512 ) (-2048 -1024 512 ) (-1024 -1024 512 ) (-1024 -1794.658936 512 ) 
4 24 25 (-2048 -2048 512 ) (-2048 -1277.341064 512 ) (-1024 -1868.554688 512 ) (-1024 -2048 512 ) 
4 25 32 (-1441.148926 -1627.710693 256 ) (-1024 -1868.554688 256 ) (-1024 -1979.407837 256 ) (-1489.150146 -1710.850220 256 ) 
4 25 31 (-2048 -1388.194336 256 ) (-2048 -1277.341064 256 ) (-1662.848877 -1499.710693 256 ) (-1710.850098 -1582.850220 256 ) 
4 25 29 (-1024 -2048 256 ) (-2048 -2048 256 ) (-2048 -1388.194336 256 ) (-1024 -1979.407837 256 ) 
4 25 28 (-1024 -1868.557007 256 ) (-1441.151123 -1627.711914 256 ) (-1441.149170 -1627.708374 512 ) (-1024 -1868.552734 512 ) 
4 25 27 (-1662.851074 -1499.711914 256 ) (-2048 -1277.343506 256 ) (-2048 -1277.338257 512 ) (-1662.848877 -1499.708252 512 ) 
4 26 32 (-1361.149902 -1489.149902 256 ) (-1024 -1683.805664 256 ) (-1024 -1794.658936 256 ) (-1409.151123 -1572.289307 256 ) 
4 26 31 (-2048 -1203.445679 256 ) (-2048 -1092.592407 256 ) (-1582.849854 -1361.149902 256 ) (-1630.851074 -1444.289429 256 ) 
4 26 30 (-2048 -1092.592407 256 ) (-2048 -1024 256 ) (-1024 -1024 256 ) (-1024 -1683.805664 256 ) 
4 26 28 (-1409.149048 -1572.288452 256 ) (-1024 -1794.656860 256 ) (-1024 -1794.658203 512 ) (-1409.149658 -1572.289551 512 ) 
4 26 27 (-2048 -1203.443359 256 ) (-1630.848999 -1444.288452 256 ) (-1630.849731 -1444.289673 512 ) (-2048 -1203.445312 512 ) 
4 27 31 (-2048 -1277.341064 256 ) (-2048 -1203.445679 256 ) (-1630.849854 -1444.290039 256 ) (-1662.849976 -1499.710205 256 ) 
4 28 32 (-1409.149902 -1572.290039 256 ) (-1024 -1794.658936 256 ) (-1024 -1868.554688 256 ) (-1441.150146 -1627.710205 256 ) 
4 29 32 (-1024 -1979.407227 0 ) (-1489.149902 -1710.849854 0 ) (-1489.150391 -1710.850464 256 ) (-1024 -1979.408203 256 ) 
4 29 31 (-1710.849854 -1582.849854 0 ) (-2048 -1388.193848 0 ) (-2048 -1388.194824 256 ) (-1710.850342 -1582.850464 256 ) 
4 30 32 (-1361.148926 -1489.148071 0 ) (-1024 -1683.803345 0 ) (-1024 -1683.808594 256 ) (-1361.151001 -1489.151733 256 ) 
4 30 31 (-2048 -1092.589844 0 ) (-1582.848877 -1361.148071 0 ) (-1582.850830 -1361.151489 256 ) (-2048 -1092.593750 256 ) 
