PRT1
45
66
4 0 9 (0 736 136 ) (0 800 136 ) (0 800 128 ) (0 736 128 ) 
4 0 7 (0 736 128 ) (0 800 128 ) (32 800 128 ) (32 736 128 ) 
4 1 10 (0 608 136 ) (0 672 136 ) (0 672 128 ) (0 608 128 ) 
4 1 8 (0 608 128 ) (0 672 128 ) (32 672 128 ) (32 608 128 ) 
4 2 11 (0 480 136 ) (0 544 136 ) (0 544 128 ) (0 480 128 ) 
4 2 8 (0 480 128 ) (0 544 128 ) (32 544 128 ) (32 480 128 ) 
4 3 12 (0 352 136 ) (0 416 136 ) (0 416 128 ) (0 352 128 ) 
4 3 8 (0 352 128 ) (0 416 128 ) (32 416 128 ) (32 352 128 ) 
4 4 13 (0 224 136 ) (0 288 136 ) (0 288 128 ) (0 224 128 ) 
4 4 8 (0 224 128 ) (0 288 128 ) (32 288 128 ) (32 224 128 ) 
4 5 14 (0 96 136 ) (0 160 136 ) (0 160 128 ) (0 96 128 ) 
4 5 8 (0 96 128 ) (0 160 128 ) (32 160 128 ) (32 96 128 ) 
4 6 30 (32 0 136 ) (0 0 136 ) (0 0 128 ) (32 0 128 ) 
4 6 15 (0 0 128 ) (0 0 136 ) (0 32 136 ) (0 32 128 ) 
4 6 8 (32 0 128 ) (0 0 128 ) (0 32 128 ) (32 32 128 ) 
4 7 26 (0 704 128 ) (0 768 128 ) (0 768 0 ) (0 704 0 ) 
4 7 25 (0 768 128 ) (0 865.653870 128 ) (0 865.653870 0 ) (0 768 0 ) 
4 7 8 (0 704 0 ) (63.750000 704 0 ) (63.750000 704 128 ) (0 704 128 ) 
4 8 32 (32 0 128 ) (0 0 128 ) (0 0 0 ) (32 0 0 ) 
4 8 31 (64 0 128 ) (32 0 128 ) (32 0 0 ) (64 0 0 ) 
4 8 28 (0 0 0 ) (0 0 128 ) (0 704 128 ) (0 704 0 ) 
4 9 26 (0 768 128 ) (0 736 128 ) (-32 736 128 ) (-32 768 128 ) 
4 9 25 (0 800 128 ) (0 768 128 ) (-32 768 128 ) (-32 800 128 ) 
4 10 28 (0 672 128 ) (0 608 128 ) (-32 608 128 ) (-32 672 128 ) 
4 11 28 (0 544 128 ) (0 480 128 ) (-32 480 128 ) (-32 544 128 ) 
4 12 28 (0 416 128 ) (0 352 128 ) (-32 352 128 ) (-32 416 128 ) 
4 13 28 (0 288 128 ) (0 224 128 ) (-32 224 128 ) (-32 288 128 ) 
4 14 28 (0 160 128 ) (0 96 128 ) (-32 96 128 ) (-32 160 128 ) 
4 15 35 (0 0 128 ) (0 0 136 ) (-32 0 136 ) (-32 0 128 ) 
4 15 28 (0 32 128 ) (0 0 128 ) (-32 0 128 ) (-32 32 128 ) 
4 16 25 (-96 864 128 ) (-96 800 128 ) (-160 800 128 ) (-160 864 128 ) 
4 17 25 (-224 864 128 ) (-224 800 128 ) (-288 800 128 ) (-288 864 128 ) 
4 18 27 (-352 800 128 ) (-352 736 128 ) (-416 736 128 ) (-416 800 128 ) 
4 19 29 (-352 672 128 ) (-352 608 128 ) (-416 608 128 ) (-416 672 128 ) 
4 20 29 (-352 544 128 ) (-352 480 128 ) (-416 480 128 ) (-416 544 128 ) 
4 21 29 (-352 416 128 ) (-352 352 128 ) (-416 352 128 ) (-416 416 128 ) 
4 22 29 (-352 288 128 ) (-352 224 128 ) (-416 224 128 ) (-416 288 128 ) 
4 23 29 (-352 160 128 ) (-352 96 128 ) (-416 96 128 ) (-416 160 128 ) 
4 24 36 (-352 0 136 ) (-416 0 136 ) (-416 0 128 ) (-352 0 128 ) 
4 24 29 (-352 32 128 ) (-352 0 128 ) (-416 0 128 ) (-416 32 128 ) 
4 25 27 (-320 917.423767 0 ) (-320 768 0 ) (-320 768 128 ) (-320 917.423767 128 ) 
4 25 26 (-64 768 0 ) (0 768 0 ) (0 768 128 ) (-64 768 128 ) 
4 26 28 (-64 704 0 ) (0 704 0 ) (0 704 128 ) (-64 704 128 ) 
4 27 29 (-447.749969 704 0 ) (-320 704 0 ) (-320 704 128 ) (-447.749969 704 128 ) 
4 28 39 (-32 0 128 ) (-64 0 128 ) (-64 0 0 ) (-32 0 0 ) 
4 28 37 (0 0 0 ) (0 0 128 ) (-32 0 128 ) (-32 0 0 ) 
4 29 43 (-416 0 128 ) (-448 0 128 ) (-448 0 0 ) (-416 0 0 ) 
4 29 41 (-352 0 128 ) (-416 0 128 ) (-416 0 0 ) (-352 0 0 ) 
4 29 40 (-320 0 128 ) (-352 0 128 ) (-352 0 0 ) (-320 0 0 ) 
4 30 35 (0 0 136 ) (0 0 128 ) (0 -32 128 ) (0 -32 136 ) 
4 30 32 (0 -32 128 ) (0 0 128 ) (32 0 128 ) (32 -32 128 ) 
4 31 32 (32 0 0 ) (32 -56 0 ) (32 -56 128 ) (32 0 128 ) 
4 32 37 (0 0 128 ) (0 0 0 ) (0 -56 0 ) (0 -56 128 ) 
4 32 33 (0 -56 0 ) (32 -56 0 ) (32 -56 116 ) (0 -56 116 ) 
4 33 38 (0 -56 0 ) (0 -64 0 ) (0 -64 116 ) (0 -56 116 ) 
4 33 34 (0 -64 116 ) (0 -64 0 ) (32 -64 0 ) (32 -64 116 ) 
4 34 44 (0 -192 0 ) (0 -192 128 ) (0 -64 128 ) (0 -64 0 ) 
4 35 37 (-32 -32 128 ) (-32 0 128 ) (0 0 128 ) (0 -32 128 ) 
4 36 41 (-416 -32 128 ) (-416 0 128 ) (-352 0 128 ) (-352 -32 128 ) 
4 37 39 (-32 0 0 ) (-32 -56 0 ) (-32 -56 128 ) (-32 0 128 ) 
4 37 38 (-32 -56 116 ) (-32 -56 0 ) (0 -56 0 ) (0 -56 116 ) 
4 38 44 (0 -64 0 ) (0 -64 116 ) (-32 -64 116 ) (-32 -64 0 ) 
4 40 41 (-352 0 0 ) (-352 -56 0 ) (-352 -56 128 ) (-352 0 128 ) 
4 41 43 (-416 0 0 ) (-416 -56 0 ) (-416 -56 128 ) (-416 0 128 ) 
4 41 42 (-416 -56 116 ) (-416 -56 0 ) (-352 -56 0 ) (-352 -56 116 ) 
4 42 44 (-416 -64 116 ) (-416 -64 0 ) (-352 -64 0 ) (-352 -64 116 ) 
