PRT1
161
426
4 1 52 (1024 0 960 ) (1024 0 -64 ) (1216 0 -64 ) (1216 0 960 ) 
4 1 32 (1024 0 -64 ) (1024 0 0 ) (1024 128 0 ) (1024 128 -64 ) 
4 1 29 (1024 0 0 ) (1024 0 192 ) (1024 112 192 ) (1024 112 0 ) 
4 1 28 (1024 112 192 ) (1024 128 192 ) (1024 128 0 ) (1024 112 0 ) 
4 1 26 (1024 0 192 ) (1024 0 256 ) (1024 128 256 ) (1024 128 192 ) 
4 1 18 (1024 0 256 ) (1024 0 448 ) (1024 112 448 ) (1024 112 256 ) 
4 1 17 (1024 112 448 ) (1024 128 448 ) (1024 128 256 ) (1024 112 256 ) 
4 1 16 (1024 0 448 ) (1024 0 512 ) (1024 128 512 ) (1024 128 448 ) 
4 1 11 (1024 0 512 ) (1024 0 704 ) (1024 64 704 ) (1024 64 512 ) 
4 1 9 (1024 64 704 ) (1024 112 704 ) (1024 112 512 ) (1024 64 512 ) 
4 1 8 (1024 112 704 ) (1024 128 704 ) (1024 128 512 ) (1024 112 512 ) 
4 1 6 (1024 0 704 ) (1024 0 960 ) (1024 128 960 ) (1024 128 704 ) 
4 1 3 (1024 128 960 ) (1024 416 960 ) (1024 416 -64 ) (1024 128 -64 ) 
4 1 2 (1024 416 960 ) (1024 448 960 ) (1024 448 -64 ) (1024 416 -64 ) 
4 2 33 (0 416 960 ) (0 448 960 ) (0 448 -64 ) (0 416 -64 ) 
4 2 4 (576 416 768 ) (576 416 960 ) (0 416 960 ) (0 416 768 ) 
4 2 5 (0 416 -64 ) (576 416 -64 ) (576 416 704 ) (0 416 704 ) 
4 2 3 (576 416 -64 ) (1024 416 -64 ) (1024 416 960 ) (576 416 960 ) 
4 3 32 (576 128 -64 ) (1024 128 -64 ) (1024 128 0 ) (576 128 0 ) 
4 3 28 (1024 128 0 ) (1024 128 192 ) (576 128 192 ) (576 128 0 ) 
4 3 26 (1024 128 192 ) (1024 128 256 ) (576 128 256 ) (576 128 192 ) 
4 3 17 (1024 128 256 ) (1024 128 448 ) (576 128 448 ) (576 128 256 ) 
4 3 16 (1024 128 448 ) (1024 128 512 ) (576 128 512 ) (576 128 448 ) 
4 3 8 (1024 128 512 ) (1024 128 704 ) (576 128 704 ) (576 128 512 ) 
4 3 6 (1024 128 704 ) (1024 128 960 ) (576 128 960 ) (576 128 704 ) 
4 3 4 (576 416 960 ) (576 416 768 ) (576 128 768 ) (576 128 960 ) 
4 3 5 (576 416 704 ) (576 416 -64 ) (576 128 -64 ) (576 128 704 ) 
4 4 34 (0 400 960 ) (0 416 960 ) (0 416 768 ) (0 400 768 ) 
4 4 36 (0 128 768 ) (0 128 960 ) (0 400 960 ) (0 400 768 ) 
4 4 7 (0 128 960 ) (0 128 768 ) (576 128 768 ) (576 128 960 ) 
4 5 34 (0 400 704 ) (0 416 704 ) (0 416 128 ) (0 400 128 ) 
4 5 35 (0 416 0 ) (0 416 -64 ) (0 400 -64 ) (0 400 0 ) 
4 5 36 (0 128 -64 ) (0 128 704 ) (0 400 704 ) (0 400 -64 ) 
4 5 27 (0 128 256 ) (0 128 192 ) (16 128 192 ) (16 128 256 ) 
4 6 53 (1024 0 704 ) (1024 0 960 ) (576 0 960 ) (576 0 704 ) 
4 6 11 (1024 0 704 ) (608 0 704 ) (608 64 704 ) (1024 64 704 ) 
4 6 9 (576 64 704 ) (576 112 704 ) (1024 112 704 ) (1024 64 704 ) 
4 6 8 (576 112 704 ) (576 128 704 ) (1024 128 704 ) (1024 112 704 ) 
4 6 7 (576 0 768 ) (576 0 960 ) (576 128 960 ) (576 128 768 ) 
4 7 54 (576 0 960 ) (0 0 960 ) (0 0 768 ) (576 0 768 ) 
4 7 39 (0 0 768 ) (0 0 960 ) (0 30 960 ) (0 30 768 ) 
4 7 37 (0 30 960 ) (0 32 960 ) (0 32 768 ) (0 30 768 ) 
4 7 36 (0 32 960 ) (0 128 960 ) (0 128 768 ) (0 32 768 ) 
4 8 16 (576 128 512 ) (1024 128 512 ) (1024 112 512 ) (576 112 512 ) 
4 8 9 (576 112 512 ) (1024 112 512 ) (1024 112 704 ) (576 112 704 ) 
4 9 16 (1024 112 512 ) (1024 64 512 ) (576 64 512 ) (576 112 512 ) 
4 9 11 (608 64 512 ) (1024 64 512 ) (1024 64 704 ) (608 64 704 ) 
4 10 13 (16 96 544 ) (16 64 544 ) (16 64 672 ) (16 96 672 ) 
4 10 12 (16 64 704 ) (16 64 512 ) (544 64 512 ) (544 64 704 ) 
4 11 55 (1024 0 512 ) (1024 0 704 ) (608 0 704 ) (608 0 512 ) 
4 11 16 (1024 64 512 ) (1024 0 512 ) (608 0 512 ) (608 64 512 ) 
4 12 57 (544 0 704 ) (16 0 704 ) (16 0 512 ) (544 0 512 ) 
4 12 15 (16 32 512 ) (16 0 512 ) (16 0 544 ) (16 32 544 ) 
4 12 14 (16 0 544 ) (16 0 672 ) (16 32 672 ) (16 32 544 ) 
4 13 36 (0 64 672 ) (0 96 672 ) (0 96 544 ) (0 64 544 ) 
4 14 61 (0 0 672 ) (0 0 544 ) (16 0 544 ) (16 0 672 ) 
4 14 39 (0 0 544 ) (0 0 672 ) (0 30 672 ) (0 30 544 ) 
4 14 37 (0 30 672 ) (0 32 672 ) (0 32 544 ) (0 30 544 ) 
4 14 15 (0 0 544 ) (0 32 544 ) (16 32 544 ) (16 0 544 ) 
4 15 63 (0 0 544 ) (0 0 512 ) (16 0 512 ) (16 0 544 ) 
4 15 39 (0 0 512 ) (0 0 544 ) (0 30 544 ) (0 30 512 ) 
4 15 38 (0 30 544 ) (0 32 544 ) (0 32 512 ) (0 30 512 ) 
4 16 64 (1024 0 448 ) (1024 0 512 ) (576 0 512 ) (576 0 448 ) 
4 16 18 (1024 112 448 ) (1024 0 448 ) (576 0 448 ) (576 112 448 ) 
4 16 17 (576 128 448 ) (1024 128 448 ) (1024 112 448 ) (576 112 448 ) 
4 17 26 (576 128 256 ) (1024 128 256 ) (1024 112 256 ) (576 112 256 ) 
4 17 18 (576 112 256 ) (1024 112 256 ) (1024 112 448 ) (576 112 448 ) 
4 18 65 (1024 0 256 ) (1024 0 448 ) (576 0 448 ) (576 0 256 ) 
4 18 26 (1024 0 256 ) (576 0 256 ) (576 112 256 ) (1024 112 256 ) 
4 19 66 (544 0 448 ) (352 0 448 ) (352 0 256 ) (544 0 256 ) 
4 19 21 (352 32 256 ) (352 0 256 ) (352 0 358 ) (352 32 358 ) 
4 20 23 (16 96 288 ) (16 64 288 ) (16 64 416 ) (16 96 416 ) 
4 20 22 (16 32 448 ) (16 32 256 ) (336 32 256 ) (336 32 448 ) 
4 21 67 (336 0 358 ) (336 0 256 ) (352 0 256 ) (352 0 358 ) 
4 21 22 (336 32 358 ) (336 32 256 ) (336 0 256 ) (336 0 358 ) 
4 22 68 (336 0 448 ) (16 0 448 ) (16 0 256 ) (336 0 256 ) 
4 22 25 (16 32 256 ) (16 0 256 ) (16 0 288 ) (16 32 288 ) 
4 22 24 (16 0 288 ) (16 0 416 ) (16 32 416 ) (16 32 288 ) 
4 23 36 (0 64 416 ) (0 96 416 ) (0 96 288 ) (0 64 288 ) 
4 24 73 (0 0 416 ) (0 0 288 ) (16 0 288 ) (16 0 416 ) 
4 24 42 (0 0 288 ) (0 0 416 ) (0 32 416 ) (0 32 288 ) 
4 24 25 (16 32 288 ) (16 0 288 ) (0 0 288 ) (0 32 288 ) 
4 25 75 (0 0 288 ) (0 0 256 ) (16 0 256 ) (16 0 288 ) 
4 25 44 (0 0 256 ) (0 0 288 ) (0 30 288 ) (0 30 256 ) 
4 25 43 (0 30 288 ) (0 32 288 ) (0 32 256 ) (0 30 256 ) 
4 25 27 (16 0 256 ) (0 0 256 ) (0 32 256 ) (16 32 256 ) 
4 26 76 (1024 0 192 ) (1024 0 256 ) (576 0 256 ) (576 0 192 ) 
4 26 29 (1024 0 192 ) (576 0 192 ) (576 112 192 ) (1024 112 192 ) 
4 26 28 (576 112 192 ) (576 128 192 ) (1024 128 192 ) (1024 112 192 ) 
4 27 36 (0 32 256 ) (0 128 256 ) (0 128 192 ) (0 32 192 ) 
4 28 32 (576 128 0 ) (1024 128 0 ) (1024 112 0 ) (576 112 0 ) 
4 28 29 (576 112 0 ) (1024 112 0 ) (1024 112 192 ) (576 112 192 ) 
4 29 77 (1024 0 0 ) (1024 0 192 ) (576 0 192 ) (576 0 0 ) 
4 29 32 (1024 112 0 ) (1024 0 0 ) (576 0 0 ) (576 112 0 ) 
4 30 78 (544 0 192 ) (16 0 192 ) (16 0 0 ) (544 0 0 ) 
4 30 31 (16 64 0 ) (16 0 0 ) (16 0 128 ) (16 64 128 ) 
4 31 79 (8 0 0 ) (16 0 0 ) (16 0 128 ) (8 0 128 ) 
4 31 46 (0 0 0 ) (0 0 128 ) (0 32 128 ) (0 32 0 ) 
4 31 36 (0 32 128 ) (0 64 128 ) (0 64 0 ) (0 32 0 ) 
4 32 85 (1024 0 -64 ) (1024 0 0 ) (576 0 0 ) (576 0 -64 ) 
4 33 51 (-256 448 -64 ) (-256 416 -64 ) (-256 416 0 ) (-256 448 0 ) 
4 33 49 (-256 416 0 ) (-256 416 128 ) (-256 448 128 ) (-256 448 0 ) 
4 33 48 (-256 416 128 ) (-256 416 960 ) (-256 448 960 ) (-256 448 128 ) 
4 33 34 (-256 416 960 ) (-256 416 128 ) (0 416 128 ) (0 416 960 ) 
4 33 35 (-256 416 0 ) (-256 416 -64 ) (0 416 -64 ) (0 416 0 ) 
4 34 48 (-256 400 128 ) (-256 400 960 ) (-256 416 960 ) (-256 416 128 ) 
4 34 36 (-256 400 960 ) (-256 400 128 ) (0 400 128 ) (0 400 960 ) 
4 35 36 (-256 400 0 ) (-256 400 -64 ) (0 400 -64 ) (0 400 0 ) 
4 36 48 (-256 32 128 ) (-256 32 960 ) (-256 400 960 ) (-256 400 128 ) 
4 36 46 (-64 32 -64 ) (0 32 -64 ) (0 32 192 ) (-64 32 192 ) 
4 36 43 (0 32 256 ) (0 32 288 ) (-64 32 288 ) (-64 32 256 ) 
4 36 42 (0 32 288 ) (0 32 448 ) (-64 32 448 ) (-64 32 288 ) 
4 36 38 (0 32 512 ) (0 32 544 ) (-64 32 544 ) (-64 32 512 ) 
4 36 37 (0 32 544 ) (0 32 960 ) (-64 32 960 ) (-64 32 544 ) 
4 36 47 (-256 32 960 ) (-256 32 -64 ) (-64 32 -64 ) (-64 32 960 ) 
4 37 40 (-64 30 960 ) (-64 30 544 ) (-62 30 544 ) (-62 30 960 ) 
4 37 39 (-62 30 544 ) (0 30 544 ) (0 30 960 ) (-62 30 960 ) 
4 37 47 (-64 32 960 ) (-64 32 544 ) (-64 30 544 ) (-64 30 960 ) 
4 37 38 (0 30 544 ) (-64 30 544 ) (-64 32 544 ) (0 32 544 ) 
4 38 41 (-64 30 544 ) (-64 30 512 ) (-62 30 512 ) (-62 30 544 ) 
4 38 39 (-62 30 512 ) (0 30 512 ) (0 30 544 ) (-62 30 544 ) 
4 38 47 (-64 32 544 ) (-64 32 512 ) (-64 30 512 ) (-64 30 544 ) 
4 39 135 (0 0 512 ) (0 0 960 ) (-62 0 960 ) (-62 0 512 ) 
4 39 41 (-62 30 544 ) (-62 30 512 ) (-62 0 512 ) (-62 0 544 ) 
4 39 40 (-62 30 960 ) (-62 30 544 ) (-62 0 544 ) (-62 0 960 ) 
4 40 136 (-62 0 960 ) (-64 0 960 ) (-64 0 544 ) (-62 0 544 ) 
4 40 47 (-64 0 544 ) (-64 0 960 ) (-64 30 960 ) (-64 30 544 ) 
4 40 41 (-64 0 544 ) (-64 30 544 ) (-62 30 544 ) (-62 0 544 ) 
4 41 137 (-64 0 544 ) (-64 0 512 ) (-62 0 512 ) (-62 0 544 ) 
4 41 47 (-64 30 512 ) (-64 0 512 ) (-64 0 544 ) (-64 30 544 ) 
4 42 143 (0 0 288 ) (0 0 448 ) (-64 0 448 ) (-64 0 288 ) 
4 42 45 (-62 0 288 ) (-64 0 288 ) (-64 30 288 ) (-62 30 288 ) 
4 42 44 (0 0 288 ) (-62 0 288 ) (-62 30 288 ) (0 30 288 ) 
4 42 43 (-64 30 288 ) (-64 32 288 ) (0 32 288 ) (0 30 288 ) 
4 42 47 (-64 32 448 ) (-64 32 288 ) (-64 0 288 ) (-64 0 448 ) 
4 43 45 (-64 30 256 ) (-62 30 256 ) (-62 30 288 ) (-64 30 288 ) 
4 43 44 (-62 30 256 ) (0 30 256 ) (0 30 288 ) (-62 30 288 ) 
4 43 47 (-64 32 288 ) (-64 32 256 ) (-64 30 256 ) (-64 30 288 ) 
4 44 145 (0 0 256 ) (0 0 288 ) (-62 0 288 ) (-62 0 256 ) 
4 44 45 (-62 30 288 ) (-62 30 256 ) (-62 0 256 ) (-62 0 288 ) 
4 45 146 (-62 0 288 ) (-64 0 288 ) (-64 0 256 ) (-62 0 256 ) 
4 45 47 (-64 30 256 ) (-64 0 256 ) (-64 0 288 ) (-64 30 288 ) 
4 46 151 (0 0 -64 ) (0 0 192 ) (-64 0 192 ) (-64 0 -64 ) 
4 46 47 (-64 32 192 ) (-64 32 -64 ) (-64 0 -64 ) (-64 0 192 ) 
4 47 152 (-256 0 256 ) (-256 0 -64 ) (-64 0 -64 ) (-64 0 256 ) 
4 47 150 (-256 0 512 ) (-256 0 256 ) (-64 0 256 ) (-64 0 512 ) 
4 47 138 (-64 0 960 ) (-256 0 960 ) (-256 0 512 ) (-64 0 512 ) 
4 47 48 (-256 0 128 ) (-256 0 960 ) (-256 32 960 ) (-256 32 128 ) 
4 48 157 (-256 0 960 ) (-272 0 960 ) (-272 0 128 ) (-256 0 128 ) 
4 48 50 (-272 448 960 ) (-272 448 128 ) (-272 0 128 ) (-272 0 960 ) 
4 48 49 (-272 416 128 ) (-272 448 128 ) (-256 448 128 ) (-256 416 128 ) 
4 49 51 (-272 448 0 ) (-256 448 0 ) (-256 416 0 ) (-272 416 0 ) 
4 49 50 (-272 448 128 ) (-272 448 0 ) (-272 416 0 ) (-272 416 128 ) 
4 50 159 (-272 0 960 ) (-512 0 960 ) (-512 0 0 ) (-272 0 0 ) 
4 50 51 (-512 448 0 ) (-272 448 0 ) (-272 416 0 ) (-512 416 0 ) 
4 52 134 (1024 -416 -64 ) (1024 -448 -64 ) (1024 -448 960 ) (1024 -416 960 ) 
4 52 126 (1024 -128 -64 ) (1024 -416 -64 ) (1024 -416 0 ) (1024 -128 0 ) 
4 52 109 (1024 -416 0 ) (1024 -416 256 ) (1024 -128 256 ) (1024 -128 0 ) 
4 52 98 (1024 -416 256 ) (1024 -416 448 ) (1024 -128 448 ) (1024 -128 256 ) 
4 52 97 (1024 -416 448 ) (1024 -416 512 ) (1024 -128 512 ) (1024 -128 448 ) 
4 52 88 (1024 -416 512 ) (1024 -416 704 ) (1024 -128 704 ) (1024 -128 512 ) 
4 52 86 (1024 -416 704 ) (1024 -416 960 ) (1024 -128 960 ) (1024 -128 704 ) 
4 52 85 (1024 0 0 ) (1024 0 -64 ) (1024 -128 -64 ) (1024 -128 0 ) 
4 52 80 (1024 -112 0 ) (1024 -128 0 ) (1024 -128 192 ) (1024 -112 192 ) 
4 52 77 (1024 0 192 ) (1024 0 0 ) (1024 -112 0 ) (1024 -112 192 ) 
4 52 76 (1024 0 256 ) (1024 0 192 ) (1024 -128 192 ) (1024 -128 256 ) 
4 52 70 (1024 -112 256 ) (1024 -128 256 ) (1024 -128 448 ) (1024 -112 448 ) 
4 52 65 (1024 0 448 ) (1024 0 256 ) (1024 -112 256 ) (1024 -112 448 ) 
4 52 64 (1024 0 512 ) (1024 0 448 ) (1024 -128 448 ) (1024 -128 512 ) 
4 52 58 (1024 -112 512 ) (1024 -128 512 ) (1024 -128 704 ) (1024 -112 704 ) 
4 52 55 (1024 0 704 ) (1024 0 512 ) (1024 -112 512 ) (1024 -112 704 ) 
4 52 53 (1024 0 960 ) (1024 0 704 ) (1024 -128 704 ) (1024 -128 960 ) 
4 53 86 (1024 -128 704 ) (1024 -128 960 ) (576 -128 960 ) (576 -128 704 ) 
4 53 58 (1024 -128 704 ) (576 -128 704 ) (576 -112 704 ) (1024 -112 704 ) 
4 53 56 (576 -112 704 ) (576 -32 704 ) (608 -32 704 ) (608 -112 704 ) 
4 53 55 (608 0 704 ) (1024 0 704 ) (1024 -112 704 ) (608 -112 704 ) 
4 53 54 (576 -128 768 ) (576 -128 960 ) (576 0 960 ) (576 0 768 ) 
4 54 142 (0 -32 768 ) (0 -128 768 ) (0 -128 960 ) (0 -32 960 ) 
4 54 139 (0 -30 768 ) (0 -32 768 ) (0 -32 960 ) (0 -30 960 ) 
4 54 135 (0 0 960 ) (0 0 768 ) (0 -30 768 ) (0 -30 960 ) 
4 54 127 (16 -128 960 ) (0 -128 960 ) (0 -128 768 ) (16 -128 768 ) 
4 54 87 (576 -128 960 ) (16 -128 960 ) (16 -128 768 ) (576 -128 768 ) 
4 55 64 (608 0 512 ) (1024 0 512 ) (1024 -112 512 ) (608 -112 512 ) 
4 55 58 (608 -112 512 ) (1024 -112 512 ) (1024 -112 704 ) (608 -112 704 ) 
4 55 56 (608 -32 512 ) (608 -112 512 ) (608 -112 704 ) (608 -32 704 ) 
4 56 64 (608 -32 512 ) (608 -112 512 ) (576 -112 512 ) (576 -32 512 ) 
4 56 58 (576 -112 512 ) (608 -112 512 ) (608 -112 704 ) (576 -112 704 ) 
4 57 63 (16 0 512 ) (16 -32 512 ) (16 -32 544 ) (16 0 544 ) 
4 57 62 (16 -96 672 ) (16 -64 672 ) (16 -64 544 ) (16 -96 544 ) 
4 57 61 (16 -32 672 ) (16 0 672 ) (16 0 544 ) (16 -32 544 ) 
4 57 60 (64 -112 512 ) (128 -112 512 ) (128 -112 614 ) (64 -112 614 ) 
4 57 59 (240 -112 512 ) (304 -112 512 ) (304 -112 614 ) (240 -112 614 ) 
4 58 88 (1024 -128 512 ) (1024 -128 704 ) (576 -128 704 ) (576 -128 512 ) 
4 58 64 (1024 -128 512 ) (576 -128 512 ) (576 -112 512 ) (1024 -112 512 ) 
4 59 90 (258 -128 512 ) (260 -128 512 ) (260 -128 614 ) (258 -128 614 ) 
4 59 89 (260 -128 512 ) (304 -128 512 ) (304 -128 614 ) (260 -128 614 ) 
4 59 93 (240 -128 614 ) (240 -128 512 ) (258 -128 512 ) (258 -128 614 ) 
4 60 95 (64 -128 614 ) (64 -128 512 ) (128 -128 512 ) (128 -128 614 ) 
4 61 139 (0 -30 544 ) (0 -32 544 ) (0 -32 672 ) (0 -30 672 ) 
4 61 135 (0 0 672 ) (0 0 544 ) (0 -30 544 ) (0 -30 672 ) 
4 61 63 (0 0 544 ) (16 0 544 ) (16 -32 544 ) (0 -32 544 ) 
4 62 142 (0 -64 544 ) (0 -96 544 ) (0 -96 672 ) (0 -64 672 ) 
4 63 140 (0 -30 512 ) (0 -32 512 ) (0 -32 544 ) (0 -30 544 ) 
4 63 135 (0 0 544 ) (0 0 512 ) (0 -30 512 ) (0 -30 544 ) 
4 64 97 (1024 -128 448 ) (1024 -128 512 ) (576 -128 512 ) (576 -128 448 ) 
4 64 70 (1024 -128 448 ) (576 -128 448 ) (576 -112 448 ) (1024 -112 448 ) 
4 64 65 (576 -112 448 ) (576 0 448 ) (1024 0 448 ) (1024 -112 448 ) 
4 65 76 (576 0 256 ) (1024 0 256 ) (1024 -112 256 ) (576 -112 256 ) 
4 65 70 (576 -112 256 ) (1024 -112 256 ) (1024 -112 448 ) (576 -112 448 ) 
4 66 71 (528 -112 256 ) (544 -112 256 ) (544 -112 448 ) (528 -112 448 ) 
4 66 72 (416 -112 256 ) (480 -112 256 ) (480 -112 448 ) (416 -112 448 ) 
4 66 67 (352 0 256 ) (352 -32 256 ) (352 -32 358 ) (352 0 358 ) 
4 67 68 (336 0 256 ) (336 -32 256 ) (336 -32 358 ) (336 0 358 ) 
4 68 75 (16 0 256 ) (16 -32 256 ) (16 -32 288 ) (16 0 288 ) 
4 68 73 (16 -32 288 ) (16 -32 416 ) (16 0 416 ) (16 0 288 ) 
4 68 69 (16 -32 448 ) (16 -32 256 ) (336 -32 256 ) (336 -32 448 ) 
4 69 74 (16 -96 416 ) (16 -64 416 ) (16 -64 288 ) (16 -96 288 ) 
4 70 98 (1024 -128 256 ) (1024 -128 448 ) (576 -128 448 ) (576 -128 256 ) 
4 70 76 (1024 -128 256 ) (576 -128 256 ) (576 -112 256 ) (1024 -112 256 ) 
4 72 99 (480 -128 448 ) (416 -128 448 ) (416 -128 256 ) (480 -128 256 ) 
4 73 143 (0 0 416 ) (0 0 288 ) (0 -32 288 ) (0 -32 416 ) 
4 73 75 (16 0 288 ) (16 -32 288 ) (0 -32 288 ) (0 0 288 ) 
4 74 144 (0 -64 288 ) (0 -96 288 ) (0 -96 416 ) (0 -64 416 ) 
3 75 149 (0 -30 256 ) (0 -32 256 ) (0 -32 260.923096 ) 
4 75 148 (0 -30 256 ) (0 -32 260.923096 ) (0 -32 288 ) (0 -30 288 ) 
4 75 145 (0 0 288 ) (0 0 256 ) (0 -30 256 ) (0 -30 288 ) 
4 76 109 (1024 -128 192 ) (1024 -128 256 ) (576 -128 256 ) (576 -128 192 ) 
4 76 80 (1024 -128 192 ) (576 -128 192 ) (576 -112 192 ) (1024 -112 192 ) 
4 76 77 (576 -112 192 ) (576 0 192 ) (1024 0 192 ) (1024 -112 192 ) 
4 77 85 (576 0 0 ) (1024 0 0 ) (1024 -112 0 ) (576 -112 0 ) 
4 77 80 (576 -112 0 ) (1024 -112 0 ) (1024 -112 192 ) (576 -112 192 ) 
4 78 84 (64 -112 0 ) (128 -112 0 ) (128 -112 102 ) (64 -112 102 ) 
4 78 83 (240 -112 0 ) (304 -112 0 ) (304 -112 102 ) (240 -112 102 ) 
4 78 82 (416 -112 0 ) (480 -112 0 ) (480 -112 192 ) (416 -112 192 ) 
4 78 81 (528 -112 0 ) (544 -112 0 ) (544 -112 192 ) (528 -112 192 ) 
4 78 79 (16 0 0 ) (16 -64 0 ) (16 -64 128 ) (16 0 128 ) 
4 80 109 (1024 -128 0 ) (1024 -128 192 ) (576 -128 192 ) (576 -128 0 ) 
4 80 85 (1024 -128 0 ) (576 -128 0 ) (576 -112 0 ) (1024 -112 0 ) 
4 82 110 (480 -128 192 ) (416 -128 192 ) (416 -128 0 ) (480 -128 0 ) 
4 83 119 (240 -128 102 ) (240 -128 0 ) (304 -128 0 ) (304 -128 102 ) 
4 84 122 (64 -128 40 ) (64 -128 39 ) (128 -128 39 ) (128 -128 40 ) 
4 84 120 (64 -128 102 ) (64 -128 40 ) (128 -128 40 ) (128 -128 102 ) 
4 84 125 (64 -128 39 ) (64 -128 0 ) (128 -128 0 ) (128 -128 39 ) 
4 85 126 (1024 -128 -64 ) (1024 -128 0 ) (576 -128 0 ) (576 -128 -64 ) 
4 86 134 (1024 -416 704 ) (1024 -416 960 ) (576 -416 960 ) (576 -416 704 ) 
4 86 88 (1024 -416 704 ) (576 -416 704 ) (576 -128 704 ) (1024 -128 704 ) 
4 86 87 (576 -416 768 ) (576 -416 960 ) (576 -128 960 ) (576 -128 768 ) 
4 87 134 (576 -416 960 ) (16 -416 960 ) (16 -416 768 ) (576 -416 768 ) 
4 87 127 (16 -128 960 ) (16 -128 768 ) (16 -416 768 ) (16 -416 960 ) 
4 88 134 (1024 -416 512 ) (1024 -416 704 ) (368 -416 704 ) (368 -416 512 ) 
4 88 97 (1024 -416 512 ) (544 -416 512 ) (544 -128 512 ) (1024 -128 512 ) 
4 89 102 (352 -224 512 ) (352 -268 512 ) (260 -268 512 ) (260 -224 512 ) 
4 89 94 (260 -268 512 ) (352 -268 512 ) (352 -268 704 ) (260 -268 704 ) 
4 89 92 (260 -244 512 ) (260 -268 512 ) (260 -268 513 ) (260 -244 513 ) 
4 89 91 (260 -268 513 ) (260 -268 704 ) (260 -244 704 ) (260 -244 513 ) 
4 89 90 (260 -128 512 ) (260 -244 512 ) (260 -244 704 ) (260 -128 704 ) 
4 90 103 (260 -224 512 ) (260 -244 512 ) (258 -244 512 ) (258 -224 512 ) 
4 90 92 (258 -244 513 ) (258 -244 512 ) (260 -244 512 ) (260 -244 513 ) 
4 90 91 (258 -244 704 ) (258 -244 513 ) (260 -244 513 ) (260 -244 704 ) 
4 90 93 (258 -128 512 ) (258 -244 512 ) (258 -244 704 ) (258 -128 704 ) 
4 91 94 (260 -268 513 ) (260 -268 704 ) (258 -268 704 ) (258 -268 513 ) 
4 91 93 (258 -268 513 ) (258 -268 704 ) (258 -244 704 ) (258 -244 513 ) 
4 91 92 (258 -268 513 ) (258 -244 513 ) (260 -244 513 ) (260 -268 513 ) 
4 92 104 (260 -244 512 ) (260 -268 512 ) (258 -268 512 ) (258 -244 512 ) 
4 92 94 (258 -268 512 ) (260 -268 512 ) (260 -268 513 ) (258 -268 513 ) 
4 92 93 (258 -244 512 ) (258 -268 512 ) (258 -268 513 ) (258 -244 513 ) 
4 93 105 (258 -224 512 ) (258 -268 512 ) (256 -268 512 ) (256 -224 512 ) 
4 93 94 (192 -268 704 ) (192 -268 512 ) (258 -268 512 ) (258 -268 704 ) 
4 94 106 (256 -268 512 ) (352 -268 512 ) (352 -288 512 ) (256 -288 512 ) 
4 95 128 (16 -192 544 ) (16 -352 544 ) (16 -352 672 ) (16 -192 672 ) 
4 95 96 (176 -384 640 ) (176 -384 704 ) (16 -384 704 ) (16 -384 640 ) 
4 97 134 (1024 -416 448 ) (1024 -416 512 ) (544 -416 512 ) (544 -416 448 ) 
4 97 98 (1024 -416 448 ) (544 -416 448 ) (544 -128 448 ) (1024 -128 448 ) 
4 98 134 (1024 -416 256 ) (1024 -416 448 ) (544 -416 448 ) (544 -416 256 ) 
4 98 109 (1024 -416 256 ) (544 -416 256 ) (544 -128 256 ) (1024 -128 256 ) 
4 99 118 (368 -400 256 ) (368 -384 256 ) (528 -384 256 ) (528 -400 256 ) 
4 99 117 (368 -384 256 ) (368 -288 256 ) (416 -288 256 ) (416 -384 256 ) 
4 99 116 (480 -352 256 ) (480 -384 256 ) (416 -384 256 ) (416 -352 256 ) 
4 99 115 (416 -288 256 ) (480 -288 256 ) (480 -352 256 ) (416 -352 256 ) 
4 99 114 (528 -372 256 ) (528 -384 256 ) (480 -384 256 ) (480 -372 256 ) 
4 99 113 (480 -288 256 ) (528 -288 256 ) (528 -372 256 ) (480 -372 256 ) 
4 99 111 (480 -192 256 ) (528 -192 256 ) (528 -288 256 ) (480 -288 256 ) 
4 99 112 (368 -288 256 ) (368 -192 256 ) (480 -192 256 ) (480 -288 256 ) 
4 99 100 (432 -400 288 ) (464 -400 288 ) (464 -400 416 ) (432 -400 416 ) 
4 100 134 (432 -416 288 ) (464 -416 288 ) (464 -416 416 ) (432 -416 416 ) 
4 101 108 (256 -128 256 ) (256 -224 256 ) (256 -224 448 ) (256 -128 448 ) 
4 101 103 (258 -224 256 ) (260 -224 256 ) (260 -224 448 ) (258 -224 448 ) 
4 101 102 (260 -224 256 ) (352 -224 256 ) (352 -224 448 ) (260 -224 448 ) 
4 101 105 (256 -224 448 ) (256 -224 256 ) (258 -224 256 ) (258 -224 448 ) 
4 102 107 (260 -268 256 ) (352 -268 256 ) (352 -268 448 ) (260 -268 448 ) 
4 102 106 (352 -268 448 ) (352 -268 512 ) (260 -268 512 ) (260 -268 448 ) 
4 102 104 (260 -244 256 ) (260 -268 256 ) (260 -268 512 ) (260 -244 512 ) 
4 102 103 (260 -224 512 ) (260 -224 256 ) (260 -244 256 ) (260 -244 512 ) 
4 103 105 (258 -224 512 ) (258 -224 256 ) (258 -244 256 ) (258 -244 512 ) 
4 103 104 (258 -244 512 ) (258 -244 256 ) (260 -244 256 ) (260 -244 512 ) 
4 104 107 (258 -268 256 ) (260 -268 256 ) (260 -268 448 ) (258 -268 448 ) 
4 104 106 (260 -268 448 ) (260 -268 512 ) (258 -268 512 ) (258 -268 448 ) 
4 104 105 (258 -244 256 ) (258 -268 256 ) (258 -268 512 ) (258 -244 512 ) 
4 105 108 (256 -224 256 ) (256 -268 256 ) (256 -268 448 ) (256 -224 448 ) 
4 105 107 (256 -268 448 ) (256 -268 256 ) (258 -268 256 ) (258 -268 448 ) 
4 105 106 (256 -268 512 ) (256 -268 448 ) (258 -268 448 ) (258 -268 512 ) 
4 106 107 (256 -288 448 ) (256 -268 448 ) (352 -268 448 ) (352 -288 448 ) 
4 107 108 (256 -268 256 ) (256 -400 256 ) (256 -400 448 ) (256 -268 448 ) 
4 108 130 (16 -224 256 ) (16 -352 256 ) (16 -352 416 ) (16 -224 416 ) 
4 108 129 (16 -160 256 ) (16 -224 256 ) (16 -224 416 ) (16 -160 416 ) 
4 109 134 (1024 -416 0 ) (1024 -416 256 ) (544 -416 256 ) (544 -416 0 ) 
4 109 126 (1024 -416 0 ) (544 -416 0 ) (544 -128 0 ) (1024 -128 0 ) 
4 110 112 (368 -192 224 ) (368 -192 0 ) (480 -192 0 ) (480 -192 224 ) 
4 111 113 (528 -288 192 ) (528 -288 256 ) (480 -288 256 ) (480 -288 192 ) 
4 111 112 (480 -192 256 ) (480 -192 192 ) (480 -288 192 ) (480 -288 256 ) 
4 112 117 (368 -288 256 ) (368 -288 64 ) (416 -288 64 ) (416 -288 256 ) 
4 112 115 (416 -288 0 ) (480 -288 0 ) (480 -288 256 ) (416 -288 256 ) 
4 113 116 (480 -372 128 ) (480 -372 256 ) (480 -352 256 ) (480 -352 128 ) 
4 113 115 (480 -288 256 ) (480 -288 120 ) (480 -352 120 ) (480 -352 256 ) 
4 113 114 (480 -372 256 ) (480 -372 128 ) (528 -372 128 ) (528 -372 256 ) 
4 114 118 (528 -384 128 ) (528 -384 256 ) (480 -384 256 ) (480 -384 128 ) 
4 114 116 (480 -384 128 ) (480 -384 256 ) (480 -372 256 ) (480 -372 128 ) 
4 115 117 (416 -288 256 ) (416 -288 64 ) (416 -352 64 ) (416 -352 256 ) 
4 115 116 (416 -352 256 ) (416 -352 128 ) (480 -352 128 ) (480 -352 256 ) 
4 116 118 (480 -384 128 ) (480 -384 256 ) (416 -384 256 ) (416 -384 128 ) 
4 116 117 (416 -384 128 ) (416 -384 256 ) (416 -352 256 ) (416 -352 128 ) 
4 117 118 (368 -384 256 ) (368 -384 128 ) (416 -384 128 ) (416 -384 256 ) 
4 120 133 (16 -320 40 ) (16 -352 40 ) (16 -352 160 ) (16 -320 160 ) 
4 120 131 (16 -192 40 ) (16 -224 40 ) (16 -224 160 ) (16 -192 160 ) 
4 120 132 (16 -256 40 ) (16 -288 40 ) (16 -288 160 ) (16 -256 160 ) 
4 120 124 (92.196098 -327.803986 40 ) (176 -279.419739 40 ) (176 -293.275879 40 ) (98.196106 -338.196014 40 ) 
4 120 123 (16 -385.652008 40 ) (16 -371.795868 40 ) (81.803802 -333.803986 40 ) (87.803810 -344.196014 40 ) 
4 120 122 (16 -371.795868 40 ) (16 -128 40 ) (176 -128 40 ) (176 -279.419739 40 ) 
4 120 121 (176 -400 40 ) (16 -400 40 ) (16 -385.652008 40 ) (176 -293.275879 40 ) 
4 121 124 (176 -293.275391 39 ) (98.195969 -338.195770 39 ) (98.196068 -338.195953 40 ) (176 -293.275818 40 ) 
4 121 123 (87.803673 -344.195801 39 ) (16 -385.651855 39 ) (16 -385.651917 40 ) (87.803772 -344.195953 40 ) 
4 121 125 (176 -400 39 ) (16 -400 39 ) (16 -385.652008 39 ) (176 -293.275879 39 ) 
4 122 133 (16 -320 39 ) (16 -352 39 ) (16 -352 40 ) (16 -320 40 ) 
4 122 131 (16 -192 39 ) (16 -224 39 ) (16 -224 40 ) (16 -192 40 ) 
4 122 132 (16 -256 39 ) (16 -288 39 ) (16 -288 40 ) (16 -256 40 ) 
4 122 124 (92.196922 -327.805420 39 ) (176 -279.421631 39 ) (176 -279.416016 40 ) (92.194687 -327.801544 40 ) 
4 122 123 (16 -371.797760 39 ) (81.804626 -333.805420 39 ) (81.802414 -333.801575 40 ) (16 -371.792999 40 ) 
4 122 125 (16 -371.795868 39 ) (16 -128 39 ) (176 -128 39 ) (176 -279.419739 39 ) 
4 123 125 (16 -385.652008 39 ) (16 -371.795868 39 ) (81.803802 -333.803986 39 ) (87.803810 -344.196014 39 ) 
4 124 125 (92.196098 -327.803986 39 ) (176 -279.419739 39 ) (176 -293.275879 39 ) (98.196106 -338.196014 39 ) 
4 125 133 (16 -320 32 ) (16 -352 32 ) (16 -352 39 ) (16 -320 39 ) 
4 125 131 (16 -192 32 ) (16 -224 32 ) (16 -224 39 ) (16 -192 39 ) 
4 125 132 (16 -256 32 ) (16 -288 32 ) (16 -288 39 ) (16 -256 39 ) 
4 126 134 (1024 -416 -64 ) (1024 -416 0 ) (544 -416 0 ) (544 -416 -64 ) 
4 127 142 (0 -416 768 ) (0 -416 960 ) (0 -128 960 ) (0 -128 768 ) 
4 127 134 (0 -416 960 ) (0 -416 768 ) (16 -416 768 ) (16 -416 960 ) 
4 128 142 (0 -352 672 ) (0 -192 672 ) (0 -192 544 ) (0 -352 544 ) 
4 129 147 (0 -160 288 ) (0 -160 256 ) (0 -224 256 ) (0 -224 288 ) 
4 129 144 (0 -224 416 ) (0 -160 416 ) (0 -160 288 ) (0 -224 288 ) 
4 129 130 (0 -224 256 ) (16 -224 256 ) (16 -224 416 ) (0 -224 416 ) 
4 130 147 (0 -224 288 ) (0 -224 256 ) (0 -352 256 ) (0 -352 288 ) 
4 130 144 (0 -352 416 ) (0 -224 416 ) (0 -224 288 ) (0 -352 288 ) 
4 131 153 (0 -224 160 ) (0 -192 160 ) (0 -192 32 ) (0 -224 32 ) 
4 132 153 (0 -288 160 ) (0 -256 160 ) (0 -256 32 ) (0 -288 32 ) 
4 133 153 (0 -352 160 ) (0 -320 160 ) (0 -320 32 ) (0 -352 32 ) 
4 134 156 (0 -416 256 ) (0 -416 -64 ) (0 -448 -64 ) (0 -448 256 ) 
4 134 147 (0 -416 288 ) (0 -416 256 ) (0 -448 256 ) (0 -448 288 ) 
4 134 144 (0 -416 512 ) (0 -416 288 ) (0 -448 288 ) (0 -448 512 ) 
4 134 142 (0 -448 960 ) (0 -416 960 ) (0 -416 512 ) (0 -448 512 ) 
4 135 140 (-62 -30 512 ) (0 -30 512 ) (0 -30 544 ) (-62 -30 544 ) 
4 135 139 (0 -30 544 ) (0 -30 960 ) (-62 -30 960 ) (-62 -30 544 ) 
4 135 137 (-62 0 512 ) (-62 -30 512 ) (-62 -30 544 ) (-62 0 544 ) 
4 135 136 (-62 -30 544 ) (-62 -30 960 ) (-62 0 960 ) (-62 0 544 ) 
4 136 139 (-62 -30 544 ) (-62 -30 960 ) (-64 -30 960 ) (-64 -30 544 ) 
4 136 138 (-64 -30 544 ) (-64 -30 960 ) (-64 0 960 ) (-64 0 544 ) 
4 136 137 (-64 -30 544 ) (-64 0 544 ) (-62 0 544 ) (-62 -30 544 ) 
4 137 140 (-64 -30 512 ) (-62 -30 512 ) (-62 -30 544 ) (-64 -30 544 ) 
4 137 138 (-64 0 512 ) (-64 -30 512 ) (-64 -30 544 ) (-64 0 544 ) 
4 138 157 (-256 -30 960 ) (-256 0 960 ) (-256 0 512 ) (-256 -30 512 ) 
4 138 150 (-256 -30 512 ) (-256 0 512 ) (-64 0 512 ) (-64 -30 512 ) 
4 138 141 (-256 -30 960 ) (-256 -30 512 ) (-64 -30 512 ) (-64 -30 960 ) 
4 139 142 (0 -32 544 ) (0 -32 960 ) (-64 -32 960 ) (-64 -32 544 ) 
4 139 141 (-64 -30 960 ) (-64 -30 544 ) (-64 -32 544 ) (-64 -32 960 ) 
4 139 140 (0 -32 544 ) (-64 -32 544 ) (-64 -30 544 ) (0 -30 544 ) 
4 140 142 (-64 -32 512 ) (0 -32 512 ) (0 -32 544 ) (-64 -32 544 ) 
4 140 141 (-64 -30 544 ) (-64 -30 512 ) (-64 -32 512 ) (-64 -32 544 ) 
4 141 157 (-256 -32 960 ) (-256 -30 960 ) (-256 -30 512 ) (-256 -32 512 ) 
4 141 150 (-256 -32 512 ) (-256 -30 512 ) (-64 -30 512 ) (-64 -32 512 ) 
4 141 142 (-256 -32 960 ) (-256 -32 512 ) (-64 -32 512 ) (-64 -32 960 ) 
4 142 157 (-256 -448 960 ) (-256 -32 960 ) (-256 -32 512 ) (-256 -448 512 ) 
4 142 150 (-256 -448 512 ) (-256 -32 512 ) (-64 -32 512 ) (-64 -448 512 ) 
4 142 144 (-64 -32 512 ) (0 -32 512 ) (0 -448 512 ) (-64 -448 512 ) 
4 143 150 (-64 0 448 ) (-64 0 288 ) (-64 -32 288 ) (-64 -32 448 ) 
4 143 148 (-64 -32 288 ) (-64 -30 288 ) (0 -30 288 ) (0 -32 288 ) 
4 143 146 (-64 -30 288 ) (-64 0 288 ) (-62 0 288 ) (-62 -30 288 ) 
4 143 145 (-62 0 288 ) (0 0 288 ) (0 -30 288 ) (-62 -30 288 ) 
4 143 144 (-64 -32 448 ) (-64 -32 288 ) (0 -32 288 ) (0 -32 448 ) 
4 144 150 (-64 -448 512 ) (-64 -32 512 ) (-64 -32 288 ) (-64 -448 288 ) 
4 144 149 (-64 -45 288 ) (-64 -43 288 ) (0 -43 288 ) (0 -45 288 ) 
4 144 148 (-64 -43 288 ) (-64 -32 288 ) (0 -32 288 ) (0 -43 288 ) 
4 144 147 (-64 -448 288 ) (-64 -45 288 ) (0 -45 288 ) (0 -448 288 ) 
4 145 148 (0 -30 288 ) (-62 -30 288 ) (-62 -30 256 ) (0 -30 256 ) 
4 145 146 (-62 0 256 ) (-62 -30 256 ) (-62 -30 288 ) (-62 0 288 ) 
4 146 150 (-64 0 256 ) (-64 -30 256 ) (-64 -30 288 ) (-64 0 288 ) 
4 146 148 (-62 -30 288 ) (-64 -30 288 ) (-64 -30 256 ) (-62 -30 256 ) 
4 147 156 (-64 -448 256 ) (-64 -416 256 ) (0 -416 256 ) (0 -448 256 ) 
4 147 154 (-64 -416 256 ) (-64 -400 256 ) (0 -400 256 ) (0 -416 256 ) 
4 147 153 (-64 -400 256 ) (-64 -32 256 ) (0 -32 256 ) (0 -400 256 ) 
4 147 150 (-64 -32 256 ) (-64 -448 256 ) (-64 -448 288 ) (-64 -45 288 ) 
4 147 149 (0 -32.001347 256 ) (-64 -32.001347 256 ) (-64 -45.001339 288 ) (0 -45.001339 288 ) 
3 148 150 (-64 -30 256 ) (-64 -43 288 ) (-64 -30 288 ) 
4 148 149 (0 -43 288 ) (-64 -43 288 ) (-64 -30.001017 256 ) (0 -30.001017 256 ) 
4 149 150 (-64 -30 256 ) (-64 -32 256 ) (-64 -45 288 ) (-64 -43 288 ) 
4 150 157 (-256 -448 512 ) (-256 0 512 ) (-256 0 256 ) (-256 -448 256 ) 
4 150 156 (-256 -448 256 ) (-256 -416 256 ) (-64 -416 256 ) (-64 -448 256 ) 
4 150 154 (-256 -416 256 ) (-256 -400 256 ) (-64 -400 256 ) (-64 -416 256 ) 
4 150 153 (-256 -400 256 ) (-256 -32 256 ) (-64 -32 256 ) (-64 -400 256 ) 
4 150 152 (-256 -32 256 ) (-256 0 256 ) (-64 0 256 ) (-64 -32 256 ) 
4 151 153 (-64 -32 192 ) (-64 -32 -64 ) (0 -32 -64 ) (0 -32 192 ) 
4 151 152 (-64 0 -64 ) (-64 -32 -64 ) (-64 -32 192 ) (-64 0 192 ) 
4 152 157 (-256 -32 128 ) (-256 -32 256 ) (-256 0 256 ) (-256 0 128 ) 
4 152 153 (-64 -32 256 ) (-256 -32 256 ) (-256 -32 -64 ) (-64 -32 -64 ) 
4 153 157 (-256 -400 128 ) (-256 -400 256 ) (-256 -32 256 ) (-256 -32 128 ) 
4 153 154 (0 -400 256 ) (-256 -400 256 ) (-256 -400 128 ) (0 -400 128 ) 
4 153 155 (-256 -400 0 ) (-256 -400 -64 ) (0 -400 -64 ) (0 -400 0 ) 
4 154 157 (-256 -416 128 ) (-256 -416 256 ) (-256 -400 256 ) (-256 -400 128 ) 
4 154 156 (0 -416 256 ) (-256 -416 256 ) (-256 -416 128 ) (0 -416 128 ) 
4 155 156 (-256 -416 0 ) (-256 -416 -64 ) (0 -416 -64 ) (0 -416 0 ) 
4 156 160 (-256 -416 -64 ) (-256 -448 -64 ) (-256 -448 0 ) (-256 -416 0 ) 
4 156 158 (-256 -448 0 ) (-256 -448 128 ) (-256 -416 128 ) (-256 -416 0 ) 
4 156 157 (-256 -448 128 ) (-256 -448 256 ) (-256 -416 256 ) (-256 -416 128 ) 
4 157 159 (-272 -448 128 ) (-272 -448 960 ) (-272 0 960 ) (-272 0 128 ) 
4 157 158 (-256 -448 128 ) (-272 -448 128 ) (-272 -416 128 ) (-256 -416 128 ) 
4 158 160 (-256 -448 0 ) (-272 -448 0 ) (-272 -416 0 ) (-256 -416 0 ) 
4 158 159 (-272 -416 0 ) (-272 -448 0 ) (-272 -448 128 ) (-272 -416 128 ) 
4 159 160 (-272 -448 0 ) (-512 -448 0 ) (-512 -416 0 ) (-272 -416 0 ) 
