PRT1
236
456
4 0 3 (6816 7168 922 ) (6144 7168 922 ) (6144 7168 -355 ) (6816 7168 -355 ) 
4 0 1 (6144 7168 -355 ) (6144 7168 922 ) (6144 7520 922 ) (6144 7520 -355 ) 
4 1 5 (6144 7168 -355 ) (6144 7168 922 ) (5120 7168 922 ) (5120 7168 -355 ) 
4 1 2 (5120 7168 -355 ) (5120 7168 922 ) (5120 7520 922 ) (5120 7520 -355 ) 
4 2 9 (4096 7168 -355 ) (4096 7168 922 ) (4096 7520 922 ) (4096 7520 -355 ) 
4 2 6 (5120 7168 -355 ) (5120 7168 922 ) (4096 7168 922 ) (4096 7168 -355 ) 
4 3 5 (6144 7168 922 ) (6144 7168 -355 ) (6144 6144 -355 ) (6144 6144 922 ) 
4 3 4 (6816 6144 922 ) (6144 6144 922 ) (6144 6144 -355 ) (6816 6144 -355 ) 
4 4 21 (6816 5120 922 ) (6144 5120 922 ) (6144 5120 -355 ) (6816 5120 -355 ) 
4 4 7 (6144 5120 -355 ) (6144 5120 922 ) (6144 6144 922 ) (6144 6144 -355 ) 
4 5 7 (6144 6144 -355 ) (6144 6144 922 ) (5120 6144 922 ) (5120 6144 -355 ) 
4 5 6 (5120 7168 922 ) (5120 7168 -355 ) (5120 6144 -355 ) (5120 6144 922 ) 
4 6 13 (4096 6144 -355 ) (4096 6144 922 ) (4096 7168 922 ) (4096 7168 -355 ) 
4 6 8 (5120 6144 -355 ) (5120 6144 922 ) (4096 6144 922 ) (4096 6144 -355 ) 
4 7 23 (6144 5120 -355 ) (6144 5120 922 ) (5120 5120 922 ) (5120 5120 -355 ) 
4 7 8 (5120 6144 922 ) (5120 6144 -355 ) (5120 5120 -355 ) (5120 5120 922 ) 
4 8 24 (5120 5120 -355 ) (5120 5120 922 ) (4096 5120 922 ) (4096 5120 -355 ) 
4 8 15 (4096 5120 -355 ) (4096 5120 922 ) (4096 6144 922 ) (4096 6144 -355 ) 
4 9 13 (4096 7168 -355 ) (4096 7168 922 ) (3072 7168 922 ) (3072 7168 -355 ) 
4 9 10 (3072 7168 -355 ) (3072 7168 922 ) (3072 7520 922 ) (3072 7520 -355 ) 
4 10 14 (3072 7168 -355 ) (3072 7168 922 ) (2048 7168 922 ) (2048 7168 -355 ) 
4 10 11 (2048 7168 -355 ) (2048 7168 922 ) (2048 7520 922 ) (2048 7520 -355 ) 
4 11 17 (2048 7168 -355 ) (2048 7168 922 ) (1024 7168 922 ) (1024 7168 -355 ) 
4 11 12 (1024 7168 -355 ) (1024 7168 922 ) (1024 7520 922 ) (1024 7520 -355 ) 
4 12 56 (0 7168 -355 ) (0 7168 922 ) (0 7520 922 ) (0 7520 -355 ) 
4 12 18 (1024 7168 -355 ) (1024 7168 922 ) (0 7168 922 ) (0 7168 -355 ) 
4 13 15 (4096 6144 -355 ) (4096 6144 922 ) (3072 6144 922 ) (3072 6144 -355 ) 
4 13 14 (3072 7168 922 ) (3072 7168 -355 ) (3072 6144 -355 ) (3072 6144 922 ) 
4 14 17 (2048 7168 922 ) (2048 7168 -355 ) (2048 6144 -355 ) (2048 6144 922 ) 
4 14 16 (3072 6144 -355 ) (3072 6144 922 ) (2048 6144 922 ) (2048 6144 -355 ) 
4 15 36 (4096 5120 -355 ) (4096 5120 922 ) (3072 5120 922 ) (3072 5120 -355 ) 
4 15 16 (3072 6144 922 ) (3072 6144 -355 ) (3072 5120 -355 ) (3072 5120 922 ) 
4 16 37 (3072 5120 -355 ) (3072 5120 922 ) (2048 5120 922 ) (2048 5120 -355 ) 
4 16 19 (2048 5120 -355 ) (2048 5120 922 ) (2048 6144 922 ) (2048 6144 -355 ) 
4 17 19 (2048 6144 -355 ) (2048 6144 922 ) (1024 6144 922 ) (1024 6144 -355 ) 
4 17 18 (1024 7168 922 ) (1024 7168 -355 ) (1024 6144 -355 ) (1024 6144 922 ) 
4 18 60 (0 6144 -355 ) (0 6144 922 ) (0 7168 922 ) (0 7168 -355 ) 
4 18 20 (1024 6144 -355 ) (1024 6144 922 ) (0 6144 922 ) (0 6144 -355 ) 
4 19 40 (2048 5120 -355 ) (2048 5120 922 ) (1024 5120 922 ) (1024 5120 -355 ) 
4 19 20 (1024 6144 922 ) (1024 6144 -355 ) (1024 5120 -355 ) (1024 5120 922 ) 
4 20 62 (0 5120 -355 ) (0 5120 922 ) (0 6144 922 ) (0 6144 -355 ) 
4 20 41 (1024 5120 -355 ) (1024 5120 922 ) (0 5120 922 ) (0 5120 -355 ) 
4 21 23 (6144 5120 922 ) (6144 5120 -355 ) (6144 4096 -355 ) (6144 4096 922 ) 
4 21 22 (6816 4096 922 ) (6144 4096 922 ) (6144 4096 -355 ) (6816 4096 -355 ) 
4 22 27 (6816 3072 922 ) (6144 3072 922 ) (6144 3072 -355 ) (6816 3072 -355 ) 
4 22 25 (6144 3072 -355 ) (6144 3072 922 ) (6144 4096 922 ) (6144 4096 -355 ) 
4 23 25 (6144 4096 -355 ) (6144 4096 922 ) (5120 4096 922 ) (5120 4096 -355 ) 
4 23 24 (5120 5120 922 ) (5120 5120 -355 ) (5120 4096 -355 ) (5120 4096 922 ) 
4 24 36 (4096 5120 922 ) (4096 5120 -355 ) (4096 4096 -355 ) (4096 4096 922 ) 
4 24 26 (5120 4096 -355 ) (5120 4096 922 ) (4096 4096 922 ) (4096 4096 -355 ) 
4 25 30 (6144 3072 -355 ) (6144 3072 922 ) (5120 3072 922 ) (5120 3072 -355 ) 
4 25 26 (5120 4096 922 ) (5120 4096 -355 ) (5120 3072 -355 ) (5120 3072 922 ) 
4 26 38 (4096 3072 -355 ) (4096 3072 922 ) (4096 4096 922 ) (4096 4096 -355 ) 
4 26 31 (5120 3072 -355 ) (5120 3072 922 ) (4096 3072 922 ) (4096 3072 -355 ) 
4 27 30 (6144 3072 922 ) (6144 3072 -355 ) (6144 2048 -355 ) (6144 2048 922 ) 
4 27 28 (6816 2048 922 ) (6144 2048 922 ) (6144 2048 -355 ) (6816 2048 -355 ) 
4 28 32 (6144 1024 -355 ) (6144 1024 922 ) (6144 2048 922 ) (6144 2048 -355 ) 
4 28 29 (6144 1024 922 ) (6144 1024 -355 ) (6816 1024 -355 ) (6816 1024 922 ) 
4 29 112 (6816 0 922 ) (6144 0 922 ) (6144 0 -355 ) (6816 0 -355 ) 
4 29 34 (6144 0 -355 ) (6144 0 922 ) (6144 1024 922 ) (6144 1024 -355 ) 
4 30 32 (6144 2048 -355 ) (6144 2048 922 ) (5120 2048 922 ) (5120 2048 -355 ) 
4 30 31 (5120 3072 922 ) (5120 3072 -355 ) (5120 2048 -355 ) (5120 2048 922 ) 
4 31 44 (4096 2048 -355 ) (4096 2048 922 ) (4096 3072 922 ) (4096 3072 -355 ) 
4 31 33 (5120 2048 -355 ) (5120 2048 922 ) (4096 2048 922 ) (4096 2048 -355 ) 
4 32 34 (6144 1024 -355 ) (6144 1024 922 ) (5120 1024 922 ) (5120 1024 -355 ) 
4 32 33 (5120 1024 -355 ) (5120 1024 922 ) (5120 2048 922 ) (5120 2048 -355 ) 
4 33 46 (4096 1024 -355 ) (4096 1024 922 ) (4096 2048 922 ) (4096 2048 -355 ) 
4 33 35 (4096 1024 922 ) (4096 1024 -355 ) (5120 1024 -355 ) (5120 1024 922 ) 
4 34 114 (6144 0 -355 ) (6144 0 922 ) (5120 0 922 ) (5120 0 -355 ) 
4 34 35 (5120 1024 922 ) (5120 1024 -355 ) (5120 0 -355 ) (5120 0 922 ) 
4 35 115 (5120 0 -355 ) (5120 0 922 ) (4096 0 922 ) (4096 0 -355 ) 
4 35 48 (4096 0 -355 ) (4096 0 922 ) (4096 1024 922 ) (4096 1024 -355 ) 
4 36 38 (4096 4096 -355 ) (4096 4096 922 ) (3072 4096 922 ) (3072 4096 -355 ) 
4 36 37 (3072 5120 922 ) (3072 5120 -355 ) (3072 4096 -355 ) (3072 4096 922 ) 
4 37 40 (2048 5120 922 ) (2048 5120 -355 ) (2048 4096 -355 ) (2048 4096 922 ) 
4 37 39 (3072 4096 -355 ) (3072 4096 922 ) (2048 4096 922 ) (2048 4096 -355 ) 
4 38 44 (4096 3072 -355 ) (4096 3072 922 ) (3072 3072 922 ) (3072 3072 -355 ) 
4 38 39 (3072 4096 922 ) (3072 4096 -355 ) (3072 3072 -355 ) (3072 3072 922 ) 
4 39 45 (3072 3072 -355 ) (3072 3072 922 ) (2048 3072 922 ) (2048 3072 -355 ) 
4 39 42 (2048 3072 -355 ) (2048 3072 922 ) (2048 4096 922 ) (2048 4096 -355 ) 
4 40 42 (2048 4096 -355 ) (2048 4096 922 ) (1024 4096 922 ) (1024 4096 -355 ) 
4 40 41 (1024 5120 922 ) (1024 5120 -355 ) (1024 4096 -355 ) (1024 4096 922 ) 
4 41 77 (0 4096 -355 ) (0 4096 922 ) (0 5120 922 ) (0 5120 -355 ) 
4 41 43 (1024 4096 -355 ) (1024 4096 922 ) (0 4096 922 ) (0 4096 -355 ) 
4 42 50 (2048 3072 -355 ) (2048 3072 922 ) (1024 3072 922 ) (1024 3072 -355 ) 
4 42 43 (1024 4096 922 ) (1024 4096 -355 ) (1024 3072 -355 ) (1024 3072 922 ) 
4 43 79 (0 3072 -355 ) (0 3072 922 ) (0 4096 922 ) (0 4096 -355 ) 
4 43 51 (1024 3072 -355 ) (1024 3072 922 ) (0 3072 922 ) (0 3072 -355 ) 
4 44 46 (4096 2048 -355 ) (4096 2048 922 ) (3072 2048 922 ) (3072 2048 -355 ) 
4 44 45 (3072 3072 922 ) (3072 3072 -355 ) (3072 2048 -355 ) (3072 2048 922 ) 
4 45 50 (2048 3072 922 ) (2048 3072 -355 ) (2048 2048 -355 ) (2048 2048 922 ) 
4 45 47 (3072 2048 -355 ) (3072 2048 922 ) (2048 2048 922 ) (2048 2048 -355 ) 
4 46 48 (4096 1024 -355 ) (4096 1024 922 ) (3072 1024 922 ) (3072 1024 -355 ) 
4 46 47 (3072 1024 -355 ) (3072 1024 922 ) (3072 2048 922 ) (3072 2048 -355 ) 
4 47 52 (2048 1024 -355 ) (2048 1024 922 ) (2048 2048 922 ) (2048 2048 -355 ) 
4 47 49 (2048 1024 922 ) (2048 1024 -355 ) (3072 1024 -355 ) (3072 1024 922 ) 
4 48 124 (4096 0 -355 ) (4096 0 922 ) (3072 0 922 ) (3072 0 -355 ) 
4 48 49 (3072 1024 922 ) (3072 1024 -355 ) (3072 0 -355 ) (3072 0 922 ) 
4 49 125 (3072 0 -355 ) (3072 0 922 ) (2048 0 922 ) (2048 0 -355 ) 
4 49 54 (2048 0 -355 ) (2048 0 922 ) (2048 1024 922 ) (2048 1024 -355 ) 
4 50 52 (2048 2048 -355 ) (2048 2048 922 ) (1024 2048 922 ) (1024 2048 -355 ) 
4 50 51 (1024 3072 922 ) (1024 3072 -355 ) (1024 2048 -355 ) (1024 2048 922 ) 
4 51 85 (0 2048 -355 ) (0 2048 922 ) (0 3072 922 ) (0 3072 -355 ) 
4 51 53 (1024 2048 -355 ) (1024 2048 922 ) (0 2048 922 ) (0 2048 -355 ) 
4 52 54 (2048 1024 -355 ) (2048 1024 922 ) (1024 1024 922 ) (1024 1024 -355 ) 
4 52 53 (1024 1024 -355 ) (1024 1024 922 ) (1024 2048 922 ) (1024 2048 -355 ) 
4 53 87 (0 1024 -355 ) (0 1024 922 ) (0 2048 922 ) (0 2048 -355 ) 
4 53 55 (0 1024 922 ) (0 1024 -355 ) (1024 1024 -355 ) (1024 1024 922 ) 
4 54 128 (2048 0 -355 ) (2048 0 922 ) (1024 0 922 ) (1024 0 -355 ) 
4 54 55 (1024 1024 922 ) (1024 1024 -355 ) (1024 0 -355 ) (1024 0 922 ) 
4 55 134 (16 0 922 ) (0 0 922 ) (0 0 -355 ) (16 0 -355 ) 
4 55 130 (48 0 922 ) (16 0 922 ) (16 0 -355 ) (48 0 -355 ) 
4 55 129 (1024 0 -355 ) (1024 0 922 ) (48 0 922 ) (48 0 -355 ) 
4 55 89 (0 0 -355 ) (0 0 922 ) (0 1024 922 ) (0 1024 -355 ) 
4 56 60 (0 7168 -355 ) (0 7168 922 ) (-1024 7168 922 ) (-1024 7168 -355 ) 
4 56 57 (-1024 7168 -355 ) (-1024 7168 922 ) (-1024 7520 922 ) (-1024 7520 -355 ) 
4 57 61 (-1024 7168 -355 ) (-1024 7168 922 ) (-2048 7168 922 ) (-2048 7168 -355 ) 
4 57 58 (-2048 7168 -355 ) (-2048 7168 922 ) (-2048 7520 922 ) (-2048 7520 -355 ) 
4 58 64 (-2048 7168 -355 ) (-2048 7168 922 ) (-3072 7168 922 ) (-3072 7168 -355 ) 
4 58 59 (-3072 7168 -355 ) (-3072 7168 922 ) (-3072 7520 922 ) (-3072 7520 -355 ) 
4 59 68 (-4096 7168 -355 ) (-4096 7168 922 ) (-4096 7520 922 ) (-4096 7520 -355 ) 
4 59 65 (-3072 7168 -355 ) (-3072 7168 922 ) (-4096 7168 922 ) (-4096 7168 -355 ) 
4 60 62 (0 6144 -355 ) (0 6144 922 ) (-1024 6144 922 ) (-1024 6144 -355 ) 
4 60 61 (-1024 7168 922 ) (-1024 7168 -355 ) (-1024 6144 -355 ) (-1024 6144 922 ) 
4 61 64 (-2048 7168 922 ) (-2048 7168 -355 ) (-2048 6144 -355 ) (-2048 6144 922 ) 
4 61 63 (-1024 6144 -355 ) (-1024 6144 922 ) (-2048 6144 922 ) (-2048 6144 -355 ) 
4 62 77 (0 5120 -355 ) (0 5120 922 ) (-1024 5120 922 ) (-1024 5120 -355 ) 
4 62 63 (-1024 6144 922 ) (-1024 6144 -355 ) (-1024 5120 -355 ) (-1024 5120 922 ) 
4 63 78 (-1024 5120 -355 ) (-1024 5120 922 ) (-2048 5120 922 ) (-2048 5120 -355 ) 
4 63 66 (-2048 5120 -355 ) (-2048 5120 922 ) (-2048 6144 922 ) (-2048 6144 -355 ) 
4 64 66 (-2048 6144 -355 ) (-2048 6144 922 ) (-3072 6144 922 ) (-3072 6144 -355 ) 
4 64 65 (-3072 7168 922 ) (-3072 7168 -355 ) (-3072 6144 -355 ) (-3072 6144 922 ) 
4 65 71 (-4096 6144 -355 ) (-4096 6144 922 ) (-4096 7168 922 ) (-4096 7168 -355 ) 
4 65 67 (-3072 6144 -355 ) (-3072 6144 922 ) (-4096 6144 922 ) (-4096 6144 -355 ) 
4 66 81 (-2048 5120 -355 ) (-2048 5120 922 ) (-3072 5120 922 ) (-3072 5120 -355 ) 
4 66 67 (-3072 6144 922 ) (-3072 6144 -355 ) (-3072 5120 -355 ) (-3072 5120 922 ) 
4 67 82 (-3072 5120 -355 ) (-3072 5120 922 ) (-4096 5120 922 ) (-4096 5120 -355 ) 
4 67 73 (-4096 5120 -355 ) (-4096 5120 922 ) (-4096 6144 922 ) (-4096 6144 -355 ) 
4 68 71 (-4096 7168 -355 ) (-4096 7168 922 ) (-5120 7168 922 ) (-5120 7168 -355 ) 
4 68 69 (-5120 7168 -355 ) (-5120 7168 922 ) (-5120 7520 922 ) (-5120 7520 -355 ) 
4 69 72 (-5120 7168 -355 ) (-5120 7168 922 ) (-6144 7168 922 ) (-6144 7168 -355 ) 
4 69 70 (-6144 7168 -355 ) (-6144 7168 922 ) (-6144 7520 922 ) (-6144 7520 -355 ) 
4 70 75 (-6144 7168 -355 ) (-6144 7168 922 ) (-7040 7168 922 ) (-7040 7168 -355 ) 
4 71 73 (-4096 6144 -355 ) (-4096 6144 922 ) (-5120 6144 922 ) (-5120 6144 -355 ) 
4 71 72 (-5120 7168 922 ) (-5120 7168 -355 ) (-5120 6144 -355 ) (-5120 6144 922 ) 
4 72 75 (-6144 7168 922 ) (-6144 7168 -355 ) (-6144 6144 -355 ) (-6144 6144 922 ) 
4 72 74 (-5120 6144 -355 ) (-5120 6144 922 ) (-6144 6144 922 ) (-6144 6144 -355 ) 
4 73 97 (-4096 5120 -355 ) (-4096 5120 922 ) (-5120 5120 922 ) (-5120 5120 -355 ) 
4 73 74 (-5120 6144 922 ) (-5120 6144 -355 ) (-5120 5120 -355 ) (-5120 5120 922 ) 
4 74 98 (-5120 5120 -355 ) (-5120 5120 922 ) (-6144 5120 922 ) (-6144 5120 -355 ) 
4 74 76 (-6144 5120 -355 ) (-6144 5120 922 ) (-6144 6144 922 ) (-6144 6144 -355 ) 
4 75 76 (-6144 6144 -355 ) (-6144 6144 922 ) (-7040 6144 922 ) (-7040 6144 -355 ) 
4 76 101 (-6144 5120 -355 ) (-6144 5120 922 ) (-7040 5120 922 ) (-7040 5120 -355 ) 
4 77 79 (0 4096 -355 ) (0 4096 922 ) (-1024 4096 922 ) (-1024 4096 -355 ) 
4 77 78 (-1024 5120 922 ) (-1024 5120 -355 ) (-1024 4096 -355 ) (-1024 4096 922 ) 
4 78 81 (-2048 5120 922 ) (-2048 5120 -355 ) (-2048 4096 -355 ) (-2048 4096 922 ) 
4 78 80 (-1024 4096 -355 ) (-1024 4096 922 ) (-2048 4096 922 ) (-2048 4096 -355 ) 
4 79 85 (0 3072 -355 ) (0 3072 922 ) (-1024 3072 922 ) (-1024 3072 -355 ) 
4 79 80 (-1024 4096 922 ) (-1024 4096 -355 ) (-1024 3072 -355 ) (-1024 3072 922 ) 
4 80 86 (-1024 3072 -355 ) (-1024 3072 922 ) (-2048 3072 922 ) (-2048 3072 -355 ) 
4 80 83 (-2048 3072 -355 ) (-2048 3072 922 ) (-2048 4096 922 ) (-2048 4096 -355 ) 
4 81 83 (-2048 4096 -355 ) (-2048 4096 922 ) (-3072 4096 922 ) (-3072 4096 -355 ) 
4 81 82 (-3072 5120 922 ) (-3072 5120 -355 ) (-3072 4096 -355 ) (-3072 4096 922 ) 
4 82 97 (-4096 5120 922 ) (-4096 5120 -355 ) (-4096 4096 -355 ) (-4096 4096 922 ) 
4 82 84 (-3072 4096 -355 ) (-3072 4096 922 ) (-4096 4096 922 ) (-4096 4096 -355 ) 
4 83 91 (-2048 3072 -355 ) (-2048 3072 922 ) (-3072 3072 922 ) (-3072 3072 -355 ) 
4 83 84 (-3072 4096 922 ) (-3072 4096 -355 ) (-3072 3072 -355 ) (-3072 3072 922 ) 
4 84 99 (-4096 3072 -355 ) (-4096 3072 922 ) (-4096 4096 922 ) (-4096 4096 -355 ) 
4 84 92 (-3072 3072 -355 ) (-3072 3072 922 ) (-4096 3072 922 ) (-4096 3072 -355 ) 
4 85 87 (0 2048 -355 ) (0 2048 922 ) (-1024 2048 922 ) (-1024 2048 -355 ) 
4 85 86 (-1024 3072 922 ) (-1024 3072 -355 ) (-1024 2048 -355 ) (-1024 2048 922 ) 
4 86 91 (-2048 3072 922 ) (-2048 3072 -355 ) (-2048 2048 -355 ) (-2048 2048 922 ) 
4 86 88 (-1024 2048 -355 ) (-1024 2048 922 ) (-2048 2048 922 ) (-2048 2048 -355 ) 
4 87 89 (0 1024 -355 ) (0 1024 922 ) (-1024 1024 922 ) (-1024 1024 -355 ) 
4 87 88 (-1024 1024 -355 ) (-1024 1024 922 ) (-1024 2048 922 ) (-1024 2048 -355 ) 
4 88 93 (-2048 1024 -355 ) (-2048 1024 922 ) (-2048 2048 922 ) (-2048 2048 -355 ) 
4 88 90 (-2048 1024 922 ) (-2048 1024 -355 ) (-1024 1024 -355 ) (-1024 1024 922 ) 
4 89 177 (0 0 -355 ) (0 0 -32 ) (-48 0 -32 ) (-48 0 -355 ) 
4 89 180 (-48 0 -32 ) (-1024 0 -32 ) (-1024 0 -355 ) (-48 0 -355 ) 
4 89 176 (0 0 -32 ) (0 0 922 ) (-1024 0 922 ) (-1024 0 -32 ) 
4 89 90 (-1024 1024 922 ) (-1024 1024 -355 ) (-1024 0 -355 ) (-1024 0 922 ) 
4 90 181 (-1024 0 -355 ) (-1024 0 922 ) (-2048 0 922 ) (-2048 0 -355 ) 
4 90 95 (-2048 0 -355 ) (-2048 0 922 ) (-2048 1024 922 ) (-2048 1024 -355 ) 
4 91 93 (-2048 2048 -355 ) (-2048 2048 922 ) (-3072 2048 922 ) (-3072 2048 -355 ) 
4 91 92 (-3072 3072 922 ) (-3072 3072 -355 ) (-3072 2048 -355 ) (-3072 2048 922 ) 
4 92 103 (-4096 2048 -355 ) (-4096 2048 922 ) (-4096 3072 922 ) (-4096 3072 -355 ) 
4 92 94 (-3072 2048 -355 ) (-3072 2048 922 ) (-4096 2048 922 ) (-4096 2048 -355 ) 
4 93 95 (-2048 1024 -355 ) (-2048 1024 922 ) (-3072 1024 922 ) (-3072 1024 -355 ) 
4 93 94 (-3072 1024 -355 ) (-3072 1024 922 ) (-3072 2048 922 ) (-3072 2048 -355 ) 
4 94 105 (-4096 1024 -355 ) (-4096 1024 922 ) (-4096 2048 922 ) (-4096 2048 -355 ) 
4 94 96 (-4096 1024 922 ) (-4096 1024 -355 ) (-3072 1024 -355 ) (-3072 1024 922 ) 
4 95 184 (-2048 0 -355 ) (-2048 0 922 ) (-3072 0 922 ) (-3072 0 -355 ) 
4 95 96 (-3072 1024 922 ) (-3072 1024 -355 ) (-3072 0 -355 ) (-3072 0 922 ) 
4 96 185 (-3072 0 -355 ) (-3072 0 922 ) (-4096 0 922 ) (-4096 0 -355 ) 
4 96 107 (-4096 0 -355 ) (-4096 0 922 ) (-4096 1024 922 ) (-4096 1024 -355 ) 
4 97 99 (-4096 4096 -355 ) (-4096 4096 922 ) (-5120 4096 922 ) (-5120 4096 -355 ) 
4 97 98 (-5120 5120 922 ) (-5120 5120 -355 ) (-5120 4096 -355 ) (-5120 4096 922 ) 
4 98 101 (-6144 5120 922 ) (-6144 5120 -355 ) (-6144 4096 -355 ) (-6144 4096 922 ) 
4 98 100 (-5120 4096 -355 ) (-5120 4096 922 ) (-6144 4096 922 ) (-6144 4096 -355 ) 
4 99 103 (-4096 3072 -355 ) (-4096 3072 922 ) (-5120 3072 922 ) (-5120 3072 -355 ) 
4 99 100 (-5120 4096 922 ) (-5120 4096 -355 ) (-5120 3072 -355 ) (-5120 3072 922 ) 
4 100 104 (-5120 3072 -355 ) (-5120 3072 922 ) (-6144 3072 922 ) (-6144 3072 -355 ) 
4 100 102 (-6144 3072 -355 ) (-6144 3072 922 ) (-6144 4096 922 ) (-6144 4096 -355 ) 
4 101 102 (-6144 4096 -355 ) (-6144 4096 922 ) (-7040 4096 922 ) (-7040 4096 -355 ) 
4 102 109 (-6144 3072 -355 ) (-6144 3072 922 ) (-7040 3072 922 ) (-7040 3072 -355 ) 
4 103 105 (-4096 2048 -355 ) (-4096 2048 922 ) (-5120 2048 922 ) (-5120 2048 -355 ) 
4 103 104 (-5120 3072 922 ) (-5120 3072 -355 ) (-5120 2048 -355 ) (-5120 2048 922 ) 
4 104 109 (-6144 3072 922 ) (-6144 3072 -355 ) (-6144 2048 -355 ) (-6144 2048 922 ) 
4 104 106 (-5120 2048 -355 ) (-5120 2048 922 ) (-6144 2048 922 ) (-6144 2048 -355 ) 
4 105 107 (-4096 1024 -355 ) (-4096 1024 922 ) (-5120 1024 922 ) (-5120 1024 -355 ) 
4 105 106 (-5120 1024 -355 ) (-5120 1024 922 ) (-5120 2048 922 ) (-5120 2048 -355 ) 
4 106 110 (-6144 1024 -355 ) (-6144 1024 922 ) (-6144 2048 922 ) (-6144 2048 -355 ) 
4 106 108 (-6144 1024 922 ) (-6144 1024 -355 ) (-5120 1024 -355 ) (-5120 1024 922 ) 
4 107 196 (-4096 0 -355 ) (-4096 0 922 ) (-5120 0 922 ) (-5120 0 -355 ) 
4 107 108 (-5120 1024 922 ) (-5120 1024 -355 ) (-5120 0 -355 ) (-5120 0 922 ) 
4 108 197 (-5120 0 -355 ) (-5120 0 922 ) (-6144 0 922 ) (-6144 0 -355 ) 
4 108 111 (-6144 0 -355 ) (-6144 0 922 ) (-6144 1024 922 ) (-6144 1024 -355 ) 
4 109 110 (-6144 2048 -355 ) (-6144 2048 922 ) (-7040 2048 922 ) (-7040 2048 -355 ) 
4 110 111 (-6144 1024 -355 ) (-6144 1024 922 ) (-7040 1024 922 ) (-7040 1024 -355 ) 
4 111 200 (-6144 0 -355 ) (-6144 0 922 ) (-7040 0 922 ) (-7040 0 -355 ) 
4 112 114 (6144 0 922 ) (6144 0 -355 ) (6144 -1024 -355 ) (6144 -1024 922 ) 
4 112 113 (6816 -1024 922 ) (6144 -1024 922 ) (6144 -1024 -355 ) (6816 -1024 -355 ) 
4 113 118 (6816 -2048 922 ) (6144 -2048 922 ) (6144 -2048 -355 ) (6816 -2048 -355 ) 
4 113 116 (6144 -2048 -355 ) (6144 -2048 922 ) (6144 -1024 922 ) (6144 -1024 -355 ) 
4 114 116 (6144 -1024 -355 ) (6144 -1024 922 ) (5120 -1024 922 ) (5120 -1024 -355 ) 
4 114 115 (5120 0 922 ) (5120 0 -355 ) (5120 -1024 -355 ) (5120 -1024 922 ) 
4 115 124 (4096 0 922 ) (4096 0 -355 ) (4096 -1024 -355 ) (4096 -1024 922 ) 
4 115 117 (5120 -1024 -355 ) (5120 -1024 922 ) (4096 -1024 922 ) (4096 -1024 -355 ) 
4 116 120 (6144 -2048 -355 ) (6144 -2048 922 ) (5120 -2048 922 ) (5120 -2048 -355 ) 
4 116 117 (5120 -1024 922 ) (5120 -1024 -355 ) (5120 -2048 -355 ) (5120 -2048 922 ) 
4 117 126 (4096 -2048 -355 ) (4096 -2048 922 ) (4096 -1024 922 ) (4096 -1024 -355 ) 
4 117 121 (5120 -2048 -355 ) (5120 -2048 922 ) (4096 -2048 922 ) (4096 -2048 -355 ) 
4 118 120 (6144 -2048 922 ) (6144 -2048 -355 ) (6144 -3072 -355 ) (6144 -3072 922 ) 
4 118 119 (6816 -3072 922 ) (6144 -3072 922 ) (6144 -3072 -355 ) (6816 -3072 -355 ) 
4 119 148 (6816 -4096 922 ) (6144 -4096 922 ) (6144 -4096 -355 ) (6816 -4096 -355 ) 
4 119 122 (6144 -4096 -355 ) (6144 -4096 922 ) (6144 -3072 922 ) (6144 -3072 -355 ) 
4 120 122 (6144 -3072 -355 ) (6144 -3072 922 ) (5120 -3072 922 ) (5120 -3072 -355 ) 
4 120 121 (5120 -2048 922 ) (5120 -2048 -355 ) (5120 -3072 -355 ) (5120 -3072 922 ) 
4 121 140 (4096 -3072 -355 ) (4096 -3072 922 ) (4096 -2048 922 ) (4096 -2048 -355 ) 
4 121 123 (5120 -3072 -355 ) (5120 -3072 922 ) (4096 -3072 922 ) (4096 -3072 -355 ) 
4 122 150 (6144 -4096 -355 ) (6144 -4096 922 ) (5120 -4096 922 ) (5120 -4096 -355 ) 
4 122 123 (5120 -3072 922 ) (5120 -3072 -355 ) (5120 -4096 -355 ) (5120 -4096 922 ) 
4 123 151 (5120 -4096 -355 ) (5120 -4096 922 ) (4096 -4096 922 ) (4096 -4096 -355 ) 
4 123 142 (4096 -4096 -355 ) (4096 -4096 922 ) (4096 -3072 922 ) (4096 -3072 -355 ) 
4 124 126 (4096 -1024 -355 ) (4096 -1024 922 ) (3072 -1024 922 ) (3072 -1024 -355 ) 
4 124 125 (3072 0 922 ) (3072 0 -355 ) (3072 -1024 -355 ) (3072 -1024 922 ) 
4 125 128 (2048 0 922 ) (2048 0 -355 ) (2048 -1024 -355 ) (2048 -1024 922 ) 
4 125 127 (3072 -1024 -355 ) (3072 -1024 922 ) (2048 -1024 922 ) (2048 -1024 -355 ) 
4 126 140 (4096 -2048 -355 ) (4096 -2048 922 ) (3072 -2048 922 ) (3072 -2048 -355 ) 
4 126 127 (3072 -1024 922 ) (3072 -1024 -355 ) (3072 -2048 -355 ) (3072 -2048 922 ) 
4 127 141 (3072 -2048 -355 ) (3072 -2048 922 ) (2048 -2048 922 ) (2048 -2048 -355 ) 
4 127 138 (2048 -2048 -355 ) (2048 -2048 922 ) (2048 -1024 922 ) (2048 -1024 -355 ) 
4 128 138 (2048 -1024 -355 ) (2048 -1024 922 ) (1024 -1024 922 ) (1024 -1024 -355 ) 
4 128 129 (1024 0 922 ) (1024 0 -355 ) (1024 -1024 -355 ) (1024 -1024 922 ) 
4 129 139 (1024 -1024 -355 ) (1024 -1024 922 ) (48 -1024 922 ) (48 -1024 -355 ) 
4 129 131 (48 -112 0 ) (48 -112 922 ) (48 -80 922 ) (48 -80 0 ) 
4 129 132 (48 -80 -355 ) (48 -112 -355 ) (48 -112 -176 ) (48 -80 -176 ) 
4 129 130 (48 0 -355 ) (48 -80 -355 ) (48 -80 922 ) (48 0 922 ) 
4 129 133 (48 -112 -355 ) (48 -1024 -355 ) (48 -1024 922 ) (48 -112 922 ) 
4 130 134 (16 0 922 ) (16 0 -355 ) (16 -80 -355 ) (16 -80 922 ) 
4 130 131 (48 -80 0 ) (48 -80 922 ) (16 -80 922 ) (16 -80 0 ) 
4 130 132 (48 -80 -355 ) (48 -80 -176 ) (16 -80 -176 ) (16 -80 -355 ) 
4 131 135 (16 -112 0 ) (16 -112 922 ) (16 -80 922 ) (16 -80 0 ) 
4 131 133 (48 -112 0 ) (48 -112 922 ) (16 -112 922 ) (16 -112 0 ) 
4 132 136 (16 -80 -355 ) (16 -112 -355 ) (16 -112 -176 ) (16 -80 -176 ) 
4 132 133 (48 -112 -355 ) (48 -112 -176 ) (16 -112 -176 ) (16 -112 -355 ) 
4 133 139 (48 -1024 922 ) (16 -1024 922 ) (16 -1024 -355 ) (48 -1024 -355 ) 
4 133 137 (16 -112 -355 ) (16 -1024 -355 ) (16 -1024 922 ) (16 -112 922 ) 
4 134 177 (0 0 -32 ) (0 0 -355 ) (0 -80 -355 ) (0 -80 -32 ) 
4 134 176 (0 0 922 ) (0 0 -32 ) (0 -80 -32 ) (0 -80 922 ) 
4 134 135 (16 -80 -32 ) (16 -80 922 ) (0 -80 922 ) (0 -80 -32 ) 
4 134 136 (0 -80 -355 ) (16 -80 -355 ) (16 -80 -48 ) (0 -80 -48 ) 
4 135 176 (0 -112 -32 ) (0 -112 922 ) (0 -80 922 ) (0 -80 -32 ) 
4 135 137 (16 -112 -32 ) (16 -112 922 ) (0 -112 922 ) (0 -112 -32 ) 
4 136 178 (0 -80 -355 ) (0 -112 -355 ) (0 -112 -48 ) (0 -80 -48 ) 
4 136 137 (0 -112 -355 ) (16 -112 -355 ) (16 -112 -48 ) (0 -112 -48 ) 
4 137 179 (0 -112 -355 ) (0 -1024 -355 ) (0 -1024 -32 ) (0 -112 -32 ) 
4 137 176 (0 -1024 -32 ) (0 -1024 922 ) (0 -112 922 ) (0 -112 -32 ) 
4 137 139 (0 -1024 922 ) (0 -1024 -355 ) (16 -1024 -355 ) (16 -1024 922 ) 
4 138 144 (2048 -2048 -355 ) (2048 -2048 922 ) (1024 -2048 922 ) (1024 -2048 -355 ) 
4 138 139 (1024 -1024 922 ) (1024 -1024 -355 ) (1024 -2048 -355 ) (1024 -2048 922 ) 
4 139 182 (0 -2048 -355 ) (0 -2048 922 ) (0 -1024 922 ) (0 -1024 -355 ) 
4 139 145 (1024 -2048 -355 ) (1024 -2048 922 ) (0 -2048 922 ) (0 -2048 -355 ) 
4 140 142 (4096 -3072 -355 ) (4096 -3072 922 ) (3072 -3072 922 ) (3072 -3072 -355 ) 
4 140 141 (3072 -2048 922 ) (3072 -2048 -355 ) (3072 -3072 -355 ) (3072 -3072 922 ) 
4 141 144 (2048 -2048 922 ) (2048 -2048 -355 ) (2048 -3072 -355 ) (2048 -3072 922 ) 
4 141 143 (3072 -3072 -355 ) (3072 -3072 922 ) (2048 -3072 922 ) (2048 -3072 -355 ) 
4 142 160 (4096 -4096 -355 ) (4096 -4096 922 ) (3072 -4096 922 ) (3072 -4096 -355 ) 
4 142 143 (3072 -3072 922 ) (3072 -3072 -355 ) (3072 -4096 -355 ) (3072 -4096 922 ) 
4 143 161 (3072 -4096 -355 ) (3072 -4096 922 ) (2048 -4096 922 ) (2048 -4096 -355 ) 
4 143 146 (2048 -4096 -355 ) (2048 -4096 922 ) (2048 -3072 922 ) (2048 -3072 -355 ) 
4 144 146 (2048 -3072 -355 ) (2048 -3072 922 ) (1024 -3072 922 ) (1024 -3072 -355 ) 
4 144 145 (1024 -2048 922 ) (1024 -2048 -355 ) (1024 -3072 -355 ) (1024 -3072 922 ) 
4 145 188 (0 -3072 -355 ) (0 -3072 922 ) (0 -2048 922 ) (0 -2048 -355 ) 
4 145 147 (1024 -3072 -355 ) (1024 -3072 922 ) (0 -3072 922 ) (0 -3072 -355 ) 
4 146 164 (2048 -4096 -355 ) (2048 -4096 922 ) (1024 -4096 922 ) (1024 -4096 -355 ) 
4 146 147 (1024 -3072 922 ) (1024 -3072 -355 ) (1024 -4096 -355 ) (1024 -4096 922 ) 
4 147 190 (0 -4096 -355 ) (0 -4096 922 ) (0 -3072 922 ) (0 -3072 -355 ) 
4 147 165 (1024 -4096 -355 ) (1024 -4096 922 ) (0 -4096 922 ) (0 -4096 -355 ) 
4 148 150 (6144 -4096 922 ) (6144 -4096 -355 ) (6144 -5120 -355 ) (6144 -5120 922 ) 
4 148 149 (6816 -5120 922 ) (6144 -5120 922 ) (6144 -5120 -355 ) (6816 -5120 -355 ) 
4 149 154 (6816 -6144 922 ) (6144 -6144 922 ) (6144 -6144 -355 ) (6816 -6144 -355 ) 
4 149 152 (6144 -6144 -355 ) (6144 -6144 922 ) (6144 -5120 922 ) (6144 -5120 -355 ) 
4 150 152 (6144 -5120 -355 ) (6144 -5120 922 ) (5120 -5120 922 ) (5120 -5120 -355 ) 
4 150 151 (5120 -4096 922 ) (5120 -4096 -355 ) (5120 -5120 -355 ) (5120 -5120 922 ) 
4 151 160 (4096 -4096 922 ) (4096 -4096 -355 ) (4096 -5120 -355 ) (4096 -5120 922 ) 
4 151 153 (5120 -5120 -355 ) (5120 -5120 922 ) (4096 -5120 922 ) (4096 -5120 -355 ) 
4 152 156 (6144 -6144 -355 ) (6144 -6144 922 ) (5120 -6144 922 ) (5120 -6144 -355 ) 
4 152 153 (5120 -5120 922 ) (5120 -5120 -355 ) (5120 -6144 -355 ) (5120 -6144 922 ) 
4 153 162 (4096 -6144 -355 ) (4096 -6144 922 ) (4096 -5120 922 ) (4096 -5120 -355 ) 
4 153 157 (5120 -6144 -355 ) (5120 -6144 922 ) (4096 -6144 922 ) (4096 -6144 -355 ) 
4 154 156 (6144 -6144 922 ) (6144 -6144 -355 ) (6144 -7168 -355 ) (6144 -7168 922 ) 
4 154 155 (6816 -7168 922 ) (6144 -7168 922 ) (6144 -7168 -355 ) (6816 -7168 -355 ) 
4 155 158 (6144 -7776 922 ) (6144 -7168 922 ) (6144 -7168 -355 ) (6144 -7776 -355 ) 
4 156 158 (6144 -7168 -355 ) (6144 -7168 922 ) (5120 -7168 922 ) (5120 -7168 -355 ) 
4 156 157 (5120 -6144 922 ) (5120 -6144 -355 ) (5120 -7168 -355 ) (5120 -7168 922 ) 
4 157 168 (4096 -7168 -355 ) (4096 -7168 922 ) (4096 -6144 922 ) (4096 -6144 -355 ) 
4 157 159 (5120 -7168 -355 ) (5120 -7168 922 ) (4096 -7168 922 ) (4096 -7168 -355 ) 
4 158 159 (5120 -7776 922 ) (5120 -7168 922 ) (5120 -7168 -355 ) (5120 -7776 -355 ) 
4 159 170 (4096 -7776 922 ) (4096 -7168 922 ) (4096 -7168 -355 ) (4096 -7776 -355 ) 
4 160 162 (4096 -5120 -355 ) (4096 -5120 922 ) (3072 -5120 922 ) (3072 -5120 -355 ) 
4 160 161 (3072 -4096 922 ) (3072 -4096 -355 ) (3072 -5120 -355 ) (3072 -5120 922 ) 
4 161 164 (2048 -4096 922 ) (2048 -4096 -355 ) (2048 -5120 -355 ) (2048 -5120 922 ) 
4 161 163 (3072 -5120 -355 ) (3072 -5120 922 ) (2048 -5120 922 ) (2048 -5120 -355 ) 
4 162 168 (4096 -6144 -355 ) (4096 -6144 922 ) (3072 -6144 922 ) (3072 -6144 -355 ) 
4 162 163 (3072 -5120 922 ) (3072 -5120 -355 ) (3072 -6144 -355 ) (3072 -6144 922 ) 
4 163 169 (3072 -6144 -355 ) (3072 -6144 922 ) (2048 -6144 922 ) (2048 -6144 -355 ) 
4 163 166 (2048 -6144 -355 ) (2048 -6144 922 ) (2048 -5120 922 ) (2048 -5120 -355 ) 
4 164 166 (2048 -5120 -355 ) (2048 -5120 922 ) (1024 -5120 922 ) (1024 -5120 -355 ) 
4 164 165 (1024 -4096 922 ) (1024 -4096 -355 ) (1024 -5120 -355 ) (1024 -5120 922 ) 
4 165 208 (0 -5120 -355 ) (0 -5120 922 ) (0 -4096 922 ) (0 -4096 -355 ) 
4 165 167 (1024 -5120 -355 ) (1024 -5120 922 ) (0 -5120 922 ) (0 -5120 -355 ) 
4 166 172 (2048 -6144 -355 ) (2048 -6144 922 ) (1024 -6144 922 ) (1024 -6144 -355 ) 
4 166 167 (1024 -5120 922 ) (1024 -5120 -355 ) (1024 -6144 -355 ) (1024 -6144 922 ) 
4 167 210 (0 -6144 -355 ) (0 -6144 922 ) (0 -5120 922 ) (0 -5120 -355 ) 
4 167 173 (1024 -6144 -355 ) (1024 -6144 922 ) (0 -6144 922 ) (0 -6144 -355 ) 
4 168 170 (4096 -7168 -355 ) (4096 -7168 922 ) (3072 -7168 922 ) (3072 -7168 -355 ) 
4 168 169 (3072 -6144 922 ) (3072 -6144 -355 ) (3072 -7168 -355 ) (3072 -7168 922 ) 
4 169 172 (2048 -6144 922 ) (2048 -6144 -355 ) (2048 -7168 -355 ) (2048 -7168 922 ) 
4 169 171 (3072 -7168 -355 ) (3072 -7168 922 ) (2048 -7168 922 ) (2048 -7168 -355 ) 
4 170 171 (3072 -7776 922 ) (3072 -7168 922 ) (3072 -7168 -355 ) (3072 -7776 -355 ) 
4 171 174 (2048 -7776 922 ) (2048 -7168 922 ) (2048 -7168 -355 ) (2048 -7776 -355 ) 
4 172 174 (2048 -7168 -355 ) (2048 -7168 922 ) (1024 -7168 922 ) (1024 -7168 -355 ) 
4 172 173 (1024 -6144 922 ) (1024 -6144 -355 ) (1024 -7168 -355 ) (1024 -7168 922 ) 
4 173 216 (0 -7168 -355 ) (0 -7168 922 ) (0 -6144 922 ) (0 -6144 -355 ) 
4 173 175 (1024 -7168 -355 ) (1024 -7168 922 ) (0 -7168 922 ) (0 -7168 -355 ) 
4 174 175 (1024 -7776 922 ) (1024 -7168 922 ) (1024 -7168 -355 ) (1024 -7776 -355 ) 
4 175 218 (0 -7776 922 ) (0 -7168 922 ) (0 -7168 -355 ) (0 -7776 -355 ) 
4 176 182 (0 -1024 -32 ) (0 -1024 922 ) (-1024 -1024 922 ) (-1024 -1024 -32 ) 
4 176 181 (-1024 0 922 ) (-1024 0 -32 ) (-1024 -1024 -32 ) (-1024 -1024 922 ) 
4 176 177 (-48 0 -32 ) (0 0 -32 ) (0 -80 -32 ) (-48 -80 -32 ) 
4 176 179 (0 -112 -32 ) (0 -1024 -32 ) (-48 -1024 -32 ) (-48 -112 -32 ) 
4 176 180 (-1024 -1024 -32 ) (-1024 0 -32 ) (-48 0 -32 ) (-48 -1024 -32 ) 
4 177 178 (-48 -80 -48 ) (-48 -80 -355 ) (0 -80 -355 ) (0 -80 -48 ) 
4 177 180 (-48 0 -355 ) (-48 -80 -355 ) (-48 -80 -32 ) (-48 0 -32 ) 
4 178 180 (-48 -80 -355 ) (-48 -112 -355 ) (-48 -112 -48 ) (-48 -80 -48 ) 
4 178 179 (-48 -112 -48 ) (-48 -112 -355 ) (0 -112 -355 ) (0 -112 -48 ) 
4 179 182 (0 -1024 -355 ) (0 -1024 -32 ) (-48 -1024 -32 ) (-48 -1024 -355 ) 
4 179 180 (-48 -112 -355 ) (-48 -1024 -355 ) (-48 -1024 -32 ) (-48 -112 -32 ) 
4 180 182 (-48 -1024 -32 ) (-1024 -1024 -32 ) (-1024 -1024 -355 ) (-48 -1024 -355 ) 
4 180 181 (-1024 0 -32 ) (-1024 0 -355 ) (-1024 -1024 -355 ) (-1024 -1024 -32 ) 
4 181 184 (-2048 0 922 ) (-2048 0 -355 ) (-2048 -1024 -355 ) (-2048 -1024 922 ) 
4 181 183 (-1024 -1024 -355 ) (-1024 -1024 922 ) (-2048 -1024 922 ) (-2048 -1024 -355 ) 
4 182 188 (0 -2048 -355 ) (0 -2048 922 ) (-1024 -2048 922 ) (-1024 -2048 -355 ) 
4 182 183 (-1024 -1024 922 ) (-1024 -1024 -355 ) (-1024 -2048 -355 ) (-1024 -2048 922 ) 
4 183 189 (-1024 -2048 -355 ) (-1024 -2048 922 ) (-2048 -2048 922 ) (-2048 -2048 -355 ) 
4 183 186 (-2048 -2048 -355 ) (-2048 -2048 922 ) (-2048 -1024 922 ) (-2048 -1024 -355 ) 
4 184 186 (-2048 -1024 -355 ) (-2048 -1024 922 ) (-3072 -1024 922 ) (-3072 -1024 -355 ) 
4 184 185 (-3072 0 922 ) (-3072 0 -355 ) (-3072 -1024 -355 ) (-3072 -1024 922 ) 
4 185 196 (-4096 0 922 ) (-4096 0 -355 ) (-4096 -1024 -355 ) (-4096 -1024 922 ) 
4 185 187 (-3072 -1024 -355 ) (-3072 -1024 922 ) (-4096 -1024 922 ) (-4096 -1024 -355 ) 
4 186 192 (-2048 -2048 -355 ) (-2048 -2048 922 ) (-3072 -2048 922 ) (-3072 -2048 -355 ) 
4 186 187 (-3072 -1024 922 ) (-3072 -1024 -355 ) (-3072 -2048 -355 ) (-3072 -2048 922 ) 
4 187 198 (-4096 -2048 -355 ) (-4096 -2048 922 ) (-4096 -1024 922 ) (-4096 -1024 -355 ) 
4 187 193 (-3072 -2048 -355 ) (-3072 -2048 922 ) (-4096 -2048 922 ) (-4096 -2048 -355 ) 
4 188 190 (0 -3072 -355 ) (0 -3072 922 ) (-1024 -3072 922 ) (-1024 -3072 -355 ) 
4 188 189 (-1024 -2048 922 ) (-1024 -2048 -355 ) (-1024 -3072 -355 ) (-1024 -3072 922 ) 
4 189 192 (-2048 -2048 922 ) (-2048 -2048 -355 ) (-2048 -3072 -355 ) (-2048 -3072 922 ) 
4 189 191 (-1024 -3072 -355 ) (-1024 -3072 922 ) (-2048 -3072 922 ) (-2048 -3072 -355 ) 
4 190 208 (0 -4096 -355 ) (0 -4096 922 ) (-1024 -4096 922 ) (-1024 -4096 -355 ) 
4 190 191 (-1024 -3072 922 ) (-1024 -3072 -355 ) (-1024 -4096 -355 ) (-1024 -4096 922 ) 
4 191 209 (-1024 -4096 -355 ) (-1024 -4096 922 ) (-2048 -4096 922 ) (-2048 -4096 -355 ) 
4 191 194 (-2048 -4096 -355 ) (-2048 -4096 922 ) (-2048 -3072 922 ) (-2048 -3072 -355 ) 
4 192 194 (-2048 -3072 -355 ) (-2048 -3072 922 ) (-3072 -3072 922 ) (-3072 -3072 -355 ) 
4 192 193 (-3072 -2048 922 ) (-3072 -2048 -355 ) (-3072 -3072 -355 ) (-3072 -3072 922 ) 
4 193 202 (-4096 -3072 -355 ) (-4096 -3072 922 ) (-4096 -2048 922 ) (-4096 -2048 -355 ) 
4 193 195 (-3072 -3072 -355 ) (-3072 -3072 922 ) (-4096 -3072 922 ) (-4096 -3072 -355 ) 
4 194 212 (-2048 -4096 -355 ) (-2048 -4096 922 ) (-3072 -4096 922 ) (-3072 -4096 -355 ) 
4 194 195 (-3072 -3072 922 ) (-3072 -3072 -355 ) (-3072 -4096 -355 ) (-3072 -4096 922 ) 
4 195 213 (-3072 -4096 -355 ) (-3072 -4096 922 ) (-4096 -4096 922 ) (-4096 -4096 -355 ) 
4 195 204 (-4096 -4096 -355 ) (-4096 -4096 922 ) (-4096 -3072 922 ) (-4096 -3072 -355 ) 
4 196 198 (-4096 -1024 -355 ) (-4096 -1024 922 ) (-5120 -1024 922 ) (-5120 -1024 -355 ) 
4 196 197 (-5120 0 922 ) (-5120 0 -355 ) (-5120 -1024 -355 ) (-5120 -1024 922 ) 
4 197 200 (-6144 0 922 ) (-6144 0 -355 ) (-6144 -1024 -355 ) (-6144 -1024 922 ) 
4 197 199 (-5120 -1024 -355 ) (-5120 -1024 922 ) (-6144 -1024 922 ) (-6144 -1024 -355 ) 
4 198 202 (-4096 -2048 -355 ) (-4096 -2048 922 ) (-5120 -2048 922 ) (-5120 -2048 -355 ) 
4 198 199 (-5120 -1024 922 ) (-5120 -1024 -355 ) (-5120 -2048 -355 ) (-5120 -2048 922 ) 
4 199 203 (-5120 -2048 -355 ) (-5120 -2048 922 ) (-6144 -2048 922 ) (-6144 -2048 -355 ) 
4 199 201 (-6144 -2048 -355 ) (-6144 -2048 922 ) (-6144 -1024 922 ) (-6144 -1024 -355 ) 
4 200 201 (-6144 -1024 -355 ) (-6144 -1024 922 ) (-7040 -1024 922 ) (-7040 -1024 -355 ) 
4 201 206 (-6144 -2048 -355 ) (-6144 -2048 922 ) (-7040 -2048 922 ) (-7040 -2048 -355 ) 
4 202 204 (-4096 -3072 -355 ) (-4096 -3072 922 ) (-5120 -3072 922 ) (-5120 -3072 -355 ) 
4 202 203 (-5120 -2048 922 ) (-5120 -2048 -355 ) (-5120 -3072 -355 ) (-5120 -3072 922 ) 
4 203 206 (-6144 -2048 922 ) (-6144 -2048 -355 ) (-6144 -3072 -355 ) (-6144 -3072 922 ) 
4 203 205 (-5120 -3072 -355 ) (-5120 -3072 922 ) (-6144 -3072 922 ) (-6144 -3072 -355 ) 
4 204 224 (-4096 -4096 -355 ) (-4096 -4096 922 ) (-5120 -4096 922 ) (-5120 -4096 -355 ) 
4 204 205 (-5120 -3072 922 ) (-5120 -3072 -355 ) (-5120 -4096 -355 ) (-5120 -4096 922 ) 
4 205 225 (-5120 -4096 -355 ) (-5120 -4096 922 ) (-6144 -4096 922 ) (-6144 -4096 -355 ) 
4 205 207 (-6144 -4096 -355 ) (-6144 -4096 922 ) (-6144 -3072 922 ) (-6144 -3072 -355 ) 
4 206 207 (-6144 -3072 -355 ) (-6144 -3072 922 ) (-7040 -3072 922 ) (-7040 -3072 -355 ) 
4 207 228 (-6144 -4096 -355 ) (-6144 -4096 922 ) (-7040 -4096 922 ) (-7040 -4096 -355 ) 
4 208 210 (0 -5120 -355 ) (0 -5120 922 ) (-1024 -5120 922 ) (-1024 -5120 -355 ) 
4 208 209 (-1024 -4096 922 ) (-1024 -4096 -355 ) (-1024 -5120 -355 ) (-1024 -5120 922 ) 
4 209 212 (-2048 -4096 922 ) (-2048 -4096 -355 ) (-2048 -5120 -355 ) (-2048 -5120 922 ) 
4 209 211 (-1024 -5120 -355 ) (-1024 -5120 922 ) (-2048 -5120 922 ) (-2048 -5120 -355 ) 
4 210 216 (0 -6144 -355 ) (0 -6144 922 ) (-1024 -6144 922 ) (-1024 -6144 -355 ) 
4 210 211 (-1024 -5120 922 ) (-1024 -5120 -355 ) (-1024 -6144 -355 ) (-1024 -6144 922 ) 
4 211 217 (-1024 -6144 -355 ) (-1024 -6144 922 ) (-2048 -6144 922 ) (-2048 -6144 -355 ) 
4 211 214 (-2048 -6144 -355 ) (-2048 -6144 922 ) (-2048 -5120 922 ) (-2048 -5120 -355 ) 
4 212 214 (-2048 -5120 -355 ) (-2048 -5120 922 ) (-3072 -5120 922 ) (-3072 -5120 -355 ) 
4 212 213 (-3072 -4096 922 ) (-3072 -4096 -355 ) (-3072 -5120 -355 ) (-3072 -5120 922 ) 
4 213 224 (-4096 -4096 922 ) (-4096 -4096 -355 ) (-4096 -5120 -355 ) (-4096 -5120 922 ) 
4 213 215 (-3072 -5120 -355 ) (-3072 -5120 922 ) (-4096 -5120 922 ) (-4096 -5120 -355 ) 
4 214 220 (-2048 -6144 -355 ) (-2048 -6144 922 ) (-3072 -6144 922 ) (-3072 -6144 -355 ) 
4 214 215 (-3072 -5120 922 ) (-3072 -5120 -355 ) (-3072 -6144 -355 ) (-3072 -6144 922 ) 
4 215 226 (-4096 -6144 -355 ) (-4096 -6144 922 ) (-4096 -5120 922 ) (-4096 -5120 -355 ) 
4 215 221 (-3072 -6144 -355 ) (-3072 -6144 922 ) (-4096 -6144 922 ) (-4096 -6144 -355 ) 
4 216 218 (0 -7168 -355 ) (0 -7168 922 ) (-1024 -7168 922 ) (-1024 -7168 -355 ) 
4 216 217 (-1024 -6144 922 ) (-1024 -6144 -355 ) (-1024 -7168 -355 ) (-1024 -7168 922 ) 
4 217 220 (-2048 -6144 922 ) (-2048 -6144 -355 ) (-2048 -7168 -355 ) (-2048 -7168 922 ) 
4 217 219 (-1024 -7168 -355 ) (-1024 -7168 922 ) (-2048 -7168 922 ) (-2048 -7168 -355 ) 
4 218 219 (-1024 -7776 922 ) (-1024 -7168 922 ) (-1024 -7168 -355 ) (-1024 -7776 -355 ) 
4 219 222 (-2048 -7776 922 ) (-2048 -7168 922 ) (-2048 -7168 -355 ) (-2048 -7776 -355 ) 
4 220 222 (-2048 -7168 -355 ) (-2048 -7168 922 ) (-3072 -7168 922 ) (-3072 -7168 -355 ) 
4 220 221 (-3072 -6144 922 ) (-3072 -6144 -355 ) (-3072 -7168 -355 ) (-3072 -7168 922 ) 
4 221 230 (-4096 -7168 -355 ) (-4096 -7168 922 ) (-4096 -6144 922 ) (-4096 -6144 -355 ) 
4 221 223 (-3072 -7168 -355 ) (-3072 -7168 922 ) (-4096 -7168 922 ) (-4096 -7168 -355 ) 
4 222 223 (-3072 -7776 922 ) (-3072 -7168 922 ) (-3072 -7168 -355 ) (-3072 -7776 -355 ) 
4 223 232 (-4096 -7776 922 ) (-4096 -7168 922 ) (-4096 -7168 -355 ) (-4096 -7776 -355 ) 
4 224 226 (-4096 -5120 -355 ) (-4096 -5120 922 ) (-5120 -5120 922 ) (-5120 -5120 -355 ) 
4 224 225 (-5120 -4096 922 ) (-5120 -4096 -355 ) (-5120 -5120 -355 ) (-5120 -5120 922 ) 
4 225 228 (-6144 -4096 922 ) (-6144 -4096 -355 ) (-6144 -5120 -355 ) (-6144 -5120 922 ) 
4 225 227 (-5120 -5120 -355 ) (-5120 -5120 922 ) (-6144 -5120 922 ) (-6144 -5120 -355 ) 
4 226 230 (-4096 -6144 -355 ) (-4096 -6144 922 ) (-5120 -6144 922 ) (-5120 -6144 -355 ) 
4 226 227 (-5120 -5120 922 ) (-5120 -5120 -355 ) (-5120 -6144 -355 ) (-5120 -6144 922 ) 
4 227 231 (-5120 -6144 -355 ) (-5120 -6144 922 ) (-6144 -6144 922 ) (-6144 -6144 -355 ) 
4 227 229 (-6144 -6144 -355 ) (-6144 -6144 922 ) (-6144 -5120 922 ) (-6144 -5120 -355 ) 
4 228 229 (-6144 -5120 -355 ) (-6144 -5120 922 ) (-7040 -5120 922 ) (-7040 -5120 -355 ) 
4 229 234 (-6144 -6144 -355 ) (-6144 -6144 922 ) (-7040 -6144 922 ) (-7040 -6144 -355 ) 
4 230 232 (-4096 -7168 -355 ) (-4096 -7168 922 ) (-5120 -7168 922 ) (-5120 -7168 -355 ) 
4 230 231 (-5120 -6144 922 ) (-5120 -6144 -355 ) (-5120 -7168 -355 ) (-5120 -7168 922 ) 
4 231 234 (-6144 -6144 922 ) (-6144 -6144 -355 ) (-6144 -7168 -355 ) (-6144 -7168 922 ) 
4 231 233 (-5120 -7168 -355 ) (-5120 -7168 922 ) (-6144 -7168 922 ) (-6144 -7168 -355 ) 
4 232 233 (-5120 -7776 922 ) (-5120 -7168 922 ) (-5120 -7168 -355 ) (-5120 -7776 -355 ) 
4 233 235 (-6144 -7776 922 ) (-6144 -7168 922 ) (-6144 -7168 -355 ) (-6144 -7776 -355 ) 
4 234 235 (-6144 -7168 -355 ) (-6144 -7168 922 ) (-7040 -7168 922 ) (-7040 -7168 -355 ) 
