PRT1
144
358
4 0 17 (1024 0 256 ) (1024 0 384 ) (1024 192 384 ) (1024 192 256 ) 
4 0 3 (1024 0 384 ) (1024 0 256 ) (1376 0 256 ) (1376 0 384 ) 
4 0 1 (1368 192 256 ) (1376 192 256 ) (1376 0 256 ) (1368 0 256 ) 
4 0 2 (1216 192 256 ) (1368 192 256 ) (1368 0 256 ) (1216 0 256 ) 
4 1 5 (1376 0 96 ) (1376 0 256 ) (1368 0 256 ) (1368 0 96 ) 
4 1 2 (1368 0 96 ) (1368 0 256 ) (1368 192 256 ) (1368 192 96 ) 
4 2 6 (1216 0 0 ) (1368 0 0 ) (1368 0 256 ) (1216 0 256 ) 
4 3 43 (1024 -608.001038 384 ) (1024 0 384 ) (1024 0 256 ) (1024 -480 256 ) 
4 3 7 (1376 -192 256 ) (1376 -480 256 ) (1024 -480 256 ) (1024 -192 256 ) 
4 3 5 (1368 0 256 ) (1376 0 256 ) (1376 -192 256 ) (1368 -192 256 ) 
4 3 6 (1216 0 256 ) (1368 0 256 ) (1368 -192 256 ) (1216 -192 256 ) 
4 4 44 (1024 -1024 256 ) (1024 -1024 384 ) (1024 -744 384 ) (1024 -864.001343 256 ) 
4 4 15 (1376 -864 256 ) (1376 -1024 256 ) (1024 -1024 256 ) (1024 -864.001343 256 ) 
4 5 9 (1376 -192 96 ) (1376 -192 122.686996 ) (1368 -192 122.686996 ) (1368 -192 96 ) 
4 5 7 (1376 -192 122.686996 ) (1376 -192 256 ) (1368 -192 256 ) (1368 -192 122.686996 ) 
4 5 6 (1368 -192 96 ) (1368 -192 256 ) (1368 0 256 ) (1368 0 96 ) 
4 6 12 (1216 -192 0 ) (1368 -192 0 ) (1368 -192 122.686996 ) (1216 -192 122.686996 ) 
4 6 7 (1368 -192 122.686996 ) (1368 -192 256 ) (1216 -192 256 ) (1216 -192 122.686996 ) 
5 7 46 (1024 -480 256 ) (1024 -192 256 ) (1024 -192 122.686996 ) (1024 -255.968246 122.686996 ) (1024 -480 167.388306 ) 
4 7 12 (1024 -255.968231 122.686996 ) (1024 -192 122.686996 ) (1368 -192 122.686996 ) (1368 -256 122.686996 ) 
4 7 9 (1368 -192 122.686996 ) (1376 -192 122.686996 ) (1376 -256 122.686996 ) (1368 -256 122.686996 ) 
4 7 8 (1376 -480 167.381470 ) (1024 -480 167.387802 ) (1024 -276.079956 126.699684 ) (1376 -276.113251 126.700005 ) 
3 8 47 (1024 -480 128.689377 ) (1024 -480 167.388306 ) (1024 -276.078735 126.699669 ) 
4 9 12 (1368 -268 122.686996 ) (1368 -192 122.686996 ) (1368 -192 96 ) (1368 -268 96 ) 
4 9 10 (1368 -268 122.686996 ) (1368 -268 96 ) (1376 -268 96 ) (1376 -268 122.686996 ) 
4 10 13 (1368 -280 122.686996 ) (1368 -268 122.686996 ) (1368 -268 96 ) (1368 -280 96 ) 
4 10 11 (1368 -280 122.686996 ) (1368 -280 96 ) (1376 -280 96 ) (1376 -280 122.686996 ) 
4 11 14 (1368 -480 96 ) (1368 -480 122.686996 ) (1368 -280 122.686996 ) (1368 -280 96 ) 
4 12 48 (1024 -192 122.686996 ) (1024 -192 0 ) (1024 -268 0 ) (1024 -268 122.686996 ) 
4 12 13 (1024 -268 0 ) (1368 -268 0 ) (1368 -268 122.686996 ) (1024 -268 122.686996 ) 
4 13 49 (1024 -268 0 ) (1024 -280 0 ) (1024 -280 122.686996 ) (1024 -268 122.686996 ) 
4 13 14 (1024 -280 0 ) (1368 -280 0 ) (1368 -280 122.686996 ) (1024 -280 122.686996 ) 
4 14 50 (1024 -280 0 ) (1024 -480 0 ) (1024 -480 122.686996 ) (1024 -280 122.686996 ) 
4 15 51 (1024 -1024 96 ) (1024 -1024 256 ) (1024 -864 256 ) (1024 -864 96 ) 
4 15 16 (1024 -1024 96 ) (1024 -864 96 ) (1368 -864 96 ) (1368 -1024 96 ) 
4 16 51 (1024 -1024 0 ) (1024 -1024 96 ) (1024 -864 96 ) (1024 -864 0 ) 
4 17 43 (1024 0 256 ) (1024 0 384 ) (864 0 384 ) (864 0 256 ) 
4 17 45 (864 0 384 ) (480 0 384 ) (480 0 256 ) (864 0 256 ) 
4 17 19 (832 0 256 ) (480 0 256 ) (480 192 256 ) (832 192 256 ) 
4 17 18 (480 192 384 ) (480 192 256 ) (480 128 256 ) (480 0 384 ) 
3 18 111 (0 0 384 ) (0 128 384 ) (0 128 256 ) 
4 18 110 (0 128 384 ) (0 192 384 ) (0 192 256 ) (0 128 256 ) 
4 18 20 (0 128 256 ) (0 192 256 ) (480 192 256 ) (480 128 256 ) 
4 19 59 (488 0 256 ) (480 0 256 ) (480 0 128 ) (488 0 128 ) 
4 19 58 (512 0 256 ) (488 0 256 ) (488 0 128 ) (512 0 128 ) 
4 19 55 (800 0 256 ) (512 0 256 ) (512 0 128 ) (800 0 128 ) 
4 19 54 (808 0 256 ) (800 0 256 ) (800 0 128 ) (808 0 128 ) 
4 19 53 (832 0 256 ) (808 0 256 ) (808 0 128 ) (832 0 128 ) 
4 19 32 (808 0 128 ) (800 0 128 ) (800 128 128 ) (808 128 128 ) 
4 19 33 (800 0 128 ) (480 0 128 ) (480 128 128 ) (800 128 128 ) 
4 19 31 (832 128 128 ) (832 0 128 ) (808 0 128 ) (808 128 128 ) 
4 19 29 (800 128 128 ) (480 128 128 ) (480 136 128 ) (800 136 128 ) 
4 19 28 (480 136 128 ) (480 144 128 ) (800 144 128 ) (800 136 128 ) 
4 19 27 (808 128 128 ) (800 128 128 ) (800 144 128 ) (808 144 128 ) 
4 19 26 (832 144 128 ) (832 128 128 ) (808 128 128 ) (808 144 128 ) 
4 19 23 (480 192 128 ) (800 192 128 ) (800 144 128 ) (480 144 128 ) 
4 19 22 (800 192 128 ) (808 192 128 ) (808 144 128 ) (800 144 128 ) 
4 19 21 (808 192 128 ) (832 192 128 ) (832 144 128 ) (808 144 128 ) 
4 19 20 (480 192 256 ) (480 192 128 ) (480 128 128 ) (480 128 256 ) 
4 20 110 (0 128 256 ) (0 192 256 ) (0 192 128 ) (0 128 128 ) 
4 20 24 (280 192 128 ) (360 192 128 ) (360 152 128 ) (280 152 128 ) 
4 20 23 (360 192 128 ) (480 192 128 ) (480 144 128 ) (360 144 128 ) 
4 20 25 (0 144 128 ) (0 192 128 ) (280 192 128 ) (280 144 128 ) 
4 21 26 (808 144 0 ) (832 144 0 ) (832 144 128 ) (808 144 128 ) 
4 21 22 (808 192 128 ) (808 192 96 ) (808 144 96 ) (808 144 128 ) 
4 22 27 (808 144 96 ) (808 144 128 ) (800 144 128 ) (800 144 96 ) 
4 22 23 (800 192 128 ) (800 192 96 ) (800 144 96 ) (800 144 128 ) 
4 23 38 (360 192 0 ) (800 192 0 ) (800 144 0 ) (360 144 0 ) 
4 23 28 (480 144 0 ) (800 144 0 ) (800 144 128 ) (480 144 128 ) 
4 23 24 (360 192 128 ) (360 192 0 ) (360 152 0 ) (360 152 128 ) 
4 24 39 (280 192 0 ) (360 192 0 ) (360 152 0 ) (280 152 0 ) 
4 24 25 (280 192 128 ) (280 192 0 ) (280 152 0 ) (280 152 128 ) 
4 25 112 (0 144 128 ) (0 192 128 ) (0 192 0 ) (0 144 0 ) 
4 25 41 (0 144 0 ) (0 192 0 ) (280 192 0 ) (280 144 0 ) 
4 26 31 (808 128 0 ) (832 128 0 ) (832 128 128 ) (808 128 128 ) 
4 26 27 (808 144 128 ) (808 144 96 ) (808 128 96 ) (808 128 128 ) 
4 27 32 (808 128 96 ) (808 128 128 ) (800 128 128 ) (800 128 96 ) 
4 27 29 (800 136 96 ) (800 128 96 ) (800 128 128 ) (800 136 128 ) 
4 27 28 (800 144 128 ) (800 144 96 ) (800 136 96 ) (800 136 128 ) 
4 28 42 (480 144 0 ) (800 144 0 ) (800 136 0 ) (480 136 0 ) 
4 28 29 (480 136 128 ) (480 136 96 ) (800 136 96 ) (800 136 128 ) 
4 29 33 (800 128 96 ) (800 128 128 ) (480 128 128 ) (480 128 96 ) 
4 30 34 (360 128 36 ) (360 128 108 ) (280 128 108 ) (280 128 36 ) 
4 31 53 (832 0 128 ) (808 0 128 ) (808 0 0 ) (832 0 0 ) 
4 31 32 (808 128 128 ) (808 128 96 ) (808 0 96 ) (808 0 128 ) 
4 32 54 (808 0 128 ) (800 0 128 ) (800 0 96 ) (808 0 96 ) 
4 32 33 (800 128 128 ) (800 128 96 ) (800 0 96 ) (800 0 128 ) 
4 33 63 (480 0 80 ) (480 0 0 ) (488 0 0 ) (488 0 80 ) 
4 33 62 (488 0 0 ) (512 0 0 ) (512 0 80 ) (488 0 80 ) 
4 33 59 (488 0 128 ) (480 0 128 ) (480 0 80 ) (488 0 80 ) 
4 33 58 (512 0 128 ) (488 0 128 ) (488 0 80 ) (512 0 80 ) 
4 33 55 (800 0 128 ) (512 0 128 ) (512 0 0 ) (800 0 0 ) 
4 33 42 (800 0 0 ) (480 0 0 ) (480 128 0 ) (800 128 0 ) 
4 34 93 (160 0 96 ) (160 0 0 ) (264 0 0 ) (264 0 96 ) 
4 34 92 (264 0 128 ) (160 0 128 ) (160 0 96 ) (264 0 96 ) 
4 34 70 (448 0 128 ) (264 0 128 ) (264 0 0 ) (448 0 0 ) 
4 34 35 (160 64 96 ) (160 0 96 ) (160 0 112 ) (160 64 112 ) 
4 35 36 (128 64 96 ) (128 0 96 ) (128 0 112 ) (128 64 112 ) 
4 36 94 (128 0 128 ) (32 0 128 ) (32 0 0 ) (128 0 0 ) 
4 36 37 (32 128 128 ) (32 128 48 ) (32 0 48 ) (32 0 128 ) 
4 37 95 (32 0 128 ) (0 0 128 ) (0 0 48 ) (32 0 48 ) 
4 38 42 (480 144 -64 ) (808 144 -64 ) (808 144 0 ) (480 144 0 ) 
4 38 40 (360 152 -64 ) (360 144 -64 ) (360 144 -4 ) (360 152 -4 ) 
4 38 39 (360 192 0 ) (360 192 -64 ) (360 152 -64 ) (360 152 0 ) 
4 39 40 (280 152 -4 ) (280 152 -64 ) (360 152 -64 ) (360 152 -4 ) 
4 39 41 (280 192 0 ) (280 192 -64 ) (280 152 -64 ) (280 152 0 ) 
4 40 41 (280 152 -64 ) (280 144 -64 ) (280 144 -4 ) (280 152 -4 ) 
4 41 113 (0 144 0 ) (0 192 0 ) (0 192 -64 ) (0 144 -64 ) 
4 42 66 (488 0 0 ) (480 0 0 ) (480 0 -64 ) (488 0 -64 ) 
4 42 65 (808 0 0 ) (488 0 0 ) (488 0 -64 ) (808 0 -64 ) 
4 43 46 (864 -480 256 ) (864 -192 256 ) (1024 -192 256 ) (1024 -480 256 ) 
4 43 45 (864 0 256 ) (864 -480 256 ) (864 -608.001038 384 ) (864 0 384 ) 
4 44 51 (1024 -1024 256 ) (864 -1024 256 ) (864 -864.001892 256 ) (1024 -864.001343 256 ) 
4 44 45 (864 -864.001953 256 ) (864 -1024 256 ) (864 -1024 384 ) (864 -744 384 ) 
4 45 89 (480 -1024 256 ) (480 -1024 384 ) (480 -800 384 ) (480 -800 256 ) 
4 45 86 (480 -800 384 ) (480 -480 384 ) (480 -480 256 ) (480 -800 256 ) 
5 45 73 (480 -480 384 ) (480 -224 384 ) (480 -224 290.133362 ) (480 -256 256 ) (480 -480 256 ) 
3 45 69 (480 -224 384 ) (480 -136 384 ) (480 -224 290.133362 ) 
4 45 64 (480 -800 256 ) (480 -704 256 ) (512 -704 256 ) (512 -800 256 ) 
4 45 60 (480 -704 256 ) (480 -224 256 ) (488 -224 256 ) (488 -704 256 ) 
4 45 59 (480 -224 256 ) (480 0 256 ) (488 0 256 ) (488 -224 256 ) 
4 45 58 (488 0 256 ) (512 0 256 ) (512 -704 256 ) (488 -704 256 ) 
4 45 56 (512 -1000 256 ) (512 -992 256 ) (800 -992 256 ) (800 -1000 256 ) 
4 45 55 (512 -992 256 ) (512 0 256 ) (800 0 256 ) (800 -992 256 ) 
4 45 57 (800 -1024 256 ) (512 -1024 256 ) (512 -1000 256 ) (800 -1000 256 ) 
4 45 54 (808 -1024 256 ) (800 -1024 256 ) (800 0 256 ) (808 0 256 ) 
4 45 53 (832 -1024 256 ) (808 -1024 256 ) (808 0 256 ) (832 0 256 ) 
4 45 52 (864 -1024 256 ) (832 -1024 256 ) (832 -192 256 ) (864 -192 256 ) 
5 46 52 (864 -480 167.391174 ) (864 -480 256 ) (864 -192 256 ) (864 -192 122.686996 ) (864 -255.953857 122.686996 ) 
4 46 48 (864 -255.953857 122.686996 ) (864 -192 122.686996 ) (1024 -192 122.686996 ) (1024 -255.968246 122.686996 ) 
4 46 47 (1024 -480 167.387802 ) (864 -480 167.390671 ) (864 -276.064758 126.699539 ) (1024 -276.079956 126.699684 ) 
3 47 52 (864 -480 128.689377 ) (864 -480 167.391174 ) (864 -276.063660 126.699524 ) 
4 48 52 (864 -192 0 ) (864 -268 0 ) (864 -268 122.686996 ) (864 -192 122.686996 ) 
4 48 49 (1024 -268 122.686996 ) (864 -268 122.686996 ) (864 -268 0 ) (1024 -268 0 ) 
4 49 52 (864 -268 0 ) (864 -280 0 ) (864 -280 122.686996 ) (864 -268 122.686996 ) 
4 49 50 (1024 -280 122.686996 ) (864 -280 122.686996 ) (864 -280 0 ) (1024 -280 0 ) 
4 50 52 (864 -280 0 ) (864 -480 0 ) (864 -480 122.686996 ) (864 -280 122.686996 ) 
4 51 52 (864 -864 0 ) (864 -1024 0 ) (864 -1024 256 ) (864 -864 256 ) 
4 52 53 (832 -192 0 ) (832 -1024 0 ) (832 -1024 256 ) (832 -192 256 ) 
4 53 54 (808 -1024 96 ) (808 -1024 256 ) (808 0 256 ) (808 0 96 ) 
4 54 56 (800 -1000 256 ) (800 -992 256 ) (800 -992 96 ) (800 -1000 96 ) 
4 54 55 (800 -992 256 ) (800 0 256 ) (800 0 96 ) (800 -992 96 ) 
4 54 57 (800 -1024 96 ) (800 -1024 256 ) (800 -1000 256 ) (800 -1000 96 ) 
4 55 68 (800 -704 0 ) (800 -992 0 ) (512 -992 0 ) (512 -704 0 ) 
4 55 65 (512 0 0 ) (800 0 0 ) (800 -704 0 ) (512 -704 0 ) 
4 55 64 (512 -704 0 ) (512 -800 0 ) (512 -800 256 ) (512 -704 256 ) 
4 55 62 (512 0 0 ) (512 -704 0 ) (512 -704 80 ) (512 0 80 ) 
4 55 58 (512 -704 80 ) (512 -704 256 ) (512 0 256 ) (512 0 80 ) 
4 55 56 (512 -992 256 ) (512 -992 96 ) (800 -992 96 ) (800 -992 256 ) 
4 56 57 (512 -1000 256 ) (512 -1000 96 ) (800 -1000 96 ) (800 -1000 256 ) 
4 57 68 (800 -1000 0 ) (800 -1024 0 ) (512 -1024 0 ) (512 -1000 0 ) 
4 58 64 (512 -704 80 ) (512 -704 256 ) (488 -704 256 ) (488 -704 80 ) 
4 58 62 (512 -704 80 ) (488 -704 80 ) (488 0 80 ) (512 0 80 ) 
4 58 61 (488 -224 80 ) (488 -704 80 ) (488 -704 96 ) (488 -224 96 ) 
4 58 60 (488 -704 96 ) (488 -704 256 ) (488 -224 256 ) (488 -224 96 ) 
4 58 59 (488 0 80 ) (488 -224 80 ) (488 -224 256 ) (488 0 256 ) 
4 59 63 (480 -224 80 ) (480 0 80 ) (488 0 80 ) (488 -224 80 ) 
4 59 61 (480 -224 80 ) (488 -224 80 ) (488 -224 96 ) (480 -224 96 ) 
4 59 60 (488 -224 96 ) (488 -224 256 ) (480 -224 256 ) (480 -224 96 ) 
4 60 86 (480 -704 256 ) (480 -480 256 ) (480 -480 96 ) (480 -704 96 ) 
4 60 82 (480 -456 96 ) (480 -468 96 ) (480 -468 108 ) (480 -456 108 ) 
4 60 81 (480 -256 96 ) (480 -456 96 ) (480 -456 108 ) (480 -256 108 ) 
4 60 83 (480 -468 96 ) (480 -480 96 ) (480 -480 108 ) (480 -468 108 ) 
4 60 77 (480 -456 108 ) (480 -468 108 ) (480 -468 122.686996 ) (480 -456 122.686996 ) 
4 60 76 (480 -256 108 ) (480 -456 108 ) (480 -456 122.686996 ) (480 -256 122.686996 ) 
4 60 78 (480 -468 108 ) (480 -480 108 ) (480 -480 122.686996 ) (480 -468 122.686996 ) 
3 60 75 (480 -459.948853 126.697021 ) (480 -256 167.391190 ) (480 -256 128.686996 ) 
3 60 74 (480 -256 256 ) (480 -256 167.391190 ) (480 -358.185699 147.001953 ) 
4 60 73 (480 -480 256 ) (480 -256 256 ) (480 -358.185699 147.001953 ) (480 -480 122.696190 ) 
4 60 64 (488 -704 256 ) (480 -704 256 ) (480 -704 96 ) (488 -704 96 ) 
4 60 61 (480 -224 96 ) (488 -224 96 ) (488 -704 96 ) (480 -704 96 ) 
4 61 86 (480 -480 80 ) (480 -704 80 ) (480 -704 96 ) (480 -480 96 ) 
4 61 82 (480 -456 80 ) (480 -468 80 ) (480 -468 96 ) (480 -456 96 ) 
4 61 81 (480 -256 80 ) (480 -456 80 ) (480 -456 96 ) (480 -256 96 ) 
4 61 83 (480 -468 80 ) (480 -480 80 ) (480 -480 96 ) (480 -468 96 ) 
4 61 64 (480 -704 96 ) (480 -704 80 ) (488 -704 80 ) (488 -704 96 ) 
4 62 65 (488 0 0 ) (512 0 0 ) (512 -704 0 ) (488 -704 0 ) 
4 62 64 (488 -704 0 ) (512 -704 0 ) (512 -704 80 ) (488 -704 80 ) 
4 62 63 (488 0 0 ) (488 -224 0 ) (488 -224 80 ) (488 0 80 ) 
4 63 66 (480 -224 0 ) (480 0 0 ) (488 0 0 ) (488 -224 0 ) 
4 64 88 (480 -704 80 ) (480 -704 0 ) (480 -800 0 ) (480 -800 80 ) 
4 64 86 (480 -800 256 ) (480 -704 256 ) (480 -704 80 ) (480 -800 80 ) 
4 65 68 (512 -704 -64 ) (808 -704 -64 ) (808 -704 0 ) (512 -704 0 ) 
4 65 67 (488 -224 -64 ) (488 -704 -64 ) (488 -704 -8 ) (488 -224 -8 ) 
4 65 66 (488 0 -64 ) (488 -224 -64 ) (488 -224 0 ) (488 0 0 ) 
4 66 67 (480 -224 -64 ) (488 -224 -64 ) (488 -224 -8 ) (480 -224 -8 ) 
4 67 91 (480 -480 -64 ) (480 -704 -64 ) (480 -704 -8 ) (480 -480 -8 ) 
4 67 85 (480 -256 -64 ) (480 -480 -64 ) (480 -480 -8 ) (480 -256 -8 ) 
3 69 96 (264 -224 290.133331 ) (264 -224 384 ) (264 -136 384 ) 
4 69 73 (264 -224 384 ) (264 -224 290.133331 ) (480 -224 290.133331 ) (480 -224 384 ) 
4 70 93 (264 0 96 ) (264 0 0 ) (264 -128 0 ) (264 -128 96 ) 
4 70 92 (264 0 128 ) (264 0 96 ) (264 -128 96 ) (264 -128 128 ) 
4 70 71 (288 -128 0 ) (384 -128 0 ) (384 -128 128 ) (288 -128 128 ) 
4 71 72 (288 -144 0 ) (384 -144 0 ) (384 -144 128 ) (288 -144 128 ) 
4 72 98 (264 -144 0 ) (264 -224 0 ) (264 -224 128 ) (264 -144 128 ) 
4 72 79 (360 -224 108 ) (280 -224 108 ) (280 -224 36 ) (360 -224 36 ) 
4 73 100 (264 -480 122.692314 ) (264 -480 256 ) (264 -256 256 ) (264 -358.190186 146.997177 ) 
5 73 96 (264 -480 256 ) (264 -480 384 ) (264 -224 384 ) (264 -224 290.133331 ) (264 -256 256 ) 
4 73 86 (264 -480 384 ) (264 -480 122.686996 ) (480 -480 122.686996 ) (480 -480 384 ) 
4 73 75 (264 -459.931549 126.697189 ) (264 -358.189453 146.997940 ) (480 -358.184937 147.002716 ) (480 -459.952026 126.696991 ) 
4 73 74 (480 -358.191223 146.996933 ) (264 -358.195709 146.992157 ) (264 -256 256 ) (480 -256 256 ) 
3 74 100 (264 -256 167.387314 ) (264 -358.190186 146.997177 ) (264 -256 256 ) 
4 74 75 (264 -358.189453 146.997940 ) (264 -256 167.387939 ) (480 -256 167.391815 ) (480 -358.184937 147.002716 ) 
3 75 101 (264 -459.928406 126.697220 ) (264 -256 167.387314 ) (264 -256 128.686996 ) 
4 76 102 (264 -456 122.686996 ) (264 -256 122.686996 ) (264 -256 108 ) (264 -456 108 ) 
4 76 81 (264 -456 108 ) (264 -256 108 ) (480 -256 108 ) (480 -456 108 ) 
4 76 77 (264 -456 108 ) (480 -456 108 ) (480 -456 122.686996 ) (264 -456 122.686996 ) 
4 77 103 (264 -468 122.686996 ) (264 -456 122.686996 ) (264 -456 108 ) (264 -468 108 ) 
4 77 82 (264 -468 108 ) (264 -456 108 ) (480 -456 108 ) (480 -468 108 ) 
4 77 78 (264 -468 108 ) (480 -468 108 ) (480 -468 122.686996 ) (264 -468 122.686996 ) 
4 78 104 (264 -480 108 ) (264 -480 122.686996 ) (264 -468 122.686996 ) (264 -468 108 ) 
4 78 86 (264 -480 122.686996 ) (264 -480 108 ) (480 -480 108 ) (480 -480 122.686996 ) 
4 78 83 (480 -480 108 ) (264 -480 108 ) (264 -468 108 ) (480 -468 108 ) 
4 79 80 (280 -240 108 ) (280 -240 36 ) (360 -240 36 ) (360 -240 108 ) 
4 80 81 (360 -256 108 ) (280 -256 108 ) (280 -256 36 ) (360 -256 36 ) 
4 81 102 (264 -456 108 ) (264 -256 108 ) (264 -256 4 ) (264 -456 4 ) 
4 81 82 (264 -456 4 ) (480 -456 4 ) (480 -456 108 ) (264 -456 108 ) 
4 82 103 (264 -468 108 ) (264 -456 108 ) (264 -456 4 ) (264 -468 4 ) 
4 82 83 (264 -468 4 ) (480 -468 4 ) (480 -468 108 ) (264 -468 108 ) 
4 83 104 (264 -480 4 ) (264 -480 108 ) (264 -468 108 ) (264 -468 4 ) 
4 83 87 (264 -480 80 ) (264 -480 4 ) (480 -480 4 ) (480 -480 80 ) 
4 83 86 (264 -480 108 ) (264 -480 80 ) (480 -480 80 ) (480 -480 108 ) 
4 83 84 (480 -480 4 ) (264 -480 4 ) (264 -468 4 ) (480 -468 4 ) 
4 84 105 (264 -468 0 ) (264 -480 0 ) (264 -480 4 ) (264 -468 4 ) 
4 84 87 (264 -480 4 ) (264 -480 0 ) (480 -480 0 ) (480 -480 4 ) 
4 84 85 (480 -480 0 ) (264 -480 0 ) (264 -468 0 ) (480 -468 0 ) 
4 85 109 (264 -256 -64 ) (264 -480 -64 ) (264 -480 0 ) (264 -256 0 ) 
4 85 91 (264 -480 -4 ) (264 -480 -64 ) (480 -480 -64 ) (480 -480 -4 ) 
4 85 90 (264 -480 0 ) (264 -480 -4 ) (480 -480 -4 ) (480 -480 0 ) 
4 86 106 (264 -696 80 ) (264 -704 80 ) (264 -704 122.686996 ) (264 -696 122.686996 ) 
4 86 107 (264 -704 80 ) (264 -800 80 ) (264 -800 122.686996 ) (264 -704 122.686996 ) 
4 86 104 (264 -480 122.686996 ) (264 -480 80 ) (264 -696 80 ) (264 -696 122.686996 ) 
4 86 100 (264 -480 256 ) (264 -480 122.686996 ) (264 -800 122.686996 ) (264 -800 256 ) 
4 86 96 (264 -480 384 ) (264 -480 256 ) (264 -800 256 ) (264 -800 384 ) 
4 86 89 (264 -800 384 ) (264 -800 256 ) (480 -800 256 ) (480 -800 384 ) 
4 86 87 (264 -696 80 ) (264 -480 80 ) (480 -480 80 ) (480 -696 80 ) 
4 86 88 (480 -800 80 ) (264 -800 80 ) (264 -704 80 ) (480 -704 80 ) 
4 87 105 (264 -480 4 ) (264 -480 0 ) (264 -696 0 ) (264 -696 4 ) 
4 87 104 (264 -480 80 ) (264 -480 4 ) (264 -696 4 ) (264 -696 80 ) 
4 87 90 (264 -696 0 ) (264 -480 0 ) (480 -480 0 ) (480 -696 0 ) 
4 88 107 (264 -704 0 ) (264 -800 0 ) (264 -800 80 ) (264 -704 80 ) 
4 89 96 (264 -1024 256 ) (264 -1024 384 ) (264 -800 384 ) (264 -800 256 ) 
4 90 109 (264 -704 0 ) (264 -480 0 ) (264 -480 -4 ) (264 -704 -4 ) 
4 90 91 (264 -704 -4 ) (264 -480 -4 ) (480 -480 -4 ) (480 -704 -4 ) 
4 91 109 (264 -704 -4 ) (264 -480 -4 ) (264 -480 -64 ) (264 -704 -64 ) 
4 92 93 (264 -128 96 ) (160 -128 96 ) (160 0 96 ) (264 0 96 ) 
4 94 97 (32 -128 0 ) (96 -128 0 ) (96 -128 128 ) (32 -128 128 ) 
4 94 95 (32 -128 48 ) (32 -128 128 ) (32 0 128 ) (32 0 48 ) 
4 96 122 (0 -1024 256 ) (0 -1024 384 ) (0 -136 384 ) (0 -256 256 ) 
4 96 108 (128 -1024 256 ) (0 -1024 256 ) (0 -800 256 ) (128 -800 256 ) 
4 96 100 (264 -256 256 ) (264 -800 256 ) (0 -800 256 ) (0 -256 256 ) 
4 97 98 (32 -144 0 ) (96 -144 0 ) (96 -144 128 ) (32 -144 128 ) 
4 98 99 (64 -224 0 ) (128 -224 0 ) (128 -224 96 ) (64 -224 96 ) 
4 99 102 (128 -256 4 ) (128 -256 96 ) (64 -256 96 ) (64 -256 4 ) 
3 100 123 (0 -256 256 ) (0 -256 167.382553 ) (0 -358.195648 146.991333 ) 
5 100 122 (0 -800 256 ) (0 -256 256 ) (0 -358.195648 146.991333 ) (0 -480.002869 122.686996 ) (0 -800 122.686996 ) 
4 100 108 (128 -800 256 ) (0 -800 256 ) (0 -800 122.686996 ) (128 -800 122.686996 ) 
4 100 106 (0 -704 122.686996 ) (0 -696 122.686996 ) (264 -696 122.686996 ) (264 -704 122.686996 ) 
4 100 107 (264 -800 122.686996 ) (0 -800 122.686996 ) (0 -704 122.686996 ) (264 -704 122.686996 ) 
4 100 104 (0 -696 122.686996 ) (0 -480.002869 122.686996 ) (264 -480.026672 122.686996 ) (264 -696 122.686996 ) 
4 100 101 (0 -459.906586 126.697441 ) (0 -256 167.383286 ) (264 -256 167.388031 ) (264 -459.931610 126.697189 ) 
3 101 124 (0 -256 167.382553 ) (0 -256 128.686996 ) (0 -459.903412 126.697464 ) 
4 102 125 (0 -256 122.686996 ) (0 -256 4 ) (0 -456 4 ) (0 -456 122.686996 ) 
4 102 103 (0 -456 4 ) (264 -456 4 ) (264 -456 122.686996 ) (0 -456 122.686996 ) 
4 103 126 (0 -456 4 ) (0 -468 4 ) (0 -468 122.686996 ) (0 -456 122.686996 ) 
4 103 104 (0 -468 4 ) (264 -468 4 ) (264 -468 122.686996 ) (0 -468 122.686996 ) 
4 104 127 (0 -468 4 ) (0 -696 4 ) (0 -696 122.686996 ) (0 -468 122.686996 ) 
4 104 106 (264 -696 80 ) (264 -696 122.686996 ) (0 -696 122.686996 ) (0 -696 80 ) 
4 104 105 (264 -696 4 ) (0 -696 4 ) (0 -468 4 ) (264 -468 4 ) 
4 105 127 (0 -468 0 ) (0 -696 0 ) (0 -696 4 ) (0 -468 4 ) 
4 105 109 (264 -468 0 ) (264 -696 0 ) (0 -696 0 ) (0 -468 0 ) 
4 106 128 (0 -704 80 ) (0 -704 122.686996 ) (0 -696 122.686996 ) (0 -696 80 ) 
4 106 107 (264 -704 80 ) (264 -704 122.686996 ) (0 -704 122.686996 ) (0 -704 80 ) 
4 107 129 (0 -704 0 ) (0 -800 0 ) (0 -800 122.686996 ) (0 -704 122.686996 ) 
4 107 108 (0 -800 0 ) (128 -800 0 ) (128 -800 122.686996 ) (0 -800 122.686996 ) 
4 108 129 (0 -1024 0 ) (0 -1024 122.686996 ) (0 -800 122.686996 ) (0 -800 0 ) 
4 108 122 (0 -1024 122.686996 ) (0 -1024 256 ) (0 -800 256 ) (0 -800 122.686996 ) 
4 109 141 (0 -704 0 ) (0 -256 0 ) (0 -256 -64 ) (0 -704 -64 ) 
4 110 114 (-32 192 128 ) (-32 128 128 ) (-32 128 384 ) (-32 192 384 ) 
4 110 112 (-32 144 128 ) (-32 192 128 ) (0 192 128 ) (0 144 128 ) 
4 110 111 (0 128 256 ) (0 128 384 ) (-32 128 384 ) (-32 128 256 ) 
4 111 115 (-32 120 384 ) (-32 128 384 ) (-32 128 256 ) (-32 120 264 ) 
3 111 117 (-32 0 384 ) (-32 120 384 ) (-32 120 264 ) 
4 112 114 (-32 192 0 ) (-32 144 0 ) (-32 144 128 ) (-32 192 128 ) 
4 112 113 (-32 144 0 ) (-32 192 0 ) (0 192 0 ) (0 144 0 ) 
4 113 114 (-32 192 -64 ) (-32 144 -64 ) (-32 144 0 ) (-32 192 0 ) 
4 114 119 (-376 128 80 ) (-376 128 384 ) (-376 144 384 ) (-376 144 80 ) 
4 114 120 (-376 144 -64 ) (-376 128 -64 ) (-376 128 0 ) (-376 144 0 ) 
4 114 118 (-376 192 384 ) (-376 192 -64 ) (-376 144 -64 ) (-376 144 384 ) 
4 114 115 (-376 128 384 ) (-376 128 80 ) (-32 128 80 ) (-32 128 384 ) 
4 114 116 (-376 128 0 ) (-376 128 -64 ) (-32 128 -64 ) (-32 128 0 ) 
4 115 119 (-376 120 80 ) (-376 120 384 ) (-376 128 384 ) (-376 128 80 ) 
4 115 117 (-376 120 384 ) (-376 120 80 ) (-32 120 80 ) (-32 120 384 ) 
4 116 120 (-376 128 -64 ) (-376 120 -64 ) (-376 120 0 ) (-376 128 0 ) 
4 116 117 (-376 120 0 ) (-376 120 -64 ) (-32 120 -64 ) (-32 120 0 ) 
4 117 142 (-32 0 -64 ) (-32 0 0 ) (-376 0 0 ) (-376 0 -64 ) 
4 117 131 (-32 0 0 ) (-32 0 384 ) (-38.169502 0 384 ) (-38.169502 0 0 ) 
4 117 135 (-38.169502 0 384 ) (-376 0 384 ) (-376 0 0 ) (-38.169502 0 0 ) 
4 117 119 (-376 0 80 ) (-376 0 384 ) (-376 120 384 ) (-376 120 80 ) 
4 117 120 (-376 120 -64 ) (-376 0 -64 ) (-376 0 0 ) (-376 120 0 ) 
4 118 119 (-384 144 384 ) (-384 144 80 ) (-376 144 80 ) (-376 144 384 ) 
4 118 120 (-384 144 0 ) (-384 144 -64 ) (-376 144 -64 ) (-376 144 0 ) 
4 118 121 (-384 192 384 ) (-384 192 -64 ) (-384 144 -64 ) (-384 144 384 ) 
4 119 138 (-376 0 384 ) (-384 0 384 ) (-384 0 80 ) (-376 0 80 ) 
4 119 121 (-384 0 80 ) (-384 0 384 ) (-384 144 384 ) (-384 144 80 ) 
4 120 142 (-384 0 0 ) (-384 0 -64 ) (-376 0 -64 ) (-376 0 0 ) 
4 120 121 (-384 144 -64 ) (-384 0 -64 ) (-384 0 0 ) (-384 144 0 ) 
4 121 142 (-576 0 0 ) (-576 0 -64 ) (-384 0 -64 ) (-384 0 0 ) 
4 121 140 (-384 0 384 ) (-576 0 384 ) (-576 0 0 ) (-384 0 0 ) 
4 122 136 (-32 -696 122.686996 ) (-32 -704 122.686996 ) (-32 -704 384 ) (-32 -696 384 ) 
4 122 137 (-32 -704 122.686996 ) (-32 -1024 122.686996 ) (-32 -1024 384 ) (-32 -704 384 ) 
5 122 130 (-32 -358.196289 146.990631 ) (-32 -480 122.686996 ) (-32 -696 122.686996 ) (-32 -696 384 ) (-32 -136 384 ) 
4 122 128 (-32 -704 122.686996 ) (-32 -696 122.686996 ) (0 -696 122.686996 ) (0 -704 122.686996 ) 
4 122 127 (-32 -696 122.686996 ) (-32 -480 122.686996 ) (0 -480.002899 122.686996 ) (0 -696 122.686996 ) 
4 122 129 (-32 -1024 122.686996 ) (-32 -704 122.686996 ) (0 -704 122.686996 ) (0 -1024 122.686996 ) 
4 122 124 (-32 -459.900604 126.697495 ) (-32 -358.196259 146.990662 ) (0 -358.195618 146.991379 ) (0 -459.903656 126.697464 ) 
4 122 123 (0 -358.201172 146.986328 ) (-32 -358.201843 146.985626 ) (-32 -256 256 ) (0 -256 256 ) 
3 123 130 (-32 -256 167.381973 ) (-32 -358.196289 146.990631 ) (-32 -256 256 ) 
4 123 124 (-32 -358.196259 146.990662 ) (-32 -256 167.381989 ) (0 -256 167.382584 ) (0 -358.195618 146.991379 ) 
3 124 130 (-32 -459.900360 126.697495 ) (-32 -256 167.381973 ) (-32 -256 128.686996 ) 
4 125 130 (-32 -456 122.686996 ) (-32 -256 122.686996 ) (-32 -256 4 ) (-32 -456 4 ) 
4 125 126 (-32 -456 4 ) (0 -456 4 ) (0 -456 122.686996 ) (-32 -456 122.686996 ) 
4 126 130 (-32 -468 4 ) (-32 -468 122.686996 ) (-32 -456 122.686996 ) (-32 -456 4 ) 
4 126 127 (0 -468 122.686996 ) (-32 -468 122.686996 ) (-32 -468 4 ) (0 -468 4 ) 
4 127 141 (0 -468 0 ) (0 -696 0 ) (-32 -696 0 ) (-32 -468 0 ) 
4 127 130 (-32 -468 0 ) (-32 -696 0 ) (-32 -696 122.686996 ) (-32 -468 122.686996 ) 
4 127 128 (0 -696 122.686996 ) (-32 -696 122.686996 ) (-32 -696 80 ) (0 -696 80 ) 
4 128 136 (-32 -704 80 ) (-32 -704 122.686996 ) (-32 -696 122.686996 ) (-32 -696 80 ) 
4 128 129 (0 -704 122.686996 ) (-32 -704 122.686996 ) (-32 -704 80 ) (0 -704 80 ) 
4 129 137 (-32 -704 0 ) (-32 -1024 0 ) (-32 -1024 122.686996 ) (-32 -704 122.686996 ) 
4 130 133 (-32.169502 -258.295990 0 ) (-32.169502 -288.295990 0 ) (-32.169502 -288.295990 128.500000 ) (-32.169502 -258.295990 128.500000 ) 
4 130 132 (-32.169502 -288.295990 128.500000 ) (-32.169502 -288.295990 384 ) (-32.169502 -258.295990 384 ) (-32.169502 -258.295990 128.500000 ) 
4 130 131 (-32.169502 0 0 ) (-32.169502 -258.295990 0 ) (-32.169502 -258.295990 384 ) (-32.169502 0 384 ) 
4 130 134 (-32.169502 -288.295990 0 ) (-32.169502 -696 0 ) (-32.169502 -696 384 ) (-32.169502 -288.295990 384 ) 
4 131 142 (-38.169502 0 0 ) (-32 0 0 ) (-32 -258.295990 0 ) (-38.169502 -258.295990 0 ) 
4 131 133 (-38.169502 -258.295990 128.500000 ) (-38.169502 -258.295990 0 ) (-32.169502 -258.295990 0 ) (-32.169502 -258.295990 128.500000 ) 
4 131 132 (-38.169502 -258.295990 384 ) (-38.169502 -258.295990 128.500000 ) (-32.169502 -258.295990 128.500000 ) (-32.169502 -258.295990 384 ) 
4 131 135 (-38.169502 0 0 ) (-38.169502 -258.295990 0 ) (-38.169502 -258.295990 384 ) (-38.169502 0 384 ) 
4 132 135 (-38.169502 -288.295990 128.500000 ) (-38.169502 -288.295990 384 ) (-38.169502 -258.295990 384 ) (-38.169502 -258.295990 128.500000 ) 
4 132 134 (-38.169502 -288.295990 384 ) (-38.169502 -288.295990 128.500000 ) (-32.169502 -288.295990 128.500000 ) (-32.169502 -288.295990 384 ) 
4 132 133 (-32.169502 -288.295990 128.500000 ) (-38.169502 -288.295990 128.500000 ) (-38.169502 -258.295990 128.500000 ) (-32.169502 -258.295990 128.500000 ) 
4 133 142 (-32 -258.295990 0 ) (-32 -288.295990 0 ) (-38.169502 -288.295990 0 ) (-38.169502 -258.295990 0 ) 
4 133 135 (-38.169502 -258.295990 0 ) (-38.169502 -288.295990 0 ) (-38.169502 -288.295990 128.500000 ) (-38.169502 -258.295990 128.500000 ) 
4 133 134 (-38.169502 -288.295990 128.500000 ) (-38.169502 -288.295990 0 ) (-32.169502 -288.295990 0 ) (-32.169502 -288.295990 128.500000 ) 
4 134 142 (-32 -288.295990 0 ) (-32 -696 0 ) (-38.169502 -696 0 ) (-38.169502 -288.295990 0 ) 
4 134 136 (-32 -696 80 ) (-32 -696 384 ) (-38.169502 -696 384 ) (-38.169502 -696 80 ) 
4 134 135 (-38.169502 -288.295990 0 ) (-38.169502 -696 0 ) (-38.169502 -696 384 ) (-38.169502 -288.295990 384 ) 
4 135 142 (-376 0 0 ) (-38.169502 0 0 ) (-38.169502 -696 0 ) (-376 -696 0 ) 
4 135 138 (-376 -696 80 ) (-376 -696 384 ) (-376 0 384 ) (-376 0 80 ) 
4 135 136 (-376 -696 384 ) (-376 -696 80 ) (-38.169502 -696 80 ) (-38.169502 -696 384 ) 
4 136 138 (-376 -704 80 ) (-376 -704 384 ) (-376 -696 384 ) (-376 -696 80 ) 
4 136 137 (-376 -704 384 ) (-376 -704 80 ) (-32 -704 80 ) (-32 -704 384 ) 
4 137 139 (-376 -704 0 ) (-376 -1024 0 ) (-376 -1024 384 ) (-376 -704 384 ) 
4 138 140 (-384 -704 80 ) (-384 -704 384 ) (-384 0 384 ) (-384 0 80 ) 
4 138 139 (-384 -704 384 ) (-384 -704 80 ) (-376 -704 80 ) (-376 -704 384 ) 
4 139 140 (-384 -704 0 ) (-384 -1024 0 ) (-384 -1024 384 ) (-384 -704 384 ) 
4 140 142 (-576 0 0 ) (-384 0 0 ) (-384 -704 0 ) (-576 -704 0 ) 
4 141 142 (-32 -256 -64 ) (-32 -704 -64 ) (-32 -704 0 ) (-32 -256 0 ) 
