PRT1
214
709
4 1 135 (1984 0 960 ) (1024 0 960 ) (1024 0 0 ) (1984 0 0 ) 
4 1 6 (1024 1024 128 ) (1024 1024 0 ) (1024 0 0 ) (1024 0 128 ) 
4 1 2 (1024 1024 960 ) (1024 1024 128 ) (1024 0 128 ) (1024 0 960 ) 
4 2 136 (1024 0 128 ) (1024 0 960 ) (256 0 960 ) (256 0 128 ) 
4 2 6 (1024 0 128 ) (256 0 128 ) (256 1024 128 ) (1024 1024 128 ) 
4 2 4 (256 256 192 ) (256 256 960 ) (256 768 960 ) (256 768 192 ) 
4 2 3 (256 1024 128 ) (256 768 128 ) (256 768 960 ) (256 1024 960 ) 
4 2 5 (256 256 128 ) (256 0 128 ) (256 0 960 ) (256 256 960 ) 
4 3 122 (0 768 960 ) (0 1024 960 ) (0 1024 128 ) (0 768 128 ) 
4 3 14 (0 768 128 ) (0 1024 128 ) (64 1024 128 ) (64 768 128 ) 
4 3 9 (64 1024 128 ) (192 1024 128 ) (192 768 128 ) (64 768 128 ) 
4 3 7 (192 1024 128 ) (256 1024 128 ) (256 768 128 ) (192 768 128 ) 
4 3 4 (256 768 192 ) (256 768 960 ) (0 768 960 ) (0 768 192 ) 
4 4 123 (0 256 960 ) (0 768 960 ) (0 768 192 ) (0 256 192 ) 
4 4 5 (256 256 192 ) (256 256 960 ) (0 256 960 ) (0 256 192 ) 
4 5 136 (256 0 960 ) (0 0 960 ) (0 0 128 ) (256 0 128 ) 
4 5 124 (0 0 128 ) (0 0 960 ) (0 256 960 ) (0 256 128 ) 
4 5 61 (64 0 128 ) (0 0 128 ) (0 195.674545 128 ) (64 174.180664 128 ) 
4 5 16 (0 195.674545 128 ) (0 256 128 ) (64 256 128 ) (64 174.180664 128 ) 
4 5 13 (192 0 128 ) (64 0 128 ) (64 256 128 ) (192 256 128 ) 
4 5 8 (256 0 128 ) (192 0 128 ) (192 256 128 ) (256 256 128 ) 
4 6 136 (1024 0 0 ) (1024 0 128 ) (256 0 128 ) (256 0 0 ) 
4 6 7 (256 1024 0 ) (256 768 0 ) (256 768 128 ) (256 1024 128 ) 
4 6 8 (256 256 0 ) (256 0 0 ) (256 0 128 ) (256 256 128 ) 
4 7 9 (192 1024 0 ) (192 768 0 ) (192 768 128 ) (192 1024 128 ) 
4 8 136 (256 0 128 ) (192 0 128 ) (192 0 0 ) (256 0 0 ) 
4 8 13 (192 256 0 ) (192 0 0 ) (192 0 128 ) (192 256 128 ) 
4 9 106 (64 1024 0 ) (64 768 0 ) (64 768 40 ) (64 1024 40 ) 
4 9 14 (64 768 40 ) (64 768 128 ) (64 1024 128 ) (64 1024 40 ) 
4 10 118 (64 688.707336 0 ) (64 680.914429 0 ) (64 680.914429 40 ) (64 688.707336 40 ) 
4 10 117 (64 704 0 ) (64 688.707336 0 ) (64 688.707336 40 ) (64 704 40 ) 
4 10 109 (64 590.580750 0 ) (64 576 0 ) (64 576 40 ) (64 590.580750 40 ) 
4 10 108 (64 659.208313 0 ) (64 590.580750 0 ) (64 590.580750 40 ) (64 659.208313 40 ) 
4 10 107 (64 680.914429 0 ) (64 659.208313 0 ) (64 659.208313 40 ) (64 680.914429 40 ) 
4 10 62 (64 576 40 ) (64 576 43.089642 ) (64 602.441956 40.544456 ) (64 605.108093 40 ) 
3 10 61 (64 576 43.089642 ) (64 576 45.944183 ) (64 602.441956 40.544456 ) 
5 10 17 (64 576 45.944183 ) (64 576 53.159863 ) (64 704 40.845909 ) (64 704 40 ) (64 605.108093 40 ) 
4 10 16 (64 576 53.159863 ) (64 576 70.198082 ) (64 704 44.077316 ) (64 704 40.845909 ) 
4 10 15 (64 576 70.198082 ) (64 576 128 ) (64 704 128 ) (64 704 44.077316 ) 
4 10 11 (96 576 0 ) (192 576 0 ) (192 576 128 ) (96 576 128 ) 
4 11 12 (96 544 16 ) (96 320 16 ) (96 320 112 ) (96 544 112 ) 
4 12 111 (64 320 16 ) (64 320 40 ) (64 533.201050 40 ) (64 533.201050 16 ) 
4 12 110 (64 533.201050 40 ) (64 544 40 ) (64 544 16 ) (64 533.201050 16 ) 
4 12 62 (64 320 40 ) (64 320 67.731041 ) (64 544 46.169819 ) (64 544 40 ) 
4 12 61 (64 320 67.731041 ) (64 320 98.222122 ) (64 544 52.478935 ) (64 544 46.169819 ) 
3 12 17 (64 544 56.238342 ) (64 544 52.478935 ) (64 509.193237 59.586849 ) 
6 12 16 (64 320 98.222122 ) (64 320 112 ) (64 371.157166 112 ) (64 544 76.728264 ) (64 544 56.238342 ) (64 509.193237 59.586849 ) 
3 12 15 (64 371.157166 112 ) (64 544 112 ) (64 544 76.728264 ) 
4 13 136 (192 0 128 ) (64 0 128 ) (64 0 0 ) (192 0 0 ) 
4 13 111 (64 256 0 ) (64 0 0 ) (64 0 40 ) (64 256 40 ) 
4 13 62 (64 0 40 ) (64 0 98.532791 ) (64 256 73.891388 ) (64 256 40 ) 
5 13 61 (64 0 98.532791 ) (64 0 128 ) (64 174.180664 128 ) (64 256 111.291618 ) (64 256 73.891388 ) 
3 13 16 (64 174.180664 128 ) (64 256 128 ) (64 256 111.291618 ) 
4 14 126 (0 768 128 ) (0 1024 128 ) (0 1024 40 ) (0 768 40 ) 
4 14 106 (0 768 40 ) (0 1024 40 ) (64 1024 40 ) (64 768 40 ) 
3 15 128 (0 314.244049 128 ) (0 576 128 ) (0 576 74.583908 ) 
4 15 127 (0 576 128 ) (0 704 128 ) (0 704 48.463165 ) (0 576 74.583908 ) 
3 15 23 (37.048515 702.947327 46.138916 ) (31.917519 697.043884 47.695244 ) (30.805325 697.417358 47.695251 ) 
4 15 22 (30.241331 704 46.390579 ) (37.963478 704 45.861393 ) (37.048515 702.947327 46.138916 ) (29.986946 696.692444 47.899261 ) 
3 15 21 (23.931717 704 46.822968 ) (30.241331 704 46.390579 ) (29.956730 695.824402 48.078465 ) 
3 15 20 (4.354161 704 48.164589 ) (23.931717 704 46.822968 ) (30.370102 695.263489 48.164604 ) 
5 15 19 (0 704 48.462975 ) (4.354161 704 48.164589 ) (30.370102 695.263489 48.164604 ) (29.923630 694.749817 48.300026 ) (0 685.791016 52.178841 ) 
3 15 18 (29.923630 694.749817 48.300026 ) (0 660.321289 57.376404 ) (0 685.791016 52.178841 ) 
5 15 16 (37.963478 704 45.861393 ) (64 704 44.077148 ) (64 292.751129 128 ) (0 314.243103 128 ) (0 660.321289 57.376404 ) 
5 16 128 (0 195.674561 128 ) (0 314.244049 128 ) (0 576 74.583908 ) (0 576 65.488342 ) (0 435.687561 78.986786 ) 
3 16 127 (0 576 74.583908 ) (0 660.323120 57.376228 ) (0 576 65.488342 ) 
4 16 61 (64 509.192352 59.586937 ) (64 174.180267 128 ) (0 195.674164 128 ) (0 435.686646 78.986870 ) 
3 16 24 (31.918495 697.043457 47.695293 ) (33.082485 696.968872 47.478256 ) (32.439049 695.995972 47.695801 ) 
3 16 23 (31.918495 697.043457 47.695293 ) (36.993233 702.882141 46.156036 ) (33.082485 696.968872 47.478256 ) 
3 16 19 (29.925421 694.750366 48.299828 ) (30.371155 695.263184 48.164627 ) (30.977642 694.935242 48.079353 ) 
4 16 18 (0 660.320068 57.376740 ) (29.925421 694.750366 48.299828 ) (31.837511 695.086365 47.899181 ) (0 646.945984 58.663406 ) 
6 16 17 (36.993233 702.882141 46.156036 ) (37.964844 704 45.861328 ) (64 704 40.846210 ) (64 509.194580 59.587685 ) (0 435.688843 78.987625 ) (0 646.945984 58.663406 ) 
3 17 128 (0 576 50.333485 ) (0 435.687561 78.986786 ) (0 576 65.488342 ) 
4 17 127 (0 594.437744 46.568298 ) (0 576 50.333485 ) (0 576 65.488342 ) (0 646.945190 58.663223 ) 
4 17 118 (64 688.707336 40 ) (64 680.914429 40 ) (41.156647 688.563416 40 ) (43.507660 695.569031 40 ) 
4 17 117 (46.336990 704 40 ) (64 704 40 ) (64 688.707336 40 ) (43.507660 695.569031 40 ) 
3 17 108 (64 659.208313 40 ) (64 605.108093 40 ) (47.713257 610.577881 40 ) 
5 17 107 (64 680.914429 40 ) (64 659.208313 40 ) (47.713257 610.577881 40 ) (18.300606 620.455933 40 ) (41.156647 688.563416 40 ) 
4 17 68 (45.517593 581.196899 46.150406 ) (45.504311 581.178040 46.155174 ) (40.443653 575.360168 47.690315 ) (39.336048 575.732178 47.690300 ) 
4 17 67 (39.810841 613.231384 40 ) (62.653603 605.559814 40 ) (45.517593 581.196899 46.150406 ) (38.497383 574.990784 47.899223 ) 
4 17 66 (18.300467 620.455505 40 ) (39.810841 613.231384 40 ) (38.467468 574.119873 48.079124 ) (11.471734 610.747009 42.450909 ) 
4 17 65 (38.879051 573.561462 48.164932 ) (0 586.617737 48.165123 ) (0 594.437500 46.568245 ) (11.471734 610.747009 42.450909 ) 
4 17 64 (38.879051 573.561462 48.164932 ) (38.431267 573.046692 48.300766 ) (0 561.545166 53.285210 ) (0 586.617737 48.165123 ) 
3 17 63 (38.431267 573.046692 48.300766 ) (0 528.865173 59.958813 ) (0 561.545166 53.285210 ) 
4 17 62 (62.653603 605.559814 40 ) (64 605.107666 40 ) (64 602.441101 40.544544 ) (45.504311 581.178040 46.155174 ) 
4 17 61 (64 602.441101 40.544544 ) (64 509.192352 59.586937 ) (0 435.686646 78.986870 ) (0 528.865173 59.958813 ) 
4 17 25 (33.732300 696.087341 46.830128 ) (43.928814 696.822998 40 ) (40.736492 687.311401 40 ) (33.046989 694.031860 46.826992 ) 
4 17 24 (32.441868 695.994263 47.694523 ) (33.087234 696.970093 47.476326 ) (46.161343 703.474854 40 ) (43.928814 696.822998 40 ) 
6 17 23 (33.087234 696.970093 47.476326 ) (37.023438 702.921875 46.145508 ) (37.030739 702.932251 46.142887 ) (37.957844 704 45.752460 ) (46.337589 704 40 ) (46.161343 703.474854 40 ) 
3 17 22 (37.030739 702.932251 46.142887 ) (37.781452 704 45.873550 ) (37.957844 704 45.752460 ) 
5 17 18 (0 646.940063 58.663033 ) (31.841066 695.085815 47.897652 ) (40.736492 687.311401 40 ) (18.296883 620.452148 40 ) (0 594.439209 46.567005 ) 
6 18 127 (0 660.323120 57.376228 ) (0 685.791260 52.178993 ) (0 666.943726 40 ) (0 626.602051 40 ) (0 594.437744 46.568298 ) (0 646.945190 58.663223 ) 
4 18 107 (0 626.602051 40 ) (0 666.943726 40 ) (40.736507 687.311462 40 ) (18.300606 620.455933 40 ) 
4 18 66 (0 626.601562 40 ) (18.300467 620.455505 40 ) (11.471733 610.747009 42.450909 ) (0 626.310913 40.059349 ) 
3 18 65 (11.471733 610.747009 42.450909 ) (0 594.437500 46.568245 ) (0 626.310913 40.059349 ) 
4 18 26 (33.045216 694.036255 46.831959 ) (34.147045 684.014343 40 ) (31.852993 682.867371 40 ) (31.115196 693.075012 46.834557 ) 
3 18 25 (33.045216 694.036255 46.831959 ) (40.741894 687.311707 40 ) (34.147045 684.014343 40 ) 
5 18 19 (0 685.789673 52.179886 ) (29.925781 694.749023 48.300781 ) (30.980808 694.934326 48.079460 ) (31.852993 682.867371 40 ) (0 666.941284 40 ) 
5 19 127 (0 685.791260 52.178993 ) (0 704 48.463165 ) (0 704 47.161232 ) (0 693.564026 40 ) (0 666.943726 40 ) 
3 19 107 (0 666.943726 40 ) (0 693.564026 40 ) (31.850075 682.868347 40 ) 
4 19 27 (31.109470 693.069458 46.830582 ) (24.827639 685.224915 40 ) (22.337769 686.061096 40 ) (29.055033 693.754395 46.826584 ) 
3 19 26 (31.111546 693.072021 46.832840 ) (31.849403 682.866821 40 ) (24.827639 685.224915 40 ) 
5 19 20 (4.351562 704 48.164062 ) (30.371094 695.261719 48.164062 ) (22.337769 686.061096 40 ) (0 693.562683 40 ) (0 704 47.161369 ) 
3 20 127 (0 704 47.161232 ) (0 704 40 ) (0 693.564026 40 ) 
4 20 115 (0 702.344421 40 ) (0 704 40 ) (13.378859 704 40 ) (17.058201 696.632629 40 ) 
4 20 107 (0 693.564026 40 ) (0 702.344421 40 ) (17.058201 696.632629 40 ) (22.336773 686.063049 40 ) 
4 20 28 (29.055010 693.753174 46.824741 ) (19.047710 692.654419 40 ) (17.896826 694.958618 40 ) (28.089914 695.693054 46.827362 ) 
3 20 27 (29.064331 693.754211 46.831100 ) (22.343315 686.056335 40 ) (19.047710 692.654419 40 ) 
4 20 21 (23.933594 704 46.823242 ) (29.958569 695.827698 48.078991 ) (17.896826 694.958618 40 ) (13.380848 704 40 ) 
4 21 115 (13.378859 704 40 ) (20.931042 704 40 ) (18.317146 696.211060 40 ) (17.058203 696.632629 40 ) 
3 21 107 (18.317146 696.211060 40 ) (17.895782 694.955505 40 ) (17.058203 696.632629 40 ) 
5 21 29 (28.089630 695.691956 46.826172 ) (20.252605 701.973083 40 ) (20.932816 704 40 ) (21.626278 704 40.475994 ) (28.776697 697.752747 46.823074 ) 
3 21 28 (28.093357 695.688965 46.829418 ) (17.897282 694.954590 40 ) (20.252605 701.973083 40 ) 
3 21 22 (21.626278 704 40.475994 ) (30.243164 704 46.390625 ) (29.988867 696.693665 47.899055 ) 
5 22 30 (28.781353 697.745239 46.830814 ) (28.778399 697.747803 46.828194 ) (28.090712 704 42.565586 ) (30.327845 704 43.288246 ) (30.710094 698.705139 46.833496 ) 
3 22 29 (28.778399 697.747803 46.828194 ) (21.622412 704 40.476139 ) (28.090712 704 42.565586 ) 
4 22 23 (30.327845 704 43.288246 ) (37.955673 704 45.752258 ) (37.019531 702.921875 46.146484 ) (30.803040 697.417664 47.695526 ) 
3 23 117 (44.597626 704 40 ) (46.336990 704 40 ) (46.160824 703.475037 40 ) 
4 23 31 (30.714888 698.712036 46.826946 ) (34.950073 704 42.223072 ) (37.988338 704 41.523415 ) (32.770718 698.024353 46.826382 ) 
3 23 30 (30.709272 698.705017 46.833050 ) (30.326420 704 43.287819 ) (34.950073 704 42.223072 ) 
6 23 24 (46.164131 703.476624 40 ) (33.082031 696.968750 47.480469 ) (31.924093 697.042542 47.695236 ) (31.915842 697.045288 47.695240 ) (37.988338 704 41.523415 ) (44.603760 704 40 ) 
4 24 117 (40.344532 704 40 ) (44.597626 704 40 ) (46.160824 703.475037 40 ) (43.928612 696.823425 40 ) 
4 24 32 (33.732922 696.094421 46.832825 ) (33.721825 696.093628 46.840260 ) (32.765427 698.021667 46.833286 ) (35.865841 698.358459 44.721970 ) 
5 24 31 (32.765427 698.021667 46.833286 ) (37.985107 704 41.528111 ) (40.348732 704 40 ) (40.637173 703.423035 40 ) (35.865841 698.358459 44.721970 ) 
3 24 25 (43.933659 696.829102 40 ) (33.732922 696.094421 46.832825 ) (40.637173 703.423035 40 ) 
3 25 120 (38.201645 689.552856 40 ) (36.220863 690.216064 40 ) (36.883137 692.196594 40 ) 
5 25 118 (43.507656 695.569031 40 ) (41.156643 688.563416 40 ) (38.201645 689.552856 40 ) (36.883137 692.196594 40 ) (38.564362 697.224304 40 ) 
4 25 117 (40.635365 703.417664 40 ) (43.928612 696.823425 40 ) (43.507656 695.569031 40 ) (38.564362 697.224304 40 ) 
4 25 107 (41.156643 688.563416 40 ) (40.736507 687.311462 40 ) (34.148033 684.017273 40 ) (36.220863 690.216064 40 ) 
4 25 33 (34.598751 696.145630 45.530727 ) (38.287376 696.395325 40 ) (36.498230 691.044312 40 ) (33.701267 693.468079 45.535107 ) 
4 25 32 (33.735287 696.087158 46.825409 ) (35.881596 698.366333 44.701782 ) (39.558331 700.196472 40 ) (38.287376 696.395325 40 ) 
3 25 31 (35.881596 698.366333 44.701782 ) (40.633595 703.412415 40 ) (39.558331 700.196472 40 ) 
4 25 26 (34.148010 684.015259 40 ) (33.046875 694.031250 46.828125 ) (33.047886 694.034302 46.828125 ) (36.498230 691.044312 40 ) 
3 26 120 (36.497746 691.044067 40 ) (36.220890 690.216125 40 ) (35.393181 690.493286 40 ) 
5 26 107 (36.220890 690.216125 40 ) (34.148033 684.017273 40 ) (31.850075 682.868347 40 ) (24.829571 685.225952 40 ) (35.393181 690.493286 40 ) 
5 26 34 (33.697445 693.464294 45.536045 ) (33.700047 693.462036 45.530899 ) (33.451420 689.522949 40 ) (31.424393 688.512512 40 ) (31.168890 692.201050 45.528561 ) 
3 26 33 (33.700047 693.462036 45.530899 ) (36.495274 691.040283 40 ) (33.451420 689.522949 40 ) 
3 26 27 (31.424393 688.512512 40 ) (24.833435 685.227051 40 ) (31.109043 693.065002 46.823517 ) 
4 27 107 (31.422203 688.513245 40 ) (24.829571 685.225952 40 ) (22.336773 686.063049 40 ) (19.044390 692.655579 40 ) 
5 27 35 (31.165840 692.203979 45.533768 ) (31.166161 692.199341 45.526772 ) (28.204063 689.589233 40 ) (26.069050 690.303955 40 ) (28.490231 693.100891 45.534050 ) 
3 27 34 (31.166161 692.199341 45.526772 ) (31.419184 688.512878 40 ) (28.204063 689.589233 40 ) 
3 27 28 (26.069050 690.303955 40 ) (19.049053 692.654114 40 ) (29.054688 693.752930 46.824219 ) 
3 28 115 (18.317144 696.211060 40 ) (20.251537 701.975220 40 ) (24.087809 694.278809 40 ) 
5 28 107 (26.068602 690.304871 40 ) (19.044390 692.655579 40 ) (17.895782 694.955505 40 ) (18.317144 696.211060 40 ) (24.087809 694.278809 40 ) 
4 28 36 (28.487776 693.100830 45.529560 ) (24.551180 693.351257 40 ) (23.537735 695.385132 40 ) (27.221903 695.635864 45.523693 ) 
3 28 35 (28.492876 693.100525 45.536724 ) (26.070076 690.303040 40 ) (24.551180 693.351257 40 ) 
3 28 29 (23.537735 695.385132 40 ) (20.254551 701.973999 40 ) (28.089401 695.694885 46.824337 ) 
4 29 115 (20.931042 704 40 ) (26.418482 704 40 ) (23.537184 695.383484 40 ) (20.251537 701.975220 40 ) 
5 29 37 (27.225565 695.633606 45.529816 ) (27.223709 695.633484 45.527031 ) (24.611689 698.594666 40 ) (25.327854 700.735779 40 ) (28.123344 698.314148 45.530712 ) 
3 29 36 (27.223709 695.633484 45.527031 ) (23.537676 695.383728 40 ) (24.611689 698.594666 40 ) 
4 29 30 (25.327854 700.735779 40 ) (26.419670 704 40 ) (28.089827 704 42.562222 ) (28.777229 697.747681 46.824387 ) 
3 30 116 (29.730778 704 40 ) (31.874193 704 40 ) (29.301256 702.717041 40 ) 
4 30 115 (26.418482 704 40 ) (29.730778 704 40 ) (29.301256 702.717041 40 ) (25.326769 700.735229 40 ) 
4 30 38 (28.124538 698.312927 45.538872 ) (28.375404 702.259888 40 ) (30.389879 703.264771 40 ) (30.648273 699.570557 45.542343 ) 
3 30 37 (28.124371 698.310303 45.542587 ) (25.323347 700.737488 40 ) (28.375404 702.259888 40 ) 
5 30 31 (30.389879 703.264771 40 ) (31.863855 704 40 ) (34.943119 704 42.226093 ) (30.710938 698.714844 46.828125 ) (30.708218 698.713501 46.828117 ) 
5 31 117 (38.889431 704 40 ) (40.344532 704 40 ) (40.635365 703.417664 40 ) (39.558247 700.196533 40 ) (34.595612 701.857300 40 ) 
4 31 116 (31.874193 704 40 ) (38.889431 704 40 ) (34.595612 701.857300 40 ) (30.395802 703.262817 40 ) 
4 31 39 (30.655655 699.576355 45.531258 ) (33.618385 702.186096 40 ) (35.757622 701.470581 40 ) (33.332962 698.678162 45.535725 ) 
3 31 38 (30.655655 699.576355 45.531258 ) (30.397125 703.263489 40 ) (33.618385 702.186096 40 ) 
5 31 32 (35.757622 701.470581 40 ) (39.558960 700.199158 40 ) (35.875000 698.365234 44.710938 ) (32.775658 698.026550 46.823143 ) (32.769066 698.028748 46.823154 ) 
3 32 118 (38.564354 697.224304 40 ) (38.287235 696.395569 40 ) (37.735882 697.501709 40 ) 
4 32 117 (39.558247 700.196533 40 ) (38.564354 697.224304 40 ) (37.735882 697.501709 40 ) (35.758881 701.468018 40 ) 
3 32 40 (33.337730 698.677979 45.528358 ) (36.155846 698.503357 41.564716 ) (34.600971 696.147034 45.521717 ) 
4 32 39 (33.337730 698.677979 45.528358 ) (35.759350 701.466309 40 ) (36.770691 699.435120 40 ) (36.155846 698.503357 41.564716 ) 
3 32 33 (36.770691 699.435120 40 ) (38.284355 696.395020 40 ) (34.599846 696.145325 45.524578 ) 
5 33 120 (36.883141 692.196594 40 ) (36.497746 691.044067 40 ) (35.393162 690.493286 40 ) (33.939362 690.980042 40 ) (35.365662 695.239319 40 ) 
5 33 118 (38.287235 696.395569 40 ) (36.883141 692.196594 40 ) (35.365662 695.239319 40 ) (36.285858 697.987244 40 ) (37.735874 697.501709 40 ) 
3 33 117 (36.285858 697.987244 40 ) (36.771294 699.436890 40 ) (37.735874 697.501709 40 ) 
3 33 107 (35.393162 690.493286 40 ) (33.452278 689.525513 40 ) (33.939362 690.980042 40 ) 
4 33 41 (34.902573 696.170105 43.996796 ) (35.695019 696.226501 40 ) (34.529373 692.745422 40 ) (33.929729 693.265015 43.997200 ) 
4 33 40 (34.598682 696.148438 45.529503 ) (36.152794 698.502747 41.573009 ) (36.518421 698.685486 40 ) (35.695019 696.226501 40 ) 
3 33 39 (36.152794 698.502747 41.573009 ) (36.770672 699.438782 40 ) (36.518421 698.685486 40 ) 
3 33 34 (34.529373 692.745422 40 ) (33.450798 689.524414 40 ) (33.699627 693.464417 45.531067 ) 
3 34 121 (32.175282 691.570801 40 ) (33.601162 692.282288 40 ) (33.243118 691.213196 40 ) 
4 34 120 (33.601162 692.282288 40 ) (34.530781 692.746155 40 ) (33.939365 690.980042 40 ) (33.243118 691.213196 40 ) 
5 34 107 (33.452278 689.525513 40 ) (31.422203 688.513245 40 ) (28.205317 689.589783 40 ) (32.175282 691.570801 40 ) (33.939365 690.980042 40 ) 
4 34 42 (33.930382 693.266296 43.998325 ) (32.671997 691.819458 40 ) (31.245228 691.107544 40 ) (31.190130 691.898987 43.997868 ) 
3 34 41 (33.932884 693.269165 44.006283 ) (34.533855 692.748413 40 ) (32.671997 691.819458 40 ) 
3 34 35 (31.245228 691.107544 40 ) (28.204220 689.590271 40 ) (31.169006 692.202393 45.530693 ) 
4 35 107 (28.205317 689.589783 40 ) (26.068602 690.304871 40 ) (24.549931 693.351685 40 ) (31.246288 691.107239 40 ) 
5 35 43 (31.187037 691.900574 44 ) (31.187153 691.898926 43.990597 ) (29.282417 691.765869 40 ) (27.764683 692.274658 40 ) (28.287066 692.872131 43.996391 ) 
3 35 42 (31.187153 691.898926 43.990597 ) (31.242224 691.108948 40 ) (29.282417 691.765869 40 ) 
3 35 36 (27.764683 692.274658 40 ) (24.550381 693.352112 40 ) (28.487535 693.101440 45.530052 ) 
3 36 119 (26.592133 694.625000 40 ) (27.301754 693.202576 40 ) (26.235468 693.559631 40 ) 
5 36 115 (24.087805 694.278809 40 ) (23.537184 695.383484 40 ) (24.611271 698.595520 40 ) (26.592133 694.625000 40 ) (26.235468 693.559631 40 ) 
4 36 107 (24.549931 693.351685 40 ) (24.087805 694.278809 40 ) (27.301754 693.202576 40 ) (27.764952 692.274109 40 ) 
5 36 44 (28.286474 692.873352 44.003632 ) (28.285646 692.872375 43.997299 ) (26.837393 694.130188 40 ) (26.128723 695.550598 40 ) (26.922035 695.608215 44.003815 ) 
3 36 43 (28.285646 692.872375 43.997299 ) (27.763145 692.274719 40 ) (26.837393 694.130188 40 ) 
4 36 37 (26.128723 695.550598 40 ) (24.610493 698.593628 40 ) (27.221859 695.633240 45.525063 ) (27.223455 695.630066 45.525066 ) 
4 37 115 (24.611271 698.595520 40 ) (25.326769 700.735229 40 ) (28.373585 702.254456 40 ) (26.129366 695.552551 40 ) 
5 37 45 (26.923334 695.615845 44.002728 ) (26.920986 695.615662 43.990879 ) (26.788393 697.523743 40 ) (27.293659 699.032654 40 ) (27.893044 698.512024 44.002144 ) 
3 37 44 (26.920986 695.615662 43.990879 ) (26.130241 695.558289 40 ) (26.788393 697.523743 40 ) 
3 37 38 (27.293659 699.032654 40 ) (28.372349 702.253967 40 ) (28.122034 698.313110 45.531132 ) 
4 38 116 (29.301268 702.717041 40 ) (30.395802 703.262817 40 ) (33.616344 702.185059 40 ) (28.222878 699.495911 40 ) 
4 38 115 (28.373585 702.254456 40 ) (29.301268 702.717041 40 ) (28.222878 699.495911 40 ) (27.294928 699.033264 40 ) 
4 38 46 (27.894028 698.512756 43.998348 ) (29.150837 699.957886 40 ) (30.584009 700.672363 40 ) (30.634842 699.879761 43.995083 ) 
3 38 45 (27.894028 698.512756 43.998348 ) (27.295197 699.032837 40 ) (29.150837 699.957886 40 ) 
3 38 39 (30.584009 700.672363 40 ) (33.617588 702.184692 40 ) (30.654408 699.574707 45.532799 ) 
5 39 117 (34.595646 701.857300 40 ) (35.758881 701.468018 40 ) (36.771294 699.436890 40 ) (36.519547 698.685120 40 ) (31.563770 700.344360 40 ) 
4 39 116 (33.616344 702.185059 40 ) (34.595646 701.857300 40 ) (31.563770 700.344360 40 ) (30.583086 700.672729 40 ) 
4 39 47 (30.632830 699.880249 44.001869 ) (32.546867 700.015747 40 ) (34.056747 699.510254 40 ) (33.535023 698.908691 44.001854 ) 
3 39 46 (30.632830 699.880249 44.001869 ) (30.581127 700.673828 40 ) (32.546867 700.015747 40 ) 
4 39 40 (34.056747 699.510254 40 ) (36.519348 698.685852 40 ) (36.155273 698.503906 41.566406 ) (33.335751 698.678894 45.530365 ) 
3 40 118 (36.285854 697.987244 40 ) (35.695747 696.225037 40 ) (34.521927 698.577881 40 ) 
4 40 117 (36.519547 698.685120 40 ) (36.285854 697.987244 40 ) (34.521927 698.577881 40 ) (34.057110 699.509583 40 ) 
4 40 48 (33.537361 698.904907 43.998898 ) (33.538174 698.905823 43.992649 ) (34.787434 697.819275 40.547962 ) (34.902481 696.168030 44 ) 
4 40 47 (33.538174 698.905823 43.992649 ) (34.058422 699.506104 40 ) (34.769173 698.081421 40 ) (34.787434 697.819275 40.547962 ) 
3 40 41 (34.769173 698.081421 40 ) (35.695564 696.224548 40 ) (34.902481 696.168030 44 ) 
4 41 121 (33.601151 692.282288 40 ) (32.671673 691.818481 40 ) (33.001118 692.802185 40 ) (33.930595 693.265991 40 ) 
4 41 120 (35.365665 695.239319 40 ) (34.530781 692.746155 40 ) (33.601151 692.282288 40 ) (34.902500 696.168030 40 ) 
4 41 118 (35.695747 696.225037 40 ) (35.365665 695.239319 40 ) (34.439354 697.096680 40 ) (34.769341 698.081970 40 ) 
4 41 49 (34.598351 696.146729 42.468124 ) (34.109161 696.112366 40 ) (33.330048 693.785767 40 ) (33.700413 693.465332 42.468109 ) 
4 41 48 (34.902256 696.168091 44.001419 ) (34.787163 697.819641 40.549133 ) (34.659523 697.755859 40 ) (34.109161 696.112366 40 ) 
3 41 47 (34.787163 697.819641 40.549133 ) (34.768856 698.082336 40 ) (34.659523 697.755859 40 ) 
3 41 42 (33.330048 693.785767 40 ) (32.671162 691.818176 40 ) (33.930504 693.266235 44.001434 ) 
4 42 121 (32.671673 691.818481 40 ) (32.175240 691.570740 40 ) (31.192698 691.899719 40 ) (33.001125 692.802185 40 ) 
4 42 107 (32.175240 691.570740 40 ) (31.246288 691.107239 40 ) (29.281952 691.765625 40 ) (30.210075 692.228760 40 ) 
5 42 50 (33.701153 693.462830 42.472607 ) (33.700706 693.463196 42.469631 ) (31.971498 693.106140 40 ) (31.137936 692.690186 40 ) (31.172073 692.200684 42.472847 ) 
3 42 49 (33.700706 693.463196 42.469631 ) (33.330257 693.784241 40 ) (31.971498 693.106140 40 ) 
4 42 43 (31.137936 692.690186 40 ) (29.283913 691.764954 40 ) (31.191135 691.898193 43.995842 ) (31.193098 691.899170 43.995842 ) 
4 43 119 (27.301720 693.202637 40 ) (26.839296 694.129517 40 ) (27.825203 693.799377 40 ) (28.287622 692.872498 40 ) 
4 43 107 (29.281952 691.765625 40 ) (27.764952 692.274109 40 ) (27.301720 693.202637 40 ) (30.210091 692.228821 40 ) 
5 43 51 (31.162436 692.205200 42.468292 ) (31.162260 692.207703 42.455578 ) (29.699583 693.172241 40 ) (28.810898 693.469849 40 ) (28.487701 693.100525 42.470222 ) 
3 43 50 (31.162260 692.207703 42.455578 ) (31.128363 692.693787 40 ) (29.699583 693.172241 40 ) 
3 43 44 (28.810898 693.469849 40 ) (26.838968 694.130188 40 ) (28.287697 692.871948 43.998882 ) 
4 44 119 (26.839296 694.129517 40 ) (26.592115 694.625000 40 ) (26.921894 695.610046 40 ) (27.825195 693.799438 40 ) 
4 44 115 (26.592115 694.625000 40 ) (26.129366 695.552551 40 ) (26.789028 697.522522 40 ) (27.251699 696.595154 40 ) 
4 44 52 (28.486649 693.101562 42.469151 ) (28.131380 694.829773 40 ) (27.714048 695.666260 40 ) (27.223993 695.631470 42.471485 ) 
3 44 51 (28.486649 693.101562 42.469151 ) (28.809328 693.470886 40 ) (28.131380 694.829773 40 ) 
3 44 45 (27.714048 695.666260 40 ) (26.788603 697.521240 40 ) (26.921413 695.609985 43.997486 ) 
4 45 116 (28.222874 699.495911 40 ) (29.151129 699.958740 40 ) (28.822199 698.976257 40 ) (27.893785 698.512939 40 ) 
4 45 115 (26.789028 697.522522 40 ) (27.294928 699.033264 40 ) (28.222874 699.495911 40 ) (27.251701 696.595154 40 ) 
5 45 53 (27.225809 695.634827 42.469826 ) (27.226782 695.634888 42.464916 ) (28.194624 697.102356 40 ) (28.492653 697.992554 40 ) (28.122746 698.314148 42.470219 ) 
3 45 52 (27.226782 695.634888 42.464916 ) (27.715181 695.670349 40 ) (28.194624 697.102356 40 ) 
3 45 46 (28.492653 697.992554 40 ) (29.150848 699.958557 40 ) (27.893841 698.513123 43.998840 ) 
4 46 117 (31.563805 700.344360 40 ) (32.546322 700.015442 40 ) (31.615704 699.551025 40 ) (30.633265 699.880005 40 ) 
4 46 116 (29.151129 699.958740 40 ) (30.583086 700.672729 40 ) (31.563805 700.344360 40 ) (28.822205 698.976257 40 ) 
4 46 54 (28.122377 698.313354 42.470406 ) (29.852142 698.670593 40 ) (30.685606 699.086548 40 ) (30.654148 699.576904 42.470730 ) 
3 46 53 (28.122377 698.313354 42.470406 ) (28.492395 697.992065 40 ) (29.852142 698.670593 40 ) 
3 46 47 (30.685606 699.086548 40 ) (32.546677 700.015259 40 ) (30.634705 699.879944 43.997845 ) 
5 47 118 (34.521919 698.577881 40 ) (34.769341 698.081970 40 ) (34.660061 697.755676 40 ) (34 697.976501 40 ) (33.535992 698.908020 40 ) 
4 47 117 (32.546322 700.015442 40 ) (34.057110 699.509583 40 ) (34.521919 698.577881 40 ) (31.615679 699.551025 40 ) 
4 47 55 (30.654736 699.572144 42.463520 ) (32.120697 698.603516 40 ) (33.016258 698.303711 40 ) (33.337284 698.674133 42.463737 ) 
3 47 54 (30.648827 699.576050 42.473450 ) (30.680962 699.085510 40 ) (32.120697 698.603516 40 ) 
4 47 48 (33.016258 698.303711 40 ) (34.659378 697.753662 40 ) (34.787758 697.817810 40.552322 ) (33.537308 698.904968 43.998856 ) 
3 48 118 (34.660061 697.755676 40 ) (34.439350 697.096619 40 ) (34 697.976501 40 ) 
3 48 56 (33.335388 698.676697 42.466770 ) (33.629173 697.244202 40.417286 ) (34.598217 696.145630 42.468491 ) 
4 48 55 (33.335388 698.676697 42.466770 ) (33.013985 698.305847 40 ) (33.432037 697.467712 40 ) (33.629173 697.244202 40.417286 ) 
3 48 49 (33.432037 697.467712 40 ) (34.108822 696.110840 40 ) (34.598217 696.145630 42.468491 ) 
4 49 57 (33.729122 696.091675 41.167656 ) (32.950321 696.038574 40 ) (32.450054 694.544739 40 ) (33.039162 694.033875 41.166382 ) 
4 49 56 (34.591259 696.150452 42.460251 ) (33.625877 697.244934 40.416687 ) (33.300007 697.082764 40 ) (32.950321 696.038574 40 ) 
3 49 55 (33.625877 697.244934 40.416687 ) (33.429035 697.468079 40 ) (33.300007 697.082764 40 ) 
3 49 50 (32.450054 694.544739 40 ) (31.968332 693.106262 40 ) (33.697205 693.463196 42.469254 ) 
4 50 58 (31.855589 693.997742 40.362343 ) (31.322258 693.981628 40 ) (31.056789 693.849182 40 ) (31.110489 693.067200 41.171932 ) 
3 50 57 (33.049301 694.033813 41.173344 ) (32.456635 694.547729 40 ) (31.322258 693.981628 40 ) 
3 50 51 (31.056789 693.849182 40 ) (29.699398 693.171814 40 ) (31.169895 692.202087 42.468456 ) 
4 51 58 (31.112698 693.067749 41.171032 ) (31.058855 693.848938 40 ) (29.568537 694.348511 40 ) (29.056501 693.757874 41.169647 ) 
3 51 52 (29.568537 694.348511 40 ) (28.132309 694.829895 40 ) (28.487572 693.101624 42.469265 ) 
4 52 59 (29.023577 694.947754 40.360794 ) (29.007359 695.479004 40 ) (28.873352 695.747620 40 ) (28.091930 695.694397 41.171577 ) 
3 52 58 (29.059721 693.763794 41.164886 ) (29.569622 694.351990 40 ) (29.007359 695.479004 40 ) 
3 52 53 (28.873352 695.747620 40 ) (28.195894 697.105591 40 ) (27.226353 695.635498 42.469330 ) 
4 53 59 (28.097614 695.687195 41.166023 ) (28.875336 695.740173 40 ) (29.375914 697.235046 40 ) (28.787592 697.745239 41.164799 ) 
3 53 54 (29.375914 697.235046 40 ) (29.857708 698.673767 40 ) (28.128675 698.316711 42.469360 ) 
4 54 60 (29.970844 697.777161 40.360004 ) (30.500648 697.792969 40 ) (30.773212 697.928833 40 ) (30.718452 698.709839 41.171585 ) 
3 54 59 (28.777925 697.741638 41.170605 ) (29.369196 697.228821 40 ) (30.500648 697.792969 40 ) 
3 54 55 (30.773212 697.928833 40 ) (32.128399 698.604492 40 ) (30.657694 699.576355 42.471497 ) 
4 55 60 (30.711096 698.711853 41.171272 ) (30.765810 697.930969 40 ) (32.255051 697.432190 40 ) (32.767723 698.022583 41.170593 ) 
4 55 56 (32.255051 697.432190 40 ) (33.302681 697.081360 40 ) (33.630608 697.244507 40.419304 ) (33.336773 698.677917 42.469910 ) 
4 56 60 (32.766376 698.026184 41.172768 ) (32.252514 697.434814 40 ) (32.386898 697.165344 40 ) (32.802597 696.832153 40.361790 ) 
3 56 57 (32.386898 697.165344 40 ) (32.951515 696.033325 40 ) (33.732800 696.086548 41.171356 ) 
3 57 60 (32.806942 696.830505 40.361683 ) (32.391270 697.163391 40 ) (32.174477 696.515076 40 ) 
3 57 58 (31.544147 694.630066 40 ) (31.328478 693.985107 40 ) (31.857634 694.001221 40.359478 ) 
3 58 59 (29.654390 695.262146 40 ) (29.004330 695.479370 40 ) (29.020611 694.945801 40.362373 ) 
3 59 60 (30.285784 697.147156 40 ) (30.503313 697.797180 40 ) (29.969776 697.781250 40.362537 ) 
4 61 136 (64 0 128 ) (0 0 128 ) (0 0 110.864975 ) (64 0 98.532791 ) 
4 61 128 (0 0 110.864975 ) (0 0 128 ) (0 195.674561 128 ) (0 528.866089 59.958733 ) 
4 61 69 (40.427567 575.338379 47.695538 ) (40.446358 575.359985 47.689838 ) (41.606441 575.285767 47.473450 ) (40.949722 574.293030 47.695549 ) 
3 61 68 (40.446358 575.359985 47.689838 ) (45.494793 581.163696 46.158413 ) (41.606441 575.285767 47.473450 ) 
3 61 64 (38.434669 573.047302 48.300079 ) (38.881008 573.560425 48.164684 ) (39.487843 573.232300 48.079338 ) 
4 61 63 (0 528.862427 59.959106 ) (38.434669 573.047302 48.300079 ) (40.347988 573.383362 47.899055 ) (0 512.389832 61.544685 ) 
5 61 62 (45.494793 581.163696 46.158413 ) (64 602.437500 40.544922 ) (64 0 98.532806 ) (0 0 110.864990 ) (0 512.389832 61.544685 ) 
4 62 136 (0 0 110.864975 ) (0 0 40 ) (64 0 40 ) (64 0 98.532791 ) 
4 62 128 (0 0 40 ) (0 0 110.864975 ) (0 512.389709 61.544674 ) (0 418.851501 40 ) 
5 62 111 (0 0 40 ) (0 418.851471 40 ) (48.677998 563.912415 40 ) (64 533.200989 40 ) (64 0 40 ) 
4 62 110 (48.677998 563.912415 40 ) (52.018120 573.866028 40 ) (64 569.853943 40 ) (64 533.200989 40 ) 
4 62 109 (52.018120 573.866028 40 ) (56.345253 586.760925 40 ) (64 590.580750 40 ) (64 569.853943 40 ) 
4 62 108 (56.345253 586.760925 40 ) (62.653725 605.560242 40 ) (64 605.108093 40 ) (64 590.580750 40 ) 
4 62 70 (42.244438 574.386536 46.828396 ) (52.439735 575.122559 40 ) (49.247169 565.608643 40 ) (41.557552 572.326477 46.825367 ) 
4 62 69 (40.948132 574.292969 47.696609 ) (41.604118 575.284607 47.474754 ) (54.676224 581.787292 40 ) (52.439735 575.122559 40 ) 
5 62 68 (41.604118 575.284607 47.474754 ) (45.488281 581.156250 46.161133 ) (45.513905 581.192688 46.151936 ) (60.111771 597.985291 40 ) (54.676224 581.787292 40 ) 
3 62 67 (45.513905 581.192688 46.151936 ) (62.654190 605.561707 40 ) (60.111771 597.985291 40 ) 
4 62 63 (0 512.392212 61.545219 ) (40.346912 573.384094 47.899940 ) (49.247169 565.608643 40 ) (0 418.851562 40 ) 
5 63 128 (0 512.389709 61.544674 ) (0 528.866089 59.958733 ) (0 561.545288 53.285294 ) (0 540.985657 40 ) (0 418.851501 40 ) 
5 63 111 (0 418.851471 40 ) (0 468.111359 40 ) (29.315027 555.642822 40 ) (48.114338 565.042236 40 ) (48.678001 563.912415 40 ) 
3 63 110 (48.114338 565.042236 40 ) (49.247200 565.608643 40 ) (48.678001 563.912415 40 ) 
3 63 107 (0 468.111359 40 ) (0 540.985657 40 ) (29.315027 555.642822 40 ) 
4 63 71 (41.558582 572.329712 46.825436 ) (42.659348 562.317383 40 ) (40.357323 561.166382 40 ) (39.619915 571.365173 46.828568 ) 
3 63 70 (41.558273 572.332520 46.827351 ) (49.250122 565.612671 40 ) (42.659348 562.317383 40 ) 
5 63 64 (0 561.547424 53.285057 ) (38.437500 573.050781 48.299805 ) (39.484753 573.234558 48.080200 ) (40.357323 561.166382 40 ) (0 540.988220 40 ) 
5 64 128 (0 561.545288 53.285294 ) (0 576 50.333481 ) (0 576 40.879158 ) (0 574.718811 40 ) (0 540.985657 40 ) 
3 64 127 (0 576 50.333481 ) (0 586.617859 48.165199 ) (0 576 40.879158 ) 
3 64 111 (32.094231 563.941223 40 ) (40.360386 561.165344 40 ) (29.315025 555.642822 40 ) 
4 64 107 (0 540.985657 40 ) (0 574.718811 40 ) (32.094231 563.941223 40 ) (29.315025 555.642822 40 ) 
4 64 72 (39.619480 571.369324 46.834881 ) (33.333557 563.519775 40 ) (30.850298 564.353699 40 ) (37.573009 572.052673 46.832550 ) 
3 64 71 (39.622887 571.373596 46.838585 ) (40.361366 561.159790 40 ) (33.333557 563.519775 40 ) 
5 64 65 (0 586.613464 48.166206 ) (38.875000 573.558594 48.166016 ) (38.883816 573.553833 48.164776 ) (30.850298 564.353699 40 ) (0 574.713501 40 ) 
3 65 128 (0 576 40 ) (0 574.718811 40 ) (0 576 40.879158 ) 
4 65 127 (0 586.617859 48.165199 ) (0 626.602051 40 ) (0 576 40 ) (0 576 40.879158 ) 
3 65 107 (0 574.718811 40 ) (0 626.127136 40 ) (30.847141 564.359985 40 ) 
5 65 73 (37.563499 572.055664 46.826092 ) (37.558620 572.050049 46.821133 ) (27.551100 570.963806 40 ) (26.406879 573.254944 40 ) (36.601227 573.989136 46.828251 ) 
3 65 72 (37.558620 572.050049 46.821133 ) (30.847424 564.363403 40 ) (27.551100 570.963806 40 ) 
4 65 66 (0 626.312866 40.058826 ) (38.467735 574.123596 48.078453 ) (26.406879 573.254944 40 ) (0 626.130676 40 ) 
4 66 107 (0 626.127136 40 ) (0 626.602051 40 ) (39.810989 613.231812 40 ) (26.406099 573.252563 40 ) 
4 66 74 (36.600563 573.987854 46.826359 ) (28.762146 580.271545 40 ) (29.595127 582.755737 40 ) (37.286938 576.050293 46.822807 ) 
3 66 73 (36.600563 573.987854 46.826359 ) (26.409054 573.253845 40 ) (28.762146 580.271545 40 ) 
3 66 67 (29.595127 582.755737 40 ) (39.813179 613.229309 40 ) (38.499859 574.992920 47.898697 ) 
4 67 108 (47.713249 610.577881 40 ) (62.653725 605.560242 40 ) (60.111801 597.985291 40 ) (40.161430 588.028931 40 ) 
4 67 107 (39.810989 613.231812 40 ) (47.713249 610.577881 40 ) (40.161430 588.028931 40 ) (29.591957 582.754211 40 ) 
5 67 75 (37.298588 576.042847 46.834927 ) (37.289867 576.050476 46.827194 ) (36.182762 586.048767 40 ) (38.517731 587.213989 40 ) (39.239216 577.009766 46.835953 ) 
3 67 74 (37.289867 576.050476 46.827194 ) (29.593006 582.760254 40 ) (36.182762 586.048767 40 ) 
4 67 68 (38.517731 587.213989 40 ) (60.116173 597.992432 40 ) (45.531250 581.214844 46.146484 ) (39.329411 575.734070 47.690544 ) 
3 68 109 (56.345245 586.760925 40 ) (54.676254 581.787292 40 ) (49.716423 583.453003 40 ) 
5 68 108 (60.111801 597.985291 40 ) (56.345245 586.760925 40 ) (49.716423 583.453003 40 ) (39.749901 586.800171 40 ) (40.161434 588.028992 40 ) 
3 68 107 (39.749901 586.800171 40 ) (38.524109 587.211853 40 ) (40.161434 588.028992 40 ) 
5 68 76 (39.249573 576.986572 46.848709 ) (39.247162 577.020691 46.825871 ) (45.523781 584.859131 40 ) (47.989872 584.030579 40 ) (41.254639 576.318359 46.844402 ) 
3 68 75 (39.247162 577.020691 46.825871 ) (38.526569 587.209961 40 ) (45.523781 584.859131 40 ) 
5 68 69 (54.670227 581.786133 40 ) (41.601562 575.285156 47.472656 ) (40.435661 575.359619 47.691063 ) (40.421486 575.364380 47.691059 ) (47.989872 584.030579 40 ) 
4 69 109 (54.676254 581.787292 40 ) (52.439758 575.122498 40 ) (48.565334 582.878601 40 ) (49.716454 583.453003 40 ) 
3 69 108 (48.565334 582.878601 40 ) (47.988506 584.033325 40 ) (49.716454 583.453003 40 ) 
3 69 77 (42.246937 574.384521 46.823536 ) (41.277924 576.320801 46.828781 ) (44.391365 576.663025 44.702450 ) 
4 69 76 (41.243664 576.317017 46.852180 ) (47.986492 584.038086 40 ) (49.145569 581.714417 40 ) (44.391365 576.663025 44.702450 ) 
3 69 70 (52.434937 575.119995 40 ) (42.246937 574.384521 46.823536 ) (49.145569 581.714417 40 ) 
3 70 113 (44.730740 568.511841 40 ) (45.393913 570.495056 40 ) (46.714821 567.847412 40 ) 
4 70 111 (48.114338 565.042236 40 ) (42.658329 562.314270 40 ) (44.730740 568.511841 40 ) (46.714821 567.847412 40 ) 
5 70 110 (52.018124 573.866028 40 ) (49.247200 565.608643 40 ) (48.114338 565.042236 40 ) (45.393913 570.495056 40 ) (47.074646 575.521301 40 ) 
4 70 109 (52.439758 575.122498 40 ) (52.018124 573.866028 40 ) (47.074646 575.521301 40 ) (49.146099 581.716003 40 ) 
4 70 78 (43.104156 574.435303 45.543793 ) (46.802189 574.688660 40 ) (45.015049 569.344604 40 ) (42.212090 571.771301 45.543663 ) 
5 70 77 (42.252296 574.376953 46.820835 ) (42.258850 574.396545 46.820839 ) (44.386337 576.655884 44.715935 ) (48.073975 578.491699 40 ) (46.802189 574.688660 40 ) 
3 70 76 (44.386337 576.655884 44.715935 ) (49.152870 581.717896 40 ) (48.073975 578.491699 40 ) 
4 70 71 (42.666016 562.320312 40 ) (41.565918 572.328125 46.820312 ) (41.566593 572.330139 46.820312 ) (45.015049 569.344604 40 ) 
3 71 113 (43.901665 568.789429 40 ) (45.008053 569.341125 40 ) (44.730740 568.511841 40 ) 
5 71 111 (42.658329 562.314270 40 ) (40.360386 561.165344 40 ) (33.339817 563.522949 40 ) (43.901665 568.789429 40 ) (44.730740 568.511841 40 ) 
4 71 79 (42.212559 571.761169 45.523552 ) (41.962547 567.825745 40 ) (39.940903 566.817505 40 ) (39.678833 570.499756 45.528091 ) 
3 71 78 (42.212959 571.767456 45.532410 ) (45.008949 569.345032 40 ) (41.962547 567.825745 40 ) 
3 71 72 (39.940903 566.817505 40 ) (33.335938 563.523438 40 ) (39.617233 571.365295 46.827496 ) 
4 72 111 (33.339817 563.522949 40 ) (32.094231 563.941223 40 ) (33.751263 568.888916 40 ) (39.944561 566.816284 40 ) 
4 72 107 (32.094231 563.941223 40 ) (30.847141 564.359985 40 ) (27.548721 570.964600 40 ) (33.751263 568.888916 40 ) 
4 72 80 (39.681076 570.501587 45.531166 ) (36.722301 567.895081 40 ) (34.572605 568.614441 40 ) (36.995399 571.398193 45.526791 ) 
3 72 79 (39.681076 570.501587 45.531166 ) (39.944118 566.817017 40 ) (36.722301 567.895081 40 ) 
4 72 73 (34.572605 568.614441 40 ) (27.546875 570.965332 40 ) (37.562500 572.052246 46.824219 ) (37.564159 572.051697 46.824223 ) 
3 73 111 (34.026356 569.710327 40 ) (34.572834 568.613953 40 ) (33.751255 568.888916 40 ) 
5 73 107 (27.548721 570.964600 40 ) (26.406099 573.252563 40 ) (28.760572 580.274658 40 ) (34.026356 569.710327 40 ) (33.751255 568.888916 40 ) 
4 73 81 (36.998917 571.398560 45.534847 ) (33.064487 571.637390 40 ) (32.047077 573.679260 40 ) (35.734917 573.929504 45.528843 ) 
3 73 80 (36.998917 571.398560 45.534847 ) (34.572052 568.611816 40 ) (33.064487 571.637390 40 ) 
3 73 74 (32.047077 573.679260 40 ) (28.761215 580.273682 40 ) (36.601562 573.988281 46.828125 ) 
4 74 107 (28.760572 580.274658 40 ) (29.591957 582.754211 40 ) (36.180603 586.042297 40 ) (32.047470 573.680420 40 ) 
4 74 82 (35.735332 573.929016 45.529747 ) (33.121555 576.892761 40 ) (33.836426 579.031677 40 ) (36.633385 576.607361 45.535892 ) 
3 74 81 (35.737019 573.927124 45.533314 ) (32.046803 573.677002 40 ) (33.121555 576.892761 40 ) 
4 74 75 (33.836426 579.031677 40 ) (36.180885 586.046509 40 ) (37.288086 576.046875 46.828125 ) (37.286274 576.041443 46.828129 ) 
3 75 108 (39.749901 586.800171 40 ) (45.526173 584.860291 40 ) (37.812050 581.013977 40 ) 
5 75 107 (36.180603 586.042297 40 ) (38.524109 587.211853 40 ) (39.749901 586.800171 40 ) (37.812050 581.013977 40 ) (33.836685 579.031799 40 ) 
4 75 83 (36.632843 576.611694 45.525604 ) (36.881096 580.546875 40 ) (38.910236 581.558350 40 ) (39.169018 577.876770 45.522621 ) 
3 75 82 (36.632710 576.609619 45.528534 ) (33.838562 579.030273 40 ) (36.881096 580.546875 40 ) 
4 75 76 (38.910236 581.558350 40 ) (45.529526 584.857910 40 ) (39.246094 577.011719 46.832031 ) (39.230373 577.003906 46.832027 ) 
4 76 109 (48.565346 582.878601 40 ) (49.146099 581.716003 40 ) (48.068523 578.493530 40 ) (43.105900 580.154297 40 ) 
5 76 108 (45.526173 584.860291 40 ) (47.988506 584.033325 40 ) (48.565346 582.878601 40 ) (43.105900 580.154297 40 ) (38.906433 581.559631 40 ) 
4 76 84 (39.163857 577.872192 45.532715 ) (42.126839 580.482239 40 ) (44.272251 579.764282 40 ) (41.847252 576.976013 45.530014 ) 
3 76 83 (39.163857 577.872192 45.532715 ) (38.905582 581.560181 40 ) (42.126839 580.482239 40 ) 
4 76 77 (44.272251 579.764282 40 ) (48.069687 578.493530 40 ) (44.382812 576.658203 44.714844 ) (41.277145 576.320496 46.830090 ) 
3 77 110 (47.074635 575.521301 40 ) (46.798615 574.695862 40 ) (46.249451 575.797607 40 ) 
4 77 109 (48.068523 578.493530 40 ) (47.074635 575.521301 40 ) (46.249451 575.797607 40 ) (44.272461 579.763916 40 ) 
5 77 85 (41.846798 576.973145 45.537685 ) (41.848301 576.974854 45.534256 ) (44.663345 576.801147 41.576561 ) (43.112026 574.447510 45.524151 ) (43.107925 574.447205 45.530300 ) 
4 77 84 (41.848301 576.974854 45.534256 ) (44.275173 579.765259 40 ) (45.282902 577.741089 40 ) (44.663345 576.801147 41.576561 ) 
3 77 78 (45.282902 577.741089 40 ) (46.796997 574.699829 40 ) (43.112026 574.447510 45.524151 ) 
5 78 113 (45.393921 570.495056 40 ) (45.008053 569.341125 40 ) (43.901665 568.789429 40 ) (42.448246 569.276184 40 ) (43.875568 573.538452 40 ) 
3 78 111 (43.901665 568.789429 40 ) (41.961254 567.821899 40 ) (42.448246 569.276184 40 ) 
5 78 110 (46.798615 574.695862 40 ) (45.393921 570.495056 40 ) (43.875568 573.538452 40 ) (44.795162 576.284546 40 ) (46.249454 575.797607 40 ) 
3 78 109 (44.795162 576.284546 40 ) (45.282036 577.738464 40 ) (46.249454 575.797607 40 ) 
4 78 86 (43.412323 574.463562 44.001728 ) (44.204903 574.520264 40 ) (43.040165 571.042664 40 ) (42.441448 571.564209 44 ) 
4 78 85 (43.109795 574.441895 45.529186 ) (44.666012 576.801941 41.567844 ) (45.030170 576.984314 40 ) (44.204903 574.520264 40 ) 
3 78 84 (44.666012 576.801941 41.567844 ) (45.281940 577.736023 40 ) (45.030170 576.984314 40 ) 
3 78 79 (43.040165 571.042664 40 ) (41.961929 567.823364 40 ) (42.212234 571.763855 45.532303 ) 
3 79 114 (40.681767 569.867737 40 ) (42.111885 570.580200 40 ) (41.753227 569.508911 40 ) 
4 79 113 (42.111885 570.580200 40 ) (43.039726 571.042480 40 ) (42.448250 569.276184 40 ) (41.753227 569.508911 40 ) 
5 79 111 (41.961254 567.821899 40 ) (39.944561 566.816284 40 ) (36.721725 567.894836 40 ) (40.681767 569.867737 40 ) (42.448250 569.276184 40 ) 
4 79 87 (42.441254 571.561646 44.004047 ) (41.182888 570.115112 40 ) (39.750065 569.401367 40 ) (39.701469 570.195984 44 ) 
3 79 86 (42.441254 571.561646 44.004047 ) (43.040863 571.040649 40 ) (41.182888 570.115112 40 ) 
4 79 80 (39.750065 569.401367 40 ) (36.723927 567.893921 40 ) (39.681091 570.498779 45.528484 ) (39.682899 570.499695 45.528484 ) 
5 80 111 (36.721725 567.894836 40 ) (34.572834 568.613953 40 ) (34.026352 569.710327 40 ) (34.509842 571.153931 40 ) (39.747387 569.402222 40 ) 
3 80 107 (34.026352 569.710327 40 ) (33.066071 571.636841 40 ) (34.509842 571.153931 40 ) 
5 80 88 (39.691257 570.199097 44.001572 ) (39.691509 570.194946 43.980717 ) (37.783707 570.058350 40 ) (36.280334 570.561157 40 ) (36.800411 571.166504 44.004578 ) 
3 80 87 (39.691509 570.194946 43.980717 ) (39.739933 569.404114 40 ) (37.783707 570.058350 40 ) 
4 80 81 (36.280334 570.561157 40 ) (33.065998 571.636230 40 ) (36.996574 571.397400 45.528152 ) (36.998280 571.396851 45.528152 ) 
3 81 112 (35.102200 572.922668 40 ) (35.812923 571.498047 40 ) (34.744869 571.855713 40 ) 
4 81 111 (35.812923 571.498047 40 ) (36.279953 570.561951 40 ) (34.509846 571.153992 40 ) (34.744869 571.855713 40 ) 
5 81 107 (33.066071 571.636841 40 ) (32.047470 573.680420 40 ) (33.121525 576.892822 40 ) (35.102200 572.922668 40 ) (34.509846 571.153992 40 ) 
4 81 89 (36.799469 571.168884 43.994171 ) (35.349339 572.431702 40 ) (34.639805 573.853699 40 ) (35.432365 573.909363 43.995781 ) 
3 81 88 (36.801094 571.167480 43.998646 ) (36.281754 570.563049 40 ) (35.349339 572.431702 40 ) 
3 81 82 (34.639805 573.853699 40 ) (33.121876 576.895752 40 ) (35.737244 573.930786 45.532867 ) 
4 82 107 (33.121525 576.892822 40 ) (33.836685 579.031799 40 ) (36.882256 580.550354 40 ) (34.638973 573.851196 40 ) 
5 82 90 (35.432140 573.909485 44.002838 ) (35.431530 573.909424 44 ) (35.298264 575.822876 40 ) (35.802769 577.329163 40 ) (36.403275 576.809021 44.002563 ) 
3 82 89 (35.431530 573.909424 44 ) (34.638515 573.853149 40 ) (35.298264 575.822876 40 ) 
3 82 83 (35.802769 577.329163 40 ) (36.880901 580.548035 40 ) (36.632336 576.610657 45.529324 ) 
4 83 108 (37.812042 581.013977 40 ) (38.906433 581.559631 40 ) (42.126492 580.482056 40 ) (36.733356 577.793152 40 ) 
4 83 107 (36.882256 580.550354 40 ) (37.812042 581.013977 40 ) (36.733356 577.793152 40 ) (35.803764 577.329651 40 ) 
4 83 91 (36.404011 576.811096 44.002266 ) (37.663380 578.258423 40 ) (39.091309 578.970337 40 ) (39.143021 578.176941 44.001022 ) 
3 83 90 (36.404011 576.811096 44.002266 ) (35.803509 577.331116 40 ) (37.663380 578.258423 40 ) 
4 83 84 (39.091309 578.970337 40 ) (42.124508 580.482666 40 ) (39.164478 577.875122 45.527504 ) (39.162750 577.874268 45.527504 ) 
5 84 109 (43.105953 580.154297 40 ) (44.272461 579.763916 40 ) (45.282036 577.738464 40 ) (45.029537 576.984436 40 ) (40.074524 578.641541 40 ) 
4 84 108 (42.126492 580.482056 40 ) (43.105953 580.154297 40 ) (40.074524 578.641541 40 ) (39.093292 578.969727 40 ) 
4 84 92 (39.143547 578.176147 43.995682 ) (41.055149 578.311707 40 ) (42.566246 577.806152 40 ) (42.047073 577.204285 43.997906 ) 
3 84 91 (39.143547 578.176147 43.995682 ) (39.091930 578.968506 40 ) (41.055149 578.311707 40 ) 
4 84 85 (42.566246 577.806152 40 ) (45.028656 576.982361 40 ) (44.662109 576.798828 41.578125 ) (41.847977 576.973511 45.531048 ) 
3 85 110 (44.795177 576.284607 40 ) (44.204575 574.520935 40 ) (43.030380 576.875488 40 ) 
4 85 109 (45.029537 576.984436 40 ) (44.795177 576.284607 40 ) (43.030380 576.875488 40 ) (42.565025 577.808655 40 ) 
3 85 93 (42.045479 577.205322 44 ) (43.297050 576.115784 40.544117 ) (43.412186 574.465332 43.997929 ) 
4 85 92 (42.045479 577.205322 44 ) (42.564980 577.807617 40 ) (43.278912 576.375793 40 ) (43.297050 576.115784 40.544117 ) 
3 85 86 (43.278912 576.375793 40 ) (44.203735 574.521057 40 ) (43.412186 574.465332 43.997929 ) 
4 86 114 (42.111889 570.580261 40 ) (41.183804 570.117859 40 ) (41.512508 571.099670 40 ) (42.440899 571.562988 40 ) 
4 86 113 (43.875568 573.538452 40 ) (43.039726 571.042480 40 ) (42.111889 570.580261 40 ) (43.412811 574.466003 40 ) 
4 86 110 (44.204575 574.520935 40 ) (43.875568 573.538452 40 ) (42.950054 575.393555 40 ) (43.279171 576.376587 40 ) 
4 86 94 (43.108192 574.446350 42.466019 ) (42.619926 574.411926 40 ) (41.840168 572.082581 40 ) (42.209602 571.761597 42.466728 ) 
4 86 93 (43.411469 574.467773 43.997742 ) (43.296383 576.116638 40.547291 ) (43.169289 576.053040 40 ) (42.619926 574.411926 40 ) 
3 86 92 (43.296383 576.116638 40.547291 ) (43.278130 576.378174 40 ) (43.169289 576.053040 40 ) 
3 86 87 (41.840168 572.082581 40 ) (41.182201 570.117065 40 ) (42.439220 571.562134 44 ) 
4 87 114 (41.183804 570.117859 40 ) (40.681740 569.867737 40 ) (39.701511 570.195984 40 ) (41.512520 571.099731 40 ) 
4 87 111 (40.681740 569.867737 40 ) (39.747387 569.402222 40 ) (37.784462 570.058777 40 ) (38.718826 570.525024 40 ) 
4 87 95 (42.211720 571.761230 42.470161 ) (40.482094 571.403992 40 ) (39.653469 570.990417 40 ) (39.683937 570.498474 42.475689 ) 
3 87 94 (42.211720 571.761230 42.470161 ) (41.841778 572.082642 40 ) (40.482094 571.403992 40 ) 
4 87 88 (39.653469 570.990417 40 ) (37.785851 570.058289 40 ) (39.698910 570.195312 43.992058 ) (39.702599 570.197144 43.992065 ) 
4 88 112 (35.812946 571.498047 40 ) (35.346676 572.432678 40 ) (36.332664 572.102478 40 ) (36.798759 571.167969 40 ) 
4 88 111 (37.784462 570.058777 40 ) (36.279953 570.561951 40 ) (35.812946 571.498047 40 ) (38.718838 570.525024 40 ) 
5 88 96 (39.676880 570.500793 42.471241 ) (39.676807 570.501953 42.465431 ) (38.211697 571.472290 40 ) (37.318886 571.771240 40 ) (36.998356 571.398132 42.469051 ) 
3 88 95 (39.676807 570.501953 42.465431 ) (39.646484 570.991882 40 ) (38.211697 571.472290 40 ) 
3 88 89 (37.318886 571.771240 40 ) (35.347252 572.431458 40 ) (36.799530 571.166687 44 ) 
4 89 112 (35.346676 572.432678 40 ) (35.102211 572.922668 40 ) (35.432220 573.908081 40 ) (36.332657 572.102539 40 ) 
4 89 107 (35.102211 572.922668 40 ) (34.638973 573.851196 40 ) (35.298832 575.821777 40 ) (35.762062 574.892944 40 ) 
5 89 97 (36.993256 571.400879 42.474384 ) (36.994556 571.402405 42.464375 ) (36.642502 573.122559 40 ) (36.224220 573.961243 40 ) (35.733788 573.926453 42.473686 ) 
3 89 96 (36.994556 571.402405 42.464375 ) (37.314724 571.774780 40 ) (36.642502 573.122559 40 ) 
4 89 90 (36.224220 573.961243 40 ) (35.297821 575.818726 40 ) (35.431015 573.907410 43.994900 ) (35.432190 573.905029 43.994900 ) 
4 90 108 (36.733353 577.793091 40 ) (37.662731 578.256470 40 ) (37.333626 577.273804 40 ) (36.404083 576.809937 40 ) 
4 90 107 (35.298832 575.821777 40 ) (35.803764 577.329651 40 ) (36.733353 577.793091 40 ) (35.762058 574.892944 40 ) 
5 90 98 (35.733131 573.931335 42.474121 ) (35.733982 573.931396 42.469826 ) (36.704170 575.400940 40 ) (37.001549 576.288879 40 ) (36.630386 576.610352 42.473900 ) 
3 90 97 (35.733982 573.931396 42.469826 ) (36.223637 573.966125 40 ) (36.704170 575.400940 40 ) 
4 90 91 (37.001549 576.288879 40 ) (37.660080 578.255188 40 ) (36.403145 576.810669 43.994583 ) (36.402237 576.807983 43.994583 ) 
4 91 109 (40.074516 578.641602 40 ) (41.057457 578.312866 40 ) (40.125946 577.848022 40 ) (39.143547 578.177002 40 ) 
4 91 108 (37.662731 578.256470 40 ) (39.093292 578.969727 40 ) (40.074516 578.641602 40 ) (37.333630 577.273804 40 ) 
5 91 99 (36.638809 576.611328 42.465984 ) (36.639774 576.610474 42.459541 ) (38.361942 576.966125 40 ) (39.197273 577.382996 40 ) (39.165016 577.872375 42.468113 ) 
3 91 98 (36.639774 576.610474 42.459541 ) (37.008770 576.290894 40 ) (38.361942 576.966125 40 ) 
3 91 92 (39.197273 577.382996 40 ) (41.059364 578.312256 40 ) (39.144981 578.176331 44.001019 ) 
5 92 110 (43.030373 576.875488 40 ) (43.279171 576.376587 40 ) (43.170692 576.052551 40 ) (42.511074 576.273438 40 ) (42.046299 577.205017 40 ) 
4 92 109 (41.057457 578.312866 40 ) (42.565025 577.808655 40 ) (43.030373 576.875488 40 ) (40.125973 577.848022 40 ) 
4 92 100 (39.163338 577.872009 42.468864 ) (40.632080 576.901184 40 ) (41.527691 576.601257 40 ) (41.847683 576.971924 42.463562 ) 
3 92 99 (39.163338 577.872009 42.468864 ) (39.195412 577.382324 40 ) (40.632080 576.901184 40 ) 
4 92 93 (41.527691 576.601257 40 ) (43.170174 576.051147 40 ) (43.297428 576.114807 40.547970 ) (42.047253 577.203125 44 ) 
3 93 110 (43.170692 576.052551 40 ) (42.950054 575.393555 40 ) (42.511063 576.273438 40 ) 
4 93 101 (41.848797 576.974609 42.471180 ) (41.848248 576.973999 42.466965 ) (42.142376 575.543457 40.420532 ) (43.110249 574.445251 42.469765 ) 
4 93 100 (41.848248 576.973999 42.466965 ) (41.527802 576.602722 40 ) (41.943752 575.768860 40 ) (42.142376 575.543457 40.420532 ) 
3 93 94 (41.943752 575.768860 40 ) (42.621231 574.410767 40 ) (43.110249 574.445251 42.469765 ) 
4 94 102 (41.462914 574.329407 40 ) (40.965607 572.844299 40 ) (41.557369 572.330383 41.171921 ) (42.245518 574.383118 41.173100 ) 
5 94 101 (43.110001 574.447021 42.466610 ) (42.143738 575.543274 40.420929 ) (41.814499 575.379395 40 ) (41.462914 574.329407 40 ) (43.108448 574.442383 42.466610 ) 
3 94 100 (42.143738 575.543274 40.420929 ) (41.944916 575.768860 40 ) (41.814499 575.379395 40 ) 
3 94 95 (40.965607 572.844299 40 ) (40.483921 571.405823 40 ) (42.211311 571.762451 42.466984 ) 
4 95 103 (40.365433 572.295593 40.361858 ) (39.832935 572.279846 40 ) (39.563560 572.145630 40 ) (39.618950 571.365295 41.171535 ) 
3 95 102 (41.556187 572.330750 41.171032 ) (40.964691 572.843628 40 ) (39.832935 572.279846 40 ) 
3 95 96 (39.563560 572.145630 40 ) (38.213009 571.472778 40 ) (39.680298 570.501038 42.469162 ) 
4 96 103 (39.620049 571.366821 41.170288 ) (39.564667 572.146301 40 ) (38.080128 572.642883 40 ) (37.566872 572.053284 41.170696 ) 
3 96 97 (38.080128 572.642883 40 ) (36.644749 573.122986 40 ) (36.997524 571.399292 42.469337 ) 
4 97 104 (37.529522 573.242859 40.363060 ) (37.513199 573.777466 40 ) (37.382149 574.040161 40 ) (36.600258 573.987610 41.171749 ) 
3 97 103 (37.566101 572.045044 41.176559 ) (38.081924 572.637512 40 ) (37.513199 573.777466 40 ) 
3 97 98 (37.382149 574.040161 40 ) (36.705128 575.397217 40 ) (35.736153 573.929565 42.466702 ) 
4 98 104 (36.596237 573.991394 41.175365 ) (37.380287 574.044800 40 ) (37.876858 575.527466 40 ) (37.283833 576.041626 41.173920 ) 
4 98 99 (37.876858 575.527466 40 ) (38.358673 576.966125 40 ) (36.634937 576.610168 42.461491 ) (36.633392 576.605530 42.461491 ) 
4 99 105 (38.479168 576.077271 40.361702 ) (39.011467 576.093140 40 ) (39.279919 576.226990 40 ) (39.224686 577.007263 41.171013 ) 
3 99 104 (37.289719 576.041870 41.169937 ) (37.880722 575.529419 40 ) (39.011467 576.093140 40 ) 
3 99 100 (39.279919 576.226990 40 ) (40.633900 576.902039 40 ) (39.163349 577.873779 42.471363 ) 
4 100 105 (39.223614 577.006287 41.170063 ) (39.278217 576.226318 40 ) (40.764923 575.729065 40 ) (41.278046 576.319458 41.170555 ) 
4 100 101 (40.764923 575.729065 40 ) (41.813038 575.378479 40 ) (42.142212 575.542358 40.420845 ) (41.847576 576.974731 42.469791 ) 
4 101 105 (41.275665 576.322815 41.172314 ) (40.761536 575.731689 40 ) (40.896614 575.460754 40 ) (41.311367 575.128357 40.360943 ) 
3 101 102 (40.896614 575.460754 40 ) (41.461285 574.328125 40 ) (42.242874 574.381775 41.171597 ) 
3 102 105 (41.310005 575.128479 40.360683 ) (40.895664 575.460510 40 ) (40.679417 574.813843 40 ) 
3 102 103 (40.049084 572.928833 40 ) (39.831944 572.279480 40 ) (40.364891 572.295105 40.362297 ) 
3 103 104 (38.164204 573.559021 40 ) (37.514782 573.776123 40 ) (37.531052 573.243042 40.362041 ) 
3 104 105 (38.791401 575.445679 40 ) (39.007381 576.091125 40 ) (38.477581 576.075317 40.359993 ) 
4 106 126 (0 768 40 ) (0 1024 40 ) (0 1024 0 ) (0 768 0 ) 
4 107 128 (0 468.111359 40 ) (0 576 40 ) (0 576 0 ) (0 468.111389 0 ) 
4 107 127 (0 576 40 ) (0 702.344421 40 ) (0 702.344421 0 ) (0 576 0 ) 
4 107 121 (31.192266 691.899536 40 ) (33.242996 691.212891 40 ) (33.242996 691.212891 0 ) (31.192266 691.899536 0 ) 
4 107 120 (33.242996 691.212891 40 ) (38.201874 689.552429 40 ) (38.201874 689.552429 0 ) (33.242996 691.212891 0 ) 
4 107 119 (26.235359 693.559326 40 ) (28.287838 692.872070 40 ) (28.287838 692.872070 0 ) (26.235359 693.559326 0 ) 
4 107 118 (38.201874 689.552429 40 ) (64 680.914062 40 ) (64 680.914062 0 ) (38.201874 689.552429 0 ) 
4 107 115 (0 702.344116 40 ) (26.235359 693.559326 40 ) (26.235359 693.559326 0 ) (0 702.344116 0 ) 
4 107 112 (34.745464 571.855530 0 ) (35.432613 573.907288 0 ) (35.432571 573.907288 40 ) (34.745434 571.855591 40 ) 
4 107 111 (0 468.109161 0 ) (34.745464 571.855530 0 ) (34.745434 571.855591 40 ) (0 468.109558 40 ) 
4 107 108 (36.404884 576.810364 0 ) (64 659.206482 0 ) (64 659.206482 40 ) (36.404816 576.810303 40 ) 
4 108 109 (39.144165 578.176819 0 ) (64 590.580383 0 ) (64 590.580383 40 ) (39.144165 578.176819 40 ) 
4 109 110 (42.046616 577.204346 0 ) (64 569.853516 0 ) (64 569.853516 40 ) (42.046616 577.204346 40 ) 
4 110 113 (43.412651 574.465515 0 ) (46.714233 567.847656 0 ) (46.714233 567.847656 40 ) (43.412651 574.465515 40 ) 
4 110 111 (46.714233 567.847656 0 ) (64 533.199219 0 ) (64 533.199219 40 ) (46.714233 567.847656 40 ) 
4 111 136 (0 0 40 ) (0 0 0 ) (64 0 0 ) (64 0 40 ) 
4 111 128 (0 0 0 ) (0 0 40 ) (0 468.111359 40 ) (0 468.111389 0 ) 
4 111 114 (41.753391 569.509399 0 ) (39.702126 570.196289 0 ) (39.702126 570.196289 40 ) (41.753391 569.509399 40 ) 
4 111 113 (46.712891 567.848633 40 ) (46.712891 567.848633 0 ) (41.753391 569.509399 0 ) (41.753391 569.509399 40 ) 
4 111 112 (36.798378 571.168701 0 ) (34.745060 571.856323 0 ) (34.745060 571.856323 40 ) (36.798378 571.168701 40 ) 
4 113 114 (42.441566 571.563293 0 ) (41.753380 569.508118 0 ) (41.753380 569.508118 40 ) (42.441566 571.563293 40 ) 
4 115 127 (0 702.344421 40 ) (0 704 40 ) (0 704 0 ) (0 702.344421 0 ) 
4 115 119 (26.235352 693.560547 40 ) (26.235352 693.560547 0 ) (26.921638 695.610535 0 ) (26.921638 695.610535 40 ) 
4 115 116 (27.893238 698.512756 0 ) (29.730263 704 0 ) (29.730263 704 40 ) (27.893238 698.512756 40 ) 
4 116 117 (30.634174 699.879700 0 ) (38.891682 704 0 ) (38.891682 704 40 ) (30.634174 699.879700 40 ) 
4 117 118 (33.535950 698.908081 0 ) (64 688.707031 0 ) (64 688.707031 40 ) (33.535950 698.908081 40 ) 
4 118 120 (34.902210 696.167175 0 ) (38.200378 689.554138 0 ) (38.200378 689.554138 40 ) (34.902210 696.167175 40 ) 
4 120 121 (33.929878 693.265625 0 ) (33.242496 691.213379 0 ) (33.242496 691.213379 40 ) (33.929878 693.265625 40 ) 
4 122 132 (-256 768 128 ) (-256 1024 128 ) (-192 1024 128 ) (-192 768 128 ) 
4 122 126 (-192 1024 128 ) (0 1024 128 ) (0 768 128 ) (-192 768 128 ) 
4 122 125 (-256 1024 128 ) (-256 768 128 ) (-256 768 960 ) (-256 1024 960 ) 
4 122 123 (-256 768 960 ) (-256 768 192 ) (0 768 192 ) (0 768 960 ) 
4 123 125 (-256 256 192 ) (-256 256 960 ) (-256 768 960 ) (-256 768 192 ) 
4 123 124 (-256 256 960 ) (-256 256 192 ) (0 256 192 ) (0 256 960 ) 
4 124 167 (0 0 128 ) (0 0 960 ) (-256 0 960 ) (-256 0 128 ) 
4 124 133 (-192 0 128 ) (-256 0 128 ) (-256 256 128 ) (-192 256 128 ) 
4 124 131 (-64 0 128 ) (-192 0 128 ) (-192 256 128 ) (-64 256 128 ) 
4 124 128 (0 0 128 ) (-64 0 128 ) (-64 256 128 ) (0 256 128 ) 
4 124 125 (-256 256 128 ) (-256 0 128 ) (-256 0 960 ) (-256 256 960 ) 
4 125 167 (-256 0 960 ) (-768 0 960 ) (-768 0 128 ) (-256 0 128 ) 
4 125 134 (-256 0 128 ) (-768 0 128 ) (-768 1024 128 ) (-256 1024 128 ) 
4 126 132 (-192 1024 0 ) (-192 768 0 ) (-192 768 128 ) (-192 1024 128 ) 
4 127 130 (-192 576 128 ) (-192 576 0 ) (-96 576 0 ) (-96 576 128 ) 
4 127 128 (-64 576 0 ) (0 576 0 ) (0 576 128 ) (-64 576 128 ) 
4 128 167 (0 0 0 ) (0 0 128 ) (-64 0 128 ) (-64 0 0 ) 
4 128 131 (-64 256 0 ) (-64 0 0 ) (-64 0 128 ) (-64 256 128 ) 
4 128 129 (-64 544 16 ) (-64 320 16 ) (-64 320 112 ) (-64 544 112 ) 
4 129 130 (-96 544 16 ) (-96 320 16 ) (-96 320 112 ) (-96 544 112 ) 
4 131 167 (-64 0 128 ) (-192 0 128 ) (-192 0 0 ) (-64 0 0 ) 
4 131 133 (-192 256 0 ) (-192 0 0 ) (-192 0 128 ) (-192 256 128 ) 
4 132 134 (-256 1024 0 ) (-256 768 0 ) (-256 768 128 ) (-256 1024 128 ) 
4 133 167 (-192 0 128 ) (-256 0 128 ) (-256 0 0 ) (-192 0 0 ) 
4 133 134 (-256 256 0 ) (-256 0 0 ) (-256 0 128 ) (-256 256 128 ) 
4 134 167 (-256 0 128 ) (-768 0 128 ) (-768 0 0 ) (-256 0 0 ) 
4 135 145 (1024 -1024 144 ) (1024 -1024 0 ) (1088 -1024 0 ) (1088 -1024 144 ) 
4 135 144 (1088 -1024 0 ) (1984 -1024 0 ) (1984 -1024 144 ) (1088 -1024 144 ) 
4 135 142 (1024 -1024 192 ) (1024 -1024 144 ) (1088 -1024 144 ) (1088 -1024 192 ) 
4 135 141 (1088 -1024 144 ) (1984 -1024 144 ) (1984 -1024 192 ) (1088 -1024 192 ) 
4 135 137 (1984 -1024 960 ) (1024 -1024 960 ) (1024 -1024 192 ) (1984 -1024 192 ) 
4 135 136 (1024 0 960 ) (1024 0 0 ) (1024 -1024 0 ) (1024 -1024 960 ) 
4 136 167 (0 0 960 ) (0 0 0 ) (0 -1024 0 ) (0 -1024 960 ) 
4 136 154 (1024 -1024 0 ) (1024 -1024 144 ) (832 -1024 144 ) (832 -1024 0 ) 
4 136 156 (832 -1024 144 ) (0 -1024 144 ) (0 -1024 0 ) (832 -1024 0 ) 
4 136 151 (1024 -1024 144 ) (1024 -1024 192 ) (832 -1024 192 ) (832 -1024 144 ) 
4 136 153 (832 -1024 192 ) (0 -1024 192 ) (0 -1024 144 ) (832 -1024 144 ) 
4 136 147 (1024 -1024 192 ) (1024 -1024 960 ) (0 -1024 960 ) (0 -1024 192 ) 
4 137 147 (1024 -1664 960 ) (1024 -1024 960 ) (1024 -1024 192 ) (1024 -1664 192 ) 
4 137 142 (1024 -1664 192 ) (1024 -1024 192 ) (1088 -1024 192 ) (1088 -1664 192 ) 
4 137 141 (1088 -1024 192 ) (1984 -1024 192 ) (1984 -1664 192 ) (1088 -1664 192 ) 
4 137 139 (1984 -1664 256 ) (1984 -1664 384 ) (1088 -1664 384 ) (1088 -1664 256 ) 
4 137 138 (1984 -1664 384 ) (1984 -1664 960 ) (1024 -1664 960 ) (1024 -1664 384 ) 
4 137 140 (1024 -1664 192 ) (1984 -1664 192 ) (1984 -1664 256 ) (1024 -1664 256 ) 
4 138 159 (1024 -2048 448 ) (1024 -2048 384 ) (1344 -2048 384 ) (1344 -2048 448 ) 
4 138 158 (1344 -2048 960 ) (1024 -2048 960 ) (1024 -2048 448 ) (1344 -2048 448 ) 
4 138 157 (1984 -2048 960 ) (1344 -2048 960 ) (1344 -2048 384 ) (1984 -2048 384 ) 
4 138 148 (1024 -2048 384 ) (1024 -2048 960 ) (1024 -1664 960 ) (1024 -1664 384 ) 
4 138 139 (1088 -1664 384 ) (1984 -1664 384 ) (1984 -2048 384 ) (1344 -2048 384 ) 
4 139 157 (1344 -2048 256 ) (1984 -2048 256 ) (1984 -2048 384 ) (1344 -2048 384 ) 
4 139 140 (1088 -1664 256 ) (1984 -1664 256 ) (1984 -2048 256 ) (1344 -2048 256 ) 
4 140 159 (1024 -2048 256 ) (1024 -2048 192 ) (1344 -2048 192 ) (1344 -2048 256 ) 
4 140 157 (1344 -2048 192 ) (1984 -2048 192 ) (1984 -2048 256 ) (1344 -2048 256 ) 
4 140 150 (1024 -2048 192 ) (1024 -2048 256 ) (1024 -1664 256 ) (1024 -1664 192 ) 
4 140 143 (1024 -2040 192 ) (1024 -1672 192 ) (1088 -1672 192 ) (1088 -2040 192 ) 
4 140 141 (1088 -1664 192 ) (1984 -1664 192 ) (1984 -2048 192 ) (1088 -2048 192 ) 
4 141 159 (1344 -2048 192 ) (1088 -2048 192 ) (1088 -2048 144 ) (1344 -2048 144 ) 
4 141 157 (1984 -2048 192 ) (1344 -2048 192 ) (1344 -2048 144 ) (1984 -2048 144 ) 
4 141 144 (1088 -1024 144 ) (1984 -1024 144 ) (1984 -2048 144 ) (1088 -2048 144 ) 
4 141 142 (1088 -1024 144 ) (1088 -1664 144 ) (1088 -1664 192 ) (1088 -1024 192 ) 
4 141 143 (1088 -1672 144 ) (1088 -2040 144 ) (1088 -2040 192 ) (1088 -1672 192 ) 
4 142 151 (1024 -1664 192 ) (1024 -1024 192 ) (1024 -1024 144 ) (1024 -1664 144 ) 
4 142 145 (1024 -1664 144 ) (1024 -1024 144 ) (1088 -1024 144 ) (1088 -1664 144 ) 
4 143 152 (1024 -2040 192 ) (1024 -1672 192 ) (1024 -1672 144 ) (1024 -2040 144 ) 
4 144 159 (1344 -2048 144 ) (1088 -2048 144 ) (1088 -2048 0 ) (1344 -2048 0 ) 
4 144 157 (1984 -2048 144 ) (1344 -2048 144 ) (1344 -2048 0 ) (1984 -2048 0 ) 
4 144 146 (1088 -1664 0 ) (1088 -2048 0 ) (1088 -2048 128 ) (1088 -1664 128 ) 
4 144 145 (1088 -1024 0 ) (1088 -1664 0 ) (1088 -1664 144 ) (1088 -1024 144 ) 
4 145 154 (1024 -1664 144 ) (1024 -1024 144 ) (1024 -1024 0 ) (1024 -1664 0 ) 
4 145 146 (1024 -1664 0 ) (1088 -1664 0 ) (1088 -1664 128 ) (1024 -1664 128 ) 
4 146 159 (1024 -2048 128 ) (1024 -2048 0 ) (1088 -2048 0 ) (1088 -2048 128 ) 
4 146 155 (1024 -2048 0 ) (1024 -2048 128 ) (1024 -1664 128 ) (1024 -1664 0 ) 
4 147 169 (0 -1024 384 ) (0 -1024 256 ) (0 -1664 256 ) (0 -1664 384 ) 
4 147 168 (0 -1664 960 ) (0 -1024 960 ) (0 -1024 384 ) (0 -1664 384 ) 
4 147 170 (0 -1024 256 ) (0 -1024 192 ) (0 -1664 192 ) (0 -1664 256 ) 
4 147 151 (832 -1024 192 ) (1024 -1024 192 ) (1024 -1664 192 ) (832 -1664 192 ) 
4 147 153 (0 -1664 192 ) (0 -1024 192 ) (832 -1024 192 ) (832 -1664 192 ) 
4 147 149 (320 -1664 384 ) (0 -1664 384 ) (0 -1664 256 ) (320 -1664 256 ) 
4 147 148 (1024 -1664 384 ) (1024 -1664 960 ) (0 -1664 960 ) (0 -1664 384 ) 
4 147 150 (0 -1664 192 ) (1024 -1664 192 ) (1024 -1664 256 ) (0 -1664 256 ) 
4 148 168 (0 -2048 384 ) (0 -2048 960 ) (0 -1664 960 ) (0 -1664 384 ) 
4 148 163 (0 -2048 448 ) (0 -2048 384 ) (256 -2048 384 ) (256 -2048 448 ) 
4 148 162 (256 -2048 384 ) (1024 -2048 384 ) (1024 -2048 448 ) (256 -2048 448 ) 
4 148 160 (256 -2048 448 ) (1024 -2048 448 ) (1024 -2048 960 ) (256 -2048 960 ) 
4 148 161 (0 -2048 960 ) (0 -2048 448 ) (256 -2048 448 ) (256 -2048 960 ) 
3 148 149 (0 -1904 384 ) (0 -1664 384 ) (320 -1664 384 ) 
4 149 169 (0 -1904 384 ) (0 -1664 384 ) (0 -1664 256 ) (0 -1904 256 ) 
3 149 150 (0 -1664 256 ) (320 -1664 256 ) (0 -1904 256 ) 
4 150 170 (0 -2048 192 ) (0 -2048 256 ) (0 -1664 256 ) (0 -1664 192 ) 
4 150 166 (0 -2048 256 ) (0 -2048 192 ) (256 -2048 192 ) (256 -2048 256 ) 
4 150 162 (256 -2048 192 ) (1024 -2048 192 ) (1024 -2048 256 ) (256 -2048 256 ) 
4 150 152 (832 -2040 192 ) (832 -1672 192 ) (1024 -1672 192 ) (1024 -2040 192 ) 
4 150 153 (832 -2048 192 ) (0 -2048 192 ) (0 -1664 192 ) (832 -1664 192 ) 
4 151 154 (832 -1024 144 ) (1024 -1024 144 ) (1024 -1664 144 ) (832 -1664 144 ) 
4 151 153 (832 -1024 144 ) (832 -1664 144 ) (832 -1664 192 ) (832 -1024 192 ) 
4 152 153 (832 -1672 144 ) (832 -2040 144 ) (832 -2040 192 ) (832 -1672 192 ) 
4 153 170 (0 -2048 144 ) (0 -2048 192 ) (0 -1024 192 ) (0 -1024 144 ) 
4 153 166 (0 -2048 192 ) (0 -2048 144 ) (256 -2048 144 ) (256 -2048 192 ) 
4 153 162 (256 -2048 144 ) (832 -2048 144 ) (832 -2048 192 ) (256 -2048 192 ) 
4 153 156 (0 -1024 144 ) (832 -1024 144 ) (832 -2048 144 ) (0 -2048 144 ) 
4 154 155 (832 -1664 128 ) (832 -1664 0 ) (1024 -1664 0 ) (1024 -1664 128 ) 
4 154 156 (832 -1024 0 ) (832 -1664 0 ) (832 -1664 144 ) (832 -1024 144 ) 
4 155 162 (832 -2048 0 ) (1024 -2048 0 ) (1024 -2048 128 ) (832 -2048 128 ) 
4 155 156 (832 -1664 0 ) (832 -2048 0 ) (832 -2048 128 ) (832 -1664 128 ) 
4 156 170 (0 -2048 0 ) (0 -2048 144 ) (0 -1024 144 ) (0 -1024 0 ) 
4 156 166 (0 -2048 144 ) (0 -2048 0 ) (256 -2048 0 ) (256 -2048 144 ) 
4 156 162 (256 -2048 0 ) (832 -2048 0 ) (832 -2048 144 ) (256 -2048 144 ) 
4 157 172 (1984 -3072 960 ) (1344 -3072 960 ) (1344 -3072 0 ) (1984 -3072 0 ) 
4 157 159 (1344 -2048 448 ) (1344 -2048 0 ) (1344 -3008 0 ) (1344 -3008 448 ) 
5 157 158 (1344 -2048 960 ) (1344 -2048 448 ) (1344 -3008 448 ) (1344 -3072 512 ) (1344 -3072 960 ) 
4 158 173 (1024 -3072 960 ) (1024 -3072 512 ) (1344 -3072 512 ) (1344 -3072 960 ) 
5 158 160 (1024 -2048 960 ) (1024 -2048 448 ) (1024 -3008 448 ) (1024 -3072 512 ) (1024 -3072 960 ) 
4 158 159 (1024 -2048 448 ) (1344 -2048 448 ) (1344 -3008 448 ) (1024 -3008 448 ) 
4 159 162 (1024 -2048 448 ) (1024 -2048 0 ) (1024 -3008 0 ) (1024 -3008 448 ) 
4 160 175 (1024 -3072 512 ) (1024 -3072 960 ) (256 -3072 960 ) (256 -3072 512 ) 
4 160 162 (256 -2048 448 ) (1024 -2048 448 ) (1024 -3008 448 ) (256 -3008 448 ) 
5 160 161 (256 -2048 448 ) (256 -3008 448 ) (256 -3072 512 ) (256 -3072 960 ) (256 -2048 960 ) 
4 161 177 (256 -3072 960 ) (0 -3072 960 ) (0 -3072 448 ) (256 -3072 448 ) 
4 161 171 (0 -3072 448 ) (0 -3072 960 ) (0 -2048 960 ) (0 -2048 448 ) 
4 161 163 (0 -3072 448 ) (0 -2048 448 ) (256 -2048 448 ) (256 -3072 448 ) 
4 162 166 (256 -2048 320 ) (256 -2048 0 ) (256 -3008 0 ) (256 -3008 320 ) 
4 162 164 (256 -2048 384 ) (256 -2048 320 ) (256 -3008 320 ) (256 -3008 384 ) 
4 162 163 (256 -3008 448 ) (256 -2048 448 ) (256 -2048 384 ) (256 -3008 384 ) 
4 163 177 (256 -3072 384 ) (256 -3072 448 ) (0 -3072 448 ) (0 -3072 384 ) 
4 163 171 (0 -3072 384 ) (0 -3072 448 ) (0 -2048 448 ) (0 -2048 384 ) 
4 163 164 (0 -3008 384 ) (0 -2048 384 ) (256 -2048 384 ) (256 -3072 384 ) 
4 164 171 (0 -3008 384 ) (0 -2048 384 ) (0 -2048 320 ) (0 -2944 320 ) 
4 164 166 (0 -2048 320 ) (256 -2048 320 ) (256 -3008 320 ) (0 -2944 320 ) 
4 165 179 (256 -3072 0 ) (256 -3072 320 ) (0 -3072 320 ) (0 -3072 0 ) 
4 165 171 (0 -3072 0 ) (0 -3072 320 ) (0 -3008 320 ) (0 -3008 0 ) 
4 166 171 (0 -2944 320 ) (0 -2048 320 ) (0 -2048 0 ) (0 -2944 0 ) 
4 167 169 (0 -1024 256 ) (0 -1024 384 ) (-768 -1024 384 ) (-768 -1024 256 ) 
4 167 168 (0 -1024 384 ) (0 -1024 960 ) (-768 -1024 960 ) (-768 -1024 384 ) 
4 167 170 (0 -1024 0 ) (0 -1024 256 ) (-768 -1024 256 ) (-768 -1024 0 ) 
4 168 171 (0 -2048 384 ) (0 -2048 960 ) (-768 -2048 960 ) (-768 -2048 384 ) 
5 168 169 (-768 -2048 384 ) (-768 -1024 384 ) (0 -1024 384 ) (0 -1904 384 ) (-192 -2048 384 ) 
4 169 171 (-192 -2048 384 ) (-768 -2048 384 ) (-768 -2048 256 ) (-192 -2048 256 ) 
5 169 170 (-192 -2048 256 ) (-768 -2048 256 ) (-768 -1024 256 ) (0 -1024 256 ) (0 -1904 256 ) 
4 170 171 (0 -2048 0 ) (0 -2048 256 ) (-768 -2048 256 ) (-768 -2048 0 ) 
4 171 197 (0 -3072 0 ) (0 -3072 296 ) (-768 -3072 296 ) (-768 -3072 0 ) 
4 171 196 (0 -3072 296 ) (0 -3072 384 ) (-768 -3072 384 ) (-768 -3072 296 ) 
4 171 195 (0 -3072 384 ) (0 -3072 960 ) (-768 -3072 960 ) (-768 -3072 384 ) 
4 172 173 (1344 -3136 512 ) (1344 -3136 960 ) (1344 -3072 960 ) (1344 -3072 512 ) 
4 172 174 (1344 -3072 -64 ) (1344 -3136 -64 ) (1344 -3136 448 ) (1344 -3072 448 ) 
4 173 175 (1024 -3072 960 ) (1024 -3072 512 ) (1024 -3136 512 ) (1024 -3136 960 ) 
4 174 176 (1024 -3072 448 ) (1024 -3072 -64 ) (1024 -3136 -64 ) (1024 -3136 448 ) 
4 175 177 (256 -3136 512 ) (256 -3136 960 ) (256 -3072 960 ) (256 -3072 512 ) 
4 176 177 (256 -3136 384 ) (256 -3136 448 ) (256 -3072 448 ) (256 -3072 384 ) 
4 176 179 (256 -3072 -64 ) (256 -3136 -64 ) (256 -3136 320 ) (256 -3072 320 ) 
4 177 195 (0 -3072 960 ) (0 -3072 384 ) (0 -3136 384 ) (0 -3136 960 ) 
3 177 178 (256 -3136 384 ) (0 -3136 384 ) (0 -3072 384 ) 
4 178 196 (0 -3072 384 ) (0 -3072 320 ) (0 -3136 320 ) (0 -3136 384 ) 
3 178 179 (0 -3072 320 ) (256 -3136 320 ) (0 -3136 320 ) 
4 179 197 (0 -3072 296 ) (0 -3072 -64 ) (0 -3136 -64 ) (0 -3136 296 ) 
4 179 196 (0 -3072 320 ) (0 -3072 296 ) (0 -3136 296 ) (0 -3136 320 ) 
4 180 199 (0 -5088 512 ) (0 -4928 512 ) (0 -4928 384 ) (0 -5088 384 ) 
4 180 193 (0 -5088 384 ) (0 -4928 384 ) (32 -4928 384 ) (32 -5088 384 ) 
4 181 188 (224 -4704 256 ) (224 -4896 256 ) (224 -4896 384 ) (224 -4704 384 ) 
4 182 191 (32 -4224 256 ) (32 -4288 256 ) (32 -4288 384 ) (32 -4224 384 ) 
4 182 183 (32 -4320 384 ) (32 -4320 256 ) (224 -4320 256 ) (224 -4320 384 ) 
4 183 186 (32 -4352 384 ) (32 -4352 256 ) (64 -4352 256 ) (64 -4352 384 ) 
4 183 185 (64 -4352 256 ) (192 -4352 256 ) (192 -4352 384 ) (64 -4352 384 ) 
4 183 184 (192 -4352 256 ) (224 -4352 256 ) (224 -4352 384 ) (192 -4352 384 ) 
4 184 187 (192 -4480 256 ) (224 -4480 256 ) (224 -4480 384 ) (192 -4480 384 ) 
4 184 185 (192 -4352 384 ) (192 -4352 256 ) (192 -4480 256 ) (192 -4480 384 ) 
4 185 194 (192 -4480 256 ) (64 -4480 256 ) (64 -4352 256 ) (192 -4352 256 ) 
4 185 187 (64 -4480 256 ) (192 -4480 256 ) (192 -4480 384 ) (64 -4480 384 ) 
4 185 186 (64 -4352 384 ) (64 -4352 256 ) (64 -4480 256 ) (64 -4480 384 ) 
4 186 189 (32 -4480 384 ) (32 -4480 256 ) (64 -4480 256 ) (64 -4480 384 ) 
4 187 189 (64 -4480 384 ) (64 -4480 256 ) (64 -4512 256 ) (64 -4512 384 ) 
4 188 190 (64 -4736 256 ) (64 -4864 256 ) (64 -4864 384 ) (64 -4736 384 ) 
4 190 192 (32 -4736 256 ) (32 -4864 256 ) (32 -4864 384 ) (32 -4736 384 ) 
4 191 204 (0 -4288 384 ) (0 -4224 384 ) (0 -4224 256 ) (0 -4288 256 ) 
4 192 205 (0 -4896 384 ) (0 -4704 384 ) (0 -4704 256 ) (0 -4896 256 ) 
4 193 213 (0 -5088 384 ) (0 -4928 384 ) (0 -4928 256 ) (0 -5088 256 ) 
4 195 196 (-768 -3136 384 ) (-768 -3072 384 ) (0 -3072 384 ) (0 -3136 384 ) 
4 196 197 (-768 -3136 296 ) (-768 -3072 296 ) (0 -3072 296 ) (0 -3136 296 ) 
4 198 203 (-344 -4096 374 ) (-344 -4096 296 ) (-312 -4096 296 ) (-312 -4096 374 ) 
4 198 202 (-256 -4096 374 ) (-256 -4096 296 ) (-224 -4096 296 ) (-224 -4096 374 ) 
4 199 213 (0 -4928 384 ) (0 -5088 384 ) (-416 -5088 384 ) (-416 -4928 384 ) 
4 200 204 (-24 -4128 296 ) (-24 -4128 374 ) (-56 -4128 374 ) (-56 -4128 296 ) 
4 201 204 (-112 -4128 296 ) (-112 -4128 374 ) (-144 -4128 374 ) (-144 -4128 296 ) 
4 202 208 (-224 -4128 296 ) (-224 -4128 374 ) (-256 -4128 374 ) (-256 -4128 296 ) 
4 203 208 (-312 -4128 296 ) (-312 -4128 374 ) (-344 -4128 374 ) (-344 -4128 296 ) 
4 204 206 (-168 -4192 256 ) (-168 -4288 256 ) (-168 -4288 384 ) (-168 -4192 384 ) 
4 205 210 (-112 -4896 296 ) (-112 -4896 374 ) (-144 -4896 374 ) (-144 -4896 296 ) 
4 205 209 (-24 -4896 296 ) (-24 -4896 374 ) (-56 -4896 374 ) (-56 -4896 296 ) 
4 205 207 (-168 -4736 256 ) (-168 -4864 256 ) (-168 -4864 384 ) (-168 -4736 384 ) 
4 206 208 (-200 -4192 256 ) (-200 -4288 256 ) (-200 -4288 384 ) (-200 -4192 384 ) 
4 207 208 (-200 -4736 256 ) (-200 -4864 256 ) (-200 -4864 384 ) (-200 -4736 384 ) 
4 208 212 (-312 -4896 296 ) (-312 -4896 374 ) (-344 -4896 374 ) (-344 -4896 296 ) 
4 208 211 (-224 -4896 296 ) (-224 -4896 374 ) (-256 -4896 374 ) (-256 -4896 296 ) 
4 209 213 (-24 -4928 296 ) (-24 -4928 374 ) (-56 -4928 374 ) (-56 -4928 296 ) 
4 210 213 (-112 -4928 296 ) (-112 -4928 374 ) (-144 -4928 374 ) (-144 -4928 296 ) 
4 211 213 (-224 -4928 296 ) (-224 -4928 374 ) (-256 -4928 374 ) (-256 -4928 296 ) 
4 212 213 (-312 -4928 296 ) (-312 -4928 374 ) (-344 -4928 374 ) (-344 -4928 296 ) 
