PRT1
292
607
4 0 8 (-704 -1024 0 ) (-768 -1024 0 ) (-768 -512 0 ) (-704 -512 0 ) 
4 0 7 (-640 -1024 0 ) (-704 -1024 0 ) (-704 -512 0 ) (-640 -512 0 ) 
4 0 6 (-384 -1024 0 ) (-640 -1024 0 ) (-640 -512 0 ) (-384 -512 0 ) 
4 0 1 (-768 -512 0 ) (-768 -960 0 ) (-768 -960 192 ) (-768 -512 192 ) 
4 1 2 (-832 -512 0 ) (-832 -960 0 ) (-832 -960 192 ) (-832 -512 192 ) 
4 2 5 (-960 -640 0 ) (-960 -960 0 ) (-960 -960 160 ) (-960 -640 160 ) 
4 2 3 (-960 -960 192 ) (-960 -960 16 ) (-832 -960 16 ) (-832 -960 192 ) 
4 3 4 (-960 -992 192 ) (-960 -992 32 ) (-832 -992 32 ) (-832 -992 192 ) 
4 4 26 (-832 -1024 192 ) (-960 -1024 192 ) (-960 -1024 48 ) (-832 -1024 48 ) 
4 6 7 (-640 -512 0 ) (-640 -512 -32 ) (-640 -1024 -32 ) (-640 -1024 0 ) 
4 7 8 (-704 -512 0 ) (-704 -512 -16 ) (-704 -1024 -16 ) (-704 -1024 0 ) 
4 9 11 (128 -2244 320 ) (128 -2300 320 ) (128 -2300 428 ) (128 -2244 428 ) 
4 9 10 (128 -2300 428 ) (128 -2300 432 ) (128 -2244 432 ) (128 -2244 428 ) 
4 10 11 (128 -2300 428 ) (66 -2300 428 ) (66 -2244 428 ) (128 -2244 428 ) 
4 11 12 (66 -2296 428 ) (66 -2248 428 ) (66 -2248 320 ) (66 -2296 320 ) 
4 12 14 (64 -2248 320 ) (64 -2296 320 ) (64 -2296 384 ) (64 -2248 384 ) 
4 12 13 (64 -2296 384 ) (64 -2296 428 ) (64 -2248 428 ) (64 -2248 384 ) 
4 13 174 (64 -3072 384 ) (64 -3072 576 ) (0 -3072 576 ) (0 -3072 384 ) 
4 13 52 (0 -3072 384 ) (0 -3072 576 ) (0 -2640 576 ) (0 -2640 384 ) 
4 13 46 (0 -2640 576 ) (0 -2632 576 ) (0 -2632 384 ) (0 -2640 384 ) 
4 13 42 (0 -2632 576 ) (0 -2368 576 ) (0 -2368 384 ) (0 -2632 384 ) 
4 13 41 (0 -2368 576 ) (0 -2112 576 ) (0 -2112 384 ) (0 -2368 384 ) 
4 13 15 (0 -2864 384 ) (0 -2112 384 ) (16 -2112 384 ) (16 -2864 384 ) 
4 13 16 (0 -3072 384 ) (0 -2896 384 ) (16 -2896 384 ) (16 -3072 384 ) 
4 13 14 (16 -2112 384 ) (64 -2112 384 ) (64 -3072 384 ) (16 -3072 384 ) 
4 14 174 (64 -3072 320 ) (64 -3072 384 ) (16 -3072 384 ) (16 -3072 320 ) 
4 14 15 (16 -2112 320 ) (16 -2864 320 ) (16 -2864 384 ) (16 -2112 384 ) 
4 14 16 (16 -2896 320 ) (16 -3072 320 ) (16 -3072 384 ) (16 -2896 384 ) 
4 15 52 (0 -2864 384 ) (0 -2640 384 ) (0 -2640 320 ) (0 -2864 320 ) 
4 15 47 (0 -2632 324 ) (0 -2632 320 ) (0 -2640 320 ) (0 -2640 324 ) 
4 15 46 (0 -2640 384 ) (0 -2632 384 ) (0 -2632 324 ) (0 -2640 324 ) 
4 15 42 (0 -2632 384 ) (0 -2368 384 ) (0 -2368 320 ) (0 -2632 320 ) 
4 15 41 (0 -2368 384 ) (0 -2112 384 ) (0 -2112 320 ) (0 -2368 320 ) 
4 16 174 (16 -3072 384 ) (0 -3072 384 ) (0 -3072 320 ) (16 -3072 320 ) 
4 16 52 (0 -3072 320 ) (0 -3072 384 ) (0 -2896 384 ) (0 -2896 320 ) 
15 17 40 (-8 -2048 384 ) (-10 -2048 396 ) (-16 -2048 408 ) (-24 -2048 418 ) (-36 -2048 426 ) (-50 -2048 430 ) (-64 -2048 432 ) (-78 -2048 430 ) (-92 -2048 426 ) (-104 -2048 418 ) (-112 -2048 408 ) (-118 -2048 396 ) (-120 -2048 384 ) (-120 -2048 320 ) (-8 -2048 320 ) 
4 17 18 (-128 -1760 448 ) (-128 -1568 448 ) (-128 -1568 320 ) (-128 -1760 320 ) 
4 18 19 (-384 -1600 320 ) (-384 -1728 320 ) (-384 -1728 448 ) (-384 -1600 448 ) 
4 19 30 (-640 -1728 304 ) (-640 -1728 320 ) (-640 -1600 320 ) (-640 -1600 304 ) 
4 19 20 (-448 -1728 304 ) (-640 -1728 304 ) (-640 -1600 304 ) (-448 -1600 304 ) 
4 20 30 (-640 -1728 288 ) (-640 -1728 304 ) (-640 -1600 304 ) (-640 -1600 288 ) 
4 20 21 (-480 -1728 288 ) (-640 -1728 288 ) (-640 -1600 288 ) (-480 -1600 288 ) 
4 21 30 (-640 -1728 272 ) (-640 -1728 288 ) (-640 -1600 288 ) (-640 -1600 272 ) 
4 21 22 (-512 -1728 272 ) (-640 -1728 272 ) (-640 -1600 272 ) (-512 -1600 272 ) 
4 22 30 (-640 -1728 256 ) (-640 -1728 272 ) (-640 -1600 272 ) (-640 -1600 256 ) 
4 22 24 (-576 -1728 256 ) (-608 -1728 256 ) (-608 -1600 256 ) (-576 -1600 256 ) 
4 22 25 (-608 -1728 256 ) (-640 -1728 256 ) (-640 -1600 256 ) (-608 -1600 256 ) 
4 22 23 (-544 -1728 256 ) (-576 -1728 256 ) (-576 -1600 256 ) (-544 -1600 256 ) 
4 23 24 (-576 -1728 240 ) (-576 -1728 256 ) (-576 -1600 256 ) (-576 -1600 240 ) 
4 24 25 (-608 -1728 224 ) (-608 -1728 256 ) (-608 -1600 256 ) (-608 -1600 224 ) 
4 25 30 (-640 -1728 208 ) (-640 -1728 256 ) (-640 -1600 256 ) (-640 -1600 208 ) 
4 26 27 (-960 -1056 192 ) (-960 -1056 64 ) (-832 -1056 64 ) (-832 -1056 192 ) 
4 27 28 (-832 -1088 80 ) (-832 -1088 192 ) (-960 -1088 192 ) (-960 -1088 80 ) 
4 28 29 (-704 -1216 80 ) (-704 -1216 256 ) (-832 -1216 256 ) (-832 -1216 80 ) 
4 29 36 (-832 -1280 80 ) (-704 -1280 80 ) (-704 -1280 128 ) (-832 -1280 128 ) 
4 29 35 (-704 -1280 128 ) (-704 -1280 144 ) (-832 -1280 144 ) (-832 -1280 128 ) 
4 29 34 (-704 -1280 144 ) (-704 -1280 160 ) (-832 -1280 160 ) (-832 -1280 144 ) 
4 29 33 (-704 -1280 160 ) (-704 -1280 176 ) (-832 -1280 176 ) (-832 -1280 160 ) 
4 29 32 (-704 -1280 176 ) (-704 -1280 192 ) (-832 -1280 192 ) (-832 -1280 176 ) 
4 29 31 (-704 -1280 192 ) (-704 -1280 256 ) (-832 -1280 256 ) (-832 -1280 192 ) 
4 30 31 (-704 -1568 192 ) (-704 -1760 192 ) (-704 -1760 320 ) (-704 -1568 320 ) 
4 31 39 (-832 -1568 192 ) (-832 -1760 192 ) (-832 -1760 320 ) (-832 -1568 320 ) 
4 31 32 (-832 -1504 192 ) (-832 -1280 192 ) (-704 -1280 192 ) (-704 -1504 192 ) 
4 32 33 (-832 -1472 176 ) (-832 -1280 176 ) (-704 -1280 176 ) (-704 -1472 176 ) 
4 33 34 (-832 -1440 160 ) (-832 -1280 160 ) (-704 -1280 160 ) (-704 -1440 160 ) 
4 34 35 (-832 -1408 144 ) (-832 -1280 144 ) (-704 -1280 144 ) (-704 -1408 144 ) 
4 35 38 (-832 -1376 128 ) (-832 -1344 128 ) (-704 -1344 128 ) (-704 -1376 128 ) 
4 35 37 (-832 -1344 128 ) (-832 -1312 128 ) (-704 -1312 128 ) (-704 -1344 128 ) 
4 35 36 (-832 -1312 128 ) (-832 -1280 128 ) (-704 -1280 128 ) (-704 -1312 128 ) 
4 36 37 (-704 -1312 96 ) (-704 -1312 128 ) (-832 -1312 128 ) (-832 -1312 96 ) 
4 37 38 (-704 -1344 112 ) (-704 -1344 128 ) (-832 -1344 128 ) (-832 -1344 112 ) 
15 40 41 (-8 -2112 384 ) (-10 -2112 396 ) (-16 -2112 408 ) (-24 -2112 418 ) (-36 -2112 426 ) (-50 -2112 430 ) (-64 -2112 432 ) (-78 -2112 430 ) (-92 -2112 426 ) (-104 -2112 418 ) (-112 -2112 408 ) (-118 -2112 396 ) (-120 -2112 384 ) (-120 -2112 320 ) (-8 -2112 320 ) 
4 41 43 (-960 -2368 320 ) (-896 -2368 320 ) (-896 -2368 416 ) (-960 -2368 416 ) 
4 41 42 (-896 -2368 320 ) (0 -2368 320 ) (0 -2368 576 ) (-896 -2368 576 ) 
4 42 51 (-816 -2632 324 ) (-896 -2632 324 ) (-896 -2632 320 ) (-816 -2632 320 ) 
4 42 50 (-780 -2632 324 ) (-816 -2632 324 ) (-816 -2632 320 ) (-780 -2632 320 ) 
4 42 48 (-196 -2632 324 ) (-232 -2632 324 ) (-232 -2632 320 ) (-196 -2632 320 ) 
4 42 47 (0 -2632 320 ) (0 -2632 324 ) (-196 -2632 324 ) (-196 -2632 320 ) 
4 42 49 (-232 -2632 324 ) (-780 -2632 324 ) (-780 -2632 320 ) (-232 -2632 320 ) 
4 42 46 (0 -2632 324 ) (0 -2632 576 ) (-896 -2632 576 ) (-896 -2632 324 ) 
4 42 45 (0 -2632 320 ) (-896 -2632 320 ) (-896 -2624 320 ) (0 -2624 320 ) 
4 42 43 (-896 -2368 416 ) (-896 -2368 320 ) (-896 -2560 320 ) (-896 -2560 416 ) 
4 42 44 (-896 -2560 320 ) (-896 -2632 320 ) (-896 -2632 576 ) (-896 -2560 576 ) 
4 43 63 (-1024 -2368 416 ) (-1024 -2368 320 ) (-1024 -2560 320 ) (-1024 -2560 416 ) 
4 43 44 (-1024 -2560 320 ) (-896 -2560 320 ) (-896 -2560 416 ) (-1024 -2560 416 ) 
4 44 64 (-1024 -2632 320 ) (-1024 -2632 576 ) (-1024 -2560 576 ) (-1024 -2560 320 ) 
4 44 51 (-1024 -2632 324 ) (-1024 -2632 320 ) (-896 -2632 320 ) (-896 -2632 324 ) 
4 44 46 (-896 -2632 576 ) (-1024 -2632 576 ) (-1024 -2632 324 ) (-896 -2632 324 ) 
4 44 45 (-896 -2632 320 ) (-1024 -2632 320 ) (-1024 -2624 320 ) (-896 -2624 320 ) 
4 45 55 (0 -2624 304 ) (0 -2632 304 ) (-1024 -2632 304 ) (-1024 -2624 304 ) 
4 45 51 (-1024 -2632 304 ) (-816 -2632 304 ) (-816 -2632 320 ) (-1024 -2632 320 ) 
4 45 50 (-816 -2632 304 ) (-780 -2632 304 ) (-780 -2632 320 ) (-816 -2632 320 ) 
4 45 48 (-232 -2632 304 ) (-196 -2632 304 ) (-196 -2632 320 ) (-232 -2632 320 ) 
4 45 47 (-196 -2632 304 ) (0 -2632 304 ) (0 -2632 320 ) (-196 -2632 320 ) 
4 45 49 (-780 -2632 304 ) (-232 -2632 304 ) (-232 -2632 320 ) (-780 -2632 320 ) 
4 46 64 (-1024 -2640 324 ) (-1024 -2640 576 ) (-1024 -2632 576 ) (-1024 -2632 324 ) 
4 46 53 (-896 -2640 576 ) (-1024 -2640 576 ) (-1024 -2640 324 ) (-896 -2640 324 ) 
4 46 52 (0 -2640 324 ) (0 -2640 576 ) (-896 -2640 576 ) (-896 -2640 324 ) 
4 46 51 (-816 -2640 324 ) (-1024 -2640 324 ) (-1024 -2632 324 ) (-816 -2632 324 ) 
4 46 50 (-780 -2640 324 ) (-816 -2640 324 ) (-816 -2632 324 ) (-780 -2632 324 ) 
4 46 48 (-196 -2640 324 ) (-232 -2640 324 ) (-232 -2632 324 ) (-196 -2632 324 ) 
4 46 47 (0 -2640 324 ) (-196 -2640 324 ) (-196 -2632 324 ) (0 -2632 324 ) 
4 46 49 (-232 -2640 324 ) (-780 -2640 324 ) (-780 -2632 324 ) (-232 -2632 324 ) 
4 47 56 (0 -2632 304 ) (0 -2640 304 ) (-196 -2640 304 ) (-196 -2632 304 ) 
4 47 52 (-196 -2640 304 ) (0 -2640 304 ) (0 -2640 324 ) (-196 -2640 324 ) 
4 47 48 (-196 -2640 304 ) (-196 -2640 324 ) (-196 -2632 324 ) (-196 -2632 304 ) 
4 48 57 (-196 -2640 304 ) (-232 -2640 304 ) (-232 -2632 304 ) (-196 -2632 304 ) 
4 48 52 (-232 -2640 304 ) (-196 -2640 304 ) (-196 -2640 324 ) (-232 -2640 324 ) 
4 48 49 (-232 -2640 304 ) (-232 -2640 324 ) (-232 -2632 324 ) (-232 -2632 304 ) 
4 49 58 (-232 -2640 304 ) (-780 -2640 304 ) (-780 -2632 304 ) (-232 -2632 304 ) 
4 49 52 (-780 -2640 304 ) (-232 -2640 304 ) (-232 -2640 324 ) (-780 -2640 324 ) 
4 49 50 (-780 -2640 304 ) (-780 -2640 324 ) (-780 -2632 324 ) (-780 -2632 304 ) 
4 50 59 (-780 -2640 304 ) (-816 -2640 304 ) (-816 -2632 304 ) (-780 -2632 304 ) 
4 50 52 (-816 -2640 304 ) (-780 -2640 304 ) (-780 -2640 324 ) (-816 -2640 324 ) 
4 50 51 (-816 -2640 304 ) (-816 -2640 324 ) (-816 -2632 324 ) (-816 -2632 304 ) 
4 51 64 (-1024 -2640 320 ) (-1024 -2640 324 ) (-1024 -2632 324 ) (-1024 -2632 320 ) 
4 51 60 (-816 -2640 304 ) (-1024 -2640 304 ) (-1024 -2632 304 ) (-816 -2632 304 ) 
4 51 53 (-1024 -2640 304 ) (-896 -2640 304 ) (-896 -2640 324 ) (-1024 -2640 324 ) 
4 51 52 (-896 -2640 304 ) (-816 -2640 304 ) (-816 -2640 324 ) (-896 -2640 324 ) 
4 52 176 (0 -3072 304 ) (0 -3072 320 ) (-896 -3072 320 ) (-896 -3072 304 ) 
4 52 175 (0 -3072 320 ) (0 -3072 576 ) (-896 -3072 576 ) (-896 -3072 320 ) 
4 52 61 (0 -2640 304 ) (0 -3072 304 ) (-896 -3072 304 ) (-896 -2640 304 ) 
4 52 54 (-896 -2816 304 ) (-896 -3072 304 ) (-896 -3072 320 ) (-896 -2816 320 ) 
4 52 53 (-896 -2640 576 ) (-896 -2640 304 ) (-896 -2816 304 ) (-896 -2816 576 ) 
4 53 67 (-1024 -2816 320 ) (-1024 -2816 576 ) (-1024 -2720 576 ) (-1024 -2720 320 ) 
4 53 65 (-1024 -2720 576 ) (-1024 -2688 576 ) (-1024 -2688 384 ) (-1024 -2720 384 ) 
4 53 64 (-1024 -2688 576 ) (-1024 -2640 576 ) (-1024 -2640 320 ) (-1024 -2688 320 ) 
4 53 61 (-1024 -2816 304 ) (-1024 -2640 304 ) (-896 -2640 304 ) (-896 -2816 304 ) 
4 53 54 (-1024 -2816 304 ) (-896 -2816 304 ) (-896 -2816 320 ) (-1024 -2816 320 ) 
4 54 176 (-1024 -3072 320 ) (-1024 -3072 304 ) (-896 -3072 304 ) (-896 -3072 320 ) 
4 54 61 (-896 -3072 304 ) (-1024 -3072 304 ) (-1024 -2816 304 ) (-896 -2816 304 ) 
4 55 62 (-1024 -2632 256 ) (-1024 -2624 256 ) (0 -2624 256 ) (0 -2632 256 ) 
4 55 60 (-1024 -2632 256 ) (-816 -2632 256 ) (-816 -2632 304 ) (-1024 -2632 304 ) 
4 55 59 (-816 -2632 256 ) (-780 -2632 256 ) (-780 -2632 304 ) (-816 -2632 304 ) 
4 55 57 (-232 -2632 256 ) (-196 -2632 256 ) (-196 -2632 304 ) (-232 -2632 304 ) 
4 55 56 (-196 -2632 256 ) (0 -2632 256 ) (0 -2632 304 ) (-196 -2632 304 ) 
4 55 58 (-780 -2632 256 ) (-232 -2632 256 ) (-232 -2632 304 ) (-780 -2632 304 ) 
4 56 62 (-196 -2632 256 ) (0 -2632 256 ) (0 -2640 256 ) (-196 -2640 256 ) 
4 56 61 (-196 -2640 256 ) (0 -2640 256 ) (0 -2640 304 ) (-196 -2640 304 ) 
4 56 57 (-196 -2632 304 ) (-196 -2632 256 ) (-196 -2640 256 ) (-196 -2640 304 ) 
4 57 62 (-232 -2632 256 ) (-196 -2632 256 ) (-196 -2640 256 ) (-232 -2640 256 ) 
4 57 58 (-232 -2632 304 ) (-232 -2632 256 ) (-232 -2640 256 ) (-232 -2640 304 ) 
4 57 61 (-232 -2640 256 ) (-196 -2640 256 ) (-196 -2640 304 ) (-232 -2640 304 ) 
4 58 62 (-780 -2632 256 ) (-232 -2632 256 ) (-232 -2640 256 ) (-780 -2640 256 ) 
4 58 59 (-780 -2632 304 ) (-780 -2632 256 ) (-780 -2640 256 ) (-780 -2640 304 ) 
4 58 61 (-780 -2640 256 ) (-232 -2640 256 ) (-232 -2640 304 ) (-780 -2640 304 ) 
4 59 62 (-816 -2632 256 ) (-780 -2632 256 ) (-780 -2640 256 ) (-816 -2640 256 ) 
4 59 61 (-816 -2640 256 ) (-780 -2640 256 ) (-780 -2640 304 ) (-816 -2640 304 ) 
4 59 60 (-816 -2632 304 ) (-816 -2632 256 ) (-816 -2640 256 ) (-816 -2640 304 ) 
4 60 62 (-1024 -2640 256 ) (-1024 -2632 256 ) (-816 -2632 256 ) (-816 -2640 256 ) 
4 60 61 (-1024 -2640 256 ) (-816 -2640 256 ) (-816 -2640 304 ) (-1024 -2640 304 ) 
4 61 177 (0 -3072 256 ) (0 -3072 304 ) (-1024 -3072 304 ) (-1024 -3072 256 ) 
4 61 62 (0 -3072 256 ) (-1024 -3072 256 ) (-1024 -2640 256 ) (0 -2640 256 ) 
4 62 177 (0 -3072 64 ) (0 -3072 256 ) (-1024 -3072 256 ) (-1024 -3072 64 ) 
4 63 70 (-1088 -2368 320 ) (-1088 -2560 320 ) (-1088 -2560 416 ) (-1088 -2368 416 ) 
4 63 64 (-1088 -2560 416 ) (-1088 -2560 320 ) (-1024 -2560 320 ) (-1024 -2560 416 ) 
4 64 70 (-1088 -2560 320 ) (-1088 -2688 320 ) (-1088 -2688 448 ) (-1088 -2560 448 ) 
4 64 68 (-1088 -2624 576 ) (-1088 -2560 576 ) (-1088 -2560 448 ) (-1088 -2624 448 ) 
4 64 65 (-1024 -2688 576 ) (-1040 -2688 576 ) (-1040 -2688 384 ) (-1024 -2688 384 ) 
4 64 66 (-1040 -2688 576 ) (-1088 -2688 576 ) (-1088 -2688 320 ) (-1040 -2688 320 ) 
4 65 67 (-1024 -2720 576 ) (-1040 -2720 576 ) (-1040 -2720 384 ) (-1024 -2720 384 ) 
4 65 66 (-1040 -2688 576 ) (-1040 -2688 384 ) (-1040 -2720 384 ) (-1040 -2720 576 ) 
4 66 70 (-1088 -2688 320 ) (-1088 -2720 320 ) (-1088 -2720 448 ) (-1088 -2688 448 ) 
4 66 67 (-1040 -2720 576 ) (-1088 -2720 576 ) (-1088 -2720 320 ) (-1040 -2720 320 ) 
4 67 70 (-1088 -2720 320 ) (-1088 -2816 320 ) (-1088 -2816 448 ) (-1088 -2720 448 ) 
4 68 70 (-1152 -2112 448 ) (-1088 -2112 448 ) (-1088 -2624 448 ) (-1152 -2624 448 ) 
4 68 71 (-1280 -2112 448 ) (-1152 -2112 448 ) (-1152 -2624 448 ) (-1280 -2624 448 ) 
4 68 69 (-1280 -2112 448 ) (-1280 -2624 448 ) (-1280 -2624 576 ) (-1280 -2112 576 ) 
4 69 180 (-2048 -3072 576 ) (-2048 -3072 448 ) (-1792 -3072 448 ) (-1792 -3072 576 ) 
4 69 179 (-1728 -3072 448 ) (-1280 -3072 448 ) (-1280 -3072 576 ) (-1728 -3072 576 ) 
4 69 116 (-2048 -3072 448 ) (-2048 -3072 576 ) (-2048 -2240 576 ) (-2048 -2240 448 ) 
4 69 114 (-2048 -2240 576 ) (-2048 -2112 576 ) (-2048 -2112 448 ) (-2048 -2240 448 ) 
4 69 71 (-2048 -2112 448 ) (-1280 -2112 448 ) (-1280 -3072 448 ) (-2048 -3072 448 ) 
4 70 77 (-1152 -3008 320 ) (-1152 -2984 320 ) (-1088 -2984 320 ) (-1088 -3008 320 ) 
4 70 75 (-1104 -2448 320 ) (-1104 -2984 320 ) (-1112 -2984 320 ) (-1112 -2448 320 ) 
4 70 74 (-1112 -2400 320 ) (-1104 -2400 320 ) (-1104 -2448 320 ) (-1112 -2448 320 ) 
4 70 73 (-1104 -2400 320 ) (-1088 -2400 320 ) (-1088 -2984 320 ) (-1104 -2984 320 ) 
4 70 76 (-1152 -2984 320 ) (-1152 -2400 320 ) (-1112 -2400 320 ) (-1112 -2984 320 ) 
4 70 72 (-1152 -2400 320 ) (-1152 -2112 320 ) (-1088 -2112 320 ) (-1088 -2400 320 ) 
4 70 71 (-1152 -3008 448 ) (-1152 -2112 448 ) (-1152 -2112 320 ) (-1152 -3008 320 ) 
4 71 180 (-2048 -3072 448 ) (-2048 -3072 320 ) (-1792 -3072 320 ) (-1792 -3072 448 ) 
4 71 179 (-1728 -3072 320 ) (-1152 -3072 320 ) (-1152 -3072 448 ) (-1728 -3072 448 ) 
4 71 116 (-2048 -3072 320 ) (-2048 -3072 448 ) (-2048 -2240 448 ) (-2048 -2240 320 ) 
15 71 115 (-2048 -2120 384 ) (-2048 -2120 320 ) (-2048 -2232 320 ) (-2048 -2232 384.001617 ) (-2048 -2230 396 ) (-2048 -2224 408 ) (-2048 -2216 418 ) (-2048 -2204 426 ) (-2048 -2190 430 ) (-2048 -2176 432 ) (-2048 -2162 430 ) (-2048 -2148 426 ) (-2048 -2136 418 ) (-2048 -2128 408 ) (-2048 -2122 396 ) 
4 71 81 (-1856 -3072 320 ) (-2048 -3072 320 ) (-2048 -3008 320 ) (-1856 -3008 320 ) 
4 71 79 (-1712 -2992 320 ) (-1712 -3008 320 ) (-1748 -3008 320 ) (-1748 -2992 320 ) 
4 71 78 (-1748 -2984 320 ) (-1712 -2984 320 ) (-1712 -2992 320 ) (-1748 -2992 320 ) 
4 71 77 (-1712 -2984 320 ) (-1152 -2984 320 ) (-1152 -3008 320 ) (-1712 -3008 320 ) 
4 71 80 (-2048 -3008 320 ) (-2048 -2984 320 ) (-1748 -2984 320 ) (-1748 -3008 320 ) 
4 71 76 (-2048 -2984 320 ) (-2048 -2400 320 ) (-1152 -2400 320 ) (-1152 -2984 320 ) 
4 71 72 (-2048 -2400 320 ) (-2048 -2112 320 ) (-1152 -2112 320 ) (-1152 -2400 320 ) 
4 72 87 (-1748 -2112 304 ) (-1712 -2112 304 ) (-1712 -2400 304 ) (-1748 -2400 304 ) 
4 72 90 (-2048 -2400 304 ) (-2048 -2112 304 ) (-1748 -2112 304 ) (-1748 -2400 304 ) 
4 72 83 (-1112 -2112 304 ) (-1104 -2112 304 ) (-1104 -2400 304 ) (-1112 -2400 304 ) 
4 72 82 (-1104 -2112 304 ) (-1088 -2112 304 ) (-1088 -2400 304 ) (-1104 -2400 304 ) 
4 72 86 (-1712 -2112 304 ) (-1112 -2112 304 ) (-1112 -2400 304 ) (-1712 -2400 304 ) 
4 72 74 (-1112 -2400 304 ) (-1104 -2400 304 ) (-1104 -2400 320 ) (-1112 -2400 320 ) 
4 72 73 (-1104 -2400 304 ) (-1088 -2400 304 ) (-1088 -2400 320 ) (-1104 -2400 320 ) 
4 72 76 (-2048 -2400 304 ) (-1112 -2400 304 ) (-1112 -2400 320 ) (-2048 -2400 320 ) 
4 73 82 (-1104 -2400 304 ) (-1088 -2400 304 ) (-1088 -2984 304 ) (-1104 -2984 304 ) 
4 73 77 (-1104 -2984 304 ) (-1088 -2984 304 ) (-1088 -2984 320 ) (-1104 -2984 320 ) 
4 73 75 (-1104 -2448 304 ) (-1104 -2984 304 ) (-1104 -2984 320 ) (-1104 -2448 320 ) 
4 73 74 (-1104 -2400 320 ) (-1104 -2400 304 ) (-1104 -2448 304 ) (-1104 -2448 320 ) 
4 74 84 (-1112 -2400 304 ) (-1104 -2400 304 ) (-1104 -2448 304 ) (-1112 -2448 304 ) 
4 74 76 (-1112 -2400 320 ) (-1112 -2400 304 ) (-1112 -2448 304 ) (-1112 -2448 320 ) 
4 74 75 (-1112 -2448 320 ) (-1112 -2448 304 ) (-1104 -2448 304 ) (-1104 -2448 320 ) 
4 75 85 (-1104 -2448 304 ) (-1104 -2984 304 ) (-1112 -2984 304 ) (-1112 -2448 304 ) 
4 75 77 (-1112 -2984 304 ) (-1104 -2984 304 ) (-1104 -2984 320 ) (-1112 -2984 320 ) 
4 75 76 (-1112 -2448 304 ) (-1112 -2984 304 ) (-1112 -2984 320 ) (-1112 -2448 320 ) 
4 76 87 (-1748 -2400 304 ) (-1712 -2400 304 ) (-1712 -2984 304 ) (-1748 -2984 304 ) 
4 76 90 (-2048 -2984 304 ) (-2048 -2400 304 ) (-1748 -2400 304 ) (-1748 -2984 304 ) 
4 76 86 (-1712 -2400 304 ) (-1112 -2400 304 ) (-1112 -2984 304 ) (-1712 -2984 304 ) 
4 76 78 (-1748 -2984 304 ) (-1712 -2984 304 ) (-1712 -2984 320 ) (-1748 -2984 320 ) 
4 76 77 (-1712 -2984 304 ) (-1112 -2984 304 ) (-1112 -2984 320 ) (-1712 -2984 320 ) 
4 76 80 (-2048 -2984 304 ) (-1748 -2984 304 ) (-1748 -2984 320 ) (-2048 -2984 320 ) 
4 77 85 (-1112 -2984 304 ) (-1104 -2984 304 ) (-1104 -3008 304 ) (-1112 -3008 304 ) 
4 77 82 (-1104 -2984 304 ) (-1088 -2984 304 ) (-1088 -3008 304 ) (-1104 -3008 304 ) 
4 77 86 (-1712 -2984 304 ) (-1112 -2984 304 ) (-1112 -3008 304 ) (-1712 -3008 304 ) 
4 77 79 (-1712 -2992 304 ) (-1712 -3008 304 ) (-1712 -3008 320 ) (-1712 -2992 320 ) 
4 77 78 (-1712 -2984 320 ) (-1712 -2984 304 ) (-1712 -2992 304 ) (-1712 -2992 320 ) 
4 78 88 (-1748 -2984 304 ) (-1712 -2984 304 ) (-1712 -2992 304 ) (-1748 -2992 304 ) 
4 78 80 (-1748 -2984 320 ) (-1748 -2984 304 ) (-1748 -2992 304 ) (-1748 -2992 320 ) 
4 78 79 (-1748 -2992 320 ) (-1748 -2992 304 ) (-1712 -2992 304 ) (-1712 -2992 320 ) 
4 79 89 (-1712 -2992 304 ) (-1712 -3008 304 ) (-1748 -3008 304 ) (-1748 -2992 304 ) 
4 79 80 (-1748 -2992 304 ) (-1748 -3008 304 ) (-1748 -3008 320 ) (-1748 -2992 320 ) 
4 80 90 (-2048 -3008 304 ) (-2048 -2984 304 ) (-1748 -2984 304 ) (-1748 -3008 304 ) 
4 80 81 (-2048 -3008 304 ) (-1856 -3008 304 ) (-1856 -3008 320 ) (-2048 -3008 320 ) 
4 81 187 (-1856 -3072 320 ) (-2048 -3072 320 ) (-2048 -3072 304 ) (-1856 -3072 304 ) 
4 81 91 (-1856 -3072 304 ) (-2048 -3072 304 ) (-2048 -3008 304 ) (-1856 -3008 304 ) 
4 82 84 (-1104 -2400 256 ) (-1104 -2448 256 ) (-1104 -2448 304 ) (-1104 -2400 304 ) 
4 82 83 (-1104 -2112 304 ) (-1104 -2112 256 ) (-1104 -2400 256 ) (-1104 -2400 304 ) 
4 82 85 (-1104 -2448 256 ) (-1104 -3008 256 ) (-1104 -3008 304 ) (-1104 -2448 304 ) 
4 83 86 (-1112 -2112 304 ) (-1112 -2112 256 ) (-1112 -2400 256 ) (-1112 -2400 304 ) 
4 83 84 (-1112 -2400 304 ) (-1112 -2400 256 ) (-1104 -2400 256 ) (-1104 -2400 304 ) 
4 84 85 (-1112 -2448 304 ) (-1112 -2448 256 ) (-1104 -2448 256 ) (-1104 -2448 304 ) 
4 84 86 (-1112 -2400 256 ) (-1112 -2448 256 ) (-1112 -2448 304 ) (-1112 -2400 304 ) 
4 85 86 (-1112 -2448 256 ) (-1112 -3008 256 ) (-1112 -3008 304 ) (-1112 -2448 304 ) 
4 86 88 (-1712 -2984 256 ) (-1712 -2992 256 ) (-1712 -2992 304 ) (-1712 -2984 304 ) 
4 86 87 (-1712 -2112 304 ) (-1712 -2112 256 ) (-1712 -2984 256 ) (-1712 -2984 304 ) 
4 86 89 (-1712 -2992 256 ) (-1712 -3008 256 ) (-1712 -3008 304 ) (-1712 -2992 304 ) 
4 87 90 (-1748 -2112 304 ) (-1748 -2112 256 ) (-1748 -2984 256 ) (-1748 -2984 304 ) 
4 87 88 (-1748 -2984 304 ) (-1748 -2984 256 ) (-1712 -2984 256 ) (-1712 -2984 304 ) 
4 88 89 (-1748 -2992 304 ) (-1748 -2992 256 ) (-1712 -2992 256 ) (-1712 -2992 304 ) 
4 88 90 (-1748 -2984 256 ) (-1748 -2992 256 ) (-1748 -2992 304 ) (-1748 -2984 304 ) 
4 89 90 (-1748 -2992 256 ) (-1748 -3008 256 ) (-1748 -3008 304 ) (-1748 -2992 304 ) 
4 90 91 (-2048 -3008 256 ) (-1856 -3008 256 ) (-1856 -3008 304 ) (-2048 -3008 304 ) 
4 91 188 (-1856 -3072 304 ) (-2048 -3072 304 ) (-2048 -3072 256 ) (-1856 -3072 256 ) 
4 92 95 (-4499.319824 -776.539062 359.481384 ) (-4499.319824 -776.539062 379.229004 ) (-4523.319824 -776.539062 379.229004 ) (-4523.319824 -776.539062 359.481384 ) 
4 92 94 (-4499.319824 -776.539062 379.229004 ) (-4499.319824 -776.539062 512 ) (-4523.319824 -776.539062 512 ) (-4523.319824 -776.539062 379.229004 ) 
4 92 93 (-4499.319824 -776.539062 320 ) (-4288 -776.539062 320 ) (-4288 -776.539062 512 ) (-4499.319824 -776.539062 512 ) 
4 92 97 (-4736 -776.539062 512 ) (-4736 -776.539062 320 ) (-4523.319824 -776.539062 320 ) (-4523.319824 -776.539062 512 ) 
4 93 158 (-4499.319824 -1024 448 ) (-4499.319824 -1024 320 ) (-4288 -1024 320 ) (-4288 -1024 448 ) 
4 93 149 (-4288 -1024 512 ) (-4499.319824 -1024 512 ) (-4499.319824 -1024 448 ) (-4288 -1024 448 ) 
3 93 95 (-4499.319824 -776.539062 379.229004 ) (-4499.319824 -776.539062 359.481384 ) (-4499.319824 -780.539978 379.229004 ) 
4 93 94 (-4499.319824 -776.539062 512 ) (-4499.319824 -776.539062 379.229004 ) (-4499.319824 -784.539978 379.229004 ) (-4499.319824 -784.539978 512 ) 
4 93 96 (-4499.319824 -784.539978 320 ) (-4499.319824 -1024 320 ) (-4499.319824 -1024 512 ) (-4499.319824 -784.539978 512 ) 
4 94 95 (-4523.319824 -780.539978 379.229004 ) (-4523.319824 -776.539062 379.229004 ) (-4499.319824 -776.539062 379.229004 ) (-4499.319824 -780.539978 379.229004 ) 
4 94 96 (-4523.319824 -784.539978 512 ) (-4523.319824 -784.539978 379.229004 ) (-4499.319824 -784.539978 379.229004 ) (-4499.319824 -784.539978 512 ) 
4 94 97 (-4523.319824 -776.539062 512 ) (-4523.319824 -776.539062 379.229004 ) (-4523.319824 -784.539978 379.229004 ) (-4523.319824 -784.539978 512 ) 
3 95 97 (-4523.319824 -776.539062 379.229004 ) (-4523.319824 -776.539062 359.481384 ) (-4523.319824 -780.539978 379.229004 ) 
4 96 158 (-4523.319824 -1024 448 ) (-4523.319824 -1024 320 ) (-4499.319824 -1024 320 ) (-4499.319824 -1024 448 ) 
4 96 149 (-4499.319824 -1024 512 ) (-4523.319824 -1024 512 ) (-4523.319824 -1024 448 ) (-4499.319824 -1024 448 ) 
4 96 97 (-4523.319824 -784.539978 320 ) (-4523.319824 -1024 320 ) (-4523.319824 -1024 512 ) (-4523.319824 -784.539978 512 ) 
4 97 162 (-4736 -1024 448 ) (-4736 -1024 320 ) (-4672 -1024 320 ) (-4672 -1024 448 ) 
4 97 161 (-4672 -1024 320 ) (-4544 -1024 320 ) (-4544 -1024 448 ) (-4672 -1024 448 ) 
4 97 158 (-4544 -1024 320 ) (-4523.319824 -1024 320 ) (-4523.319824 -1024 448 ) (-4544 -1024 448 ) 
4 97 149 (-4523.319824 -1024 512 ) (-4736 -1024 512 ) (-4736 -1024 448 ) (-4523.319824 -1024 448 ) 
4 97 98 (-4736 -1024 448 ) (-4736 -1024 512 ) (-4736 -976 512 ) (-4736 -976 448 ) 
4 98 149 (-4736 -1024 512 ) (-4768 -1024 512 ) (-4768 -1024 448 ) (-4736 -1024 448 ) 
4 99 103 (-3888 -1524 320 ) (-3264 -1524 320 ) (-3264 -1524 428 ) (-3888 -1524 428 ) 
4 99 101 (-3264 -1524 428 ) (-3264 -1524 432 ) (-3888 -1524 432 ) (-3888 -1524 428 ) 
4 99 100 (-3264 -1524 432 ) (-3264 -1524 448 ) (-3888 -1524 448 ) (-3888 -1524 432 ) 
4 100 106 (-3888 -1580 432 ) (-3264 -1580 432 ) (-3264 -1580 448 ) (-3888 -1580 448 ) 
4 100 101 (-3264 -1580 432 ) (-3888 -1580 432 ) (-3888 -1524 432 ) (-3264 -1524 432 ) 
4 101 106 (-3888 -1580 428 ) (-3264 -1580 428 ) (-3264 -1580 432 ) (-3888 -1580 432 ) 
4 101 103 (-3264 -1580 428 ) (-3895 -1580 428 ) (-3895 -1524 428 ) (-3264 -1524 428 ) 
4 102 107 (-3904 -1580 428 ) (-3904 -1580 432 ) (-3904 -1524 432 ) (-3904 -1524 428 ) 
4 102 105 (-3897 -1580 428 ) (-3904 -1580 428 ) (-3904 -1524 428 ) (-3897 -1524 428 ) 
4 103 106 (-3888 -1580 320 ) (-3264 -1580 320 ) (-3264 -1580 428 ) (-3888 -1580 428 ) 
4 103 104 (-3895 -1576 428 ) (-3895 -1528 428 ) (-3895 -1528 320 ) (-3895 -1576 320 ) 
4 104 105 (-3897 -1576 428 ) (-3897 -1528 428 ) (-3897 -1528 320 ) (-3897 -1576 320 ) 
4 105 107 (-3904 -1524 320 ) (-3904 -1580 320 ) (-3904 -1580 428 ) (-3904 -1524 428 ) 
4 106 113 (-3392 -1616 320 ) (-3264 -1616 320 ) (-3264 -1616 448 ) (-3392 -1616 448 ) 
4 107 109 (-4071.479980 -1564.030029 379.229004 ) (-4071.479980 -1564.030029 448 ) (-4071.479980 -1540.030029 448 ) (-4071.479980 -1540.030029 379.229004 ) 
4 107 108 (-4071.479980 -1488 448 ) (-4071.479980 -1488 320 ) (-4071.479980 -1540.030029 320 ) (-4071.479980 -1540.030029 448 ) 
4 107 111 (-4071.479980 -1564.030029 320 ) (-4071.479980 -1616 320 ) (-4071.479980 -1616 448 ) (-4071.479980 -1564.030029 448 ) 
3 108 110 (-4079.479980 -1540.030029 379.229004 ) (-4079.479980 -1540.030029 359.486816 ) (-4075.480225 -1540.030029 379.229004 ) 
4 108 109 (-4079.479980 -1540.030029 448 ) (-4079.479980 -1540.030029 379.229004 ) (-4071.479980 -1540.030029 379.229004 ) (-4071.479980 -1540.030029 448 ) 
4 108 112 (-4079.479980 -1488 448 ) (-4079.479980 -1488 320 ) (-4079.479980 -1540.030029 320 ) (-4079.479980 -1540.030029 448 ) 
4 109 110 (-4075.480225 -1564.030029 379.229004 ) (-4079.479980 -1564.030029 379.229004 ) (-4079.479980 -1540.030029 379.229004 ) (-4075.480225 -1540.030029 379.229004 ) 
4 109 112 (-4079.479980 -1564.030029 379.229004 ) (-4079.479980 -1564.030029 448 ) (-4079.479980 -1540.030029 448 ) (-4079.479980 -1540.030029 379.229004 ) 
4 109 111 (-4079.479980 -1564.030029 448 ) (-4079.479980 -1564.030029 379.229004 ) (-4071.479980 -1564.030029 379.229004 ) (-4071.479980 -1564.030029 448 ) 
3 110 111 (-4079.479980 -1564.030029 379.229004 ) (-4079.479980 -1564.030029 359.486816 ) (-4075.480225 -1564.030029 379.229004 ) 
4 110 112 (-4079.479980 -1564.030029 359.486816 ) (-4079.479980 -1564.030029 379.229004 ) (-4079.479980 -1540.030029 379.229004 ) (-4079.479980 -1540.030029 359.486816 ) 
4 111 112 (-4079.479980 -1564.030029 320 ) (-4079.479980 -1616 320 ) (-4079.479980 -1616 448 ) (-4079.479980 -1564.030029 448 ) 
4 112 157 (-4096 -1580 320 ) (-4096 -1616 320 ) (-4096 -1616 448 ) (-4096 -1580 448 ) 
4 112 154 (-4096 -1524 320 ) (-4096 -1580 320 ) (-4096 -1580 428 ) (-4096 -1524 428 ) 
4 112 152 (-4096 -1580 428 ) (-4096 -1580 432 ) (-4096 -1524 432 ) (-4096 -1524 428 ) 
4 112 151 (-4096 -1580 432 ) (-4096 -1580 448 ) (-4096 -1524 448 ) (-4096 -1524 432 ) 
4 112 150 (-4096 -1488 320 ) (-4096 -1524 320 ) (-4096 -1524 448 ) (-4096 -1488 448 ) 
4 113 128 (-3264 -2048 448 ) (-3392 -2048 448 ) (-3392 -2048 320 ) (-3264 -2048 320 ) 
4 114 117 (-2112 -2240 448 ) (-2112 -2240 576 ) (-2112 -2112 576 ) (-2112 -2112 448 ) 
4 114 116 (-2112 -2240 576 ) (-2112 -2240 448 ) (-2048 -2240 448 ) (-2048 -2240 576 ) 
15 115 117 (-2112 -2190 430 ) (-2112 -2176 432 ) (-2112 -2162 430 ) (-2112 -2148 426 ) (-2112 -2136 418 ) (-2112 -2128 408 ) (-2112 -2122 396 ) (-2112 -2120 384 ) (-2112 -2120 320 ) (-2112 -2232 320 ) (-2112 -2232 384.001617 ) (-2112 -2230 396 ) (-2112 -2224 408 ) (-2112 -2216 418 ) (-2112 -2204 426 ) 
4 116 230 (-2048 -3072 320 ) (-2048 -3072 576 ) (-2112 -3072 576 ) (-2112 -3072 320 ) 
4 116 117 (-2112 -3072 320 ) (-2112 -3072 576 ) (-2112 -2240 576 ) (-2112 -2240 320 ) 
4 117 234 (-2112 -3072 320 ) (-2112 -3072 576 ) (-2240 -3072 576 ) (-2240 -3072 320 ) 
4 118 132 (-3160 -2752 448 ) (-3224 -2752 448 ) (-3224 -2688 448 ) (-3160 -2688 448 ) 
3 119 138 (-3296 -2752 448 ) (-3360 -2752 448 ) (-3360 -2688 448 ) 
3 119 137 (-3296 -2752 448 ) (-3360 -2688 448 ) (-3296 -2688 448 ) 
4 120 138 (-3424 -2752 448 ) (-3488 -2752 448 ) (-3488 -2688 448 ) (-3424 -2688 448 ) 
4 121 138 (-3552 -2752 448 ) (-3616 -2752 448 ) (-3616 -2688 448 ) (-3552 -2688 448 ) 
4 122 138 (-3680 -2752 448 ) (-3744 -2752 448 ) (-3744 -2688 448 ) (-3680 -2688 448 ) 
4 123 138 (-3808 -2752 448 ) (-3872 -2752 448 ) (-3872 -2688 448 ) (-3808 -2688 448 ) 
3 124 138 (-3936 -2752 448 ) (-4000 -2688 448 ) (-3936 -2688 448 ) 
3 124 136 (-3936 -2752 448 ) (-4000 -2752 448 ) (-4000 -2688 448 ) 
4 125 141 (-3800 -2904 448 ) (-3864 -2904 448 ) (-3864 -2840 448 ) (-3800 -2840 448 ) 
3 126 148 (-3936 -2904 448 ) (-4000 -2904 448 ) (-4000 -2840 448 ) 
3 126 147 (-3936 -2904 448 ) (-4000 -2840 448 ) (-3936 -2840 448 ) 
4 127 164 (-4096 -2904 456 ) (-4096 -2840 456 ) (-4096 -2840 448 ) (-4096 -2904 448 ) 
4 127 148 (-4064 -2904 448 ) (-4096 -2904 448 ) (-4096 -2840 448 ) (-4064 -2840 448 ) 
4 128 130 (-3360 -2640 320 ) (-3296 -2640 320 ) (-3296 -2640 436 ) (-3360 -2640 436 ) 
4 129 131 (-3744 -2640 320 ) (-3680 -2640 320 ) (-3680 -2640 436 ) (-3744 -2640 436 ) 
4 130 137 (-3360 -2656 320 ) (-3296 -2656 320 ) (-3296 -2656 436 ) (-3360 -2656 436 ) 
4 131 138 (-3744 -2656 320 ) (-3680 -2656 320 ) (-3680 -2656 436 ) (-3744 -2656 436 ) 
4 132 133 (-3256 -2768 356 ) (-3256 -2768 428 ) (-3256 -2672 428 ) (-3256 -2672 356 ) 
4 133 134 (-3260 -2672 356 ) (-3260 -2768 356 ) (-3260 -2768 428 ) (-3260 -2672 428 ) 
4 134 135 (-3261 -2672 356 ) (-3261 -2768 356 ) (-3261 -2768 428 ) (-3261 -2672 428 ) 
4 135 137 (-3264 -2768 356 ) (-3264 -2768 428 ) (-3264 -2672 428 ) (-3264 -2672 356 ) 
4 136 139 (-4000 -2784 320 ) (-3936 -2784 320 ) (-3936 -2784 432 ) (-4000 -2784 432 ) 
4 136 138 (-3904 -2784 448 ) (-3904 -2784 320 ) (-4032 -2656 320 ) (-4032 -2656 448 ) 
4 137 138 (-3392.001953 -2656 448 ) (-3392.001953 -2656 320 ) (-3264.001953 -2784 320 ) (-3264.001953 -2784 448 ) 
4 139 146 (-4000 -2792 320 ) (-3936 -2792 320 ) (-3936 -2792 432 ) (-4000 -2792 432 ) 
4 140 141 (-3896 -2824 320 ) (-3768 -2824 320 ) (-3768 -2824 448 ) (-3896 -2824 448 ) 
4 141 145 (-3896 -2920 320 ) (-3768 -2920 320 ) (-3768 -2920 448 ) (-3896 -2920 448 ) 
4 141 142 (-3896 -2824 428 ) (-3896 -2824 356 ) (-3896 -2920 356 ) (-3896 -2920 428 ) 
4 142 143 (-3900 -2824 356 ) (-3900 -2920 356 ) (-3900 -2920 428 ) (-3900 -2824 428 ) 
4 143 144 (-3901 -2824 356 ) (-3901 -2920 356 ) (-3901 -2920 428 ) (-3901 -2824 428 ) 
4 144 147 (-3904 -2920 356 ) (-3904 -2920 428 ) (-3904 -2824 428 ) (-3904 -2824 356 ) 
4 146 147 (-4000 -2808 320 ) (-3936 -2808 320 ) (-3936 -2808 436 ) (-4000 -2808 436 ) 
4 147 148 (-4031.998047 -2808 448 ) (-4031.998047 -2808 320 ) (-3904 -2935.998047 320 ) (-3904 -2935.998047 448 ) 
4 148 171 (-4096 -2936 448 ) (-4096 -2808 448 ) (-4096 -2808 320 ) (-4096 -2936 320 ) 
4 149 162 (-4736 -1024 448 ) (-4672 -1024 448 ) (-4672 -1168 448 ) (-4736 -1168 448 ) 
4 149 161 (-4672 -1024 448 ) (-4544 -1024 448 ) (-4544 -1168 448 ) (-4672 -1168 448 ) 
4 149 158 (-4544 -1024 448 ) (-4288 -1024 448 ) (-4288 -1168 448 ) (-4544 -1168 448 ) 
4 150 154 (-4272 -1524 320 ) (-4096 -1524 320 ) (-4096 -1524 428 ) (-4272 -1524 428 ) 
4 150 152 (-4096 -1524 428 ) (-4096 -1524 432 ) (-4272 -1524 432 ) (-4272 -1524 428 ) 
4 150 151 (-4096 -1524 432 ) (-4096 -1524 448 ) (-4272 -1524 448 ) (-4272 -1524 432 ) 
4 151 157 (-4272 -1580 432 ) (-4096 -1580 432 ) (-4096 -1580 448 ) (-4272 -1580 448 ) 
4 151 152 (-4096 -1580 432 ) (-4272 -1580 432 ) (-4272 -1524 432 ) (-4096 -1524 432 ) 
4 152 157 (-4272 -1580 428 ) (-4096 -1580 428 ) (-4096 -1580 432 ) (-4272 -1580 432 ) 
4 152 154 (-4096 -1580 428 ) (-4279 -1580 428 ) (-4279 -1524 428 ) (-4096 -1524 428 ) 
4 153 160 (-4288 -1580 428 ) (-4288 -1580 432 ) (-4288 -1524 432 ) (-4288 -1524 428 ) 
4 153 156 (-4281 -1580 428 ) (-4288 -1580 428 ) (-4288 -1524 428 ) (-4281 -1524 428 ) 
4 154 157 (-4272 -1580 320 ) (-4096 -1580 320 ) (-4096 -1580 428 ) (-4272 -1580 428 ) 
4 154 155 (-4279 -1576 428 ) (-4279 -1528 428 ) (-4279 -1528 320 ) (-4279 -1576 320 ) 
4 155 156 (-4281 -1576 428 ) (-4281 -1528 428 ) (-4281 -1528 320 ) (-4281 -1576 320 ) 
4 156 160 (-4288 -1524 320 ) (-4288 -1580 320 ) (-4288 -1580 428 ) (-4288 -1524 428 ) 
4 158 161 (-4544 -1024 320 ) (-4544 -1168 320 ) (-4544 -1168 448 ) (-4544 -1024 448 ) 
4 158 159 (-4544 -1168 448 ) (-4544 -1168 320 ) (-4480 -1168 320 ) (-4480 -1168 448 ) 
4 159 161 (-4544 -1168 320 ) (-4544 -1232 320 ) (-4544 -1232 448 ) (-4544 -1168 448 ) 
4 160 161 (-4544 -1488 320 ) (-4544 -1616 320 ) (-4544 -1616 448 ) (-4544 -1488 448 ) 
4 161 162 (-4672 -1024 320 ) (-4672 -1232 320 ) (-4672 -1232 448 ) (-4672 -1024 448 ) 
6 162 163 (-4736 -1140 376.235046 ) (-4736 -1135.060181 423.293976 ) (-4736 -1065.872803 428 ) (-4736 -1055.994995 366.838257 ) (-4736 -1060.939941 352.706024 ) (-4736 -1085.650024 348 ) 
4 164 171 (-4096 -2840 448 ) (-4096 -2904 448 ) (-4128 -2904 448 ) (-4128 -2840 448 ) 
4 165 171 (-4192 -2904 448 ) (-4256 -2904 448 ) (-4256 -2840 448 ) (-4192 -2840 448 ) 
4 166 171 (-4320 -2904 448 ) (-4384 -2904 448 ) (-4384 -2840 448 ) (-4320 -2840 448 ) 
4 167 171 (-4448 -2904 448 ) (-4512 -2904 448 ) (-4512 -2840 448 ) (-4448 -2840 448 ) 
3 168 171 (-4576 -2904 448 ) (-4640 -2840 448 ) (-4576 -2840 448 ) 
3 168 170 (-4576 -2904 448 ) (-4640 -2904 448 ) (-4640 -2840 448 ) 
4 169 171 (-4384 -2808 320 ) (-4320 -2808 320 ) (-4320 -2808 436 ) (-4384 -2808 436 ) 
4 170 172 (-4640 -2936 320 ) (-4576 -2936 320 ) (-4576 -2936 432 ) (-4640 -2936 432 ) 
4 170 171 (-4544 -2936 448 ) (-4544 -2936 320 ) (-4672 -2808 320 ) (-4672 -2808 448 ) 
4 172 173 (-4640 -2944 320 ) (-4576 -2944 320 ) (-4576 -2944 432 ) (-4640 -2944 432 ) 
4 173 280 (-4636 -3072 448 ) (-4672 -3072 448 ) (-4672 -3072 320 ) (-4636 -3072 320 ) 
4 173 278 (-4636 -3072 428 ) (-4636 -3072 320 ) (-4580 -3072 320 ) (-4580 -3072 428 ) 
4 173 277 (-4636 -3072 432 ) (-4636 -3072 428 ) (-4580 -3072 428 ) (-4580 -3072 432 ) 
4 173 276 (-4580 -3072 448 ) (-4636 -3072 448 ) (-4636 -3072 432 ) (-4580 -3072 432 ) 
4 173 275 (-4544 -3072 448 ) (-4580 -3072 448 ) (-4580 -3072 320 ) (-4544 -3072 320 ) 
4 174 175 (0 -3072 576 ) (0 -3072 320 ) (0 -3200 320 ) (0 -3200 576 ) 
4 175 181 (-1024 -3136 320 ) (-1024 -3200 320 ) (-1024 -3200 576 ) (-1024 -3136 576 ) 
4 175 178 (-1024 -3072 576 ) (-1024 -3072 320 ) (-1024 -3136 320 ) (-1024 -3136 576 ) 
4 175 176 (-1024 -3136 320 ) (-1024 -3072 320 ) (0 -3072 320 ) (0 -3136 320 ) 
4 176 177 (-1024 -3136 304 ) (-1024 -3072 304 ) (0 -3072 304 ) (0 -3136 304 ) 
4 178 181 (-1088 -3136 320 ) (-1024 -3136 320 ) (-1024 -3136 576 ) (-1088 -3136 576 ) 
4 179 182 (-1728 -3136 320 ) (-1664 -3136 320 ) (-1664 -3136 576 ) (-1728 -3136 576 ) 
4 180 230 (-2048 -3072 576 ) (-2048 -3072 320 ) (-2048 -3136 320 ) (-2048 -3136 576 ) 
4 180 187 (-2048 -3136 320 ) (-2048 -3072 320 ) (-1856 -3072 320 ) (-1856 -3136 320 ) 
4 180 182 (-2048 -3136 320 ) (-1792 -3136 320 ) (-1792 -3136 576 ) (-2048 -3136 576 ) 
4 182 230 (-2048 -3136 320 ) (-2048 -3200 320 ) (-2048 -3200 576 ) (-2048 -3136 576 ) 
4 182 187 (-2048 -3200 320 ) (-2048 -3136 320 ) (-1856 -3136 320 ) (-1856 -3200 320 ) 
4 182 183 (-1856 -3200 320 ) (-1792 -3200 320 ) (-1792 -3200 576 ) (-1856 -3200 576 ) 
4 183 184 (-1856 -3264 320 ) (-1792 -3264 320 ) (-1792 -3264 448 ) (-1856 -3264 448 ) 
4 184 185 (-1344 -3392 320 ) (-1216 -3392 320 ) (-1216 -3392 448 ) (-1344 -3392 448 ) 
4 185 189 (-1248 -4096 448 ) (-1312 -4096 448 ) (-1312 -4096 320 ) (-1248 -4096 320 ) 
4 186 232 (-2048 -3712 320 ) (-2048 -4096 320 ) (-2048 -4096 448 ) (-2048 -3712 448 ) 
4 186 193 (-2016 -4096 448 ) (-2048 -4096 448 ) (-2048 -4096 320 ) (-2016 -4096 320 ) 
4 187 188 (-2048 -3072 304 ) (-1856 -3072 304 ) (-1856 -3200 304 ) (-2048 -3200 304 ) 
4 189 196 (-1312 -4160 320 ) (-1248 -4160 320 ) (-1248 -4160 363.631805 ) (-1312 -4160 363.551086 ) 
4 189 195 (-1248 -4160 363.631805 ) (-1248 -4160 448 ) (-1312 -4160 448 ) (-1312 -4160 363.551086 ) 
4 190 196 (-1504 -4160 320 ) (-1440 -4160 320 ) (-1440 -4160 363.389679 ) (-1504 -4160 363.309021 ) 
4 190 195 (-1440 -4160 363.389679 ) (-1440 -4160 448 ) (-1504 -4160 448 ) (-1504 -4160 363.309021 ) 
4 191 196 (-1728 -4160 320 ) (-1632 -4160 320 ) (-1632 -4160 363.147614 ) (-1728 -4160 363.026520 ) 
4 191 195 (-1632 -4160 363.147614 ) (-1632 -4160 448 ) (-1728 -4160 448 ) (-1728 -4160 363.026520 ) 
4 192 196 (-1888 -4160 320 ) (-1824 -4160 320 ) (-1824 -4160 362.905457 ) (-1888 -4160 362.824768 ) 
4 192 195 (-1824 -4160 362.905457 ) (-1824 -4160 448 ) (-1888 -4160 448 ) (-1888 -4160 362.824768 ) 
4 193 254 (-2048 -4160 448 ) (-2048 -4096 448 ) (-2048 -4096 320 ) (-2048 -4160 320 ) 
4 193 196 (-2048 -4160 320 ) (-2016 -4160 320 ) (-2016 -4160 362.663361 ) (-2048 -4160 362.623016 ) 
4 193 195 (-2016 -4160 362.663361 ) (-2016 -4160 448 ) (-2048 -4160 448 ) (-2048 -4160 362.623016 ) 
4 194 214 (-1088 -4928 320 ) (-1184 -4928 320 ) (-1184 -4224 320 ) (-1088 -4224 320 ) 
4 194 201 (-1184 -4928 321.188354 ) (-1184 -4928 329.198792 ) (-1184 -4224 360.836365 ) (-1184 -4224 352.825958 ) 
4 194 200 (-1184 -4224 320 ) (-1184 -4928 320 ) (-1184 -4928 321.188354 ) (-1184 -4224 352.825958 ) 
4 194 195 (-1184 -4928 329.198792 ) (-1184 -4928 448 ) (-1184 -4224 448 ) (-1184 -4224 360.836365 ) 
4 195 256 (-2048 -4224 448 ) (-2048 -4222 448 ) (-2048 -4222 359.836761 ) (-2048 -4224 359.746887 ) 
4 195 255 (-2048 -4222 448 ) (-2048 -4160 448 ) (-2048 -4160 362.623016 ) (-2048 -4222 359.836761 ) 
4 195 258 (-2048 -4928 448 ) (-2048 -4224 448 ) (-2048 -4224 359.746887 ) (-2048 -4928 328.109314 ) 
4 195 212 (-2016 -4928 448 ) (-2048 -4928 448 ) (-2048 -4928 328.109314 ) (-2016 -4928 328.149658 ) 
4 195 211 (-1824 -4928 448 ) (-1888 -4928 448 ) (-1888 -4928 328.311066 ) (-1824 -4928 328.391785 ) 
4 195 207 (-1444.476807 -4928 448 ) (-1500.480225 -4928 448 ) (-1500.480225 -4928 328.799713 ) (-1444.476807 -4928 328.870331 ) 
4 195 206 (-1184 -4928 329.198792 ) (-1184 -4928 448 ) (-1444.476807 -4928 448 ) (-1444.476807 -4928 328.870331 ) 
4 195 210 (-1500.480225 -4928 448 ) (-1760 -4928 448 ) (-1760 -4928 328.472473 ) (-1500.480225 -4928 328.799713 ) 
4 195 203 (-2048 -4224 359.747009 ) (-2048 -4222 359.836884 ) (-1500.480225 -4222 360.527313 ) (-1500.480225 -4224 360.437439 ) 
4 195 202 (-2048 -4222 359.836884 ) (-2048 -4188.306641 361.351074 ) (-1500.480225 -4189.089355 362.006317 ) (-1500.480225 -4222 360.527313 ) 
4 195 205 (-1500.480225 -4928 328.799896 ) (-2048 -4928 328.109467 ) (-2048 -4224 359.747009 ) (-1500.480225 -4224 360.437439 ) 
4 195 201 (-1184 -4189.541992 362.385040 ) (-1184 -4928 329.198975 ) (-1444.476807 -4928 328.870514 ) (-1444.476807 -4189.169434 362.073334 ) 
4 195 196 (-2048 -4160 362.623138 ) (-1184 -4160 363.712646 ) (-1184 -4189.541992 362.385040 ) (-2048 -4188.306641 361.351074 ) 
4 196 255 (-2048 -4160 362.623016 ) (-2048 -4160 320 ) (-2048 -4186.444336 320 ) (-2048 -4188.306641 361.350922 ) 
4 196 202 (-1500.480225 -4189.089355 362.002289 ) (-2048 -4188.306641 361.347046 ) (-2048 -4186.444824 320 ) (-1500.480225 -4187.198242 320 ) 
4 196 201 (-1184 -4189.182129 354.390686 ) (-1184 -4189.541992 362.381012 ) (-1444.476807 -4189.169434 362.069305 ) (-1444.476807 -4188.809570 354.081238 ) 
4 196 197 (-1184 -4187.633789 320 ) (-1184 -4189.182129 354.390686 ) (-1500.480225 -4188.729492 354.014709 ) (-1500.480225 -4187.198242 320 ) 
4 197 202 (-1500.480225 -4188.728027 354.014801 ) (-1500.480225 -4187.196289 320 ) (-1500.480225 -4222 320 ) (-1500.480225 -4222 352.519562 ) 
4 197 201 (-1184 -4189.183105 354.390625 ) (-1444.476807 -4188.810547 354.081177 ) (-1444.476807 -4222 352.589661 ) (-1184 -4222 352.915833 ) 
4 197 199 (-1184 -4222 320 ) (-1184 -4222 352 ) (-1500.480225 -4222 352 ) (-1500.480225 -4222 320 ) 
4 197 198 (-1184 -4222 352 ) (-1184 -4222 352.913879 ) (-1500.480225 -4222 352.517578 ) (-1500.480225 -4222 352 ) 
4 198 203 (-1500.480225 -4224 352 ) (-1500.480225 -4224 352.429688 ) (-1500.480225 -4222 352.519562 ) (-1500.480225 -4222 352 ) 
4 198 201 (-1444.476807 -4224 352.499786 ) (-1184 -4224 352.825958 ) (-1184 -4222 352.915833 ) (-1444.476807 -4222 352.589661 ) 
4 198 200 (-1184 -4224 352 ) (-1184 -4224 352.825958 ) (-1500.480225 -4224 352.429657 ) (-1500.480225 -4224 352 ) 
4 198 199 (-1184 -4224 352 ) (-1500.480225 -4224 352 ) (-1500.480225 -4222 352 ) (-1184 -4222 352 ) 
4 199 204 (-1500.480225 -4222 320 ) (-1500.480225 -4224 320 ) (-1500.480225 -4224 352 ) (-1500.480225 -4222 352 ) 
4 199 200 (-1184 -4224 320 ) (-1184 -4224 352 ) (-1500.480225 -4224 352 ) (-1500.480225 -4224 320 ) 
4 200 216 (-1217 -4236 320 ) (-1217 -4228 320 ) (-1189 -4228 320 ) (-1189 -4236 320 ) 
4 200 215 (-1217 -4228 320 ) (-1217 -4224 320 ) (-1189 -4224 320 ) (-1189 -4228 320 ) 
4 200 218 (-1189 -4928 320 ) (-1217 -4928 320 ) (-1217 -4236 320 ) (-1189 -4236 320 ) 
4 200 214 (-1184 -4224 320 ) (-1184 -4928 320 ) (-1189 -4928 320 ) (-1189 -4224 320 ) 
4 200 219 (-1217 -4928 320 ) (-1500.480225 -4928 320 ) (-1500.480225 -4224 320 ) (-1217 -4224 320 ) 
4 200 208 (-1500.480225 -4928 320 ) (-1444.476807 -4928 320 ) (-1444.476807 -4928 320.862183 ) (-1500.480225 -4928 320.792053 ) 
4 200 206 (-1444.476807 -4928 320 ) (-1184 -4928 320 ) (-1184 -4928 321.188354 ) (-1444.476807 -4928 320.862183 ) 
4 200 205 (-1500.480225 -4224 320 ) (-1500.480225 -4928 320 ) (-1500.480225 -4928 320.792053 ) (-1500.480225 -4224 352.429688 ) 
4 200 201 (-1444.476807 -4928 320.862213 ) (-1184 -4928 321.188477 ) (-1184 -4224 352.825958 ) (-1444.476807 -4224 352.499786 ) 
4 201 206 (-1184 -4928 321.188354 ) (-1184 -4928 329.198792 ) (-1444.476807 -4928 328.870331 ) (-1444.476807 -4928 320.862183 ) 
4 202 255 (-2048 -4186.444336 320 ) (-2048 -4222 320 ) (-2048 -4222 359.836761 ) (-2048 -4188.306641 361.350922 ) 
4 202 204 (-1500.480225 -4222 320 ) (-1500.480225 -4222 352 ) (-2048 -4222 352 ) (-2048 -4222 320 ) 
4 202 203 (-1500.480225 -4222 352 ) (-1500.480225 -4222 360.523438 ) (-2048 -4222 359.833038 ) (-2048 -4222 352 ) 
4 203 256 (-2048 -4224 352 ) (-2048 -4224 359.746887 ) (-2048 -4222 359.836761 ) (-2048 -4222 352 ) 
4 203 205 (-1500.480225 -4224 352 ) (-1500.480225 -4224 360.437500 ) (-2048 -4224 359.747070 ) (-2048 -4224 352 ) 
4 203 204 (-1500.480225 -4224 352 ) (-2048 -4224 352 ) (-2048 -4222 352 ) (-1500.480225 -4222 352 ) 
4 204 257 (-2048 -4222 320 ) (-2048 -4224 320 ) (-2048 -4224 352 ) (-2048 -4222 352 ) 
4 204 205 (-1500.480225 -4224 320 ) (-1500.480225 -4224 352 ) (-2048 -4224 352 ) (-2048 -4224 320 ) 
4 205 258 (-2048 -4224 320 ) (-2048 -4928 320 ) (-2048 -4928 328.109314 ) (-2048 -4224 359.746887 ) 
4 205 219 (-2048 -4928 320 ) (-2048 -4224 320 ) (-1500.480225 -4224 320 ) (-1500.480225 -4928 320 ) 
4 205 212 (-2048 -4928 320 ) (-2016 -4928 320 ) (-2016 -4928 328.149658 ) (-2048 -4928 328.109314 ) 
4 205 211 (-1888 -4928 320 ) (-1824 -4928 320 ) (-1824 -4928 328.391785 ) (-1888 -4928 328.311066 ) 
4 205 210 (-1760 -4928 320 ) (-1500.480225 -4928 320 ) (-1500.480225 -4928 328.799713 ) (-1760 -4928 328.472473 ) 
4 206 213 (-1444.476807 -4992 320 ) (-1408 -4992 320 ) (-1408 -4992 448 ) (-1444.476807 -4992 448 ) 
5 206 209 (-1444.476807 -4936.049805 320.500427 ) (-1444.476807 -4947.185547 320 ) (-1444.476807 -4992 320 ) (-1444.476807 -4992 325.994202 ) (-1444.476807 -4936.410156 328.492401 ) 
3 206 208 (-1444.476807 -4928 320.862183 ) (-1444.476807 -4928 320 ) (-1444.476807 -4947.185547 320 ) 
4 206 207 (-1444.476807 -4928 448 ) (-1444.476807 -4928 328.870331 ) (-1444.476807 -4992 325.994202 ) (-1444.476807 -4992 448 ) 
4 207 213 (-1444.476807 -4992 325.994202 ) (-1444.476807 -4992 448 ) (-1500.480225 -4992 448 ) (-1500.480225 -4992 325.923584 ) 
4 207 209 (-1500.480225 -4992 325.923584 ) (-1500.480225 -4936.340332 328.424774 ) (-1444.476807 -4936.410156 328.492432 ) (-1444.476807 -4992 325.994232 ) 
4 207 210 (-1500.480225 -4928 448 ) (-1500.480225 -4928 328.799713 ) (-1500.480225 -4992 325.923584 ) (-1500.480225 -4992 448 ) 
4 208 209 (-1500.480225 -4935.980469 320.433105 ) (-1500.480225 -4945.618164 320 ) (-1444.476807 -4947.188965 320 ) (-1444.476807 -4936.049805 320.500549 ) 
3 208 210 (-1500.480225 -4928 320.792053 ) (-1500.480225 -4928 320 ) (-1500.480225 -4945.625000 320 ) 
4 209 213 (-1500.480225 -4992 320 ) (-1444.476807 -4992 320 ) (-1444.476807 -4992 325.994202 ) (-1500.480225 -4992 325.923584 ) 
5 209 210 (-1500.480225 -4935.980469 320.433411 ) (-1500.480225 -4945.625000 320 ) (-1500.480225 -4992 320 ) (-1500.480225 -4992 325.923584 ) (-1500.480225 -4936.340332 328.424896 ) 
4 210 213 (-1536 -4992 320 ) (-1500.480225 -4992 320 ) (-1500.480225 -4992 448 ) (-1536 -4992 448 ) 
4 212 260 (-2048 -4992 448 ) (-2048 -4928 448 ) (-2048 -4928 320 ) (-2048 -4992 320 ) 
4 213 222 (-1408 -5120 448 ) (-1536 -5120 448 ) (-1536 -5120 320 ) (-1408 -5120 320 ) 
4 214 220 (-1088 -4480 -128 ) (-1088 -4672 -128 ) (-1189 -4672 -128 ) (-1189 -4480 -128 ) 
4 214 216 (-1189 -4236 -32 ) (-1189 -4236 320 ) (-1189 -4228 320 ) (-1189 -4228 -32 ) 
4 214 217 (-1189 -4228 -128 ) (-1189 -4236 -128 ) (-1189 -4236 -36 ) (-1189 -4228 -36 ) 
4 214 215 (-1189 -4224 320 ) (-1189 -4224 -128 ) (-1189 -4228 -128 ) (-1189 -4228 320 ) 
4 214 218 (-1189 -4236 -128 ) (-1189 -4928 -128 ) (-1189 -4928 320 ) (-1189 -4236 320 ) 
4 215 216 (-1217 -4228 320 ) (-1217 -4228 -32 ) (-1189 -4228 -32 ) (-1189 -4228 320 ) 
4 215 217 (-1217 -4228 -36 ) (-1217 -4228 -128 ) (-1189 -4228 -128 ) (-1189 -4228 -36 ) 
4 215 219 (-1217 -4224 320 ) (-1217 -4224 -128 ) (-1217 -4228 -128 ) (-1217 -4228 320 ) 
4 216 218 (-1217 -4236 320 ) (-1217 -4236 -32 ) (-1189 -4236 -32 ) (-1189 -4236 320 ) 
4 216 219 (-1217 -4236 -32 ) (-1217 -4236 320 ) (-1217 -4228 320 ) (-1217 -4228 -32 ) 
4 217 219 (-1217 -4228 -128 ) (-1217 -4236 -128 ) (-1217 -4236 -36 ) (-1217 -4228 -36 ) 
4 217 218 (-1217 -4236 -36 ) (-1217 -4236 -128 ) (-1189 -4236 -128 ) (-1189 -4236 -36 ) 
4 218 220 (-1189 -4480 -128 ) (-1189 -4672 -128 ) (-1217 -4672 -128 ) (-1217 -4480 -128 ) 
4 218 219 (-1217 -4236 -128 ) (-1217 -4928 -128 ) (-1217 -4928 320 ) (-1217 -4236 320 ) 
4 219 264 (-2048 -4928 320 ) (-2048 -4224 320 ) (-2048 -4224 -128 ) (-2048 -4928 -128 ) 
4 219 220 (-2048 -4672 -128 ) (-2048 -4480 -128 ) (-1217 -4480 -128 ) (-1217 -4672 -128 ) 
4 220 266 (-2048 -4672 -128 ) (-2048 -4480 -128 ) (-2048 -4480 -208 ) (-2048 -4672 -208 ) 
4 220 221 (-2048 -4672 -208 ) (-2048 -4480 -208 ) (-1024 -4480 -208 ) (-1024 -4672 -208 ) 
4 221 267 (-2048 -4672 -208 ) (-2048 -4480 -208 ) (-2048 -4480 -448 ) (-2048 -4672 -448 ) 
4 222 223 (-1536 -5280 320 ) (-1536 -5376 320 ) (-1536 -5376 448 ) (-1536 -5280 448 ) 
4 223 224 (-1856 -5280 320 ) (-1856 -5376 320 ) (-1856 -5376 448 ) (-1856 -5280 448 ) 
4 224 226 (-1888 -5120 320 ) (-1888 -5632 320 ) (-1888 -5632 448 ) (-1888 -5120 448 ) 
4 224 225 (-1888 -5632 448 ) (-1888 -5632 576 ) (-1888 -5120 576 ) (-1888 -5120 448 ) 
4 225 227 (-2016 -5632 576 ) (-2016 -5120 576 ) (-2016 -5120 448 ) (-2016 -5632 448 ) 
4 225 226 (-2016 -5632 448 ) (-2016 -5120 448 ) (-1888 -5120 448 ) (-1888 -5632 448 ) 
3 226 229 (-2016 -5568 320 ) (-2016 -5440 320 ) (-1984 -5504 320 ) 
3 226 228 (-2016 -5399.997070 320 ) (-2016 -5312 320 ) (-2000 -5376 320 ) 
4 226 227 (-2016 -5120 320 ) (-2016 -5632 320 ) (-2016 -5632 448 ) (-2016 -5120 448 ) 
4 227 288 (-2048 -5632 576 ) (-2048 -5120 576 ) (-2048 -5120 320 ) (-2048 -5632 320 ) 
5 227 229 (-2048 -5632 320 ) (-2048 -5447.991699 320 ) (-2027.430176 -5417.140625 320 ) (-2016 -5440 320 ) (-2016 -5568 320 ) 
5 227 228 (-2048 -5447.991699 320 ) (-2048 -5222.400391 320 ) (-2032 -5248.001465 320 ) (-2016 -5312 320 ) (-2016 -5399.997070 320 ) 
4 228 289 (-2048 -5447.991699 320 ) (-2048 -5222.400391 320 ) (-2048 -5222.400391 256 ) (-2048 -5447.991699 256 ) 
4 228 229 (-2048 -5447.990234 256 ) (-2027.430176 -5417.139160 256 ) (-2027.430176 -5417.139160 320 ) (-2048 -5447.990234 320 ) 
4 229 289 (-2048 -5632 320 ) (-2048 -5447.991699 320 ) (-2048 -5447.991699 256 ) (-2048 -5632 256 ) 
4 230 234 (-2112 -3072 576 ) (-2112 -3072 320 ) (-2112 -3200 320 ) (-2112 -3200 576 ) 
15 231 235 (-2112 -3480 320 ) (-2112 -3592 320 ) (-2112 -3592 352.025665 ) (-2112 -3590.006348 363.987122 ) (-2112 -3584 376 ) (-2112 -3576 386 ) (-2112 -3564 394 ) (-2112 -3550 398 ) (-2112 -3536 400 ) (-2112 -3522 398 ) (-2112 -3508 394 ) (-2112 -3496 386 ) (-2112 -3488 376 ) (-2112 -3482 364 ) (-2112 -3480 352 ) 
4 231 233 (-2112 -3592 320 ) (-2112 -3480 320 ) (-2048 -3480 320 ) (-2048 -3592 320 ) 
4 232 254 (-2048 -4096 320 ) (-2048 -4096 448 ) (-2080 -4096 448 ) (-2080 -4096 320 ) 
4 232 239 (-2112 -3712 320 ) (-2112 -3840 320 ) (-2112 -3840 448 ) (-2112 -3712 448 ) 
4 233 241 (-2112 -3592 312 ) (-2112 -3480 312 ) (-2048 -3480 312 ) (-2048 -3592 312 ) 
4 233 240 (-2112 -3480 312 ) (-2112 -3592 312 ) (-2112 -3592 320 ) (-2112 -3480 320 ) 
4 235 240 (-2112 -3456 320 ) (-2112 -3616 320 ) (-2240 -3616 320 ) (-2240 -3456 320 ) 
4 235 236 (-2240 -3392 320 ) (-2240 -3680 320 ) (-2240 -3680 576 ) (-2240 -3392 576 ) 
4 236 240 (-2240 -3456 320 ) (-2240 -3616 320 ) (-2880 -3616 320 ) (-2880 -3456 320 ) 
4 236 238 (-2448 -3680 356 ) (-2448 -3680 428 ) (-2544 -3680 428 ) (-2544 -3680 356 ) 
4 236 237 (-2880 -3392 576 ) (-2880 -3392 320 ) (-2880 -3648 320 ) (-2880 -3648 576 ) 
4 237 244 (-3072 -3392 320 ) (-3072 -3648 320 ) (-3072 -3648 448 ) (-3072 -3392 448 ) 
4 237 243 (-3072 -3648 448 ) (-3072 -3648 576 ) (-3072 -3392 576 ) (-3072 -3392 448 ) 
4 237 240 (-3072 -3616 320 ) (-3072 -3456 320 ) (-2880 -3456 320 ) (-2880 -3616 320 ) 
4 238 239 (-2448 -3712 356 ) (-2448 -3712 428 ) (-2544 -3712 428 ) (-2544 -3712 356 ) 
4 239 250 (-3072 -3804 320 ) (-3072 -3840 320 ) (-3072 -3840 448 ) (-3072 -3804 448 ) 
4 239 248 (-3072 -3748 320 ) (-3072 -3804 320 ) (-3072 -3804 428 ) (-3072 -3748 428 ) 
4 239 247 (-3072 -3804 428 ) (-3072 -3804 432 ) (-3072 -3748 432 ) (-3072 -3748 428 ) 
4 239 246 (-3072 -3804 432 ) (-3072 -3804 448 ) (-3072 -3748 448 ) (-3072 -3748 432 ) 
4 239 245 (-3072 -3712 320 ) (-3072 -3748 320 ) (-3072 -3748 448 ) (-3072 -3712 448 ) 
4 240 252 (-3072 -3456 312 ) (-3072 -3616 312 ) (-3072 -3616 320 ) (-3072 -3456 320 ) 
4 240 242 (-3072 -3616 312 ) (-3072 -3456 312 ) (-2112 -3456 312 ) (-2112 -3616 312 ) 
4 241 242 (-2112 -3480 288 ) (-2112 -3592 288 ) (-2112 -3592 312 ) (-2112 -3480 312 ) 
4 242 253 (-3072 -3456 288 ) (-3072 -3616 288 ) (-3072 -3616 312 ) (-3072 -3456 312 ) 
4 243 244 (-3072 -3392 448 ) (-3072 -3648 448 ) (-3296 -3648 448 ) (-3296 -3392 448 ) 
4 244 252 (-3072 -3456 320 ) (-3072 -3616 320 ) (-3296 -3616 320 ) (-3296 -3456 320 ) 
4 245 248 (-3888 -3748 320 ) (-3072 -3748 320 ) (-3072 -3748 428 ) (-3888 -3748 428 ) 
4 245 247 (-3072 -3748 428 ) (-3072 -3748 432 ) (-3888 -3748 432 ) (-3888 -3748 428 ) 
4 245 246 (-3072 -3748 432 ) (-3072 -3748 448 ) (-3888 -3748 448 ) (-3888 -3748 432 ) 
4 246 250 (-3888 -3804 432 ) (-3072 -3804 432 ) (-3072 -3804 448 ) (-3888 -3804 448 ) 
4 246 247 (-3072 -3804 432 ) (-3888 -3804 432 ) (-3888 -3748 432 ) (-3072 -3748 432 ) 
4 247 250 (-3888 -3804 428 ) (-3072 -3804 428 ) (-3072 -3804 432 ) (-3888 -3804 432 ) 
4 247 248 (-3072 -3804 428 ) (-3902 -3804 428 ) (-3902 -3748 428 ) (-3072 -3748 428 ) 
4 248 250 (-3888 -3804 320 ) (-3072 -3804 320 ) (-3072 -3804 428 ) (-3888 -3804 428 ) 
4 248 249 (-3902 -3800 428 ) (-3902 -3752 428 ) (-3902 -3752 320 ) (-3902 -3800 320 ) 
4 249 251 (-3904 -3752 320 ) (-3904 -3800 320 ) (-3904 -3800 428 ) (-3904 -3752 428 ) 
4 251 286 (-4096 -3804 320 ) (-4096 -3840 320 ) (-4096 -3840 448 ) (-4096 -3804 448 ) 
4 251 284 (-4096 -3748 320 ) (-4096 -3804 320 ) (-4096 -3804 428 ) (-4096 -3748 428 ) 
4 251 283 (-4096 -3804 428 ) (-4096 -3804 432 ) (-4096 -3748 432 ) (-4096 -3748 428 ) 
4 251 282 (-4096 -3804 432 ) (-4096 -3804 448 ) (-4096 -3748 448 ) (-4096 -3748 432 ) 
4 251 281 (-4096 -3712 320 ) (-4096 -3748 320 ) (-4096 -3748 448 ) (-4096 -3712 448 ) 
4 252 253 (-3072 -3456 312 ) (-3072 -3616 312 ) (-3296 -3616 312 ) (-3296 -3456 312 ) 
4 254 255 (-2080 -4160 320 ) (-2048 -4160 320 ) (-2048 -4160 448 ) (-2080 -4160 448 ) 
4 255 257 (-2144 -4222 352 ) (-2144 -4222 320 ) (-2048 -4222 320 ) (-2048 -4222 352 ) 
4 255 256 (-2144 -4222 448 ) (-2144 -4222 352 ) (-2048 -4222 352 ) (-2048 -4222 448 ) 
4 256 258 (-2144 -4224 448 ) (-2144 -4224 352 ) (-2048 -4224 352 ) (-2048 -4224 448 ) 
4 256 257 (-2048 -4224 352 ) (-2144 -4224 352 ) (-2144 -4222 352 ) (-2048 -4222 352 ) 
4 257 258 (-2144 -4224 352 ) (-2144 -4224 320 ) (-2048 -4224 320 ) (-2048 -4224 352 ) 
4 258 264 (-2048 -4224 320 ) (-2048 -4928 320 ) (-2144 -4928 320 ) (-2144 -4224 320 ) 
4 258 260 (-2080 -4928 320 ) (-2048 -4928 320 ) (-2048 -4928 448 ) (-2080 -4928 448 ) 
4 258 259 (-2144 -4224 320 ) (-2144 -4928 320 ) (-2144 -4928 448 ) (-2144 -4224 448 ) 
4 259 268 (-3072 -4224 320 ) (-3072 -4928 320 ) (-3072 -4928 448 ) (-3072 -4224 448 ) 
4 259 265 (-3072 -4928 320 ) (-3072 -4224 320 ) (-2144 -4224 320 ) (-2144 -4928 320 ) 
4 259 263 (-3040 -4928 320 ) (-2976 -4928 320 ) (-2976 -4928 448 ) (-3040 -4928 448 ) 
4 259 262 (-2848 -4928 320 ) (-2784 -4928 320 ) (-2784 -4928 448 ) (-2848 -4928 448 ) 
4 259 261 (-2720 -4928 320 ) (-2144 -4928 320 ) (-2144 -4928 448 ) (-2720 -4928 448 ) 
4 264 266 (-2048 -4480 -128 ) (-2048 -4672 -128 ) (-2144 -4672 -128 ) (-2144 -4480 -128 ) 
4 264 265 (-2144 -4224 -128 ) (-2144 -4928 -128 ) (-2144 -4928 320 ) (-2144 -4224 320 ) 
4 265 268 (-3072 -4224 -128 ) (-3072 -4928 -128 ) (-3072 -4928 320 ) (-3072 -4224 320 ) 
4 265 266 (-3072 -4672 -128 ) (-3072 -4480 -128 ) (-2144 -4480 -128 ) (-2144 -4672 -128 ) 
4 266 269 (-3072 -4480 -208 ) (-3072 -4672 -208 ) (-3072 -4672 -128 ) (-3072 -4480 -128 ) 
4 266 267 (-3072 -4672 -208 ) (-3072 -4480 -208 ) (-2048 -4480 -208 ) (-2048 -4672 -208 ) 
4 267 274 (-3072 -4480 -448 ) (-3072 -4672 -448 ) (-3072 -4672 -208 ) (-3072 -4480 -208 ) 
4 268 273 (-3744 -4928 448 ) (-3808 -4928 448 ) (-3808 -4928 320 ) (-3744 -4928 320 ) 
4 268 272 (-3104 -4928 448 ) (-3680 -4928 448 ) (-3680 -4928 320 ) (-3104 -4928 320 ) 
4 268 271 (-3840 -4492 -128 ) (-3840 -4660 -128 ) (-3840 -4660 320 ) (-3840 -4492 320 ) 
4 268 270 (-3840 -4672 448 ) (-3840 -4480 448 ) (-3840 -4480 320 ) (-3840 -4672 320 ) 
4 268 269 (-3840 -4672 -128 ) (-3840 -4480 -128 ) (-3072 -4480 -128 ) (-3072 -4672 -128 ) 
4 269 274 (-3072 -4480 -208 ) (-3072 -4672 -208 ) (-3840 -4672 -208 ) (-3840 -4480 -208 ) 
4 270 271 (-3904 -4660 320 ) (-3904 -4492 320 ) (-3840 -4492 320 ) (-3840 -4660 320 ) 
4 275 278 (-4580 -3072 320 ) (-4580 -3696 320 ) (-4580 -3696 428 ) (-4580 -3072 428 ) 
4 275 277 (-4580 -3696 428 ) (-4580 -3696 432 ) (-4580 -3072 432 ) (-4580 -3072 428 ) 
4 275 276 (-4580 -3696 432 ) (-4580 -3696 448 ) (-4580 -3072 448 ) (-4580 -3072 432 ) 
4 276 280 (-4636 -3696 448 ) (-4636 -3072 448 ) (-4636 -3072 432 ) (-4636 -3696 432 ) 
4 276 277 (-4636 -3696 432 ) (-4636 -3072 432 ) (-4580 -3072 432 ) (-4580 -3696 432 ) 
4 277 280 (-4636 -3696 432 ) (-4636 -3072 432 ) (-4636 -3072 428 ) (-4636 -3696 428 ) 
4 277 278 (-4636 -3710 428 ) (-4636 -3072 428 ) (-4580 -3072 428 ) (-4580 -3710 428 ) 
4 278 280 (-4636 -3072 320 ) (-4636 -3696 320 ) (-4636 -3696 428 ) (-4636 -3072 428 ) 
4 278 279 (-4584 -3710 428 ) (-4632 -3710 428 ) (-4632 -3710 320 ) (-4584 -3710 320 ) 
4 279 287 (-4632 -3712 320 ) (-4584 -3712 320 ) (-4584 -3712 428 ) (-4632 -3712 428 ) 
4 281 284 (-4272 -3748 320 ) (-4096 -3748 320 ) (-4096 -3748 428 ) (-4272 -3748 428 ) 
4 281 283 (-4096 -3748 428 ) (-4096 -3748 432 ) (-4272 -3748 432 ) (-4272 -3748 428 ) 
4 281 282 (-4096 -3748 432 ) (-4096 -3748 448 ) (-4272 -3748 448 ) (-4272 -3748 432 ) 
4 282 286 (-4272 -3804 432 ) (-4096 -3804 432 ) (-4096 -3804 448 ) (-4272 -3804 448 ) 
4 282 283 (-4096 -3804 432 ) (-4272 -3804 432 ) (-4272 -3748 432 ) (-4096 -3748 432 ) 
4 283 286 (-4272 -3804 428 ) (-4096 -3804 428 ) (-4096 -3804 432 ) (-4272 -3804 432 ) 
4 283 284 (-4096 -3804 428 ) (-4286 -3804 428 ) (-4286 -3748 428 ) (-4096 -3748 428 ) 
4 284 286 (-4272 -3804 320 ) (-4096 -3804 320 ) (-4096 -3804 428 ) (-4272 -3804 428 ) 
4 284 285 (-4286 -3800 428 ) (-4286 -3752 428 ) (-4286 -3752 320 ) (-4286 -3800 320 ) 
4 285 287 (-4288 -3752 320 ) (-4288 -3800 320 ) (-4288 -3800 428 ) (-4288 -3752 428 ) 
4 288 291 (-2240 -5632 320 ) (-2048 -5632 320 ) (-2048 -5632 384 ) (-2240 -5632 384 ) 
4 288 290 (-2304 -5120 320 ) (-2181.313965 -5120 320 ) (-2324.570312 -5334.859863 320 ) (-2368 -5248 320 ) 
7 288 289 (-2048 -5632 320 ) (-2240 -5632 320 ) (-2320 -5504 320 ) (-2352 -5376 320 ) (-2181.313965 -5120 320 ) (-2112 -5120 320 ) (-2048 -5222.400391 320 ) 
4 289 291 (-2240 -5632 256 ) (-2048 -5632 256 ) (-2048 -5632 320 ) (-2240 -5632 320 ) 
4 289 290 (-2181.314941 -5120 256 ) (-2324.570557 -5334.858887 256 ) (-2324.570557 -5334.858887 320 ) (-2181.314941 -5120 320 ) 
