PRT1
150
364
4 1 42 (0 1024 -64 ) (0 1024 -6.437500 ) (-824 1024 -6.437500 ) (-824 1024 -64 ) 
4 1 16 (0 1024 -6.437500 ) (0 1024 352 ) (-824 1024 352 ) (-824 1024 -6.437500 ) 
4 1 9 (-824 1024 -64 ) (-824 1024 -14 ) (-824 1116 -14 ) (-824 1116 -64 ) 
4 1 8 (-824 1116 0 ) (-824 1344 0 ) (-824 1344 -64 ) (-824 1116 -64 ) 
3 1 7 (-824 1322.770020 40 ) (-824 1344 40 ) (-824 1344 26.536646 ) 
3 1 5 (-824 1209.231201 112 ) (-824 1252 112 ) (-824 1252 84.878738 ) 
4 1 4 (-824 1252 112 ) (-824 1344 112 ) (-824 1344 40 ) (-824 1252 40 ) 
4 1 6 (-824 1024 40 ) (-824 1024 112 ) (-824 1100 112 ) (-824 1100 40 ) 
4 1 3 (-824 1184 128 ) (-824 1344 128 ) (-824 1344 112 ) (-824 1209.231201 112 ) 
4 1 2 (-824 1024 128 ) (-824 1024 352 ) (-824 1344 352 ) (-824 1344 128 ) 
4 2 18 (-824 1024 128 ) (-824 1024 320 ) (-832 1024 320 ) (-832 1024 128 ) 
4 2 17 (-824 1024 320 ) (-824 1024 352 ) (-832 1024 352 ) (-832 1024 320 ) 
4 2 10 (-832 1024 128 ) (-832 1024 352 ) (-832 1344 352 ) (-832 1344 128 ) 
4 2 3 (-832 1184 128 ) (-832 1344 128 ) (-824 1344 128 ) (-824 1184 128 ) 
4 3 10 (-832 1184 128 ) (-832 1344 128 ) (-832 1344 112 ) (-832 1209.231201 112 ) 
4 3 5 (-832 1209.231201 112 ) (-832 1252 112 ) (-824 1252 112 ) (-824 1209.231201 112 ) 
4 3 4 (-832 1252 112 ) (-832 1344 112 ) (-824 1344 112 ) (-824 1252 112 ) 
4 4 10 (-832 1252 112 ) (-832 1344 112 ) (-832 1344 40 ) (-832 1252 40 ) 
4 4 7 (-832 1322.770020 40 ) (-832 1344 40 ) (-824 1344 40 ) (-824 1322.770020 40 ) 
4 4 5 (-824 1252 84.878738 ) (-824 1252 112 ) (-832 1252 112 ) (-832 1252 84.878738 ) 
3 5 10 (-832 1209.231201 112 ) (-832 1252 112 ) (-832 1252 84.878738 ) 
4 6 21 (-824 1024 40 ) (-824 1024 112 ) (-832 1024 112 ) (-832 1024 40 ) 
4 6 10 (-832 1024 40 ) (-832 1024 112 ) (-832 1100 112 ) (-832 1100 40 ) 
3 7 10 (-832 1322.770020 40 ) (-832 1344 40 ) (-832 1344 26.536646 ) 
4 8 12 (-832 1344 -48 ) (-832 1344 -64 ) (-832 1116 -64 ) (-832 1116 -48 ) 
4 8 11 (-832 1344 -6.437500 ) (-832 1344 -48 ) (-832 1116 -48 ) (-832 1116 -6.437500 ) 
4 8 10 (-832 1116 0 ) (-832 1344 0 ) (-832 1344 -6.437500 ) (-832 1116 -6.437500 ) 
4 8 9 (-832 1116 -64 ) (-824 1116 -64 ) (-824 1116 -14 ) (-832 1116 -14 ) 
4 9 43 (-824 1024 -64 ) (-824 1024 -14 ) (-832 1024 -14 ) (-832 1024 -64 ) 
4 9 12 (-832 1024 -64 ) (-832 1024 -48 ) (-832 1116 -48 ) (-832 1116 -64 ) 
4 9 11 (-832 1024 -48 ) (-832 1024 -14 ) (-832 1116 -14 ) (-832 1116 -48 ) 
4 10 40 (-832 1024 -6.437500 ) (-832 1024 0 ) (-1024 1024 0 ) (-1024 1024 -6.437500 ) 
4 10 33 (-832 1024 0 ) (-832 1024 128 ) (-1024 1024 128 ) (-1024 1024 0 ) 
4 10 30 (-832 1024 128 ) (-832 1024 320 ) (-1024 1024 320 ) (-1024 1024 128 ) 
4 10 29 (-832 1024 320 ) (-832 1024 352 ) (-1024 1024 352 ) (-1024 1024 320 ) 
4 10 13 (-1024 1024 -6.437500 ) (-1024 1024 352 ) (-1024 1344 352 ) (-1024 1344 -6.437500 ) 
4 10 11 (-832 1344 -6.437500 ) (-832 1024 -6.437500 ) (-1024 1024 -6.437500 ) (-1024 1344 -6.437500 ) 
4 11 45 (-832 1024 -48 ) (-832 1024 -6.437500 ) (-1024 1024 -6.437500 ) (-1024 1024 -48 ) 
4 11 14 (-1024 1024 -48 ) (-1024 1024 -6.437500 ) (-1024 1344 -6.437500 ) (-1024 1344 -48 ) 
4 11 12 (-1024 1024 -48 ) (-1024 1344 -48 ) (-832 1344 -48 ) (-832 1024 -48 ) 
4 12 46 (-832 1024 -64 ) (-832 1024 -48 ) (-1024 1024 -48 ) (-1024 1024 -64 ) 
4 12 15 (-1024 1024 -64 ) (-1024 1024 -48 ) (-1024 1344 -48 ) (-1024 1344 -64 ) 
4 13 123 (-1024 1024 -6.437500 ) (-1024 1024 0 ) (-1184 1024 0 ) (-1184 1024 -6.437500 ) 
4 13 118 (-1024 1024 0 ) (-1024 1024 128 ) (-1056 1024 128 ) (-1056 1024 0 ) 
4 13 120 (-1056 1024 128 ) (-1184 1024 128 ) (-1184 1024 0 ) (-1056 1024 0 ) 
4 13 117 (-1024 1024 128 ) (-1024 1024 192 ) (-1184 1024 192 ) (-1184 1024 128 ) 
4 13 115 (-1024 1024 192 ) (-1024 1024 320 ) (-1184 1024 320 ) (-1184 1024 192 ) 
4 13 114 (-1024 1024 320 ) (-1024 1024 352 ) (-1184 1024 352 ) (-1184 1024 320 ) 
4 13 14 (-1024 1344 -6.437500 ) (-1024 1024 -6.437500 ) (-1184 1024 -6.437500 ) (-1184 1344 -6.437500 ) 
4 14 125 (-1024 1024 -48 ) (-1024 1024 -6.437500 ) (-1184 1024 -6.437500 ) (-1184 1024 -48 ) 
4 14 15 (-1184 1024 -48 ) (-1184 1344 -48 ) (-1024 1344 -48 ) (-1024 1024 -48 ) 
4 15 126 (-1024 1024 -64 ) (-1024 1024 -48 ) (-1184 1024 -48 ) (-1184 1024 -64 ) 
4 16 60 (0 694 -6.437500 ) (0 694 0 ) (-824 694 0 ) (-824 694 -6.437500 ) 
4 16 56 (-448 694 0 ) (-384 694 0 ) (-384 694 128 ) (-448 694 128 ) 
4 16 59 (-824 694 128 ) (-824 694 0 ) (-448 694 0 ) (-448 694 128 ) 
4 16 53 (-384 694 160 ) (-448 694 160 ) (-448 694 128 ) (-384 694 128 ) 
4 16 55 (-448 694 160 ) (-824 694 160 ) (-824 694 128 ) (-448 694 128 ) 
4 16 50 (0 694 0 ) (0 694 160 ) (-384 694 160 ) (-384 694 0 ) 
4 16 49 (0 694 160 ) (0 694 352 ) (-824 694 352 ) (-824 694 160 ) 
4 16 42 (0 694 -6.437500 ) (-824 694 -6.437500 ) (-824 1024 -6.437500 ) (0 1024 -6.437500 ) 
4 16 28 (-824 960 -6.437500 ) (-824 694 -6.437500 ) (-824 694 0 ) (-824 960 0 ) 
4 16 27 (-824 848 0 ) (-824 800 0 ) (-824 800 40 ) (-824 848 40 ) 
4 16 26 (-824 708 40 ) (-824 694 40 ) (-824 694 112 ) (-824 708 112 ) 
4 16 25 (-824 752 40 ) (-824 716 40 ) (-824 716 108 ) (-824 752 108 ) 
4 16 24 (-824 848 40 ) (-824 800 40 ) (-824 800 108 ) (-824 848 108 ) 
4 16 23 (-824 716 108 ) (-824 716 112 ) (-824 752 112 ) (-824 752 108 ) 
4 16 21 (-824 1024 112 ) (-824 1024 40 ) (-824 1012 40 ) (-824 1012 112 ) 
4 16 22 (-824 1004 40 ) (-824 972 40 ) (-824 972 112 ) (-824 1004 112 ) 
4 16 20 (-824 694 232 ) (-824 694 304 ) (-824 752 304 ) (-824 752 232 ) 
4 16 19 (-824 848 128 ) (-824 800 128 ) (-824 800 320 ) (-824 848 320 ) 
4 16 18 (-824 1024 320 ) (-824 1024 128 ) (-824 880 128 ) (-824 880 320 ) 
4 16 17 (-824 1024 352 ) (-824 1024 320 ) (-824 880 320 ) (-824 880 352 ) 
4 17 29 (-832 880 352 ) (-832 1024 352 ) (-832 1024 320 ) (-832 880 320 ) 
4 17 18 (-832 880 320 ) (-832 1024 320 ) (-824 1024 320 ) (-824 880 320 ) 
4 18 30 (-832 880 320 ) (-832 1024 320 ) (-832 1024 128 ) (-832 880 128 ) 
4 19 30 (-832 800 320 ) (-832 848 320 ) (-832 848 128 ) (-832 800 128 ) 
4 20 63 (-832 694 304 ) (-832 694 232 ) (-824 694 232 ) (-824 694 304 ) 
4 20 32 (-832 694 232 ) (-832 694 304 ) (-832 752 304 ) (-832 752 232 ) 
4 21 33 (-832 1012 112 ) (-832 1024 112 ) (-832 1024 40 ) (-832 1012 40 ) 
4 22 33 (-832 972 112 ) (-832 1004 112 ) (-832 1004 40 ) (-832 972 40 ) 
4 23 36 (-832 716 112 ) (-832 752 112 ) (-832 752 108 ) (-832 716 108 ) 
4 23 25 (-824 716 108 ) (-832 716 108 ) (-832 752 108 ) (-824 752 108 ) 
4 24 35 (-832 848 108 ) (-832 848 40 ) (-832 800 40 ) (-832 800 108 ) 
4 24 27 (-832 800 40 ) (-832 848 40 ) (-824 848 40 ) (-824 800 40 ) 
4 25 36 (-832 752 40 ) (-832 716 40 ) (-832 716 108 ) (-832 752 108 ) 
4 26 74 (-832 694 112 ) (-832 694 40 ) (-824 694 40 ) (-824 694 112 ) 
4 26 36 (-832 694 40 ) (-832 694 112 ) (-832 708 112 ) (-832 708 40 ) 
4 27 35 (-832 800 40 ) (-832 848 40 ) (-832 848 0 ) (-832 800 0 ) 
4 27 28 (-832 800 0 ) (-832 848 0 ) (-824 848 0 ) (-824 800 0 ) 
4 28 83 (-832 694 0 ) (-832 694 -6.437500 ) (-824 694 -6.437500 ) (-824 694 0 ) 
4 28 44 (-824 694 -6.437500 ) (-832 694 -6.437500 ) (-832 960 -6.437500 ) (-824 960 -6.437500 ) 
4 28 40 (-832 960 -6.437500 ) (-832 880 -6.437500 ) (-832 880 0 ) (-832 960 0 ) 
4 28 41 (-832 768 -6.437500 ) (-832 694 -6.437500 ) (-832 694 0 ) (-832 768 0 ) 
4 29 114 (-1024 1024 352 ) (-1024 1024 320 ) (-1024 880 320 ) (-1024 880 352 ) 
4 29 30 (-1024 1024 320 ) (-832 1024 320 ) (-832 880 320 ) (-1024 880 320 ) 
4 30 117 (-1024 1024 192 ) (-1024 1024 128 ) (-1024 776 128 ) (-1024 776 192 ) 
4 30 115 (-1024 1024 320 ) (-1024 1024 192 ) (-1024 776 192 ) (-1024 776 320 ) 
4 30 37 (-932 776 128 ) (-1024 776 128 ) (-1024 872 128 ) (-932 872 128 ) 
4 30 35 (-832 872 128 ) (-832 776 128 ) (-932 776 128 ) (-932 872 128 ) 
4 30 33 (-832 1024 128 ) (-832 880 128 ) (-1024 880 128 ) (-1024 1024 128 ) 
4 30 31 (-1008 776 300 ) (-1008 776 192 ) (-960 776 192 ) (-960 776 300 ) 
4 31 32 (-1008 768 192 ) (-960 768 192 ) (-960 768 300 ) (-1008 768 300 ) 
4 32 116 (-1024 694 192 ) (-1024 694 320 ) (-1024 768 320 ) (-1024 768 192 ) 
4 32 84 (-1024 694 320 ) (-1024 694 192 ) (-832 694 192 ) (-832 694 320 ) 
4 33 118 (-1024 1024 128 ) (-1024 1024 0 ) (-1024 880 0 ) (-1024 880 128 ) 
4 33 40 (-1024 1024 0 ) (-832 1024 0 ) (-832 880 0 ) (-1024 880 0 ) 
4 33 34 (-1008 880 0 ) (-960 880 0 ) (-960 880 108 ) (-1008 880 108 ) 
4 34 37 (-1008 872 0 ) (-960 872 0 ) (-960 872 108 ) (-1008 872 108 ) 
4 35 37 (-932 872 128 ) (-932 872 0 ) (-932 776 0 ) (-932 776 128 ) 
4 36 97 (-932 694 0 ) (-832 694 0 ) (-832 694 128 ) (-932 694 128 ) 
4 36 41 (-832 768 0 ) (-832 694 0 ) (-932 694 0 ) (-932 768 0 ) 
4 36 39 (-932 768 0 ) (-932 694 0 ) (-932 694 128 ) (-932 768 128 ) 
4 37 119 (-1024 872 0 ) (-1024 776 0 ) (-1024 776 128 ) (-1024 872 128 ) 
4 37 38 (-1024 776 0 ) (-932 776 0 ) (-932 776 112 ) (-1024 776 112 ) 
4 38 121 (-1024 776 0 ) (-1024 768 0 ) (-1024 768 112 ) (-1024 776 112 ) 
4 38 39 (-1024 768 0 ) (-932 768 0 ) (-932 768 112 ) (-1024 768 112 ) 
4 39 122 (-1024 768 0 ) (-1024 694 0 ) (-1024 694 128 ) (-1024 768 128 ) 
4 39 97 (-1024 694 128 ) (-1024 694 0 ) (-932 694 0 ) (-932 694 128 ) 
4 39 41 (-932 694 0 ) (-1024 694 0 ) (-1024 768 0 ) (-932 768 0 ) 
4 40 123 (-1024 1024 0 ) (-1024 1024 -6.437500 ) (-1024 880 -6.437500 ) (-1024 880 0 ) 
4 40 45 (-1024 880 -6.437500 ) (-1024 1024 -6.437500 ) (-832 1024 -6.437500 ) (-832 880 -6.437500 ) 
4 41 124 (-1024 768 -6.437500 ) (-1024 694 -6.437500 ) (-1024 694 0 ) (-1024 768 0 ) 
4 41 97 (-1024 694 0 ) (-1024 694 -6.437500 ) (-832 694 -6.437500 ) (-832 694 0 ) 
4 41 47 (-832 694 -6.437500 ) (-1024 694 -6.437500 ) (-1024 768 -6.437500 ) (-832 768 -6.437500 ) 
4 42 60 (0 694 -64 ) (0 694 -6.437500 ) (-824 694 -6.437500 ) (-824 694 -64 ) 
4 42 43 (-824 1024 -64 ) (-824 960 -64 ) (-824 960 -14 ) (-824 1024 -14 ) 
4 42 44 (-824 960 -64 ) (-824 694 -64 ) (-824 694 -6.437500 ) (-824 960 -6.437500 ) 
4 43 46 (-832 1024 -48 ) (-832 1024 -64 ) (-832 960 -64 ) (-832 960 -48 ) 
4 43 45 (-832 1024 -14 ) (-832 1024 -48 ) (-832 960 -48 ) (-832 960 -14 ) 
4 43 44 (-832 960 -14 ) (-832 960 -64 ) (-824 960 -64 ) (-824 960 -14 ) 
4 44 83 (-824 694 -6.437500 ) (-832 694 -6.437500 ) (-832 694 -64 ) (-824 694 -64 ) 
4 44 48 (-832 694 -64 ) (-832 694 -48 ) (-832 768 -48 ) (-832 768 -64 ) 
4 44 47 (-832 694 -48 ) (-832 694 -6.437500 ) (-832 768 -6.437500 ) (-832 768 -48 ) 
4 44 46 (-832 960 -48 ) (-832 960 -64 ) (-832 880 -64 ) (-832 880 -48 ) 
4 44 45 (-832 880 -6.437500 ) (-832 960 -6.437500 ) (-832 960 -48 ) (-832 880 -48 ) 
4 45 125 (-1024 1024 -6.437500 ) (-1024 1024 -48 ) (-1024 880 -48 ) (-1024 880 -6.437500 ) 
4 45 46 (-1024 880 -48 ) (-1024 1024 -48 ) (-832 1024 -48 ) (-832 880 -48 ) 
4 46 126 (-1024 1024 -48 ) (-1024 1024 -64 ) (-1024 880 -64 ) (-1024 880 -48 ) 
4 47 127 (-1024 694 -48 ) (-1024 694 -6.437500 ) (-1024 768 -6.437500 ) (-1024 768 -48 ) 
4 47 97 (-832 694 -48 ) (-832 694 -6.437500 ) (-1024 694 -6.437500 ) (-1024 694 -48 ) 
4 47 48 (-1024 768 -48 ) (-832 768 -48 ) (-832 694 -48 ) (-1024 694 -48 ) 
4 48 128 (-1024 768 -64 ) (-1024 694 -64 ) (-1024 694 -48 ) (-1024 768 -48 ) 
4 48 97 (-832 694 -64 ) (-832 694 -48 ) (-1024 694 -48 ) (-1024 694 -64 ) 
4 49 72 (-824 300 160 ) (-824 0 160 ) (-824 0 192 ) (-824 300 192 ) 
4 49 71 (-824 300 192 ) (-824 0 192 ) (-824 0 232 ) (-824 300 232 ) 
4 49 70 (-824 380 192 ) (-824 332 192 ) (-824 332 232 ) (-824 380 232 ) 
4 49 68 (-824 380 232 ) (-824 332 232 ) (-824 332 300 ) (-824 380 300 ) 
4 49 69 (-824 300 232 ) (-824 0 232 ) (-824 0 300 ) (-824 300 300 ) 
4 49 67 (-824 0 300 ) (-824 0 304 ) (-824 300 304 ) (-824 300 300 ) 
4 49 65 (-824 480 232 ) (-824 432 232 ) (-824 432 304 ) (-824 480 304 ) 
4 49 66 (-824 424 232 ) (-824 392 232 ) (-824 392 304 ) (-824 424 304 ) 
4 49 64 (-824 520 232 ) (-824 488 232 ) (-824 488 304 ) (-824 520 304 ) 
4 49 63 (-824 694 304 ) (-824 694 232 ) (-824 672 232 ) (-824 672 304 ) 
4 49 62 (-824 300 304 ) (-824 0 304 ) (-824 0 320 ) (-824 300 320 ) 
4 49 61 (-824 300 320 ) (-824 0 320 ) (-824 0 352 ) (-824 300 352 ) 
4 49 53 (-448 640 160 ) (-448 694 160 ) (-384 694 160 ) (-384 640 160 ) 
4 49 54 (-384 0 160 ) (-448 0 160 ) (-448 448 160 ) (-384 448 160 ) 
4 49 55 (-448 0 160 ) (-824 0 160 ) (-824 694 160 ) (-448 694 160 ) 
4 49 51 (-384 448 160 ) (-384 640 160 ) (0 640 160 ) (0 448 160 ) 
4 49 50 (-384 640 160 ) (-384 694 160 ) (0 694 160 ) (0 640 160 ) 
4 49 52 (0 0 160 ) (-384 0 160 ) (-384 448 160 ) (0 448 160 ) 
4 50 60 (-384 694 0 ) (0 694 0 ) (0 640 0 ) (-384 640 0 ) 
4 50 56 (-384 694 0 ) (-384 640 0 ) (-384 640 128 ) (-384 694 128 ) 
4 50 53 (-384 640 128 ) (-384 640 160 ) (-384 694 160 ) (-384 694 128 ) 
4 50 51 (-384 640 160 ) (-320.398987 640 0 ) (0 640 0 ) (0 640 160 ) 
4 51 60 (0 640 0 ) (0 448 0 ) (-320.398987 448 0 ) (-320.398987 640 0 ) 
4 51 52 (-384 448 160 ) (-320.398987 448 0 ) (0 448 0 ) (0 448 160 ) 
4 52 60 (0 448 0 ) (0 0 0 ) (-384 0 0 ) (-384 448 0 ) 
4 52 58 (-384 448 0 ) (-384 0 0 ) (-384 0 128 ) (-384 448 128 ) 
4 52 54 (-384 0 128 ) (-384 0 160 ) (-384 448 160 ) (-384 448 128 ) 
4 53 56 (-448 694 128 ) (-384 694 128 ) (-384 640 128 ) (-448 640 128 ) 
4 53 55 (-448 694 128 ) (-448 640 128 ) (-448 640 160 ) (-448 694 160 ) 
4 54 58 (-384 448 128 ) (-384 0 128 ) (-448 0 128 ) (-448 448 128 ) 
4 54 55 (-448 448 128 ) (-448 0 128 ) (-448 0 160 ) (-448 448 160 ) 
4 55 72 (-824 300 128 ) (-824 0 128 ) (-824 0 160 ) (-824 300 160 ) 
4 55 59 (-824 0 128 ) (-824 694 128 ) (-448 694 128 ) (-448 0 128 ) 
4 56 60 (-448 694 0 ) (-384 694 0 ) (-384 640 0 ) (-448 640 0 ) 
4 56 59 (-448 694 0 ) (-448 640 0 ) (-448 640 128 ) (-448 694 128 ) 
4 57 60 (-384 576 0 ) (-384 512 0 ) (-416 512 0 ) (-416 576 0 ) 
4 58 60 (-384 448 0 ) (-384 0 0 ) (-448 0 0 ) (-448 448 0 ) 
4 58 59 (-448 448 0 ) (-448 0 0 ) (-448 0 128 ) (-448 448 128 ) 
4 59 81 (-824 380 0 ) (-824 332 0 ) (-824 332 40 ) (-824 380 40 ) 
4 59 82 (-824 300 0 ) (-824 0 0 ) (-824 0 40 ) (-824 300 40 ) 
4 59 79 (-824 380 40 ) (-824 332 40 ) (-824 332 108 ) (-824 380 108 ) 
4 59 80 (-824 300 40 ) (-824 0 40 ) (-824 0 108 ) (-824 300 108 ) 
4 59 78 (-824 0 108 ) (-824 0 112 ) (-824 300 112 ) (-824 300 108 ) 
4 59 76 (-824 472 40 ) (-824 432 40 ) (-824 432 112 ) (-824 472 112 ) 
4 59 77 (-824 424 40 ) (-824 392 40 ) (-824 392 112 ) (-824 424 112 ) 
4 59 74 (-824 694 112 ) (-824 694 40 ) (-824 672 40 ) (-824 672 112 ) 
4 59 75 (-824 512 40 ) (-824 480 40 ) (-824 480 112 ) (-824 512 112 ) 
4 59 73 (-824 300 112 ) (-824 0 112 ) (-824 0 128 ) (-824 300 128 ) 
4 59 60 (-824 0 0 ) (-824 694 0 ) (-448 694 0 ) (-448 0 0 ) 
4 60 83 (-824 694 0 ) (-824 694 -64 ) (-824 0 -64 ) (-824 0 0 ) 
4 61 62 (-832 0 320 ) (-832 300 320 ) (-824 300 320 ) (-824 0 320 ) 
4 62 67 (-832 0 304 ) (-832 300 304 ) (-824 300 304 ) (-824 0 304 ) 
4 63 84 (-832 694 304 ) (-832 694 232 ) (-832 672 232 ) (-832 672 304 ) 
4 64 96 (-832 508 232 ) (-832 488 232 ) (-832 488 304 ) (-832 508 304 ) 
4 64 85 (-832 520 232 ) (-832 508 232 ) (-832 508 304 ) (-832 520 304 ) 
4 65 96 (-832 480 232 ) (-832 432 232 ) (-832 432 304 ) (-832 480 304 ) 
4 66 96 (-832 424 232 ) (-832 392 232 ) (-832 392 304 ) (-832 424 304 ) 
4 67 69 (-832 0 300 ) (-832 300 300 ) (-824 300 300 ) (-824 0 300 ) 
4 68 96 (-832 380 232 ) (-832 332 232 ) (-832 332 300 ) (-832 380 300 ) 
4 68 70 (-832 332 232 ) (-832 380 232 ) (-824 380 232 ) (-824 332 232 ) 
4 69 71 (-832 0 232 ) (-832 300 232 ) (-824 300 232 ) (-824 0 232 ) 
4 70 96 (-832 380 192 ) (-832 332 192 ) (-832 332 232 ) (-832 380 232 ) 
4 71 72 (-832 0 192 ) (-832 300 192 ) (-824 300 192 ) (-824 0 192 ) 
4 72 73 (-832 0 128 ) (-832 300 128 ) (-824 300 128 ) (-824 0 128 ) 
4 73 78 (-832 0 112 ) (-832 300 112 ) (-824 300 112 ) (-824 0 112 ) 
4 74 97 (-832 694 112 ) (-832 694 40 ) (-832 672 40 ) (-832 672 112 ) 
4 75 108 (-832 512 40 ) (-832 480 40 ) (-832 480 112 ) (-832 512 112 ) 
4 76 108 (-832 472 40 ) (-832 432 40 ) (-832 432 112 ) (-832 472 112 ) 
4 77 108 (-832 424 40 ) (-832 392 40 ) (-832 392 112 ) (-832 424 112 ) 
4 78 80 (-832 0 108 ) (-832 300 108 ) (-824 300 108 ) (-824 0 108 ) 
4 79 108 (-832 380 40 ) (-832 332 40 ) (-832 332 108 ) (-832 380 108 ) 
4 79 81 (-832 332 40 ) (-832 380 40 ) (-824 380 40 ) (-824 332 40 ) 
4 80 82 (-832 0 40 ) (-832 300 40 ) (-824 300 40 ) (-824 0 40 ) 
4 81 108 (-832 380 0 ) (-832 332 0 ) (-832 332 40 ) (-832 380 40 ) 
4 81 83 (-832 332 0 ) (-832 380 0 ) (-824 380 0 ) (-824 332 0 ) 
4 82 83 (-832 0 0 ) (-832 300 0 ) (-824 300 0 ) (-824 0 0 ) 
4 83 113 (-832 308 -64 ) (-832 300 -64 ) (-832 300 0 ) (-832 308 0 ) 
4 83 108 (-832 514 -64 ) (-832 308 -64 ) (-832 308 0 ) (-832 514 0 ) 
4 83 104 (-832 648 -64 ) (-832 514 -64 ) (-832 514 0 ) (-832 648 0 ) 
4 83 98 (-832 656 -64 ) (-832 648 -64 ) (-832 648 0 ) (-832 656 0 ) 
4 83 97 (-832 694 0 ) (-832 694 -64 ) (-832 656 -64 ) (-832 656 0 ) 
4 84 129 (-1024 694 320 ) (-1024 694 192 ) (-1024 656 192 ) (-1024 656 320 ) 
4 85 136 (-1024 508 192.191010 ) (-1024 508 320 ) (-1024 544 320 ) (-1024 544 192.191010 ) 
4 85 130 (-1024 544 320 ) (-1024 648 320 ) (-1024 648 192.191010 ) (-1024 544 192.191010 ) 
4 85 96 (-832 508 192.191010 ) (-832 508 320 ) (-1024 508 320 ) (-1024 508 192.191010 ) 
3 85 95 (-944.143311 508 192.191010 ) (-1024 508 192.191010 ) (-1024 585.103333 192.191010 ) 
3 85 94 (-973.143005 536 192.191010 ) (-1024 585.103333 192.191010 ) (-1024 634.199524 192.191010 ) 
3 85 93 (-832 508 192.191010 ) (-882 508 192.191010 ) (-832 580.413879 192.191010 ) 
4 85 92 (-882 508 192.191010 ) (-898 508 192.191010 ) (-898 509.950439 192.191010 ) (-873.714722 520 192.191010 ) 
5 85 89 (-902.713501 508 192.191010 ) (-944.143311 508 192.191010 ) (-950.357544 514 192.191010 ) (-898 514 192.191010 ) (-898 509.950439 192.191010 ) 
3 85 88 (-898 514 192.191010 ) (-888.213745 514 192.191010 ) (-898 509.950439 192.191010 ) 
8 85 86 (-950.357544 514 192.191010 ) (-973.143005 536 192.191010 ) (-1024 634.199524 192.191010 ) (-1024 648 192.191010 ) (-832 648 192.191010 ) (-832 580.413879 192.191010 ) (-873.714722 520 192.191010 ) (-888.213745 514 192.191010 ) 
12 86 87 (-873.718750 519.998047 192 ) (-888.210938 514 192 ) (-946.214050 514 192 ) (-952.429260 516 192 ) (-973.142944 536 192 ) (-989.711731 567.992371 192 ) (-998 596 192 ) (-998 616 192 ) (-993.864319 635.967590 192 ) (-989.703918 644.001221 192 ) (-956.570801 648 192 ) (-857.144958 544.001343 192 ) 
4 87 102 (-890 514 128 ) (-894 514 128 ) (-894 582.551453 128 ) (-890 578.367493 128 ) 
5 87 99 (-857.143311 544 128 ) (-873.714722 520 128 ) (-888.213745 514 128 ) (-890 514 128 ) (-890 578.367493 128 ) 
11 87 103 (-894 514 128 ) (-946.213989 514 128 ) (-952.429260 516 128 ) (-973.143005 536 128 ) (-989.711731 567.992310 128 ) (-998 596 128 ) (-998 616 128 ) (-993.864319 635.967590 128 ) (-989.703918 644.001221 128 ) (-956.570801 648 128 ) (-894 582.551453 128 ) 
4 87 91 (-946.214050 514 128 ) (-928 514 128 ) (-928 514 192.191010 ) (-946.214050 514 192.191010 ) 
4 87 90 (-928 514 128 ) (-898 514 128 ) (-898 514 192.191010 ) (-928 514 192.191010 ) 
4 87 88 (-898 514 128 ) (-888.212891 514 128 ) (-888.212891 514 192.191010 ) (-898 514 192.191010 ) 
3 88 108 (-888.213745 514 128 ) (-898 509.950439 128 ) (-898 514 128 ) 
4 88 90 (-898 514 192.191010 ) (-898 514 128 ) (-898 509.947876 128 ) (-898 509.947876 192.191010 ) 
3 89 91 (-946.214050 514 192 ) (-928 514 192 ) (-928 508.138092 192 ) 
5 89 90 (-928 514 192 ) (-898 514 192 ) (-898 509.950470 192 ) (-902.713562 508 192 ) (-928 508 192 ) 
5 90 109 (-898 509.950439 128 ) (-902.713501 508 128 ) (-928 508 128 ) (-928 514 128 ) (-898 514 128 ) 
4 90 91 (-928 508 128 ) (-928 508 192 ) (-928 514 192 ) (-928 514 128 ) 
3 91 112 (-946.214050 514 128 ) (-928 514 128 ) (-928 508.138092 128 ) 
4 96 136 (-1024 308 320 ) (-1024 508 320 ) (-1024 508 192 ) (-1024 308 192 ) 
4 97 149 (-1024 694 0 ) (-1024 694 -64 ) (-1024 656 -64 ) (-1024 656 0 ) 
4 97 139 (-1024 656 128 ) (-1024 694 128 ) (-1024 694 0 ) (-1024 656 0 ) 
4 97 98 (-1024 656 -64 ) (-832 656 -64 ) (-832 656 0 ) (-1024 656 0 ) 
4 98 149 (-1024 656 0 ) (-1024 656 -64 ) (-1024 648 -64 ) (-1024 648 0 ) 
4 98 105 (-896 648 -64 ) (-864 648 -64 ) (-864 648 0 ) (-896 648 0 ) 
4 98 104 (-864 648 -64 ) (-832 648 -64 ) (-832 648 0 ) (-864 648 0 ) 
4 98 107 (-1024 648 -64 ) (-896 648 -64 ) (-896 648 0 ) (-1024 648 0 ) 
4 99 108 (-832 514 52 ) (-832 514 128 ) (-890 514 128 ) (-890 514 52 ) 
4 99 105 (-890 604 52 ) (-890 648 52 ) (-864 648 52 ) (-864 604 52 ) 
4 99 106 (-864 514 52 ) (-890 514 52 ) (-890 572 52 ) (-864 572 52 ) 
4 99 104 (-832 514 52 ) (-864 514 52 ) (-864 648 52 ) (-832 648 52 ) 
4 99 101 (-890 586.575073 56 ) (-890 586.575073 128 ) (-890 590.575073 128 ) (-890 590.575073 56 ) 
4 99 100 (-890 648 128 ) (-890 648 52 ) (-890 590.575073 52 ) (-890 590.575073 128 ) 
4 99 102 (-890 586.575073 52 ) (-890 514 52 ) (-890 514 128 ) (-890 586.575073 128 ) 
4 100 105 (-894 604 52 ) (-894 648 52 ) (-890 648 52 ) (-890 604 52 ) 
4 100 101 (-894 590.575073 128 ) (-894 590.575073 56 ) (-890 590.575073 56 ) (-890 590.575073 128 ) 
4 100 103 (-894 648 128 ) (-894 648 52 ) (-894 590.575073 52 ) (-894 590.575073 128 ) 
4 101 103 (-894 586.575073 56 ) (-894 586.575073 128 ) (-894 590.575073 128 ) (-894 590.575073 56 ) 
4 101 102 (-894 586.575073 128 ) (-894 586.575073 56 ) (-890 586.575073 56 ) (-890 586.575073 128 ) 
4 102 108 (-890 514 128 ) (-894 514 128 ) (-894 514 52 ) (-890 514 52 ) 
4 102 106 (-890 514 52 ) (-894 514 52 ) (-894 572 52 ) (-890 572 52 ) 
4 102 103 (-894 586.575073 52 ) (-894 514 52 ) (-894 514 128 ) (-894 586.575073 128 ) 
4 103 146 (-1024 514 128 ) (-1024 544 128 ) (-1024 544 52 ) (-1024 514 52 ) 
4 103 140 (-1024 544 128 ) (-1024 648 128 ) (-1024 648 52 ) (-1024 544 52 ) 
4 103 110 (-928 514 63.690804 ) (-928 514 52 ) (-898 514 52 ) (-898 514 63.690804 ) 
4 103 109 (-898 514 128 ) (-928 514 128 ) (-928 514 63.690804 ) (-898 514 63.690804 ) 
4 103 108 (-894 514 128 ) (-898 514 128 ) (-898 514 52 ) (-894 514 52 ) 
4 103 112 (-928 514 128 ) (-1024 514 128 ) (-1024 514 52 ) (-928 514 52 ) 
4 103 105 (-896 604 52 ) (-896 648 52 ) (-894 648 52 ) (-894 604 52 ) 
4 103 106 (-894 514 52 ) (-896 514 52 ) (-896 572 52 ) (-894 572 52 ) 
4 103 107 (-896 514 52 ) (-1024 514 52 ) (-1024 648 52 ) (-896 648 52 ) 
4 104 108 (-864 514 -64 ) (-832 514 -64 ) (-832 514 52 ) (-864 514 52 ) 
4 104 105 (-864 604 52 ) (-864 648 52 ) (-864 648 -64 ) (-864 604 -64 ) 
4 104 106 (-864 514 -64 ) (-864 514 52 ) (-864 572 52 ) (-864 572 -64 ) 
4 105 107 (-896 604 52 ) (-896 648 52 ) (-896 648 -64 ) (-896 604 -64 ) 
4 106 108 (-896 514 -64 ) (-864 514 -64 ) (-864 514 52 ) (-896 514 52 ) 
4 106 107 (-896 514 -64 ) (-896 514 52 ) (-896 572 52 ) (-896 572 -64 ) 
4 107 149 (-1024 648 0 ) (-1024 648 -64 ) (-1024 514 -64 ) (-1024 514 0 ) 
4 107 146 (-1024 544 0 ) (-1024 514 0 ) (-1024 514 52 ) (-1024 544 52 ) 
4 107 140 (-1024 648 52 ) (-1024 648 0 ) (-1024 544 0 ) (-1024 544 52 ) 
4 107 110 (-928 514 -64 ) (-898 514 -64 ) (-898 514 52 ) (-928 514 52 ) 
4 107 108 (-898 514 -64 ) (-896 514 -64 ) (-896 514 52 ) (-898 514 52 ) 
4 107 112 (-1024 514 -64 ) (-928 514 -64 ) (-928 514 52 ) (-1024 514 52 ) 
4 108 113 (-898 308 -64 ) (-832 308 -64 ) (-832 308 0 ) (-898 308 0 ) 
4 108 110 (-898 514 63.690804 ) (-898 514 -64 ) (-898 508 -64 ) (-898 508 63.690804 ) 
4 108 109 (-898 514 128 ) (-898 514 63.690804 ) (-898 508 63.690804 ) (-898 508 128 ) 
4 108 111 (-898 508 -64 ) (-898 308 -64 ) (-898 308 128 ) (-898 508 128 ) 
4 109 111 (-928 508 128 ) (-928 508 63.690804 ) (-898 508 63.690804 ) (-898 508 128 ) 
4 109 112 (-928 514 128 ) (-928 514 63.690804 ) (-928 508 63.690804 ) (-928 508 128 ) 
4 109 110 (-898 508 63.690804 ) (-928 508 63.690804 ) (-928 514 63.690804 ) (-898 514 63.690804 ) 
4 110 111 (-928 508 63.690804 ) (-928 508 -64 ) (-898 508 -64 ) (-898 508 63.690804 ) 
4 110 112 (-928 514 63.690804 ) (-928 514 -64 ) (-928 508 -64 ) (-928 508 63.690804 ) 
4 111 113 (-928 308 -64 ) (-898 308 -64 ) (-898 308 0 ) (-928 308 0 ) 
4 111 112 (-928 508 -64 ) (-928 308 -64 ) (-928 308 128 ) (-928 508 128 ) 
4 112 149 (-1024 514 0 ) (-1024 514 -64 ) (-1024 308 -64 ) (-1024 308 0 ) 
4 112 146 (-1024 308 128 ) (-1024 514 128 ) (-1024 514 0 ) (-1024 308 0 ) 
4 112 113 (-1024 308 -64 ) (-928 308 -64 ) (-928 308 0 ) (-1024 308 0 ) 
4 113 149 (-1024 300 -64 ) (-1024 300 0 ) (-1024 308 0 ) (-1024 308 -64 ) 
4 114 115 (-1184 880 320 ) (-1184 1024 320 ) (-1024 1024 320 ) (-1024 880 320 ) 
4 115 117 (-1184 776 192 ) (-1184 1024 192 ) (-1024 1024 192 ) (-1024 776 192 ) 
4 116 133 (-1064 694 192 ) (-1056 694 192 ) (-1056 694 300 ) (-1064 694 300 ) 
4 116 135 (-1176 694 300 ) (-1176 694 192 ) (-1064 694 192 ) (-1064 694 300 ) 
4 116 131 (-1056 694 320 ) (-1064 694 320 ) (-1064 694 300 ) (-1056 694 300 ) 
4 116 132 (-1064 694 320 ) (-1176 694 320 ) (-1176 694 300 ) (-1064 694 300 ) 
4 116 129 (-1024 694 192 ) (-1024 694 320 ) (-1056 694 320 ) (-1056 694 192 ) 
4 117 118 (-1056 1024 128 ) (-1024 1024 128 ) (-1024 880 128 ) (-1056 880 128 ) 
4 117 119 (-1024 872 128 ) (-1024 776 128 ) (-1056 776 128 ) (-1056 872 128 ) 
4 117 120 (-1184 776 128 ) (-1184 1024 128 ) (-1056 1024 128 ) (-1056 776 128 ) 
4 118 123 (-1056 1024 0 ) (-1024 1024 0 ) (-1024 880 0 ) (-1056 880 0 ) 
4 118 120 (-1056 1024 0 ) (-1056 880 0 ) (-1056 880 128 ) (-1056 1024 128 ) 
4 119 121 (-1036 776 0 ) (-1024 776 0 ) (-1024 776 112 ) (-1036 776 112 ) 
4 119 120 (-1056 872 0 ) (-1056 776 0 ) (-1056 776 128 ) (-1056 872 128 ) 
4 120 123 (-1184 880 0 ) (-1184 1024 0 ) (-1056 1024 0 ) (-1056 880 0 ) 
4 121 122 (-1036 768 0 ) (-1024 768 0 ) (-1024 768 112 ) (-1036 768 112 ) 
4 122 143 (-1064 694 0 ) (-1056 694 0 ) (-1056 694 108 ) (-1064 694 108 ) 
4 122 145 (-1176 694 108 ) (-1176 694 0 ) (-1064 694 0 ) (-1064 694 108 ) 
4 122 141 (-1056 694 128 ) (-1064 694 128 ) (-1064 694 108 ) (-1056 694 108 ) 
4 122 142 (-1064 694 128 ) (-1176 694 128 ) (-1176 694 108 ) (-1064 694 108 ) 
4 122 139 (-1024 694 0 ) (-1024 694 128 ) (-1056 694 128 ) (-1056 694 0 ) 
4 122 124 (-1024 694 0 ) (-1056 694 0 ) (-1056 768 0 ) (-1024 768 0 ) 
4 123 125 (-1184 880 -6.437500 ) (-1184 1024 -6.437500 ) (-1024 1024 -6.437500 ) (-1024 880 -6.437500 ) 
4 124 149 (-1024 694 -6.437500 ) (-1024 694 0 ) (-1056 694 0 ) (-1056 694 -6.437500 ) 
4 124 127 (-1024 694 -6.437500 ) (-1056 694 -6.437500 ) (-1056 768 -6.437500 ) (-1024 768 -6.437500 ) 
4 125 126 (-1024 880 -48 ) (-1184 880 -48 ) (-1184 1024 -48 ) (-1024 1024 -48 ) 
4 127 149 (-1024 694 -48 ) (-1024 694 -6.437500 ) (-1056 694 -6.437500 ) (-1056 694 -48 ) 
4 127 128 (-1024 694 -48 ) (-1056 694 -48 ) (-1056 768 -48 ) (-1024 768 -48 ) 
4 128 149 (-1024 694 -64 ) (-1024 694 -48 ) (-1056 694 -48 ) (-1056 694 -64 ) 
4 129 133 (-1056 694 192 ) (-1056 656 192 ) (-1056 656 300 ) (-1056 694 300 ) 
4 129 131 (-1056 656 300 ) (-1056 656 320 ) (-1056 694 320 ) (-1056 694 300 ) 
4 130 136 (-1056 544 192 ) (-1024 544 192 ) (-1024 544 320 ) (-1056 544 320 ) 
4 130 134 (-1056 624 192 ) (-1056 544 192 ) (-1056 544 300 ) (-1056 624 300 ) 
4 131 133 (-1056 694 300 ) (-1056 656 300 ) (-1064 656 300 ) (-1064 694 300 ) 
4 131 132 (-1064 694 300 ) (-1064 656 300 ) (-1064 656 320 ) (-1064 694 320 ) 
4 132 137 (-1176 544 320 ) (-1176 544 300 ) (-1064 544 300 ) (-1064 544 320 ) 
4 132 135 (-1064 544 300 ) (-1176 544 300 ) (-1176 694 300 ) (-1064 694 300 ) 
4 133 135 (-1064 694 192 ) (-1064 656 192 ) (-1064 656 300 ) (-1064 694 300 ) 
4 134 135 (-1064 624 192 ) (-1064 544 192 ) (-1064 544 300 ) (-1064 624 300 ) 
4 135 137 (-1176 544 300 ) (-1176 544 192 ) (-1064 544 192 ) (-1064 544 300 ) 
4 137 138 (-1176 512 192 ) (-1176 464 192 ) (-1176 464 300 ) (-1176 512 300 ) 
4 139 149 (-1056 694 0 ) (-1024 694 0 ) (-1024 656 0 ) (-1056 656 0 ) 
4 139 143 (-1056 694 0 ) (-1056 656 0 ) (-1056 656 108 ) (-1056 694 108 ) 
4 139 141 (-1056 656 108 ) (-1056 656 128 ) (-1056 694 128 ) (-1056 694 108 ) 
4 140 149 (-1024 648 0 ) (-1024 544 0 ) (-1056 544 0 ) (-1056 648 0 ) 
4 140 146 (-1056 544 0 ) (-1024 544 0 ) (-1024 544 128 ) (-1056 544 128 ) 
4 140 144 (-1056 624 0 ) (-1056 544 0 ) (-1056 544 108 ) (-1056 624 108 ) 
4 141 143 (-1056 694 108 ) (-1056 656 108 ) (-1064 656 108 ) (-1064 694 108 ) 
4 141 142 (-1064 694 108 ) (-1064 656 108 ) (-1064 656 128 ) (-1064 694 128 ) 
4 142 147 (-1176 544 128 ) (-1176 544 108 ) (-1064 544 108 ) (-1064 544 128 ) 
4 142 145 (-1064 544 108 ) (-1176 544 108 ) (-1176 694 108 ) (-1064 694 108 ) 
4 143 145 (-1064 694 0 ) (-1064 656 0 ) (-1064 656 108 ) (-1064 694 108 ) 
4 144 145 (-1064 624 0 ) (-1064 544 0 ) (-1064 544 108 ) (-1064 624 108 ) 
4 145 147 (-1176 544 108 ) (-1176 544 0 ) (-1064 544 0 ) (-1064 544 108 ) 
4 146 149 (-1056 544 0 ) (-1024 544 0 ) (-1024 308 0 ) (-1056 308 0 ) 
4 147 148 (-1176 512 0 ) (-1176 464 0 ) (-1176 464 108 ) (-1176 512 108 ) 
