PRT1
196
475
4 1 32 (2048 1024 -272 ) (2048 1024 1024 ) (1024 1024 1024 ) (1024 1024 -272 ) 
4 1 4 (1024 2048 1024 ) (1024 2048 -272 ) (1024 1024 -272 ) (1024 1024 1024 ) 
4 1 3 (1024 2048 -272 ) (1984 2048 -272 ) (1984 1024 -272 ) (1024 1024 -272 ) 
4 1 2 (1984 2048 -272 ) (2048 2048 -272 ) (2048 1024 -272 ) (1984 1024 -272 ) 
4 2 33 (2048 1024 -512 ) (2048 1024 -272 ) (1984 1024 -272 ) (1984 1024 -512 ) 
4 2 3 (1984 2048 -512 ) (1984 1024 -512 ) (1984 1024 -272 ) (1984 2048 -272 ) 
4 3 34 (1984 1024 -272 ) (1024 1024 -272 ) (1024 1024 -512 ) (1984 1024 -512 ) 
4 3 5 (1024 2048 -272 ) (1024 2048 -512 ) (1024 1024 -512 ) (1024 1024 -272 ) 
4 4 35 (1024 1024 -272 ) (1024 1024 1024 ) (0 1024 1024 ) (0 1024 -272 ) 
4 4 6 (0 1024 -272 ) (0 1024 1024 ) (0 2048 1024 ) (0 2048 -272 ) 
4 4 5 (1024 2048 -272 ) (1024 1024 -272 ) (0 1024 -272 ) (0 2048 -272 ) 
4 5 36 (1024 1024 -512 ) (1024 1024 -272 ) (0 1024 -272 ) (0 1024 -512 ) 
4 5 7 (0 1024 -512 ) (0 1024 -272 ) (0 2048 -272 ) (0 2048 -512 ) 
4 6 164 (0 1024 -272 ) (0 1024 1024 ) (-1024 1024 1024 ) (-1024 1024 -272 ) 
4 6 9 (-1024 2048 1024 ) (-1024 2048 -272 ) (-1024 1024 -272 ) (-1024 1024 1024 ) 
4 6 8 (-512 1024 -272 ) (-1024 1024 -272 ) (-1024 2048 -272 ) (-512 2048 -272 ) 
4 6 7 (0 1024 -272 ) (-512 1024 -272 ) (-512 2048 -272 ) (0 2048 -272 ) 
4 7 165 (0 1024 -512 ) (0 1024 -272 ) (-512 1024 -272 ) (-512 1024 -512 ) 
4 7 8 (-512 2048 -512 ) (-512 1024 -512 ) (-512 1024 -272 ) (-512 2048 -272 ) 
4 8 166 (-512 1024 -272 ) (-1024 1024 -272 ) (-1024 1024 -512 ) (-512 1024 -512 ) 
4 8 9 (-1024 2048 -272 ) (-1024 2048 -512 ) (-1024 1024 -512 ) (-1024 1024 -272 ) 
4 9 167 (-1024 1024 -512 ) (-1024 1024 1024 ) (-2048 1024 1024 ) (-2048 1024 -512 ) 
4 10 16 (7168 -2560 -512 ) (7168 -3072 -512 ) (7168 -3072 1024 ) (7168 -2560 1024 ) 
4 10 12 (7664 -3072 1024 ) (7168 -3072 1024 ) (7168 -3072 -512 ) (7664 -3072 -512 ) 
4 10 11 (8192 -3072 -512 ) (8192 -3072 1024 ) (7664 -3072 1024 ) (7664 -3072 -512 ) 
4 11 72 (8192 -4096 -512 ) (8192 -4096 1024 ) (7664 -4096 1024 ) (7664 -4096 -512 ) 
4 11 15 (7664 -3184 -512 ) (7664 -4096 -512 ) (7664 -4096 -384 ) (7664 -3184 -384 ) 
4 11 13 (7664 -4096 -288 ) (7664 -4096 1024 ) (7664 -3184 1024 ) (7664 -3184 -288 ) 
4 11 14 (7664 -4096 -384 ) (7664 -4096 -288 ) (7664 -3184 -288 ) (7664 -3184 -384 ) 
4 11 12 (7664 -3072 1024 ) (7664 -3072 -512 ) (7664 -3184 -512 ) (7664 -3184 1024 ) 
4 12 18 (7168 -3184 -512 ) (7168 -3184 1024 ) (7168 -3072 1024 ) (7168 -3072 -512 ) 
4 12 15 (7664 -3184 -512 ) (7664 -3184 -384 ) (7168 -3184 -384 ) (7168 -3184 -512 ) 
4 12 13 (7664 -3184 -288 ) (7664 -3184 1024 ) (7168 -3184 1024 ) (7168 -3184 -288 ) 
4 12 14 (7664 -3184 -384 ) (7664 -3184 -288 ) (7168 -3184 -288 ) (7168 -3184 -384 ) 
4 13 73 (7664 -4096 -288 ) (7664 -4096 1024 ) (7168 -4096 1024 ) (7168 -4096 -288 ) 
4 13 19 (7168 -4096 -288 ) (7168 -4096 1024 ) (7168 -3184 1024 ) (7168 -3184 -288 ) 
4 13 14 (7168 -3184 -288 ) (7664 -3184 -288 ) (7664 -4096 -288 ) (7168 -4096 -288 ) 
4 14 74 (7664 -4096 -384 ) (7664 -4096 -288 ) (7168 -4096 -288 ) (7168 -4096 -384 ) 
4 14 20 (7168 -4096 -384 ) (7168 -4096 -288 ) (7168 -3184 -288 ) (7168 -3184 -384 ) 
4 14 15 (7168 -4096 -384 ) (7168 -3184 -384 ) (7664 -3184 -384 ) (7664 -4096 -384 ) 
4 15 75 (7664 -4096 -512 ) (7664 -4096 -384 ) (7168 -4096 -384 ) (7168 -4096 -512 ) 
4 15 21 (7168 -4096 -512 ) (7168 -4096 -384 ) (7168 -3184 -384 ) (7168 -3184 -512 ) 
4 16 18 (7168 -3072 -512 ) (7168 -3072 1024 ) (6144 -3072 1024 ) (6144 -3072 -512 ) 
4 16 17 (6144 -2560 -512 ) (6144 -3072 -512 ) (6144 -3072 1024 ) (6144 -2560 1024 ) 
4 17 42 (5120 -3072 -512 ) (5120 -3072 1024 ) (5120 -2560 1024 ) (5120 -2560 -512 ) 
4 17 22 (6144 -3072 -512 ) (6144 -3072 1024 ) (5120 -3072 1024 ) (5120 -3072 -512 ) 
4 18 22 (6144 -3072 1024 ) (6144 -3072 -512 ) (6144 -3184 -512 ) (6144 -3184 1024 ) 
4 18 21 (7168 -3184 -512 ) (7168 -3184 -384 ) (6144 -3184 -384 ) (6144 -3184 -512 ) 
4 18 19 (7168 -3184 -288 ) (7168 -3184 1024 ) (6144 -3184 1024 ) (6144 -3184 -288 ) 
4 18 20 (7168 -3184 -384 ) (7168 -3184 -288 ) (6144 -3184 -288 ) (6144 -3184 -384 ) 
4 19 83 (7168 -4096 -288 ) (7168 -4096 1024 ) (6144 -4096 1024 ) (6144 -4096 -288 ) 
4 19 23 (6144 -4096 -288 ) (6144 -4096 1024 ) (6144 -3184 1024 ) (6144 -3184 -288 ) 
4 19 20 (6144 -3184 -288 ) (7168 -3184 -288 ) (7168 -4096 -288 ) (6144 -4096 -288 ) 
4 20 84 (7168 -4096 -384 ) (7168 -4096 -288 ) (6144 -4096 -288 ) (6144 -4096 -384 ) 
4 20 24 (6144 -4096 -384 ) (6144 -4096 -288 ) (6144 -3184 -288 ) (6144 -3184 -384 ) 
4 20 21 (7168 -4096 -384 ) (6144 -4096 -384 ) (6144 -3184 -384 ) (7168 -3184 -384 ) 
4 21 85 (7168 -4096 -512 ) (7168 -4096 -384 ) (6144 -4096 -384 ) (6144 -4096 -512 ) 
4 21 25 (6144 -4096 -512 ) (6144 -4096 -384 ) (6144 -3184 -384 ) (6144 -3184 -512 ) 
4 22 44 (5120 -3184 -512 ) (5120 -3184 1024 ) (5120 -3072 1024 ) (5120 -3072 -512 ) 
4 22 25 (6144 -3184 -512 ) (6144 -3184 -384 ) (5120 -3184 -384 ) (5120 -3184 -512 ) 
4 22 23 (6144 -3184 -288 ) (6144 -3184 1024 ) (5120 -3184 1024 ) (5120 -3184 -288 ) 
4 22 24 (6144 -3184 -384 ) (6144 -3184 -288 ) (5120 -3184 -288 ) (5120 -3184 -384 ) 
4 23 86 (6144 -4096 -288 ) (6144 -4096 1024 ) (5120 -4096 1024 ) (5120 -4096 -288 ) 
4 23 45 (5120 -4096 -288 ) (5120 -4096 1024 ) (5120 -3184 1024 ) (5120 -3184 -288 ) 
4 23 24 (5120 -3184 -288 ) (6144 -3184 -288 ) (6144 -4096 -288 ) (5120 -4096 -288 ) 
4 24 87 (6144 -4096 -384 ) (6144 -4096 -288 ) (5120 -4096 -288 ) (5120 -4096 -384 ) 
4 24 46 (5120 -4096 -384 ) (5120 -4096 -288 ) (5120 -3184 -288 ) (5120 -3184 -384 ) 
4 24 25 (6144 -4096 -384 ) (5120 -4096 -384 ) (5120 -3184 -384 ) (6144 -3184 -384 ) 
4 25 88 (6144 -4096 -512 ) (6144 -4096 -384 ) (5120 -4096 -384 ) (5120 -4096 -512 ) 
4 25 47 (5120 -4096 -512 ) (5120 -4096 -384 ) (5120 -3184 -384 ) (5120 -3184 -512 ) 
4 26 27 (4096 64 -256 ) (4544 64 -256 ) (4544 64 -128 ) (4096 64 -128 ) 
4 27 29 (4800 0 -128 ) (4096 0 -128 ) (4096 0 -256 ) (4800 0 -256 ) 
4 27 28 (4096 64 -256 ) (4096 0 -256 ) (4096 0 -128 ) (4096 64 -128 ) 
4 28 31 (4096 0 -256 ) (4096 0 -128 ) (3840 0 -128 ) (3840 0 -256 ) 
4 29 31 (4096 0 -128 ) (4096 0 -256 ) (4096 -64 -256 ) (4096 -64 -128 ) 
4 29 30 (4096 -64 -256 ) (4544 -64 -256 ) (4544 -64 -128 ) (4096 -64 -128 ) 
4 32 37 (2048 0 -272 ) (2048 0 1024 ) (1024 0 1024 ) (1024 0 -272 ) 
4 32 35 (1024 0 -272 ) (1024 0 1024 ) (1024 1024 1024 ) (1024 1024 -272 ) 
4 32 34 (1984 0 -272 ) (1024 0 -272 ) (1024 1024 -272 ) (1984 1024 -272 ) 
4 32 33 (2048 0 -272 ) (1984 0 -272 ) (1984 1024 -272 ) (2048 1024 -272 ) 
4 33 38 (2048 0 -512 ) (2048 0 -272 ) (1984 0 -272 ) (1984 0 -512 ) 
4 33 34 (1984 1024 -512 ) (1984 0 -512 ) (1984 0 -272 ) (1984 1024 -272 ) 
4 34 39 (1984 0 -272 ) (1024 0 -272 ) (1024 0 -512 ) (1984 0 -512 ) 
4 34 36 (1024 0 -512 ) (1024 0 -272 ) (1024 1024 -272 ) (1024 1024 -512 ) 
4 35 164 (0 1024 1024 ) (0 1024 -272 ) (0 0 -272 ) (0 0 1024 ) 
4 35 40 (0 0 1024 ) (0 0 -272 ) (1024 0 -272 ) (1024 0 1024 ) 
4 35 36 (1024 1024 -272 ) (1024 0 -272 ) (0 0 -272 ) (0 1024 -272 ) 
4 36 165 (0 1024 -272 ) (0 1024 -512 ) (0 0 -512 ) (0 0 -272 ) 
4 36 41 (0 0 -272 ) (0 0 -512 ) (1024 0 -512 ) (1024 0 -272 ) 
4 37 52 (2048 -1024 -272 ) (2048 -1024 1024 ) (1024 -1024 1024 ) (1024 -1024 -272 ) 
4 37 40 (1024 0 1024 ) (1024 0 -272 ) (1024 -1024 -272 ) (1024 -1024 1024 ) 
4 37 39 (1024 0 -272 ) (1984 0 -272 ) (1984 -1024 -272 ) (1024 -1024 -272 ) 
4 37 38 (1984 0 -272 ) (2048 0 -272 ) (2048 -1024 -272 ) (1984 -1024 -272 ) 
4 38 53 (2048 -1024 -512 ) (2048 -1024 -272 ) (1984 -1024 -272 ) (1984 -1024 -512 ) 
4 38 39 (1984 0 -512 ) (1984 -1024 -512 ) (1984 -1024 -272 ) (1984 0 -272 ) 
4 39 54 (1984 -1024 -272 ) (1024 -1024 -272 ) (1024 -1024 -512 ) (1984 -1024 -512 ) 
4 39 41 (1024 0 -272 ) (1024 0 -512 ) (1024 -1024 -512 ) (1024 -1024 -272 ) 
4 40 168 (0 -1024 -272 ) (0 -1024 1024 ) (0 0 1024 ) (0 0 -272 ) 
4 40 55 (1024 -1024 -272 ) (1024 -1024 1024 ) (0 -1024 1024 ) (0 -1024 -272 ) 
4 40 41 (0 -1024 -272 ) (0 0 -272 ) (1024 0 -272 ) (1024 -1024 -272 ) 
4 41 169 (0 -1024 -512 ) (0 -1024 -272 ) (0 0 -272 ) (0 0 -512 ) 
4 41 56 (1024 -1024 -512 ) (1024 -1024 -272 ) (0 -1024 -272 ) (0 -1024 -512 ) 
4 42 44 (5120 -3072 -512 ) (5120 -3072 1024 ) (4096 -3072 1024 ) (4096 -3072 -512 ) 
4 42 43 (4096 -3072 -512 ) (4096 -3072 1024 ) (4096 -2560 1024 ) (4096 -2560 -512 ) 
4 43 57 (3072 -3072 -512 ) (3072 -3072 1024 ) (3072 -2560 1024 ) (3072 -2560 -512 ) 
4 43 48 (3072 -3072 1024 ) (3072 -3072 -512 ) (4096 -3072 -512 ) (4096 -3072 1024 ) 
4 44 48 (4096 -3072 1024 ) (4096 -3072 -512 ) (4096 -3184 -512 ) (4096 -3184 1024 ) 
4 44 47 (5120 -3184 -512 ) (5120 -3184 -384 ) (4096 -3184 -384 ) (4096 -3184 -512 ) 
4 44 45 (5120 -3184 -288 ) (5120 -3184 1024 ) (4096 -3184 1024 ) (4096 -3184 -288 ) 
4 44 46 (5120 -3184 -384 ) (5120 -3184 -288 ) (4096 -3184 -288 ) (4096 -3184 -384 ) 
4 45 101 (5120 -4096 -288 ) (5120 -4096 1024 ) (4096 -4096 1024 ) (4096 -4096 -288 ) 
4 45 49 (4096 -4096 -288 ) (4096 -4096 1024 ) (4096 -3184 1024 ) (4096 -3184 -288 ) 
4 45 46 (5120 -4096 -288 ) (4096 -4096 -288 ) (4096 -3184 -288 ) (5120 -3184 -288 ) 
4 46 102 (5120 -4096 -384 ) (5120 -4096 -288 ) (4096 -4096 -288 ) (4096 -4096 -384 ) 
4 46 50 (4096 -4096 -384 ) (4096 -4096 -288 ) (4096 -3184 -288 ) (4096 -3184 -384 ) 
4 46 47 (4096 -4096 -384 ) (4096 -3184 -384 ) (5120 -3184 -384 ) (5120 -4096 -384 ) 
4 47 103 (5120 -4096 -512 ) (5120 -4096 -384 ) (4096 -4096 -384 ) (4096 -4096 -512 ) 
4 47 51 (4096 -4096 -512 ) (4096 -4096 -384 ) (4096 -3184 -384 ) (4096 -3184 -512 ) 
4 48 58 (3072 -3184 -512 ) (3072 -3184 1024 ) (3072 -3072 1024 ) (3072 -3072 -512 ) 
4 48 51 (3072 -3184 -384 ) (3072 -3184 -512 ) (4096 -3184 -512 ) (4096 -3184 -384 ) 
4 48 49 (3072 -3184 1024 ) (3072 -3184 -288 ) (4096 -3184 -288 ) (4096 -3184 1024 ) 
4 48 50 (3072 -3184 -288 ) (3072 -3184 -384 ) (4096 -3184 -384 ) (4096 -3184 -288 ) 
4 49 104 (4096 -4096 -288 ) (4096 -4096 1024 ) (3072 -4096 1024 ) (3072 -4096 -288 ) 
4 49 59 (3072 -4096 -288 ) (3072 -4096 1024 ) (3072 -3184 1024 ) (3072 -3184 -288 ) 
4 49 50 (3072 -4096 -288 ) (3072 -3184 -288 ) (4096 -3184 -288 ) (4096 -4096 -288 ) 
4 50 105 (4096 -4096 -384 ) (4096 -4096 -288 ) (3072 -4096 -288 ) (3072 -4096 -384 ) 
4 50 60 (3072 -4096 -384 ) (3072 -4096 -288 ) (3072 -3184 -288 ) (3072 -3184 -384 ) 
4 50 51 (4096 -4096 -384 ) (3072 -4096 -384 ) (3072 -3184 -384 ) (4096 -3184 -384 ) 
4 51 106 (4096 -4096 -512 ) (4096 -4096 -384 ) (3072 -4096 -384 ) (3072 -4096 -512 ) 
4 51 61 (3072 -4096 -512 ) (3072 -4096 -384 ) (3072 -3184 -384 ) (3072 -3184 -512 ) 
4 52 55 (1024 -2048 -272 ) (1024 -2048 1024 ) (1024 -1024 1024 ) (1024 -1024 -272 ) 
4 52 54 (1984 -2048 -272 ) (1024 -2048 -272 ) (1024 -1024 -272 ) (1984 -1024 -272 ) 
4 52 53 (2048 -2048 -272 ) (1984 -2048 -272 ) (1984 -1024 -272 ) (2048 -1024 -272 ) 
4 53 54 (1984 -1024 -512 ) (1984 -2048 -512 ) (1984 -2048 -272 ) (1984 -1024 -272 ) 
4 54 56 (1024 -2048 -512 ) (1024 -2048 -272 ) (1024 -1024 -272 ) (1024 -1024 -512 ) 
4 55 172 (0 -2048 -272 ) (0 -2048 1024 ) (0 -1024 1024 ) (0 -1024 -272 ) 
4 55 56 (0 -2048 -272 ) (0 -1024 -272 ) (1024 -1024 -272 ) (1024 -2048 -272 ) 
4 56 173 (0 -2048 -512 ) (0 -2048 -272 ) (0 -1024 -272 ) (0 -1024 -512 ) 
4 57 58 (3072 -3072 -512 ) (3072 -3072 1024 ) (2560 -3072 1024 ) (2560 -3072 -512 ) 
4 58 61 (2560 -3184 -512 ) (3072 -3184 -512 ) (3072 -3184 -384 ) (2560 -3184 -384 ) 
4 58 60 (3072 -3184 -384 ) (3072 -3184 -288 ) (2560 -3184 -288 ) (2560 -3184 -384 ) 
4 58 59 (3072 -3184 -288 ) (3072 -3184 1024 ) (2560 -3184 1024 ) (2560 -3184 -288 ) 
4 59 138 (3072 -4096 -288 ) (3072 -4096 1024 ) (2560 -4096 1024 ) (2560 -4096 -288 ) 
4 59 60 (3072 -4096 -288 ) (2560 -4096 -288 ) (2560 -3184 -288 ) (3072 -3184 -288 ) 
4 60 139 (3072 -4096 -384 ) (3072 -4096 -288 ) (2560 -4096 -288 ) (2560 -4096 -384 ) 
4 60 61 (2560 -3184 -384 ) (3072 -3184 -384 ) (3072 -4096 -384 ) (2560 -4096 -384 ) 
4 61 140 (3072 -4096 -512 ) (3072 -4096 -384 ) (2560 -4096 -384 ) (2560 -4096 -512 ) 
4 62 67 (2048 -3072 -256 ) (2048 -3072 1024 ) (1024 -3072 1024 ) (1024 -3072 -256 ) 
4 62 65 (1024 -2560 -256 ) (1024 -3072 -256 ) (1024 -3072 1024 ) (1024 -2560 1024 ) 
4 62 64 (1984 -3072 -256 ) (1024 -3072 -256 ) (1024 -2560 -256 ) (1984 -2560 -256 ) 
4 62 63 (2048 -3072 -256 ) (1984 -3072 -256 ) (1984 -2560 -256 ) (2048 -2560 -256 ) 
4 63 68 (2048 -3072 -512 ) (2048 -3072 -256 ) (1984 -3072 -256 ) (1984 -3072 -512 ) 
4 63 64 (1984 -2560 -256 ) (1984 -2560 -512 ) (1984 -3072 -512 ) (1984 -3072 -256 ) 
4 64 69 (1984 -3072 -256 ) (1024 -3072 -256 ) (1024 -3072 -512 ) (1984 -3072 -512 ) 
4 64 66 (1024 -2560 -512 ) (1024 -3072 -512 ) (1024 -3072 -256 ) (1024 -2560 -256 ) 
4 65 176 (0 -3072 -256 ) (0 -3072 1024 ) (0 -2560 1024 ) (0 -2560 -256 ) 
4 65 70 (1024 -3072 -256 ) (1024 -3072 1024 ) (0 -3072 1024 ) (0 -3072 -256 ) 
4 65 66 (1024 -2560 -256 ) (1024 -3072 -256 ) (0 -3072 -256 ) (0 -2560 -256 ) 
4 66 177 (0 -3072 -512 ) (0 -3072 -256 ) (0 -2560 -256 ) (0 -2560 -512 ) 
4 66 71 (1024 -3072 -512 ) (1024 -3072 -256 ) (0 -3072 -256 ) (0 -3072 -512 ) 
4 67 146 (2048 -4096 -256 ) (2048 -4096 1024 ) (1024 -4096 1024 ) (1024 -4096 -256 ) 
4 67 70 (1024 -3072 1024 ) (1024 -3072 -256 ) (1024 -4096 -256 ) (1024 -4096 1024 ) 
4 67 69 (1024 -3072 -256 ) (1984 -3072 -256 ) (1984 -4096 -256 ) (1024 -4096 -256 ) 
4 67 68 (1984 -3072 -256 ) (2048 -3072 -256 ) (2048 -4096 -256 ) (1984 -4096 -256 ) 
4 68 147 (2048 -4096 -512 ) (2048 -4096 -256 ) (1984 -4096 -256 ) (1984 -4096 -512 ) 
4 68 69 (1984 -3072 -512 ) (1984 -4096 -512 ) (1984 -4096 -256 ) (1984 -3072 -256 ) 
4 69 148 (1984 -4096 -256 ) (1024 -4096 -256 ) (1024 -4096 -512 ) (1984 -4096 -512 ) 
4 69 71 (1024 -3072 -256 ) (1024 -3072 -512 ) (1024 -4096 -512 ) (1024 -4096 -256 ) 
4 70 180 (0 -4096 -256 ) (0 -4096 1024 ) (0 -3072 1024 ) (0 -3072 -256 ) 
4 70 149 (1024 -4096 -256 ) (1024 -4096 1024 ) (0 -4096 1024 ) (0 -4096 -256 ) 
4 70 71 (1024 -3072 -256 ) (1024 -4096 -256 ) (0 -4096 -256 ) (0 -3072 -256 ) 
4 71 181 (0 -4096 -512 ) (0 -4096 -256 ) (0 -3072 -256 ) (0 -3072 -512 ) 
4 71 150 (1024 -4096 -512 ) (1024 -4096 -256 ) (0 -4096 -256 ) (0 -4096 -512 ) 
4 72 80 (8192 -5120 -512 ) (8192 -5120 -384 ) (7664 -5120 -384 ) (7664 -5120 -512 ) 
4 72 76 (8192 -5120 -384 ) (8192 -5120 1024 ) (7664 -5120 1024 ) (7664 -5120 -384 ) 
4 72 75 (7664 -5120 -512 ) (7664 -5120 -384 ) (7664 -4096 -384 ) (7664 -4096 -512 ) 
4 72 73 (7664 -5120 -288 ) (7664 -5120 1024 ) (7664 -4096 1024 ) (7664 -4096 -288 ) 
4 72 74 (7664 -5120 -384 ) (7664 -5120 -288 ) (7664 -4096 -288 ) (7664 -4096 -384 ) 
4 73 83 (7168 -5120 -288 ) (7168 -5120 1024 ) (7168 -4096 1024 ) (7168 -4096 -288 ) 
4 73 78 (7664 -5120 -288 ) (7664 -5120 -256 ) (7168 -5120 -256 ) (7168 -5120 -288 ) 
4 73 77 (7664 -5120 -256 ) (7664 -5120 1024 ) (7168 -5120 1024 ) (7168 -5120 -256 ) 
4 73 74 (7168 -5120 -288 ) (7168 -4096 -288 ) (7664 -4096 -288 ) (7664 -5120 -288 ) 
4 74 84 (7168 -5120 -384 ) (7168 -5120 -288 ) (7168 -4096 -288 ) (7168 -4096 -384 ) 
4 74 79 (7664 -5120 -384 ) (7664 -5120 -288 ) (7168 -5120 -288 ) (7168 -5120 -384 ) 
4 74 75 (7168 -4096 -384 ) (7664 -4096 -384 ) (7664 -5120 -384 ) (7168 -5120 -384 ) 
4 75 85 (7168 -5120 -512 ) (7168 -5120 -384 ) (7168 -4096 -384 ) (7168 -4096 -512 ) 
4 75 81 (7664 -5120 -512 ) (7664 -5120 -384 ) (7168 -5120 -384 ) (7168 -5120 -512 ) 
4 76 97 (8192 -6144 -384 ) (8192 -6144 1024 ) (7664 -6144 1024 ) (7664 -6144 -384 ) 
4 76 82 (8192 -6144 -384 ) (7664 -6144 -384 ) (7664 -5740 -384 ) (8192 -5740 -384 ) 
4 76 80 (7664 -5740 -384 ) (7664 -5120 -384 ) (8192 -5120 -384 ) (8192 -5740 -384 ) 
4 76 79 (7664 -5120 -384 ) (7664 -5232 -384 ) (7664 -5232 -288 ) (7664 -5120 -288 ) 
4 76 78 (7664 -5232 -256 ) (7664 -5120 -256 ) (7664 -5120 -288 ) (7664 -5232 -288 ) 
4 76 77 (7664 -6144 -256 ) (7664 -6144 1024 ) (7664 -5120 1024 ) (7664 -5120 -256 ) 
4 77 98 (7168 -6144 1024 ) (7168 -6144 -256 ) (7664 -6144 -256 ) (7664 -6144 1024 ) 
4 77 89 (7168 -6144 -256 ) (7168 -6144 1024 ) (7168 -5120 1024 ) (7168 -5120 -256 ) 
4 77 78 (7664 -5120 -256 ) (7664 -5232 -256 ) (7168 -5232 -256 ) (7168 -5120 -256 ) 
4 78 90 (7168 -5232 -256 ) (7168 -5120 -256 ) (7168 -5120 -288 ) (7168 -5232 -288 ) 
4 78 79 (7168 -5232 -288 ) (7168 -5120 -288 ) (7664 -5120 -288 ) (7664 -5232 -288 ) 
4 79 91 (7168 -5232 -288 ) (7168 -5120 -288 ) (7168 -5120 -384 ) (7168 -5232 -384 ) 
4 79 81 (7168 -5232 -384 ) (7168 -5120 -384 ) (7664 -5120 -384 ) (7664 -5232 -384 ) 
4 80 82 (7664 -5740 -512 ) (8192 -5740 -512 ) (8192 -5740 -384 ) (7664 -5740 -384 ) 
4 80 81 (7664 -5120 -512 ) (7664 -5232 -512 ) (7664 -5232 -384 ) (7664 -5120 -384 ) 
4 81 92 (7168 -5232 -384 ) (7168 -5120 -384 ) (7168 -5120 -512 ) (7168 -5232 -512 ) 
4 82 97 (8192 -6144 -512 ) (8192 -6144 -384 ) (7664 -6144 -384 ) (7664 -6144 -512 ) 
4 83 90 (7168 -5120 -288 ) (7168 -5120 -256 ) (6144 -5120 -256 ) (6144 -5120 -288 ) 
4 83 89 (7168 -5120 -256 ) (7168 -5120 1024 ) (6144 -5120 1024 ) (6144 -5120 -256 ) 
4 83 86 (6144 -5120 -288 ) (6144 -5120 1024 ) (6144 -4096 1024 ) (6144 -4096 -288 ) 
4 83 84 (6144 -5120 -288 ) (6144 -4096 -288 ) (7168 -4096 -288 ) (7168 -5120 -288 ) 
4 84 91 (7168 -5120 -384 ) (7168 -5120 -288 ) (6144 -5120 -288 ) (6144 -5120 -384 ) 
4 84 87 (6144 -5120 -384 ) (6144 -5120 -288 ) (6144 -4096 -288 ) (6144 -4096 -384 ) 
4 84 85 (7168 -5120 -384 ) (6144 -5120 -384 ) (6144 -4096 -384 ) (7168 -4096 -384 ) 
4 85 92 (7168 -5120 -512 ) (7168 -5120 -384 ) (6144 -5120 -384 ) (6144 -5120 -512 ) 
4 85 88 (6144 -5120 -512 ) (6144 -5120 -384 ) (6144 -4096 -384 ) (6144 -4096 -512 ) 
4 86 101 (5120 -4096 1024 ) (5120 -4096 -288 ) (5120 -5120 -288 ) (5120 -5120 1024 ) 
4 86 94 (5120 -5120 -256 ) (5120 -5120 -288 ) (6144 -5120 -288 ) (6144 -5120 -256 ) 
4 86 93 (5120 -5120 1024 ) (5120 -5120 -256 ) (6144 -5120 -256 ) (6144 -5120 1024 ) 
4 86 87 (6144 -5120 -288 ) (5120 -5120 -288 ) (5120 -4096 -288 ) (6144 -4096 -288 ) 
4 87 102 (5120 -4096 -288 ) (5120 -4096 -384 ) (5120 -5120 -384 ) (5120 -5120 -288 ) 
4 87 95 (5120 -5120 -288 ) (5120 -5120 -384 ) (6144 -5120 -384 ) (6144 -5120 -288 ) 
4 87 88 (6144 -4096 -384 ) (6144 -5120 -384 ) (5120 -5120 -384 ) (5120 -4096 -384 ) 
4 88 103 (5120 -4096 -384 ) (5120 -4096 -512 ) (5120 -5120 -512 ) (5120 -5120 -384 ) 
4 88 96 (5120 -5120 -384 ) (5120 -5120 -512 ) (6144 -5120 -512 ) (6144 -5120 -384 ) 
4 89 99 (7168 -6144 -256 ) (7168 -6144 1024 ) (6144 -6144 1024 ) (6144 -6144 -256 ) 
4 89 93 (6144 -5120 1024 ) (6144 -5120 -256 ) (6144 -6144 -256 ) (6144 -6144 1024 ) 
4 89 90 (6144 -5120 -256 ) (7168 -5120 -256 ) (7168 -5232 -256 ) (6144 -5232 -256 ) 
4 90 94 (6144 -5120 -256 ) (6144 -5120 -288 ) (6144 -5232 -288 ) (6144 -5232 -256 ) 
4 90 91 (6144 -5232 -288 ) (6144 -5120 -288 ) (7168 -5120 -288 ) (7168 -5232 -288 ) 
4 91 95 (6144 -5120 -288 ) (6144 -5120 -384 ) (6144 -5232 -384 ) (6144 -5232 -288 ) 
4 91 92 (6144 -5120 -384 ) (7168 -5120 -384 ) (7168 -5232 -384 ) (6144 -5232 -384 ) 
4 92 96 (6144 -5120 -384 ) (6144 -5120 -512 ) (6144 -5232 -512 ) (6144 -5232 -384 ) 
4 93 124 (5120 -5212.390137 -224 ) (5120 -5196.390137 -224 ) (5120 -5196.390137 -256 ) (5120 -5212.390137 -256 ) 
4 93 123 (5120 -5196.390137 -224 ) (5120 -5120 -224 ) (5120 -5120 -256 ) (5120 -5196.390137 -256 ) 
4 93 127 (5120 -6144 -256 ) (5120 -6144 -224 ) (5120 -5212.390137 -224 ) (5120 -5212.390137 -256 ) 
4 93 119 (5120 -6144 -224 ) (5120 -6144 -216 ) (5120 -5120 -216 ) (5120 -5120 -224 ) 
4 93 115 (5120 -5236 1024 ) (5120 -5164.390137 1024 ) (5120 -5164.390137 947.925171 ) (5120 -5236 947.925171 ) 
4 93 117 (5120 -5236.390137 1024 ) (5120 -5236 1024 ) (5120 -5236 947.925171 ) (5120 -5236.390137 947.925171 ) 
4 93 112 (5120 -5228.390137 -216 ) (5120 -5236.390137 -216 ) (5120 -5236.390137 -98.356003 ) (5120 -5228.390137 -98.356003 ) 
4 93 110 (5120 -5236.390137 -98.356003 ) (5120 -5236.390137 947.925171 ) (5120 -5228.390137 947.925171 ) (5120 -5228.390137 -98.356003 ) 
4 93 108 (5120 -5164.390137 947.925171 ) (5120 -5164.390137 -216 ) (5120 -5228.390137 -216 ) (5120 -5228.390137 947.925171 ) 
4 93 107 (5120 -5164.390137 1024 ) (5120 -5120 1024 ) (5120 -5120 -216 ) (5120 -5164.390137 -216 ) 
4 93 118 (5120 -6144 -216 ) (5120 -6144 1024 ) (5120 -5236.390137 1024 ) (5120 -5236.390137 -216 ) 
4 93 100 (6144 -6144 -256 ) (6144 -6144 1024 ) (5120 -6144 1024 ) (5120 -6144 -256 ) 
4 93 94 (5120 -5232 -256 ) (5120 -5120 -256 ) (6144 -5120 -256 ) (6144 -5232 -256 ) 
4 94 128 (5120 -5232 -256 ) (5120 -5120 -256 ) (5120 -5120 -288 ) (5120 -5232 -288 ) 
4 94 95 (5120 -5232 -288 ) (5120 -5120 -288 ) (6144 -5120 -288 ) (6144 -5232 -288 ) 
4 95 130 (5120 -5232 -288 ) (5120 -5120 -288 ) (5120 -5120 -384 ) (5120 -5232 -384 ) 
4 95 96 (5120 -5232 -384 ) (5120 -5120 -384 ) (6144 -5120 -384 ) (6144 -5232 -384 ) 
4 96 132 (5120 -5232 -384 ) (5120 -5120 -384 ) (5120 -5120 -512 ) (5120 -5232 -512 ) 
4 97 98 (7664 -6656 -256 ) (7664 -6656 1024 ) (7664 -6144 1024 ) (7664 -6144 -256 ) 
4 98 99 (7168 -6144 1024 ) (7168 -6144 -256 ) (7168 -6656 -256 ) (7168 -6656 1024 ) 
4 99 100 (6144 -6656 1024 ) (6144 -6144 1024 ) (6144 -6144 -256 ) (6144 -6656 -256 ) 
4 100 156 (5120 -6656 1024 ) (5120 -6144 1024 ) (5120 -6144 -256 ) (5120 -6656 -256 ) 
4 101 128 (5120 -5120 -288 ) (5120 -5120 -256 ) (4096 -5120 -256 ) (4096 -5120 -288 ) 
4 101 123 (5120 -5120 -256 ) (5120 -5120 -224 ) (4096 -5120 -224 ) (4096 -5120 -256 ) 
4 101 120 (4856.049805 -5120 -216 ) (4344.049805 -5120 -216 ) (4344.049805 -5120 -224 ) (4856.049805 -5120 -224 ) 
4 101 119 (5120 -5120 -224 ) (5120 -5120 -216 ) (4856.049805 -5120 -216 ) (4856.049805 -5120 -224 ) 
4 101 122 (4344.049805 -5120 -216 ) (4096 -5120 -216 ) (4096 -5120 -224 ) (4344.049805 -5120 -224 ) 
4 101 107 (5120 -5120 -216 ) (5120 -5120 1024 ) (4096 -5120 1024 ) (4096 -5120 -216 ) 
4 101 104 (4096 -4096 1024 ) (4096 -4096 -288 ) (4096 -5120 -288 ) (4096 -5120 1024 ) 
4 101 102 (4096 -5120 -288 ) (4096 -4096 -288 ) (5120 -4096 -288 ) (5120 -5120 -288 ) 
4 102 130 (5120 -5120 -384 ) (5120 -5120 -288 ) (4096 -5120 -288 ) (4096 -5120 -384 ) 
4 102 105 (4096 -4096 -288 ) (4096 -4096 -384 ) (4096 -5120 -384 ) (4096 -5120 -288 ) 
4 102 103 (5120 -5120 -384 ) (4096 -5120 -384 ) (4096 -4096 -384 ) (5120 -4096 -384 ) 
4 103 132 (5120 -5120 -512 ) (5120 -5120 -384 ) (4096 -5120 -384 ) (4096 -5120 -512 ) 
4 103 106 (4096 -4096 -384 ) (4096 -4096 -512 ) (4096 -5120 -512 ) (4096 -5120 -384 ) 
4 104 138 (3072 -4096 1024 ) (3072 -4096 -288 ) (3072 -5120 -288 ) (3072 -5120 1024 ) 
4 104 135 (4096 -5120 -288 ) (4096 -5120 -256 ) (3072 -5120 -256 ) (3072 -5120 -288 ) 
4 104 134 (4096 -5120 -256 ) (4096 -5120 1024 ) (3072 -5120 1024 ) (3072 -5120 -256 ) 
4 104 105 (4096 -5120 -288 ) (3072 -5120 -288 ) (3072 -4096 -288 ) (4096 -4096 -288 ) 
4 105 139 (3072 -4096 -288 ) (3072 -4096 -384 ) (3072 -5120 -384 ) (3072 -5120 -288 ) 
4 105 136 (4096 -5120 -384 ) (4096 -5120 -288 ) (3072 -5120 -288 ) (3072 -5120 -384 ) 
4 105 106 (3072 -4096 -384 ) (4096 -4096 -384 ) (4096 -5120 -384 ) (3072 -5120 -384 ) 
4 106 140 (3072 -4096 -384 ) (3072 -4096 -512 ) (3072 -5120 -512 ) (3072 -5120 -384 ) 
4 106 137 (4096 -5120 -512 ) (4096 -5120 -384 ) (3072 -5120 -384 ) (3072 -5120 -512 ) 
4 107 134 (4096 -5120 1024 ) (4096 -5120 -216 ) (4096 -5164.390137 -216 ) (4096 -5164.390137 1024 ) 
4 107 120 (4344.049805 -5120 -216 ) (4856.049805 -5120 -216 ) (4856.049805 -5164.390137 -216 ) (4344.049805 -5164.390137 -216 ) 
4 107 119 (4856.049805 -5120 -216 ) (5120 -5120 -216 ) (5120 -5164.390137 -216 ) (4856.049805 -5164.390137 -216 ) 
4 107 122 (4096 -5164.390137 -216 ) (4096 -5120 -216 ) (4344.049805 -5120 -216 ) (4344.049805 -5164.390137 -216 ) 
4 107 116 (4096 -5164.390137 -216 ) (4336.049805 -5164.390137 -216 ) (4600.049805 -5164.390137 176 ) (4096 -5164.390137 924.437378 ) 
5 107 115 (4602.729980 -5164.390137 172.020233 ) (5120 -5164.390137 947.925171 ) (5120 -5164.390137 1024 ) (4096 -5164.390137 1024 ) (4096 -5164.390137 924.437378 ) 
3 107 109 (4344.049805 -5164.390137 -216 ) (4856.049805 -5164.390137 -216 ) (4600.049805 -5164.390137 168 ) 
4 107 108 (4864.049805 -5164.390137 -216 ) (5120 -5164.390137 -216 ) (5120 -5164.390137 947.925171 ) (4602.729980 -5164.390137 172.020203 ) 
4 108 119 (4864.049805 -5164.390137 -216 ) (5120 -5164.390137 -216 ) (5120 -5228.390137 -216 ) (4864.049805 -5228.390137 -216 ) 
4 108 115 (5120 -5164.390137 947.921875 ) (4602.730957 -5164.390137 172.018677 ) (4602.730469 -5228.390137 172.019165 ) (5120 -5228.390137 947.921997 ) 
4 108 112 (4784.820312 -5228.390137 -98.356003 ) (4864.049805 -5228.390137 -216 ) (5120 -5228.390137 -216 ) (5120 -5228.390137 -98.356003 ) 
4 108 110 (5120 -5228.390137 947.921875 ) (4602.730957 -5228.390137 172.018677 ) (4784.820312 -5228.390137 -98.356003 ) (5120 -5228.390137 -98.356003 ) 
4 109 114 (4568.200195 -5228.390137 -216 ) (4632.200195 -5228.390137 -216 ) (4632.200195 -5228.390137 -98.356003 ) (4568.200195 -5228.390137 -98.356003 ) 
4 110 115 (5120 -5236 947.921997 ) (5120 -5228.390137 947.921997 ) (4602.730469 -5228.390137 172.019043 ) (4602.730469 -5236 172.018997 ) 
4 110 117 (4602.730469 -5236.390137 172.018997 ) (5120 -5236.390137 947.921997 ) (5120 -5236 947.921997 ) (4602.730469 -5236 172.018997 ) 
4 110 112 (5120 -5236.390137 -98.356003 ) (4784.820312 -5236.390137 -98.356003 ) (4784.820312 -5228.390137 -98.356003 ) (5120 -5228.390137 -98.356003 ) 
4 110 111 (4784.820312 -5236 -98.356003 ) (4784.820312 -5236.390137 -98.356003 ) (4602.730469 -5236.390137 172.019531 ) (4602.730469 -5236 172.019531 ) 
4 110 118 (5120 -5236.390137 -98.356003 ) (5120 -5236.390137 947.925171 ) (4602.729980 -5236.390137 172.020325 ) (4784.820312 -5236.390137 -98.356003 ) 
4 111 117 (4600.050781 -5236.390137 168 ) (4602.730469 -5236.390137 172.018997 ) (4602.730469 -5236 172.018997 ) (4600.050781 -5236 168 ) 
4 111 113 (4784.820312 -5236.390137 -98.356003 ) (4777.629883 -5236.390137 -98.356003 ) (4777.629883 -5236 -98.356003 ) (4784.820312 -5236 -98.356003 ) 
4 111 118 (4602.729980 -5236.390137 172.020325 ) (4600.049805 -5236.390137 168 ) (4777.629883 -5236.390137 -98.356003 ) (4784.820312 -5236.390137 -98.356003 ) 
4 112 119 (5120 -5228.390137 -216 ) (5120 -5236.390137 -216 ) (4864.049805 -5236.390137 -216 ) (4864.049805 -5228.390137 -216 ) 
4 112 113 (4864.054688 -5236.390137 -216 ) (4784.822754 -5236.390137 -98.356003 ) (4784.822754 -5236 -98.356003 ) (4864.054688 -5236 -216 ) 
4 112 118 (4864.049805 -5236.390137 -216 ) (5120 -5236.390137 -216 ) (5120 -5236.390137 -98.356003 ) (4784.820312 -5236.390137 -98.356003 ) 
4 113 119 (4864.049805 -5236.390137 -216 ) (4856.049805 -5236.390137 -216 ) (4856.049805 -5236 -216 ) (4864.049805 -5236 -216 ) 
4 113 118 (4856.049805 -5236.390137 -216 ) (4864.049805 -5236.390137 -216 ) (4784.820312 -5236.390137 -98.356003 ) (4777.630371 -5236.390137 -98.356003 ) 
4 114 121 (4632.200195 -5236.390137 -216 ) (4568.200195 -5236.390137 -216 ) (4568.200195 -5236 -216 ) (4632.200195 -5236 -216 ) 
4 114 118 (4568.200195 -5236.390137 -216 ) (4632.200195 -5236.390137 -216 ) (4632.200195 -5236.390137 -98.356003 ) (4568.200195 -5236.390137 -98.356003 ) 
4 115 134 (4096 -5236 924.437378 ) (4096 -5236 1024 ) (4096 -5164.390137 1024 ) (4096 -5164.390137 924.437378 ) 
4 115 116 (4096 -5164.390137 924.439453 ) (4600.049805 -5164.390137 176 ) (4600.049805 -5236 176 ) (4096 -5236 924.437561 ) 
5 115 117 (4602.731934 -5236 172.017273 ) (5120 -5236 947.921631 ) (5120 -5236 1024 ) (4096 -5236 1024 ) (4096 -5236 924.437378 ) 
4 116 134 (4096 -5164.390137 -216 ) (4096 -5236 -216 ) (4096 -5236 924.437378 ) (4096 -5164.390137 924.437378 ) 
4 116 122 (4096 -5236 -216 ) (4096 -5164.390137 -216 ) (4336.049805 -5164.390137 -216 ) (4336.049805 -5236 -216 ) 
4 116 117 (4096 -5236 -216 ) (4336.049805 -5236 -216 ) (4600.049805 -5236 176 ) (4096 -5236 924.437378 ) 
4 117 134 (4096 -5236 -216 ) (4096 -5236.390137 -216 ) (4096 -5236.390137 1024 ) (4096 -5236 1024 ) 
4 117 122 (4096 -5236.390137 -216 ) (4096 -5236 -216 ) (4344.049805 -5236 -216 ) (4344.049805 -5236.390137 -216 ) 
5 117 118 (4096 -5236.390137 -216 ) (4344.049805 -5236.390137 -216 ) (5120 -5236.390137 947.925171 ) (5120 -5236.390137 1024 ) (4096 -5236.390137 1024 ) 
4 118 156 (5120 -6144 -216 ) (5120 -6144 1024 ) (4096 -6144 1024 ) (4096 -6144 -216 ) 
4 118 134 (4096 -5236.390137 -216 ) (4096 -6144 -216 ) (4096 -6144 1024 ) (4096 -5236.390137 1024 ) 
4 118 121 (4856.049805 -6144 -216 ) (4344.049805 -6144 -216 ) (4344.049805 -5236.390137 -216 ) (4856.049805 -5236.390137 -216 ) 
4 118 119 (5120 -6144 -216 ) (4856.049805 -6144 -216 ) (4856.049805 -5236.390137 -216 ) (5120 -5236.390137 -216 ) 
4 118 122 (4344.049805 -6144 -216 ) (4096 -6144 -216 ) (4096 -5236.390137 -216 ) (4344.049805 -5236.390137 -216 ) 
4 119 156 (5120 -6144 -224 ) (5120 -6144 -216 ) (4856.049805 -6144 -216 ) (4856.049805 -6144 -224 ) 
4 119 124 (4856.049805 -5212.390137 -224 ) (4856.049805 -5196.390137 -224 ) (5120 -5196.390137 -224 ) (5120 -5212.390137 -224 ) 
4 119 123 (4856.049805 -5196.390137 -224 ) (4856.049805 -5120 -224 ) (5120 -5120 -224 ) (5120 -5196.390137 -224 ) 
4 119 127 (5120 -6144 -224 ) (4856.049805 -6144 -224 ) (4856.049805 -5212.390137 -224 ) (5120 -5212.390137 -224 ) 
4 119 120 (4856.049805 -5120 -224 ) (4856.049805 -5164.390137 -224 ) (4856.049805 -5164.390137 -216 ) (4856.049805 -5120 -216 ) 
4 119 121 (4856.049805 -5236 -224 ) (4856.049805 -6144 -224 ) (4856.049805 -6144 -216 ) (4856.049805 -5236 -216 ) 
4 120 123 (4344.049805 -5164.390137 -224 ) (4344.049805 -5120 -224 ) (4856.049805 -5120 -224 ) (4856.049805 -5164.390137 -224 ) 
4 120 122 (4344.049805 -5120 -224 ) (4344.049805 -5164.390137 -224 ) (4344.049805 -5164.390137 -216 ) (4344.049805 -5120 -216 ) 
4 121 156 (4856.049805 -6144 -216 ) (4344.049805 -6144 -216 ) (4344.049805 -6144 -224 ) (4856.049805 -6144 -224 ) 
4 121 127 (4856.049805 -6144 -224 ) (4344.049805 -6144 -224 ) (4344.049805 -5236 -224 ) (4856.049805 -5236 -224 ) 
4 121 122 (4344.049805 -5236 -224 ) (4344.049805 -6144 -224 ) (4344.049805 -6144 -216 ) (4344.049805 -5236 -216 ) 
4 122 156 (4344.049805 -6144 -216 ) (4096 -6144 -216 ) (4096 -6144 -224 ) (4344.049805 -6144 -224 ) 
4 122 134 (4096 -5120 -216 ) (4096 -5120 -224 ) (4096 -6144 -224 ) (4096 -6144 -216 ) 
4 122 126 (4096 -5212.390137 -224 ) (4096 -5196.390137 -224 ) (4344.049805 -5196.390137 -224 ) (4344.049805 -5212.390137 -224 ) 
4 122 123 (4096 -5196.390137 -224 ) (4096 -5120 -224 ) (4344.049805 -5120 -224 ) (4344.049805 -5196.390137 -224 ) 
4 122 127 (4344.049805 -6144 -224 ) (4096 -6144 -224 ) (4096 -5212.390137 -224 ) (4344.049805 -5212.390137 -224 ) 
4 123 134 (4096 -5120 -224 ) (4096 -5120 -256 ) (4096 -5196.390137 -256 ) (4096 -5196.390137 -224 ) 
4 123 128 (4096 -5196.390137 -256 ) (4096 -5120 -256 ) (5120 -5120 -256 ) (5120 -5196.390137 -256 ) 
4 123 125 (4392.049805 -5196.390137 -256 ) (4808.049805 -5196.390137 -256 ) (4808.049805 -5196.390137 -224 ) (4392.049805 -5196.390137 -224 ) 
4 123 126 (4096 -5196.390137 -256 ) (4376.049805 -5196.390137 -256 ) (4376.049805 -5196.390137 -224 ) (4096 -5196.390137 -224 ) 
4 123 124 (4824.049805 -5196.390137 -256 ) (5120 -5196.390137 -256 ) (5120 -5196.390137 -224 ) (4824.049805 -5196.390137 -224 ) 
4 124 128 (4824.049805 -5196.390137 -256 ) (5120 -5196.390137 -256 ) (5120 -5212.390137 -256 ) (4824.049805 -5212.390137 -256 ) 
4 124 127 (4824.049805 -5212.390137 -256 ) (5120 -5212.390137 -256 ) (5120 -5212.390137 -224 ) (4824.049805 -5212.390137 -224 ) 
4 125 128 (4392.049805 -5196.390137 -256 ) (4808.049805 -5196.390137 -256 ) (4808.049805 -5212.390137 -256 ) (4392.049805 -5212.390137 -256 ) 
4 125 127 (4392.049805 -5212.390137 -256 ) (4808.049805 -5212.390137 -256 ) (4808.049805 -5212.390137 -224 ) (4392.049805 -5212.390137 -224 ) 
4 126 134 (4096 -5196.390137 -256 ) (4096 -5212.390137 -256 ) (4096 -5212.390137 -224 ) (4096 -5196.390137 -224 ) 
4 126 128 (4096 -5212.390137 -256 ) (4096 -5196.390137 -256 ) (4376.049805 -5196.390137 -256 ) (4376.049805 -5212.390137 -256 ) 
4 126 127 (4096 -5212.390137 -256 ) (4376.049805 -5212.390137 -256 ) (4376.049805 -5212.390137 -224 ) (4096 -5212.390137 -224 ) 
4 127 156 (5120 -6144 -256 ) (5120 -6144 -224 ) (4096 -6144 -224 ) (4096 -6144 -256 ) 
4 127 134 (4096 -5212.390137 -256 ) (4096 -6144 -256 ) (4096 -6144 -224 ) (4096 -5212.390137 -224 ) 
4 127 129 (4856 -5248 -256 ) (4856 -5740 -256 ) (4344 -5740 -256 ) (4344 -5248 -256 ) 
4 127 128 (4096 -5232 -256 ) (4096 -5212.390137 -256 ) (5120 -5212.390137 -256 ) (5120 -5232 -256 ) 
4 128 135 (4096 -5120 -256 ) (4096 -5120 -288 ) (4096 -5232 -288 ) (4096 -5232 -256 ) 
4 128 130 (4096 -5232 -288 ) (4096 -5120 -288 ) (5120 -5120 -288 ) (5120 -5232 -288 ) 
4 129 131 (4856 -5248 -288 ) (4856 -5740 -288 ) (4344 -5740 -288 ) (4344 -5248 -288 ) 
4 130 136 (4096 -5120 -288 ) (4096 -5120 -384 ) (4096 -5232 -384 ) (4096 -5232 -288 ) 
4 130 132 (4096 -5232 -384 ) (4096 -5120 -384 ) (5120 -5120 -384 ) (5120 -5232 -384 ) 
4 131 133 (4856 -5248 -384 ) (4856 -5740 -384 ) (4344 -5740 -384 ) (4344 -5248 -384 ) 
4 132 137 (4096 -5120 -384 ) (4096 -5120 -512 ) (4096 -5232 -512 ) (4096 -5232 -384 ) 
4 134 157 (4096 -6144 -256 ) (4096 -6144 1024 ) (3072 -6144 1024 ) (3072 -6144 -256 ) 
4 134 143 (3072 -6144 -256 ) (3072 -6144 1024 ) (3072 -5740 1024 ) (3072 -5740 -256 ) 
4 134 142 (3072 -5740 1024 ) (3072 -5232 1024 ) (3072 -5232 -256 ) (3072 -5740 -256 ) 
4 134 141 (3072 -5232 1024 ) (3072 -5120 1024 ) (3072 -5120 -256 ) (3072 -5232 -256 ) 
4 134 135 (4096 -5120 -256 ) (4096 -5232 -256 ) (3072 -5232 -256 ) (3072 -5120 -256 ) 
4 135 141 (3072 -5232 -256 ) (3072 -5120 -256 ) (3072 -5120 -288 ) (3072 -5232 -288 ) 
4 135 136 (3072 -5232 -288 ) (3072 -5120 -288 ) (4096 -5120 -288 ) (4096 -5232 -288 ) 
4 136 144 (3072 -5232 -288 ) (3072 -5120 -288 ) (3072 -5120 -384 ) (3072 -5232 -384 ) 
4 136 137 (4096 -5120 -384 ) (4096 -5232 -384 ) (3072 -5232 -384 ) (3072 -5120 -384 ) 
4 137 145 (3072 -5232 -384 ) (3072 -5120 -384 ) (3072 -5120 -512 ) (3072 -5232 -512 ) 
4 138 141 (3072 -5120 -288 ) (3072 -5120 1024 ) (2560 -5120 1024 ) (2560 -5120 -288 ) 
4 138 139 (3072 -5120 -288 ) (2560 -5120 -288 ) (2560 -4096 -288 ) (3072 -4096 -288 ) 
4 139 144 (3072 -5120 -384 ) (3072 -5120 -288 ) (2560 -5120 -288 ) (2560 -5120 -384 ) 
4 139 140 (2560 -4096 -384 ) (3072 -4096 -384 ) (3072 -5120 -384 ) (2560 -5120 -384 ) 
4 140 145 (3072 -5120 -512 ) (3072 -5120 -384 ) (2560 -5120 -384 ) (2560 -5120 -512 ) 
4 141 144 (2560 -5232 -288 ) (2560 -5120 -288 ) (3072 -5120 -288 ) (3072 -5232 -288 ) 
4 141 142 (2560 -5232 1024 ) (2560 -5232 -256 ) (3072 -5232 -256 ) (3072 -5232 1024 ) 
4 142 143 (2560 -5740 1024 ) (2560 -5740 -256 ) (3072 -5740 -256 ) (3072 -5740 1024 ) 
4 143 158 (3072 -6144 -256 ) (3072 -6144 1024 ) (2560 -6144 1024 ) (2560 -6144 -256 ) 
4 144 145 (2560 -5120 -384 ) (3072 -5120 -384 ) (3072 -5232 -384 ) (2560 -5232 -384 ) 
4 146 151 (2048 -5120 -256 ) (2048 -5120 1024 ) (1024 -5120 1024 ) (1024 -5120 -256 ) 
4 146 149 (1024 -5120 -256 ) (1024 -5120 1024 ) (1024 -4096 1024 ) (1024 -4096 -256 ) 
4 146 148 (1984 -5120 -256 ) (1024 -5120 -256 ) (1024 -4096 -256 ) (1984 -4096 -256 ) 
4 146 147 (2048 -5120 -256 ) (1984 -5120 -256 ) (1984 -4096 -256 ) (2048 -4096 -256 ) 
4 147 152 (2048 -5120 -512 ) (2048 -5120 -256 ) (1984 -5120 -256 ) (1984 -5120 -512 ) 
4 147 148 (1984 -4096 -512 ) (1984 -5120 -512 ) (1984 -5120 -256 ) (1984 -4096 -256 ) 
4 148 153 (1984 -5120 -256 ) (1024 -5120 -256 ) (1024 -5120 -512 ) (1984 -5120 -512 ) 
4 148 150 (1024 -5120 -512 ) (1024 -5120 -256 ) (1024 -4096 -256 ) (1024 -4096 -512 ) 
4 149 184 (0 -5120 -256 ) (0 -5120 1024 ) (0 -4096 1024 ) (0 -4096 -256 ) 
4 149 154 (0 -5120 1024 ) (0 -5120 -256 ) (1024 -5120 -256 ) (1024 -5120 1024 ) 
4 149 150 (0 -4096 -256 ) (1024 -4096 -256 ) (1024 -5120 -256 ) (0 -5120 -256 ) 
4 150 185 (0 -5120 -512 ) (0 -5120 -256 ) (0 -4096 -256 ) (0 -4096 -512 ) 
4 150 155 (0 -5120 -256 ) (0 -5120 -512 ) (1024 -5120 -512 ) (1024 -5120 -256 ) 
4 151 159 (2048 -6144 -256 ) (2048 -6144 1024 ) (1024 -6144 1024 ) (1024 -6144 -256 ) 
4 151 154 (1024 -5120 1024 ) (1024 -5120 -256 ) (1024 -6144 -256 ) (1024 -6144 1024 ) 
4 151 153 (1024 -5120 -256 ) (1984 -5120 -256 ) (1984 -6144 -256 ) (1024 -6144 -256 ) 
4 151 152 (1984 -5120 -256 ) (2048 -5120 -256 ) (2048 -6144 -256 ) (1984 -6144 -256 ) 
4 152 160 (2048 -6144 -512 ) (2048 -6144 -256 ) (1984 -6144 -256 ) (1984 -6144 -512 ) 
4 152 153 (1984 -5120 -512 ) (1984 -6144 -512 ) (1984 -6144 -256 ) (1984 -5120 -256 ) 
4 153 161 (1984 -6144 -256 ) (1024 -6144 -256 ) (1024 -6144 -512 ) (1984 -6144 -512 ) 
4 153 155 (1024 -5120 -256 ) (1024 -5120 -512 ) (1024 -6144 -512 ) (1024 -6144 -256 ) 
4 154 188 (0 -6144 -256 ) (0 -6144 1024 ) (0 -5120 1024 ) (0 -5120 -256 ) 
4 154 162 (1024 -6144 -256 ) (1024 -6144 1024 ) (0 -6144 1024 ) (0 -6144 -256 ) 
4 154 155 (0 -6144 -256 ) (0 -5120 -256 ) (1024 -5120 -256 ) (1024 -6144 -256 ) 
4 155 189 (0 -6144 -512 ) (0 -6144 -256 ) (0 -5120 -256 ) (0 -5120 -512 ) 
4 155 163 (1024 -6144 -512 ) (1024 -6144 -256 ) (0 -6144 -256 ) (0 -6144 -512 ) 
4 156 157 (4096 -6144 1024 ) (4096 -6144 -256 ) (4096 -6656 -256 ) (4096 -6656 1024 ) 
4 157 158 (3072 -6144 1024 ) (3072 -6144 -256 ) (3072 -6656 -256 ) (3072 -6656 1024 ) 
4 159 162 (1024 -6656 1024 ) (1024 -6144 1024 ) (1024 -6144 -256 ) (1024 -6656 -256 ) 
4 159 161 (1024 -6656 -256 ) (1024 -6144 -256 ) (1984 -6144 -256 ) (1984 -6656 -256 ) 
4 159 160 (1984 -6144 -256 ) (2048 -6144 -256 ) (2048 -6656 -256 ) (1984 -6656 -256 ) 
4 160 161 (1984 -6144 -512 ) (1984 -6656 -512 ) (1984 -6656 -256 ) (1984 -6144 -256 ) 
4 161 163 (1024 -6656 -256 ) (1024 -6144 -256 ) (1024 -6144 -512 ) (1024 -6656 -512 ) 
4 162 192 (0 -6656 1024 ) (0 -6144 1024 ) (0 -6144 -256 ) (0 -6656 -256 ) 
4 162 163 (0 -6656 -256 ) (0 -6144 -256 ) (1024 -6144 -256 ) (1024 -6656 -256 ) 
4 163 193 (0 -6656 -256 ) (0 -6144 -256 ) (0 -6144 -512 ) (0 -6656 -512 ) 
4 164 168 (0 0 -272 ) (0 0 1024 ) (-1024 0 1024 ) (-1024 0 -272 ) 
4 164 167 (-1024 1024 1024 ) (-1024 1024 -272 ) (-1024 0 -272 ) (-1024 0 1024 ) 
4 164 166 (-512 0 -272 ) (-1024 0 -272 ) (-1024 1024 -272 ) (-512 1024 -272 ) 
4 164 165 (0 0 -272 ) (-512 0 -272 ) (-512 1024 -272 ) (0 1024 -272 ) 
4 165 169 (0 0 -512 ) (0 0 -272 ) (-512 0 -272 ) (-512 0 -512 ) 
4 165 166 (-512 1024 -512 ) (-512 0 -512 ) (-512 0 -272 ) (-512 1024 -272 ) 
4 166 170 (-512 0 -272 ) (-1024 0 -272 ) (-1024 0 -512 ) (-512 0 -512 ) 
4 166 167 (-1024 1024 -272 ) (-1024 1024 -512 ) (-1024 0 -512 ) (-1024 0 -272 ) 
4 167 171 (-1024 0 -512 ) (-1024 0 1024 ) (-2048 0 1024 ) (-2048 0 -512 ) 
4 168 172 (0 -1024 -272 ) (0 -1024 1024 ) (-1024 -1024 1024 ) (-1024 -1024 -272 ) 
4 168 171 (-1024 0 1024 ) (-1024 0 -272 ) (-1024 -1024 -272 ) (-1024 -1024 1024 ) 
4 168 170 (-512 -1024 -272 ) (-1024 -1024 -272 ) (-1024 0 -272 ) (-512 0 -272 ) 
4 168 169 (0 -1024 -272 ) (-512 -1024 -272 ) (-512 0 -272 ) (0 0 -272 ) 
4 169 173 (0 -1024 -512 ) (0 -1024 -272 ) (-512 -1024 -272 ) (-512 -1024 -512 ) 
4 169 170 (-512 0 -512 ) (-512 -1024 -512 ) (-512 -1024 -272 ) (-512 0 -272 ) 
4 170 174 (-512 -1024 -272 ) (-1024 -1024 -272 ) (-1024 -1024 -512 ) (-512 -1024 -512 ) 
4 170 171 (-1024 0 -272 ) (-1024 0 -512 ) (-1024 -1024 -512 ) (-1024 -1024 -272 ) 
4 171 175 (-1024 -1024 -512 ) (-1024 -1024 1024 ) (-2048 -1024 1024 ) (-2048 -1024 -512 ) 
4 172 175 (-1024 -1024 1024 ) (-1024 -1024 -272 ) (-1024 -2048 -272 ) (-1024 -2048 1024 ) 
4 172 174 (-512 -2048 -272 ) (-1024 -2048 -272 ) (-1024 -1024 -272 ) (-512 -1024 -272 ) 
4 172 173 (0 -2048 -272 ) (-512 -2048 -272 ) (-512 -1024 -272 ) (0 -1024 -272 ) 
4 173 174 (-512 -1024 -512 ) (-512 -2048 -512 ) (-512 -2048 -272 ) (-512 -1024 -272 ) 
4 174 175 (-1024 -1024 -272 ) (-1024 -1024 -512 ) (-1024 -2048 -512 ) (-1024 -2048 -272 ) 
4 176 180 (0 -3072 -256 ) (0 -3072 1024 ) (-1024 -3072 1024 ) (-1024 -3072 -256 ) 
4 176 179 (-1024 -3072 -256 ) (-1024 -3072 1024 ) (-1024 -2560 1024 ) (-1024 -2560 -256 ) 
4 176 178 (-512 -3072 -256 ) (-1024 -3072 -256 ) (-1024 -2560 -256 ) (-512 -2560 -256 ) 
4 176 177 (0 -3072 -256 ) (-512 -3072 -256 ) (-512 -2560 -256 ) (0 -2560 -256 ) 
4 177 181 (0 -3072 -512 ) (0 -3072 -256 ) (-512 -3072 -256 ) (-512 -3072 -512 ) 
4 177 178 (-512 -2560 -256 ) (-512 -2560 -512 ) (-512 -3072 -512 ) (-512 -3072 -256 ) 
4 178 182 (-512 -3072 -256 ) (-1024 -3072 -256 ) (-1024 -3072 -512 ) (-512 -3072 -512 ) 
4 178 179 (-1024 -3072 -512 ) (-1024 -3072 -256 ) (-1024 -2560 -256 ) (-1024 -2560 -512 ) 
4 179 183 (-2048 -3072 1024 ) (-2048 -3072 -512 ) (-1024 -3072 -512 ) (-1024 -3072 1024 ) 
4 180 184 (0 -4096 -256 ) (0 -4096 1024 ) (-1024 -4096 1024 ) (-1024 -4096 -256 ) 
4 180 183 (-1024 -3072 1024 ) (-1024 -3072 -256 ) (-1024 -4096 -256 ) (-1024 -4096 1024 ) 
4 180 182 (-1024 -3072 -256 ) (-512 -3072 -256 ) (-512 -4096 -256 ) (-1024 -4096 -256 ) 
4 180 181 (-512 -3072 -256 ) (0 -3072 -256 ) (0 -4096 -256 ) (-512 -4096 -256 ) 
4 181 185 (0 -4096 -512 ) (0 -4096 -256 ) (-512 -4096 -256 ) (-512 -4096 -512 ) 
4 181 182 (-512 -3072 -512 ) (-512 -4096 -512 ) (-512 -4096 -256 ) (-512 -3072 -256 ) 
4 182 186 (-512 -4096 -256 ) (-1024 -4096 -256 ) (-1024 -4096 -512 ) (-512 -4096 -512 ) 
4 182 183 (-1024 -3072 -256 ) (-1024 -3072 -512 ) (-1024 -4096 -512 ) (-1024 -4096 -256 ) 
4 183 187 (-1024 -4096 -512 ) (-1024 -4096 1024 ) (-2048 -4096 1024 ) (-2048 -4096 -512 ) 
4 184 188 (0 -5120 -256 ) (0 -5120 1024 ) (-1024 -5120 1024 ) (-1024 -5120 -256 ) 
4 184 187 (-1024 -4096 1024 ) (-1024 -4096 -256 ) (-1024 -5120 -256 ) (-1024 -5120 1024 ) 
4 184 186 (-512 -5120 -256 ) (-1024 -5120 -256 ) (-1024 -4096 -256 ) (-512 -4096 -256 ) 
4 184 185 (0 -5120 -256 ) (-512 -5120 -256 ) (-512 -4096 -256 ) (0 -4096 -256 ) 
4 185 189 (0 -5120 -512 ) (0 -5120 -256 ) (-512 -5120 -256 ) (-512 -5120 -512 ) 
4 185 186 (-512 -4096 -512 ) (-512 -5120 -512 ) (-512 -5120 -256 ) (-512 -4096 -256 ) 
4 186 190 (-512 -5120 -256 ) (-1024 -5120 -256 ) (-1024 -5120 -512 ) (-512 -5120 -512 ) 
4 186 187 (-1024 -4096 -256 ) (-1024 -4096 -512 ) (-1024 -5120 -512 ) (-1024 -5120 -256 ) 
4 187 191 (-1024 -5120 -512 ) (-1024 -5120 1024 ) (-2048 -5120 1024 ) (-2048 -5120 -512 ) 
4 188 192 (0 -6144 -256 ) (0 -6144 1024 ) (-1024 -6144 1024 ) (-1024 -6144 -256 ) 
4 188 191 (-1024 -5120 1024 ) (-1024 -5120 -256 ) (-1024 -6144 -256 ) (-1024 -6144 1024 ) 
4 188 190 (-512 -6144 -256 ) (-1024 -6144 -256 ) (-1024 -5120 -256 ) (-512 -5120 -256 ) 
4 188 189 (0 -6144 -256 ) (-512 -6144 -256 ) (-512 -5120 -256 ) (0 -5120 -256 ) 
4 189 193 (0 -6144 -512 ) (0 -6144 -256 ) (-512 -6144 -256 ) (-512 -6144 -512 ) 
4 189 190 (-512 -5120 -512 ) (-512 -6144 -512 ) (-512 -6144 -256 ) (-512 -5120 -256 ) 
4 190 194 (-512 -6144 -256 ) (-1024 -6144 -256 ) (-1024 -6144 -512 ) (-512 -6144 -512 ) 
4 190 191 (-1024 -5120 -256 ) (-1024 -5120 -512 ) (-1024 -6144 -512 ) (-1024 -6144 -256 ) 
4 191 195 (-1024 -6144 -512 ) (-1024 -6144 1024 ) (-2048 -6144 1024 ) (-2048 -6144 -512 ) 
4 192 195 (-1024 -6144 1024 ) (-1024 -6144 -256 ) (-1024 -6656 -256 ) (-1024 -6656 1024 ) 
4 192 194 (-1024 -6656 -256 ) (-1024 -6144 -256 ) (-512 -6144 -256 ) (-512 -6656 -256 ) 
4 192 193 (-512 -6144 -256 ) (0 -6144 -256 ) (0 -6656 -256 ) (-512 -6656 -256 ) 
4 193 194 (-512 -6144 -512 ) (-512 -6656 -512 ) (-512 -6656 -256 ) (-512 -6144 -256 ) 
4 194 195 (-1024 -6144 -256 ) (-1024 -6144 -512 ) (-1024 -6656 -512 ) (-1024 -6656 -256 ) 
