PRT1
25
54
4 1 14 (2048 0 523.878784 ) (2048 0 640 ) (1472 0 640 ) (1472 0 523.878784 ) 
4 1 3 (1472 10.679241 508.021759 ) (1472 98.664062 640 ) (2048 98.664101 640 ) (2048 10.679245 508.021729 ) 
4 1 2 (1472 0 523.881042 ) (1472 8 512.001160 ) (2048 8 512.001160 ) (2048 0 523.881042 ) 
4 1 5 (1472 0 523.878784 ) (1472 0 640 ) (1472 98.666656 640 ) (1472 10.680199 508.020325 ) 
4 2 14 (2048 0 500.121216 ) (2048 0 523.878784 ) (1472 0 523.878784 ) (1472 0 500.121185 ) 
3 2 5 (1472 0 500.121216 ) (1472 0 523.878784 ) (1472 8 512 ) 
4 3 6 (1472 1024 120 ) (2048 1024 120 ) (2048 272 120 ) (1472 272 120 ) 
5 3 5 (1472 1024 120 ) (1472 272 120 ) (1472 10.680191 508.020325 ) (1472 98.666656 640 ) (1472 1024 640 ) 
4 4 16 (1536 0 492 ) (1472 0 492 ) (1472 0 120 ) (1536 0 120 ) 
4 4 5 (1472 264 120 ) (1472 0 120 ) (1472 0 492 ) (1472 8 504 ) 
4 5 16 (1024 0 492 ) (1024 0 120 ) (1472 0 120 ) (1472 0 492 ) 
4 5 15 (1472 0 640 ) (1024 0 640 ) (1024 0 492 ) (1472 0 492 ) 
4 5 13 (1024 1024 640 ) (1024 1024 120 ) (1024 0 120 ) (1024 0 640 ) 
4 5 7 (1024 1024 120 ) (1472 1024 120 ) (1472 0 120 ) (1024 0 120 ) 
4 6 8 (1472 1024 112 ) (2048 1024 112 ) (2048 264 112 ) (1472 264 112 ) 
4 6 7 (1472 1024 112 ) (1472 264 112 ) (1472 264 120 ) (1472 1024 120 ) 
4 7 18 (1472 0 120 ) (1024 0 120 ) (1024 0 112 ) (1472 0 112 ) 
4 7 13 (1024 1024 120 ) (1024 1024 112 ) (1024 0 112 ) (1024 0 120 ) 
4 7 11 (1472 232 112 ) (1472 216 112 ) (1024 216 112 ) (1024 232 112 ) 
4 7 8 (1024 1024 112 ) (1472 1024 112 ) (1472 232 112 ) (1024 232 112 ) 
4 7 12 (1472 216 112 ) (1472 0 112 ) (1024 0 112 ) (1024 216 112 ) 
4 8 13 (1024 1024 112 ) (1024 1024 64 ) (1024 232 64 ) (1024 232 112 ) 
4 8 10 (1520 232 64 ) (2000 232 64 ) (2000 232 112 ) (1520 232 112 ) 
4 8 11 (1024 232 64 ) (1504 232 64 ) (1504 232 112 ) (1024 232 112 ) 
4 8 9 (2016 232 64 ) (2048 232 64 ) (2048 232 112 ) (2016 232 112 ) 
4 9 12 (2016 216 64 ) (2048 216 64 ) (2048 216 112 ) (2016 216 112 ) 
4 10 12 (1520 216 64 ) (2000 216 64 ) (2000 216 112 ) (1520 216 112 ) 
4 11 13 (1024 232 64 ) (1024 216 64 ) (1024 216 112 ) (1024 232 112 ) 
4 11 12 (1024 216 64 ) (1504 216 64 ) (1504 216 112 ) (1024 216 112 ) 
4 12 19 (2048 0 64 ) (2048 0 112 ) (1024 0 112 ) (1024 0 64 ) 
4 12 13 (1024 216 64 ) (1024 0 64 ) (1024 0 112 ) (1024 216 112 ) 
4 13 24 (1024 0 64 ) (1024 0 640 ) (0 0 640 ) (0 0 64 ) 
4 14 17 (2048 -1024 120 ) (1472 -1024 120 ) (1472 -256 120 ) (2048 -256 120 ) 
5 14 15 (1472 -256 120 ) (1472 -1024 120 ) (1472 -1024 640 ) (1472 0 640 ) (1472 0 500.121216 ) 
5 15 24 (1024 -1024 120 ) (1024 -1024 640 ) (1024 0 640 ) (1024 0 492 ) (1024 -248 120 ) 
4 15 18 (1472 -1024 120 ) (1024 -1024 120 ) (1024 -248 120 ) (1472 -248 120 ) 
4 15 16 (1472 -248 120 ) (1024 -248 120 ) (1024 0 492 ) (1472 0 492 ) 
3 16 24 (1024 0 492 ) (1024 0 120 ) (1024 -248 120 ) 
4 16 18 (1024 -248 120 ) (1024 0 120 ) (1472 0 120 ) (1472 -248 120 ) 
4 17 23 (2048 -1024 112 ) (1472 -1024 112 ) (1472 -248 112 ) (2048 -248 112 ) 
4 17 18 (1472 -248 112 ) (1472 -1024 112 ) (1472 -1024 120 ) (1472 -248 120 ) 
4 18 24 (1024 -1024 112 ) (1024 -1024 120 ) (1024 0 120 ) (1024 0 112 ) 
4 18 22 (1024 -216 112 ) (1024 -200 112 ) (1472 -200 112 ) (1472 -216 112 ) 
4 18 19 (1024 -200 112 ) (1024 0 112 ) (1472 0 112 ) (1472 -200 112 ) 
4 18 23 (1472 -1024 112 ) (1024 -1024 112 ) (1024 -216 112 ) (1472 -216 112 ) 
4 19 24 (1024 -200 112 ) (1024 0 112 ) (1024 0 64 ) (1024 -200 64 ) 
4 19 22 (1024 -200 64 ) (1504 -200 64 ) (1504 -200 112 ) (1024 -200 112 ) 
4 19 20 (2016 -200 64 ) (2048 -200 64 ) (2048 -200 112 ) (2016 -200 112 ) 
4 19 21 (1520 -200 64 ) (2000 -200 64 ) (2000 -200 112 ) (1520 -200 112 ) 
4 20 23 (2016 -216 64 ) (2048 -216 64 ) (2048 -216 112 ) (2016 -216 112 ) 
4 21 23 (1520 -216 64 ) (2000 -216 64 ) (2000 -216 112 ) (1520 -216 112 ) 
4 22 24 (1024 -216 112 ) (1024 -200 112 ) (1024 -200 64 ) (1024 -216 64 ) 
4 22 23 (1024 -216 64 ) (1504 -216 64 ) (1504 -216 112 ) (1024 -216 112 ) 
4 23 24 (1024 -1024 64 ) (1024 -1024 112 ) (1024 -216 112 ) (1024 -216 64 ) 
