PRT1
16
21
4 1 11 (3840 -1024 512 ) (3399.800293 -1024 512 ) (3399.800293 -1024 96 ) (3840 -1024 96 ) 
4 1 6 (4024.199951 -1024 512 ) (3840 -1024 512 ) (3840 -1024 96 ) (4024.199951 -1024 96 ) 
4 2 12 (3320.199951 -1024 512 ) (3072 -1024 512 ) (3072 -1024 96 ) (3320.199951 -1024 96 ) 
4 2 3 (3072 -1024 0 ) (3072 -1024 512 ) (3072 -976.737976 512 ) (3072 -976.737976 0 ) 
4 3 13 (3072 -1024 96 ) (3072 -1024 512 ) (2695.800293 -1024 512 ) (2695.800293 -1024 96 ) 
4 4 14 (2616.199951 -1024 512 ) (2048 -1024 512 ) (2048 -1024 96 ) (2616.199951 -1024 96 ) 
4 4 5 (2048 -976.737976 0 ) (2048 -1024 0 ) (2048 -1024 512 ) (2048 -976.737976 512 ) 
4 5 15 (2048 -1024 96 ) (2048 -1024 512 ) (1991.800171 -1024 512 ) (1991.800171 -1024 96 ) 
4 6 11 (3840 -1024 96 ) (3840 -1408 96 ) (3840 -1408 512 ) (3840 -1024 512 ) 
4 6 9 (3840 -1408 512 ) (3840 -1408 160 ) (3872 -1408 144 ) (3872 -1408 512 ) 
4 6 8 (3904 -1408 112 ) (3904 -1408 512 ) (3872 -1408 512 ) (3872 -1408 112 ) 
4 6 7 (3904 -1408 96 ) (4024.199951 -1408 96 ) (4024.199951 -1408 512 ) (3904 -1408 512 ) 
4 7 10 (3904 -1472 96 ) (4024.199951 -1472 96 ) (4024.199951 -1472 512 ) (3904 -1472 512 ) 
4 7 8 (3904 -1408 512 ) (3904 -1408 112 ) (3904 -1472 112 ) (3904 -1472 512 ) 
4 8 10 (3904 -1472 112 ) (3904 -1472 512 ) (3872 -1472 512 ) (3872 -1472 112 ) 
4 8 9 (3872 -1408 512 ) (3872 -1408 144 ) (3872 -1472 144 ) (3872 -1472 512 ) 
4 9 11 (3840 -1472 160 ) (3840 -1472 512 ) (3840 -1408 512 ) (3840 -1408 160 ) 
4 9 10 (3840 -1472 512 ) (3840 -1472 160 ) (3872 -1472 144 ) (3872 -1472 512 ) 
4 10 11 (3840 -1472 96 ) (3840 -2031.260132 96 ) (3840 -2031.260132 512 ) (3840 -1472 512 ) 
4 12 13 (3072 -1024 512 ) (3072 -1024 96 ) (3072 -2031.260132 96 ) (3072 -2031.260132 512 ) 
4 14 15 (2048 -1024 512 ) (2048 -1024 96 ) (2048 -2031.260132 96 ) (2048 -2031.260132 512 ) 
