PRT1
227
581
4 0 1 (2048 192 256 ) (2048 192 448 ) (2048 384 448 ) (2048 384 256 ) 
4 1 2 (1856 272 384 ) (1856 320 384 ) (1856 320 256 ) (1856 272 256 ) 
4 2 4 (1600 320 256 ) (1600 272 256 ) (1600 272 364 ) (1600 320 364 ) 
4 3 5 (1600 112 256 ) (1600 64 256 ) (1600 64 364 ) (1600 112 364 ) 
4 4 6 (1536 320 256 ) (1536 272 256 ) (1536 272 364 ) (1536 320 364 ) 
4 5 6 (1536 112 256 ) (1536 64 256 ) (1536 64 364 ) (1536 112 364 ) 
4 7 118 (1024 0 320 ) (1024 0 512 ) (1024 192 512 ) (1024 192 320 ) 
4 7 9 (1024 0 512 ) (1024 0 320 ) (1056 0 320 ) (1056 0 512 ) 
4 8 123 (1024 0 0 ) (1024 0 168 ) (1024 192 168 ) (1024 192 0 ) 
4 8 119 (1024 0 168 ) (1024 0 192 ) (1024 192 192 ) (1024 192 168 ) 
4 8 10 (1024 0 192 ) (1024 0 0 ) (1056 0 0 ) (1056 0 192 ) 
4 9 215 (1024 -128 512 ) (1024 0 512 ) (1024 0 320 ) (1024 -128 320 ) 
4 10 221 (1024 0 168 ) (1024 0 0 ) (1024 -128 0 ) (1024 -128 168 ) 
4 10 216 (1024 0 192 ) (1024 0 168 ) (1024 -128 168 ) (1024 -128 192 ) 
4 11 132 (-432 1024 1020 ) (-496 1024 1020 ) (-496 1024 876.231079 ) (-432 1024 876.231079 ) 
4 11 135 (-496 1024 1020 ) (-1020 1024 1020 ) (-1020 1024 876.231079 ) (-496 1024 876.231079 ) 
4 11 128 (-296 1024 1020 ) (-360 1024 1020 ) (-360 1024 876.231079 ) (-296 1024 876.231079 ) 
4 11 127 (-132 1024 1020 ) (-296 1024 1020 ) (-296 1024 876.231079 ) (-132 1024 876.231079 ) 
4 11 131 (-360 1024 1020 ) (-432 1024 1020 ) (-432 1024 876.231079 ) (-360 1024 876.231079 ) 
4 11 31 (-752 1024 876.231079 ) (-1020 1024 876.231079 ) (-1020 1788 876.231079 ) (-752 1788 876.231079 ) 
4 11 29 (-752 1272 876.231079 ) (-752 1336 876.231079 ) (-688 1336 876.231079 ) (-688 1272 876.231079 ) 
4 11 30 (-688 1024 876.231079 ) (-752 1024 876.231079 ) (-752 1208 876.231079 ) (-688 1208 876.231079 ) 
4 11 28 (-752 1400 876.231079 ) (-752 1464 876.231079 ) (-688 1464 876.231079 ) (-688 1400 876.231079 ) 
4 11 27 (-752 1528 876.231079 ) (-752 1788 876.231079 ) (-688 1788 876.231079 ) (-688 1528 876.231079 ) 
4 11 26 (-624 1024 876.231079 ) (-688 1024 876.231079 ) (-688 1788 876.231079 ) (-624 1788 876.231079 ) 
4 11 25 (-560 1024 876.231079 ) (-624 1024 876.231079 ) (-624 1208 876.231079 ) (-560 1208 876.231079 ) 
4 11 24 (-624 1272 876.231079 ) (-624 1336 876.231079 ) (-560 1336 876.231079 ) (-560 1272 876.231079 ) 
4 11 23 (-624 1400 876.231079 ) (-624 1464 876.231079 ) (-560 1464 876.231079 ) (-560 1400 876.231079 ) 
4 11 22 (-624 1528 876.231079 ) (-624 1788 876.231079 ) (-560 1788 876.231079 ) (-560 1528 876.231079 ) 
4 11 21 (-496 1024 876.231079 ) (-560 1024 876.231079 ) (-560 1788 876.231079 ) (-496 1788 876.231079 ) 
4 11 20 (-432 1024 876.231079 ) (-496 1024 876.231079 ) (-496 1080 876.231079 ) (-432 1080 876.231079 ) 
4 11 18 (-496 1272 876.231079 ) (-496 1336 876.231079 ) (-432 1336 876.231079 ) (-432 1272 876.231079 ) 
4 11 19 (-496 1144 876.231079 ) (-496 1208 876.231079 ) (-432 1208 876.231079 ) (-432 1144 876.231079 ) 
4 11 17 (-496 1400 876.231079 ) (-496 1464 876.231079 ) (-432 1464 876.231079 ) (-432 1400 876.231079 ) 
4 11 16 (-496 1528 876.231079 ) (-496 1788 876.231079 ) (-432 1788 876.231079 ) (-432 1528 876.231079 ) 
4 11 14 (-296 1024 876.231079 ) (-360 1024 876.231079 ) (-360 1080 876.231079 ) (-296 1080 876.231079 ) 
4 11 13 (-132 1024 876.231079 ) (-296 1024 876.231079 ) (-296 1144 876.231079 ) (-132 1144 876.231079 ) 
4 11 15 (-360 1024 876.231079 ) (-432 1024 876.231079 ) (-432 1144 876.231079 ) (-360 1144 876.231079 ) 
4 11 12 (-432 1144 876.231079 ) (-432 1788 876.231079 ) (-132 1788 876.231079 ) (-132 1144 876.231079 ) 
4 12 52 (-392 1144 868.231079 ) (-400 1144 868.231079 ) (-400 1176 868.231079 ) (-392 1176 868.231079 ) 
4 12 50 (-132 1176 868.231079 ) (-132 1144 868.231079 ) (-264 1144 868.231079 ) (-264 1176 868.231079 ) 
4 12 33 (-132 1560 868.231079 ) (-132 1176 868.231079 ) (-400 1176 868.231079 ) (-400 1560 868.231079 ) 
4 12 32 (-132 1788 868.231079 ) (-132 1560 868.231079 ) (-432 1560 868.231079 ) (-432 1788 868.231079 ) 
4 12 18 (-432 1336 868.231079 ) (-432 1272 868.231079 ) (-432 1272 876.231079 ) (-432 1336 876.231079 ) 
4 12 19 (-432 1208 868.231079 ) (-432 1144 868.231079 ) (-432 1144 876.231079 ) (-432 1208 876.231079 ) 
4 12 17 (-432 1464 868.231079 ) (-432 1400 868.231079 ) (-432 1400 876.231079 ) (-432 1464 876.231079 ) 
4 12 16 (-432 1788 868.231079 ) (-432 1528 868.231079 ) (-432 1528 876.231079 ) (-432 1788 876.231079 ) 
4 12 13 (-296 1144 868.231079 ) (-132 1144 868.231079 ) (-132 1144 876.231079 ) (-296 1144 876.231079 ) 
4 12 15 (-432 1144 876.231079 ) (-432 1144 868.231079 ) (-360 1144 868.231079 ) (-360 1144 876.231079 ) 
4 13 127 (-132 1024 876.231079 ) (-296 1024 876.231079 ) (-296 1024 868.231079 ) (-132 1024 868.231079 ) 
4 13 50 (-132 1144 868.231079 ) (-132 1024 868.231079 ) (-264 1024 868.231079 ) (-264 1144 868.231079 ) 
4 13 14 (-296 1080 868.231079 ) (-296 1024 868.231079 ) (-296 1024 876.231079 ) (-296 1080 876.231079 ) 
4 14 128 (-296 1024 876.231079 ) (-360 1024 876.231079 ) (-360 1024 868.231079 ) (-296 1024 868.231079 ) 
4 14 15 (-360 1080 868.231079 ) (-360 1024 868.231079 ) (-360 1024 876.231079 ) (-360 1080 876.231079 ) 
4 15 131 (-360 1024 876.231079 ) (-432 1024 876.231079 ) (-432 1024 868.231079 ) (-360 1024 868.231079 ) 
4 15 52 (-392 1024 868.231079 ) (-400 1024 868.231079 ) (-400 1144 868.231079 ) (-392 1144 868.231079 ) 
4 15 20 (-432 1080 868.231079 ) (-432 1024 868.231079 ) (-432 1024 876.231079 ) (-432 1080 876.231079 ) 
4 16 34 (-432 1788 868.231079 ) (-432 1560 868.231079 ) (-496 1560 868.231079 ) (-496 1788 868.231079 ) 
4 16 21 (-496 1788 868.231079 ) (-496 1528 868.231079 ) (-496 1528 876.231079 ) (-496 1788 876.231079 ) 
4 17 21 (-496 1464 868.231079 ) (-496 1400 868.231079 ) (-496 1400 876.231079 ) (-496 1464 876.231079 ) 
4 18 21 (-496 1336 868.231079 ) (-496 1272 868.231079 ) (-496 1272 876.231079 ) (-496 1336 876.231079 ) 
4 19 21 (-496 1208 868.231079 ) (-496 1144 868.231079 ) (-496 1144 876.231079 ) (-496 1208 876.231079 ) 
4 20 132 (-432 1024 876.231079 ) (-496 1024 876.231079 ) (-496 1024 868.231079 ) (-432 1024 868.231079 ) 
4 20 21 (-496 1080 868.231079 ) (-496 1024 868.231079 ) (-496 1024 876.231079 ) (-496 1080 876.231079 ) 
4 21 135 (-496 1024 876.231079 ) (-560 1024 876.231079 ) (-560 1024 868.231079 ) (-496 1024 868.231079 ) 
4 21 55 (-560 1068 868.231079 ) (-560 1176 868.231079 ) (-536 1176 868.231079 ) (-536 1068 868.231079 ) 
4 21 54 (-528 1024 868.231079 ) (-536 1024 868.231079 ) (-536 1176 868.231079 ) (-528 1176 868.231079 ) 
4 21 38 (-496 1788 868.231079 ) (-496 1560 868.231079 ) (-560 1560 868.231079 ) (-560 1788 868.231079 ) 
4 21 25 (-560 1208 868.231079 ) (-560 1024 868.231079 ) (-560 1024 876.231079 ) (-560 1208 876.231079 ) 
4 21 24 (-560 1336 868.231079 ) (-560 1272 868.231079 ) (-560 1272 876.231079 ) (-560 1336 876.231079 ) 
4 21 23 (-560 1464 868.231079 ) (-560 1400 868.231079 ) (-560 1400 876.231079 ) (-560 1464 876.231079 ) 
4 21 22 (-560 1788 868.231079 ) (-560 1528 868.231079 ) (-560 1528 876.231079 ) (-560 1788 876.231079 ) 
4 22 39 (-560 1788 868.231079 ) (-560 1560 868.231079 ) (-624 1560 868.231079 ) (-624 1788 868.231079 ) 
4 22 26 (-624 1788 868.231079 ) (-624 1528 868.231079 ) (-624 1528 876.231079 ) (-624 1788 876.231079 ) 
4 23 26 (-624 1464 868.231079 ) (-624 1400 868.231079 ) (-624 1400 876.231079 ) (-624 1464 876.231079 ) 
4 24 26 (-624 1336 868.231079 ) (-624 1272 868.231079 ) (-624 1272 876.231079 ) (-624 1336 876.231079 ) 
4 25 135 (-560 1024 876.231079 ) (-624 1024 876.231079 ) (-624 1024 868.231079 ) (-560 1024 868.231079 ) 
4 25 55 (-560 1176 868.231079 ) (-560 1068 868.231079 ) (-624 1068 868.231079 ) (-624 1176 868.231079 ) 
4 25 26 (-624 1208 868.231079 ) (-624 1024 868.231079 ) (-624 1024 876.231079 ) (-624 1208 876.231079 ) 
4 26 135 (-624 1024 876.231079 ) (-688 1024 876.231079 ) (-688 1024 868.231079 ) (-624 1024 868.231079 ) 
4 26 55 (-624 1176 868.231079 ) (-624 1068 868.231079 ) (-688 1068 868.231079 ) (-688 1176 868.231079 ) 
4 26 43 (-624 1788 868.231079 ) (-624 1560 868.231079 ) (-688 1560 868.231079 ) (-688 1788 868.231079 ) 
4 26 29 (-688 1336 868.231079 ) (-688 1272 868.231079 ) (-688 1272 876.231079 ) (-688 1336 876.231079 ) 
4 26 30 (-688 1208 868.231079 ) (-688 1024 868.231079 ) (-688 1024 876.231079 ) (-688 1208 876.231079 ) 
4 26 28 (-688 1464 868.231079 ) (-688 1400 868.231079 ) (-688 1400 876.231079 ) (-688 1464 876.231079 ) 
4 26 27 (-688 1788 868.231079 ) (-688 1528 868.231079 ) (-688 1528 876.231079 ) (-688 1788 876.231079 ) 
4 27 44 (-688 1788 868.231079 ) (-688 1560 868.231079 ) (-752 1560 868.231079 ) (-752 1788 868.231079 ) 
4 27 31 (-752 1788 868.231079 ) (-752 1528 868.231079 ) (-752 1528 876.231079 ) (-752 1788 876.231079 ) 
4 28 31 (-752 1464 868.231079 ) (-752 1400 868.231079 ) (-752 1400 876.231079 ) (-752 1464 876.231079 ) 
4 29 31 (-752 1336 868.231079 ) (-752 1272 868.231079 ) (-752 1272 876.231079 ) (-752 1336 876.231079 ) 
4 30 135 (-688 1024 876.231079 ) (-752 1024 876.231079 ) (-752 1024 868.231079 ) (-688 1024 868.231079 ) 
4 30 55 (-688 1176 868.231079 ) (-688 1068 868.231079 ) (-752 1068 868.231079 ) (-752 1176 868.231079 ) 
4 30 31 (-752 1208 868.231079 ) (-752 1024 868.231079 ) (-752 1024 876.231079 ) (-752 1208 876.231079 ) 
4 31 135 (-752 1024 876.231079 ) (-1020 1024 876.231079 ) (-1020 1024 868.231079 ) (-752 1024 868.231079 ) 
4 31 55 (-752 1176 868.231079 ) (-752 1068 868.231079 ) (-792 1068 868.231079 ) (-792 1176 868.231079 ) 
4 31 56 (-792 1024 868.231079 ) (-1020 1024 868.231079 ) (-1020 1176 868.231079 ) (-792 1176 868.231079 ) 
4 31 48 (-752 1788 868.231079 ) (-752 1560 868.231079 ) (-784 1560 868.231079 ) (-784 1788 868.231079 ) 
4 31 49 (-784 1176 868.231079 ) (-1020 1176 868.231079 ) (-1020 1788 868.231079 ) (-784 1788 868.231079 ) 
4 32 67 (-432 1568 860.231079 ) (-432 1788 860.231079 ) (-400 1788 860.231079 ) (-400 1568 860.231079 ) 
4 32 62 (-392 1560 860.231079 ) (-400 1560 860.231079 ) (-400 1788 860.231079 ) (-392 1788 860.231079 ) 
4 32 57 (-132 1788 860.231079 ) (-132 1560 860.231079 ) (-392 1560 860.231079 ) (-392 1788 860.231079 ) 
4 32 34 (-432 1788 860.231079 ) (-432 1560 860.231079 ) (-432 1560 868.231079 ) (-432 1788 868.231079 ) 
4 32 33 (-400 1560 860.231079 ) (-132 1560 860.231079 ) (-132 1560 868.231079 ) (-400 1560 868.231079 ) 
4 33 60 (-256 1176 860.231079 ) (-264 1176 860.231079 ) (-264 1184 860.231079 ) (-256 1184 860.231079 ) 
4 33 59 (-132 1184 860.231079 ) (-132 1176 860.231079 ) (-256 1176 860.231079 ) (-256 1184 860.231079 ) 
4 33 58 (-132 1560 860.231079 ) (-132 1184 860.231079 ) (-384 1184 860.231079 ) (-384 1560 860.231079 ) 
4 33 52 (-400 1176 860.231079 ) (-392 1176 860.231079 ) (-392 1176 868.231079 ) (-400 1176 868.231079 ) 
4 33 50 (-264 1176 860.231079 ) (-132 1176 860.231079 ) (-132 1176 868.231079 ) (-264 1176 868.231079 ) 
4 34 67 (-432 1788 860.231079 ) (-432 1568 860.231079 ) (-496 1568 860.231079 ) (-496 1788 860.231079 ) 
4 34 38 (-496 1788 860.231079 ) (-496 1560 860.231079 ) (-496 1560 868.231079 ) (-496 1788 868.231079 ) 
4 35 72 (-432 1528 860.231079 ) (-432 1464 860.231079 ) (-496 1464 860.231079 ) (-496 1528 860.231079 ) 
4 36 72 (-432 1400 860.231079 ) (-432 1336 860.231079 ) (-496 1336 860.231079 ) (-496 1400 860.231079 ) 
4 37 72 (-432 1272 860.231079 ) (-432 1208 860.231079 ) (-496 1208 860.231079 ) (-496 1272 860.231079 ) 
4 38 67 (-496 1788 860.231079 ) (-496 1568 860.231079 ) (-560 1568 860.231079 ) (-560 1788 860.231079 ) 
4 38 39 (-560 1788 860.231079 ) (-560 1560 860.231079 ) (-560 1560 868.231079 ) (-560 1788 868.231079 ) 
4 39 67 (-560 1788 860.231079 ) (-560 1568 860.231079 ) (-624 1568 860.231079 ) (-624 1788 860.231079 ) 
4 39 43 (-624 1788 860.231079 ) (-624 1560 860.231079 ) (-624 1560 868.231079 ) (-624 1788 868.231079 ) 
4 40 79 (-595 1464 860.231079 ) (-624 1464 860.231079 ) (-624 1528 860.231079 ) (-595 1528 860.231079 ) 
4 40 77 (-595 1467 860.231079 ) (-595 1528 860.231079 ) (-593 1528 860.231079 ) (-593 1467 860.231079 ) 
4 40 78 (-593 1464 860.231079 ) (-595 1464 860.231079 ) (-595 1467 860.231079 ) (-593 1467 860.231079 ) 
4 40 76 (-560 1528 860.231079 ) (-560 1464 860.231079 ) (-593 1464 860.231079 ) (-593 1528 860.231079 ) 
4 41 79 (-595 1336 860.231079 ) (-624 1336 860.231079 ) (-624 1400 860.231079 ) (-595 1400 860.231079 ) 
4 41 78 (-593 1336 860.231079 ) (-595 1336 860.231079 ) (-595 1400 860.231079 ) (-593 1400 860.231079 ) 
4 41 76 (-560 1400 860.231079 ) (-560 1336 860.231079 ) (-593 1336 860.231079 ) (-593 1400 860.231079 ) 
4 42 79 (-595 1208 860.231079 ) (-624 1208 860.231079 ) (-624 1272 860.231079 ) (-595 1272 860.231079 ) 
4 42 78 (-593 1208 860.231079 ) (-595 1208 860.231079 ) (-595 1272 860.231079 ) (-593 1272 860.231079 ) 
4 42 76 (-560 1272 860.231079 ) (-560 1208 860.231079 ) (-593 1208 860.231079 ) (-593 1272 860.231079 ) 
4 43 67 (-624 1788 860.231079 ) (-624 1568 860.231079 ) (-688 1568 860.231079 ) (-688 1788 860.231079 ) 
4 43 44 (-688 1788 860.231079 ) (-688 1560 860.231079 ) (-688 1560 868.231079 ) (-688 1788 868.231079 ) 
4 44 67 (-688 1788 860.231079 ) (-688 1568 860.231079 ) (-752 1568 860.231079 ) (-752 1788 860.231079 ) 
4 44 48 (-752 1788 860.231079 ) (-752 1560 860.231079 ) (-752 1560 868.231079 ) (-752 1788 868.231079 ) 
4 45 83 (-691 1464 860.231079 ) (-752 1464 860.231079 ) (-752 1528 860.231079 ) (-691 1528 860.231079 ) 
4 45 82 (-689 1464 860.231079 ) (-691 1464 860.231079 ) (-691 1528 860.231079 ) (-689 1528 860.231079 ) 
4 45 80 (-688 1528 860.231079 ) (-688 1464 860.231079 ) (-689 1464 860.231079 ) (-689 1528 860.231079 ) 
4 46 84 (-752 1399 860.231079 ) (-752 1400 860.231079 ) (-691 1400 860.231079 ) (-691 1399 860.231079 ) 
4 46 85 (-691 1336 860.231079 ) (-752 1336 860.231079 ) (-752 1399 860.231079 ) (-691 1399 860.231079 ) 
4 46 82 (-689 1336 860.231079 ) (-691 1336 860.231079 ) (-691 1400 860.231079 ) (-689 1400 860.231079 ) 
4 46 80 (-688 1400 860.231079 ) (-688 1336 860.231079 ) (-689 1336 860.231079 ) (-689 1400 860.231079 ) 
4 47 85 (-691 1208 860.231079 ) (-752 1208 860.231079 ) (-752 1272 860.231079 ) (-691 1272 860.231079 ) 
4 47 82 (-689 1208 860.231079 ) (-691 1208 860.231079 ) (-691 1272 860.231079 ) (-689 1272 860.231079 ) 
4 47 81 (-688 1270 860.231079 ) (-688 1208 860.231079 ) (-689 1208 860.231079 ) (-689 1270 860.231079 ) 
4 47 80 (-688 1272 860.231079 ) (-688 1270 860.231079 ) (-689 1270 860.231079 ) (-689 1272 860.231079 ) 
4 48 67 (-752 1788 860.231079 ) (-752 1568 860.231079 ) (-784 1568 860.231079 ) (-784 1788 860.231079 ) 
4 48 49 (-784 1788 868.231079 ) (-784 1788 860.231079 ) (-784 1560 860.231079 ) (-784 1560 868.231079 ) 
4 49 105 (-800 1176 860.231079 ) (-1020 1176 860.231079 ) (-1020 1788 860.231079 ) (-800 1788 860.231079 ) 
4 49 99 (-800 1560 860.231079 ) (-800 1788 860.231079 ) (-784 1788 860.231079 ) (-784 1560 860.231079 ) 
4 49 55 (-792 1176 860.231079 ) (-784 1176 860.231079 ) (-784 1176 868.231079 ) (-792 1176 868.231079 ) 
4 49 56 (-1020 1176 860.231079 ) (-792 1176 860.231079 ) (-792 1176 868.231079 ) (-1020 1176 868.231079 ) 
4 50 136 (-132 1024 868.231079 ) (-264 1024 868.231079 ) (-264 1024 860.231079 ) (-132 1024 860.231079 ) 
4 50 59 (-132 1024 860.231079 ) (-256 1024 860.231079 ) (-256 1176 860.231079 ) (-132 1176 860.231079 ) 
4 51 61 (-360 1080 860.231079 ) (-360 1144 860.231079 ) (-296 1144 860.231079 ) (-296 1080 860.231079 ) 
4 52 138 (-392 1024 868.231079 ) (-400 1024 868.231079 ) (-400 1024 860.231079 ) (-392 1024 860.231079 ) 
4 53 89 (-496 1080 860.231079 ) (-496 1144 860.231079 ) (-432 1144 860.231079 ) (-432 1080 860.231079 ) 
4 54 140 (-528 1024 868.231079 ) (-536 1024 868.231079 ) (-536 1024 860.231079 ) (-528 1024 860.231079 ) 
4 54 55 (-536 1176 868.231079 ) (-536 1176 860.231079 ) (-536 1068 860.231079 ) (-536 1068 868.231079 ) 
4 55 102 (-792 1076 860.231079 ) (-792 1176 860.231079 ) (-784 1176 860.231079 ) (-784 1076 860.231079 ) 
4 55 97 (-536 1160 860.231079 ) (-536 1076 860.231079 ) (-784 1076 860.231079 ) (-784 1160 860.231079 ) 
4 55 56 (-792 1176 868.231079 ) (-792 1176 860.231079 ) (-792 1068 860.231079 ) (-792 1068 868.231079 ) 
4 56 142 (-792 1024 868.231079 ) (-1020 1024 868.231079 ) (-1020 1024 860.231079 ) (-792 1024 860.231079 ) 
4 56 105 (-800 1024 860.231079 ) (-1020 1024 860.231079 ) (-1020 1176 860.231079 ) (-800 1176 860.231079 ) 
4 56 103 (-800 1068 860.231079 ) (-800 1076 860.231079 ) (-792 1076 860.231079 ) (-792 1068 860.231079 ) 
4 56 102 (-800 1076 860.231079 ) (-800 1176 860.231079 ) (-792 1176 860.231079 ) (-792 1076 860.231079 ) 
4 57 106 (-132 1788 732.231079 ) (-132 1560 732.231079 ) (-392 1560 732.231079 ) (-392 1788 732.231079 ) 
4 57 62 (-392 1788 732.231079 ) (-392 1560 732.231079 ) (-392 1560 860.231079 ) (-392 1788 860.231079 ) 
4 57 58 (-384 1560 732.231079 ) (-132 1560 732.231079 ) (-132 1560 860.231079 ) (-384 1560 860.231079 ) 
4 58 107 (-132 1528 732.231079 ) (-132 1184 732.231079 ) (-384 1184 732.231079 ) (-384 1528 732.231079 ) 
4 58 106 (-132 1560 732.231079 ) (-132 1528 732.231079 ) (-384 1528 732.231079 ) (-384 1560 732.231079 ) 
4 58 60 (-264 1184 732.231079 ) (-256 1184 732.231079 ) (-256 1184 860.231079 ) (-264 1184 860.231079 ) 
4 58 59 (-256 1184 732.231079 ) (-132 1184 732.231079 ) (-132 1184 860.231079 ) (-256 1184 860.231079 ) 
4 59 162 (-132 1024 860.231079 ) (-256 1024 860.231079 ) (-256 1024 732.231079 ) (-132 1024 732.231079 ) 
4 59 108 (-132 1176 732.231079 ) (-132 1024 732.231079 ) (-256 1024 732.231079 ) (-256 1176 732.231079 ) 
4 59 107 (-132 1184 732.231079 ) (-132 1176 732.231079 ) (-256 1176 732.231079 ) (-256 1184 732.231079 ) 
4 59 60 (-256 1184 860.231079 ) (-256 1184 732.231079 ) (-256 1176 732.231079 ) (-256 1176 860.231079 ) 
4 60 107 (-264 1176 732.231079 ) (-264 1184 732.231079 ) (-256 1184 732.231079 ) (-256 1176 732.231079 ) 
4 61 165 (-266 1024 860.231079 ) (-267 1024 860.231079 ) (-267 1024 732.231079 ) (-266 1024 732.231079 ) 
4 61 167 (-267 1024 860.231079 ) (-392 1024 860.231079 ) (-392 1024 732.231079 ) (-267 1024 732.231079 ) 
4 61 163 (-264 1024 860.231079 ) (-266 1024 860.231079 ) (-266 1024 732.231079 ) (-264 1024 732.231079 ) 
4 61 66 (-392 1024 768.231079 ) (-392 1024 840.231079 ) (-392 1048 840.231079 ) (-392 1048 768.231079 ) 
4 61 65 (-392 1130 732.231079 ) (-392 1068 732.231079 ) (-392 1068 848.231079 ) (-392 1130 848.231079 ) 
4 62 106 (-392 1788 732.231079 ) (-392 1560 732.231079 ) (-400 1560 732.231079 ) (-400 1788 732.231079 ) 
4 62 67 (-400 1788 732.231079 ) (-400 1568 732.231079 ) (-400 1568 860.231079 ) (-400 1788 860.231079 ) 
4 63 72 (-400 1524 732.231079 ) (-400 1468 732.231079 ) (-400 1468 844.231079 ) (-400 1524 844.231079 ) 
4 64 72 (-400 1280 732.231079 ) (-400 1224 732.231079 ) (-400 1224 848.231079 ) (-400 1280 848.231079 ) 
4 65 89 (-400 1130 732.231079 ) (-400 1068 732.231079 ) (-400 1068 848.231079 ) (-400 1130 848.231079 ) 
4 66 172 (-400 1024 840.231079 ) (-400 1024 768.231079 ) (-392 1024 768.231079 ) (-392 1024 840.231079 ) 
4 66 91 (-400 1024 768.231079 ) (-400 1024 840.231079 ) (-400 1036 840.231079 ) (-400 1036 768.231079 ) 
4 66 89 (-400 1036 840.231079 ) (-400 1048 840.231079 ) (-400 1048 768.231079 ) (-400 1036 768.231079 ) 
4 67 109 (-400 1788 732.231079 ) (-400 1568 732.231079 ) (-528 1568 732.231079 ) (-528 1788 732.231079 ) 
4 67 110 (-528 1568 732.231079 ) (-784 1568 732.231079 ) (-784 1788 732.231079 ) (-528 1788 732.231079 ) 
4 67 99 (-784 1788 732.231079 ) (-784 1568 732.231079 ) (-784 1568 860.231079 ) (-784 1788 860.231079 ) 
4 67 68 (-496 1568 732.231079 ) (-432 1568 732.231079 ) (-432 1568 848.231079 ) (-496 1568 848.231079 ) 
4 68 69 (-496 1560 732.231079 ) (-432 1560 732.231079 ) (-432 1560 848.231079 ) (-496 1560 848.231079 ) 
4 69 72 (-532 1558 732.231079 ) (-400 1558 732.231079 ) (-400 1558 860.231079 ) (-532 1558 860.231079 ) 
4 69 70 (-532 1560 860.231079 ) (-532 1560 779.231079 ) (-532 1558 779.231079 ) (-532 1558 860.231079 ) 
4 70 79 (-595 1558 860.231079 ) (-656 1558 860.231079 ) (-656 1558 779.231079 ) (-595 1558 779.231079 ) 
4 70 77 (-593 1558 860.231079 ) (-595 1558 860.231079 ) (-595 1558 787.231079 ) (-593 1558 787.231079 ) 
4 70 76 (-558 1558 860.231079 ) (-593 1558 860.231079 ) (-593 1558 779.231079 ) (-558 1558 779.231079 ) 
4 70 73 (-556 1558 860.231079 ) (-558 1558 860.231079 ) (-558 1558 779.231079 ) (-556 1558 779.231079 ) 
4 70 72 (-532 1558 779.231079 ) (-532 1558 860.231079 ) (-556 1558 860.231079 ) (-556 1558 779.231079 ) 
4 70 71 (-656 1560 860.231079 ) (-656 1560 779.231079 ) (-656 1558 779.231079 ) (-656 1558 860.231079 ) 
4 71 86 (-784 1558 860.231079 ) (-784 1558 732.231079 ) (-782 1558 732.231079 ) (-782 1558 860.231079 ) 
4 71 83 (-782 1558 732.231079 ) (-691 1558 732.231079 ) (-691 1558 860.231079 ) (-782 1558 860.231079 ) 
4 71 82 (-691 1558 732.231079 ) (-689 1558 732.231079 ) (-689 1558 860.231079 ) (-691 1558 860.231079 ) 
4 71 80 (-689 1558 732.231079 ) (-687 1558 732.231079 ) (-687 1558 860.231079 ) (-689 1558 860.231079 ) 
4 71 79 (-687 1558 732.231079 ) (-656 1558 732.231079 ) (-656 1558 860.231079 ) (-687 1558 860.231079 ) 
4 72 93 (-556 1179 732.231079 ) (-536 1179 732.231079 ) (-536 1179 860.231079 ) (-556 1179 860.231079 ) 
4 72 90 (-536 1179 732.231079 ) (-528 1179 732.231079 ) (-528 1179 860.231079 ) (-536 1179 860.231079 ) 
4 72 89 (-528 1179 732.231079 ) (-400 1179 732.231079 ) (-400 1179 860.231079 ) (-528 1179 860.231079 ) 
4 72 74 (-556 1301 795.231079 ) (-556 1301 860.231079 ) (-556 1364 860.231079 ) (-556 1364 795.231079 ) 
4 72 73 (-556 1558 860.231079 ) (-556 1558 732.231079 ) (-556 1364 732.231079 ) (-556 1364 860.231079 ) 
4 72 75 (-556 1301 732.231079 ) (-556 1179 732.231079 ) (-556 1179 860.231079 ) (-556 1301 860.231079 ) 
4 73 76 (-558 1558 860.231079 ) (-558 1558 732.231079 ) (-558 1364 732.231079 ) (-558 1364 860.231079 ) 
4 73 74 (-558 1364 860.231079 ) (-558 1364 795.231079 ) (-556 1364 795.231079 ) (-556 1364 860.231079 ) 
4 74 76 (-558 1301 795.231079 ) (-558 1301 860.231079 ) (-558 1364 860.231079 ) (-558 1364 795.231079 ) 
4 74 75 (-558 1301 860.231079 ) (-558 1301 795.231079 ) (-556 1301 795.231079 ) (-556 1301 860.231079 ) 
4 75 93 (-558 1179 732.231079 ) (-556 1179 732.231079 ) (-556 1179 860.231079 ) (-558 1179 860.231079 ) 
4 75 76 (-558 1301 732.231079 ) (-558 1179 732.231079 ) (-558 1179 860.231079 ) (-558 1301 860.231079 ) 
4 76 93 (-593 1179 732.231079 ) (-558 1179 732.231079 ) (-558 1179 860.231079 ) (-593 1179 860.231079 ) 
4 76 77 (-593 1558 860.231079 ) (-593 1558 787.231079 ) (-593 1467 787.231079 ) (-593 1467 860.231079 ) 
4 76 78 (-593 1467 732.231079 ) (-593 1179 732.231079 ) (-593 1179 860.231079 ) (-593 1467 860.231079 ) 
4 77 79 (-595 1558 860.231079 ) (-595 1558 787.231079 ) (-595 1467 787.231079 ) (-595 1467 860.231079 ) 
4 77 78 (-595 1467 860.231079 ) (-595 1467 787.231079 ) (-593 1467 787.231079 ) (-593 1467 860.231079 ) 
4 78 93 (-595 1179 732.231079 ) (-593 1179 732.231079 ) (-593 1179 860.231079 ) (-595 1179 860.231079 ) 
4 78 79 (-595 1467 732.231079 ) (-595 1179 732.231079 ) (-595 1179 860.231079 ) (-595 1467 860.231079 ) 
4 79 94 (-626 1179 779.231079 ) (-626 1179 860.231079 ) (-687 1179 860.231079 ) (-687 1179 779.231079 ) 
4 79 93 (-626 1179 732.231079 ) (-595 1179 732.231079 ) (-595 1179 860.231079 ) (-626 1179 860.231079 ) 
4 79 81 (-687 1179 787.231079 ) (-687 1179 860.231079 ) (-687 1270 860.231079 ) (-687 1270 787.231079 ) 
4 79 80 (-687 1558 860.231079 ) (-687 1558 732.231079 ) (-687 1270 732.231079 ) (-687 1270 860.231079 ) 
4 80 82 (-689 1558 860.231079 ) (-689 1558 732.231079 ) (-689 1270 732.231079 ) (-689 1270 860.231079 ) 
4 80 81 (-689 1270 860.231079 ) (-689 1270 787.231079 ) (-687 1270 787.231079 ) (-687 1270 860.231079 ) 
4 81 94 (-687 1179 787.231079 ) (-687 1179 860.231079 ) (-689 1179 860.231079 ) (-689 1179 787.231079 ) 
4 81 82 (-689 1179 787.231079 ) (-689 1179 860.231079 ) (-689 1270 860.231079 ) (-689 1270 787.231079 ) 
4 82 94 (-689 1179 779.231079 ) (-689 1179 860.231079 ) (-691 1179 860.231079 ) (-691 1179 779.231079 ) 
4 82 84 (-691 1399 787.231079 ) (-691 1399 860.231079 ) (-691 1401 860.231079 ) (-691 1401 787.231079 ) 
4 82 83 (-691 1558 860.231079 ) (-691 1558 732.231079 ) (-691 1401 732.231079 ) (-691 1401 860.231079 ) 
4 82 85 (-691 1399 732.231079 ) (-691 1179 732.231079 ) (-691 1179 860.231079 ) (-691 1399 860.231079 ) 
4 83 87 (-782 1401 779.231079 ) (-782 1401 860.231079 ) (-782 1462 860.231079 ) (-782 1462 779.231079 ) 
4 83 86 (-782 1558 860.231079 ) (-782 1558 732.231079 ) (-782 1462 732.231079 ) (-782 1462 860.231079 ) 
4 83 84 (-782 1401 860.231079 ) (-782 1401 787.231079 ) (-691 1401 787.231079 ) (-691 1401 860.231079 ) 
4 84 87 (-782 1399 787.231079 ) (-782 1399 860.231079 ) (-782 1401 860.231079 ) (-782 1401 787.231079 ) 
4 84 85 (-782 1399 860.231079 ) (-782 1399 787.231079 ) (-691 1399 787.231079 ) (-691 1399 860.231079 ) 
4 85 94 (-691 1179 779.231079 ) (-691 1179 860.231079 ) (-750 1179 860.231079 ) (-750 1179 779.231079 ) 
4 85 95 (-782 1179 732.231079 ) (-750 1179 732.231079 ) (-750 1179 860.231079 ) (-782 1179 860.231079 ) 
4 85 87 (-782 1338 779.231079 ) (-782 1338 860.231079 ) (-782 1399 860.231079 ) (-782 1399 779.231079 ) 
4 85 88 (-782 1338 732.231079 ) (-782 1179 732.231079 ) (-782 1179 860.231079 ) (-782 1338 860.231079 ) 
4 86 87 (-784 1462 860.231079 ) (-784 1462 779.231079 ) (-782 1462 779.231079 ) (-782 1462 860.231079 ) 
4 87 100 (-784 1338 779.231079 ) (-784 1338 840.231079 ) (-784 1392 840.231079 ) (-784 1392 779.231079 ) 
4 87 88 (-784 1338 860.231079 ) (-784 1338 779.231079 ) (-782 1338 779.231079 ) (-782 1338 860.231079 ) 
4 88 101 (-784 1192 768.231079 ) (-784 1192 840.231079 ) (-784 1288 840.231079 ) (-784 1288 768.231079 ) 
4 88 100 (-784 1296 768.231079 ) (-784 1296 840.231079 ) (-784 1338 840.231079 ) (-784 1338 768.231079 ) 
4 88 95 (-784 1179 860.231079 ) (-784 1179 732.231079 ) (-782 1179 732.231079 ) (-782 1179 860.231079 ) 
4 89 91 (-528 1036 732.231079 ) (-400 1036 732.231079 ) (-400 1036 860.231079 ) (-528 1036 860.231079 ) 
4 89 90 (-528 1179 860.231079 ) (-528 1179 732.231079 ) (-528 1176 732.231079 ) (-528 1176 860.231079 ) 
4 90 96 (-536 1177 732.231079 ) (-536 1176 732.231079 ) (-536 1176 860.231079 ) (-536 1177 860.231079 ) 
4 90 93 (-536 1179 860.231079 ) (-536 1179 732.231079 ) (-536 1177 732.231079 ) (-536 1177 860.231079 ) 
4 91 173 (-400 1024 860.231079 ) (-528 1024 860.231079 ) (-528 1024 732.231079 ) (-400 1024 732.231079 ) 
4 91 92 (-528 1036 848.231079 ) (-528 1036 732.231079 ) (-528 1024 732.231079 ) (-528 1024 848.231079 ) 
4 92 174 (-536 1024 848.231079 ) (-536 1024 732.231079 ) (-528 1024 732.231079 ) (-528 1024 848.231079 ) 
4 92 98 (-536 1036 732.231079 ) (-536 1024 732.231079 ) (-536 1024 848.231079 ) (-536 1036 848.231079 ) 
4 93 96 (-626 1177 732.231079 ) (-536 1177 732.231079 ) (-536 1177 860.231079 ) (-626 1177 860.231079 ) 
4 93 94 (-626 1179 860.231079 ) (-626 1179 779.231079 ) (-626 1177 779.231079 ) (-626 1177 860.231079 ) 
4 94 96 (-626 1177 779.231079 ) (-626 1177 860.231079 ) (-750 1177 860.231079 ) (-750 1177 779.231079 ) 
4 94 95 (-750 1179 860.231079 ) (-750 1179 779.231079 ) (-750 1177 779.231079 ) (-750 1177 860.231079 ) 
4 95 96 (-784 1177 860.231079 ) (-784 1177 732.231079 ) (-750 1177 732.231079 ) (-750 1177 860.231079 ) 
4 97 113 (-784 1076 732.231079 ) (-784 1160 732.231079 ) (-536 1160 732.231079 ) (-536 1076 732.231079 ) 
4 97 102 (-784 1160 732.231079 ) (-784 1076 732.231079 ) (-784 1076 860.231079 ) (-784 1160 860.231079 ) 
4 98 176 (-536 1024 860.231079 ) (-784 1024 860.231079 ) (-784 1024 732.231079 ) (-536 1024 732.231079 ) 
4 98 104 (-784 1068 732.231079 ) (-784 1024 732.231079 ) (-784 1024 860.231079 ) (-784 1068 860.231079 ) 
4 99 110 (-784 1788 732.231079 ) (-784 1560 732.231079 ) (-800 1560 732.231079 ) (-800 1788 732.231079 ) 
4 99 105 (-800 1788 732.231079 ) (-800 1560 732.231079 ) (-800 1560 860.231079 ) (-800 1788 860.231079 ) 
4 100 105 (-800 1296 768.231079 ) (-800 1296 840.231079 ) (-800 1392 840.231079 ) (-800 1392 768.231079 ) 
4 101 105 (-800 1192 768.231079 ) (-800 1192 840.231079 ) (-800 1288 840.231079 ) (-800 1288 768.231079 ) 
4 102 114 (-792 1076 732.231079 ) (-800 1076 732.231079 ) (-800 1176 732.231079 ) (-792 1176 732.231079 ) 
4 102 113 (-784 1176 732.231079 ) (-784 1076 732.231079 ) (-792 1076 732.231079 ) (-792 1176 732.231079 ) 
4 102 105 (-800 1176 732.231079 ) (-800 1076 732.231079 ) (-800 1076 860.231079 ) (-800 1176 860.231079 ) 
4 102 103 (-800 1076 860.231079 ) (-800 1076 732.231079 ) (-792 1076 732.231079 ) (-792 1076 860.231079 ) 
4 103 114 (-792 1068 732.231079 ) (-800 1068 732.231079 ) (-800 1076 732.231079 ) (-792 1076 732.231079 ) 
4 103 105 (-800 1076 732.231079 ) (-800 1068 732.231079 ) (-800 1068 860.231079 ) (-800 1076 860.231079 ) 
4 104 176 (-784 1024 860.231079 ) (-792 1024 860.231079 ) (-792 1024 732.231079 ) (-784 1024 732.231079 ) 
4 105 179 (-800 1024 860.231079 ) (-1020 1024 860.231079 ) (-1020 1024 732.231079 ) (-800 1024 732.231079 ) 
4 105 114 (-800 1176 732.231079 ) (-800 1024 732.231079 ) (-1020 1024 732.231079 ) (-1020 1176 732.231079 ) 
4 105 111 (-800 1560 732.231079 ) (-800 1176 732.231079 ) (-1020 1176 732.231079 ) (-1020 1560 732.231079 ) 
4 105 110 (-800 1788 732.231079 ) (-800 1560 732.231079 ) (-1020 1560 732.231079 ) (-1020 1788 732.231079 ) 
4 106 115 (-400 1528 716.231079 ) (-400 1788 716.231079 ) (-132 1788 716.231079 ) (-132 1528 716.231079 ) 
4 106 109 (-400 1788 716.231079 ) (-400 1568 716.231079 ) (-400 1568 732.231079 ) (-400 1788 732.231079 ) 
4 106 107 (-392 1528 716.231079 ) (-132 1528 716.231079 ) (-132 1528 732.231079 ) (-392 1528 732.231079 ) 
4 107 115 (-392 1528 716.231079 ) (-132 1528 716.231079 ) (-132 1176 716.231079 ) (-392 1176 716.231079 ) 
4 107 108 (-264 1176 716.231079 ) (-132 1176 716.231079 ) (-132 1176 732.231079 ) (-264 1176 732.231079 ) 
4 108 193 (-132 1024 732.231079 ) (-264 1024 732.231079 ) (-264 1024 716.231079 ) (-132 1024 716.231079 ) 
4 108 115 (-132 1024 716.231079 ) (-264 1024 716.231079 ) (-264 1176 716.231079 ) (-132 1176 716.231079 ) 
4 109 115 (-400 1788 716.231079 ) (-400 1568 716.231079 ) (-528 1568 716.231079 ) (-528 1788 716.231079 ) 
4 109 110 (-528 1788 732.231079 ) (-528 1788 716.231079 ) (-528 1568 716.231079 ) (-528 1568 732.231079 ) 
4 110 115 (-528 1560 716.231079 ) (-1020 1560 716.231079 ) (-1020 1788 716.231079 ) (-528 1788 716.231079 ) 
4 110 111 (-1020 1560 732.231079 ) (-1020 1560 716.231079 ) (-784 1560 716.231079 ) (-784 1560 732.231079 ) 
4 111 115 (-784 1176 716.231079 ) (-1020 1176 716.231079 ) (-1020 1560 716.231079 ) (-784 1560 716.231079 ) 
4 111 114 (-1020 1176 716.231079 ) (-792 1176 716.231079 ) (-792 1176 732.231079 ) (-1020 1176 732.231079 ) 
4 111 113 (-792 1176 716.231079 ) (-784 1176 716.231079 ) (-784 1176 732.231079 ) (-792 1176 732.231079 ) 
4 112 115 (-536 1036 716.231079 ) (-536 1176 716.231079 ) (-528 1176 716.231079 ) (-528 1036 716.231079 ) 
4 112 113 (-536 1176 732.231079 ) (-536 1176 716.231079 ) (-536 1068 716.231079 ) (-536 1068 732.231079 ) 
4 113 115 (-792 1068 716.231079 ) (-792 1176 716.231079 ) (-536 1176 716.231079 ) (-536 1068 716.231079 ) 
4 113 114 (-792 1176 732.231079 ) (-792 1176 716.231079 ) (-792 1068 716.231079 ) (-792 1068 732.231079 ) 
4 114 196 (-792 1024 732.231079 ) (-1020 1024 732.231079 ) (-1020 1024 716.231079 ) (-792 1024 716.231079 ) 
4 114 115 (-792 1024 716.231079 ) (-1020 1024 716.231079 ) (-1020 1176 716.231079 ) (-792 1176 716.231079 ) 
4 115 212 (-1020 1024 512 ) (-1020 1024 388 ) (-160 1024 388 ) (-160 1024 512 ) 
4 115 210 (-160 1024 388 ) (-132 1024 388 ) (-132 1024 512 ) (-160 1024 512 ) 
4 115 208 (-1020 1024 640 ) (-1020 1024 512 ) (-132 1024 512 ) (-132 1024 640 ) 
4 115 207 (-1020 1024 704 ) (-1020 1024 640 ) (-608 1024 640 ) (-608 1024 704 ) 
4 115 206 (-608 1024 640 ) (-132 1024 640 ) (-132 1024 704 ) (-608 1024 704 ) 
4 115 197 (-132 1024 716.231079 ) (-1020 1024 716.231079 ) (-1020 1024 704 ) (-132 1024 704 ) 
4 117 213 (0 640 388 ) (0 640 168 ) (0 192 168 ) (0 192 388 ) 
4 117 209 (0 192 512 ) (0 640 512 ) (0 640 388 ) (0 192 388 ) 
4 117 124 (672 640 168 ) (736 640 168 ) (736 192 168 ) (672 192 168 ) 
4 117 126 (0 192 168 ) (0 640 168 ) (672 640 168 ) (672 192 168 ) 
4 117 121 (736 192 198.611008 ) (736 192 512 ) (672 192 512 ) (672 192 198.611008 ) 
4 117 122 (0 192 168 ) (672 192 168 ) (672 192 512 ) (0 192 512 ) 
4 118 215 (1024 0 320 ) (1024 0 512 ) (992 0 512 ) (992 0 320 ) 
4 118 120 (992 192 512 ) (992 192 320 ) (992 0 320 ) (992 0 512 ) 
4 119 216 (1024 0 168 ) (1024 0 192 ) (992 0 192 ) (992 0 168 ) 
4 119 123 (1024 0 168 ) (992 0 168 ) (992 192 168 ) (1024 192 168 ) 
4 119 120 (992 192 192 ) (992 192 168 ) (992 0 168 ) (992 0 192 ) 
4 120 217 (992 0 512 ) (736 0 512 ) (736 0 168 ) (992 0 168 ) 
4 120 123 (992 0 168 ) (736 0 168 ) (736 192 168 ) (992 192 168 ) 
4 120 121 (736 192 512 ) (736 192 198.611008 ) (736 0 198.611008 ) (736 0 512 ) 
4 121 218 (736 0 512 ) (672 0 512 ) (672 0 198.611008 ) (736 0 198.611008 ) 
4 121 122 (672 192 512 ) (672 192 198.611008 ) (672 0 198.611008 ) (672 0 512 ) 
4 122 219 (672 0 512 ) (0 0 512 ) (0 0 168 ) (672 0 168 ) 
4 122 213 (0 0 168 ) (0 0 388 ) (0 192 388 ) (0 192 168 ) 
4 122 209 (0 0 388 ) (0 0 512 ) (0 192 512 ) (0 192 388 ) 
4 122 126 (672 0 168 ) (0 0 168 ) (0 192 168 ) (672 192 168 ) 
4 123 221 (1024 0 0 ) (1024 0 168 ) (736 0 168 ) (736 0 0 ) 
4 123 125 (736 192 0 ) (736 0 0 ) (736 0 128 ) (736 192 128 ) 
4 124 125 (672 192 128 ) (672 192 0 ) (736 192 0 ) (736 192 128 ) 
4 124 126 (672 640 168 ) (672 640 0 ) (672 192 0 ) (672 192 168 ) 
4 125 222 (672 0 128 ) (672 0 0 ) (736 0 0 ) (736 0 128 ) 
4 125 126 (672 192 0 ) (672 0 0 ) (672 0 128 ) (672 192 128 ) 
4 126 224 (672 0 168 ) (0 0 168 ) (0 0 0 ) (672 0 0 ) 
4 126 214 (0 0 0 ) (0 0 168 ) (0 640 168 ) (0 640 0 ) 
4 127 150 (-296 920 868.231079 ) (-132 920 868.231079 ) (-132 920 876.231079 ) (-296 920 876.231079 ) 
4 127 143 (-132 920 876.231079 ) (-132 920 1020 ) (-296 920 1020 ) (-296 920 876.231079 ) 
4 127 136 (-132 920 868.231079 ) (-264 920 868.231079 ) (-264 1024 868.231079 ) (-132 1024 868.231079 ) 
4 127 129 (-296 952 876.231079 ) (-296 952 1020 ) (-296 1016 1020 ) (-296 1016 876.231079 ) 
4 127 128 (-296 1024 868.231079 ) (-296 1016 868.231079 ) (-296 1016 1020 ) (-296 1024 1020 ) 
4 127 130 (-296 952 868.231079 ) (-296 920 868.231079 ) (-296 920 1020 ) (-296 952 1020 ) 
4 128 129 (-360 1016 1020 ) (-360 1016 876.231079 ) (-296 1016 876.231079 ) (-296 1016 1020 ) 
4 128 131 (-360 1024 868.231079 ) (-360 1016 868.231079 ) (-360 1016 1020 ) (-360 1024 1020 ) 
4 129 131 (-360 952 876.231079 ) (-360 952 1020 ) (-360 1016 1020 ) (-360 1016 876.231079 ) 
4 129 130 (-360 952 1020 ) (-360 952 876.231079 ) (-296 952 876.231079 ) (-296 952 1020 ) 
4 130 151 (-360 920 868.231079 ) (-352 920 868.231079 ) (-352 920 876.231079 ) (-360 920 876.231079 ) 
4 130 150 (-352 920 868.231079 ) (-296 920 868.231079 ) (-296 920 876.231079 ) (-352 920 876.231079 ) 
4 130 143 (-296 920 876.231079 ) (-296 920 1020 ) (-360 920 1020 ) (-360 920 876.231079 ) 
4 130 131 (-360 952 868.231079 ) (-360 920 868.231079 ) (-360 920 1020 ) (-360 952 1020 ) 
4 131 151 (-432 920 868.231079 ) (-360 920 868.231079 ) (-360 920 876.231079 ) (-432 920 876.231079 ) 
4 131 144 (-384 920 1020 ) (-432 920 1020 ) (-432 920 876.231079 ) (-384 920 876.231079 ) 
4 131 143 (-360 920 876.231079 ) (-360 920 1020 ) (-384 920 1020 ) (-384 920 876.231079 ) 
4 131 138 (-392 920 868.231079 ) (-400 920 868.231079 ) (-400 1024 868.231079 ) (-392 1024 868.231079 ) 
4 131 133 (-432 952 876.231079 ) (-432 952 1020 ) (-432 1016 1020 ) (-432 1016 876.231079 ) 
4 131 132 (-432 1024 868.231079 ) (-432 1016 868.231079 ) (-432 1016 1020 ) (-432 1024 1020 ) 
4 131 134 (-432 952 868.231079 ) (-432 920 868.231079 ) (-432 920 1020 ) (-432 952 1020 ) 
4 132 133 (-496 1016 1020 ) (-496 1016 876.231079 ) (-432 1016 876.231079 ) (-432 1016 1020 ) 
4 132 135 (-496 1024 868.231079 ) (-496 1016 868.231079 ) (-496 1016 1020 ) (-496 1024 1020 ) 
4 133 135 (-496 952 876.231079 ) (-496 952 1020 ) (-496 1016 1020 ) (-496 1016 876.231079 ) 
4 133 134 (-496 952 1020 ) (-496 952 876.231079 ) (-432 952 876.231079 ) (-432 952 1020 ) 
4 134 151 (-496 920 868.231079 ) (-432 920 868.231079 ) (-432 920 876.231079 ) (-496 920 876.231079 ) 
4 134 147 (-480 920 1020 ) (-496 920 1020 ) (-496 920 876.231079 ) (-480 920 876.231079 ) 
4 134 144 (-432 920 876.231079 ) (-432 920 1020 ) (-448 920 1020 ) (-448 920 876.231079 ) 
4 134 146 (-448 920 1020 ) (-480 920 1020 ) (-480 920 876.231079 ) (-448 920 876.231079 ) 
4 134 135 (-496 952 868.231079 ) (-496 920 868.231079 ) (-496 920 1020 ) (-496 952 1020 ) 
4 135 152 (-1020 920 868.231079 ) (-576 920 868.231079 ) (-576 920 876.231079 ) (-1020 920 876.231079 ) 
4 135 151 (-576 920 868.231079 ) (-496 920 868.231079 ) (-496 920 876.231079 ) (-576 920 876.231079 ) 
4 135 149 (-544 920 1020 ) (-1020 920 1020 ) (-1020 920 876.231079 ) (-544 920 876.231079 ) 
4 135 147 (-496 920 876.231079 ) (-496 920 1020 ) (-544 920 1020 ) (-544 920 876.231079 ) 
4 135 141 (-536 920 868.231079 ) (-792 920 868.231079 ) (-792 940 868.231079 ) (-536 940 868.231079 ) 
4 135 142 (-792 920 868.231079 ) (-1020 920 868.231079 ) (-1020 1024 868.231079 ) (-792 1024 868.231079 ) 
4 135 140 (-528 920 868.231079 ) (-536 920 868.231079 ) (-536 1024 868.231079 ) (-528 1024 868.231079 ) 
4 136 162 (-256 1024 860.231079 ) (-132 1024 860.231079 ) (-132 920 860.231079 ) (-256 920 860.231079 ) 
4 136 150 (-264 920 860.231079 ) (-132 920 860.231079 ) (-132 920 868.231079 ) (-264 920 868.231079 ) 
4 137 167 (-296 1016 860.231079 ) (-296 952 860.231079 ) (-360 952 860.231079 ) (-360 1016 860.231079 ) 
4 138 151 (-400 920 860.231079 ) (-392 920 860.231079 ) (-392 920 868.231079 ) (-400 920 868.231079 ) 
4 139 175 (-432 972 860.231079 ) (-432 952 860.231079 ) (-496 952 860.231079 ) (-496 972 860.231079 ) 
4 139 173 (-432 1016 860.231079 ) (-432 972 860.231079 ) (-496 972 860.231079 ) (-496 1016 860.231079 ) 
4 140 151 (-536 920 860.231079 ) (-528 920 860.231079 ) (-528 920 868.231079 ) (-536 920 868.231079 ) 
4 140 141 (-536 940 860.231079 ) (-536 920 860.231079 ) (-536 920 868.231079 ) (-536 940 868.231079 ) 
4 141 177 (-536 932 860.231079 ) (-536 920 860.231079 ) (-792 920 860.231079 ) (-792 932 860.231079 ) 
4 141 152 (-792 920 860.231079 ) (-576 920 860.231079 ) (-576 920 868.231079 ) (-792 920 868.231079 ) 
4 141 151 (-576 920 860.231079 ) (-536 920 860.231079 ) (-536 920 868.231079 ) (-576 920 868.231079 ) 
4 141 142 (-792 940 860.231079 ) (-792 920 860.231079 ) (-792 920 868.231079 ) (-792 940 868.231079 ) 
4 142 178 (-792 940 860.231079 ) (-792 920 860.231079 ) (-800 920 860.231079 ) (-800 940 860.231079 ) 
4 142 179 (-1020 1024 860.231079 ) (-800 1024 860.231079 ) (-800 920 860.231079 ) (-1020 920 860.231079 ) 
4 142 152 (-1020 920 860.231079 ) (-792 920 860.231079 ) (-792 920 868.231079 ) (-1020 920 868.231079 ) 
4 143 158 (-352 816 1020 ) (-384 816 1020 ) (-384 816 876.231079 ) (-352 816 876.231079 ) 
4 143 157 (-132 816 1020 ) (-352 816 1020 ) (-352 816 876.231079 ) (-132 816 876.231079 ) 
4 143 153 (-132 816 876.231079 ) (-352 816 876.231079 ) (-352 880 876.231079 ) (-132 880 876.231079 ) 
4 143 151 (-384 912 876.231079 ) (-384 920 876.231079 ) (-352 920 876.231079 ) (-352 912 876.231079 ) 
4 143 150 (-352 920 876.231079 ) (-132 920 876.231079 ) (-132 880 876.231079 ) (-352 880 876.231079 ) 
4 143 145 (-384 816 892.231079 ) (-384 816 1020 ) (-384 880 1020 ) (-384 880 892.231079 ) 
4 143 144 (-384 920 876.231079 ) (-384 880 876.231079 ) (-384 880 1020 ) (-384 920 1020 ) 
4 144 151 (-448 912 876.231079 ) (-448 920 876.231079 ) (-384 920 876.231079 ) (-384 912 876.231079 ) 
4 144 145 (-448 880 1020 ) (-448 880 892.231079 ) (-384 880 892.231079 ) (-384 880 1020 ) 
4 144 146 (-448 920 876.231079 ) (-448 880 876.231079 ) (-448 880 1020 ) (-448 920 1020 ) 
4 145 158 (-384 816 1020 ) (-448 816 1020 ) (-448 816 892.231079 ) (-384 816 892.231079 ) 
4 145 146 (-448 816 892.231079 ) (-448 816 1020 ) (-448 880 1020 ) (-448 880 892.231079 ) 
4 146 158 (-448 816 1020 ) (-480 816 1020 ) (-480 816 876.231079 ) (-448 816 876.231079 ) 
4 146 151 (-480 912 876.231079 ) (-480 920 876.231079 ) (-448 920 876.231079 ) (-448 912 876.231079 ) 
4 146 148 (-480 816 892.231079 ) (-480 816 1020 ) (-480 880 1020 ) (-480 880 892.231079 ) 
4 146 147 (-480 920 876.231079 ) (-480 880 876.231079 ) (-480 880 1020 ) (-480 920 1020 ) 
4 147 151 (-544 912 876.231079 ) (-544 920 876.231079 ) (-480 920 876.231079 ) (-480 912 876.231079 ) 
4 147 149 (-544 920 876.231079 ) (-544 880 876.231079 ) (-544 880 1020 ) (-544 920 1020 ) 
4 147 148 (-544 880 1020 ) (-544 880 892.231079 ) (-480 880 892.231079 ) (-480 880 1020 ) 
4 148 158 (-480 816 1020 ) (-544 816 1020 ) (-544 816 892.231079 ) (-480 816 892.231079 ) 
4 148 149 (-544 816 892.231079 ) (-544 816 1020 ) (-544 880 1020 ) (-544 880 892.231079 ) 
4 149 161 (-608 816 1020 ) (-1020 816 1020 ) (-1020 816 876.231079 ) (-608 816 876.231079 ) 
4 149 158 (-544 816 1020 ) (-576 816 1020 ) (-576 816 876.231079 ) (-544 816 876.231079 ) 
4 149 160 (-576 816 1020 ) (-608 816 1020 ) (-608 816 876.231079 ) (-576 816 876.231079 ) 
4 149 156 (-576 816 876.231079 ) (-1020 816 876.231079 ) (-1020 880 876.231079 ) (-576 880 876.231079 ) 
4 149 152 (-1020 880 876.231079 ) (-1020 920 876.231079 ) (-576 920 876.231079 ) (-576 880 876.231079 ) 
4 149 151 (-576 920 876.231079 ) (-544 920 876.231079 ) (-544 912 876.231079 ) (-576 912 876.231079 ) 
4 150 183 (-132 912 860.231079 ) (-132 880 860.231079 ) (-336 880 860.231079 ) (-336 912 860.231079 ) 
4 150 180 (-264 920 860.231079 ) (-132 920 860.231079 ) (-132 912 860.231079 ) (-264 912 860.231079 ) 
4 150 153 (-352 880 860.231079 ) (-132 880 860.231079 ) (-132 880 876.231079 ) (-352 880 876.231079 ) 
4 150 151 (-352 912 876.231079 ) (-352 920 876.231079 ) (-352 920 860.231079 ) (-352 912 860.231079 ) 
4 151 152 (-576 912 876.231079 ) (-576 920 876.231079 ) (-576 920 860.231079 ) (-576 912 860.231079 ) 
4 152 188 (-584 880 860.231079 ) (-1020 880 860.231079 ) (-1020 912 860.231079 ) (-584 912 860.231079 ) 
4 152 182 (-1020 920 860.231079 ) (-576 920 860.231079 ) (-576 912 860.231079 ) (-1020 912 860.231079 ) 
4 152 156 (-1020 880 860.231079 ) (-576 880 860.231079 ) (-576 880 876.231079 ) (-1020 880 876.231079 ) 
4 153 183 (-336 880 860.231079 ) (-132 880 860.231079 ) (-132 816 860.231079 ) (-336 816 860.231079 ) 
4 153 157 (-352 816 860.231079 ) (-132 816 860.231079 ) (-132 816 876.231079 ) (-352 816 876.231079 ) 
4 154 184 (-448 880 860.231079 ) (-384 880 860.231079 ) (-384 816 860.231079 ) (-448 816 860.231079 ) 
4 155 185 (-517 880 860.231079 ) (-515 880 860.231079 ) (-515 816 860.231079 ) (-517 816 860.231079 ) 
4 155 187 (-544 880 860.231079 ) (-517 880 860.231079 ) (-517 816 860.231079 ) (-544 816 860.231079 ) 
4 155 184 (-515 880 860.231079 ) (-480 880 860.231079 ) (-480 816 860.231079 ) (-515 816 860.231079 ) 
4 156 188 (-1020 880 860.231079 ) (-584 880 860.231079 ) (-584 816 860.231079 ) (-1020 816 860.231079 ) 
4 156 161 (-1020 816 860.231079 ) (-608 816 860.231079 ) (-608 816 876.231079 ) (-1020 816 876.231079 ) 
4 156 160 (-608 816 860.231079 ) (-576 816 860.231079 ) (-576 816 876.231079 ) (-608 816 876.231079 ) 
4 157 191 (-132 768 860.231079 ) (-132 708 860.231079 ) (-352 708 860.231079 ) (-352 768 860.231079 ) 
4 157 189 (-132 784 860.231079 ) (-132 768 860.231079 ) (-352 768 860.231079 ) (-352 784 860.231079 ) 
4 157 183 (-336 816 860.231079 ) (-132 816 860.231079 ) (-132 784 860.231079 ) (-336 784 860.231079 ) 
4 157 158 (-352 784 1020 ) (-352 816 1020 ) (-352 816 876.231079 ) (-352 784 876.231079 ) 
4 157 159 (-352 708 860.231079 ) (-352 708 1020 ) (-352 784 1020 ) (-352 784 860.231079 ) 
4 158 159 (-576 784 1020 ) (-576 784 876.231079 ) (-352 784 876.231079 ) (-352 784 1020 ) 
4 158 160 (-576 784 1020 ) (-576 816 1020 ) (-576 816 876.231079 ) (-576 784 876.231079 ) 
4 159 191 (-352 768 860.231079 ) (-352 708 860.231079 ) (-576 708 860.231079 ) (-576 768 860.231079 ) 
4 159 160 (-576 708 860.231079 ) (-576 708 1020 ) (-576 784 1020 ) (-576 784 860.231079 ) 
4 160 191 (-608 708 860.231079 ) (-608 768 860.231079 ) (-576 768 860.231079 ) (-576 708 860.231079 ) 
4 160 190 (-608 768 860.231079 ) (-608 784 860.231079 ) (-576 784 860.231079 ) (-576 768 860.231079 ) 
4 160 188 (-608 784 860.231079 ) (-608 816 860.231079 ) (-584 816 860.231079 ) (-584 784 860.231079 ) 
4 160 161 (-608 708 1020 ) (-608 816 1020 ) (-608 816 860.231079 ) (-608 708 860.231079 ) 
4 161 192 (-1020 708 860.231079 ) (-1020 784 860.231079 ) (-608 784 860.231079 ) (-608 708 860.231079 ) 
4 161 188 (-1020 784 860.231079 ) (-1020 816 860.231079 ) (-608 816 860.231079 ) (-608 784 860.231079 ) 
4 162 193 (-256 1024 732.231079 ) (-132 1024 732.231079 ) (-132 920 732.231079 ) (-256 920 732.231079 ) 
4 162 180 (-256 920 732.231079 ) (-132 920 732.231079 ) (-132 920 860.231079 ) (-256 920 860.231079 ) 
4 163 165 (-266 1024 732.231079 ) (-266 1021 732.231079 ) (-266 1021 860.231079 ) (-266 1024 860.231079 ) 
4 163 164 (-266 1021 860.231079 ) (-266 1021 781.231079 ) (-264 1021 781.231079 ) (-264 1021 860.231079 ) 
4 164 170 (-266 920 781.231079 ) (-266 920 788.231079 ) (-266 922 788.231079 ) (-266 922 781.231079 ) 
4 164 168 (-266 920 788.231079 ) (-266 920 860.231079 ) (-266 922 860.231079 ) (-266 922 788.231079 ) 
4 164 166 (-266 922 860.231079 ) (-266 923 860.231079 ) (-266 923 781.231079 ) (-266 922 781.231079 ) 
4 164 165 (-266 923 860.231079 ) (-266 1021 860.231079 ) (-266 1021 781.231079 ) (-266 923 781.231079 ) 
4 165 166 (-267 923 860.231079 ) (-267 923 764.231079 ) (-266 923 764.231079 ) (-266 923 860.231079 ) 
4 165 167 (-267 1024 732.231079 ) (-267 923 732.231079 ) (-267 923 860.231079 ) (-267 1024 860.231079 ) 
4 166 170 (-266 922 781.231079 ) (-266 922 788.231079 ) (-267 922 788.231079 ) (-267 922 781.231079 ) 
4 166 168 (-266 922 788.231079 ) (-266 922 860.231079 ) (-267 922 860.231079 ) (-267 922 788.231079 ) 
4 166 167 (-267 922 764.231079 ) (-267 922 860.231079 ) (-267 923 860.231079 ) (-267 923 764.231079 ) 
4 167 172 (-392 952 768.231079 ) (-392 952 840.231079 ) (-392 1024 840.231079 ) (-392 1024 768.231079 ) 
4 167 170 (-267 922 781.231079 ) (-267 922 788.231079 ) (-330 922 788.231079 ) (-330 922 781.231079 ) 
4 167 171 (-392 922 788.231079 ) (-392 922 732.231079 ) (-390 922 732.231079 ) (-390 922 788.231079 ) 
4 167 169 (-392 922 860.231079 ) (-392 922 789.231079 ) (-330 922 789.231079 ) (-330 922 860.231079 ) 
4 167 168 (-330 922 788.231079 ) (-267 922 788.231079 ) (-267 922 860.231079 ) (-330 922 860.231079 ) 
4 168 170 (-330 922 788.231079 ) (-266 922 788.231079 ) (-266 920 788.231079 ) (-330 920 788.231079 ) 
4 168 169 (-330 922 860.231079 ) (-330 922 789.231079 ) (-330 920 789.231079 ) (-330 920 860.231079 ) 
4 172 175 (-400 952 768.231079 ) (-400 952 840.231079 ) (-400 972 840.231079 ) (-400 972 768.231079 ) 
4 172 173 (-400 972 840.231079 ) (-400 1024 840.231079 ) (-400 1024 768.231079 ) (-400 972 768.231079 ) 
4 173 175 (-528 972 732.231079 ) (-400 972 732.231079 ) (-400 972 860.231079 ) (-528 972 860.231079 ) 
4 173 174 (-528 1024 732.231079 ) (-528 972 732.231079 ) (-528 972 848.231079 ) (-528 1024 848.231079 ) 
4 174 176 (-536 1024 732.231079 ) (-536 972 732.231079 ) (-536 972 848.231079 ) (-536 1024 848.231079 ) 
4 175 181 (-496 920 732.231079 ) (-432 920 732.231079 ) (-432 920 848.231079 ) (-496 920 848.231079 ) 
4 177 195 (-536 932 732.231079 ) (-536 920 732.231079 ) (-792 920 732.231079 ) (-792 932 732.231079 ) 
4 177 182 (-792 920 732.231079 ) (-576 920 732.231079 ) (-576 920 860.231079 ) (-792 920 860.231079 ) 
4 177 178 (-792 932 732.231079 ) (-792 920 732.231079 ) (-792 920 860.231079 ) (-792 932 860.231079 ) 
4 178 196 (-792 940 732.231079 ) (-792 920 732.231079 ) (-800 920 732.231079 ) (-800 940 732.231079 ) 
4 178 182 (-800 920 732.231079 ) (-792 920 732.231079 ) (-792 920 860.231079 ) (-800 920 860.231079 ) 
4 178 179 (-800 940 732.231079 ) (-800 920 732.231079 ) (-800 920 860.231079 ) (-800 940 860.231079 ) 
4 179 196 (-1020 1024 732.231079 ) (-800 1024 732.231079 ) (-800 920 732.231079 ) (-1020 920 732.231079 ) 
4 179 182 (-1020 920 732.231079 ) (-800 920 732.231079 ) (-800 920 860.231079 ) (-1020 920 860.231079 ) 
4 180 198 (-264 920 732.231079 ) (-132 920 732.231079 ) (-132 912 732.231079 ) (-264 912 732.231079 ) 
4 180 183 (-264 912 732.231079 ) (-132 912 732.231079 ) (-132 912 860.231079 ) (-264 912 860.231079 ) 
4 181 184 (-496 912 732.231079 ) (-432 912 732.231079 ) (-432 912 848.231079 ) (-496 912 848.231079 ) 
4 182 205 (-1020 920 732.231079 ) (-608 920 732.231079 ) (-608 912 732.231079 ) (-1020 912 732.231079 ) 
4 182 200 (-608 920 732.231079 ) (-576 920 732.231079 ) (-576 912 732.231079 ) (-608 912 732.231079 ) 
4 182 188 (-1020 912 732.231079 ) (-584 912 732.231079 ) (-584 912 860.231079 ) (-1020 912 860.231079 ) 
4 183 201 (-336 912 732.231079 ) (-132 912 732.231079 ) (-132 784 732.231079 ) (-336 784 732.231079 ) 
4 183 189 (-336 784 732.231079 ) (-132 784 732.231079 ) (-132 784 860.231079 ) (-336 784 860.231079 ) 
4 184 186 (-515 784 788.231079 ) (-515 784 860.231079 ) (-515 786 860.231079 ) (-515 786 788.231079 ) 
4 184 185 (-515 912 860.231079 ) (-515 912 732.231079 ) (-515 786 732.231079 ) (-515 786 860.231079 ) 
4 185 186 (-517 786 860.231079 ) (-517 786 788.231079 ) (-515 786 788.231079 ) (-515 786 860.231079 ) 
4 185 187 (-517 912 860.231079 ) (-517 912 732.231079 ) (-517 786 732.231079 ) (-517 786 860.231079 ) 
4 186 187 (-517 784 788.231079 ) (-517 784 860.231079 ) (-517 786 860.231079 ) (-517 786 788.231079 ) 
4 188 205 (-1020 912 732.231079 ) (-608 912 732.231079 ) (-608 784 732.231079 ) (-1020 784 732.231079 ) 
4 188 204 (-608 912 732.231079 ) (-584 912 732.231079 ) (-584 784 732.231079 ) (-608 784 732.231079 ) 
4 188 192 (-1020 784 732.231079 ) (-608 784 732.231079 ) (-608 784 860.231079 ) (-1020 784 860.231079 ) 
4 188 190 (-608 784 732.231079 ) (-584 784 732.231079 ) (-584 784 860.231079 ) (-608 784 860.231079 ) 
4 189 201 (-352 784 732.231079 ) (-132 784 732.231079 ) (-132 768 732.231079 ) (-352 768 732.231079 ) 
4 189 191 (-352 768 732.231079 ) (-132 768 732.231079 ) (-132 768 860.231079 ) (-352 768 860.231079 ) 
4 190 204 (-608 784 732.231079 ) (-576 784 732.231079 ) (-576 768 732.231079 ) (-608 768 732.231079 ) 
4 190 192 (-608 784 860.231079 ) (-608 784 732.231079 ) (-608 768 732.231079 ) (-608 768 860.231079 ) 
4 190 191 (-608 768 860.231079 ) (-608 768 732.231079 ) (-576 768 732.231079 ) (-576 768 860.231079 ) 
4 191 203 (-352 708 732.231079 ) (-576 708 732.231079 ) (-576 768 732.231079 ) (-352 768 732.231079 ) 
4 191 201 (-132 768 732.231079 ) (-132 708 732.231079 ) (-352 708 732.231079 ) (-352 768 732.231079 ) 
4 191 204 (-576 708 732.231079 ) (-608 708 732.231079 ) (-608 768 732.231079 ) (-576 768 732.231079 ) 
4 191 192 (-608 768 732.231079 ) (-608 708 732.231079 ) (-608 708 860.231079 ) (-608 768 860.231079 ) 
4 192 205 (-1020 784 732.231079 ) (-608 784 732.231079 ) (-608 708 732.231079 ) (-1020 708 732.231079 ) 
4 193 198 (-132 920 732.231079 ) (-264 920 732.231079 ) (-264 920 716.231079 ) (-132 920 716.231079 ) 
4 193 197 (-132 920 716.231079 ) (-264 920 716.231079 ) (-264 1024 716.231079 ) (-132 1024 716.231079 ) 
4 194 200 (-528 920 732.231079 ) (-536 920 732.231079 ) (-536 920 716.231079 ) (-528 920 716.231079 ) 
4 194 197 (-528 920 716.231079 ) (-536 920 716.231079 ) (-536 972 716.231079 ) (-528 972 716.231079 ) 
4 194 195 (-536 940 716.231079 ) (-536 920 716.231079 ) (-536 920 732.231079 ) (-536 940 732.231079 ) 
4 195 205 (-608 920 732.231079 ) (-792 920 732.231079 ) (-792 920 716.231079 ) (-608 920 716.231079 ) 
4 195 200 (-536 920 732.231079 ) (-608 920 732.231079 ) (-608 920 716.231079 ) (-536 920 716.231079 ) 
4 195 197 (-536 920 716.231079 ) (-792 920 716.231079 ) (-792 940 716.231079 ) (-536 940 716.231079 ) 
4 195 196 (-792 940 716.231079 ) (-792 920 716.231079 ) (-792 920 732.231079 ) (-792 940 732.231079 ) 
4 196 205 (-792 920 732.231079 ) (-1020 920 732.231079 ) (-1020 920 716.231079 ) (-792 920 716.231079 ) 
4 196 197 (-792 920 716.231079 ) (-1020 920 716.231079 ) (-1020 1024 716.231079 ) (-792 1024 716.231079 ) 
4 197 207 (-1020 1024 704 ) (-608 1024 704 ) (-608 920 704 ) (-1020 920 704 ) 
4 197 206 (-608 1024 704 ) (-132 1024 704 ) (-132 920 704 ) (-608 920 704 ) 
4 197 205 (-1020 920 704 ) (-608 920 704 ) (-608 920 716.231079 ) (-1020 920 716.231079 ) 
4 197 199 (-528 920 704 ) (-400 920 704 ) (-400 920 716.231079 ) (-528 920 716.231079 ) 
4 197 198 (-400 920 704 ) (-132 920 704 ) (-132 920 716.231079 ) (-400 920 716.231079 ) 
4 197 200 (-608 920 704 ) (-528 920 704 ) (-528 920 716.231079 ) (-608 920 716.231079 ) 
4 198 206 (-400 920 704 ) (-132 920 704 ) (-132 912 704 ) (-400 912 704 ) 
4 198 202 (-400 912 704 ) (-352 912 704 ) (-352 912 716.231079 ) (-400 912 716.231079 ) 
4 198 201 (-352 912 704 ) (-132 912 704 ) (-132 912 732.231079 ) (-352 912 732.231079 ) 
4 198 199 (-400 920 716.231079 ) (-400 920 704 ) (-400 912 704 ) (-400 912 716.231079 ) 
4 199 206 (-528 920 704 ) (-400 920 704 ) (-400 912 704 ) (-528 912 704 ) 
4 199 202 (-528 912 704 ) (-400 912 704 ) (-400 912 716.231079 ) (-528 912 716.231079 ) 
4 199 200 (-528 920 716.231079 ) (-528 920 704 ) (-528 912 704 ) (-528 912 716.231079 ) 
4 200 206 (-608 920 704 ) (-528 920 704 ) (-528 912 704 ) (-608 912 704 ) 
4 200 205 (-608 920 732.231079 ) (-608 920 704 ) (-608 912 704 ) (-608 912 732.231079 ) 
4 200 202 (-576 912 704 ) (-528 912 704 ) (-528 912 716.231079 ) (-576 912 716.231079 ) 
4 200 204 (-608 912 732.231079 ) (-608 912 704 ) (-576 912 704 ) (-576 912 732.231079 ) 
4 201 206 (-132 912 704 ) (-132 708 704 ) (-352 708 704 ) (-352 912 704 ) 
4 201 202 (-352 912 716.231079 ) (-352 912 704 ) (-352 784 704 ) (-352 784 716.231079 ) 
4 201 203 (-352 784 704 ) (-352 708 704 ) (-352 708 732.231079 ) (-352 784 732.231079 ) 
4 202 206 (-576 784 704 ) (-576 912 704 ) (-352 912 704 ) (-352 784 704 ) 
4 202 203 (-576 784 716.231079 ) (-576 784 704 ) (-352 784 704 ) (-352 784 716.231079 ) 
4 202 204 (-576 912 716.231079 ) (-576 912 704 ) (-576 784 704 ) (-576 784 716.231079 ) 
4 203 206 (-352 708 704 ) (-576 708 704 ) (-576 784 704 ) (-352 784 704 ) 
4 203 204 (-576 784 704 ) (-576 708 704 ) (-576 708 732.231079 ) (-576 784 732.231079 ) 
4 204 206 (-576 708 704 ) (-608 708 704 ) (-608 912 704 ) (-576 912 704 ) 
4 204 205 (-608 912 704 ) (-608 708 704 ) (-608 708 732.231079 ) (-608 912 732.231079 ) 
4 205 207 (-1020 920 704 ) (-608 920 704 ) (-608 708 704 ) (-1020 708 704 ) 
4 206 208 (-608 708 640 ) (-608 1024 640 ) (-132 1024 640 ) (-132 708 640 ) 
4 206 207 (-608 1024 640 ) (-608 708 640 ) (-608 708 704 ) (-608 1024 704 ) 
4 207 208 (-1020 708 640 ) (-1020 1024 640 ) (-608 1024 640 ) (-608 708 640 ) 
4 208 212 (-1020 708 512 ) (-1020 1024 512 ) (-160 1024 512 ) (-160 708 512 ) 
4 208 210 (-160 1024 512 ) (-132 1024 512 ) (-132 708 512 ) (-160 708 512 ) 
4 209 225 (0 0 388 ) (0 0 512 ) (-132 0 512 ) (-132 0 388 ) 
4 209 213 (0 640 388 ) (0 0 388 ) (-132 0 388 ) (-132 640 388 ) 
4 209 211 (-132 640 388 ) (-132 0 388 ) (-132 0 512 ) (-132 640 512 ) 
4 210 212 (-160 1024 388 ) (-160 708 388 ) (-160 708 512 ) (-160 1024 512 ) 
4 211 225 (-132 0 512 ) (-160 0 512 ) (-160 0 388 ) (-132 0 388 ) 
4 211 213 (-132 640 388 ) (-132 0 388 ) (-160 0 388 ) (-160 640 388 ) 
4 213 225 (0 0 168 ) (0 0 388 ) (-160 0 388 ) (-160 0 168 ) 
4 213 214 (0 0 168 ) (-160 0 168 ) (-160 640 168 ) (0 640 168 ) 
4 214 226 (0 0 0 ) (0 0 168 ) (-160 0 168 ) (-160 0 0 ) 
4 215 217 (992 -128 320 ) (992 -128 512 ) (992 0 512 ) (992 0 320 ) 
4 216 221 (992 0 168 ) (1024 0 168 ) (1024 -128 168 ) (992 -128 168 ) 
4 216 217 (992 0 168 ) (992 -128 168 ) (992 -128 192 ) (992 0 192 ) 
4 217 221 (736 0 168 ) (992 0 168 ) (992 -128 168 ) (736 -128 168 ) 
4 217 218 (736 -128 198.611008 ) (736 -128 512 ) (736 0 512 ) (736 0 198.611008 ) 
4 218 220 (736 -128 198.611008 ) (736 -128 512 ) (672 -128 512 ) (672 -128 198.611008 ) 
4 218 219 (672 -128 198.611008 ) (672 -128 512 ) (672 0 512 ) (672 0 198.611008 ) 
4 219 225 (0 0 512 ) (0 0 168 ) (0 -128 168 ) (0 -128 512 ) 
4 219 224 (0 -128 168 ) (0 0 168 ) (672 0 168 ) (672 -128 168 ) 
4 219 220 (0 -128 168 ) (672 -128 168 ) (672 -128 512 ) (0 -128 512 ) 
4 220 225 (0 -128 168 ) (0 -640 168 ) (0 -640 512 ) (0 -128 512 ) 
4 220 223 (672 -128 168 ) (736 -128 168 ) (736 -640 168 ) (672 -640 168 ) 
4 220 224 (0 -640 168 ) (0 -128 168 ) (672 -128 168 ) (672 -640 168 ) 
4 221 222 (736 0 0 ) (736 -128 0 ) (736 -128 128 ) (736 0 128 ) 
4 222 223 (672 -128 128 ) (672 -128 0 ) (736 -128 0 ) (736 -128 128 ) 
4 222 224 (672 0 0 ) (672 -128 0 ) (672 -128 128 ) (672 0 128 ) 
4 223 224 (672 -128 0 ) (672 -640 0 ) (672 -640 168 ) (672 -128 168 ) 
4 224 226 (0 0 168 ) (0 0 0 ) (0 -640 0 ) (0 -640 168 ) 
4 225 226 (-160 0 168 ) (0 0 168 ) (0 -640 168 ) (-160 -640 168 ) 
