PRT1
12
20
4 0 6 (224.001953 0 768 ) (0 0 768 ) (0 0 304 ) (224.001999 0 304 ) 
4 0 3 (0 0 304 ) (0 0 768 ) (0 224.001999 768 ) (0 224.001953 304 ) 
9 0 1 (0 0 304 ) (0 160 304 ) (24 160 304 ) (59.008644 149.997528 304 ) (92.998474 131.003510 304 ) (131.001221 93 304 ) (149.997910 59.007343 304 ) (160 24 304 ) (160 0 304 ) 
4 1 7 (160 0 304 ) (0 0 304 ) (0 0 240 ) (160 0 240 ) 
4 1 4 (0 0 240 ) (0 0 304 ) (0 160 304 ) (0 160 240 ) 
9 1 2 (160 0 240 ) (0 0 240 ) (0 160 240 ) (24 160 240 ) (59.005577 149.998413 240 ) (93 131.001602 240 ) (131.002014 93 240 ) (149.997528 59.008652 240 ) (160 24 240 ) 
4 2 8 (256 0 240 ) (0 0 240 ) (0 0 32 ) (256 0 32 ) 
4 2 5 (0 0 32 ) (0 0 240 ) (0 256 240 ) (0 256 32 ) 
4 3 9 (0 0 304 ) (0 0 768 ) (-224 0 768 ) (-224 0 304 ) 
9 3 4 (0 0 304 ) (-160 0 304 ) (-160 24 304 ) (-149.997543 59.008614 304 ) (-131.005997 92.994011 304 ) (-92.995834 131.004181 304 ) (-59.005676 149.998383 304 ) (-24 160 304 ) (0 160 304 ) 
4 4 10 (0 0 240 ) (0 0 304 ) (-160 0 304 ) (-160 0 240 ) 
9 4 5 (0 160 240 ) (0 0 240 ) (-160 0 240 ) (-160 24 240 ) (-149.998413 59.005543 240 ) (-131.004105 92.995911 240 ) (-92.993973 131.006042 240 ) (-59.008682 149.997528 240 ) (-24 160 240 ) 
4 5 11 (0 0 32 ) (0 0 240 ) (-256 0 240 ) (-256 0 32 ) 
4 6 9 (0 0 768 ) (0 0 304 ) (0 -224.001999 304 ) (0 -224.001953 768 ) 
9 6 7 (0 -160 304 ) (0 0 304 ) (160 0 304 ) (160 -24 304 ) (149.997528 -59.008644 304 ) (131.003510 -92.998474 304 ) (93 -131.001221 304 ) (59.007339 -149.997910 304 ) (24 -160 304 ) 
4 7 10 (0 0 304 ) (0 0 240 ) (0 -160 240 ) (0 -160 304 ) 
9 7 8 (0 -160 240 ) (0 0 240 ) (160 0 240 ) (160 -24 240 ) (149.998413 -59.005577 240 ) (131.001602 -93 240 ) (93 -131.002014 240 ) (59.008648 -149.997528 240 ) (24 -160 240 ) 
4 8 11 (0 0 240 ) (0 0 32 ) (0 -256 32 ) (0 -256 240 ) 
9 9 10 (-160 0 304 ) (0 0 304 ) (0 -160 304 ) (-24 -160 304 ) (-59.008614 -149.997543 304 ) (-92.994003 -131.006012 304 ) (-131.004181 -92.995819 304 ) (-149.998383 -59.005688 304 ) (-160 -24 304 ) 
9 10 11 (-160 0 240 ) (0 0 240 ) (0 -160 240 ) (-24 -160 240 ) (-59.005543 -149.998413 240 ) (-92.995903 -131.004105 240 ) (-131.006042 -92.993958 240 ) (-149.997513 -59.008698 240 ) (-160 -24 240 ) 
