PRT1
60
74
4 0 7 (-928 48 128 ) (-928 112 128 ) (-864 112 128 ) (-864 48 128 ) 
4 1 8 (-1024 48 136 ) (-1024 112 136 ) (-1024 112 128 ) (-1024 48 128 ) 
4 1 7 (-1024 48 128 ) (-1024 112 128 ) (-992 112 128 ) (-992 48 128 ) 
4 2 3 (-824 44 20 ) (-824 44 116 ) (-824 116 116 ) (-824 116 20 ) 
4 3 4 (-830 116 20 ) (-830 44 20 ) (-830 44 116 ) (-830 116 116 ) 
4 4 5 (-831 116 20 ) (-831 44 20 ) (-831 44 116 ) (-831 116 116 ) 
4 5 7 (-832 44 20 ) (-832 44 116 ) (-832 116 116 ) (-832 116 20 ) 
4 6 9 (-1024 152 116 ) (-1024 152 0 ) (-1024 144 0 ) (-1024 144 116 ) 
4 6 7 (-1024 144 0 ) (-992 144 0 ) (-992 144 116 ) (-1024 144 116 ) 
4 7 50 (-832 0 128 ) (-1024 0 128 ) (-1024 0 0 ) (-832 0 0 ) 
4 7 10 (-1024 0 0 ) (-1024 0 128 ) (-1024 144 128 ) (-1024 144 0 ) 
4 8 10 (-1024 112 128 ) (-1024 48 128 ) (-1056 48 128 ) (-1056 112 128 ) 
4 9 10 (-1056 144 116 ) (-1056 144 0 ) (-1024 144 0 ) (-1024 144 116 ) 
4 10 57 (-1024 0 0 ) (-1024 0 128 ) (-1056 0 128 ) (-1056 0 0 ) 
4 10 11 (-1056 144 0 ) (-1056 0 0 ) (-1056 0 128 ) (-1056 144 128 ) 
4 11 57 (-1056 0 128 ) (-1088 0 128 ) (-1088 0 0 ) (-1056 0 0 ) 
4 12 20 (960 -1024 384 ) (328 -1024 384 ) (328 -1024 136 ) (960 -1024 136 ) 
4 12 13 (328 -864 136 ) (960 -864 136 ) (960 -1024 136 ) (328 -1024 136 ) 
4 13 20 (960 -1024 136 ) (328 -1024 136 ) (328 -1024 128 ) (960 -1024 128 ) 
4 13 17 (960 -1024 128 ) (328 -1024 128 ) (328 -864 128 ) (960 -864 128 ) 
4 14 19 (224 -992 128 ) (224 -928 128 ) (288 -928 128 ) (288 -992 128 ) 
4 15 19 (96 -992 128 ) (96 -928 128 ) (160 -928 128 ) (160 -992 128 ) 
4 16 21 (0 -928 128 ) (0 -992 128 ) (0 -992 136 ) (0 -928 136 ) 
4 16 19 (0 -992 128 ) (0 -928 128 ) (32 -928 128 ) (32 -992 128 ) 
4 17 20 (960 -1024 -232 ) (960 -1024 128 ) (328 -1024 128 ) (328 -1024 -232 ) 
4 17 18 (328 -928 116 ) (328 -928 0 ) (328 -992 0 ) (328 -992 116 ) 
4 18 19 (320 -992 0 ) (320 -992 116 ) (320 -928 116 ) (320 -928 0 ) 
4 19 49 (0 -1024 0 ) (0 -1024 128 ) (0 -896 128 ) (0 -896 0 ) 
4 21 49 (-32 -992 128 ) (-32 -928 128 ) (0 -928 128 ) (0 -992 128 ) 
4 22 49 (-160 -992 128 ) (-160 -928 128 ) (-96 -928 128 ) (-96 -992 128 ) 
4 23 49 (-288 -992 128 ) (-288 -928 128 ) (-224 -928 128 ) (-224 -992 128 ) 
4 24 49 (-416 -992 128 ) (-416 -928 128 ) (-352 -928 128 ) (-352 -992 128 ) 
4 25 46 (-544 -336 128 ) (-544 -272 128 ) (-480 -272 128 ) (-480 -336 128 ) 
4 26 46 (-544 -464 128 ) (-544 -400 128 ) (-480 -400 128 ) (-480 -464 128 ) 
4 27 49 (-544 -992 128 ) (-544 -928 128 ) (-480 -928 128 ) (-480 -992 128 ) 
4 28 46 (-672 -208 128 ) (-672 -144 128 ) (-608 -144 128 ) (-608 -208 128 ) 
4 29 46 (-672 -336 128 ) (-672 -272 128 ) (-608 -272 128 ) (-608 -336 128 ) 
4 30 46 (-672 -464 128 ) (-672 -400 128 ) (-608 -400 128 ) (-608 -464 128 ) 
4 31 49 (-672 -992 128 ) (-672 -928 128 ) (-608 -928 128 ) (-608 -992 128 ) 
4 32 46 (-800 -208 128 ) (-800 -144 128 ) (-736 -144 128 ) (-736 -208 128 ) 
4 33 46 (-800 -336 128 ) (-800 -272 128 ) (-736 -272 128 ) (-736 -336 128 ) 
4 34 46 (-800 -464 128 ) (-800 -400 128 ) (-736 -400 128 ) (-736 -464 128 ) 
4 35 48 (-800 -608 128 ) (-800 -544 128 ) (-736 -544 128 ) (-736 -608 128 ) 
4 36 48 (-800 -736 128 ) (-800 -672 128 ) (-736 -672 128 ) (-736 -736 128 ) 
4 37 48 (-800 -864 128 ) (-800 -800 128 ) (-736 -800 128 ) (-736 -864 128 ) 
4 38 49 (-800 -992 128 ) (-800 -928 128 ) (-736 -928 128 ) (-736 -992 128 ) 
4 39 50 (-872 -80 128 ) (-872 -16 128 ) (-864 -16 128 ) (-864 -80 128 ) 
4 39 40 (-872 -16 128 ) (-872 -80 128 ) (-872 -80 136 ) (-872 -16 136 ) 
4 40 50 (-928 -80 128 ) (-928 -16 128 ) (-872 -16 128 ) (-872 -80 128 ) 
4 41 53 (-928 -216 128 ) (-928 -152 128 ) (-872 -152 128 ) (-872 -216 128 ) 
4 41 42 (-928 -152 128 ) (-928 -216 128 ) (-928 -216 136 ) (-928 -152 136 ) 
4 42 53 (-936 -216 128 ) (-936 -152 128 ) (-928 -152 128 ) (-928 -216 128 ) 
4 43 50 (-1000 -80 128 ) (-1000 -16 128 ) (-992 -16 128 ) (-992 -80 128 ) 
4 43 44 (-1000 -16 128 ) (-1000 -80 128 ) (-1000 -80 136 ) (-1000 -16 136 ) 
4 44 54 (-1024 -16 128 ) (-1024 -80 128 ) (-1024 -80 136 ) (-1024 -16 136 ) 
4 44 50 (-1024 -80 128 ) (-1024 -16 128 ) (-1000 -16 128 ) (-1000 -80 128 ) 
4 45 55 (-1024 -152 128 ) (-1024 -216 128 ) (-1024 -216 136 ) (-1024 -152 136 ) 
4 45 53 (-1024 -216 128 ) (-1024 -152 128 ) (-1000 -152 128 ) (-1000 -216 128 ) 
4 46 52 (-832 -152 0 ) (-832 -216 0 ) (-832 -216 116 ) (-832 -152 116 ) 
4 46 47 (-800 -496 0 ) (-736 -496 0 ) (-736 -496 116 ) (-800 -496 116 ) 
4 47 48 (-800 -512 0 ) (-736 -512 0 ) (-736 -512 116 ) (-800 -512 116 ) 
4 48 49 (-832 -896 128 ) (-832 -896 0 ) (-704 -896 0 ) (-704 -896 128 ) 
4 50 57 (-1024 0 128 ) (-1024 0 0 ) (-1024 -112 0 ) (-1024 -112 128 ) 
4 50 51 (-1024 -112 0 ) (-992 -112 0 ) (-992 -112 116 ) (-1024 -112 116 ) 
4 51 58 (-1024 -112 0 ) (-1024 -120 0 ) (-1024 -120 116 ) (-1024 -112 116 ) 
4 51 53 (-1024 -120 0 ) (-992 -120 0 ) (-992 -120 116 ) (-1024 -120 116 ) 
4 52 53 (-840 -152 0 ) (-840 -216 0 ) (-840 -216 116 ) (-840 -152 116 ) 
4 53 59 (-1024 -120 0 ) (-1024 -248 0 ) (-1024 -248 128 ) (-1024 -120 128 ) 
4 54 57 (-1056 -80 128 ) (-1056 -16 128 ) (-1024 -16 128 ) (-1024 -80 128 ) 
4 55 59 (-1056 -216 128 ) (-1056 -152 128 ) (-1024 -152 128 ) (-1024 -216 128 ) 
4 55 56 (-1056 -152 128 ) (-1056 -216 128 ) (-1056 -216 136 ) (-1056 -152 136 ) 
4 56 59 (-1064 -216 128 ) (-1064 -152 128 ) (-1056 -152 128 ) (-1056 -216 128 ) 
4 57 58 (-1056 -112 0 ) (-1024 -112 0 ) (-1024 -112 116 ) (-1056 -112 116 ) 
4 58 59 (-1056 -120 0 ) (-1024 -120 0 ) (-1024 -120 116 ) (-1056 -120 116 ) 
