PRT1
277
587
4 0 13 (280 476 40 ) (280 428 40 ) (280 428 108 ) (280 476 108 ) 
4 0 4 (280 428 40 ) (280 476 40 ) (288 476 40 ) (288 428 40 ) 
4 1 13 (280 416 40 ) (280 384 40 ) (280 384 112 ) (280 416 112 ) 
4 2 13 (280 376 40 ) (280 328 40 ) (280 328 112 ) (280 376 112 ) 
4 3 13 (280 320 40 ) (280 288 40 ) (280 288 112 ) (280 320 112 ) 
4 4 13 (280 476 0 ) (280 428 0 ) (280 428 40 ) (280 476 40 ) 
4 5 12 (64 480 128 ) (64 480 116 ) (280 480 116 ) (280 480 128 ) 
4 6 13 (216 480 84 ) (216 480 96 ) (200 480 96 ) (200 480 84 ) 
4 7 13 (216 480 48 ) (216 480 80 ) (200 480 80 ) (200 480 48 ) 
4 8 13 (192 480 96 ) (152 480 96 ) (152 480 84 ) (192 480 84 ) 
4 9 13 (144 480 96 ) (128 480 96 ) (128 480 84 ) (144 480 84 ) 
4 10 13 (152 480 48 ) (192 480 48 ) (192 480 80 ) (152 480 80 ) 
4 11 13 (128 480 80 ) (128 480 48 ) (144 480 48 ) (144 480 80 ) 
4 12 14 (64 480 116 ) (92 480 116 ) (92 304 116 ) (64 304 116 ) 
4 12 15 (92 240 116 ) (92 160 116 ) (64 160 116 ) (64 240 116 ) 
4 12 13 (92 480 116 ) (280 480 116 ) (280 160 116 ) (92 160 116 ) 
4 13 14 (92 304 116 ) (92 480 116 ) (92 480 0 ) (92 304 0 ) 
4 13 15 (92 160 0 ) (92 160 116 ) (92 240 116 ) (92 240 0 ) 
4 15 256 (64 240 0 ) (64 192 0 ) (64 192 108 ) (64 240 108 ) 
4 16 21 (280 136 41 ) (280 136 40 ) (280 100 40 ) (280 100 41 ) 
4 16 19 (280 100 112 ) (280 136 112 ) (280 136 41 ) (280 100 41 ) 
4 17 24 (280 56 112 ) (280 68 112 ) (280 68 96 ) (280 56 96 ) 
4 17 19 (280 68 112 ) (280 92 112 ) (280 92 96 ) (280 68 96 ) 
4 18 24 (280 68 40 ) (280 56 40 ) (280 56 88 ) (280 68 88 ) 
4 18 21 (280 92 41 ) (280 92 40 ) (280 68 40 ) (280 68 41 ) 
4 18 19 (280 92 88 ) (280 92 41 ) (280 68 41 ) (280 68 88 ) 
4 19 251 (128 119.783401 41 ) (128 115.765640 41 ) (128 115.765640 100 ) (128 119.783409 100 ) 
4 19 126 (128 139.875992 41 ) (128 119.783401 41 ) (128 119.783409 100 ) (128 139.875992 100 ) 
4 19 98 (128 152 60 ) (128 152 41 ) (128 139.875992 41 ) (128 139.875992 60 ) 
4 19 90 (128 152 68 ) (128 152 60 ) (128 139.875992 60 ) (128 139.875992 68 ) 
4 19 86 (128 152 80 ) (128 152 68 ) (128 139.875992 68 ) (128 139.875992 80 ) 
4 19 80 (128 152 100 ) (128 152 80 ) (128 139.875992 80 ) (128 139.875992 100 ) 
4 19 61 (128 115.765640 41 ) (128 68 41 ) (128 68 100 ) (128 115.765640 100 ) 
4 19 58 (128 68 128 ) (128 152 128 ) (128 152 100 ) (128 68 100 ) 
4 19 25 (248 68 128 ) (152 68 128 ) (152 68 48 ) (248 68 48 ) 
4 19 24 (280 68 41 ) (280 68 128 ) (248 68 128 ) (248 68 41 ) 
4 19 26 (152 68 128 ) (128 68 128 ) (128 68 41 ) (152 68 41 ) 
4 19 23 (189.976074 68 41 ) (171.306747 68 41 ) (141.263000 118 41 ) (154.977997 126.240990 41 ) 
5 19 22 (133.022003 131.714996 41 ) (128 140.072815 41 ) (128 152 41 ) (139.498932 152 41 ) (146.737000 139.955002 41 ) 
4 19 21 (280 68 41 ) (189.976074 68 41 ) (139.498932 152 41 ) (280 152 41 ) 
3 19 20 (171.306747 68 41 ) (128 68 41 ) (128 140.072815 41 ) 
4 20 251 (128 119.783401 40 ) (128 115.765640 40 ) (128 115.765640 41 ) (128 119.783401 41 ) 
4 20 126 (128 140.072815 40 ) (128 119.783401 40 ) (128 119.783401 41 ) (128 140.072815 41 ) 
4 20 61 (128 115.765640 40 ) (128 68 40 ) (128 68 41 ) (128 115.765640 41 ) 
5 20 56 (152 96 40 ) (154.482254 96 40 ) (160 86.817146 40 ) (160 68 40 ) (152 68 40 ) 
3 20 55 (160 86.817146 40 ) (171.306747 68 40 ) (160 68 40 ) 
4 20 57 (128 68 40 ) (128 96 40 ) (152 96 40 ) (152 68 40 ) 
4 20 26 (128 68 40 ) (152 68 40 ) (152 68 41 ) (128 68 41 ) 
4 20 23 (141.261856 118 41 ) (171.304688 68 41 ) (171.304688 68 40 ) (141.261475 118 40 ) 
4 20 22 (128 140.070587 41 ) (133.020966 131.714371 41 ) (133.020477 131.714081 40 ) (128 140.069382 40 ) 
4 21 55 (224 96 40 ) (224 68 40 ) (189.976074 68 40 ) (173.150360 96 40 ) 
4 21 27 (224 152 40 ) (280 152 40 ) (280 68 40 ) (224 68 40 ) 
4 21 24 (248 68 40 ) (280 68 40 ) (280 68 41 ) (248 68 41 ) 
4 21 23 (154.978638 126.241379 40 ) (189.976562 68 40 ) (189.976562 68 41 ) (154.978348 126.241203 41 ) 
4 21 22 (139.500000 152 40 ) (146.737717 139.955429 40 ) (146.737350 139.955215 41 ) (139.499420 152 41 ) 
4 22 98 (128 152 41 ) (128 152 40 ) (128 140.072815 40 ) (128 140.072815 41 ) 
3 23 56 (160 86.817146 40 ) (154.482254 96 40 ) (160 96 40 ) 
5 23 55 (173.150360 96 40 ) (189.976074 68 40 ) (171.306747 68 40 ) (160 86.817146 40 ) (160 96 40 ) 
4 24 39 (248 68 40 ) (280 68 40 ) (280 40 40 ) (248 40 40 ) 
4 24 25 (248 68 128 ) (248 68 48 ) (248 40 48 ) (248 40 128 ) 
4 25 26 (152 68 128 ) (152 68 48 ) (152 40 48 ) (152 40 128 ) 
4 26 61 (128 40 40 ) (128 40 100 ) (128 68 100 ) (128 68 40 ) 
4 26 58 (128 40 100 ) (128 40 128 ) (128 68 128 ) (128 68 100 ) 
4 26 57 (128 40 40 ) (128 68 40 ) (152 68 40 ) (152 40 40 ) 
4 27 55 (224 68 40 ) (224 96 40 ) (224 96 32 ) (224 68 32 ) 
4 27 41 (224 144 32 ) (224 104 32 ) (224 104 33.333305 ) (224 144 33.333305 ) 
4 27 39 (248 68 32 ) (280 68 32 ) (280 68 40 ) (248 68 40 ) 
4 27 40 (224 68 40 ) (224 68 32 ) (240 68 32 ) (240 68 40 ) 
4 27 31 (249.995895 142.866974 32 ) (280 150.905777 32 ) (280 126.061241 32 ) (256.207001 119.685005 32 ) 
4 27 30 (224 111.053909 32 ) (224 135.902069 32 ) (230.677795 137.691208 32 ) (236.889618 114.508179 32 ) 
4 27 29 (224 135.902069 32 ) (224 152 32 ) (280 152 32 ) (280 150.905777 32 ) 
4 27 28 (280 68 32 ) (224 68 32 ) (224 111.053909 32 ) (280 126.061241 32 ) 
4 28 55 (224 96 24 ) (224 68 24 ) (224 68 32 ) (224 96 32 ) 
4 28 41 (224 111.053909 24 ) (224 104 24 ) (224 104 32 ) (224 111.053909 32 ) 
4 28 39 (248 68 24 ) (280 68 24 ) (280 68 32 ) (248 68 32 ) 
4 28 40 (224 68 32 ) (224 68 24 ) (240 68 24 ) (240 68 32 ) 
4 28 36 (280 68 24 ) (224 68 24 ) (224 111.053909 24 ) (280 126.061241 24 ) 
4 28 31 (280 126.059891 24 ) (256.207306 119.683807 24 ) (256.207245 119.684090 32 ) (280 126.060272 32 ) 
4 28 30 (236.889923 114.507042 24 ) (224 111.052734 24 ) (224 111.052933 32 ) (236.889877 114.507271 32 ) 
4 29 41 (224 144 24 ) (224 135.902069 24 ) (224 135.902069 32 ) (224 144 32 ) 
4 29 33 (224 135.902069 24 ) (224 152 24 ) (280 152 24 ) (280 150.905777 24 ) 
4 29 31 (249.996246 142.865753 24 ) (280 150.904465 24 ) (280 150.904221 32 ) (249.996323 142.865463 32 ) 
4 29 30 (224 135.900757 24 ) (230.678131 137.689987 24 ) (230.678223 137.689651 32 ) (224 135.900391 32 ) 
4 30 41 (224 135.902069 24 ) (224 111.053909 24 ) (224 111.053909 32 ) (224 135.902069 32 ) 
4 30 37 (224 111.053909 24 ) (224 115.195892 24 ) (235.854294 118.372086 24 ) (236.889618 114.508179 24 ) 
4 30 34 (224 131.760406 24 ) (224 135.902069 24 ) (230.677795 137.691208 24 ) (231.713181 133.827042 24 ) 
4 30 32 (224 115.195892 24 ) (224 131.760406 24 ) (231.713181 133.827042 24 ) (235.854294 118.372086 24 ) 
4 31 38 (280 130.200333 24 ) (280 126.061241 24 ) (256.207001 119.685005 24 ) (255.171997 123.547997 24 ) 
4 31 35 (249.995895 142.866974 24 ) (280 150.905777 24 ) (280 146.764877 24 ) (251.031143 139.003052 24 ) 
4 31 32 (280 146.764877 24 ) (280 130.200333 24 ) (255.171997 123.547997 24 ) (251.031143 139.003052 24 ) 
4 32 41 (224 131.760406 0 ) (224 115.195892 0 ) (224 115.195892 24 ) (224 131.760406 24 ) 
4 32 38 (280 130.201782 0 ) (280 130.201782 24 ) (255.171631 123.549324 24 ) (255.171631 123.549324 0 ) 
4 32 37 (235.853668 118.373306 24 ) (224 115.197266 24 ) (224 115.197266 0 ) (235.853653 118.373306 0 ) 
4 32 35 (251.030685 139.004211 24 ) (280 146.766174 24 ) (280 146.766174 0 ) (251.030685 139.004211 0 ) 
4 32 34 (224 131.761688 0 ) (224 131.761688 24 ) (231.712692 133.828201 24 ) (231.712692 133.828201 0 ) 
4 33 41 (224 144 0 ) (224 135.902069 0 ) (224 135.902069 24 ) (224 144 24 ) 
4 33 35 (280 150.904221 0 ) (280 150.904221 24 ) (249.996414 142.865494 24 ) (249.996414 142.865494 0 ) 
4 33 34 (230.677429 137.689438 24 ) (224 135.900391 24 ) (224 135.900391 0 ) (230.677429 137.689438 0 ) 
4 34 41 (224 135.902069 0 ) (224 131.760406 0 ) (224 131.760406 24 ) (224 135.902069 24 ) 
4 36 55 (224 96 0 ) (224 68 0 ) (224 68 24 ) (224 96 24 ) 
4 36 41 (224 111.053909 0 ) (224 104 0 ) (224 104 24 ) (224 111.053909 24 ) 
4 36 39 (248 68 0 ) (280 68 0 ) (280 68 24 ) (248 68 24 ) 
4 36 40 (224 68 24 ) (224 68 0 ) (240 68 0 ) (240 68 24 ) 
4 36 38 (256.207245 119.684097 24 ) (280 126.060272 24 ) (280 126.060272 0 ) (256.207245 119.684097 0 ) 
4 36 37 (224 111.052933 0 ) (224 111.052933 24 ) (236.889252 114.507103 24 ) (236.889252 114.507103 0 ) 
4 37 41 (224 115.195892 0 ) (224 111.053909 0 ) (224 111.053909 24 ) (224 115.195892 24 ) 
4 40 55 (224 40 0 ) (224 40 40 ) (224 68 40 ) (224 68 0 ) 
4 41 47 (216 144 24 ) (216 144 0 ) (216 104 0 ) (216 104 24 ) 
4 41 43 (216 144 32 ) (216 144 24 ) (216 104 24 ) (216 104 32 ) 
4 41 42 (216 104 33.333305 ) (216 144 33.333305 ) (216 144 32 ) (216 104 32 ) 
4 42 56 (160 96 33.333305 ) (152 96 33.333305 ) (152 96 32 ) (160 96 32 ) 
4 42 55 (216 96 33.333305 ) (160 96 33.333305 ) (160 96 32 ) (216 96 32 ) 
4 42 57 (152 96 33.333305 ) (136 96 33.333305 ) (136 96 32 ) (152 96 32 ) 
4 42 54 (136 104 33.333305 ) (136 144 33.333305 ) (136 144 32 ) (136 104 32 ) 
4 42 46 (159.062271 152 32 ) (183.095123 152 32 ) (184.542023 124.400002 32 ) (160.575012 123.143997 32 ) 
4 42 45 (185.589020 104.428001 32 ) (186.030838 96 32 ) (161.997986 96 32 ) (161.622009 103.171997 32 ) 
4 42 44 (136 96 32 ) (136 152 32 ) (159.062271 152 32 ) (161.997986 96 32 ) 
4 42 43 (183.095123 152 32 ) (216 152 32 ) (216 96 32 ) (186.030838 96 32 ) 
4 43 55 (186.030838 96 24 ) (216 96 24 ) (216 96 32 ) (186.030838 96 32 ) 
4 43 47 (183.095123 152 24 ) (216 152 24 ) (216 96 24 ) (186.030838 96 24 ) 
4 43 46 (183.094757 152 24 ) (184.541641 124.399986 24 ) (184.542084 124.400009 32 ) (183.095200 152 32 ) 
4 43 45 (185.588638 104.427986 24 ) (186.030457 96 24 ) (186.030899 96 32 ) (185.589081 104.428009 32 ) 
4 44 56 (152 96 24 ) (160 96 24 ) (160 96 32 ) (152 96 32 ) 
4 44 55 (160 96 24 ) (161.997986 96 24 ) (161.997986 96 32 ) (160 96 32 ) 
4 44 57 (136 96 32 ) (136 96 24 ) (152 96 24 ) (152 96 32 ) 
4 44 54 (136 104 32 ) (136 144 32 ) (136 144 24 ) (136 104 24 ) 
4 44 51 (136 96 24 ) (136 152 24 ) (159.062271 152 24 ) (161.997986 96 24 ) 
4 44 46 (160.574738 123.143982 24 ) (159.062012 152 24 ) (159.062363 152 32 ) (160.575089 123.144005 32 ) 
4 44 45 (161.997711 96 24 ) (161.621735 103.171982 24 ) (161.622086 103.172005 32 ) (161.998062 96 32 ) 
4 45 55 (161.997986 96 24 ) (186.030838 96 24 ) (186.030838 96 32 ) (161.997986 96 32 ) 
4 45 52 (166.002914 96 24 ) (161.997986 96 24 ) (161.622009 103.171997 24 ) (165.615997 103.381302 24 ) 
4 45 49 (185.589020 104.428001 24 ) (186.030838 96 24 ) (182.024872 96 24 ) (181.594009 104.218643 24 ) 
4 45 48 (182.024872 96 24 ) (166.002914 96 24 ) (165.615997 103.381302 24 ) (181.594009 104.218643 24 ) 
4 46 53 (159.062271 152 24 ) (163.067368 152 24 ) (164.569046 123.353310 24 ) (160.575012 123.143997 24 ) 
4 46 50 (179.089157 152 24 ) (183.095123 152 24 ) (184.542023 124.400002 24 ) (180.547012 124.190643 24 ) 
4 46 48 (163.067368 152 24 ) (179.089157 152 24 ) (180.547012 124.190643 24 ) (164.569046 123.353310 24 ) 
4 47 55 (186.030838 96 0 ) (216 96 0 ) (216 96 24 ) (186.030838 96 24 ) 
4 47 50 (184.542084 124.400009 24 ) (183.095200 152 24 ) (183.095200 152 0 ) (184.542084 124.400009 0 ) 
4 47 49 (186.030899 96 0 ) (186.030899 96 24 ) (185.589081 104.428009 24 ) (185.589081 104.428009 0 ) 
4 48 55 (166.002914 96 0 ) (182.024872 96 0 ) (182.024872 96 24 ) (166.002914 96 24 ) 
4 48 53 (164.569107 123.354004 24 ) (163.067459 152 24 ) (163.067459 152 0 ) (164.569107 123.354004 0 ) 
4 48 52 (166.003021 96 0 ) (166.003021 96 24 ) (165.616104 103.381004 24 ) (165.616104 103.381004 0 ) 
4 48 50 (179.089386 152 0 ) (179.089386 152 24 ) (180.547226 124.191010 24 ) (180.547226 124.191010 0 ) 
4 48 49 (181.594223 104.219009 24 ) (182.025085 96 24 ) (182.025085 96 0 ) (181.594223 104.219017 0 ) 
4 49 55 (182.024872 96 0 ) (186.030838 96 0 ) (186.030838 96 24 ) (182.024872 96 24 ) 
4 51 56 (152 96 0 ) (160 96 0 ) (160 96 24 ) (152 96 24 ) 
4 51 55 (160 96 0 ) (161.997986 96 0 ) (161.997986 96 24 ) (160 96 24 ) 
4 51 57 (136 96 24 ) (136 96 0 ) (152 96 0 ) (152 96 24 ) 
4 51 54 (136 104 24 ) (136 144 24 ) (136 144 0 ) (136 104 0 ) 
4 51 53 (159.062363 152 0 ) (159.062363 152 24 ) (160.575089 123.144005 24 ) (160.575089 123.144005 0 ) 
4 51 52 (161.622086 103.171997 24 ) (161.998062 96 24 ) (161.998062 96 0 ) (161.622086 103.171997 0 ) 
4 52 55 (161.997986 96 0 ) (166.002914 96 0 ) (166.002914 96 24 ) (161.997986 96 24 ) 
4 54 255 (128 119.783401 0 ) (128 115.765640 0 ) (128 115.765640 24 ) (128 119.783401 24 ) 
4 54 253 (128 115.765640 24 ) (128 115.765640 32 ) (128 119.783401 32 ) (128 119.783401 24 ) 
4 54 251 (128 115.765640 32 ) (128 115.765640 33.333305 ) (128 119.783401 33.333305 ) (128 119.783401 32 ) 
4 54 131 (128 139.875992 0 ) (128 135.857010 0 ) (128 135.857010 24 ) (128 139.875992 24 ) 
4 54 129 (128 135.857010 0 ) (128 119.783401 0 ) (128 119.783401 24 ) (128 135.857010 24 ) 
4 54 128 (128 119.783401 24 ) (128 119.783401 32 ) (128 139.875992 32 ) (128 139.875992 24 ) 
4 54 126 (128 119.783401 32 ) (128 119.783401 33.333305 ) (128 139.875992 33.333305 ) (128 139.875992 32 ) 
4 54 121 (128 144 0 ) (128 139.875992 0 ) (128 139.875992 8 ) (128 144 8 ) 
4 54 110 (128 139.875992 8 ) (128 139.875992 33.333305 ) (128 144 33.333305 ) (128 144 8 ) 
4 54 61 (128 115.765640 0 ) (128 104 0 ) (128 104 33.333305 ) (128 115.765640 33.333305 ) 
4 55 56 (160 96 40 ) (160 96 0 ) (160 68 0 ) (160 68 40 ) 
4 56 57 (152 96 40 ) (152 96 0 ) (152 68 0 ) (152 68 40 ) 
4 57 61 (128 96 0 ) (128 40 0 ) (128 40 40 ) (128 96 40 ) 
4 58 251 (128 119.783401 100 ) (128 115.765640 100 ) (96 118.845406 100 ) (96 122.864777 100 ) 
4 58 126 (128 139.875992 100 ) (128 119.783401 100 ) (96 122.864777 100 ) (96 142.957382 100 ) 
3 58 82 (96 148 100 ) (96 152 100 ) (97.657143 152 100 ) 
5 58 80 (128 152 100 ) (128 139.875992 100 ) (96 142.957382 100 ) (96 148 100 ) (97.657143 152 100 ) 
4 58 61 (128 115.765640 100 ) (128 40 100 ) (96 40 100 ) (96 118.845406 100 ) 
4 58 59 (96 128 128 ) (96 152 128 ) (96 152 108 ) (96 128 108 ) 
4 58 60 (96 40 128 ) (96 128 128 ) (96 128 100 ) (96 40 100 ) 
4 59 60 (96 128 108 ) (96 128 128 ) (64 128 128 ) (64 128 108 ) 
4 60 257 (64 128 108 ) (64 128 100 ) (64 64 100 ) (64 64 108 ) 
4 60 251 (64 121.925171 100 ) (64 125.946152 100 ) (96 122.864777 100 ) (96 118.845406 100 ) 
4 60 192 (64 125.946152 100 ) (64 128 100 ) (96 128 100 ) (96 122.864777 100 ) 
4 60 61 (96 40 100 ) (64 40 100 ) (64 121.925171 100 ) (96 118.845406 100 ) 
4 61 257 (64 121.925163 0 ) (64 64 0 ) (64 64 100 ) (64 121.925163 100 ) 
4 61 255 (123.705002 116.178986 24 ) (128 115.765625 24 ) (128 115.765625 0 ) (123.705002 116.178986 0 ) 
4 61 254 (64 121.925156 0 ) (64 121.925156 24 ) (103.796997 118.094986 24 ) (103.796989 118.094986 0 ) 
4 61 253 (123.708710 116.178627 32 ) (128 115.765625 32 ) (128 115.765625 24 ) (123.708710 116.178627 24 ) 
4 61 252 (64 121.925156 24 ) (64 121.925156 32 ) (103.800217 118.094673 32 ) (103.800217 118.094673 24 ) 
4 61 251 (64 121.925156 32 ) (64 121.925156 100 ) (128 115.765625 100 ) (128 115.765625 32 ) 
4 62 221 (64 142.342194 88 ) (64 142.342194 100 ) (68 144 100 ) (68 144 88 ) 
4 62 132 (68.198746 142.137527 100 ) (65.170059 134.827362 100 ) (65.170059 134.827362 88 ) (68.198746 142.137527 88 ) 
4 62 68 (69.171875 144.486328 88 ) (69.171875 144.486328 100 ) (68.198746 142.137527 100 ) (68.198746 142.137527 88 ) 
4 63 226 (64 142.342194 68 ) (64 142.342194 80 ) (68 144 80 ) (68 144 68 ) 
4 63 133 (68.198746 142.137527 80 ) (65.170059 134.827362 80 ) (65.170059 134.827362 68 ) (68.198746 142.137527 68 ) 
4 63 69 (69.171875 144.486328 68 ) (69.171875 144.486328 80 ) (68.198746 142.137527 80 ) (68.198746 142.137527 68 ) 
4 64 227 (64 142.342194 48 ) (64 142.342194 60 ) (68 144 60 ) (68 144 48 ) 
4 64 134 (68.198746 142.137527 60 ) (65.170059 134.827362 60 ) (65.170059 134.827362 48 ) (68.198746 142.137527 48 ) 
4 64 70 (69.171875 144.486328 48 ) (69.171875 144.486328 60 ) (68.198746 142.137527 60 ) (68.198746 142.137527 48 ) 
4 65 228 (64 142.342194 28 ) (64 142.342194 40 ) (68 144 40 ) (68 144 28 ) 
4 65 135 (68.198746 142.137527 40 ) (65.170059 134.827362 40 ) (65.170059 134.827362 28 ) (68.198746 142.137527 28 ) 
4 65 71 (69.171875 144.486328 28 ) (69.171875 144.486328 40 ) (68.198746 142.137527 40 ) (68.198746 142.137527 28 ) 
4 66 241 (64 142.342194 8 ) (64 142.342194 20 ) (68 144 20 ) (68 144 8 ) 
4 66 136 (68.198746 142.137527 20 ) (65.170059 134.827362 20 ) (65.170059 134.827362 8 ) (68.198746 142.137527 8 ) 
4 66 72 (69.171875 144.486328 8 ) (69.171875 144.486328 20 ) (68.198746 142.137527 20 ) (68.198746 142.137527 8 ) 
4 67 242 (64 142.342194 0 ) (64 142.342194 4 ) (68 144 4 ) (68 144 0 ) 
4 67 137 (68.198746 142.137527 4 ) (65.170059 134.827362 4 ) (65.170059 134.827362 0 ) (68.198746 142.137527 0 ) 
4 67 73 (69.171875 144.486328 0 ) (69.171875 144.486328 4 ) (68.198746 142.137527 4 ) (68.198746 142.137527 0 ) 
4 68 222 (70.828239 145.171600 100 ) (87.307327 152 100 ) (87.307327 152 88 ) (70.828239 145.171600 88 ) 
4 68 132 (68.201172 142.139648 100 ) (68.201172 142.139648 88 ) (75.044495 144.975250 88 ) (75.044495 144.975250 100 ) 
4 68 78 (87.171356 150 88 ) (89.172081 150.829178 88 ) (89.172081 150.829178 100 ) (87.171356 150 100 ) 
4 68 76 (82.345497 148 88 ) (87.171356 150 88 ) (87.171356 150 100 ) (82.345490 148 100 ) 
4 68 74 (75.044495 144.975250 88 ) (82.345497 148 88 ) (82.345490 148 100 ) (75.044495 144.975250 100 ) 
4 69 229 (87.307327 152 80 ) (87.307327 152 68 ) (70.828239 145.171600 68 ) (70.828239 145.171600 80 ) 
4 69 133 (68.201172 142.139648 80 ) (68.201172 142.139648 68 ) (75.044495 144.975250 68 ) (75.044495 144.975250 80 ) 
4 69 79 (87.171356 150 68 ) (89.172081 150.829178 68 ) (89.172081 150.829178 80 ) (87.171356 150 80 ) 
4 69 77 (82.345497 148 68 ) (87.171356 150 68 ) (87.171356 150 80 ) (82.345490 148 80 ) 
4 69 75 (75.044495 144.975250 68 ) (82.345497 148 68 ) (82.345490 148 80 ) (75.044495 144.975250 80 ) 
4 70 233 (87.307327 152 60 ) (87.307327 152 48 ) (70.828239 145.171600 48 ) (70.828239 145.171600 60 ) 
4 70 134 (68.201172 142.139648 60 ) (68.201172 142.139648 48 ) (75.044495 144.975250 48 ) (75.044495 144.975250 60 ) 
4 70 92 (75.044495 144.975250 48 ) (89.172089 150.829178 48 ) (89.172089 150.829178 60 ) (75.044495 144.975250 60 ) 
4 71 234 (87.307327 152 40 ) (87.307327 152 28 ) (70.828239 145.171600 28 ) (70.828239 145.171600 40 ) 
4 71 135 (68.201172 142.139648 40 ) (68.201172 142.139648 28 ) (75.044495 144.975250 28 ) (75.044495 144.975250 40 ) 
4 71 93 (75.044495 144.975250 28 ) (89.172089 150.829178 28 ) (89.172089 150.829178 40 ) (75.044495 144.975250 40 ) 
4 72 243 (87.307327 152 20 ) (87.307327 152 8 ) (70.828239 145.171600 8 ) (70.828239 145.171600 20 ) 
4 72 136 (68.201172 142.139648 20 ) (68.201172 142.139648 8 ) (75.044495 144.975250 8 ) (75.044495 144.975250 20 ) 
4 72 94 (75.044495 144.975250 8 ) (89.172089 150.829178 8 ) (89.172089 150.829178 20 ) (75.044495 144.975250 20 ) 
4 73 244 (87.307327 152 4 ) (87.307327 152 0 ) (70.828239 145.171600 0 ) (70.828239 145.171600 4 ) 
4 73 137 (68.201172 142.139648 4 ) (68.201172 142.139648 0 ) (75.044495 144.975250 0 ) (75.044495 144.975250 4 ) 
4 73 95 (75.044495 144.975250 0 ) (89.172089 150.829178 0 ) (89.172089 150.829178 4 ) (75.044495 144.975250 4 ) 
4 74 138 (86.903267 143.832901 88 ) (94.068359 143.142929 88 ) (94.068359 143.142929 100 ) (86.903267 143.832901 100 ) 
4 74 132 (75.046883 144.974609 100 ) (75.046883 144.974609 88 ) (86.903267 143.832901 88 ) (86.903267 143.832901 100 ) 
4 74 83 (94.066406 143.142578 100 ) (94.066406 143.142578 88 ) (91.998611 144 88 ) (91.998611 144 100 ) 
4 74 76 (89.172127 145.170685 88 ) (82.345535 148 88 ) (82.345535 148 100 ) (89.172127 145.170685 100 ) 
4 75 139 (86.903267 143.832901 68 ) (94.068359 143.142929 68 ) (94.068359 143.142929 80 ) (86.903267 143.832901 80 ) 
4 75 133 (75.046883 144.974609 80 ) (75.046883 144.974609 68 ) (86.903267 143.832901 68 ) (86.903267 143.832901 80 ) 
4 75 87 (94.066406 143.142578 80 ) (94.066406 143.142578 68 ) (91.998611 144 68 ) (91.998611 144 80 ) 
4 75 77 (89.172127 145.170685 68 ) (82.345535 148 68 ) (82.345535 148 80 ) (89.172127 145.170685 80 ) 
4 76 78 (88 148 88 ) (87.171616 150 88 ) (87.171616 150 100 ) (88 148 100 ) 
4 77 79 (88 148 68 ) (87.171616 150 68 ) (87.171616 150 80 ) (88 148 80 ) 
4 80 126 (128 139.875488 80 ) (128 139.875488 100 ) (96 142.956924 100 ) (96 142.956924 80 ) 
5 80 86 (128 139.876953 80 ) (96 142.957977 80 ) (96 148 80 ) (97.657143 152 80 ) (128 152 80 ) 
4 80 82 (97.660156 152 100 ) (97.660156 152 80 ) (96 147.993637 80 ) (96 147.993637 100 ) 
4 80 81 (96 147.998047 100 ) (96 147.998047 88 ) (96 142.957367 88 ) (96 142.957367 100 ) 
4 81 138 (96 142.956924 100 ) (94.068359 143.142929 100 ) (94.068359 143.142929 88 ) (96 142.956924 88 ) 
4 81 83 (94.001953 143.171875 88 ) (94.001953 143.171875 100 ) (94.831261 145.173187 100 ) (94.831261 145.173187 88 ) 
3 82 89 (96.828293 150 80 ) (96 148 80 ) (96 150.342529 80 ) 
4 82 88 (96 152 80 ) (97.657143 152 80 ) (96.828293 150 80 ) (96 150.342529 80 ) 
4 82 85 (96 150.342529 88 ) (96 147.998047 88 ) (96 147.998047 100 ) (96 150.342529 100 ) 
4 82 84 (96 152 100 ) (96 152 88 ) (96 150.342529 88 ) (96 150.342529 100 ) 
4 84 85 (94.828789 150.827072 88 ) (96 150.341797 88 ) (96 150.341797 100 ) (94.828789 150.827072 100 ) 
4 86 139 (96 142.956924 80 ) (94.068359 143.142929 80 ) (94.068359 143.142929 68 ) (96 142.956924 68 ) 
4 86 126 (128 139.875488 68 ) (128 139.875488 80 ) (96 142.956924 80 ) (96 142.956924 68 ) 
5 86 90 (128 139.876953 68 ) (96 142.957977 68 ) (96 148 68 ) (97.657143 152 68 ) (128 152 68 ) 
4 86 89 (96.830696 149.998322 68 ) (96.001320 147.996826 68 ) (96.001198 147.997116 80 ) (96.830330 149.998474 80 ) 
4 86 88 (97.660156 152 68 ) (96.830696 149.998322 68 ) (96.830330 149.998474 80 ) (97.659531 152 80 ) 
4 86 87 (94.831261 145.173187 68 ) (94.001953 143.171875 68 ) (94.001640 143.170593 80 ) (94.831291 145.173203 80 ) 
4 88 91 (96 152 68 ) (97.657143 152 68 ) (96.828285 150 68 ) (96 150.342529 68 ) 
4 88 89 (94.828865 150.826904 68 ) (96.830032 149.998383 68 ) (96.830032 149.998383 80 ) (94.828522 150.827744 80 ) 
3 89 91 (96 150.342529 68 ) (96.828285 150 68 ) (96 148 68 ) 
4 90 126 (96 142.956924 60 ) (128 139.875488 60 ) (128 139.875488 68 ) (96 142.956924 68 ) 
5 90 98 (128 139.877441 60 ) (96 142.958817 60 ) (96 148 60 ) (97.657143 152 60 ) (128 152 60 ) 
4 90 91 (96 147.994232 68 ) (97.659531 152 68 ) (97.659531 152 60 ) (96 147.994232 60 ) 
3 91 100 (96 152 60 ) (97.657143 152 60 ) (96 148 60 ) 
4 92 134 (75.046883 144.974609 60 ) (75.046883 144.974609 48 ) (86.297783 143.891205 48 ) (86.297783 143.891205 60 ) 
4 92 97 (88 148 60 ) (87.172531 146 60 ) (87.172531 146 48 ) (88 148 48 ) 
4 92 96 (87.172531 146 60 ) (86.298828 143.890625 60 ) (86.298828 143.890625 48 ) (87.172531 146 48 ) 
4 93 135 (75.046883 144.974609 40 ) (75.046875 144.974609 28 ) (86.297783 143.891205 28 ) (86.297783 143.891205 40 ) 
4 93 107 (88 148 40 ) (87.172531 146 40 ) (87.172531 146 28 ) (88 148 28 ) 
4 93 104 (87.172531 146 40 ) (86.298828 143.890625 40 ) (86.298828 143.890625 28 ) (87.172531 146 28 ) 
4 94 136 (75.046875 144.974609 20 ) (75.046875 144.974609 8 ) (86.297783 143.891205 8 ) (86.297783 143.891205 20 ) 
4 94 108 (88 148 20 ) (87.172531 146 20 ) (87.172531 146 8 ) (88 148 8 ) 
4 94 105 (87.172531 146 20 ) (86.298828 143.890625 20 ) (86.298828 143.890625 8 ) (87.172531 146 8 ) 
4 95 137 (75.046875 144.974609 4 ) (75.046875 144.974609 0 ) (86.297783 143.891205 0 ) (86.297783 143.891205 4 ) 
4 95 109 (88 148 4 ) (87.172531 146 4 ) (87.172531 146 0 ) (88 148 0 ) 
4 95 106 (87.172531 146 4 ) (86.298828 143.890625 4 ) (86.298828 143.890625 0 ) (87.172531 146 0 ) 
4 96 140 (94.068359 143.142944 60 ) (86.903252 143.832901 60 ) (86.903252 143.832901 48 ) (94.068359 143.142944 48 ) 
4 96 134 (86.903252 143.832901 60 ) (86.297783 143.891205 60 ) (86.297783 143.891205 48 ) (86.903252 143.832901 48 ) 
4 96 101 (91.998840 144 60 ) (94.064003 143.143799 60 ) (94.065445 143.143066 48 ) (91.998741 144 48 ) 
4 96 97 (87.175781 145.998047 48 ) (87.175781 145.998047 60 ) (89.172058 145.170853 60 ) (89.172089 145.170807 48 ) 
4 98 126 (128 139.875488 40 ) (128 139.875488 60 ) (96 142.956940 60 ) (96 142.956940 40 ) 
4 98 113 (119.221649 140.720230 40 ) (96 142.956161 40 ) (96 148 40 ) (96.828293 150 40 ) 
5 98 110 (128 139.875000 40 ) (119.221649 140.720230 40 ) (96.828293 150 40 ) (97.657143 152 40 ) (128 152 40 ) 
4 98 100 (97.659843 152 60 ) (97.659843 152 40 ) (96 147.993942 40 ) (96 147.993942 60 ) 
4 98 99 (96 147.998047 60 ) (96 147.998047 48 ) (96 142.957367 48 ) (96 142.957367 60 ) 
4 99 140 (96 142.956940 60 ) (94.068359 143.142944 60 ) (94.068359 143.142944 48 ) (96 142.956940 48 ) 
4 99 101 (94.001793 143.171234 48 ) (94.001793 143.171234 60 ) (94.831268 145.173187 60 ) (94.831268 145.173187 48 ) 
3 100 115 (96.828293 150 40 ) (96 148 40 ) (96 150.342529 40 ) 
4 100 110 (96 152 40 ) (97.657143 152 40 ) (96.828293 150 40 ) (96 150.342529 40 ) 
4 100 103 (96 147.998047 48 ) (96 147.998047 60 ) (96 150.342529 60 ) (96 150.342529 48 ) 
4 100 102 (96 152 60 ) (96 152 48 ) (96 150.342529 48 ) (96 150.342529 60 ) 
4 102 103 (94.828773 150.827118 48 ) (96 150.341812 48 ) (96 150.341812 60 ) (94.828773 150.827118 60 ) 
4 104 141 (94.068359 143.142944 28 ) (94.068359 143.142944 40 ) (86.903252 143.832901 40 ) (86.903252 143.832901 28 ) 
4 104 135 (86.903252 143.832901 40 ) (86.297783 143.891205 40 ) (86.297783 143.891205 28 ) (86.903252 143.832901 28 ) 
4 104 114 (92.001617 144 40 ) (94.071182 143.143112 40 ) (94.071182 143.143112 28 ) (92.001617 144 28 ) 
4 104 107 (87.171875 146.001953 28 ) (87.171875 146.001953 40 ) (89.170914 145.173615 40 ) (89.170914 145.173615 28 ) 
4 105 142 (94.068359 143.142944 8 ) (94.068359 143.142944 20 ) (86.903252 143.832901 20 ) (86.903252 143.832901 8 ) 
4 105 136 (86.903252 143.832901 20 ) (86.297783 143.891205 20 ) (86.297783 143.891205 8 ) (86.903252 143.832901 8 ) 
4 105 119 (92.001617 144 20 ) (94.071182 143.143112 20 ) (94.071175 143.143112 8 ) (92.001617 144 8 ) 
4 105 108 (87.171875 146.001953 8 ) (87.171875 146.001953 20 ) (89.170914 145.173615 20 ) (89.170914 145.173615 8 ) 
4 106 143 (86.903252 143.832901 0 ) (94.068359 143.142944 0 ) (94.068359 143.142944 4 ) (86.903252 143.832901 4 ) 
4 106 137 (86.297783 143.891205 0 ) (86.903252 143.832901 0 ) (86.903252 143.832901 4 ) (86.297783 143.891205 4 ) 
4 106 124 (92.001617 144 4 ) (94.071175 143.143112 4 ) (94.071175 143.143112 0 ) (92.001617 144 0 ) 
4 106 109 (87.171875 146.001953 0 ) (87.171875 146.001953 4 ) (89.170914 145.173615 4 ) (89.170914 145.173615 0 ) 
4 110 131 (128 139.875488 8 ) (128 139.875488 24 ) (126.005951 140.067505 24 ) (126.005951 140.067505 8 ) 
4 110 128 (128 139.875488 24 ) (128 139.875488 32 ) (126.009659 140.067154 32 ) (126.009659 140.067154 24 ) 
4 110 126 (128 139.875488 32 ) (128 139.875488 40 ) (119.219894 140.720978 40 ) (119.219894 140.720978 32 ) 
5 110 121 (128 139.875488 8 ) (119.220032 140.720917 8 ) (96 150.342545 8 ) (96 152 8 ) (128 152 8 ) 
4 110 120 (96 150.341644 8 ) (96.827980 149.998550 8 ) (96.828018 149.998657 20 ) (96 150.341766 20 ) 
4 110 118 (96.827980 149.998550 8 ) (119.215530 140.721878 8 ) (119.215271 140.722168 20 ) (96.828018 149.998657 20 ) 
4 110 117 (101.652458 148 28 ) (96 150.341843 28 ) (96 150.341766 20 ) (101.652344 148 20 ) 
4 110 116 (119.215271 140.722168 20 ) (119.215103 140.722366 28 ) (101.652458 148 28 ) (101.652344 148 20 ) 
4 110 115 (96.828094 149.998840 40 ) (96 150.341965 40 ) (96 150.341843 28 ) (96.828049 149.998734 28 ) 
4 110 113 (119.215103 140.722366 28 ) (119.214844 140.722656 40 ) (96.828094 149.998840 40 ) (96.828049 149.998734 28 ) 
4 110 111 (96 152 40 ) (96 152 28 ) (96 150.343140 28 ) (96 150.343140 40 ) 
4 110 112 (96 152 20 ) (96 152 8 ) (96 150.343140 8 ) (96 150.343140 20 ) 
4 111 115 (96 150.341843 28 ) (96 150.341965 40 ) (94.828697 150.827301 40 ) (94.828766 150.827164 28 ) 
4 112 120 (94.828850 150.826935 8 ) (96 150.341644 8 ) (96 150.341766 20 ) (94.828789 150.827072 20 ) 
4 113 141 (96 142.956940 40 ) (94.068359 143.142944 40 ) (94.068359 143.142944 28 ) (96 142.956940 28 ) 
4 113 127 (96 142.956940 32 ) (96 142.956940 28 ) (106.101181 141.984253 28 ) (106.101181 141.984253 32 ) 
4 113 126 (119.219894 140.720978 40 ) (96 142.956940 40 ) (96 142.956940 32 ) (119.219894 140.720978 32 ) 
4 113 117 (96 148 28 ) (96.827850 149.998260 28 ) (101.651764 148 28 ) (96 145.657486 28 ) 
4 113 116 (96 145.657486 28 ) (101.651764 148 28 ) (119.214447 140.721985 28 ) (96 142.956802 28 ) 
4 113 115 (96.830078 150 40 ) (96.830078 150 28 ) (96 147.998184 28 ) (96 147.998184 40 ) 
4 113 114 (94.830215 145.172760 28 ) (94 143.170898 28 ) (94 143.170898 40 ) (94.830215 145.172760 40 ) 
3 115 117 (96 150.341293 28 ) (96.827850 149.998260 28 ) (96 148 28 ) 
4 116 130 (96 142.956940 20 ) (106.100746 141.984283 20 ) (106.100746 141.984283 24 ) (96 142.956940 24 ) 
4 116 127 (106.101181 141.984253 28 ) (96 142.956940 28 ) (96 142.956940 24 ) (106.101181 141.984253 24 ) 
4 116 118 (96 145.657486 20 ) (101.651772 148 20 ) (119.214447 140.721985 20 ) (96 142.956802 20 ) 
4 116 117 (101.656250 148.001953 20 ) (96 145.658188 20 ) (96 145.658142 28 ) (101.656250 148.001953 28 ) 
3 117 120 (96 150.341293 20 ) (96.827850 149.998260 20 ) (96 148 20 ) 
4 117 118 (96.827850 149.998260 20 ) (101.651772 148 20 ) (96 145.657486 20 ) (96 148 20 ) 
4 118 142 (94.068359 143.142944 20 ) (94.068359 143.142944 8 ) (96 142.956940 8 ) (96 142.956940 20 ) 
4 118 130 (96 142.956940 8 ) (106.100746 141.984283 8 ) (106.100746 141.984283 20 ) (96 142.956940 20 ) 
4 118 121 (119.220032 140.720917 8 ) (96 142.956772 8 ) (96 148 8 ) (96.828293 150 8 ) 
4 118 120 (96 147.998001 20 ) (96.830078 150 20 ) (96.830078 150 8 ) (96 147.998184 8 ) 
4 118 119 (94.001328 143.170715 20 ) (94.830666 145.172928 20 ) (94.830215 145.172760 8 ) (94 143.170898 8 ) 
3 120 121 (96 150.342545 8 ) (96.828293 150 8 ) (96 148 8 ) 
4 121 131 (126.005951 140.067505 0 ) (128 139.875488 0 ) (128 139.875488 8 ) (126.005951 140.067505 8 ) 
4 121 130 (96 142.956940 0 ) (106.100746 141.984283 0 ) (106.100746 141.984283 8 ) (96 142.956940 8 ) 
4 121 125 (96 150.342529 4 ) (96 150.342529 0 ) (96 148 0 ) (96 148 4 ) 
4 121 123 (96 142.957382 0 ) (96 142.957382 4 ) (96 148 4 ) (96 148 0 ) 
4 121 122 (96 152 4 ) (96 152 0 ) (96 150.342529 0 ) (96 150.342529 4 ) 
4 122 125 (96 150.341797 0 ) (96 150.341797 4 ) (94.828773 150.827118 4 ) (94.828773 150.827118 0 ) 
4 123 143 (94.068359 143.142944 0 ) (96 142.956940 0 ) (96 142.956940 4 ) (94.068359 143.142944 4 ) 
4 123 124 (94.829887 145.172623 0 ) (94 143.171082 0 ) (94 143.171082 4 ) (94.829887 145.172623 4 ) 
4 126 251 (128 119.783203 32 ) (128 119.783203 100 ) (96 122.864578 100 ) (96 122.864578 32 ) 
4 126 171 (96 134.342545 32 ) (96 132 32 ) (96 132 40 ) (96 134.342545 40 ) 
4 126 169 (96 132 32 ) (96 128 32 ) (96 128 40 ) (96 132 40 ) 
4 126 165 (96 134.342545 60 ) (96 134.342545 48 ) (96 132 48 ) (96 132 60 ) 
4 126 163 (96 128 48 ) (96 128 60 ) (96 132 60 ) (96 132 48 ) 
4 126 160 (96 134.342545 80 ) (96 134.342545 68 ) (96 132 68 ) (96 132 80 ) 
4 126 158 (96 132 100 ) (96 134.342545 100 ) (96 134.342545 88 ) (96 132 88 ) 
4 126 155 (96 128 88 ) (96 128 100 ) (96 132 100 ) (96 132 88 ) 
4 126 156 (96 128 68 ) (96 128 80 ) (96 132 80 ) (96 132 68 ) 
4 126 192 (96 128 32 ) (96 122.865990 32 ) (96 122.865990 100 ) (96 128 100 ) 
4 126 141 (96 142.953125 40 ) (96 142.953125 32 ) (96 134.342545 32 ) (96 134.342545 40 ) 
4 126 139 (96 142.953125 80 ) (96 142.953125 68 ) (96 134.342545 68 ) (96 134.342545 80 ) 
4 126 140 (96 142.953125 60 ) (96 142.953125 48 ) (96 134.342545 48 ) (96 134.342545 60 ) 
4 126 138 (96 142.953125 100 ) (96 142.953125 88 ) (96 134.342545 88 ) (96 134.342545 100 ) 
4 126 128 (128 119.785645 32 ) (124.092377 120.161942 32 ) (126.009300 140.063431 32 ) (128 139.871735 32 ) 
4 126 127 (104.183990 122.079086 32 ) (96 122.867188 32 ) (96 142.953125 32 ) (106.100822 141.980484 32 ) 
4 127 252 (104.183739 122.076538 32 ) (96 122.864578 32 ) (96 122.864578 24 ) (104.183739 122.076538 24 ) 
4 127 220 (96 128 24 ) (96 126.342529 24 ) (96 126.342537 28 ) (96 128 28 ) 
4 127 199 (96 126.342529 24 ) (96 122.865990 24 ) (96 122.865990 28 ) (96 126.342537 28 ) 
4 127 171 (96 132 32 ) (96 134.342545 32 ) (96 134.342545 28 ) (96 132 28 ) 
4 127 169 (96 128 32 ) (96 132 32 ) (96 132 28 ) (96 128 28 ) 
4 127 192 (96 122.865990 28 ) (96 122.865990 32 ) (96 128 32 ) (96 128 28 ) 
4 127 141 (96 142.953125 32 ) (96 142.953125 28 ) (96 134.342545 28 ) (96 134.342545 32 ) 
4 127 130 (96 138.938400 24 ) (96 142.953125 24 ) (106.100822 141.980484 24 ) (105.717690 138.002655 24 ) 
4 127 129 (104.183990 122.079086 24 ) (96 122.867188 24 ) (96 138.938400 24 ) (105.717690 138.002655 24 ) 
4 128 253 (128 119.783203 24 ) (128 119.783203 32 ) (124.092148 120.159500 32 ) (124.092148 120.159500 24 ) 
4 128 131 (125.626152 136.085602 24 ) (126.009300 140.063431 24 ) (128 139.871735 24 ) (128 135.857025 24 ) 
4 128 129 (128 119.785645 24 ) (124.092377 120.161942 24 ) (125.626152 136.085602 24 ) (128 135.857025 24 ) 
4 129 255 (128 119.783203 0 ) (128 119.783203 24 ) (124.088974 120.159805 24 ) (124.088974 120.159805 0 ) 
4 129 254 (104.180969 122.076805 24 ) (96 122.864578 24 ) (96 122.864578 0 ) (104.180969 122.076805 0 ) 
4 129 219 (96 134.342545 0 ) (96 132 0 ) (96 132 4 ) (96 134.342545 4 ) 
4 129 217 (96 132 8 ) (96 132 20 ) (96 134.342545 20 ) (96 134.342545 8 ) 
4 129 214 (96 128 8 ) (96 128 20 ) (96 132 20 ) (96 132 8 ) 
4 129 215 (96 132 0 ) (96 128 0 ) (96 128 4 ) (96 132 4 ) 
4 129 220 (96 128 0 ) (96 126.342529 0 ) (96 126.342537 24 ) (96 128 24 ) 
4 129 203 (96 126.342529 0 ) (96 122.865990 0 ) (96 122.865990 8 ) (96 126.342529 8 ) 
4 129 199 (96 122.865990 8 ) (96 122.865990 24 ) (96 126.342537 24 ) (96 126.342529 8 ) 
4 129 142 (96 134.342545 8 ) (96 134.342545 20 ) (96 138.938400 20 ) (96 138.938400 8 ) 
4 129 143 (96 138.938400 0 ) (96 134.342545 0 ) (96 134.342545 4 ) (96 138.938400 4 ) 
4 129 131 (125.622017 136.086075 24 ) (128 135.857086 24 ) (128 135.857086 0 ) (125.622017 136.086075 0 ) 
4 129 130 (96 138.938477 0 ) (96 138.938477 24 ) (105.716789 138.002808 24 ) (105.716789 138.002808 0 ) 
4 130 142 (96 142.953125 20 ) (96 142.953125 8 ) (96 138.938400 8 ) (96 138.938400 20 ) 
4 130 143 (96 142.953125 4 ) (96 142.953125 0 ) (96 138.938400 0 ) (96 138.938400 4 ) 
4 132 173 (67.996986 136.001251 88 ) (74.836029 138.835007 88 ) (74.836029 138.835007 100 ) (67.996986 136.001251 100 ) 
4 132 148 (74.836029 138.835007 88 ) (79.997269 140.973557 88 ) (79.997269 140.973557 100 ) (74.836029 138.835007 100 ) 
4 132 138 (79.997269 140.973557 88 ) (86.900070 143.833725 88 ) (86.900070 143.833725 100 ) (79.997269 140.973557 100 ) 
4 133 179 (67.996986 136.001251 68 ) (74.836029 138.835007 68 ) (74.836029 138.835007 80 ) (67.996986 136.001251 80 ) 
4 133 149 (74.836029 138.835007 68 ) (79.997269 140.973557 68 ) (79.997269 140.973557 80 ) (74.836029 138.835007 80 ) 
4 133 139 (79.997269 140.973557 68 ) (86.900070 143.833725 68 ) (86.900070 143.833725 80 ) (79.997269 140.973557 80 ) 
4 134 180 (67.996986 136.001251 48 ) (74.836029 138.835007 48 ) (74.836029 138.835007 60 ) (67.996986 136.001251 60 ) 
4 134 150 (74.836029 138.835007 48 ) (79.997269 140.973557 48 ) (79.997269 140.973557 60 ) (74.836029 138.835007 60 ) 
4 134 140 (79.997269 140.973557 48 ) (86.900070 143.833725 48 ) (86.900070 143.833725 60 ) (79.997269 140.973557 60 ) 
4 135 188 (67.996986 136.001251 28 ) (74.836029 138.835007 28 ) (74.836029 138.835007 40 ) (67.996986 136.001251 40 ) 
4 135 166 (74.836029 138.835007 28 ) (79.997269 140.973557 28 ) (79.997269 140.973557 40 ) (74.836029 138.835007 40 ) 
4 135 141 (79.997269 140.973557 28 ) (86.900070 143.833725 28 ) (86.900070 143.833725 40 ) (79.997269 140.973557 40 ) 
4 136 208 (70.343773 136.973648 8 ) (79.997269 140.973557 8 ) (79.997269 140.973557 20 ) (70.343773 136.973648 20 ) 
4 136 195 (67.996994 136.001266 8 ) (70.343773 136.973648 8 ) (70.343773 136.973648 20 ) (67.996994 136.001266 20 ) 
4 136 142 (79.997269 140.973557 8 ) (86.900070 143.833725 8 ) (86.900070 143.833725 20 ) (79.997269 140.973557 20 ) 
4 137 209 (70.343773 136.973648 0 ) (79.997269 140.973557 0 ) (79.997269 140.973557 4 ) (70.343773 136.973648 4 ) 
4 137 205 (67.996994 136.001266 0 ) (70.343773 136.973648 0 ) (70.343773 136.973648 4 ) (67.996994 136.001266 4 ) 
4 137 143 (79.997269 140.973557 0 ) (86.900070 143.833725 0 ) (86.900070 143.833725 4 ) (79.997269 140.973557 4 ) 
4 138 158 (94.828148 134.828629 88 ) (96 134.343094 88 ) (96 134.343094 100 ) (94.828148 134.828629 100 ) 
4 138 153 (90 136.828888 88 ) (92 136 88 ) (92 136 100 ) (90 136.828888 100 ) 
4 138 151 (85.170319 138.830231 88 ) (90 136.828888 88 ) (90 136.828888 100 ) (85.170319 138.830231 100 ) 
4 138 148 (80.001953 140.971680 100 ) (80.001953 140.971680 88 ) (85.170319 138.830231 88 ) (85.170319 138.830231 100 ) 
4 139 160 (94.828148 134.828629 68 ) (96 134.343094 68 ) (96 134.343094 80 ) (94.828148 134.828629 80 ) 
4 139 154 (90 136.828888 68 ) (92 136 68 ) (92 136 80 ) (90 136.828888 80 ) 
4 139 152 (85.170319 138.830231 68 ) (90 136.828888 68 ) (90 136.828888 80 ) (85.170319 138.830231 80 ) 
4 139 149 (80.001953 140.971680 80 ) (80.001953 140.971680 68 ) (85.170319 138.830231 68 ) (85.170319 138.830231 80 ) 
4 140 165 (94.828148 134.828629 48 ) (96 134.343094 48 ) (96 134.343094 60 ) (94.828148 134.828629 60 ) 
4 140 162 (90 136.828888 48 ) (92 136 48 ) (92 136 60 ) (90 136.828888 60 ) 
4 140 161 (85.170319 138.830231 48 ) (90 136.828888 48 ) (90 136.828888 60 ) (85.170319 138.830231 60 ) 
4 140 150 (80.001953 140.971680 60 ) (80.001953 140.971680 48 ) (85.170319 138.830231 48 ) (85.170319 138.830231 60 ) 
4 141 171 (94.828148 134.828629 28 ) (96 134.343094 28 ) (96 134.343094 40 ) (94.828148 134.828629 40 ) 
4 141 168 (90 136.828888 28 ) (92 136 28 ) (92 136 40 ) (90 136.828888 40 ) 
4 141 167 (85.170319 138.830231 28 ) (90 136.828888 28 ) (90 136.828888 40 ) (85.170319 138.830231 40 ) 
4 141 166 (80.001953 140.971680 40 ) (80.001953 140.971680 28 ) (85.170319 138.830231 28 ) (85.170319 138.830231 40 ) 
4 142 217 (94.828148 134.828629 8 ) (96 134.343094 8 ) (96 134.343094 20 ) (94.828148 134.828629 20 ) 
4 142 212 (90 136.828888 8 ) (92 136 8 ) (92 136 20 ) (90 136.828888 20 ) 
4 142 210 (85.170319 138.830231 8 ) (90 136.828888 8 ) (90 136.828888 20 ) (85.170319 138.830231 20 ) 
4 142 208 (80.001953 140.971680 20 ) (80.001953 140.971680 8 ) (85.170319 138.830231 8 ) (85.170319 138.830231 20 ) 
4 143 219 (94.828148 134.828629 0 ) (96 134.343094 0 ) (96 134.343094 4 ) (94.828148 134.828629 4 ) 
4 143 213 (90 136.828888 0 ) (92 136 0 ) (92 136 4 ) (90 136.828888 4 ) 
4 143 211 (85.170319 138.830231 0 ) (90 136.828888 0 ) (90 136.828888 4 ) (85.170319 138.830231 4 ) 
4 143 209 (80.001953 140.971680 4 ) (80.001953 140.971680 0 ) (85.170319 138.830231 0 ) (85.170319 138.830231 4 ) 
4 144 176 (70.347656 128 88 ) (70.347656 128 100 ) (70.834320 129.174454 100 ) (70.834320 129.174454 88 ) 
4 144 174 (72.002571 131.993774 100 ) (72.832840 133.997437 100 ) (72.832840 133.997437 88 ) (72.002571 131.993774 88 ) 
4 144 173 (72.832840 133.997437 100 ) (73.520630 135.657257 100 ) (73.520630 135.657257 88 ) (72.832840 133.997437 88 ) 
4 144 148 (89.170998 129.173416 88 ) (73.515625 135.660156 88 ) (73.515625 135.660156 100 ) (89.170998 129.173416 100 ) 
4 144 192 (92 128 88 ) (92 128 100 ) (70.347244 128 100 ) (70.347244 128 88 ) 
4 145 183 (70.347656 128 68 ) (70.347656 128 80 ) (70.834320 129.174454 80 ) (70.834320 129.174454 68 ) 
4 145 181 (72.002571 131.993774 80 ) (72.832840 133.997437 80 ) (72.832840 133.997437 68 ) (72.002571 131.993774 68 ) 
4 145 179 (72.832840 133.997437 80 ) (73.520630 135.657257 80 ) (73.520630 135.657257 68 ) (72.832840 133.997437 68 ) 
4 145 149 (89.170998 129.173416 68 ) (73.515625 135.660156 68 ) (73.515625 135.660156 80 ) (89.170998 129.173416 80 ) 
4 145 192 (92 128 68 ) (92 128 80 ) (70.347244 128 80 ) (70.347244 128 68 ) 
4 146 186 (72.002579 131.993774 60 ) (72.832840 133.997437 60 ) (72.832840 133.997437 48 ) (72.002579 131.993774 48 ) 
4 146 185 (70.347656 128 48 ) (70.347656 128 60 ) (70.834320 129.174454 60 ) (70.834320 129.174454 48 ) 
4 146 180 (72.832840 133.997437 60 ) (73.520630 135.657257 60 ) (73.520630 135.657257 48 ) (72.832840 133.997437 48 ) 
4 146 150 (89.170998 129.173416 48 ) (73.515625 135.660156 48 ) (73.515625 135.660156 60 ) (89.170998 129.173416 60 ) 
4 146 192 (92 128 48 ) (92 128 60 ) (70.347244 128 60 ) (70.347244 128 48 ) 
4 147 191 (70.834320 129.174454 28 ) (70.347656 128 28 ) (70.347656 128 40 ) (70.834320 129.174454 40 ) 
4 147 189 (72.832840 133.997437 28 ) (72.002571 131.993774 28 ) (72.002571 131.993774 40 ) (72.832840 133.997437 40 ) 
4 147 188 (73.520630 135.657257 28 ) (72.832840 133.997437 28 ) (72.832840 133.997437 40 ) (73.520630 135.657257 40 ) 
4 147 166 (89.170998 129.173416 28 ) (73.515625 135.660156 28 ) (73.515625 135.660156 40 ) (89.170998 129.173416 40 ) 
4 147 192 (70.347244 128 28 ) (92 128 28 ) (92 128 40 ) (70.347244 128 40 ) 
4 148 173 (74.836502 138.832825 100 ) (74.836502 138.832825 88 ) (73.520630 135.657257 88 ) (73.520630 135.657257 100 ) 
4 148 151 (88 132 88 ) (85.170319 138.830002 88 ) (85.170319 138.830002 100 ) (88 132 100 ) 
4 149 179 (74.836502 138.832825 80 ) (74.836502 138.832825 68 ) (73.520630 135.657257 68 ) (73.520630 135.657257 80 ) 
4 149 152 (88 132 68 ) (85.170319 138.830002 68 ) (85.170319 138.830002 80 ) (88 132 80 ) 
4 150 180 (74.836502 138.832825 60 ) (74.836502 138.832825 48 ) (73.520630 135.657257 48 ) (73.520630 135.657257 60 ) 
4 150 161 (88 132 48 ) (85.170319 138.830002 48 ) (85.170319 138.830002 60 ) (88 132 60 ) 
4 151 153 (89.171600 134.828003 88 ) (90 136.828568 88 ) (90 136.828568 100 ) (89.171600 134.828003 100 ) 
4 152 154 (89.171600 134.828003 68 ) (90 136.828568 68 ) (90 136.828568 80 ) (89.171600 134.828003 80 ) 
4 155 157 (94.827797 129.171753 88 ) (94.342361 128 88 ) (94.342361 128 100 ) (94.827797 129.171753 100 ) 
4 155 192 (96 128 88 ) (96 128 100 ) (94.342857 128 100 ) (94.342857 128 88 ) 
4 156 159 (94.827797 129.171753 68 ) (94.342361 128 68 ) (94.342361 128 80 ) (94.827797 129.171753 80 ) 
4 156 192 (96 128 68 ) (96 128 80 ) (94.342857 128 80 ) (94.342857 128 68 ) 
4 157 192 (94.342857 128 100 ) (92 128 100 ) (92 128 88 ) (94.342857 128 88 ) 
4 159 192 (92 128 80 ) (92 128 68 ) (94.342857 128 68 ) (94.342857 128 80 ) 
4 161 162 (89.171600 134.828003 48 ) (90 136.828568 48 ) (90 136.828308 60 ) (89.171501 134.827957 60 ) 
4 163 164 (94.827324 129.171555 48 ) (94.341919 128 48 ) (94.341919 128 60 ) (94.827324 129.171555 60 ) 
4 163 192 (96 128 48 ) (96 128 60 ) (94.342857 128 60 ) (94.342857 128 48 ) 
4 164 192 (92 128 60 ) (92 128 48 ) (94.342857 128 48 ) (94.342857 128 60 ) 
4 166 188 (74.836502 138.832825 40 ) (74.836502 138.832825 28 ) (73.520630 135.657257 28 ) (73.520630 135.657257 40 ) 
4 166 167 (88 132 28 ) (85.170341 138.830002 28 ) (85.170341 138.830002 40 ) (88 132 40 ) 
4 167 168 (89.171600 134.828003 28 ) (90 136.828568 28 ) (90 136.828308 40 ) (89.171501 134.827957 40 ) 
4 169 170 (94.828072 129.171860 28 ) (94.342613 128 28 ) (94.342613 128 40 ) (94.828072 129.171860 40 ) 
4 169 192 (94.342857 128 28 ) (96 128 28 ) (96 128 40 ) (94.342857 128 40 ) 
4 170 192 (92 128 28 ) (94.342857 128 28 ) (94.342857 128 40 ) (92 128 40 ) 
4 172 175 (65.171471 129.172333 88 ) (64 129.657745 88 ) (64 129.657745 100 ) (65.171471 129.172333 100 ) 
4 172 192 (68 128 100 ) (64 128 100 ) (64 128 88 ) (68 128 88 ) 
4 173 174 (70.827507 134.830154 88 ) (72.835938 133.998047 88 ) (72.835938 133.998047 100 ) (70.827507 134.830154 100 ) 
4 176 192 (70.347244 128 88 ) (70.347244 128 100 ) (68 128 100 ) (68 128 88 ) 
4 177 182 (64 129.657669 68 ) (64 129.657639 80 ) (65.171539 129.172134 80 ) (65.171516 129.172195 68 ) 
4 177 192 (68 128 80 ) (64 128 80 ) (64 128 68 ) (68 128 68 ) 
4 178 184 (65.171471 129.172333 48 ) (64 129.657745 48 ) (64 129.657700 60 ) (65.171501 129.172256 60 ) 
4 178 192 (64 128 60 ) (64 128 48 ) (68 128 48 ) (68 128 60 ) 
4 179 181 (72.833496 133.998047 68 ) (72.832031 133.998047 80 ) (70.828262 134.828339 80 ) (70.827980 134.829025 68 ) 
4 180 186 (70.827507 134.830154 48 ) (72.835938 133.998047 48 ) (72.834473 133.998047 60 ) (70.827797 134.829468 60 ) 
4 183 192 (70.347244 128 68 ) (70.347244 128 80 ) (68 128 80 ) (68 128 68 ) 
4 185 192 (70.347244 128 48 ) (70.347244 128 60 ) (68 128 60 ) (68 128 48 ) 
4 187 190 (65.171608 129.171997 28 ) (64 129.657471 28 ) (64 129.657578 40 ) (65.171570 129.172089 40 ) 
4 187 192 (64 128 28 ) (68 128 28 ) (68 128 40 ) (64 128 40 ) 
4 188 189 (70.828316 134.828201 28 ) (72.832031 133.998047 28 ) (72.832031 133.998047 40 ) (70.828285 134.828278 40 ) 
4 191 192 (68 128 28 ) (70.347244 128 28 ) (70.347244 128 40 ) (68 128 40 ) 
4 192 257 (64 125.946152 28 ) (64 125.946152 100 ) (64 128 100 ) (64 128 28 ) 
4 192 252 (64 125.945953 32 ) (64 125.945953 28 ) (96 122.864578 28 ) (96 122.864578 32 ) 
4 192 251 (96 122.864578 100 ) (64 125.945953 100 ) (64 125.945953 32 ) (96 122.864578 32 ) 
3 192 220 (96 128 28 ) (96 126.342529 28 ) (92 128 28 ) 
5 192 199 (96 126.342529 28 ) (96 122.864784 28 ) (64 125.947327 28 ) (64 128 28 ) (92 128 28 ) 
4 193 197 (65.171608 129.171997 8 ) (64 129.657471 8 ) (64 129.657578 20 ) (65.171570 129.172089 20 ) 
4 193 199 (64 128 8 ) (68 128 8 ) (68 128 20 ) (64 128 20 ) 
4 194 208 (89.171280 129.172760 8 ) (73.519913 135.658173 8 ) (73.519913 135.658173 20 ) (89.171280 129.172760 20 ) 
4 194 198 (70.832550 129.173721 8 ) (70.346344 128 8 ) (70.346344 128 20 ) (70.832550 129.173721 20 ) 
4 194 196 (72.831062 133.998169 8 ) (72.001663 131.995987 8 ) (72.001663 131.995987 20 ) (72.831062 133.998169 20 ) 
4 194 195 (73.519531 135.660156 20 ) (73.519531 135.660156 8 ) (72.831062 133.998169 8 ) (72.831062 133.998169 20 ) 
4 194 199 (70.347244 128 8 ) (92 128 8 ) (92 128 20 ) (70.347244 128 20 ) 
4 195 208 (70.347656 136.972656 8 ) (70.347656 136.972656 20 ) (73.519913 135.658173 20 ) (73.519913 135.658173 8 ) 
4 195 196 (70.827751 134.829590 8 ) (72.833984 133.998047 8 ) (72.833984 133.998047 20 ) (70.827812 134.829437 20 ) 
4 198 199 (68 128 8 ) (70.347244 128 8 ) (70.347244 128 20 ) (68 128 20 ) 
4 199 257 (64 125.946152 8 ) (64 125.946152 28 ) (64 128 28 ) (64 128 8 ) 
4 199 254 (64 125.945953 24 ) (64 125.945953 8 ) (96 122.864578 8 ) (96 122.864578 24 ) 
4 199 252 (64 125.945953 28 ) (64 125.945953 24 ) (96 122.864578 24 ) (96 122.864578 28 ) 
4 199 220 (92.001511 128 28 ) (96 126.343155 28 ) (96 126.343155 8 ) (92.001511 128 8 ) 
5 199 203 (91.995987 128 8 ) (96 126.340866 8 ) (96 122.864777 8 ) (75.665024 124.823860 8 ) (68 128 8 ) 
4 199 201 (75.665024 124.823860 8 ) (64 125.947678 8 ) (64 128 8 ) (68 128 8 ) 
4 200 206 (64 129.657852 0 ) (64 129.657852 4 ) (65.171417 129.172455 4 ) (65.171417 129.172455 0 ) 
4 200 201 (68 128 0 ) (68 128 4 ) (64 128 4 ) (64 128 0 ) 
4 201 257 (64 128 0 ) (64 125.946152 0 ) (64 125.946152 8 ) (64 128 8 ) 
4 201 254 (64 125.945953 8 ) (64 125.945953 0 ) (75.668716 124.822342 0 ) (75.668716 124.822342 8 ) 
4 201 203 (68 128 8 ) (75.669258 124.822487 8 ) (75.669258 124.822487 0 ) (68 128 0 ) 
4 202 209 (89.171272 129.172760 0 ) (80 132.972717 0 ) (80 132.972717 4 ) (89.171280 129.172760 4 ) 
4 202 204 (70.832886 129.172241 4 ) (80.001953 132.971603 4 ) (80.001953 132.971603 0 ) (70.832886 129.172241 0 ) 
4 202 203 (68 128 4 ) (68 128 0 ) (92.003906 128 0 ) (92.003906 128 4 ) 
4 203 254 (75.668716 124.822342 0 ) (96 122.864578 0 ) (96 122.864578 8 ) (75.668716 124.822342 8 ) 
4 203 220 (92.001511 128 8 ) (96 126.343155 8 ) (96 126.343155 0 ) (92.001503 128 0 ) 
4 204 209 (80 132.972717 4 ) (80 132.972717 0 ) (73.519913 135.658173 0 ) (73.519913 135.658173 4 ) 
4 204 207 (72.002327 131.994385 4 ) (72.832268 133.997681 4 ) (72.832268 133.997681 0 ) (72.002327 131.994385 0 ) 
4 204 205 (72.832268 133.997681 4 ) (73.519928 135.657547 4 ) (73.519928 135.657547 0 ) (72.832268 133.997681 0 ) 
4 205 209 (70.347656 136.972656 0 ) (70.347656 136.972656 4 ) (73.519913 135.658173 4 ) (73.519913 135.658173 0 ) 
4 205 207 (72.833984 133.998047 0 ) (72.833984 133.998047 4 ) (70.827858 134.829330 4 ) (70.827858 134.829330 0 ) 
4 208 210 (88 132 8 ) (85.167969 138.835938 8 ) (85.167969 138.835938 20 ) (88 132 20 ) 
4 209 211 (88 132 0 ) (85.167969 138.835938 0 ) (85.167969 138.835938 4 ) (88 132 4 ) 
4 210 212 (89.171440 134.827942 8 ) (90 136.828125 8 ) (90 136.828125 20 ) (89.171440 134.827942 20 ) 
4 211 213 (89.171440 134.827942 0 ) (90 136.828125 0 ) (90 136.828125 4 ) (89.171440 134.827942 4 ) 
4 214 216 (94.341911 128 8 ) (94.341911 128 20 ) (94.827316 129.171555 20 ) (94.827316 129.171555 8 ) 
4 214 220 (96 128 8 ) (96 128 20 ) (94.342857 128 20 ) (94.342857 128 8 ) 
4 215 218 (94.341911 128 0 ) (94.341911 128 4 ) (94.827316 129.171555 4 ) (94.827316 129.171555 0 ) 
4 215 220 (94.342857 128 0 ) (96 128 0 ) (96 128 4 ) (94.342857 128 4 ) 
4 216 220 (92 128 20 ) (92 128 8 ) (94.342857 128 8 ) (94.342857 128 20 ) 
4 218 220 (92 128 4 ) (92 128 0 ) (94.342857 128 0 ) (94.342857 128 4 ) 
4 221 224 (65.171425 145.172440 88 ) (64 145.657852 88 ) (64 145.657928 100 ) (65.171394 145.172501 100 ) 
4 222 225 (72 147.997910 100 ) (72.829758 149.998703 100 ) (72.829765 149.998703 88 ) (72 147.997910 88 ) 
4 222 223 (72.829758 149.998703 100 ) (73.658867 152 100 ) (73.658875 152 88 ) (72.829765 149.998703 88 ) 
4 223 225 (72.826172 150 88 ) (72.826172 150 100 ) (70.828499 150.827774 100 ) (70.828476 150.827820 88 ) 
4 226 232 (64 145.657532 68 ) (64 145.657455 80 ) (65.171616 145.171982 80 ) (65.171570 145.172073 68 ) 
4 227 237 (64 145.657669 48 ) (64 145.657593 60 ) (65.171539 145.172150 60 ) (65.171509 145.172241 48 ) 
4 228 239 (65.171432 145.172394 28 ) (64 145.657806 28 ) (64 145.657730 40 ) (65.171478 145.172302 40 ) 
4 229 231 (72 147.997772 80 ) (72.829857 149.998657 80 ) (72.829803 149.998688 68 ) (72 147.997864 68 ) 
4 229 230 (72.829857 149.998657 80 ) (73.658981 152 80 ) (73.658920 152 68 ) (72.829803 149.998688 68 ) 
4 230 231 (72.826172 150 68 ) (72.826172 150 80 ) (70.828499 150.827774 80 ) (70.828476 150.827820 68 ) 
4 233 238 (72 148 60 ) (72.828468 150 60 ) (72.828957 150 48 ) (72 148 48 ) 
4 233 235 (72.828468 150 60 ) (73.657356 152 60 ) (73.657928 152 48 ) (72.828957 150 48 ) 
4 234 240 (72.829773 149.998703 28 ) (72 147.997910 28 ) (72 147.998596 40 ) (72.829285 149.998901 40 ) 
4 234 236 (73.658882 152 28 ) (72.829773 149.998703 28 ) (72.829285 149.998901 40 ) (73.658310 152 40 ) 
4 235 238 (72.826172 150 48 ) (72.826172 150 60 ) (70.828499 150.827774 60 ) (70.828484 150.827805 48 ) 
4 236 240 (70.828461 150.827866 28 ) (72.826172 150 28 ) (72.826172 150 40 ) (70.828476 150.827835 40 ) 
4 241 248 (64 145.656616 8 ) (64 145.656616 20 ) (65.172035 145.170959 20 ) (65.172035 145.170959 8 ) 
4 242 249 (64 145.656616 0 ) (64 145.656616 4 ) (65.172035 145.170959 4 ) (65.172035 145.170959 0 ) 
4 243 247 (72 148 20 ) (72.828476 150 20 ) (72.828476 150 8 ) (72 148 8 ) 
4 243 245 (72.828476 150 20 ) (73.657364 152 20 ) (73.657364 152 8 ) (72.828476 150 8 ) 
4 244 250 (72 148 4 ) (72.828476 150 4 ) (72.828476 150 0 ) (72 148 0 ) 
4 244 246 (72.828476 150 4 ) (73.657364 152 4 ) (73.657364 152 0 ) (72.828476 150 0 ) 
4 245 247 (72.826172 150 8 ) (72.826172 150 20 ) (70.828499 150.827774 20 ) (70.828499 150.827774 8 ) 
4 246 250 (72.826172 150 0 ) (72.826172 150 4 ) (70.828499 150.827774 4 ) (70.828499 150.827774 0 ) 
4 251 257 (64 121.925163 32 ) (64 121.925163 100 ) (64 125.946152 100 ) (64 125.946152 32 ) 
4 251 253 (128 115.768555 32 ) (123.708992 116.181534 32 ) (124.092194 120.159988 32 ) (128 119.783691 32 ) 
4 251 252 (103.800499 118.097580 32 ) (64 121.928093 32 ) (64 125.946457 32 ) (104.183792 122.077034 32 ) 
4 252 257 (64 121.925163 24 ) (64 121.925163 32 ) (64 125.946152 32 ) (64 125.946152 24 ) 
4 252 254 (103.800499 118.097580 24 ) (64 121.928093 24 ) (64 125.946457 24 ) (104.183792 122.077034 24 ) 
4 253 255 (128 115.768555 24 ) (123.708992 116.181534 24 ) (124.092194 120.159988 24 ) (128 119.783691 24 ) 
4 254 257 (64 125.946152 0 ) (64 121.925163 0 ) (64 121.925163 24 ) (64 125.946152 24 ) 
4 256 259 (56 240 0 ) (56 192 0 ) (56 192 108 ) (56 240 108 ) 
4 257 259 (56 128 0 ) (56 64 0 ) (56 64 108 ) (56 128 108 ) 
4 258 262 (0 448 128 ) (0 516 128 ) (0 516 0 ) (0 448 0 ) 
4 258 260 (0 448 0 ) (24 448 0 ) (24 448 108 ) (0 448 108 ) 
4 259 275 (24 0 0 ) (56 0 0 ) (56 0 128 ) (24 0 128 ) 
4 259 261 (24 440 0 ) (24 0 0 ) (24 0 128 ) (24 440 128 ) 
4 260 264 (0 448 108 ) (0 448 0 ) (0 440 0 ) (0 440 108 ) 
4 260 261 (0 440 0 ) (24 440 0 ) (24 440 108 ) (0 440 108 ) 
4 261 275 (0 0 128 ) (0 0 0 ) (24 0 0 ) (24 0 128 ) 
4 261 268 (0 0 0 ) (0 0 128 ) (0 320 128 ) (0 320 0 ) 
4 261 266 (0 320 128 ) (0 440 128 ) (0 440 0 ) (0 320 0 ) 
4 262 264 (-24 448 0 ) (0 448 0 ) (0 448 108 ) (-24 448 108 ) 
4 263 265 (-144 448 0 ) (-96 448 0 ) (-96 448 108 ) (-144 448 108 ) 
4 264 266 (-24 440 0 ) (0 440 0 ) (0 440 108 ) (-24 440 108 ) 
4 265 266 (-144 440 0 ) (-96 440 0 ) (-96 440 108 ) (-144 440 108 ) 
4 266 268 (-56 320 0 ) (0 320 0 ) (0 320 128 ) (-56 320 128 ) 
4 266 267 (-216 408 0 ) (-216 352 0 ) (-216 352 108 ) (-216 408 108 ) 
4 267 270 (-224 408 0 ) (-224 352 0 ) (-224 352 108 ) (-224 408 108 ) 
4 268 276 (0 0 0 ) (0 0 128 ) (-56 0 128 ) (-56 0 0 ) 
4 269 270 (-252 440 128 ) (-252 440 96 ) (-224 440 96 ) (-224 440 128 ) 
4 269 271 (-252 516 128 ) (-252 516 96 ) (-252 440 96 ) (-252 440 128 ) 
4 270 271 (-252 440 0 ) (-252 320 0 ) (-252 320 128 ) (-252 440 128 ) 
4 271 274 (-440 414.143005 88 ) (-440 414.143005 40 ) (-440 379.429016 40 ) (-440 379.429016 88 ) 
4 271 273 (-440 414.143005 112 ) (-440 414.143005 96 ) (-440 379.429016 96 ) (-440 379.429016 112 ) 
4 271 272 (-440 456.571014 40 ) (-440 421.857025 40 ) (-440 421.857025 112 ) (-440 456.571014 112 ) 
4 275 276 (0 0 128 ) (0 0 0 ) (0 -56 0 ) (0 -56 128 ) 
