PRT1
264
810
4 0 17 (1536 0 2560 ) (1024 0 2560 ) (1024 0 -2048 ) (1536 0 -2048 ) 
4 0 1 (1024 0 -2048 ) (1024 0 2560 ) (1024 960 2560 ) (1024 960 -2048 ) 
4 1 18 (1024 0 -2048 ) (1024 0 2560 ) (0 0 2560 ) (0 0 -2048 ) 
4 1 2 (0 0 -2048 ) (0 0 2560 ) (0 960 2560 ) (0 960 -2048 ) 
4 2 153 (0 0 -2048 ) (0 0 2560 ) (-512 0 2560 ) (-512 0 -2048 ) 
4 2 3 (-512 960 2560 ) (-512 960 -2048 ) (-512 0 -2048 ) (-512 0 2560 ) 
4 3 154 (-512 0 2560 ) (-544 0 2560 ) (-544 0 -2048 ) (-512 0 -2048 ) 
4 3 4 (-544 960 2560 ) (-544 960 -2048 ) (-544 0 -2048 ) (-544 0 2560 ) 
4 4 155 (-544 0 2560 ) (-1024 0 2560 ) (-1024 0 -2048 ) (-544 0 -2048 ) 
4 4 14 (-1024 0 -2048 ) (-1024 0 -256 ) (-1024 32 -256 ) (-1024 32 -2048 ) 
4 4 13 (-1024 0 -256 ) (-1024 0 128 ) (-1024 32 128 ) (-1024 32 -256 ) 
4 4 11 (-1024 640 -256 ) (-1024 640 -2048 ) (-1024 32 -2048 ) (-1024 32 -256 ) 
4 4 10 (-1024 32 128 ) (-1024 640 128 ) (-1024 640 -256 ) (-1024 32 -256 ) 
4 4 9 (-1024 640 128 ) (-1024 960 128 ) (-1024 960 -2048 ) (-1024 640 -2048 ) 
4 4 7 (-1024 0 128 ) (-1024 0 160 ) (-1024 32 160 ) (-1024 32 128 ) 
4 4 6 (-1024 32 160 ) (-1024 960 160 ) (-1024 960 128 ) (-1024 32 128 ) 
4 4 5 (-1024 0 160 ) (-1024 0 2560 ) (-1024 960 2560 ) (-1024 960 160 ) 
4 5 156 (-1024 0 160 ) (-1024 0 2560 ) (-2048 0 2560 ) (-2048 0 160 ) 
4 5 16 (-2048 0 160 ) (-2048 0 2560 ) (-2048 960 2560 ) (-2048 960 160 ) 
4 5 7 (-1024 0 160 ) (-2000 0 160 ) (-2000 32 160 ) (-1024 32 160 ) 
4 5 6 (-2000 32 160 ) (-2000 960 160 ) (-1024 960 160 ) (-1024 32 160 ) 
4 5 8 (-2000 0 160 ) (-2048 0 160 ) (-2048 960 160 ) (-2000 960 160 ) 
4 6 10 (-1024 640 128 ) (-1024 32 128 ) (-1984 32 128 ) (-1984 640 128 ) 
4 6 12 (-1984 32 128 ) (-2000 32 128 ) (-2000 640 128 ) (-1984 640 128 ) 
4 6 9 (-2000 960 128 ) (-1024 960 128 ) (-1024 640 128 ) (-2000 640 128 ) 
4 6 8 (-2000 960 160 ) (-2000 960 128 ) (-2000 32 128 ) (-2000 32 160 ) 
4 6 7 (-2000 32 160 ) (-2000 32 128 ) (-1024 32 128 ) (-1024 32 160 ) 
4 7 157 (-1024 0 128 ) (-1024 0 160 ) (-2000 0 160 ) (-2000 0 128 ) 
4 7 13 (-1024 32 128 ) (-1024 0 128 ) (-2000 0 128 ) (-2000 32 128 ) 
4 7 8 (-2000 32 128 ) (-2000 0 128 ) (-2000 0 160 ) (-2000 32 160 ) 
4 8 159 (-2000 0 160 ) (-2048 0 160 ) (-2048 0 128 ) (-2000 0 128 ) 
4 8 16 (-2048 0 128 ) (-2048 0 160 ) (-2048 960 160 ) (-2048 960 128 ) 
4 8 15 (-2048 0 128 ) (-2048 32 128 ) (-2000 32 128 ) (-2000 0 128 ) 
4 8 12 (-2048 32 128 ) (-2048 640 128 ) (-2000 640 128 ) (-2000 32 128 ) 
4 8 9 (-2048 640 128 ) (-2048 960 128 ) (-2000 960 128 ) (-2000 640 128 ) 
4 9 16 (-2048 640 128 ) (-2048 960 128 ) (-2048 960 -2048 ) (-2048 640 -2048 ) 
4 9 11 (-1984 640 -2048 ) (-1024 640 -2048 ) (-1024 640 -256 ) (-1984 640 -256 ) 
4 9 10 (-1024 640 -256 ) (-1024 640 128 ) (-1984 640 128 ) (-1984 640 -256 ) 
4 9 12 (-2048 640 -2048 ) (-1984 640 -2048 ) (-1984 640 128 ) (-2048 640 128 ) 
4 10 13 (-1024 32 -256 ) (-1024 32 128 ) (-1984 32 128 ) (-1984 32 -256 ) 
4 10 12 (-1984 640 128 ) (-1984 640 -256 ) (-1984 32 -256 ) (-1984 32 128 ) 
4 10 11 (-1024 32 -256 ) (-1984 32 -256 ) (-1984 640 -256 ) (-1024 640 -256 ) 
4 11 14 (-1984 32 -2048 ) (-1024 32 -2048 ) (-1024 32 -256 ) (-1984 32 -256 ) 
4 11 12 (-1984 640 -256 ) (-1984 640 -2048 ) (-1984 32 -2048 ) (-1984 32 -256 ) 
4 12 16 (-2048 32 128 ) (-2048 640 128 ) (-2048 640 -2048 ) (-2048 32 -2048 ) 
4 12 14 (-2000 32 -2048 ) (-1984 32 -2048 ) (-1984 32 -256 ) (-2000 32 -256 ) 
4 12 13 (-1984 32 -256 ) (-1984 32 128 ) (-2000 32 128 ) (-2000 32 -256 ) 
4 12 15 (-2048 32 -2048 ) (-2000 32 -2048 ) (-2000 32 128 ) (-2048 32 128 ) 
4 13 157 (-1024 0 -256 ) (-1024 0 128 ) (-2000 0 128 ) (-2000 0 -256 ) 
4 13 15 (-2000 32 128 ) (-2000 32 -256 ) (-2000 0 -256 ) (-2000 0 128 ) 
4 13 14 (-2000 0 -256 ) (-2000 32 -256 ) (-1024 32 -256 ) (-1024 0 -256 ) 
4 14 160 (-1024 0 -2048 ) (-1024 0 -256 ) (-2000 0 -256 ) (-2000 0 -2048 ) 
4 14 15 (-2000 32 -256 ) (-2000 32 -2048 ) (-2000 0 -2048 ) (-2000 0 -256 ) 
4 15 160 (-2048 0 -256 ) (-2048 0 -2048 ) (-2000 0 -2048 ) (-2000 0 -256 ) 
4 15 159 (-2000 0 128 ) (-2048 0 128 ) (-2048 0 -256 ) (-2000 0 -256 ) 
4 15 16 (-2048 0 -2048 ) (-2048 0 128 ) (-2048 32 128 ) (-2048 32 -2048 ) 
4 16 240 (-2048 0 -2048 ) (-2048 0 2560 ) (-2496 0 2560 ) (-2496 0 -2048 ) 
4 17 29 (1024 -1024 192 ) (1024 -1024 -2048 ) (1536 -1024 -2048 ) (1536 -1024 192 ) 
4 17 23 (1516.442749 -1024 192 ) (1536 -1024 192 ) (1536 -1024 231 ) (1516.442749 -1024 231 ) 
4 17 22 (1301.557007 -1024 192 ) (1516.442749 -1024 192 ) (1516.442749 -1024 231 ) (1301.557007 -1024 231 ) 
4 17 21 (1024 -1024 231 ) (1024 -1024 192 ) (1301.557007 -1024 192 ) (1301.557007 -1024 231 ) 
4 17 19 (1536 -1024 2560 ) (1024 -1024 2560 ) (1024 -1024 231 ) (1536 -1024 231 ) 
4 17 18 (1024 0 2560 ) (1024 0 -2048 ) (1024 -1024 -2048 ) (1024 -1024 2560 ) 
4 18 153 (0 0 2560 ) (0 0 -2048 ) (0 -1024 -2048 ) (0 -1024 2560 ) 
4 18 119 (0 -1024 704 ) (0 -1024 -2048 ) (256 -1024 -2048 ) (256 -1024 704 ) 
4 18 118 (0 -1024 832 ) (0 -1024 704 ) (256 -1024 704 ) (256 -1024 832 ) 
4 18 117 (256 -1024 864 ) (0 -1024 864 ) (0 -1024 832 ) (256 -1024 832 ) 
4 18 116 (1024 -1024 -2048 ) (1024 -1024 864 ) (256 -1024 864 ) (256 -1024 -2048 ) 
4 18 32 (0 -1024 928 ) (0 -1024 896 ) (256 -1024 896 ) (256 -1024 928 ) 
4 18 31 (256 -1024 2560 ) (0 -1024 2560 ) (0 -1024 928 ) (256 -1024 928 ) 
4 18 30 (1024 -1024 896 ) (1024 -1024 2560 ) (256 -1024 2560 ) (256 -1024 896 ) 
4 18 37 (1024 -1024 864 ) (1024 -1024 896 ) (0 -1024 896 ) (0 -1024 864 ) 
4 19 121 (1536 -2048 2560 ) (1024 -2048 2560 ) (1024 -2048 231 ) (1536 -2048 231 ) 
4 19 116 (1024 -1024 864 ) (1024 -1024 231 ) (1024 -2048 231 ) (1024 -2048 864 ) 
4 19 115 (1024 -1920 864 ) (1024 -2048 864 ) (1024 -2048 896 ) (1024 -1920 896 ) 
4 19 112 (1024 -2048 896 ) (1024 -2048 1024 ) (1024 -1952 1024 ) (1024 -1952 896 ) 
4 19 110 (1024 -1952 1024 ) (1024 -1920 1024 ) (1024 -1920 896 ) (1024 -1952 896 ) 
4 19 108 (1024 -2048 1024 ) (1024 -2048 1088 ) (1024 -1952 1088 ) (1024 -1952 1024 ) 
4 19 104 (1024 -1952 1088 ) (1024 -1920 1088 ) (1024 -1920 1024 ) (1024 -1952 1024 ) 
4 19 102 (1024 -2048 1088 ) (1024 -2048 1152 ) (1024 -1920 1152 ) (1024 -1920 1088 ) 
4 19 101 (1024 -2048 1152 ) (1024 -2048 2022.400024 ) (1024 -1920 2022.400024 ) (1024 -1920 1152 ) 
4 19 100 (1024 -2048 2022.400024 ) (1024 -2048 2560 ) (1024 -1920 2560 ) (1024 -1920 2022.400024 ) 
4 19 99 (1024 -1664 864 ) (1024 -1920 864 ) (1024 -1920 896 ) (1024 -1664 896 ) 
4 19 96 (1024 -1920 896 ) (1024 -1920 928 ) (1024 -1664 928 ) (1024 -1664 896 ) 
4 19 95 (1024 -1920 928 ) (1024 -1920 2560 ) (1024 -1664 2560 ) (1024 -1664 928 ) 
4 19 94 (1024 -1632 864 ) (1024 -1664 864 ) (1024 -1664 896 ) (1024 -1632 896 ) 
4 19 93 (1024 -1664 896 ) (1024 -1664 1024 ) (1024 -1632 1024 ) (1024 -1632 896 ) 
4 19 80 (1024 -1664 1024 ) (1024 -1664 1088 ) (1024 -1632 1088 ) (1024 -1632 1024 ) 
4 19 79 (1024 -1664 1088 ) (1024 -1664 1152 ) (1024 -1632 1152 ) (1024 -1632 1088 ) 
4 19 78 (1024 -1664 1152 ) (1024 -1664 2022.400024 ) (1024 -1632 2022.400024 ) (1024 -1632 1152 ) 
4 19 77 (1024 -1664 2022.400024 ) (1024 -1664 2560 ) (1024 -1632 2560 ) (1024 -1632 2022.400024 ) 
4 19 76 (1024 -1440 864 ) (1024 -1632 864 ) (1024 -1632 896 ) (1024 -1440 896 ) 
4 19 64 (1024 -1632 896 ) (1024 -1632 1152 ) (1024 -1592 1152 ) (1024 -1592 896 ) 
4 19 55 (1024 -1592 1152 ) (1024 -1440 1152 ) (1024 -1440 896 ) (1024 -1592 896 ) 
4 19 54 (1024 -1632 1152 ) (1024 -1632 2022.400024 ) (1024 -1440 2022.400024 ) (1024 -1440 1152 ) 
4 19 53 (1024 -1632 2022.400024 ) (1024 -1632 2560 ) (1024 -1440 2560 ) (1024 -1440 2022.400024 ) 
4 19 52 (1024 -1408 864 ) (1024 -1440 864 ) (1024 -1440 896 ) (1024 -1408 896 ) 
4 19 50 (1024 -1440 896 ) (1024 -1440 1024 ) (1024 -1408 1024 ) (1024 -1408 896 ) 
4 19 41 (1024 -1440 1024 ) (1024 -1440 1088 ) (1024 -1408 1088 ) (1024 -1408 1024 ) 
4 19 40 (1024 -1440 1088 ) (1024 -1440 1152 ) (1024 -1408 1152 ) (1024 -1408 1088 ) 
4 19 39 (1024 -1440 1152 ) (1024 -1440 2022.400024 ) (1024 -1408 2022.400024 ) (1024 -1408 1152 ) 
4 19 38 (1024 -1440 2022.400024 ) (1024 -1440 2560 ) (1024 -1408 2560 ) (1024 -1408 2022.400024 ) 
4 19 30 (1024 -1024 2560 ) (1024 -1024 896 ) (1024 -1408 896 ) (1024 -1408 2560 ) 
4 19 37 (1024 -1024 896 ) (1024 -1024 864 ) (1024 -1408 864 ) (1024 -1408 896 ) 
8 19 28 (1410 -1288 231 ) (1409.289917 -1287.709961 231 ) (1409 -1287 231 ) (1409.289917 -1286.289917 231 ) (1410 -1286 231 ) (1410.709839 -1286.290039 231 ) (1411 -1287 231 ) (1410.709961 -1287.709961 231 ) 
3 19 27 (1410.709839 -1286.290039 231 ) (1411.207153 -1286.493164 231 ) (1411 -1287 231 ) 
3 19 26 (1410 -1286 231 ) (1411.690918 -1285.309082 231 ) (1411.207153 -1286.493164 231 ) 
3 19 25 (1410.506836 -1288.207153 231 ) (1410 -1288 231 ) (1410.709961 -1287.709961 231 ) 
4 19 24 (1536 -1234.525391 231 ) (1536 -1339.474609 231 ) (1410.506836 -1288.207153 231 ) (1411.690918 -1285.309082 231 ) 
4 19 23 (1516.442749 -1024 231 ) (1536 -1024 231 ) (1536 -1234.525391 231 ) (1409.289917 -1286.289917 231 ) 
3 19 22 (1301.557007 -1024 231 ) (1516.442749 -1024 231 ) (1409 -1287 231 ) 
4 19 21 (1024 -1130.308105 231 ) (1024 -1024 231 ) (1301.557007 -1024 231 ) (1409.289917 -1287.709961 231 ) 
4 19 20 (1024 -2048 231 ) (1024 -1130.308105 231 ) (1536 -1339.474609 231 ) (1536 -2048 231 ) 
4 20 121 (1536 -2048 231 ) (1024 -2048 231 ) (1024 -2048 192 ) (1536 -2048 192 ) 
4 20 116 (1024 -1130.308105 192 ) (1024 -2048 192 ) (1024 -2048 231 ) (1024 -1130.308105 231 ) 
4 20 29 (1536 -2048 192 ) (1024 -2048 192 ) (1024 -1130.308105 192 ) (1536 -1339.474609 192 ) 
4 20 28 (1410 -1288 192 ) (1409.290161 -1287.710327 192 ) (1409.289062 -1287.707764 231 ) (1410.002075 -1288 231 ) 
4 20 25 (1410.506714 -1288.207397 192 ) (1410 -1288 192 ) (1410.002075 -1288 231 ) (1410.507446 -1288.205566 231 ) 
4 20 24 (1536 -1339.474854 192 ) (1410.506714 -1288.207397 192 ) (1410.507446 -1288.205566 231 ) (1536 -1339.472656 231 ) 
4 20 21 (1409.290161 -1287.710327 192 ) (1024 -1130.308472 192 ) (1024 -1130.306519 231 ) (1409.289062 -1287.707764 231 ) 
4 21 116 (1024 -1024 231 ) (1024 -1024 192 ) (1024 -1130.308105 192 ) (1024 -1130.308105 231 ) 
4 21 29 (1024 -1130.308105 192 ) (1024 -1024 192 ) (1301.557129 -1024 192 ) (1409.290039 -1287.709961 192 ) 
4 21 28 (1409.289062 -1287.708984 231 ) (1409.289062 -1287.708984 192 ) (1409 -1287 192 ) (1409 -1287 231 ) 
4 21 22 (1409 -1287 192 ) (1301.556519 -1024 192 ) (1301.557007 -1024 231 ) (1409 -1287 231 ) 
3 22 29 (1301.557129 -1024 192 ) (1516.442871 -1024 192 ) (1409 -1287 192 ) 
4 22 28 (1409.001953 -1287 231 ) (1409.001953 -1287 192 ) (1409.292358 -1286.289062 192 ) (1409.292480 -1286.289062 231 ) 
4 22 23 (1409.292358 -1286.289062 192 ) (1516.444824 -1024 192 ) (1516.444824 -1024 231 ) (1409.292480 -1286.289062 231 ) 
4 23 29 (1516.442871 -1024 192 ) (1536 -1024 192 ) (1536 -1234.525391 192 ) (1409.289795 -1286.290161 192 ) 
4 23 28 (1409.289062 -1286.291016 231 ) (1409.289062 -1286.291016 192 ) (1410 -1286 192 ) (1410 -1286 231 ) 
4 23 26 (1410 -1286 192 ) (1411.690308 -1285.310059 192 ) (1411.690308 -1285.310059 231 ) (1410 -1286 231 ) 
4 23 24 (1411.690308 -1285.310059 192 ) (1536 -1234.526001 192 ) (1536 -1234.526001 231 ) (1411.690308 -1285.310059 231 ) 
4 24 29 (1536 -1339.474609 192 ) (1410.506836 -1288.207031 192 ) (1411.690796 -1285.309326 192 ) (1536 -1234.525513 192 ) 
4 24 28 (1411 -1287 192 ) (1410.709351 -1287.710205 192 ) (1410.709351 -1287.710205 231 ) (1411 -1287 231 ) 
4 24 27 (1411.206543 -1286.493042 192 ) (1411 -1287 192 ) (1411 -1287 231 ) (1411.206543 -1286.493042 231 ) 
4 24 26 (1411.690430 -1285.308594 231 ) (1411.690430 -1285.308594 192 ) (1411.206543 -1286.493042 192 ) (1411.206543 -1286.493042 231 ) 
4 24 25 (1410.709351 -1287.710205 192 ) (1410.506470 -1288.206909 192 ) (1410.506470 -1288.206909 231 ) (1410.709351 -1287.710205 231 ) 
3 25 29 (1410.506836 -1288.207031 192 ) (1410 -1288 192 ) (1410.709961 -1287.709961 192 ) 
4 25 28 (1410.710938 -1287.708984 231 ) (1410.710938 -1287.708984 192 ) (1410 -1288 192 ) (1410 -1288 231 ) 
3 26 29 (1410 -1286 192 ) (1411.690796 -1285.309326 192 ) (1411.207153 -1286.493164 192 ) 
4 26 28 (1410 -1286 231 ) (1410 -1286 192 ) (1410.710327 -1286.291138 192 ) (1410.710327 -1286.291138 231 ) 
4 26 27 (1410.710327 -1286.291138 192 ) (1411.204956 -1286.493286 192 ) (1411.204956 -1286.493286 231 ) (1410.710327 -1286.291138 231 ) 
3 27 29 (1410.709839 -1286.290039 192 ) (1411.207153 -1286.493164 192 ) (1411 -1287 192 ) 
4 27 28 (1410.708984 -1286.289062 231 ) (1410.708984 -1286.289062 192 ) (1411 -1287 192 ) (1411 -1287 231 ) 
8 28 29 (1410 -1288 192 ) (1409.290039 -1287.709961 192 ) (1409 -1287 192 ) (1409.289795 -1286.290161 192 ) (1410 -1286 192 ) (1410.709839 -1286.290039 192 ) (1411 -1287 192 ) (1410.709961 -1287.709961 192 ) 
4 29 121 (1536 -2048 192 ) (1024 -2048 192 ) (1024 -2048 -2048 ) (1536 -2048 -2048 ) 
4 29 116 (1024 -1024 192 ) (1024 -1024 -2048 ) (1024 -2048 -2048 ) (1024 -2048 192 ) 
4 30 50 (256 -1408 896 ) (1024 -1408 896 ) (1024 -1408 1024 ) (256 -1408 1024 ) 
4 30 41 (1024 -1408 1024 ) (1024 -1408 1088 ) (256 -1408 1088 ) (256 -1408 1024 ) 
4 30 40 (1024 -1408 1088 ) (1024 -1408 1152 ) (256 -1408 1152 ) (256 -1408 1088 ) 
4 30 39 (1024 -1408 1152 ) (1024 -1408 2022.400024 ) (256 -1408 1408 ) (256 -1408 1152 ) 
4 30 38 (1024 -1408 2022.400024 ) (1024 -1408 2560 ) (256 -1408 2560 ) (256 -1408 1408 ) 
4 30 35 (256 -1402 896 ) (256 -1408 896 ) (256 -1408 1152.340088 ) (256 -1402 1152.340088 ) 
4 30 34 (256 -1408 1152.340088 ) (256 -1408 2560 ) (256 -1402 2560 ) (256 -1402 1152.340088 ) 
4 30 33 (256 -1028 896 ) (256 -1402 896 ) (256 -1402 928 ) (256 -1028 928 ) 
4 30 32 (256 -1024 896 ) (256 -1028 896 ) (256 -1028 928 ) (256 -1024 928 ) 
4 30 31 (256 -1402 928 ) (256 -1402 2560 ) (256 -1024 2560 ) (256 -1024 928 ) 
4 30 37 (1024 -1408 896 ) (256 -1408 896 ) (256 -1024 896 ) (1024 -1024 896 ) 
4 31 168 (0 -1024 1088 ) (0 -1024 928 ) (0 -1402 928 ) (0 -1402 1088 ) 
4 31 164 (0 -1024 1152 ) (0 -1024 1088 ) (0 -1402 1088 ) (0 -1402 1152 ) 
4 31 162 (0 -1024 1203.199951 ) (0 -1024 1152 ) (0 -1402 1152 ) (0 -1402 1203.199951 ) 
4 31 161 (0 -1024 2560 ) (0 -1024 1203.199951 ) (0 -1402 1203.199951 ) (0 -1402 2560 ) 
4 31 35 (256 -1402 928 ) (256 -1402 1152.340088 ) (232 -1402 1152.340088 ) (232 -1402 928 ) 
4 31 34 (256 -1402 1152.340088 ) (256 -1402 2560 ) (232 -1402 2560 ) (232 -1402 1152.340088 ) 
4 31 36 (232 -1402 2560 ) (0 -1402 2560 ) (0 -1402 928 ) (232 -1402 928 ) 
4 31 33 (256 -1402 928 ) (0 -1402 928 ) (0 -1028 928 ) (256 -1028 928 ) 
4 31 32 (0 -1028 928 ) (0 -1024 928 ) (256 -1024 928 ) (256 -1028 928 ) 
4 32 169 (0 -1024 928 ) (0 -1024 896 ) (0 -1028 896 ) (0 -1028 928 ) 
4 32 37 (0 -1028 896 ) (0 -1024 896 ) (256 -1024 896 ) (256 -1028 896 ) 
4 32 33 (0 -1028 896 ) (256 -1028 896 ) (256 -1028 928 ) (0 -1028 928 ) 
4 33 170 (0 -1028 896 ) (0 -1402 896 ) (0 -1402 928 ) (0 -1028 928 ) 
4 33 35 (232 -1402 896 ) (256 -1402 896 ) (256 -1402 928 ) (232 -1402 928 ) 
4 33 36 (0 -1402 896 ) (232 -1402 896 ) (232 -1402 928 ) (0 -1402 928 ) 
4 33 37 (0 -1402 896 ) (0 -1028 896 ) (256 -1028 896 ) (256 -1402 896 ) 
5 34 39 (256 -1408 1152.340088 ) (256 -1408 1408 ) (232 -1408 1388.800049 ) (232 -1408 1171.200073 ) (255.574982 -1408 1152.340088 ) 
4 34 38 (256 -1408 1408 ) (256 -1408 2560 ) (232 -1408 2560 ) (232 -1408 1388.800049 ) 
4 34 36 (232 -1402 2560 ) (232 -1402 1152.340088 ) (232 -1408 1152.340088 ) (232 -1408 2560 ) 
4 34 35 (232 -1408 1152.340088 ) (232 -1402 1152.340088 ) (256 -1402 1152.340088 ) (256 -1408 1152.340088 ) 
3 35 39 (256 -1408 1152 ) (256 -1408 1152.340088 ) (255.574982 -1408 1152.340088 ) 
4 35 36 (232 -1402 1152.340088 ) (232 -1402 896 ) (232 -1408 896 ) (232 -1408 1152.340088 ) 
4 35 37 (256 -1408 896 ) (232 -1408 896 ) (232 -1402 896 ) (256 -1402 896 ) 
4 36 170 (0 -1402 896 ) (0 -1408 896 ) (0 -1408 928 ) (0 -1402 928 ) 
4 36 168 (0 -1408 928 ) (0 -1408 1088 ) (0 -1402 1088 ) (0 -1402 928 ) 
4 36 164 (0 -1408 1088 ) (0 -1408 1152 ) (0 -1402 1152 ) (0 -1402 1088 ) 
4 36 162 (0 -1408 1152 ) (0 -1408 1203.199951 ) (0 -1402 1203.199951 ) (0 -1402 1152 ) 
4 36 161 (0 -1408 1203.199951 ) (0 -1408 2560 ) (0 -1402 2560 ) (0 -1402 1203.199951 ) 
4 36 51 (64 -1408 896 ) (128 -1408 896 ) (128 -1408 1004 ) (64 -1408 1004 ) 
4 36 48 (0 -1408 1088 ) (0 -1408 1060 ) (12 -1408 1060 ) (12 -1408 1088 ) 
4 36 49 (0 -1408 1052 ) (0 -1408 1024 ) (12 -1408 1024 ) (12 -1408 1052 ) 
4 36 46 (32 -1408 1060 ) (32 -1408 1088 ) (20 -1408 1088 ) (20 -1408 1060 ) 
4 36 47 (20 -1408 1024 ) (32 -1408 1024 ) (32 -1408 1052 ) (20 -1408 1052 ) 
4 36 44 (172 -1408 1060 ) (172 -1408 1088 ) (160 -1408 1088 ) (160 -1408 1060 ) 
4 36 45 (160 -1408 1024 ) (172 -1408 1024 ) (172 -1408 1052 ) (160 -1408 1052 ) 
4 36 42 (192 -1408 1060 ) (192 -1408 1088 ) (180 -1408 1088 ) (180 -1408 1060 ) 
4 36 43 (180 -1408 1024 ) (192 -1408 1024 ) (192 -1408 1052 ) (180 -1408 1052 ) 
3 36 39 (232 -1408 1171.199951 ) (232 -1408 1388.799927 ) (96 -1408 1280 ) 
4 36 38 (0 -1408 2560 ) (0 -1408 1203.199951 ) (232 -1408 1388.799927 ) (232 -1408 2560 ) 
4 36 37 (232 -1408 896 ) (0 -1408 896 ) (0 -1402 896 ) (232 -1402 896 ) 
4 37 209 (0 -1024 896 ) (0 -1024 864 ) (0 -1408 864 ) (0 -1408 896 ) 
4 37 117 (256 -1408 864 ) (0 -1408 864 ) (0 -1024 864 ) (256 -1024 864 ) 
4 37 116 (1024 -1024 864 ) (1024 -1408 864 ) (256 -1408 864 ) (256 -1024 864 ) 
4 37 52 (256 -1408 864 ) (1024 -1408 864 ) (1024 -1408 896 ) (256 -1408 896 ) 
4 38 161 (0 -1408 2560 ) (0 -1408 1203.199951 ) (0 -1440 1203.199951 ) (0 -1440 2560 ) 
4 38 53 (1024 -1440 2022.400024 ) (1024 -1440 2560 ) (0 -1440 2560 ) (0 -1440 1203.199951 ) 
4 38 39 (96 -1408 1280 ) (1024 -1408 2022.400024 ) (1024 -1440 2022.400024 ) (96 -1440 1280 ) 
4 39 54 (1024 -1440 1152 ) (1024 -1440 2022.400024 ) (96 -1440 1280 ) (256 -1440 1152 ) 
4 39 40 (1024 -1440 1152 ) (256 -1440 1152 ) (256 -1408 1152 ) (1024 -1408 1152 ) 
4 40 55 (1024 -1440 1088 ) (1024 -1440 1152 ) (256 -1440 1152 ) (256 -1440 1088 ) 
4 40 41 (1024 -1440 1088 ) (256 -1440 1088 ) (256 -1408 1088 ) (1024 -1408 1088 ) 
4 41 55 (1024 -1440 1024 ) (1024 -1440 1088 ) (256 -1440 1088 ) (256 -1440 1024 ) 
4 41 50 (1024 -1440 1024 ) (256 -1440 1024 ) (256 -1408 1024 ) (1024 -1408 1024 ) 
4 42 56 (192 -1440 1088 ) (180 -1440 1088 ) (180 -1440 1060 ) (192 -1440 1060 ) 
4 43 59 (180 -1440 1040.489990 ) (180 -1440 1024 ) (192 -1440 1024 ) (192 -1440 1040.489990 ) 
4 43 56 (180 -1440 1052 ) (180 -1440 1040.489990 ) (192 -1440 1040.489990 ) (192 -1440 1052 ) 
4 44 56 (172 -1440 1088 ) (160 -1440 1088 ) (160 -1440 1060 ) (172 -1440 1060 ) 
4 45 59 (160 -1440 1040.489990 ) (160 -1440 1024 ) (172 -1440 1024 ) (172 -1440 1040.489990 ) 
4 45 56 (160 -1440 1052 ) (160 -1440 1040.489990 ) (172 -1440 1040.489990 ) (172 -1440 1052 ) 
4 46 57 (32 -1440 1088 ) (20 -1440 1088 ) (20 -1440 1060 ) (32 -1440 1060 ) 
4 47 62 (20 -1440 1040.489990 ) (20 -1440 1024 ) (32 -1440 1024 ) (32 -1440 1040.489990 ) 
4 47 57 (20 -1440 1052 ) (20 -1440 1048.489990 ) (32 -1440 1048.489990 ) (32 -1440 1052 ) 
4 48 57 (12 -1440 1088 ) (0 -1440 1088 ) (0 -1440 1060 ) (12 -1440 1060 ) 
4 49 62 (0 -1440 1040.489990 ) (0 -1440 1024 ) (12 -1440 1024 ) (12 -1440 1040.489990 ) 
4 49 57 (0 -1440 1052 ) (0 -1440 1048.489990 ) (12 -1440 1048.489990 ) (12 -1440 1052 ) 
4 50 55 (1024 -1440 896 ) (1024 -1440 1024 ) (256 -1440 1024 ) (256 -1440 896 ) 
4 50 52 (1024 -1440 896 ) (256 -1440 896 ) (256 -1408 896 ) (1024 -1408 896 ) 
4 51 63 (64 -1440 1004 ) (64 -1440 896 ) (128 -1440 896 ) (128 -1440 1004 ) 
4 52 116 (1024 -1408 864 ) (1024 -1440 864 ) (256 -1440 864 ) (256 -1408 864 ) 
4 52 76 (256 -1440 864 ) (1024 -1440 864 ) (1024 -1440 896 ) (256 -1440 896 ) 
4 53 161 (0 -1440 2560 ) (0 -1440 1203.199951 ) (0 -1632 1203.199951 ) (0 -1632 2560 ) 
4 53 77 (1024 -1632 2022.400024 ) (1024 -1632 2560 ) (0 -1632 2560 ) (0 -1632 1203.199951 ) 
4 53 54 (96 -1440 1280 ) (1024 -1440 2022.400024 ) (1024 -1632 2022.400024 ) (96 -1632 1280 ) 
4 54 78 (1024 -1632 1152 ) (1024 -1632 2022.400024 ) (96 -1632 1280 ) (256 -1632 1152 ) 
4 54 64 (1024 -1632 1152 ) (256 -1632 1152 ) (256 -1592 1152 ) (1024 -1592 1152 ) 
4 54 55 (256 -1592 1152 ) (256 -1440 1152 ) (1024 -1440 1152 ) (1024 -1592 1152 ) 
4 55 76 (256 -1440 896 ) (1024 -1440 896 ) (1024 -1592 896 ) (256 -1592 896 ) 
4 55 64 (256 -1592 896 ) (1024 -1592 896 ) (1024 -1592 1152 ) (256 -1592 1152 ) 
4 56 65 (224 -1592 1040.489990 ) (224 -1592 1152 ) (48 -1592 1152 ) (48 -1592 1040.489990 ) 
4 56 59 (48 -1440 1040.489990 ) (224 -1440 1040.489990 ) (224 -1592 1040.489990 ) (48 -1592 1040.489990 ) 
4 56 57 (48 -1480 1048.489990 ) (48 -1480 1152 ) (48 -1440 1152 ) (48 -1440 1048.489990 ) 
4 56 58 (48 -1480 1040.489990 ) (48 -1592 1040.489990 ) (48 -1592 1152 ) (48 -1480 1152 ) 
4 57 171 (0 -1440 1088 ) (0 -1440 1048.489990 ) (0 -1480 1048.489990 ) (0 -1480 1088 ) 
4 57 165 (0 -1440 1152 ) (0 -1440 1088 ) (0 -1480 1088 ) (0 -1480 1152 ) 
4 57 58 (48 -1480 1048.489990 ) (48 -1480 1152 ) (0 -1480 1152 ) (0 -1480 1048.489990 ) 
4 58 172 (0 -1480 1040.489990 ) (0 -1592 1040.489990 ) (0 -1592 1088 ) (0 -1480 1088 ) 
4 58 165 (0 -1592 1088 ) (0 -1592 1152 ) (0 -1480 1152 ) (0 -1480 1088 ) 
4 58 66 (16 -1592 1152 ) (0 -1592 1152 ) (0 -1592 1040.489990 ) (16 -1592 1040.489990 ) 
4 58 65 (48 -1592 1152 ) (16 -1592 1152 ) (16 -1592 1040.489990 ) (48 -1592 1040.489990 ) 
4 58 61 (48 -1480 1040.489990 ) (48 -1592 1040.489990 ) (44 -1592 1040.489990 ) (44 -1480 1040.489990 ) 
4 58 62 (44 -1592 1040.489990 ) (0 -1592 1040.489990 ) (0 -1480 1040.489990 ) (44 -1480 1040.489990 ) 
4 59 65 (224 -1592 1008 ) (224 -1592 1040.489990 ) (48 -1592 1040.489990 ) (48 -1592 1008 ) 
4 59 60 (48 -1440 1008 ) (48 -1480 1008 ) (48 -1480 1008.489990 ) (48 -1440 1008.489990 ) 
4 59 61 (48 -1480 1008 ) (48 -1592 1008 ) (48 -1592 1040.489990 ) (48 -1480 1040.489990 ) 
4 60 61 (44 -1480 1008.489990 ) (44 -1480 1008 ) (48 -1480 1008 ) (48 -1480 1008.489990 ) 
4 60 62 (44 -1440 1008 ) (44 -1480 1008 ) (44 -1480 1008.489990 ) (44 -1440 1008.489990 ) 
4 61 65 (48 -1592 1040.489990 ) (44 -1592 1040.489990 ) (44 -1592 1008 ) (48 -1592 1008 ) 
4 61 62 (44 -1480 1008 ) (44 -1592 1008 ) (44 -1592 1040.489990 ) (44 -1480 1040.489990 ) 
4 62 175 (0 -1440 1008.489990 ) (0 -1440 1008 ) (0 -1592 1008 ) (0 -1592 1008.489990 ) 
4 62 173 (0 -1440 1040.489990 ) (0 -1440 1008.489990 ) (0 -1592 1008.489990 ) (0 -1592 1040.489990 ) 
4 62 66 (16 -1592 1040.489990 ) (0 -1592 1040.489990 ) (0 -1592 1008 ) (16 -1592 1008 ) 
4 62 65 (44 -1592 1040.489990 ) (16 -1592 1040.489990 ) (16 -1592 1008 ) (44 -1592 1008 ) 
4 63 176 (0 -1440 1004 ) (0 -1440 896 ) (0 -1592 896 ) (0 -1592 1004 ) 
4 63 75 (0 -1592 896 ) (64 -1592 896 ) (48 -1592 912 ) (0 -1592 912 ) 
4 63 74 (96 -1592 896 ) (224 -1592 896 ) (224 -1592 912 ) (96 -1592 912 ) 
4 63 73 (32 -1592 928 ) (0 -1592 928 ) (0 -1592 912 ) (48 -1592 912 ) 
4 63 72 (224 -1592 912 ) (224 -1592 928 ) (80 -1592 928 ) (80 -1592 912 ) 
4 63 71 (16 -1592 944 ) (0 -1592 944 ) (0 -1592 928 ) (32 -1592 928 ) 
4 63 70 (224 -1592 928 ) (224 -1592 944 ) (64 -1592 944 ) (64 -1592 928 ) 
3 63 69 (0 -1592 960 ) (0 -1592 944 ) (16 -1592 944 ) 
4 63 68 (48 -1592 976 ) (32 -1592 976 ) (32 -1592 960 ) (48 -1592 960 ) 
4 63 67 (224 -1592 944 ) (224 -1592 976 ) (48 -1592 976 ) (48 -1592 944 ) 
4 63 66 (16 -1592 1004 ) (0 -1592 1004 ) (0 -1592 992 ) (16 -1592 992 ) 
4 63 65 (224 -1592 976 ) (224 -1592 1004 ) (16 -1592 1004 ) (16 -1592 976 ) 
4 64 93 (1024 -1632 896 ) (1024 -1632 1024 ) (256 -1632 1024 ) (256 -1632 896 ) 
4 64 80 (1024 -1632 1024 ) (1024 -1632 1088 ) (256 -1632 1088 ) (256 -1632 1024 ) 
4 64 79 (1024 -1632 1088 ) (1024 -1632 1152 ) (256 -1632 1152 ) (256 -1632 1088 ) 
4 64 76 (1024 -1632 896 ) (256 -1632 896 ) (256 -1592 896 ) (1024 -1592 896 ) 
4 65 89 (32 -1632 1060 ) (32 -1632 1088 ) (20 -1632 1088 ) (20 -1632 1060 ) 
4 65 90 (20 -1632 1024 ) (32 -1632 1024 ) (32 -1632 1052 ) (20 -1632 1052 ) 
4 65 87 (92 -1632 1060 ) (92 -1632 1088 ) (64 -1632 1088 ) (64 -1632 1060 ) 
4 65 88 (64 -1632 1024 ) (92 -1632 1024 ) (92 -1632 1052 ) (64 -1632 1052 ) 
4 65 85 (128 -1632 1060 ) (128 -1632 1088 ) (100 -1632 1088 ) (100 -1632 1060 ) 
4 65 86 (100 -1632 1024 ) (128 -1632 1024 ) (128 -1632 1052 ) (100 -1632 1052 ) 
4 65 83 (172 -1632 1060 ) (172 -1632 1088 ) (160 -1632 1088 ) (160 -1632 1060 ) 
4 65 84 (160 -1632 1024 ) (172 -1632 1024 ) (172 -1632 1052 ) (160 -1632 1052 ) 
4 65 81 (192 -1632 1060 ) (192 -1632 1088 ) (180 -1632 1088 ) (180 -1632 1060 ) 
4 65 82 (180 -1632 1024 ) (192 -1632 1024 ) (192 -1632 1052 ) (180 -1632 1052 ) 
4 65 68 (32 -1592 976 ) (48 -1592 976 ) (48 -1632 976 ) (32 -1632 976 ) 
4 65 67 (48 -1592 976 ) (224 -1592 976 ) (224 -1632 976 ) (48 -1632 976 ) 
4 65 66 (16 -1592 1152 ) (16 -1592 992 ) (16 -1632 992 ) (16 -1632 1152 ) 
4 66 177 (0 -1632 1008 ) (0 -1632 1088 ) (0 -1592 1088 ) (0 -1592 1008 ) 
4 66 165 (0 -1632 1088 ) (0 -1632 1152 ) (0 -1592 1152 ) (0 -1592 1088 ) 
4 66 91 (0 -1632 1088 ) (0 -1632 1060 ) (12 -1632 1060 ) (12 -1632 1088 ) 
4 66 92 (0 -1632 1052 ) (0 -1632 1024 ) (12 -1632 1024 ) (12 -1632 1052 ) 
4 67 70 (64 -1592 944 ) (224 -1592 944 ) (224 -1632 944 ) (64 -1632 944 ) 
4 67 68 (48 -1632 960 ) (48 -1632 976 ) (48 -1592 976 ) (48 -1592 960 ) 
4 69 178 (0 -1632 944 ) (0 -1632 960 ) (0 -1592 960 ) (0 -1592 944 ) 
4 69 71 (0 -1592 944 ) (16 -1592 944 ) (16 -1632 944 ) (0 -1632 944 ) 
4 70 72 (80 -1592 928 ) (224 -1592 928 ) (224 -1632 928 ) (80 -1632 928 ) 
4 71 178 (0 -1632 928 ) (0 -1632 944 ) (0 -1592 944 ) (0 -1592 928 ) 
4 71 73 (0 -1592 928 ) (32 -1592 928 ) (32 -1632 928 ) (0 -1632 928 ) 
4 72 74 (96 -1592 912 ) (224 -1592 912 ) (224 -1632 912 ) (96 -1632 912 ) 
4 73 178 (0 -1632 912 ) (0 -1632 928 ) (0 -1592 928 ) (0 -1592 912 ) 
4 73 75 (0 -1592 912 ) (48 -1592 912 ) (48 -1632 912 ) (0 -1632 912 ) 
4 75 178 (0 -1592 896 ) (0 -1632 896 ) (0 -1632 912 ) (0 -1592 912 ) 
4 76 116 (1024 -1440 864 ) (1024 -1632 864 ) (256 -1632 864 ) (256 -1440 864 ) 
4 76 94 (256 -1632 864 ) (1024 -1632 864 ) (1024 -1632 896 ) (256 -1632 896 ) 
4 77 161 (0 -1632 2560 ) (0 -1632 1203.199951 ) (0 -1664 1203.199951 ) (0 -1664 2560 ) 
4 77 95 (0 -1664 2560 ) (0 -1664 1203.199951 ) (1024 -1664 2022.400024 ) (1024 -1664 2560 ) 
4 77 78 (96 -1632 1280 ) (1024 -1632 2022.400024 ) (1024 -1664 2022.400024 ) (96 -1664 1280 ) 
4 78 95 (256 -1664 1152 ) (1024 -1664 1152 ) (1024 -1664 2022.400024 ) (96 -1664 1280 ) 
4 78 79 (1024 -1664 1152 ) (256 -1664 1152 ) (256 -1632 1152 ) (1024 -1632 1152 ) 
4 79 95 (256 -1664 1088 ) (1024 -1664 1088 ) (1024 -1664 1152 ) (256 -1664 1152 ) 
4 79 80 (1024 -1664 1088 ) (256 -1664 1088 ) (256 -1632 1088 ) (1024 -1632 1088 ) 
4 80 95 (256 -1664 1024 ) (1024 -1664 1024 ) (1024 -1664 1088 ) (256 -1664 1088 ) 
4 80 93 (1024 -1664 1024 ) (256 -1664 1024 ) (256 -1632 1024 ) (1024 -1632 1024 ) 
4 81 95 (192 -1664 1060 ) (192 -1664 1088 ) (180 -1664 1088 ) (180 -1664 1060 ) 
4 82 95 (180 -1664 1024 ) (192 -1664 1024 ) (192 -1664 1052 ) (180 -1664 1052 ) 
4 83 95 (172 -1664 1060 ) (172 -1664 1088 ) (160 -1664 1088 ) (160 -1664 1060 ) 
4 84 95 (160 -1664 1024 ) (172 -1664 1024 ) (172 -1664 1052 ) (160 -1664 1052 ) 
4 85 95 (128 -1664 1060 ) (128 -1664 1088 ) (100 -1664 1088 ) (100 -1664 1060 ) 
4 86 95 (100 -1664 1024 ) (128 -1664 1024 ) (128 -1664 1052 ) (100 -1664 1052 ) 
4 87 95 (92 -1664 1060 ) (92 -1664 1088 ) (64 -1664 1088 ) (64 -1664 1060 ) 
4 88 95 (64 -1664 1024 ) (92 -1664 1024 ) (92 -1664 1052 ) (64 -1664 1052 ) 
4 89 95 (32 -1664 1060 ) (32 -1664 1088 ) (20 -1664 1088 ) (20 -1664 1060 ) 
4 90 95 (20 -1664 1024 ) (32 -1664 1024 ) (32 -1664 1052 ) (20 -1664 1052 ) 
4 91 95 (0 -1664 1088 ) (0 -1664 1060 ) (12 -1664 1060 ) (12 -1664 1088 ) 
4 92 95 (0 -1664 1052 ) (0 -1664 1024 ) (12 -1664 1024 ) (12 -1664 1052 ) 
4 93 96 (256 -1664 896 ) (1024 -1664 896 ) (1024 -1664 928 ) (256 -1664 928 ) 
4 93 95 (1024 -1664 928 ) (1024 -1664 1024 ) (256 -1664 1024 ) (256 -1664 928 ) 
4 93 94 (1024 -1664 896 ) (256 -1664 896 ) (256 -1632 896 ) (1024 -1632 896 ) 
4 94 116 (1024 -1632 864 ) (1024 -1664 864 ) (256 -1664 864 ) (256 -1632 864 ) 
4 94 99 (256 -1664 864 ) (1024 -1664 864 ) (1024 -1664 896 ) (256 -1664 896 ) 
4 95 181 (0 -1664 1024 ) (0 -1664 928 ) (0 -1920 928 ) (0 -1920 1024 ) 
4 95 179 (0 -1664 1088 ) (0 -1664 1024 ) (0 -1920 1024 ) (0 -1920 1088 ) 
4 95 166 (0 -1664 1152 ) (0 -1664 1088 ) (0 -1920 1088 ) (0 -1920 1152 ) 
4 95 163 (0 -1664 1203.199951 ) (0 -1664 1152 ) (0 -1920 1152 ) (0 -1920 1203.199951 ) 
4 95 161 (0 -1664 2560 ) (0 -1664 1203.199951 ) (0 -1920 1203.199951 ) (0 -1920 2560 ) 
4 95 111 (64 -1920 1004 ) (64 -1920 928 ) (128 -1920 928 ) (128 -1920 1004 ) 
4 95 110 (1024 -1920 928 ) (1024 -1920 1024 ) (256 -1920 1024 ) (256 -1920 928 ) 
4 95 106 (32 -1920 1088 ) (20 -1920 1088 ) (20 -1920 1024 ) (32 -1920 1024 ) 
4 95 107 (12 -1920 1088 ) (0 -1920 1088 ) (0 -1920 1024 ) (12 -1920 1024 ) 
4 95 104 (1024 -1920 1024 ) (1024 -1920 1088 ) (256 -1920 1088 ) (256 -1920 1024 ) 
4 95 105 (192 -1920 1088 ) (160 -1920 1088 ) (160 -1920 1024 ) (192 -1920 1024 ) 
4 95 102 (1024 -1920 1088 ) (1024 -1920 1152 ) (256 -1920 1152 ) (256 -1920 1088 ) 
4 95 101 (1024 -1920 1152 ) (1024 -1920 2022.400024 ) (96 -1920 1280 ) (256 -1920 1152 ) 
4 95 100 (1024 -1920 2022.400024 ) (1024 -1920 2560 ) (0 -1920 2560 ) (0 -1920 1203.199951 ) 
4 95 97 (256 -1920 928 ) (252 -1920 928 ) (252 -1664 928 ) (256 -1664 928 ) 
4 95 96 (1024 -1920 928 ) (256 -1920 928 ) (256 -1664 928 ) (1024 -1664 928 ) 
4 95 98 (252 -1920 928 ) (0 -1920 928 ) (0 -1664 928 ) (252 -1664 928 ) 
4 96 110 (1024 -1920 896 ) (1024 -1920 928 ) (256 -1920 928 ) (256 -1920 896 ) 
4 96 99 (1024 -1920 896 ) (256 -1920 896 ) (256 -1664 896 ) (1024 -1664 896 ) 
4 96 97 (256 -1664 896 ) (256 -1920 896 ) (256 -1920 928 ) (256 -1664 928 ) 
4 97 98 (252 -1664 896 ) (252 -1920 896 ) (252 -1920 928 ) (252 -1664 928 ) 
4 98 181 (0 -1664 928 ) (0 -1664 896 ) (0 -1920 896 ) (0 -1920 928 ) 
4 98 111 (128 -1920 928 ) (64 -1920 928 ) (64 -1920 896 ) (128 -1920 896 ) 
4 99 116 (1024 -1664 864 ) (1024 -1920 864 ) (256 -1920 864 ) (256 -1664 864 ) 
4 99 115 (256 -1920 864 ) (1024 -1920 864 ) (1024 -1920 896 ) (256 -1920 896 ) 
4 100 161 (0 -2048 1203.199951 ) (0 -2048 2560 ) (0 -1920 2560 ) (0 -1920 1203.199951 ) 
4 100 122 (1024 -2048 2022.400024 ) (1024 -2048 2560 ) (0 -2048 2560 ) (0 -2048 1203.199951 ) 
4 100 101 (96 -1920 1280 ) (1024 -1920 2022.399902 ) (1024 -2048 2022.399902 ) (96 -2048 1280 ) 
4 101 123 (1024 -2048 1152 ) (1024 -2048 2022.400024 ) (96 -2048 1280 ) (256 -2048 1152 ) 
4 101 102 (1024 -2048 1152 ) (256 -2048 1152 ) (256 -1920 1152 ) (1024 -1920 1152 ) 
4 102 124 (1024 -2048 1088 ) (1024 -2048 1152 ) (256 -2048 1152 ) (256 -2048 1088 ) 
4 102 108 (1024 -1952 1088 ) (1024 -2048 1088 ) (256 -2048 1088 ) (256 -1952 1088 ) 
4 102 104 (256 -1920 1088 ) (1024 -1920 1088 ) (1024 -1952 1088 ) (256 -1952 1088 ) 
4 103 167 (0 -2048 1088 ) (0 -2048 1152 ) (0 -1952 1152 ) (0 -1952 1088 ) 
4 103 125 (224 -2048 1152 ) (0 -2048 1152 ) (0 -2048 1088 ) (224 -2048 1088 ) 
4 103 109 (224 -1952 1088 ) (224 -2048 1088 ) (0 -2048 1088 ) (0 -1952 1088 ) 
4 104 110 (256 -1920 1024 ) (1024 -1920 1024 ) (1024 -1952 1024 ) (256 -1952 1024 ) 
4 104 108 (256 -1952 1024 ) (1024 -1952 1024 ) (1024 -1952 1088 ) (256 -1952 1088 ) 
4 105 109 (160 -1952 1024 ) (192 -1952 1024 ) (192 -1952 1088 ) (160 -1952 1088 ) 
4 106 109 (20 -1952 1024 ) (32 -1952 1024 ) (32 -1952 1088 ) (20 -1952 1088 ) 
4 107 109 (0 -1952 1024 ) (12 -1952 1024 ) (12 -1952 1088 ) (0 -1952 1088 ) 
4 108 124 (1024 -2048 1024 ) (1024 -2048 1088 ) (256 -2048 1088 ) (256 -2048 1024 ) 
4 108 112 (1024 -2048 1024 ) (256 -2048 1024 ) (256 -1952 1024 ) (1024 -1952 1024 ) 
4 109 180 (0 -2048 1024 ) (0 -2048 1088 ) (0 -1952 1088 ) (0 -1952 1024 ) 
4 109 125 (224 -2048 1088 ) (0 -2048 1088 ) (0 -2048 1024 ) (224 -2048 1024 ) 
4 109 113 (224 -2048 1024 ) (0 -2048 1024 ) (0 -1952 1024 ) (224 -1952 1024 ) 
4 110 115 (256 -1920 896 ) (1024 -1920 896 ) (1024 -1952 896 ) (256 -1952 896 ) 
4 110 112 (256 -1952 896 ) (1024 -1952 896 ) (1024 -1952 1024 ) (256 -1952 1024 ) 
4 111 114 (64 -1952 896 ) (128 -1952 896 ) (128 -1952 1004 ) (64 -1952 1004 ) 
4 112 124 (1024 -2048 896 ) (1024 -2048 1024 ) (256 -2048 1024 ) (256 -2048 896 ) 
4 112 115 (1024 -1952 896 ) (1024 -2048 896 ) (256 -2048 896 ) (256 -1952 896 ) 
4 113 182 (0 -2048 1008 ) (0 -2048 1024 ) (0 -1952 1024 ) (0 -1952 1008 ) 
4 113 125 (224 -2048 1024 ) (0 -2048 1024 ) (0 -2048 1008 ) (224 -2048 1008 ) 
4 114 183 (0 -2048 896 ) (0 -2048 1004 ) (0 -1952 1004 ) (0 -1952 896 ) 
4 114 126 (0 -2048 1004 ) (0 -2048 896 ) (224 -2048 896 ) (224 -2048 1004 ) 
4 115 139 (1024 -2048 864 ) (1024 -2048 896 ) (256 -2048 896 ) (256 -2048 864 ) 
4 115 116 (1024 -1920 864 ) (1024 -2048 864 ) (256 -2048 864 ) (256 -1920 864 ) 
4 116 139 (1024 -2048 -2048 ) (1024 -2048 864 ) (256 -2048 864 ) (256 -2048 -2048 ) 
4 116 119 (256 -1024 704 ) (256 -1024 -2048 ) (256 -1408 -2048 ) (256 -1408 704 ) 
4 116 118 (256 -1024 832 ) (256 -1024 704 ) (256 -1408 704 ) (256 -1408 832 ) 
4 116 120 (256 -1408 -2048 ) (256 -2048 -2048 ) (256 -2048 832 ) (256 -1408 832 ) 
4 116 117 (256 -1408 864 ) (256 -1024 864 ) (256 -1024 832 ) (256 -1408 832 ) 
4 117 214 (0 -1408 864 ) (0 -1024 864 ) (0 -1024 832 ) (0 -1408 832 ) 
4 117 118 (256 -1024 832 ) (256 -1408 832 ) (0 -1408 832 ) (0 -1024 832 ) 
4 118 219 (0 -1408 832 ) (0 -1024 832 ) (0 -1024 704 ) (0 -1408 704 ) 
4 118 120 (256 -1408 704 ) (256 -1408 832 ) (0 -1408 832 ) (0 -1408 704 ) 
4 118 119 (256 -1408 704 ) (0 -1408 704 ) (0 -1024 704 ) (256 -1024 704 ) 
4 119 220 (0 -1024 704 ) (0 -1024 -2048 ) (0 -1408 -2048 ) (0 -1408 704 ) 
4 119 120 (0 -1408 -2048 ) (256 -1408 -2048 ) (256 -1408 704 ) (0 -1408 704 ) 
4 120 221 (0 -2048 -2048 ) (0 -2048 832 ) (0 -1408 832 ) (0 -1408 -2048 ) 
4 120 140 (256 -2048 -2048 ) (256 -2048 832 ) (0 -2048 832 ) (0 -2048 -2048 ) 
4 121 152 (1024 -2176 -2048 ) (1024 -3008 -2048 ) (1024 -3008 2560 ) (1024 -2176 2560 ) 
4 121 150 (1024 -2144 -2048 ) (1024 -2176 -2048 ) (1024 -2176 896 ) (1024 -2144 896 ) 
4 121 149 (1024 -2176 896 ) (1024 -2176 1024 ) (1024 -2144 1024 ) (1024 -2144 896 ) 
4 121 144 (1024 -2176 1024 ) (1024 -2176 1088 ) (1024 -2144 1088 ) (1024 -2144 1024 ) 
4 121 143 (1024 -2176 1088 ) (1024 -2176 1152 ) (1024 -2144 1152 ) (1024 -2144 1088 ) 
4 121 142 (1024 -2176 1152 ) (1024 -2176 2022.400024 ) (1024 -2144 2022.400024 ) (1024 -2144 1152 ) 
4 121 141 (1024 -2176 2022.400024 ) (1024 -2176 2560 ) (1024 -2144 2560 ) (1024 -2144 2022.400024 ) 
4 121 139 (1024 -2048 896 ) (1024 -2048 -2048 ) (1024 -2144 -2048 ) (1024 -2144 896 ) 
4 121 127 (1024 -2104 896 ) (1024 -2144 896 ) (1024 -2144 1152 ) (1024 -2104 1152 ) 
4 121 124 (1024 -2048 1152 ) (1024 -2048 896 ) (1024 -2104 896 ) (1024 -2104 1152 ) 
4 121 123 (1024 -2048 2022.400024 ) (1024 -2048 1152 ) (1024 -2144 1152 ) (1024 -2144 2022.400024 ) 
4 121 122 (1024 -2048 2560 ) (1024 -2048 2022.400024 ) (1024 -2144 2022.400024 ) (1024 -2144 2560 ) 
4 122 245 (0 -2144 1203.199951 ) (0 -2144 2560 ) (0 -2104 2560 ) (0 -2104 1203.199951 ) 
4 122 242 (0 -2104 2560 ) (0 -2048 2560 ) (0 -2048 1203.199951 ) (0 -2104 1203.199951 ) 
4 122 141 (0 -2144 2560 ) (0 -2144 1203.199951 ) (1024 -2144 2022.400024 ) (1024 -2144 2560 ) 
4 122 123 (96 -2048 1280 ) (1024 -2048 2022.399902 ) (1024 -2144 2022.400024 ) (96 -2144 1280 ) 
4 123 142 (256 -2144 1152 ) (1024 -2144 1152 ) (1024 -2144 2022.400024 ) (96 -2144 1280 ) 
4 123 127 (1024 -2144 1152 ) (256 -2144 1152 ) (256 -2104 1152 ) (1024 -2104 1152 ) 
4 123 124 (256 -2104 1152 ) (256 -2048 1152 ) (1024 -2048 1152 ) (1024 -2104 1152 ) 
4 124 139 (256 -2048 896 ) (1024 -2048 896 ) (1024 -2104 896 ) (256 -2104 896 ) 
4 124 127 (256 -2104 896 ) (1024 -2104 896 ) (1024 -2104 1152 ) (256 -2104 1152 ) 
4 125 243 (0 -2104 1152 ) (0 -2048 1152 ) (0 -2048 1008 ) (0 -2104 1008 ) 
4 125 130 (16 -2104 1152 ) (0 -2104 1152 ) (0 -2104 1008 ) (16 -2104 1008 ) 
4 125 129 (96 -2104 1152 ) (16 -2104 1152 ) (16 -2104 1008 ) (96 -2104 1008 ) 
4 125 128 (224 -2104 1008 ) (224 -2104 1152 ) (96 -2104 1152 ) (96 -2104 1008 ) 
4 126 244 (0 -2048 1004 ) (0 -2048 896 ) (0 -2104 896 ) (0 -2104 1004 ) 
4 126 138 (0 -2104 896 ) (64 -2104 896 ) (48 -2104 912 ) (0 -2104 912 ) 
4 126 137 (32 -2104 928 ) (0 -2104 928 ) (0 -2104 912 ) (48 -2104 912 ) 
4 126 136 (96 -2104 912 ) (96 -2104 928 ) (80 -2104 928 ) (80 -2104 912 ) 
4 126 135 (16 -2104 944 ) (0 -2104 944 ) (0 -2104 928 ) (32 -2104 928 ) 
4 126 134 (96 -2104 928 ) (96 -2104 944 ) (64 -2104 944 ) (64 -2104 928 ) 
3 126 133 (0 -2104 960 ) (0 -2104 944 ) (16 -2104 944 ) 
4 126 132 (48 -2104 976 ) (32 -2104 976 ) (32 -2104 960 ) (48 -2104 960 ) 
4 126 131 (96 -2104 944 ) (96 -2104 976 ) (48 -2104 976 ) (48 -2104 944 ) 
4 126 130 (16 -2104 1004 ) (0 -2104 1004 ) (0 -2104 992 ) (16 -2104 992 ) 
4 126 129 (96 -2104 976 ) (96 -2104 1004 ) (16 -2104 1004 ) (16 -2104 976 ) 
4 126 128 (96 -2104 896 ) (224 -2104 896 ) (224 -2104 1004 ) (96 -2104 1004 ) 
4 127 149 (256 -2144 896 ) (1024 -2144 896 ) (1024 -2144 1024 ) (256 -2144 1024 ) 
4 127 144 (1024 -2144 1024 ) (1024 -2144 1088 ) (256 -2144 1088 ) (256 -2144 1024 ) 
4 127 143 (1024 -2144 1088 ) (1024 -2144 1152 ) (256 -2144 1152 ) (256 -2144 1088 ) 
4 127 139 (1024 -2144 896 ) (256 -2144 896 ) (256 -2104 896 ) (1024 -2104 896 ) 
4 128 146 (128 -2144 1088 ) (100 -2144 1088 ) (100 -2144 1024 ) (128 -2144 1024 ) 
4 128 145 (192 -2144 1088 ) (160 -2144 1088 ) (160 -2144 1024 ) (192 -2144 1024 ) 
4 128 136 (96 -2104 928 ) (96 -2104 912 ) (96 -2144 912 ) (96 -2144 928 ) 
4 128 134 (96 -2104 944 ) (96 -2104 928 ) (96 -2144 928 ) (96 -2144 944 ) 
4 128 131 (96 -2104 976 ) (96 -2104 944 ) (96 -2144 944 ) (96 -2144 976 ) 
4 128 129 (96 -2104 1152 ) (96 -2104 976 ) (96 -2144 976 ) (96 -2144 1152 ) 
4 129 148 (32 -2144 1088 ) (16 -2144 1088 ) (16 -2144 1024 ) (32 -2144 1024 ) 
4 129 147 (92 -2144 1088 ) (64 -2144 1088 ) (64 -2144 1024 ) (92 -2144 1024 ) 
4 129 132 (32 -2104 976 ) (48 -2104 976 ) (48 -2144 976 ) (32 -2144 976 ) 
4 129 131 (48 -2104 976 ) (96 -2104 976 ) (96 -2144 976 ) (48 -2144 976 ) 
4 129 130 (16 -2104 1152 ) (16 -2104 992 ) (16 -2144 992 ) (16 -2144 1152 ) 
4 130 246 (0 -2144 1008 ) (0 -2144 1152 ) (0 -2104 1152 ) (0 -2104 1008 ) 
4 130 148 (0 -2144 1088 ) (0 -2144 1024 ) (16 -2144 1024 ) (16 -2144 1088 ) 
4 131 134 (64 -2104 944 ) (96 -2104 944 ) (96 -2144 944 ) (64 -2144 944 ) 
4 131 132 (48 -2144 960 ) (48 -2144 976 ) (48 -2104 976 ) (48 -2104 960 ) 
4 133 247 (0 -2144 944 ) (0 -2144 960 ) (0 -2104 960 ) (0 -2104 944 ) 
4 133 135 (0 -2104 944 ) (16 -2104 944 ) (16 -2144 944 ) (0 -2144 944 ) 
4 134 136 (80 -2104 928 ) (96 -2104 928 ) (96 -2144 928 ) (80 -2144 928 ) 
4 135 247 (0 -2144 928 ) (0 -2144 944 ) (0 -2104 944 ) (0 -2104 928 ) 
4 135 137 (0 -2104 928 ) (32 -2104 928 ) (32 -2144 928 ) (0 -2144 928 ) 
4 137 247 (0 -2144 912 ) (0 -2144 928 ) (0 -2104 928 ) (0 -2104 912 ) 
4 137 138 (0 -2104 912 ) (48 -2104 912 ) (48 -2144 912 ) (0 -2144 912 ) 
4 138 247 (0 -2144 896 ) (0 -2144 912 ) (0 -2104 912 ) (0 -2104 896 ) 
4 139 150 (256 -2144 -2048 ) (1024 -2144 -2048 ) (1024 -2144 896 ) (256 -2144 896 ) 
4 139 140 (256 -2048 -2048 ) (256 -2144 -2048 ) (256 -2144 832 ) (256 -2048 832 ) 
4 140 255 (0 -2144 -2048 ) (0 -2144 832 ) (0 -2048 832 ) (0 -2048 -2048 ) 
4 140 151 (0 -2144 832 ) (0 -2144 -2048 ) (256 -2144 -2048 ) (256 -2144 832 ) 
4 141 248 (0 -2176 1203.199951 ) (0 -2176 2560 ) (0 -2144 2560 ) (0 -2144 1203.199951 ) 
4 141 152 (1024 -2176 2022.400024 ) (1024 -2176 2560 ) (0 -2176 2560 ) (0 -2176 1203.199951 ) 
4 141 142 (96 -2144 1280 ) (1024 -2144 2022.399902 ) (1024 -2176 2022.400024 ) (96 -2176 1280 ) 
4 142 152 (1024 -2176 1152 ) (1024 -2176 2022.400024 ) (96 -2176 1280 ) (256 -2176 1152 ) 
4 142 143 (1024 -2176 1152 ) (256 -2176 1152 ) (256 -2144 1152 ) (1024 -2144 1152 ) 
4 143 152 (1024 -2176 1088 ) (1024 -2176 1152 ) (256 -2176 1152 ) (256 -2176 1088 ) 
4 143 144 (1024 -2176 1088 ) (256 -2176 1088 ) (256 -2144 1088 ) (1024 -2144 1088 ) 
4 144 152 (1024 -2176 1024 ) (1024 -2176 1088 ) (256 -2176 1088 ) (256 -2176 1024 ) 
4 144 149 (1024 -2176 1024 ) (256 -2176 1024 ) (256 -2144 1024 ) (1024 -2144 1024 ) 
4 145 152 (192 -2176 1088 ) (160 -2176 1088 ) (160 -2176 1024 ) (192 -2176 1024 ) 
4 146 152 (128 -2176 1088 ) (100 -2176 1088 ) (100 -2176 1024 ) (128 -2176 1024 ) 
4 147 152 (92 -2176 1088 ) (64 -2176 1088 ) (64 -2176 1024 ) (92 -2176 1024 ) 
4 148 152 (32 -2176 1088 ) (0 -2176 1088 ) (0 -2176 1024 ) (32 -2176 1024 ) 
4 149 152 (1024 -2176 896 ) (1024 -2176 1024 ) (256 -2176 1024 ) (256 -2176 896 ) 
4 149 150 (1024 -2176 896 ) (256 -2176 896 ) (256 -2144 896 ) (1024 -2144 896 ) 
4 150 152 (1024 -2176 -2048 ) (1024 -2176 896 ) (256 -2176 896 ) (256 -2176 -2048 ) 
4 150 151 (256 -2144 -2048 ) (256 -2176 -2048 ) (256 -2176 832 ) (256 -2144 832 ) 
4 151 255 (0 -2176 -2048 ) (0 -2176 832 ) (0 -2144 832 ) (0 -2144 -2048 ) 
4 151 152 (0 -2176 832 ) (0 -2176 -2048 ) (256 -2176 -2048 ) (256 -2176 832 ) 
4 152 259 (0 -3008 2560 ) (0 -2176 2560 ) (0 -2176 -2048 ) (0 -3008 -2048 ) 
4 153 220 (0 -1024 -2048 ) (0 -1024 704 ) (-512 -1024 704 ) (-512 -1024 -2048 ) 
4 153 219 (0 -1024 704 ) (0 -1024 832 ) (-512 -1024 832 ) (-512 -1024 704 ) 
4 153 215 (-64 -1024 864 ) (-512 -1024 864 ) (-512 -1024 832 ) (-64 -1024 832 ) 
4 153 214 (0 -1024 832 ) (0 -1024 864 ) (-64 -1024 864 ) (-64 -1024 832 ) 
4 153 210 (-64 -1024 896 ) (-512 -1024 896 ) (-512 -1024 864 ) (-64 -1024 864 ) 
4 153 209 (0 -1024 864 ) (0 -1024 896 ) (-64 -1024 896 ) (-64 -1024 864 ) 
4 153 202 (-512 -1024 928 ) (-512 -1024 896 ) (-508 -1024 896 ) (-508 -1024 928 ) 
4 153 199 (-508 -1024 896 ) (-32 -1024 896 ) (-32 -1024 928 ) (-508 -1024 928 ) 
4 153 196 (-512 -1024 1152 ) (-512 -1024 928 ) (-32 -1024 928 ) (-32 -1024 1152 ) 
4 153 184 (-32 -1024 2560 ) (-512 -1024 2560 ) (-512 -1024 1152 ) (-32 -1024 1152 ) 
4 153 169 (0 -1024 896 ) (0 -1024 928 ) (-32 -1024 928 ) (-32 -1024 896 ) 
4 153 168 (0 -1024 928 ) (0 -1024 1088 ) (-32 -1024 1088 ) (-32 -1024 928 ) 
4 153 164 (0 -1024 1088 ) (0 -1024 1152 ) (-32 -1024 1152 ) (-32 -1024 1088 ) 
4 153 162 (0 -1024 1152 ) (0 -1024 1203.199951 ) (-32 -1024 1177.599976 ) (-32 -1024 1152 ) 
4 153 161 (0 -1024 1203.199951 ) (0 -1024 2560 ) (-32 -1024 2560 ) (-32 -1024 1177.599976 ) 
4 153 154 (-512 0 -2048 ) (-512 -1024 -2048 ) (-512 -1024 2560 ) (-512 0 2560 ) 
4 154 222 (-544 -1024 832 ) (-544 -1024 -2048 ) (-512 -1024 -2048 ) (-512 -1024 832 ) 
4 154 217 (-544 -1024 864 ) (-544 -1024 832 ) (-512 -1024 832 ) (-512 -1024 864 ) 
4 154 212 (-544 -1024 896 ) (-544 -1024 864 ) (-512 -1024 864 ) (-512 -1024 896 ) 
4 154 203 (-544 -1024 928 ) (-544 -1024 896 ) (-512 -1024 896 ) (-512 -1024 928 ) 
4 154 197 (-544 -1024 1152 ) (-544 -1024 928 ) (-512 -1024 928 ) (-512 -1024 1152 ) 
4 154 185 (-512 -1024 2560 ) (-544 -1024 2560 ) (-544 -1024 1152 ) (-512 -1024 1152 ) 
4 154 155 (-544 0 -2048 ) (-544 -1024 -2048 ) (-544 -1024 2560 ) (-544 0 2560 ) 
4 155 223 (-1024 -1024 832 ) (-1024 -1024 -2048 ) (-544 -1024 -2048 ) (-544 -1024 832 ) 
4 155 218 (-1024 -1024 864 ) (-1024 -1024 832 ) (-544 -1024 832 ) (-544 -1024 864 ) 
4 155 213 (-1024 -1024 896 ) (-1024 -1024 864 ) (-544 -1024 864 ) (-544 -1024 896 ) 
4 155 204 (-1024 -1024 928 ) (-1024 -1024 896 ) (-544 -1024 896 ) (-544 -1024 928 ) 
4 155 198 (-1024 -1024 1152 ) (-1024 -1024 928 ) (-544 -1024 928 ) (-544 -1024 1152 ) 
4 155 186 (-544 -1024 2560 ) (-1024 -1024 2560 ) (-1024 -1024 1152 ) (-544 -1024 1152 ) 
4 155 160 (-1024 0 -256 ) (-1024 0 -2048 ) (-1024 -1024 -2048 ) (-1024 -1024 -256 ) 
4 155 158 (-1024 -416 -256 ) (-1024 -1024 -256 ) (-1024 -1024 160 ) (-1024 -416 160 ) 
4 155 157 (-1024 0 160 ) (-1024 0 -256 ) (-1024 -416 -256 ) (-1024 -416 160 ) 
4 155 156 (-1024 0 2560 ) (-1024 0 160 ) (-1024 -1024 160 ) (-1024 -1024 2560 ) 
4 156 240 (-2048 0 2560 ) (-2048 0 160 ) (-2048 -1024 160 ) (-2048 -1024 2560 ) 
4 156 239 (-1024 -1024 160 ) (-1024 -1024 188 ) (-2048 -1024 188 ) (-2048 -1024 160 ) 
4 156 235 (-1024 -1024 188 ) (-1024 -1024 192 ) (-1312 -1024 192 ) (-1312 -1024 188 ) 
4 156 238 (-1312 -1024 192 ) (-2048 -1024 192 ) (-2048 -1024 188 ) (-1312 -1024 188 ) 
4 156 232 (-1304 -1024 288 ) (-1312 -1024 288 ) (-1312 -1024 192 ) (-1304 -1024 192 ) 
4 156 233 (-1312 -1024 288 ) (-2048 -1024 288 ) (-2048 -1024 192 ) (-1312 -1024 192 ) 
4 156 229 (-1024 -1024 192 ) (-1024 -1024 288 ) (-1304 -1024 288 ) (-1304 -1024 192 ) 
4 156 224 (-1024 -1024 288 ) (-1024 -1024 2560 ) (-1312 -1024 2560 ) (-1312 -1024 288 ) 
4 156 228 (-1312 -1024 2560 ) (-2048 -1024 2560 ) (-2048 -1024 288 ) (-1312 -1024 288 ) 
4 156 158 (-1024 -416 160 ) (-1024 -1024 160 ) (-2000 -1024 160 ) (-2000 -416 160 ) 
4 156 157 (-2000 0 160 ) (-1024 0 160 ) (-1024 -416 160 ) (-2000 -416 160 ) 
4 156 159 (-2048 0 160 ) (-2000 0 160 ) (-2000 -1024 160 ) (-2048 -1024 160 ) 
4 157 160 (-2000 -416 -256 ) (-2000 0 -256 ) (-1024 0 -256 ) (-1024 -416 -256 ) 
4 157 159 (-2000 0 -256 ) (-2000 -416 -256 ) (-2000 -416 160 ) (-2000 0 160 ) 
4 157 158 (-2000 -416 160 ) (-2000 -416 -256 ) (-1024 -416 -256 ) (-1024 -416 160 ) 
4 158 239 (-1024 -1024 -256 ) (-1024 -1024 160 ) (-2000 -1024 160 ) (-2000 -1024 -256 ) 
4 158 160 (-1024 -1024 -256 ) (-2000 -1024 -256 ) (-2000 -416 -256 ) (-1024 -416 -256 ) 
4 158 159 (-2000 -416 -256 ) (-2000 -1024 -256 ) (-2000 -1024 160 ) (-2000 -416 160 ) 
4 159 240 (-2048 0 160 ) (-2048 0 -256 ) (-2048 -1024 -256 ) (-2048 -1024 160 ) 
4 159 239 (-2000 -1024 160 ) (-2048 -1024 160 ) (-2048 -1024 -256 ) (-2000 -1024 -256 ) 
4 159 160 (-2000 -1024 -256 ) (-2048 -1024 -256 ) (-2048 0 -256 ) (-2000 0 -256 ) 
4 160 240 (-2048 0 -256 ) (-2048 0 -2048 ) (-2048 -1024 -2048 ) (-2048 -1024 -256 ) 
4 160 239 (-1024 -1024 -2048 ) (-1024 -1024 -256 ) (-2048 -1024 -256 ) (-2048 -1024 -2048 ) 
4 161 242 (0 -2048 1203.199951 ) (0 -2048 2560 ) (-32 -2048 2560 ) (-32 -2048 1177.599976 ) 
4 161 193 (-32 -2048 1177.599976 ) (-32 -2048 2560 ) (-32 -1920 2560 ) (-32 -1920 1177.599976 ) 
4 161 190 (-32 -1920 2560 ) (-32 -1664 2560 ) (-32 -1664 1177.599976 ) (-32 -1920 1177.599976 ) 
4 161 187 (-32 -1664 2560 ) (-32 -1408 2560 ) (-32 -1408 1177.599976 ) (-32 -1664 1177.599976 ) 
4 161 184 (-32 -1408 2560 ) (-32 -1024 2560 ) (-32 -1024 1177.599976 ) (-32 -1408 1177.599976 ) 
4 161 163 (-32 -1920 1177.598755 ) (-32 -1664 1177.598755 ) (0 -1664 1203.198730 ) (0 -1920 1203.198730 ) 
4 161 162 (-32 -1408 1177.598755 ) (-32 -1024 1177.598755 ) (0 -1024 1203.198730 ) (0 -1408 1203.198730 ) 
4 162 184 (-32 -1408 1177.599976 ) (-32 -1024 1177.599976 ) (-32 -1024 1152 ) (-32 -1408 1152 ) 
4 162 164 (-32 -1408 1152 ) (-32 -1024 1152 ) (0 -1024 1152 ) (0 -1408 1152 ) 
4 163 190 (-32 -1920 1177.599976 ) (-32 -1664 1177.599976 ) (-32 -1664 1152 ) (-32 -1920 1152 ) 
4 163 166 (-32 -1920 1152 ) (-32 -1664 1152 ) (0 -1664 1152 ) (0 -1920 1152 ) 
4 164 196 (-32 -1408 1152 ) (-32 -1024 1152 ) (-32 -1024 1088 ) (-32 -1408 1088 ) 
4 164 168 (-32 -1408 1088 ) (-32 -1024 1088 ) (0 -1024 1088 ) (0 -1408 1088 ) 
4 165 177 (-32 -1632 1088 ) (-32 -1592 1088 ) (0 -1592 1088 ) (0 -1632 1088 ) 
4 165 171 (-32 -1480 1088 ) (-32 -1440 1088 ) (0 -1440 1088 ) (0 -1480 1088 ) 
4 165 172 (-32 -1592 1088 ) (-32 -1480 1088 ) (0 -1480 1088 ) (0 -1592 1088 ) 
4 166 205 (-32 -1920 1152 ) (-32 -1664 1152 ) (-32 -1664 1088 ) (-32 -1920 1088 ) 
4 166 179 (-32 -1920 1088 ) (-32 -1664 1088 ) (0 -1664 1088 ) (0 -1920 1088 ) 
4 167 243 (0 -2048 1088 ) (0 -2048 1152 ) (-32 -2048 1152 ) (-32 -2048 1088 ) 
4 167 180 (-32 -2048 1088 ) (-32 -1952 1088 ) (0 -1952 1088 ) (0 -2048 1088 ) 
4 168 196 (-32 -1408 928 ) (-32 -1408 1088 ) (-32 -1024 1088 ) (-32 -1024 928 ) 
4 168 170 (0 -1408 928 ) (-32 -1408 928 ) (-32 -1028 928 ) (0 -1028 928 ) 
4 168 169 (-32 -1028 928 ) (-32 -1024 928 ) (0 -1024 928 ) (0 -1028 928 ) 
4 169 209 (-32 -1024 896 ) (0 -1024 896 ) (0 -1028 896 ) (-32 -1028 896 ) 
4 169 199 (-32 -1024 896 ) (-32 -1028 896 ) (-32 -1028 928 ) (-32 -1024 928 ) 
4 169 170 (0 -1028 928 ) (-32 -1028 928 ) (-32 -1028 896 ) (0 -1028 896 ) 
4 170 209 (0 -1028 896 ) (0 -1408 896 ) (-32 -1408 896 ) (-32 -1028 896 ) 
4 170 200 (-32 -1028 896 ) (-32 -1408 896 ) (-32 -1408 928 ) (-32 -1028 928 ) 
4 171 172 (0 -1480 1048.489990 ) (0 -1480 1088 ) (-32 -1480 1088 ) (-32 -1480 1048.489990 ) 
4 172 177 (0 -1592 1088 ) (-32 -1592 1088 ) (-32 -1592 1040.489990 ) (0 -1592 1040.489990 ) 
4 172 174 (-28 -1592 1040.489990 ) (-32 -1592 1040.489990 ) (-32 -1480 1040.489990 ) (-28 -1480 1040.489990 ) 
4 172 173 (0 -1592 1040.489990 ) (-28 -1592 1040.489990 ) (-28 -1480 1040.489990 ) (0 -1480 1040.489990 ) 
4 173 177 (-28 -1592 1008.489990 ) (0 -1592 1008.489990 ) (0 -1592 1040.489990 ) (-28 -1592 1040.489990 ) 
4 173 175 (0 -1592 1008.489990 ) (-28 -1592 1008.489990 ) (-28 -1440 1008.489990 ) (0 -1440 1008.489990 ) 
4 173 174 (-28 -1480 1008.489990 ) (-28 -1592 1008.489990 ) (-28 -1592 1040.489990 ) (-28 -1480 1040.489990 ) 
4 174 177 (-32 -1592 1040.489990 ) (-32 -1592 1008.489990 ) (-28 -1592 1008.489990 ) (-28 -1592 1040.489990 ) 
4 174 175 (-28 -1592 1008.489990 ) (-32 -1592 1008.489990 ) (-32 -1480 1008.489990 ) (-28 -1480 1008.489990 ) 
4 175 177 (-32 -1592 1008.489990 ) (-32 -1592 1008 ) (0 -1592 1008 ) (0 -1592 1008.489990 ) 
4 176 178 (-32 -1592 992 ) (-32 -1592 896 ) (0 -1592 896 ) (0 -1592 960 ) 
4 179 205 (-32 -1920 1088 ) (-32 -1664 1088 ) (-32 -1664 1024 ) (-32 -1920 1024 ) 
4 179 181 (-32 -1920 1024 ) (-32 -1664 1024 ) (0 -1664 1024 ) (0 -1920 1024 ) 
4 180 243 (0 -2048 1024 ) (0 -2048 1088 ) (-32 -2048 1088 ) (-32 -2048 1024 ) 
4 180 182 (-32 -2048 1024 ) (-32 -1952 1024 ) (0 -1952 1024 ) (0 -2048 1024 ) 
4 181 205 (-32 -1664 896 ) (-32 -1920 896 ) (-32 -1920 1024 ) (-32 -1664 1024 ) 
4 182 243 (0 -2048 1008 ) (0 -2048 1024 ) (-32 -2048 1024 ) (-32 -2048 1008 ) 
4 183 244 (0 -2048 896 ) (0 -2048 1004 ) (-32 -2048 1004 ) (-32 -2048 896 ) 
4 184 196 (-512 -1024 1152 ) (-32 -1024 1152 ) (-32 -1408 1152 ) (-512 -1408 1152 ) 
5 184 187 (-512 -1408 1152 ) (-64 -1408 1152 ) (-32 -1408 1177.599976 ) (-32 -1408 2560 ) (-512 -1408 2560 ) 
4 184 185 (-512 -1024 1152 ) (-512 -1408 1152 ) (-512 -1408 2560 ) (-512 -1024 2560 ) 
4 185 197 (-544 -1024 1152 ) (-512 -1024 1152 ) (-512 -1408 1152 ) (-544 -1408 1152 ) 
4 185 188 (-544 -1408 1152 ) (-512 -1408 1152 ) (-512 -1408 2560 ) (-544 -1408 2560 ) 
4 185 186 (-544 -1024 1152 ) (-544 -1408 1152 ) (-544 -1408 2560 ) (-544 -1024 2560 ) 
4 186 224 (-1024 -1024 2560 ) (-1024 -1024 1152 ) (-1024 -1408 1152 ) (-1024 -1408 2560 ) 
4 186 198 (-1024 -1408 1152 ) (-1024 -1024 1152 ) (-544 -1024 1152 ) (-544 -1408 1152 ) 
4 186 189 (-1024 -1408 1152 ) (-544 -1408 1152 ) (-544 -1408 2560 ) (-1024 -1408 2560 ) 
4 187 206 (-512 -1408 1152 ) (-64 -1408 1152 ) (-64 -1664 1152 ) (-512 -1664 1152 ) 
5 187 190 (-512 -1664 1152 ) (-64 -1664 1152 ) (-32 -1664 1177.599976 ) (-32 -1664 2560 ) (-512 -1664 2560 ) 
4 187 188 (-512 -1408 2560 ) (-512 -1408 1152 ) (-512 -1664 1152 ) (-512 -1664 2560 ) 
4 188 207 (-544 -1408 1152 ) (-512 -1408 1152 ) (-512 -1664 1152 ) (-544 -1664 1152 ) 
4 188 191 (-544 -1664 1152 ) (-512 -1664 1152 ) (-512 -1664 2560 ) (-544 -1664 2560 ) 
4 188 189 (-544 -1408 2560 ) (-544 -1408 1152 ) (-544 -1664 1152 ) (-544 -1664 2560 ) 
4 189 224 (-1024 -1408 1152 ) (-1024 -1664 1152 ) (-1024 -1664 2560 ) (-1024 -1408 2560 ) 
4 189 208 (-1024 -1664 1152 ) (-1024 -1408 1152 ) (-544 -1408 1152 ) (-544 -1664 1152 ) 
4 189 192 (-1024 -1664 1152 ) (-544 -1664 1152 ) (-544 -1664 2560 ) (-1024 -1664 2560 ) 
4 190 206 (-512 -1664 1152 ) (-64 -1664 1152 ) (-64 -1920 1152 ) (-512 -1920 1152 ) 
4 190 205 (-64 -1664 1152 ) (-32 -1664 1152 ) (-32 -1920 1152 ) (-64 -1920 1152 ) 
5 190 193 (-512 -1920 1152 ) (-64 -1920 1152 ) (-32 -1920 1177.599976 ) (-32 -1920 2560 ) (-512 -1920 2560 ) 
4 190 191 (-512 -1664 2560 ) (-512 -1664 1152 ) (-512 -1920 1152 ) (-512 -1920 2560 ) 
4 191 207 (-544 -1664 1152 ) (-512 -1664 1152 ) (-512 -1920 1152 ) (-544 -1920 1152 ) 
4 191 194 (-544 -1920 1152 ) (-512 -1920 1152 ) (-512 -1920 2560 ) (-544 -1920 2560 ) 
4 191 192 (-544 -1664 2560 ) (-544 -1664 1152 ) (-544 -1920 1152 ) (-544 -1920 2560 ) 
4 192 225 (-1024 -1856 1152 ) (-1024 -1920 1152 ) (-1024 -1920 2560 ) (-1024 -1856 2560 ) 
4 192 224 (-1024 -1664 1152 ) (-1024 -1856 1152 ) (-1024 -1856 2560 ) (-1024 -1664 2560 ) 
4 192 208 (-1024 -1920 1152 ) (-1024 -1664 1152 ) (-544 -1664 1152 ) (-544 -1920 1152 ) 
4 192 195 (-1024 -1920 1152 ) (-544 -1920 1152 ) (-544 -1920 2560 ) (-1024 -1920 2560 ) 
5 193 249 (-512 -2048 1152 ) (-64 -2048 1152 ) (-32 -2048 1177.599976 ) (-32 -2048 2560 ) (-512 -2048 2560 ) 
4 193 206 (-512 -1920 1152 ) (-64 -1920 1152 ) (-64 -2048 1152 ) (-512 -2048 1152 ) 
4 193 194 (-512 -1920 2560 ) (-512 -1920 1152 ) (-512 -2048 1152 ) (-512 -2048 2560 ) 
4 194 250 (-544 -2048 1152 ) (-512 -2048 1152 ) (-512 -2048 2560 ) (-544 -2048 2560 ) 
4 194 207 (-544 -1920 1152 ) (-512 -1920 1152 ) (-512 -2048 1152 ) (-544 -2048 1152 ) 
4 194 195 (-544 -1920 2560 ) (-544 -1920 1152 ) (-544 -2048 1152 ) (-544 -2048 2560 ) 
4 195 251 (-1024 -2048 2560 ) (-1024 -2048 1152 ) (-544 -2048 1152 ) (-544 -2048 2560 ) 
4 195 227 (-1024 -1920 1152 ) (-1024 -2048 1152 ) (-1024 -2048 2560 ) (-1024 -1920 2560 ) 
4 195 208 (-1024 -2048 1152 ) (-1024 -1920 1152 ) (-544 -1920 1152 ) (-544 -2048 1152 ) 
4 196 206 (-64 -1408 1152 ) (-512 -1408 1152 ) (-512 -1408 928 ) (-64 -1408 928 ) 
3 196 202 (-512 -1024 928 ) (-508 -1024 928 ) (-508 -1028 928 ) 
4 196 201 (-508 -1408 928 ) (-512 -1408 928 ) (-512 -1024 928 ) (-508 -1028 928 ) 
4 196 200 (-32 -1408 928 ) (-508 -1408 928 ) (-508 -1028 928 ) (-32 -1028 928 ) 
4 196 199 (-508 -1028 928 ) (-508 -1024 928 ) (-32 -1024 928 ) (-32 -1028 928 ) 
4 196 197 (-512 -1024 928 ) (-512 -1408 928 ) (-512 -1408 1152 ) (-512 -1024 1152 ) 
4 197 207 (-512 -1408 1152 ) (-544 -1408 1152 ) (-544 -1408 928 ) (-512 -1408 928 ) 
4 197 203 (-512 -1408 928 ) (-544 -1408 928 ) (-544 -1024 928 ) (-512 -1024 928 ) 
4 197 198 (-544 -1024 928 ) (-544 -1408 928 ) (-544 -1408 1152 ) (-544 -1024 1152 ) 
4 198 224 (-1024 -1024 1152 ) (-1024 -1024 928 ) (-1024 -1408 928 ) (-1024 -1408 1152 ) 
4 198 208 (-544 -1408 1152 ) (-1024 -1408 1152 ) (-1024 -1408 928 ) (-544 -1408 928 ) 
4 198 204 (-544 -1408 928 ) (-1024 -1408 928 ) (-1024 -1024 928 ) (-544 -1024 928 ) 
4 199 210 (-508 -1024 896 ) (-64 -1024 896 ) (-64 -1028 896 ) (-508 -1028 896 ) 
4 199 209 (-64 -1024 896 ) (-32 -1024 896 ) (-32 -1028 896 ) (-64 -1028 896 ) 
4 199 202 (-508 -1024 896 ) (-508 -1028 896 ) (-508 -1028 928 ) (-508 -1024 928 ) 
4 199 200 (-508 -1028 928 ) (-508 -1028 896 ) (-32 -1028 896 ) (-32 -1028 928 ) 
4 200 210 (-64 -1408 896 ) (-508 -1408 896 ) (-508 -1028 896 ) (-64 -1028 896 ) 
4 200 209 (-32 -1028 896 ) (-32 -1408 896 ) (-64 -1408 896 ) (-64 -1028 896 ) 
4 200 206 (-508 -1408 896 ) (-64 -1408 896 ) (-64 -1408 928 ) (-508 -1408 928 ) 
4 200 201 (-508 -1028 896 ) (-508 -1408 896 ) (-508 -1408 928 ) (-508 -1028 928 ) 
4 201 210 (-512 -1024 896 ) (-508 -1028 896 ) (-508 -1408 896 ) (-512 -1408 896 ) 
4 201 206 (-512 -1408 896 ) (-508 -1408 896 ) (-508 -1408 928 ) (-512 -1408 928 ) 
4 201 203 (-512 -1024 896 ) (-512 -1408 896 ) (-512 -1408 928 ) (-512 -1024 928 ) 
4 201 202 (-508 -1028 928 ) (-508 -1028 896 ) (-512 -1024 896 ) (-512 -1024 928 ) 
3 202 210 (-512 -1024 896 ) (-508 -1024 896 ) (-508 -1028 896 ) 
4 203 212 (-544 -1024 896 ) (-512 -1024 896 ) (-512 -1408 896 ) (-544 -1408 896 ) 
4 203 207 (-544 -1408 896 ) (-512 -1408 896 ) (-512 -1408 928 ) (-544 -1408 928 ) 
4 203 204 (-544 -1024 896 ) (-544 -1408 896 ) (-544 -1408 928 ) (-544 -1024 928 ) 
4 204 224 (-1024 -1024 928 ) (-1024 -1024 896 ) (-1024 -1408 896 ) (-1024 -1408 928 ) 
4 204 213 (-1024 -1408 896 ) (-1024 -1024 896 ) (-544 -1024 896 ) (-544 -1408 896 ) 
4 204 208 (-1024 -1408 896 ) (-544 -1408 896 ) (-544 -1408 928 ) (-1024 -1408 928 ) 
4 205 206 (-64 -1664 896 ) (-64 -1920 896 ) (-64 -1920 1152 ) (-64 -1664 1152 ) 
4 206 252 (-512 -2048 896 ) (-64 -2048 896 ) (-64 -2048 1152 ) (-512 -2048 1152 ) 
4 206 211 (-64 -1920 896 ) (-64 -2048 896 ) (-512 -2048 896 ) (-512 -1920 896 ) 
4 206 207 (-512 -1408 1152 ) (-512 -1408 896 ) (-512 -2048 896 ) (-512 -2048 1152 ) 
4 207 253 (-544 -2048 896 ) (-512 -2048 896 ) (-512 -2048 1152 ) (-544 -2048 1152 ) 
4 207 212 (-544 -1408 896 ) (-512 -1408 896 ) (-512 -2048 896 ) (-544 -2048 896 ) 
4 207 208 (-544 -1408 1152 ) (-544 -1408 896 ) (-544 -2048 896 ) (-544 -2048 1152 ) 
4 208 254 (-1024 -2048 1152 ) (-1024 -2048 896 ) (-544 -2048 896 ) (-544 -2048 1152 ) 
4 208 225 (-1024 -1856 896 ) (-1024 -1920 896 ) (-1024 -1920 1152 ) (-1024 -1856 1152 ) 
4 208 224 (-1024 -1408 896 ) (-1024 -1856 896 ) (-1024 -1856 1152 ) (-1024 -1408 1152 ) 
4 208 227 (-1024 -1920 896 ) (-1024 -2048 896 ) (-1024 -2048 1152 ) (-1024 -1920 1152 ) 
4 208 213 (-1024 -2048 896 ) (-1024 -1408 896 ) (-544 -1408 896 ) (-544 -2048 896 ) 
4 209 214 (-64 -1408 864 ) (-64 -1024 864 ) (0 -1024 864 ) (0 -1408 864 ) 
4 209 210 (-64 -1024 864 ) (-64 -1408 864 ) (-64 -1408 896 ) (-64 -1024 896 ) 
4 210 215 (-512 -1408 864 ) (-512 -1024 864 ) (-64 -1024 864 ) (-64 -1408 864 ) 
4 210 212 (-512 -1024 864 ) (-512 -1408 864 ) (-512 -1408 896 ) (-512 -1024 896 ) 
4 211 256 (-64 -2048 896 ) (-512 -2048 896 ) (-512 -2048 864 ) (-64 -2048 864 ) 
4 211 216 (-64 -2048 864 ) (-512 -2048 864 ) (-512 -1920 864 ) (-64 -1920 864 ) 
4 211 212 (-512 -1920 864 ) (-512 -2048 864 ) (-512 -2048 896 ) (-512 -1920 896 ) 
4 212 257 (-512 -2048 896 ) (-544 -2048 896 ) (-544 -2048 864 ) (-512 -2048 864 ) 
4 212 217 (-512 -2048 864 ) (-544 -2048 864 ) (-544 -1024 864 ) (-512 -1024 864 ) 
4 212 213 (-544 -1024 864 ) (-544 -2048 864 ) (-544 -2048 896 ) (-544 -1024 896 ) 
4 213 258 (-544 -2048 896 ) (-1024 -2048 896 ) (-1024 -2048 864 ) (-544 -2048 864 ) 
4 213 225 (-1024 -1856 864 ) (-1024 -1920 864 ) (-1024 -1920 896 ) (-1024 -1856 896 ) 
4 213 224 (-1024 -1024 896 ) (-1024 -1024 864 ) (-1024 -1856 864 ) (-1024 -1856 896 ) 
4 213 227 (-1024 -1920 864 ) (-1024 -2048 864 ) (-1024 -2048 896 ) (-1024 -1920 896 ) 
4 213 218 (-544 -2048 864 ) (-1024 -2048 864 ) (-1024 -1024 864 ) (-544 -1024 864 ) 
4 214 219 (-64 -1024 832 ) (0 -1024 832 ) (0 -1408 832 ) (-64 -1408 832 ) 
4 214 215 (-64 -1024 832 ) (-64 -1408 832 ) (-64 -1408 864 ) (-64 -1024 864 ) 
4 215 219 (-512 -1024 832 ) (-64 -1024 832 ) (-64 -1408 832 ) (-512 -1408 832 ) 
4 215 217 (-512 -1024 832 ) (-512 -1408 832 ) (-512 -1408 864 ) (-512 -1024 864 ) 
4 216 256 (-64 -2048 864 ) (-512 -2048 864 ) (-512 -2048 832 ) (-64 -2048 832 ) 
4 216 221 (-64 -1920 832 ) (-64 -2048 832 ) (-512 -2048 832 ) (-512 -1920 832 ) 
4 216 217 (-512 -1920 832 ) (-512 -2048 832 ) (-512 -2048 864 ) (-512 -1920 864 ) 
4 217 257 (-512 -2048 864 ) (-544 -2048 864 ) (-544 -2048 832 ) (-512 -2048 832 ) 
4 217 222 (-544 -1024 832 ) (-512 -1024 832 ) (-512 -2048 832 ) (-544 -2048 832 ) 
4 217 218 (-544 -1024 832 ) (-544 -2048 832 ) (-544 -2048 864 ) (-544 -1024 864 ) 
4 218 258 (-544 -2048 864 ) (-1024 -2048 864 ) (-1024 -2048 832 ) (-544 -2048 832 ) 
4 218 225 (-1024 -1856 832 ) (-1024 -1920 832 ) (-1024 -1920 864 ) (-1024 -1856 864 ) 
4 218 224 (-1024 -1024 864 ) (-1024 -1024 832 ) (-1024 -1856 832 ) (-1024 -1856 864 ) 
4 218 227 (-1024 -1920 832 ) (-1024 -2048 832 ) (-1024 -2048 864 ) (-1024 -1920 864 ) 
4 218 223 (-1024 -2048 832 ) (-1024 -1024 832 ) (-544 -1024 832 ) (-544 -2048 832 ) 
4 219 222 (-512 -1408 704 ) (-512 -1408 832 ) (-512 -1024 832 ) (-512 -1024 704 ) 
4 219 221 (-512 -1408 832 ) (-512 -1408 704 ) (0 -1408 704 ) (0 -1408 832 ) 
4 219 220 (0 -1408 704 ) (-512 -1408 704 ) (-512 -1024 704 ) (0 -1024 704 ) 
4 220 222 (-512 -1024 -2048 ) (-512 -1408 -2048 ) (-512 -1408 704 ) (-512 -1024 704 ) 
4 220 221 (-512 -1408 704 ) (-512 -1408 -2048 ) (0 -1408 -2048 ) (0 -1408 704 ) 
4 221 256 (-64 -2048 832 ) (-512 -2048 832 ) (-512 -2048 -2048 ) (-64 -2048 -2048 ) 
4 221 255 (0 -2048 -2048 ) (0 -2048 832 ) (-64 -2048 832 ) (-64 -2048 -2048 ) 
4 221 222 (-512 -1408 -2048 ) (-512 -2048 -2048 ) (-512 -2048 832 ) (-512 -1408 832 ) 
4 222 257 (-512 -2048 832 ) (-544 -2048 832 ) (-544 -2048 -2048 ) (-512 -2048 -2048 ) 
4 222 223 (-544 -1024 -2048 ) (-544 -2048 -2048 ) (-544 -2048 832 ) (-544 -1024 832 ) 
4 223 258 (-544 -2048 832 ) (-1024 -2048 832 ) (-1024 -2048 -2048 ) (-544 -2048 -2048 ) 
4 223 239 (-1024 -1024 188 ) (-1024 -1024 -2048 ) (-1024 -2048 -2048 ) (-1024 -2048 188 ) 
4 223 236 (-1024 -1856 188 ) (-1024 -1920 188 ) (-1024 -1920 192 ) (-1024 -1856 192 ) 
4 223 235 (-1024 -1024 192 ) (-1024 -1024 188 ) (-1024 -1856 188 ) (-1024 -1856 192 ) 
4 223 237 (-1024 -1920 188 ) (-1024 -2048 188 ) (-1024 -2048 192 ) (-1024 -1920 192 ) 
4 223 230 (-1024 -1856 192 ) (-1024 -1920 192 ) (-1024 -1920 288 ) (-1024 -1856 288 ) 
4 223 229 (-1024 -1024 288 ) (-1024 -1024 192 ) (-1024 -1856 192 ) (-1024 -1856 288 ) 
4 223 234 (-1024 -1920 192 ) (-1024 -2048 192 ) (-1024 -2048 288 ) (-1024 -1920 288 ) 
4 223 226 (-1024 -1856 288 ) (-1024 -1920 288 ) (-1024 -1920 304 ) (-1024 -1856 304 ) 
4 223 225 (-1024 -1920 304 ) (-1024 -1920 832 ) (-1024 -1856 832 ) (-1024 -1856 304 ) 
4 223 224 (-1024 -1024 832 ) (-1024 -1024 288 ) (-1024 -1856 288 ) (-1024 -1856 832 ) 
4 223 227 (-1024 -1920 288 ) (-1024 -2048 288 ) (-1024 -2048 832 ) (-1024 -1920 832 ) 
4 224 232 (-1312 -1856 288 ) (-1312 -1024 288 ) (-1304 -1024 288 ) (-1304 -1856 288 ) 
4 224 229 (-1304 -1024 288 ) (-1024 -1024 288 ) (-1024 -1856 288 ) (-1304 -1856 288 ) 
4 224 226 (-1216 -1856 288 ) (-1024 -1856 288 ) (-1024 -1856 304 ) (-1216 -1856 304 ) 
4 224 225 (-1312 -1856 2560 ) (-1312 -1856 304 ) (-1024 -1856 304 ) (-1024 -1856 2560 ) 
4 224 228 (-1312 -1024 288 ) (-1312 -1856 288 ) (-1312 -1856 2560 ) (-1312 -1024 2560 ) 
4 225 226 (-1024 -1920 304 ) (-1246 -1920 304 ) (-1216 -1856 304 ) (-1024 -1856 304 ) 
4 225 228 (-1312 -1920 304 ) (-1312 -1920 2560 ) (-1312 -1856 2560 ) (-1312 -1856 304 ) 
4 225 227 (-1312 -1920 2560 ) (-1312 -1920 304 ) (-1024 -1920 304 ) (-1024 -1920 2560 ) 
4 226 230 (-1216 -1856 288 ) (-1024 -1856 288 ) (-1024 -1920 288 ) (-1246 -1920 288 ) 
4 226 227 (-1246 -1920 288 ) (-1024 -1920 288 ) (-1024 -1920 304 ) (-1246 -1920 304 ) 
4 227 262 (-1024 -2048 288 ) (-1024 -2048 2560 ) (-1312 -2048 2560 ) (-1312 -2048 288 ) 
4 227 234 (-1024 -2048 288 ) (-1312 -2048 288 ) (-1312 -1920 288 ) (-1024 -1920 288 ) 
4 227 228 (-1312 -1920 288 ) (-1312 -2048 288 ) (-1312 -2048 2560 ) (-1312 -1920 2560 ) 
4 228 262 (-1312 -2048 2560 ) (-2048 -2048 2560 ) (-2048 -2048 288 ) (-1312 -2048 288 ) 
4 228 241 (-2048 -2048 288 ) (-2048 -2048 2560 ) (-2048 -1024 2560 ) (-2048 -1024 288 ) 
4 228 233 (-2048 -1920 288 ) (-2048 -1024 288 ) (-1312 -1024 288 ) (-1312 -1920 288 ) 
4 228 234 (-1312 -2048 288 ) (-2048 -2048 288 ) (-2048 -1920 288 ) (-1312 -1920 288 ) 
4 229 235 (-1024 -1024 192 ) (-1024 -1856 192 ) (-1304 -1856 192 ) (-1304 -1024 192 ) 
4 229 232 (-1304 -1024 192 ) (-1304 -1856 192 ) (-1304 -1856 288 ) (-1304 -1024 288 ) 
4 229 231 (-1304 -1856 288 ) (-1304 -1856 192 ) (-1224 -1856 192 ) (-1224 -1856 288 ) 
4 229 230 (-1216 -1856 192 ) (-1024 -1856 192 ) (-1024 -1856 288 ) (-1216 -1856 288 ) 
4 230 236 (-1024 -1856 192 ) (-1024 -1920 192 ) (-1246 -1920 192 ) (-1216 -1856 192 ) 
4 230 234 (-1246 -1920 192 ) (-1024 -1920 192 ) (-1024 -1920 288 ) (-1246 -1920 288 ) 
4 232 235 (-1312 -1856 192 ) (-1312 -1024 192 ) (-1304 -1024 192 ) (-1304 -1856 192 ) 
4 232 233 (-1312 -1024 192 ) (-1312 -1856 192 ) (-1312 -1856 288 ) (-1312 -1024 288 ) 
4 233 241 (-2048 -1920 288 ) (-2048 -1024 288 ) (-2048 -1024 192 ) (-2048 -1920 192 ) 
4 233 238 (-1312 -1920 192 ) (-2048 -1920 192 ) (-2048 -1024 192 ) (-1312 -1024 192 ) 
4 233 234 (-2048 -1920 192 ) (-1312 -1920 192 ) (-1312 -1920 288 ) (-2048 -1920 288 ) 
4 234 262 (-1024 -2048 192 ) (-1024 -2048 288 ) (-2048 -2048 288 ) (-2048 -2048 192 ) 
4 234 241 (-2048 -2048 192 ) (-2048 -2048 288 ) (-2048 -1920 288 ) (-2048 -1920 192 ) 
4 234 237 (-1024 -1920 192 ) (-1024 -2048 192 ) (-1312 -2048 192 ) (-1312 -1920 192 ) 
4 234 238 (-1312 -2048 192 ) (-2048 -2048 192 ) (-2048 -1920 192 ) (-1312 -1920 192 ) 
4 235 239 (-1312 -1856 188 ) (-1312 -1024 188 ) (-1024 -1024 188 ) (-1024 -1856 188 ) 
4 235 236 (-1216 -1856 188 ) (-1024 -1856 188 ) (-1024 -1856 192 ) (-1216 -1856 192 ) 
4 235 238 (-1312 -1024 188 ) (-1312 -1856 188 ) (-1312 -1856 192 ) (-1312 -1024 192 ) 
4 236 239 (-1216 -1856 188 ) (-1024 -1856 188 ) (-1024 -1920 188 ) (-1246 -1920 188 ) 
4 236 237 (-1246 -1920 188 ) (-1024 -1920 188 ) (-1024 -1920 192 ) (-1246 -1920 192 ) 
4 237 262 (-1024 -2048 188 ) (-1024 -2048 192 ) (-1312 -2048 192 ) (-1312 -2048 188 ) 
4 237 239 (-1024 -2048 188 ) (-1312 -2048 188 ) (-1312 -1920 188 ) (-1024 -1920 188 ) 
4 237 238 (-1312 -1920 188 ) (-1312 -2048 188 ) (-1312 -2048 192 ) (-1312 -1920 192 ) 
4 238 262 (-1312 -2048 192 ) (-2048 -2048 192 ) (-2048 -2048 188 ) (-1312 -2048 188 ) 
4 238 241 (-2048 -2048 188 ) (-2048 -2048 192 ) (-2048 -1024 192 ) (-2048 -1024 188 ) 
4 238 239 (-1312 -2048 188 ) (-2048 -2048 188 ) (-2048 -1024 188 ) (-1312 -1024 188 ) 
4 239 262 (-1024 -2048 -2048 ) (-1024 -2048 188 ) (-2048 -2048 188 ) (-2048 -2048 -2048 ) 
4 239 241 (-2048 -2048 -2048 ) (-2048 -2048 188 ) (-2048 -1024 188 ) (-2048 -1024 -2048 ) 
4 240 241 (-2048 -1024 -2048 ) (-2048 -1024 2560 ) (-2496 -1024 2560 ) (-2496 -1024 -2048 ) 
4 241 263 (-2048 -2048 -2048 ) (-2048 -2048 2560 ) (-2496 -2048 2560 ) (-2496 -2048 -2048 ) 
4 242 249 (-32 -2104 1177.599976 ) (-32 -2104 2560 ) (-32 -2048 2560 ) (-32 -2048 1177.599976 ) 
4 242 245 (-32 -2104 2560 ) (-32 -2104 1177.599976 ) (0 -2104 1203.199951 ) (0 -2104 2560 ) 
4 243 246 (-32 -2104 1152 ) (-32 -2104 1008 ) (0 -2104 1008 ) (0 -2104 1152 ) 
4 244 247 (-32 -2104 992 ) (-32 -2104 896 ) (0 -2104 896 ) (0 -2104 960 ) 
4 245 249 (-32 -2144 1177.599976 ) (-32 -2144 2560 ) (-32 -2104 2560 ) (-32 -2104 1177.599976 ) 
4 245 248 (-32 -2144 2560 ) (-32 -2144 1177.599976 ) (0 -2144 1203.199951 ) (0 -2144 2560 ) 
4 248 259 (0 -2176 1203.199951 ) (0 -2176 2560 ) (-32 -2176 2560 ) (-32 -2176 1177.599976 ) 
4 248 249 (-32 -2176 1177.599976 ) (-32 -2176 2560 ) (-32 -2144 2560 ) (-32 -2144 1177.599976 ) 
5 249 259 (-512 -2176 1152 ) (-64 -2176 1152 ) (-32 -2176 1177.599976 ) (-32 -2176 2560 ) (-512 -2176 2560 ) 
4 249 252 (-64 -2176 1152 ) (-512 -2176 1152 ) (-512 -2048 1152 ) (-64 -2048 1152 ) 
4 249 250 (-512 -2048 1152 ) (-512 -2176 1152 ) (-512 -2176 2560 ) (-512 -2048 2560 ) 
4 250 260 (-544 -2176 1152 ) (-512 -2176 1152 ) (-512 -2176 2560 ) (-544 -2176 2560 ) 
4 250 253 (-512 -2176 1152 ) (-544 -2176 1152 ) (-544 -2048 1152 ) (-512 -2048 1152 ) 
4 250 251 (-544 -2048 1152 ) (-544 -2176 1152 ) (-544 -2176 2560 ) (-544 -2048 2560 ) 
4 251 262 (-1024 -2048 2560 ) (-1024 -2048 1152 ) (-1024 -2176 1152 ) (-1024 -2176 2560 ) 
4 251 261 (-1024 -2176 2560 ) (-1024 -2176 1152 ) (-544 -2176 1152 ) (-544 -2176 2560 ) 
4 251 254 (-544 -2176 1152 ) (-1024 -2176 1152 ) (-1024 -2048 1152 ) (-544 -2048 1152 ) 
4 252 259 (-512 -2176 896 ) (-64 -2176 896 ) (-64 -2176 1152 ) (-512 -2176 1152 ) 
4 252 256 (-64 -2176 896 ) (-512 -2176 896 ) (-512 -2048 896 ) (-64 -2048 896 ) 
4 252 253 (-512 -2048 896 ) (-512 -2176 896 ) (-512 -2176 1152 ) (-512 -2048 1152 ) 
4 253 260 (-544 -2176 896 ) (-512 -2176 896 ) (-512 -2176 1152 ) (-544 -2176 1152 ) 
4 253 257 (-512 -2176 896 ) (-544 -2176 896 ) (-544 -2048 896 ) (-512 -2048 896 ) 
4 253 254 (-544 -2048 896 ) (-544 -2176 896 ) (-544 -2176 1152 ) (-544 -2048 1152 ) 
4 254 262 (-1024 -2048 1152 ) (-1024 -2048 896 ) (-1024 -2176 896 ) (-1024 -2176 1152 ) 
4 254 261 (-1024 -2176 1152 ) (-1024 -2176 896 ) (-544 -2176 896 ) (-544 -2176 1152 ) 
4 254 258 (-544 -2176 896 ) (-1024 -2176 896 ) (-1024 -2048 896 ) (-544 -2048 896 ) 
4 255 259 (0 -2176 -2048 ) (0 -2176 832 ) (-64 -2176 832 ) (-64 -2176 -2048 ) 
4 255 256 (-64 -2048 -2048 ) (-64 -2176 -2048 ) (-64 -2176 832 ) (-64 -2048 832 ) 
4 256 259 (-64 -2176 896 ) (-512 -2176 896 ) (-512 -2176 -2048 ) (-64 -2176 -2048 ) 
4 256 257 (-512 -2048 -2048 ) (-512 -2176 -2048 ) (-512 -2176 896 ) (-512 -2048 896 ) 
4 257 260 (-512 -2176 896 ) (-544 -2176 896 ) (-544 -2176 -2048 ) (-512 -2176 -2048 ) 
4 257 258 (-544 -2048 -2048 ) (-544 -2176 -2048 ) (-544 -2176 896 ) (-544 -2048 896 ) 
4 258 262 (-1024 -2048 896 ) (-1024 -2048 -2048 ) (-1024 -2176 -2048 ) (-1024 -2176 896 ) 
4 258 261 (-544 -2176 896 ) (-1024 -2176 896 ) (-1024 -2176 -2048 ) (-544 -2176 -2048 ) 
4 259 260 (-512 -2176 -2048 ) (-512 -3008 -2048 ) (-512 -3008 2560 ) (-512 -2176 2560 ) 
4 260 261 (-544 -2176 -2048 ) (-544 -3008 -2048 ) (-544 -3008 2560 ) (-544 -2176 2560 ) 
4 261 262 (-1024 -3008 2560 ) (-1024 -2176 2560 ) (-1024 -2176 -2048 ) (-1024 -3008 -2048 ) 
4 262 263 (-2048 -2048 2560 ) (-2048 -2048 -2048 ) (-2048 -3008 -2048 ) (-2048 -3008 2560 ) 
