PRT1
17
24
4 1 3 (2016 1024 8190.240234 ) (1024 1024 8190.240234 ) (1024 1024 0.758028 ) (2016 1024 0.758028 ) 
4 1 2 (1024 2016 0.758028 ) (1024 1024 0.758028 ) (1024 1024 8190.240234 ) (1024 2016 8190.240234 ) 
4 2 9 (0 1024 0.758028 ) (0 1024 8190.240234 ) (0 2016 8190.240234 ) (0 2016 0.758028 ) 
4 2 4 (0 1024 8190.240234 ) (0 1024 0.758028 ) (1024 1024 0.758028 ) (1024 1024 8190.240234 ) 
4 3 5 (2016 0 8190.240234 ) (1024 0 8190.240234 ) (1024 0 0.758028 ) (2016 0 0.758028 ) 
4 3 4 (1024 1024 8190.240234 ) (1024 1024 0.758028 ) (1024 0 0.758028 ) (1024 0 8190.240234 ) 
4 4 10 (0 0 0.758028 ) (0 0 8190.240234 ) (0 1024 8190.240234 ) (0 1024 0.758028 ) 
4 4 6 (1024 0 0.758028 ) (1024 0 8190.240234 ) (0 0 8190.240234 ) (0 0 0.758028 ) 
4 5 7 (2016 -1024 8190.240234 ) (1024 -1024 8190.240234 ) (1024 -1024 0.758028 ) (2016 -1024 0.758028 ) 
4 5 6 (1024 -1024 0.758028 ) (1024 -1024 8190.240234 ) (1024 0 8190.240234 ) (1024 0 0.758028 ) 
4 6 13 (0 -1024 0.758028 ) (0 -1024 8190.240234 ) (0 0 8190.240234 ) (0 0 0.758028 ) 
4 6 8 (0 -1024 8190.240234 ) (0 -1024 0.758028 ) (1024 -1024 0.758028 ) (1024 -1024 8190.240234 ) 
4 7 8 (1024 -1024 8190.240234 ) (1024 -1024 0.758028 ) (1024 -2016 0.758028 ) (1024 -2016 8190.240234 ) 
4 8 14 (0 -2016 8190.240234 ) (0 -1024 8190.240234 ) (0 -1024 0.758028 ) (0 -2016 0.758028 ) 
4 9 11 (-1024 1024 0.758028 ) (-1024 1024 8190.240234 ) (-1024 2016 8190.240234 ) (-1024 2016 0.758028 ) 
4 9 10 (0 1024 0.758028 ) (0 1024 8190.240234 ) (-1024 1024 8190.240234 ) (-1024 1024 0.758028 ) 
4 10 13 (0 0 0.758028 ) (0 0 8190.240234 ) (-1024 0 8190.240234 ) (-1024 0 0.758028 ) 
4 10 12 (-1024 0 0.758028 ) (-1024 0 8190.240234 ) (-1024 1024 8190.240234 ) (-1024 1024 0.758028 ) 
4 11 12 (-1024 1024 0.758028 ) (-1024 1024 8190.240234 ) (-2016 1024 8190.240234 ) (-2016 1024 0.758028 ) 
4 12 15 (-1024 0 0.758028 ) (-1024 0 8190.240234 ) (-2016 0 8190.240234 ) (-2016 0 0.758028 ) 
4 13 15 (-1024 0 8190.240234 ) (-1024 0 0.758028 ) (-1024 -1024 0.758028 ) (-1024 -1024 8190.240234 ) 
4 13 14 (0 -1024 0.758028 ) (0 -1024 8190.240234 ) (-1024 -1024 8190.240234 ) (-1024 -1024 0.758028 ) 
4 14 16 (-1024 -2016 8190.240234 ) (-1024 -1024 8190.240234 ) (-1024 -1024 0.758028 ) (-1024 -2016 0.758028 ) 
4 15 16 (-1024 -1024 0.758028 ) (-1024 -1024 8190.240234 ) (-2016 -1024 8190.240234 ) (-2016 -1024 0.758028 ) 
