PRT1
205
603
4 0 4 (6144 4096 0 ) (6144 4096 1792 ) (5120 4096 1792 ) (5120 4096 0 ) 
4 0 2 (5120 4096 0 ) (5120 4096 1792 ) (5120 5120 1792 ) (5120 5120 0 ) 
4 0 1 (5120 5120 0 ) (6144 5120 0 ) (6144 4096 0 ) (5120 4096 0 ) 
4 1 5 (6144 4096 -256 ) (6144 4096 0 ) (5120 4096 0 ) (5120 4096 -256 ) 
4 1 3 (5120 4096 -256 ) (5120 4096 0 ) (5120 5120 0 ) (5120 5120 -256 ) 
4 2 16 (4096 4096 0 ) (4096 4096 1792 ) (4096 5120 1792 ) (4096 5120 0 ) 
4 2 6 (5120 4096 0 ) (5120 4096 1792 ) (4096 4096 1792 ) (4096 4096 0 ) 
4 2 3 (4096 4096 0 ) (4096 5120 0 ) (5120 5120 0 ) (5120 4096 0 ) 
4 3 17 (4096 4096 -256 ) (4096 4096 0 ) (4096 5120 0 ) (4096 5120 -256 ) 
4 3 7 (5120 4096 -256 ) (5120 4096 0 ) (4096 4096 0 ) (4096 4096 -256 ) 
4 4 8 (6144 3072 0 ) (6144 3072 1792 ) (5120 3072 1792 ) (5120 3072 0 ) 
4 4 6 (5120 4096 1792 ) (5120 4096 0 ) (5120 3072 0 ) (5120 3072 1792 ) 
4 4 5 (6144 3072 0 ) (5120 3072 0 ) (5120 4096 0 ) (6144 4096 0 ) 
4 5 9 (6144 3072 -256 ) (6144 3072 0 ) (5120 3072 0 ) (5120 3072 -256 ) 
4 5 7 (5120 4096 0 ) (5120 4096 -256 ) (5120 3072 -256 ) (5120 3072 0 ) 
4 6 24 (4096 3072 0 ) (4096 3072 1792 ) (4096 4096 1792 ) (4096 4096 0 ) 
4 6 10 (5120 3072 0 ) (5120 3072 1792 ) (4096 3072 1792 ) (4096 3072 0 ) 
4 6 7 (5120 4096 0 ) (5120 3072 0 ) (4096 3072 0 ) (4096 4096 0 ) 
4 7 25 (4096 3072 -256 ) (4096 3072 0 ) (4096 4096 0 ) (4096 4096 -256 ) 
4 7 11 (5120 3072 -256 ) (5120 3072 0 ) (4096 3072 0 ) (4096 3072 -256 ) 
4 8 12 (6144 2048 0 ) (6144 2048 1792 ) (5120 2048 1792 ) (5120 2048 0 ) 
4 8 10 (5120 2048 0 ) (5120 2048 1792 ) (5120 3072 1792 ) (5120 3072 0 ) 
4 8 9 (6144 2048 0 ) (5120 2048 0 ) (5120 3072 0 ) (6144 3072 0 ) 
4 9 13 (6144 2048 -256 ) (6144 2048 0 ) (5120 2048 0 ) (5120 2048 -256 ) 
4 9 11 (5120 2048 -256 ) (5120 2048 0 ) (5120 3072 0 ) (5120 3072 -256 ) 
4 10 28 (4096 2048 0 ) (4096 2048 1792 ) (4096 3072 1792 ) (4096 3072 0 ) 
4 10 14 (4096 2048 1792 ) (4096 2048 0 ) (5120 2048 0 ) (5120 2048 1792 ) 
4 10 11 (4096 3072 0 ) (5120 3072 0 ) (5120 2048 0 ) (4096 2048 0 ) 
4 11 29 (4096 2048 -256 ) (4096 2048 0 ) (4096 3072 0 ) (4096 3072 -256 ) 
4 11 15 (4096 2048 0 ) (4096 2048 -256 ) (5120 2048 -256 ) (5120 2048 0 ) 
4 12 105 (6144 1024 0 ) (6144 1024 1792 ) (5120 1024 1792 ) (5120 1024 0 ) 
4 12 14 (5120 2048 1792 ) (5120 2048 0 ) (5120 1024 0 ) (5120 1024 1792 ) 
4 12 13 (5120 2048 0 ) (6144 2048 0 ) (6144 1024 0 ) (5120 1024 0 ) 
4 13 106 (6144 1024 -256 ) (6144 1024 0 ) (5120 1024 0 ) (5120 1024 -256 ) 
4 13 15 (5120 2048 0 ) (5120 2048 -256 ) (5120 1024 -256 ) (5120 1024 0 ) 
4 14 107 (5120 1024 0 ) (5120 1024 1792 ) (4096 1024 1792 ) (4096 1024 0 ) 
4 14 32 (4096 1024 0 ) (4096 1024 1792 ) (4096 2048 1792 ) (4096 2048 0 ) 
4 14 15 (4096 1024 0 ) (4096 2048 0 ) (5120 2048 0 ) (5120 1024 0 ) 
4 15 108 (5120 1024 -256 ) (5120 1024 0 ) (4096 1024 0 ) (4096 1024 -256 ) 
4 15 33 (4096 1024 -256 ) (4096 1024 0 ) (4096 2048 0 ) (4096 2048 -256 ) 
4 16 24 (4096 4096 0 ) (4096 4096 1792 ) (3072 4096 1792 ) (3072 4096 0 ) 
4 16 18 (3072 4096 0 ) (3072 4096 1792 ) (3072 5120 1792 ) (3072 5120 0 ) 
4 16 17 (3072 5120 0 ) (4096 5120 0 ) (4096 4096 0 ) (3072 4096 0 ) 
4 17 25 (4096 4096 -256 ) (4096 4096 0 ) (3072 4096 0 ) (3072 4096 -256 ) 
4 17 19 (3072 4096 -256 ) (3072 4096 0 ) (3072 5120 0 ) (3072 5120 -256 ) 
4 18 26 (3072 4096 0 ) (3072 4096 1792 ) (2048 4096 1792 ) (2048 4096 0 ) 
4 18 20 (2048 4096 0 ) (2048 4096 1792 ) (2048 5120 1792 ) (2048 5120 0 ) 
4 18 19 (2048 4096 0 ) (2048 5120 0 ) (3072 5120 0 ) (3072 4096 0 ) 
4 19 27 (3072 4096 -256 ) (3072 4096 0 ) (2048 4096 0 ) (2048 4096 -256 ) 
4 19 21 (2048 4096 -256 ) (2048 4096 0 ) (2048 5120 0 ) (2048 5120 -256 ) 
4 20 68 (2048 4096 0 ) (2048 4096 1792 ) (1024 4096 1792 ) (1024 4096 0 ) 
4 20 22 (1024 4096 0 ) (1024 4096 1792 ) (1024 5120 1792 ) (1024 5120 0 ) 
4 20 21 (2048 4096 0 ) (1024 4096 0 ) (1024 5120 0 ) (2048 5120 0 ) 
4 21 69 (2048 4096 -256 ) (2048 4096 0 ) (1024 4096 0 ) (1024 4096 -256 ) 
4 21 23 (1024 4096 -256 ) (1024 4096 0 ) (1024 5120 0 ) (1024 5120 -256 ) 
4 22 172 (0 4096 0 ) (0 4096 1792 ) (0 5120 1792 ) (0 5120 0 ) 
4 22 70 (1024 4096 0 ) (1024 4096 1792 ) (0 4096 1792 ) (0 4096 0 ) 
4 22 23 (0 4096 0 ) (0 5120 0 ) (1024 5120 0 ) (1024 4096 0 ) 
4 23 173 (0 4096 -256 ) (0 4096 0 ) (0 5120 0 ) (0 5120 -256 ) 
4 23 71 (1024 4096 -256 ) (1024 4096 0 ) (0 4096 0 ) (0 4096 -256 ) 
4 24 28 (4096 3072 0 ) (4096 3072 1792 ) (3072 3072 1792 ) (3072 3072 0 ) 
4 24 26 (3072 4096 1792 ) (3072 4096 0 ) (3072 3072 0 ) (3072 3072 1792 ) 
4 24 25 (4096 3072 0 ) (3072 3072 0 ) (3072 4096 0 ) (4096 4096 0 ) 
4 25 29 (4096 3072 -256 ) (4096 3072 0 ) (3072 3072 0 ) (3072 3072 -256 ) 
4 25 27 (3072 4096 0 ) (3072 4096 -256 ) (3072 3072 -256 ) (3072 3072 0 ) 
4 26 68 (2048 4096 1792 ) (2048 4096 0 ) (2048 3072 0 ) (2048 3072 1792 ) 
4 26 30 (3072 3072 0 ) (3072 3072 1792 ) (2048 3072 1792 ) (2048 3072 0 ) 
4 26 27 (2048 4096 0 ) (3072 4096 0 ) (3072 3072 0 ) (2048 3072 0 ) 
4 27 69 (2048 4096 0 ) (2048 4096 -256 ) (2048 3072 -256 ) (2048 3072 0 ) 
4 27 31 (3072 3072 -256 ) (3072 3072 0 ) (2048 3072 0 ) (2048 3072 -256 ) 
4 28 32 (4096 2048 0 ) (4096 2048 1792 ) (3072 2048 1792 ) (3072 2048 0 ) 
4 28 30 (3072 2048 0 ) (3072 2048 1792 ) (3072 3072 1792 ) (3072 3072 0 ) 
4 28 29 (4096 2048 0 ) (3072 2048 0 ) (3072 3072 0 ) (4096 3072 0 ) 
4 29 33 (4096 2048 -256 ) (4096 2048 0 ) (3072 2048 0 ) (3072 2048 -256 ) 
4 29 31 (3072 2048 -256 ) (3072 2048 0 ) (3072 3072 0 ) (3072 3072 -256 ) 
4 30 72 (2048 2048 0 ) (2048 2048 1792 ) (2048 3072 1792 ) (2048 3072 0 ) 
4 30 55 (2048 2048 88 ) (2048 2048 0 ) (2304 2048 0 ) (2304 2048 88 ) 
4 30 52 (2304 2048 0 ) (2307 2048 0 ) (2307 2048 88 ) (2304 2048 88 ) 
4 30 51 (2307 2048 0 ) (2560 2048 0 ) (2560 2048 88 ) (2307 2048 88 ) 
4 30 50 (2560 2048 0 ) (2908 2048 0 ) (2908 2048 88 ) (2560 2048 88 ) 
4 30 45 (2048 2048 1792 ) (2048 2048 88 ) (2908 2048 88 ) (2908 2048 1792 ) 
4 30 44 (2908 2048 0 ) (2916 2048 0 ) (2916 2048 88 ) (2908 2048 88 ) 
4 30 37 (2916 2048 88 ) (2916 2048 1792 ) (2908 2048 1792 ) (2908 2048 88 ) 
4 30 36 (2916 2048 0 ) (3008 2048 0 ) (3008 2048 88 ) (2916 2048 88 ) 
4 30 35 (3008 2048 0 ) (3072 2048 0 ) (3072 2048 88 ) (3008 2048 88 ) 
4 30 34 (3072 2048 88 ) (3072 2048 1792 ) (2916 2048 1792 ) (2916 2048 88 ) 
4 30 31 (2048 3072 0 ) (3072 3072 0 ) (3072 2048 0 ) (2048 2048 0 ) 
4 31 73 (2048 2048 -256 ) (2048 2048 0 ) (2048 3072 0 ) (2048 3072 -256 ) 
4 31 65 (2048 2048 0 ) (2048 2048 -256 ) (2304 2048 -256 ) (2304 2048 0 ) 
4 31 63 (2304 2048 -256 ) (2307 2048 -256 ) (2307 2048 0 ) (2304 2048 0 ) 
4 31 62 (2307 2048 -256 ) (2560 2048 -256 ) (2560 2048 0 ) (2307 2048 0 ) 
4 31 61 (2560 2048 -256 ) (3008 2048 -256 ) (3008 2048 0 ) (2560 2048 0 ) 
4 31 60 (3008 2048 -256 ) (3072 2048 -256 ) (3072 2048 0 ) (3008 2048 0 ) 
4 32 121 (4096 1024 0 ) (4096 1024 1792 ) (3072 1024 1792 ) (3072 1024 0 ) 
4 32 35 (3072 2048 88 ) (3072 2048 0 ) (3072 1024 0 ) (3072 1024 88 ) 
4 32 34 (3072 2048 1792 ) (3072 2048 88 ) (3072 1024 88 ) (3072 1024 1792 ) 
4 32 33 (4096 1024 0 ) (3072 1024 0 ) (3072 2048 0 ) (4096 2048 0 ) 
4 33 122 (4096 1024 -256 ) (4096 1024 0 ) (3072 1024 0 ) (3072 1024 -256 ) 
4 33 60 (3072 2048 0 ) (3072 2048 -256 ) (3072 1024 -256 ) (3072 1024 0 ) 
4 34 40 (3008 1024 248 ) (2916 1024 248 ) (2916 1024 88 ) (3008 1024 88 ) 
4 34 125 (3072 1024 88 ) (3072 1024 248 ) (3008 1024 248 ) (3008 1024 88 ) 
5 34 40 (3072 1024 248 ) (3072 1024 562.971375 ) (2916 1024 447.085693 ) (2916 1024 256.914032 ) (2928 1024 248 ) 
4 34 123 (3072 1024 562.971375 ) (3072 1024 1792 ) (2916 1024 1792 ) (2916 1024 447.085693 ) 
4 34 43 (2916 1024 248 ) (2916 1024 1792 ) (2916 1032 1792 ) (2916 1032 248 ) 
4 34 42 (2916 1032 1792 ) (2916 1088 1792 ) (2916 1088 248 ) (2916 1032 248 ) 
4 34 40 (2916 1088 204 ) (2916 1088 92 ) (2916 1032 92 ) (2916 1032 204 ) 
4 34 41 (2916 1088 1792 ) (2916 1174 1792 ) (2916 1174 248 ) (2916 1088 248 ) 
4 34 39 (2916 1174 248 ) (2916 1174 1792 ) (2916 1200 1792 ) (2916 1200 248 ) 
4 34 40 (2916 1174 160 ) (2916 1174 208 ) (2916 1200 208 ) (2916 1200 160 ) 
4 34 38 (2916 1200 1792 ) (2916 1264 1792 ) (2916 1264 248 ) (2916 1200 248 ) 
4 34 37 (2916 2048 1792 ) (2916 2048 88 ) (2916 1264 88 ) (2916 1264 1792 ) 
4 34 36 (2916 1280 88 ) (2916 2048 88 ) (3008 2048 88 ) (3008 1280 88 ) 
4 34 35 (3008 2048 88 ) (3072 2048 88 ) (3072 1024 88 ) (3008 1024 88 ) 
4 35 125 (3072 1024 0 ) (3072 1024 88 ) (3008 1024 88 ) (3008 1024 0 ) 
4 35 60 (3008 2048 0 ) (3072 2048 0 ) (3072 1024 0 ) (3008 1024 0 ) 
4 35 36 (3008 2048 0 ) (3008 1280 0 ) (3008 1280 88 ) (3008 2048 88 ) 
4 36 61 (2916 2048 0 ) (3008 2048 0 ) (3008 1280 0 ) (2916 1280 0 ) 
4 36 44 (2916 2048 88 ) (2916 2048 0 ) (2916 1280 0 ) (2916 1280 88 ) 
4 37 45 (2908 2048 1792 ) (2908 2048 88 ) (2908 1264 88 ) (2908 1264 1792 ) 
4 37 44 (2908 1280 88 ) (2908 2048 88 ) (2916 2048 88 ) (2916 1280 88 ) 
4 37 38 (2908 1264 1792 ) (2908 1264 250.666504 ) (2916 1264 248 ) (2916 1264 1792 ) 
4 38 47 (2908 1256 250.666519 ) (2908 1200 250.666595 ) (2908 1200 1792 ) (2908 1256 1792 ) 
4 38 46 (2908 1264 1792 ) (2908 1264 250.666504 ) (2908 1256 250.666519 ) (2908 1256 1792 ) 
4 38 39 (2908 1200 1792 ) (2908 1200 250.666504 ) (2916 1200 248 ) (2916 1200 1792 ) 
4 39 47 (2908 1200 1792 ) (2908 1200 250.666504 ) (2908 1174 250.666550 ) (2908 1174 1792 ) 
4 39 41 (2908 1174 1792 ) (2908 1174 250.666504 ) (2916 1174 248 ) (2916 1174 1792 ) 
4 40 48 (2732 1264 309.333252 ) (2732 1264 250.666641 ) (2732 1256 250.666672 ) (2732 1256 309.333313 ) 
4 40 48 (2732 1024 250.666672 ) (2732 1024 309.333313 ) (2732 1256 309.333252 ) (2732 1256 250.666641 ) 
4 40 134 (2668 608 248 ) (2660 608 248 ) (2660 624 248 ) (2668 624 248 ) 
4 40 131 (2908 608 248 ) (2668 608 248 ) (2668 624 248 ) (2908 624 248 ) 
4 40 127 (2916.010986 624 248 ) (2916.010742 608 248 ) (2908 608 248 ) (2908 624 248 ) 
3 40 124 (2660 608 248 ) (2916.010742 608 248 ) (2788.005371 608 344.006042 ) 
4 40 125 (3008 1024 248 ) (3072 1024 248 ) (3072 608 248 ) (3008 608 248 ) 
4 40 124 (2928 608 248 ) (3072 608 248 ) (3072 608 562.971375 ) (2787.998047 608 351.998566 ) 
4 40 129 (2916 576 88 ) (2916 576 168 ) (2916 624 168 ) (2916 624 88 ) 
4 40 128 (2916 576 168 ) (2916 576 216 ) (2916 624 216 ) (2916 624 168 ) 
4 40 127 (2916 576 216 ) (2916 576 248 ) (2916 624 248 ) (2916 624 216 ) 
4 40 126 (2916 576 248 ) (2916 576 88 ) (3008 576 88 ) (3008 576 248 ) 
4 40 152 (2048 1024 248 ) (2048 1024 88 ) (2048 1008 88 ) (2048 1008 248 ) 
4 40 136 (2144 1024 88 ) (2560 1024 88 ) (2560 1008 88 ) (2144 1008 88 ) 
4 40 138 (2048 1008 88 ) (2048 1024 88 ) (2144 1024 88 ) (2144 1008 88 ) 
4 40 152 (2048 1008 88 ) (2048 944 88 ) (2048 944 248 ) (2048 1008 248 ) 
4 40 136 (2144 1008 88 ) (2560 1008 88 ) (2560 960 88 ) (2144 960 88 ) 
4 40 137 (2560 960 88 ) (2560 944 88 ) (2144 944 88 ) (2144 960 88 ) 
4 40 138 (2048 944 88 ) (2048 1008 88 ) (2144 1008 88 ) (2144 944 88 ) 
4 40 152 (2048 888 92 ) (2048 888 248 ) (2048 944 248 ) (2048 944 92 ) 
4 40 152 (2048 944 88 ) (2048 888 88 ) (2048 888 92 ) (2048 944 92 ) 
4 40 137 (2144 944 88 ) (2560 944 88 ) (2560 888 88 ) (2144 888 88 ) 
4 40 138 (2048 888 88 ) (2048 944 88 ) (2144 944 88 ) (2144 888 88 ) 
4 40 152 (2048 888 88 ) (2048 624 88 ) (2048 624 248 ) (2048 888 248 ) 
4 40 137 (2144 888 88 ) (2560 888 88 ) (2560 624 88 ) (2144 624 88 ) 
4 40 138 (2048 624 88 ) (2048 888 88 ) (2144 888 88 ) (2144 624 88 ) 
4 40 134 (2048 624 88 ) (2660 624 88 ) (2660 624 248 ) (2048 624 248 ) 
4 41 47 (2908 1174 1792 ) (2908 1174 250.666504 ) (2908 1088 250.666595 ) (2908 1088 1792 ) 
4 41 42 (2908 1088 1792 ) (2908 1088 250.666504 ) (2916 1088 248 ) (2916 1088 1792 ) 
4 42 47 (2908 1088 1792 ) (2908 1088 250.666626 ) (2908 1032 250.666626 ) (2908 1032 1792 ) 
4 42 43 (2908 1032 1792 ) (2908 1032 250.666626 ) (2916 1032 248 ) (2916 1032 1792 ) 
4 43 40 (2908 1024 441.142822 ) (2908 1024 262.856720 ) (2916 1024 256.914032 ) (2916 1024 447.085663 ) 
4 43 40 (2908 1024 254.015213 ) (2908 1024 250.666504 ) (2916 1024 248 ) (2916 1024 248.015213 ) 
4 43 123 (2908 1024 1792 ) (2908 1024 441.142822 ) (2916 1024 447.085663 ) (2916 1024 1792 ) 
4 43 47 (2908 1024 250.666595 ) (2908 1024 1792 ) (2908 1032 1792 ) (2908 1032 250.666504 ) 
4 44 61 (2908 2048 0 ) (2916 2048 0 ) (2916 1280 0 ) (2908 1280 0 ) 
4 44 50 (2908 2048 0 ) (2908 1280 0 ) (2908 1280 88 ) (2908 2048 88 ) 
4 45 82 (2048 1536 88 ) (2048 1472 88 ) (2048 1472 160 ) (2048 1536 160 ) 
4 45 81 (2048 2048 160 ) (2048 2048 88 ) (2048 1536 88 ) (2048 1536 160 ) 
4 45 86 (2048 1472 88 ) (2048 1264 88 ) (2048 1264 160 ) (2048 1472 160 ) 
4 45 78 (2048 1536 160 ) (2048 1472 160 ) (2048 1472 176 ) (2048 1536 176 ) 
4 45 77 (2048 2048 176 ) (2048 2048 160 ) (2048 1536 160 ) (2048 1536 176 ) 
4 45 79 (2048 1472 160 ) (2048 1264 160 ) (2048 1264 176 ) (2048 1472 176 ) 
4 45 76 (2048 2048 1792 ) (2048 2048 176 ) (2048 1264 176 ) (2048 1264 1792 ) 
4 45 58 (2208 1264 88 ) (2144 1264 88 ) (2144 1536 88 ) (2208 1536 88 ) 
4 45 57 (2304 1536 88 ) (2304 1264 88 ) (2208 1264 88 ) (2208 1536 88 ) 
4 45 59 (2144 1264 88 ) (2048 1264 88 ) (2048 1536 88 ) (2144 1536 88 ) 
4 45 56 (2304 1792 88 ) (2304 1536 88 ) (2048 1536 88 ) (2048 1792 88 ) 
4 45 55 (2048 2048 88 ) (2304 2048 88 ) (2304 1792 88 ) (2048 1792 88 ) 
4 45 53 (2307 1768 88 ) (2307 1760 88 ) (2304 1760 88 ) (2304 1768 88 ) 
4 45 52 (2304 2048 88 ) (2307 2048 88 ) (2307 1768 88 ) (2304 1768 88 ) 
4 45 54 (2307 1760 88 ) (2307 1264 88 ) (2304 1264 88 ) (2304 1760 88 ) 
4 45 51 (2307 2048 88 ) (2560 2048 88 ) (2560 1264 88 ) (2307 1264 88 ) 
4 45 50 (2560 2048 88 ) (2908 2048 88 ) (2908 1280 88 ) (2560 1280 88 ) 
4 45 48 (2732 1264 250.666672 ) (2732 1264 1792 ) (2724 1264 1792 ) (2724 1264 248 ) 
4 45 49 (2048 1264 1792 ) (2048 1264 88 ) (2724 1264 88 ) (2724 1264 1792 ) 
3 45 40 (2820 1264 280 ) (2732 1264 309.333252 ) (2732 1264 250.666641 ) 
4 45 46 (2908 1264 250.666595 ) (2908 1264 1792 ) (2732 1264 1792 ) (2732 1264 309.333252 ) 
4 46 48 (2732 1264 1792 ) (2732 1264 309.333252 ) (2732 1256 309.333313 ) (2732 1256 1792 ) 
4 46 47 (2908 1256 250.666595 ) (2908 1256 1792 ) (2732 1256 1792 ) (2732 1256 309.333252 ) 
4 46 40 (2820.001953 1256 280 ) (2732 1256 309.334625 ) (2732 1264 309.334625 ) (2820.001953 1264 280 ) 
3 47 40 (2908 1024 262.856659 ) (2908 1024 441.142761 ) (2787.998047 1024 351.998535 ) 
4 47 40 (2738.768066 1024 307.077271 ) (2908 1024 250.666595 ) (2908 1024 254.015320 ) (2788.010010 1024 344.009552 ) 
4 47 123 (2732 1024 1792 ) (2732 1024 310.400024 ) (2908 1024 441.142761 ) (2908 1024 1792 ) 
4 47 48 (2732 1024 309.333313 ) (2732 1024 1792 ) (2732 1256 1792 ) (2732 1256 309.333252 ) 
4 47 40 (2732 1024 309.333130 ) (2732 1256 309.333130 ) (2820 1256 280 ) (2820 1024 280 ) 
4 48 40 (2732 1024 250.666672 ) (2732 1024 302.001190 ) (2724 1024 296.001099 ) (2724 1024 248 ) 
4 48 123 (2732 1024 310.399994 ) (2732 1024 1792 ) (2724 1024 1792 ) (2724 1024 304.457153 ) 
4 48 49 (2724 1024 1792 ) (2724 1264 1792 ) (2724 1264 248 ) (2724 1024 248 ) 
4 49 40 (2048 1024 248 ) (2048 1024 88 ) (2668 1024 88 ) (2668 1024 248 ) 
4 49 40 (2668 1024 88 ) (2724 1024 88 ) (2724 1024 248 ) (2668 1024 248 ) 
3 49 40 (2660 1024 248 ) (2724 1024 248 ) (2724 1024 296.001038 ) 
5 49 123 (2048 1024 1792 ) (2048 1024 248 ) (2648 1024 248 ) (2724 1024 304.457062 ) (2724 1024 1792 ) 
4 49 86 (2048 1024 88 ) (2048 1024 160 ) (2048 1264 160 ) (2048 1264 88 ) 
4 49 79 (2048 1024 160 ) (2048 1024 176 ) (2048 1264 176 ) (2048 1264 160 ) 
4 49 76 (2048 1024 176 ) (2048 1024 1792 ) (2048 1264 1792 ) (2048 1264 176 ) 
4 49 58 (2208 1024 88 ) (2144 1024 88 ) (2144 1264 88 ) (2208 1264 88 ) 
4 49 57 (2304 1024 88 ) (2208 1024 88 ) (2208 1264 88 ) (2304 1264 88 ) 
4 49 59 (2144 1024 88 ) (2048 1024 88 ) (2048 1264 88 ) (2144 1264 88 ) 
4 49 54 (2307 1024 88 ) (2304 1024 88 ) (2304 1264 88 ) (2307 1264 88 ) 
4 49 51 (2560 1024 88 ) (2307 1024 88 ) (2307 1264 88 ) (2560 1264 88 ) 
4 50 61 (2560 2048 0 ) (2908 2048 0 ) (2908 1280 0 ) (2560 1280 0 ) 
4 50 51 (2560 2048 0 ) (2560 1280 0 ) (2560 1280 88 ) (2560 2048 88 ) 
3 51 136 (2560 1024 88 ) (2307 1024 88 ) (2307 1024 73.403641 ) 
4 51 62 (2307 2048 0 ) (2560 2048 0 ) (2560 1024 0 ) (2307 1024 0 ) 
4 51 53 (2307 1760 77 ) (2307 1760 88 ) (2307 1768 88 ) (2307 1768 77 ) 
4 51 52 (2307 2048 0 ) (2307 1768 0 ) (2307 1768 88 ) (2307 2048 88 ) 
4 51 54 (2307 1760 0 ) (2307 1024 0 ) (2307 1024 88 ) (2307 1760 88 ) 
4 52 63 (2304 2048 0 ) (2307 2048 0 ) (2307 1768 0 ) (2304 1768 0 ) 
4 52 56 (2304 1768 64 ) (2304 1768 88 ) (2304 1792 88 ) (2304 1792 64 ) 
4 52 55 (2304 2048 0 ) (2304 1792 0 ) (2304 1792 88 ) (2304 2048 88 ) 
4 52 53 (2304 1768 88 ) (2304 1768 77 ) (2307 1768 77 ) (2307 1768 88 ) 
4 53 56 (2304 1760 77 ) (2304 1760 88 ) (2304 1768 88 ) (2304 1768 77 ) 
4 53 54 (2304 1760 88 ) (2304 1760 77 ) (2307 1760 77 ) (2307 1760 88 ) 
4 54 136 (2307 1024 73.403641 ) (2307 1024 88 ) (2304 1024 88 ) (2304 1024 73.230576 ) 
4 54 64 (2307 1760 0 ) (2307 1024 0 ) (2304 1024 0 ) (2304 1760 0 ) 
4 54 57 (2304 1536 0 ) (2304 1024 0 ) (2304 1024 88 ) (2304 1536 88 ) 
4 54 56 (2304 1536 64 ) (2304 1536 88 ) (2304 1760 88 ) (2304 1760 64 ) 
4 55 87 (2048 2048 64 ) (2048 2048 0 ) (2048 1792 0 ) (2048 1792 64 ) 
4 55 81 (2048 1792 88 ) (2048 2048 88 ) (2048 2048 64 ) (2048 1792 64 ) 
4 55 65 (2048 1792 0 ) (2048 2048 0 ) (2304 2048 0 ) (2304 1792 0 ) 
4 55 56 (2304 1792 64 ) (2304 1792 88 ) (2048 1792 88 ) (2048 1792 64 ) 
4 56 81 (2048 1536 88 ) (2048 1792 88 ) (2048 1792 64 ) (2048 1536 64 ) 
4 56 58 (2208 1536 88 ) (2144 1536 88 ) (2144 1536 64 ) (2208 1536 64 ) 
4 56 57 (2304 1536 64 ) (2304 1536 88 ) (2208 1536 88 ) (2208 1536 64 ) 
4 56 59 (2144 1536 88 ) (2048 1536 88 ) (2048 1536 64 ) (2144 1536 64 ) 
4 57 136 (2304 1024 73.230576 ) (2304 1024 88 ) (2208 1024 88 ) (2208 1024 67.692108 ) 
4 57 66 (2208 1536 0 ) (2304 1536 0 ) (2304 1024 0 ) (2208 1024 0 ) 
4 57 58 (2208 1536 88 ) (2208 1536 64 ) (2208 1024 64 ) (2208 1024 88 ) 
4 58 136 (2208 1024 67.692108 ) (2208 1024 88 ) (2144 1024 88 ) (2144 1024 64 ) 
4 58 59 (2144 1536 88 ) (2144 1536 64 ) (2144 1024 64 ) (2144 1024 88 ) 
4 59 138 (2048 1024 88 ) (2048 1024 0 ) (2144 1024 0 ) (2144 1024 88 ) 
4 59 90 (2048 1024 0 ) (2048 1024 64 ) (2048 1536 64 ) (2048 1536 0 ) 
4 59 82 (2048 1472 88 ) (2048 1536 88 ) (2048 1536 64 ) (2048 1472 64 ) 
4 59 86 (2048 1024 64 ) (2048 1024 88 ) (2048 1472 88 ) (2048 1472 64 ) 
4 59 67 (2048 1024 0 ) (2048 1536 0 ) (2144 1536 0 ) (2144 1024 0 ) 
4 60 139 (3072 1024 -256 ) (3072 1024 0 ) (3008 1024 0 ) (3008 1024 -256 ) 
4 60 61 (3008 2048 -256 ) (3008 1280 -256 ) (3008 1280 0 ) (3008 2048 0 ) 
4 61 62 (2560 2048 -256 ) (2560 1280 -256 ) (2560 1280 0 ) (2560 2048 0 ) 
4 62 141 (2307 1024 -246.596176 ) (2307 1024 -256 ) (2560 1024 -256 ) (2560 1024 -232 ) 
4 62 63 (2307 2048 -256 ) (2307 1768 -256 ) (2307 1768 0 ) (2307 2048 0 ) 
4 62 64 (2307 1760 -256 ) (2307 1024 -256 ) (2307 1024 0 ) (2307 1760 0 ) 
4 63 65 (2304 2048 -256 ) (2304 1792 -256 ) (2304 1792 0 ) (2304 2048 0 ) 
4 64 141 (2304 1024 -246.769226 ) (2304 1024 -256 ) (2307 1024 -256 ) (2307 1024 -246.596176 ) 
4 64 66 (2304 1536 -256 ) (2304 1024 -256 ) (2304 1024 0 ) (2304 1536 0 ) 
4 65 97 (2048 1792 0 ) (2048 2048 0 ) (2048 2048 -256 ) (2048 1792 -256 ) 
4 66 141 (2208 1024 -252.307678 ) (2208 1024 -256 ) (2304 1024 -256 ) (2304 1024 -246.769226 ) 
4 67 143 (2144 1024 0 ) (2048 1024 0 ) (2048 1024 -256 ) (2144 1024 -256 ) 
4 67 99 (2048 1024 -256 ) (2048 1024 0 ) (2048 1536 0 ) (2048 1536 -256 ) 
4 68 72 (2048 3072 0 ) (2048 3072 1792 ) (1024 3072 1792 ) (1024 3072 0 ) 
4 68 70 (1024 4096 1792 ) (1024 4096 0 ) (1024 3072 0 ) (1024 3072 1792 ) 
4 68 69 (2048 3072 0 ) (1024 3072 0 ) (1024 4096 0 ) (2048 4096 0 ) 
4 69 73 (2048 3072 -256 ) (2048 3072 0 ) (1024 3072 0 ) (1024 3072 -256 ) 
4 69 71 (1024 4096 0 ) (1024 4096 -256 ) (1024 3072 -256 ) (1024 3072 0 ) 
4 70 176 (0 3072 0 ) (0 3072 1792 ) (0 4096 1792 ) (0 4096 0 ) 
4 70 74 (1024 3072 0 ) (1024 3072 1792 ) (0 3072 1792 ) (0 3072 0 ) 
4 70 71 (1024 4096 0 ) (1024 3072 0 ) (0 3072 0 ) (0 4096 0 ) 
4 71 177 (0 3072 -256 ) (0 3072 0 ) (0 4096 0 ) (0 4096 -256 ) 
4 71 75 (1024 3072 -256 ) (1024 3072 0 ) (0 3072 0 ) (0 3072 -256 ) 
4 72 91 (1792 2048 64 ) (1024 2048 64 ) (1024 2048 0 ) (1792 2048 0 ) 
4 72 87 (2048 2048 0 ) (2048 2048 64 ) (1792 2048 64 ) (1792 2048 0 ) 
4 72 84 (1576 2048 160 ) (1568 2048 160 ) (1568 2048 64 ) (1576 2048 64 ) 
4 72 85 (1568 2048 160 ) (1024 2048 160 ) (1024 2048 64 ) (1568 2048 64 ) 
4 72 81 (2048 2048 64 ) (2048 2048 160 ) (1576 2048 160 ) (1576 2048 64 ) 
4 72 77 (2048 2048 160 ) (2048 2048 176 ) (1568 2048 176 ) (1568 2048 160 ) 
4 72 80 (1568 2048 176 ) (1024 2048 176 ) (1024 2048 160 ) (1568 2048 160 ) 
4 72 76 (2048 2048 176 ) (2048 2048 1792 ) (1024 2048 1792 ) (1024 2048 176 ) 
4 72 74 (1024 2048 0 ) (1024 2048 1792 ) (1024 3072 1792 ) (1024 3072 0 ) 
4 72 73 (2048 2048 0 ) (1024 2048 0 ) (1024 3072 0 ) (2048 3072 0 ) 
4 73 100 (1792 2048 0 ) (1024 2048 0 ) (1024 2048 -256 ) (1792 2048 -256 ) 
4 73 97 (2048 2048 -256 ) (2048 2048 0 ) (1792 2048 0 ) (1792 2048 -256 ) 
4 73 75 (1024 2048 -256 ) (1024 2048 0 ) (1024 3072 0 ) (1024 3072 -256 ) 
4 74 180 (0 2048 0 ) (0 2048 1792 ) (0 3072 1792 ) (0 3072 0 ) 
4 74 103 (0 2048 1792 ) (0 2048 0 ) (1024 2048 0 ) (1024 2048 1792 ) 
4 74 75 (0 3072 0 ) (1024 3072 0 ) (1024 2048 0 ) (0 2048 0 ) 
4 75 181 (0 2048 -256 ) (0 2048 0 ) (0 3072 0 ) (0 3072 -256 ) 
4 75 104 (0 2048 0 ) (0 2048 -256 ) (1024 2048 -256 ) (1024 2048 0 ) 
4 76 152 (2048 1024 176 ) (2048 1024 1792 ) (1024 1024 1792 ) (1024 1024 176 ) 
4 76 103 (1024 2048 1792 ) (1024 2048 176 ) (1024 1024 176 ) (1024 1024 1792 ) 
4 76 78 (2048 1536 176 ) (2048 1472 176 ) (1634 1472 176 ) (1664 1536 176 ) 
4 76 77 (1568 2048 176 ) (2048 2048 176 ) (2048 1536 176 ) (1568 1536 176 ) 
4 76 79 (2048 1472 176 ) (2048 1024 176 ) (1568 1024 176 ) (1568 1472 176 ) 
4 76 80 (1024 1024 176 ) (1024 2048 176 ) (1568 2048 176 ) (1568 1024 176 ) 
4 77 84 (1568 1536 160 ) (1568 2048 160 ) (1576 2048 160 ) (1576 1536 160 ) 
4 77 81 (1576 2048 160 ) (2048 2048 160 ) (2048 1536 160 ) (1576 1536 160 ) 
4 77 78 (1664 1536 160 ) (2048 1536 160 ) (2048 1536 176 ) (1664 1536 176 ) 
4 77 80 (1568 2048 160 ) (1568 1536 160 ) (1568 1536 176 ) (1568 2048 176 ) 
4 78 82 (1664 1536 160 ) (2048 1536 160 ) (2048 1472 160 ) (1634 1472 160 ) 
4 78 79 (1634 1472 160 ) (2048 1472 160 ) (2048 1472 176 ) (1634 1472 176 ) 
4 79 152 (2048 1024 160 ) (2048 1024 176 ) (1568 1024 176 ) (1568 1024 160 ) 
4 79 86 (2048 1024 160 ) (1568 1024 160 ) (1568 1472 160 ) (2048 1472 160 ) 
4 79 80 (1568 1472 160 ) (1568 1024 160 ) (1568 1024 176 ) (1568 1472 176 ) 
4 80 152 (1568 1024 176 ) (1024 1024 176 ) (1024 1024 160 ) (1568 1024 160 ) 
4 80 103 (1024 2048 176 ) (1024 2048 160 ) (1024 1024 160 ) (1024 1024 176 ) 
4 80 85 (1024 1472 160 ) (1024 2048 160 ) (1568 2048 160 ) (1568 1472 160 ) 
4 80 86 (1568 1024 160 ) (1024 1024 160 ) (1024 1472 160 ) (1568 1472 160 ) 
4 81 91 (1576 2048 64 ) (1792 2048 64 ) (1792 1792 64 ) (1576 1792 64 ) 
4 81 90 (2048 1600 64 ) (2048 1536 64 ) (1792 1536 64 ) (1792 1600 64 ) 
4 81 88 (2048 1696 64 ) (2048 1632 64 ) (1792 1632 64 ) (1792 1696 64 ) 
4 81 87 (1792 2048 64 ) (2048 2048 64 ) (2048 1728 64 ) (1792 1728 64 ) 
4 81 84 (1576 2048 64 ) (1576 1536 64 ) (1576 1536 160 ) (1576 2048 160 ) 
4 81 83 (1576 1536 160 ) (1576 1536 64 ) (1656 1536 64 ) (1656 1536 160 ) 
4 81 82 (1664 1536 64 ) (2048 1536 64 ) (2048 1536 160 ) (1664 1536 160 ) 
4 82 93 (1792 1472 64 ) (1634 1472 64 ) (1664 1536 64 ) (1792 1536 64 ) 
4 82 90 (2048 1536 64 ) (2048 1472 64 ) (1792 1472 64 ) (1792 1536 64 ) 
4 82 86 (1634 1472 64 ) (2048 1472 64 ) (2048 1472 160 ) (1634 1472 160 ) 
4 84 91 (1568 2048 64 ) (1576 2048 64 ) (1576 1792 64 ) (1568 1792 64 ) 
4 84 85 (1568 2048 64 ) (1568 1536 64 ) (1568 1536 160 ) (1568 2048 160 ) 
4 85 103 (1024 2048 160 ) (1024 2048 64 ) (1024 1472 64 ) (1024 1472 160 ) 
4 85 96 (1024 1472 64 ) (1024 1536 64 ) (1568 1536 64 ) (1568 1472 64 ) 
4 85 92 (1024 1536 64 ) (1024 1792 64 ) (1536 1792 64 ) (1536 1536 64 ) 
4 85 91 (1024 1792 64 ) (1024 2048 64 ) (1568 2048 64 ) (1568 1792 64 ) 
4 85 86 (1024 1472 64 ) (1568 1472 64 ) (1568 1472 160 ) (1024 1472 160 ) 
4 86 152 (2048 1024 64 ) (2048 1024 160 ) (1024 1024 160 ) (1024 1024 64 ) 
4 86 103 (1024 1472 64 ) (1024 1024 64 ) (1024 1024 160 ) (1024 1472 160 ) 
4 86 95 (1568 1472 64 ) (1792 1472 64 ) (1792 1024 64 ) (1568 1024 64 ) 
4 86 96 (1024 1024 64 ) (1024 1472 64 ) (1568 1472 64 ) (1568 1024 64 ) 
4 86 90 (1792 1472 64 ) (2048 1472 64 ) (2048 1024 64 ) (1792 1024 64 ) 
4 87 97 (1792 1728 0 ) (1792 2048 0 ) (2048 2048 0 ) (2048 1728 0 ) 
4 87 91 (1792 2048 0 ) (1792 1792 0 ) (1792 1792 64 ) (1792 2048 64 ) 
4 88 89 (2048 1632 63 ) (1792 1632 63 ) (1792 1696 63 ) (2048 1696 63 ) 
4 89 98 (1792 1632 0 ) (1792 1696 0 ) (2048 1696 0 ) (2048 1632 0 ) 
4 90 152 (2048 1024 0 ) (2048 1024 64 ) (1792 1024 64 ) (1792 1024 0 ) 
4 90 99 (2048 1024 0 ) (1792 1024 0 ) (1792 1600 0 ) (2048 1600 0 ) 
4 90 93 (1792 1472 60 ) (1792 1472 64 ) (1792 1536 64 ) (1792 1536 60 ) 
4 90 94 (1792 1536 0 ) (1792 1472 0 ) (1792 1472 60 ) (1792 1536 60 ) 
4 90 95 (1792 1472 0 ) (1792 1024 0 ) (1792 1024 64 ) (1792 1472 64 ) 
4 91 103 (1024 2048 64 ) (1024 2048 0 ) (1024 1792 0 ) (1024 1792 64 ) 
4 91 100 (1024 1792 0 ) (1024 2048 0 ) (1792 2048 0 ) (1792 1792 0 ) 
4 91 92 (1024 1792 0 ) (1536 1792 0 ) (1536 1792 64 ) (1024 1792 64 ) 
4 92 103 (1024 1792 0 ) (1024 1536 0 ) (1024 1536 64 ) (1024 1792 64 ) 
4 92 101 (1024 1536 0 ) (1024 1792 0 ) (1536 1792 0 ) (1536 1536 0 ) 
4 92 96 (1024 1536 0 ) (1536 1536 0 ) (1536 1536 64 ) (1024 1536 64 ) 
4 93 94 (1792 1472 60 ) (1634 1472 60 ) (1664 1536 60 ) (1792 1536 60 ) 
4 93 95 (1634 1472 60 ) (1792 1472 60 ) (1792 1472 64 ) (1634 1472 64 ) 
4 94 102 (1568 1472 0 ) (1568 1536 0 ) (1792 1536 0 ) (1792 1472 0 ) 
4 94 95 (1568 1472 60 ) (1568 1472 0 ) (1792 1472 0 ) (1792 1472 60 ) 
4 94 96 (1568 1536 60 ) (1568 1536 0 ) (1568 1472 0 ) (1568 1472 60 ) 
4 95 152 (1792 1024 64 ) (1568 1024 64 ) (1568 1024 0 ) (1792 1024 0 ) 
4 95 102 (1792 1024 0 ) (1568 1024 0 ) (1568 1472 0 ) (1792 1472 0 ) 
4 95 96 (1568 1472 0 ) (1568 1024 0 ) (1568 1024 64 ) (1568 1472 64 ) 
4 96 152 (1568 1024 64 ) (1024 1024 64 ) (1024 1024 0 ) (1568 1024 0 ) 
4 96 103 (1024 1536 0 ) (1024 1024 0 ) (1024 1024 64 ) (1024 1536 64 ) 
4 96 102 (1568 1024 0 ) (1024 1024 0 ) (1024 1536 0 ) (1568 1536 0 ) 
4 97 100 (1792 2048 -256 ) (1792 1792 -256 ) (1792 1792 0 ) (1792 2048 0 ) 
4 99 153 (2048 1024 -256 ) (2048 1024 0 ) (1792 1024 0 ) (1792 1024 -256 ) 
4 99 102 (1792 1536 -256 ) (1792 1024 -256 ) (1792 1024 0 ) (1792 1536 0 ) 
4 100 104 (1024 2048 0 ) (1024 2048 -256 ) (1024 1792 -256 ) (1024 1792 0 ) 
4 100 101 (1024 1792 -256 ) (1536 1792 -256 ) (1536 1792 0 ) (1024 1792 0 ) 
4 101 104 (1024 1792 -256 ) (1024 1536 -256 ) (1024 1536 0 ) (1024 1792 0 ) 
4 101 102 (1024 1536 -256 ) (1536 1536 -256 ) (1536 1536 0 ) (1024 1536 0 ) 
4 102 153 (1792 1024 0 ) (1024 1024 0 ) (1024 1024 -256 ) (1792 1024 -256 ) 
4 102 104 (1024 1536 -256 ) (1024 1024 -256 ) (1024 1024 0 ) (1024 1536 0 ) 
4 103 184 (0 1024 0 ) (0 1024 1792 ) (0 2048 1792 ) (0 2048 0 ) 
4 103 154 (1024 1024 0 ) (1024 1024 1792 ) (0 1024 1792 ) (0 1024 0 ) 
4 103 104 (0 1024 0 ) (0 2048 0 ) (1024 2048 0 ) (1024 1024 0 ) 
4 104 185 (0 1024 -256 ) (0 1024 0 ) (0 2048 0 ) (0 2048 -256 ) 
4 104 155 (1024 1024 -256 ) (1024 1024 0 ) (0 1024 0 ) (0 1024 -256 ) 
4 105 109 (6144 0 0 ) (6144 0 1792 ) (5120 0 1792 ) (5120 0 0 ) 
4 105 107 (5120 1024 1792 ) (5120 1024 0 ) (5120 0 0 ) (5120 0 1792 ) 
4 105 106 (6144 0 0 ) (5120 0 0 ) (5120 1024 0 ) (6144 1024 0 ) 
4 106 110 (6144 0 -256 ) (6144 0 0 ) (5120 0 0 ) (5120 0 -256 ) 
4 106 108 (5120 1024 0 ) (5120 1024 -256 ) (5120 0 -256 ) (5120 0 0 ) 
4 107 121 (4096 1024 1792 ) (4096 1024 0 ) (4096 0 0 ) (4096 0 1792 ) 
4 107 111 (5120 0 0 ) (5120 0 1792 ) (4096 0 1792 ) (4096 0 0 ) 
4 107 108 (4096 1024 0 ) (5120 1024 0 ) (5120 0 0 ) (4096 0 0 ) 
4 108 122 (4096 1024 0 ) (4096 1024 -256 ) (4096 0 -256 ) (4096 0 0 ) 
4 108 112 (5120 0 -256 ) (5120 0 0 ) (4096 0 0 ) (4096 0 -256 ) 
4 109 113 (6144 -1024 0 ) (6144 -1024 1792 ) (5120 -1024 1792 ) (5120 -1024 0 ) 
4 109 111 (5120 -1024 0 ) (5120 -1024 1792 ) (5120 0 1792 ) (5120 0 0 ) 
4 109 110 (6144 -1024 0 ) (5120 -1024 0 ) (5120 0 0 ) (6144 0 0 ) 
4 110 114 (6144 -1024 -256 ) (6144 -1024 0 ) (5120 -1024 0 ) (5120 -1024 -256 ) 
4 110 112 (5120 -1024 -256 ) (5120 -1024 0 ) (5120 0 0 ) (5120 0 -256 ) 
4 111 144 (4096 -1024 0 ) (4096 -1024 1792 ) (4096 0 1792 ) (4096 0 0 ) 
4 111 115 (4096 -1024 1792 ) (4096 -1024 0 ) (5120 -1024 0 ) (5120 -1024 1792 ) 
4 111 112 (4096 0 0 ) (5120 0 0 ) (5120 -1024 0 ) (4096 -1024 0 ) 
4 112 145 (4096 -1024 -256 ) (4096 -1024 0 ) (4096 0 0 ) (4096 0 -256 ) 
4 112 116 (4096 -1024 0 ) (4096 -1024 -256 ) (5120 -1024 -256 ) (5120 -1024 0 ) 
4 113 117 (6144 -2048 0 ) (6144 -2048 1792 ) (5120 -2048 1792 ) (5120 -2048 0 ) 
4 113 115 (5120 -1024 1792 ) (5120 -1024 0 ) (5120 -2048 0 ) (5120 -2048 1792 ) 
4 113 114 (5120 -1024 0 ) (6144 -1024 0 ) (6144 -2048 0 ) (5120 -2048 0 ) 
4 114 118 (6144 -2048 -256 ) (6144 -2048 0 ) (5120 -2048 0 ) (5120 -2048 -256 ) 
4 114 116 (5120 -1024 0 ) (5120 -1024 -256 ) (5120 -2048 -256 ) (5120 -2048 0 ) 
4 115 148 (4096 -2048 0 ) (4096 -2048 1792 ) (4096 -1024 1792 ) (4096 -1024 0 ) 
4 115 119 (5120 -2048 0 ) (5120 -2048 1792 ) (4096 -2048 1792 ) (4096 -2048 0 ) 
4 115 116 (4096 -2048 0 ) (4096 -1024 0 ) (5120 -1024 0 ) (5120 -2048 0 ) 
4 116 149 (4096 -2048 -256 ) (4096 -2048 0 ) (4096 -1024 0 ) (4096 -1024 -256 ) 
4 116 120 (5120 -2048 -256 ) (5120 -2048 0 ) (4096 -2048 0 ) (4096 -2048 -256 ) 
4 117 119 (5120 -2048 1792 ) (5120 -2048 0 ) (5120 -3072 0 ) (5120 -3072 1792 ) 
4 117 118 (6144 -3072 0 ) (5120 -3072 0 ) (5120 -2048 0 ) (6144 -2048 0 ) 
4 118 120 (5120 -2048 0 ) (5120 -2048 -256 ) (5120 -3072 -256 ) (5120 -3072 0 ) 
4 119 164 (4096 -3072 0 ) (4096 -3072 1792 ) (4096 -2048 1792 ) (4096 -2048 0 ) 
4 119 120 (5120 -2048 0 ) (5120 -3072 0 ) (4096 -3072 0 ) (4096 -2048 0 ) 
4 120 165 (4096 -3072 -256 ) (4096 -3072 0 ) (4096 -2048 0 ) (4096 -2048 -256 ) 
4 121 144 (4096 0 0 ) (4096 0 1792 ) (3072 0 1792 ) (3072 0 0 ) 
4 121 125 (3072 1024 248 ) (3072 1024 0 ) (3072 0 0 ) (3072 0 248 ) 
4 121 40 (3072 1024 562.971436 ) (3072 1024 248 ) (3072 608 248 ) (3072 608 562.971375 ) 
4 121 123 (3072 1024 1792 ) (3072 1024 562.971436 ) (3072 608 562.971375 ) (3072 608 1792 ) 
4 121 124 (3072 608 248 ) (3072 0 248 ) (3072 0 1792 ) (3072 608 1792 ) 
4 121 122 (4096 0 0 ) (3072 0 0 ) (3072 1024 0 ) (4096 1024 0 ) 
4 122 145 (4096 0 -256 ) (4096 0 0 ) (3072 0 0 ) (3072 0 -256 ) 
4 122 139 (3072 1024 0 ) (3072 1024 -256 ) (3072 0 -256 ) (3072 0 0 ) 
4 123 152 (2048 1024 1792 ) (2048 1024 248 ) (2048 608 248 ) (2048 608 1792 ) 
4 123 40 (2048 624 248 ) (2048 888 248 ) (2648 888 248 ) (2648 624 248 ) 
4 123 134 (2048 608 248 ) (2048 624 248 ) (2648 624 248 ) (2648 608 248 ) 
4 123 40 (2048 888 248 ) (2048 944 248 ) (2648 944 248 ) (2648 888 248 ) 
4 123 40 (2048 944 248 ) (2048 1008 248 ) (2648 1008 248 ) (2648 944 248 ) 
4 123 40 (2048 1008 248 ) (2048 1024 248 ) (2648 1024 248 ) (2648 1008 248 ) 
4 123 40 (3072 608 562.972168 ) (2787.997559 608 351.998962 ) (2787.997559 1024 351.998932 ) (3072 1024 562.972168 ) 
5 123 124 (2048 608 248 ) (2648 608 248 ) (3072 608 562.971375 ) (3072 608 1792 ) (2048 608 1792 ) 
4 124 152 (2048 608 248 ) (2048 0 248 ) (2048 0 1792 ) (2048 608 1792 ) 
4 124 146 (3072 0 248 ) (3072 0 1792 ) (2048 0 1792 ) (2048 0 248 ) 
4 124 134 (2668 0 248 ) (2048 0 248 ) (2048 608 248 ) (2668 608 248 ) 
4 124 131 (2908 0 248 ) (2668 0 248 ) (2668 608 248 ) (2908 608 248 ) 
4 124 127 (2916 0 248 ) (2908 0 248 ) (2908 608 248 ) (2916 608 248 ) 
4 124 40 (2916 576 248 ) (2916 608 248 ) (3008 608 248 ) (3008 576 248 ) 
4 124 126 (3008 0 248 ) (2916 0 248 ) (2916 576 248 ) (3008 576 248 ) 
4 124 125 (3072 0 248 ) (3008 0 248 ) (3008 608 248 ) (3072 608 248 ) 
4 125 146 (3072 0 0 ) (3072 0 248 ) (3008 0 248 ) (3008 0 0 ) 
4 125 139 (3008 1024 0 ) (3072 1024 0 ) (3072 0 0 ) (3008 0 0 ) 
4 125 40 (3008 576 88 ) (3008 576 248 ) (3008 1024 248 ) (3008 1024 88 ) 
4 125 126 (3008 576 0 ) (3008 0 0 ) (3008 0 248 ) (3008 576 248 ) 
4 126 146 (3008 0 248 ) (2916 0 248 ) (2916 0 0 ) (3008 0 0 ) 
4 126 140 (3008 576 0 ) (3008 0 0 ) (2916 0 0 ) (2916 576 0 ) 
4 126 130 (2916 576 0 ) (2916 0 0 ) (2916 0 88 ) (2916 576 88 ) 
4 126 129 (2916 0 88 ) (2916 0 168 ) (2916 576 168 ) (2916 576 88 ) 
4 126 128 (2916 0 168 ) (2916 0 216 ) (2916 576 216 ) (2916 576 168 ) 
4 126 127 (2916 0 216 ) (2916 0 248 ) (2916 576 248 ) (2916 576 216 ) 
4 127 146 (2916 0 248 ) (2908 0 248 ) (2908 0 216 ) (2916 0 216 ) 
4 127 131 (2908 0 216 ) (2908 0 248 ) (2908 624 248 ) (2908 624 216 ) 
4 127 128 (2908 0 216 ) (2908 624 216 ) (2916 624 216 ) (2916 0 216 ) 
4 128 146 (2908 0 216 ) (2908 0 168 ) (2916 0 168 ) (2916 0 216 ) 
4 128 131 (2908 0 168 ) (2908 0 216 ) (2908 624 216 ) (2908 624 168 ) 
4 128 129 (2908 0 168 ) (2908 624 168 ) (2916 624 168 ) (2916 0 168 ) 
4 129 146 (2908 0 168 ) (2908 0 88 ) (2916 0 88 ) (2916 0 168 ) 
4 129 132 (2908 0 88 ) (2908 0 92 ) (2908 624 92 ) (2908 624 88 ) 
4 129 131 (2908 0 92 ) (2908 0 168 ) (2908 624 168 ) (2908 624 92 ) 
4 129 130 (2908 0 88 ) (2908 576 88 ) (2916 576 88 ) (2916 0 88 ) 
4 130 146 (2908 0 88 ) (2908 0 0 ) (2916 0 0 ) (2916 0 88 ) 
4 130 140 (2916 576 0 ) (2916 0 0 ) (2908 0 0 ) (2908 576 0 ) 
4 130 133 (2908 576 0 ) (2908 0 0 ) (2908 0 88 ) (2908 576 88 ) 
4 131 146 (2908 0 248 ) (2668 0 248 ) (2668 0 92 ) (2908 0 92 ) 
4 131 134 (2668 0 92 ) (2668 0 248 ) (2668 624 248 ) (2668 624 92 ) 
4 131 132 (2668 0 92 ) (2668 624 92 ) (2908 624 92 ) (2908 0 92 ) 
4 132 146 (2668 0 92 ) (2668 0 88 ) (2908 0 88 ) (2908 0 92 ) 
4 132 134 (2668 0 88 ) (2668 0 92 ) (2668 624 92 ) (2668 624 88 ) 
4 132 133 (2668 0 88 ) (2668 576 88 ) (2908 576 88 ) (2908 0 88 ) 
4 133 146 (2668 0 88 ) (2668 0 0 ) (2908 0 0 ) (2908 0 88 ) 
4 133 140 (2908 576 0 ) (2908 0 0 ) (2668 0 0 ) (2668 576 0 ) 
4 133 135 (2668 576 0 ) (2668 0 0 ) (2668 0 88 ) (2668 576 88 ) 
4 134 152 (2048 624 88 ) (2048 0 88 ) (2048 0 248 ) (2048 624 248 ) 
4 134 146 (2668 0 248 ) (2048 0 248 ) (2048 0 88 ) (2668 0 88 ) 
4 134 137 (2144 624 88 ) (2560 624 88 ) (2560 0 88 ) (2144 0 88 ) 
4 134 138 (2048 0 88 ) (2048 624 88 ) (2144 624 88 ) (2144 0 88 ) 
4 134 135 (2668 576 88 ) (2668 0 88 ) (2560 0 88 ) (2560 576 88 ) 
4 135 146 (2560 0 0 ) (2668 0 0 ) (2668 0 88 ) (2560 0 88 ) 
4 135 140 (2668 576 0 ) (2668 0 0 ) (2560 0 0 ) (2560 576 0 ) 
4 135 137 (2560 576 0 ) (2560 0 0 ) (2560 0 88 ) (2560 576 88 ) 
3 136 137 (2144 960 88 ) (2144 960 64 ) (2560 960 88 ) 
4 136 138 (2144 960 64 ) (2144 960 88 ) (2144 1024 88 ) (2144 1024 64 ) 
4 137 146 (2144 0 0 ) (2560 0 0 ) (2560 0 88 ) (2144 0 88 ) 
4 137 142 (2560 960 0 ) (2560 0 0 ) (2144 0 0 ) (2144 960 0 ) 
4 137 138 (2144 960 0 ) (2144 0 0 ) (2144 0 88 ) (2144 960 88 ) 
4 138 152 (2048 1024 88 ) (2048 1024 0 ) (2048 0 0 ) (2048 0 88 ) 
4 138 146 (2048 0 88 ) (2048 0 0 ) (2144 0 0 ) (2144 0 88 ) 
4 138 143 (2048 1024 0 ) (2144 1024 0 ) (2144 0 0 ) (2048 0 0 ) 
4 139 147 (3072 0 -256 ) (3072 0 0 ) (3008 0 0 ) (3008 0 -256 ) 
4 139 140 (3008 576 -256 ) (3008 0 -256 ) (3008 0 0 ) (3008 576 0 ) 
4 140 147 (3008 0 0 ) (2560 0 0 ) (2560 0 -256 ) (3008 0 -256 ) 
4 140 142 (2560 576 -256 ) (2560 0 -256 ) (2560 0 0 ) (2560 576 0 ) 
3 141 142 (2144 960 -256 ) (2560 960 -256 ) (2560 960 -232 ) 
4 142 147 (2560 0 0 ) (2144 0 0 ) (2144 0 -256 ) (2560 0 -256 ) 
4 142 143 (2144 960 -256 ) (2144 0 -256 ) (2144 0 0 ) (2144 960 0 ) 
4 143 153 (2048 1024 0 ) (2048 1024 -256 ) (2048 0 -256 ) (2048 0 0 ) 
4 143 147 (2144 0 0 ) (2048 0 0 ) (2048 0 -256 ) (2144 0 -256 ) 
4 144 148 (4096 -1024 0 ) (4096 -1024 1792 ) (3072 -1024 1792 ) (3072 -1024 0 ) 
4 144 146 (3072 -1024 0 ) (3072 -1024 1792 ) (3072 0 1792 ) (3072 0 0 ) 
4 144 145 (4096 -1024 0 ) (3072 -1024 0 ) (3072 0 0 ) (4096 0 0 ) 
4 145 149 (4096 -1024 -256 ) (4096 -1024 0 ) (3072 -1024 0 ) (3072 -1024 -256 ) 
4 145 147 (3072 -1024 -256 ) (3072 -1024 0 ) (3072 0 0 ) (3072 0 -256 ) 
4 146 156 (2048 -1024 0 ) (2048 -1024 1792 ) (2048 0 1792 ) (2048 0 0 ) 
4 146 150 (2048 -1024 1792 ) (2048 -1024 0 ) (3072 -1024 0 ) (3072 -1024 1792 ) 
4 146 147 (2048 0 0 ) (3072 0 0 ) (3072 -1024 0 ) (2048 -1024 0 ) 
4 147 157 (2048 -1024 -256 ) (2048 -1024 0 ) (2048 0 0 ) (2048 0 -256 ) 
4 147 151 (2048 -1024 0 ) (2048 -1024 -256 ) (3072 -1024 -256 ) (3072 -1024 0 ) 
4 148 164 (4096 -2048 0 ) (4096 -2048 1792 ) (3072 -2048 1792 ) (3072 -2048 0 ) 
4 148 150 (3072 -1024 1792 ) (3072 -1024 0 ) (3072 -2048 0 ) (3072 -2048 1792 ) 
4 148 149 (3072 -1024 0 ) (4096 -1024 0 ) (4096 -2048 0 ) (3072 -2048 0 ) 
4 149 165 (4096 -2048 -256 ) (4096 -2048 0 ) (3072 -2048 0 ) (3072 -2048 -256 ) 
4 149 151 (3072 -1024 0 ) (3072 -1024 -256 ) (3072 -2048 -256 ) (3072 -2048 0 ) 
4 150 166 (3072 -2048 0 ) (3072 -2048 1792 ) (2048 -2048 1792 ) (2048 -2048 0 ) 
4 150 160 (2048 -2048 0 ) (2048 -2048 1792 ) (2048 -1024 1792 ) (2048 -1024 0 ) 
4 150 151 (2048 -2048 0 ) (2048 -1024 0 ) (3072 -1024 0 ) (3072 -2048 0 ) 
4 151 167 (3072 -2048 -256 ) (3072 -2048 0 ) (2048 -2048 0 ) (2048 -2048 -256 ) 
4 151 161 (2048 -2048 -256 ) (2048 -2048 0 ) (2048 -1024 0 ) (2048 -1024 -256 ) 
4 152 156 (2048 0 0 ) (2048 0 1792 ) (1024 0 1792 ) (1024 0 0 ) 
4 152 154 (1024 1024 1792 ) (1024 1024 0 ) (1024 0 0 ) (1024 0 1792 ) 
4 152 153 (2048 0 0 ) (1024 0 0 ) (1024 1024 0 ) (2048 1024 0 ) 
4 153 157 (2048 0 -256 ) (2048 0 0 ) (1024 0 0 ) (1024 0 -256 ) 
4 153 155 (1024 1024 0 ) (1024 1024 -256 ) (1024 0 -256 ) (1024 0 0 ) 
4 154 189 (0 0 0 ) (0 0 1792 ) (0 1024 1792 ) (0 1024 0 ) 
4 154 158 (1024 0 0 ) (1024 0 1792 ) (0 0 1792 ) (0 0 0 ) 
4 154 155 (1024 1024 0 ) (1024 0 0 ) (0 0 0 ) (0 1024 0 ) 
4 155 190 (0 0 -256 ) (0 0 0 ) (0 1024 0 ) (0 1024 -256 ) 
4 155 159 (1024 0 -256 ) (1024 0 0 ) (0 0 0 ) (0 0 -256 ) 
4 156 160 (2048 -1024 0 ) (2048 -1024 1792 ) (1024 -1024 1792 ) (1024 -1024 0 ) 
4 156 158 (1024 -1024 0 ) (1024 -1024 1792 ) (1024 0 1792 ) (1024 0 0 ) 
4 156 157 (2048 -1024 0 ) (1024 -1024 0 ) (1024 0 0 ) (2048 0 0 ) 
4 157 161 (2048 -1024 -256 ) (2048 -1024 0 ) (1024 -1024 0 ) (1024 -1024 -256 ) 
4 157 159 (1024 -1024 -256 ) (1024 -1024 0 ) (1024 0 0 ) (1024 0 -256 ) 
4 158 193 (0 -1024 0 ) (0 -1024 1792 ) (0 0 1792 ) (0 0 0 ) 
4 158 162 (0 -1024 1792 ) (0 -1024 0 ) (1024 -1024 0 ) (1024 -1024 1792 ) 
4 158 159 (0 0 0 ) (1024 0 0 ) (1024 -1024 0 ) (0 -1024 0 ) 
4 159 194 (0 -1024 -256 ) (0 -1024 0 ) (0 0 0 ) (0 0 -256 ) 
4 159 163 (0 -1024 0 ) (0 -1024 -256 ) (1024 -1024 -256 ) (1024 -1024 0 ) 
4 160 168 (2048 -2048 0 ) (2048 -2048 1792 ) (1024 -2048 1792 ) (1024 -2048 0 ) 
4 160 162 (1024 -1024 1792 ) (1024 -1024 0 ) (1024 -2048 0 ) (1024 -2048 1792 ) 
4 160 161 (2048 -2048 0 ) (1024 -2048 0 ) (1024 -1024 0 ) (2048 -1024 0 ) 
4 161 169 (2048 -2048 -256 ) (2048 -2048 0 ) (1024 -2048 0 ) (1024 -2048 -256 ) 
4 161 163 (1024 -1024 0 ) (1024 -1024 -256 ) (1024 -2048 -256 ) (1024 -2048 0 ) 
4 162 197 (0 -2048 0 ) (0 -2048 1792 ) (0 -1024 1792 ) (0 -1024 0 ) 
4 162 170 (1024 -2048 0 ) (1024 -2048 1792 ) (0 -2048 1792 ) (0 -2048 0 ) 
4 162 163 (0 -2048 0 ) (0 -1024 0 ) (1024 -1024 0 ) (1024 -2048 0 ) 
4 163 198 (0 -2048 -256 ) (0 -2048 0 ) (0 -1024 0 ) (0 -1024 -256 ) 
4 163 171 (1024 -2048 -256 ) (1024 -2048 0 ) (0 -2048 0 ) (0 -2048 -256 ) 
4 164 166 (3072 -2048 1792 ) (3072 -2048 0 ) (3072 -3072 0 ) (3072 -3072 1792 ) 
4 164 165 (4096 -3072 0 ) (3072 -3072 0 ) (3072 -2048 0 ) (4096 -2048 0 ) 
4 165 167 (3072 -2048 0 ) (3072 -2048 -256 ) (3072 -3072 -256 ) (3072 -3072 0 ) 
4 166 168 (2048 -2048 1792 ) (2048 -2048 0 ) (2048 -3072 0 ) (2048 -3072 1792 ) 
4 166 167 (2048 -2048 0 ) (3072 -2048 0 ) (3072 -3072 0 ) (2048 -3072 0 ) 
4 167 169 (2048 -2048 0 ) (2048 -2048 -256 ) (2048 -3072 -256 ) (2048 -3072 0 ) 
4 168 170 (1024 -2048 1792 ) (1024 -2048 0 ) (1024 -3072 0 ) (1024 -3072 1792 ) 
4 168 169 (2048 -3072 0 ) (1024 -3072 0 ) (1024 -2048 0 ) (2048 -2048 0 ) 
4 169 171 (1024 -2048 0 ) (1024 -2048 -256 ) (1024 -3072 -256 ) (1024 -3072 0 ) 
4 170 201 (0 -3072 0 ) (0 -3072 1792 ) (0 -2048 1792 ) (0 -2048 0 ) 
4 170 171 (1024 -2048 0 ) (1024 -3072 0 ) (0 -3072 0 ) (0 -2048 0 ) 
4 171 202 (0 -3072 -256 ) (0 -3072 0 ) (0 -2048 0 ) (0 -2048 -256 ) 
4 172 176 (0 4096 0 ) (0 4096 1792 ) (-1024 4096 1792 ) (-1024 4096 0 ) 
4 172 174 (-1024 4096 0 ) (-1024 4096 1792 ) (-1024 5120 1792 ) (-1024 5120 0 ) 
4 172 173 (-1024 5120 0 ) (0 5120 0 ) (0 4096 0 ) (-1024 4096 0 ) 
4 173 177 (0 4096 -256 ) (0 4096 0 ) (-1024 4096 0 ) (-1024 4096 -256 ) 
4 173 175 (-1024 4096 -256 ) (-1024 4096 0 ) (-1024 5120 0 ) (-1024 5120 -256 ) 
4 174 178 (-1024 4096 0 ) (-1024 4096 1792 ) (-2048 4096 1792 ) (-2048 4096 0 ) 
4 174 175 (-2048 4096 0 ) (-2048 5120 0 ) (-1024 5120 0 ) (-1024 4096 0 ) 
4 175 179 (-1024 4096 -256 ) (-1024 4096 0 ) (-2048 4096 0 ) (-2048 4096 -256 ) 
4 176 180 (0 3072 0 ) (0 3072 1792 ) (-1024 3072 1792 ) (-1024 3072 0 ) 
4 176 178 (-1024 4096 1792 ) (-1024 4096 0 ) (-1024 3072 0 ) (-1024 3072 1792 ) 
4 176 177 (0 3072 0 ) (-1024 3072 0 ) (-1024 4096 0 ) (0 4096 0 ) 
4 177 181 (0 3072 -256 ) (0 3072 0 ) (-1024 3072 0 ) (-1024 3072 -256 ) 
4 177 179 (-1024 4096 0 ) (-1024 4096 -256 ) (-1024 3072 -256 ) (-1024 3072 0 ) 
4 178 182 (-1024 3072 0 ) (-1024 3072 1792 ) (-2048 3072 1792 ) (-2048 3072 0 ) 
4 178 179 (-2048 4096 0 ) (-1024 4096 0 ) (-1024 3072 0 ) (-2048 3072 0 ) 
4 179 183 (-1024 3072 -256 ) (-1024 3072 0 ) (-2048 3072 0 ) (-2048 3072 -256 ) 
4 180 184 (0 2048 0 ) (0 2048 1792 ) (-1024 2048 1792 ) (-1024 2048 0 ) 
4 180 182 (-1024 2048 0 ) (-1024 2048 1792 ) (-1024 3072 1792 ) (-1024 3072 0 ) 
4 180 181 (0 2048 0 ) (-1024 2048 0 ) (-1024 3072 0 ) (0 3072 0 ) 
4 181 185 (0 2048 -256 ) (0 2048 0 ) (-1024 2048 0 ) (-1024 2048 -256 ) 
4 181 183 (-1024 2048 -256 ) (-1024 2048 0 ) (-1024 3072 0 ) (-1024 3072 -256 ) 
4 182 186 (-2048 2048 1792 ) (-2048 2048 0 ) (-1024 2048 0 ) (-1024 2048 1792 ) 
4 182 183 (-2048 3072 0 ) (-1024 3072 0 ) (-1024 2048 0 ) (-2048 2048 0 ) 
4 183 187 (-2048 2048 0 ) (-2048 2048 -256 ) (-1024 2048 -256 ) (-1024 2048 0 ) 
4 184 189 (0 1024 0 ) (0 1024 1792 ) (-1024 1024 1792 ) (-1024 1024 0 ) 
4 184 186 (-1024 2048 1792 ) (-1024 2048 0 ) (-1024 1024 0 ) (-1024 1024 1792 ) 
4 184 185 (-1024 2048 0 ) (0 2048 0 ) (0 1024 0 ) (-1024 1024 0 ) 
4 185 190 (0 1024 -256 ) (0 1024 0 ) (-1024 1024 0 ) (-1024 1024 -256 ) 
4 185 187 (-1024 2048 0 ) (-1024 2048 -256 ) (-1024 1024 -256 ) (-1024 1024 0 ) 
4 186 191 (-1024 1024 0 ) (-1024 1024 1792 ) (-2048 1024 1792 ) (-2048 1024 0 ) 
4 186 187 (-2048 1024 0 ) (-2048 2048 0 ) (-1024 2048 0 ) (-1024 1024 0 ) 
4 187 192 (-1024 1024 -256 ) (-1024 1024 0 ) (-2048 1024 0 ) (-2048 1024 -256 ) 
4 189 193 (0 0 0 ) (0 0 1792 ) (-1024 0 1792 ) (-1024 0 0 ) 
4 189 191 (-1024 1024 1792 ) (-1024 1024 0 ) (-1024 0 0 ) (-1024 0 1792 ) 
4 189 190 (0 0 0 ) (-1024 0 0 ) (-1024 1024 0 ) (0 1024 0 ) 
4 190 194 (0 0 -256 ) (0 0 0 ) (-1024 0 0 ) (-1024 0 -256 ) 
4 190 192 (-1024 1024 0 ) (-1024 1024 -256 ) (-1024 0 -256 ) (-1024 0 0 ) 
4 191 195 (-1024 0 0 ) (-1024 0 1792 ) (-2048 0 1792 ) (-2048 0 0 ) 
4 191 192 (-2048 1024 0 ) (-1024 1024 0 ) (-1024 0 0 ) (-2048 0 0 ) 
4 192 196 (-1024 0 -256 ) (-1024 0 0 ) (-2048 0 0 ) (-2048 0 -256 ) 
4 193 197 (0 -1024 0 ) (0 -1024 1792 ) (-1024 -1024 1792 ) (-1024 -1024 0 ) 
4 193 195 (-1024 -1024 0 ) (-1024 -1024 1792 ) (-1024 0 1792 ) (-1024 0 0 ) 
4 193 194 (0 -1024 0 ) (-1024 -1024 0 ) (-1024 0 0 ) (0 0 0 ) 
4 194 198 (0 -1024 -256 ) (0 -1024 0 ) (-1024 -1024 0 ) (-1024 -1024 -256 ) 
4 194 196 (-1024 -1024 -256 ) (-1024 -1024 0 ) (-1024 0 0 ) (-1024 0 -256 ) 
4 195 199 (-2048 -1024 1792 ) (-2048 -1024 0 ) (-1024 -1024 0 ) (-1024 -1024 1792 ) 
4 195 196 (-2048 0 0 ) (-1024 0 0 ) (-1024 -1024 0 ) (-2048 -1024 0 ) 
4 196 200 (-2048 -1024 0 ) (-2048 -1024 -256 ) (-1024 -1024 -256 ) (-1024 -1024 0 ) 
4 197 201 (0 -2048 0 ) (0 -2048 1792 ) (-1024 -2048 1792 ) (-1024 -2048 0 ) 
4 197 199 (-1024 -1024 1792 ) (-1024 -1024 0 ) (-1024 -2048 0 ) (-1024 -2048 1792 ) 
4 197 198 (-1024 -1024 0 ) (0 -1024 0 ) (0 -2048 0 ) (-1024 -2048 0 ) 
4 198 202 (0 -2048 -256 ) (0 -2048 0 ) (-1024 -2048 0 ) (-1024 -2048 -256 ) 
4 198 200 (-1024 -1024 0 ) (-1024 -1024 -256 ) (-1024 -2048 -256 ) (-1024 -2048 0 ) 
4 199 203 (-1024 -2048 0 ) (-1024 -2048 1792 ) (-2048 -2048 1792 ) (-2048 -2048 0 ) 
4 199 200 (-2048 -2048 0 ) (-2048 -1024 0 ) (-1024 -1024 0 ) (-1024 -2048 0 ) 
4 200 204 (-1024 -2048 -256 ) (-1024 -2048 0 ) (-2048 -2048 0 ) (-2048 -2048 -256 ) 
4 201 203 (-1024 -2048 1792 ) (-1024 -2048 0 ) (-1024 -3072 0 ) (-1024 -3072 1792 ) 
4 201 202 (0 -3072 0 ) (-1024 -3072 0 ) (-1024 -2048 0 ) (0 -2048 0 ) 
4 202 204 (-1024 -2048 0 ) (-1024 -2048 -256 ) (-1024 -3072 -256 ) (-1024 -3072 0 ) 
4 203 204 (-2048 -2048 0 ) (-1024 -2048 0 ) (-1024 -3072 0 ) (-2048 -3072 0 ) 
