PRT1
167
258
4 0 10 (6144 -789.287781 35.553703 ) (6144 -800.179016 35.553703 ) (6144 -800.179016 36.271706 ) (6144 -789.287781 36.271706 ) 
4 0 8 (6144 -776 36.271706 ) (6144 -776 35.553703 ) (6144 -789.287781 35.553703 ) (6144 -789.287781 36.271706 ) 
4 0 7 (6144 -800.179016 35.553703 ) (6144 -904 35.553703 ) (6144 -904 36.271706 ) (6144 -800.179016 36.271706 ) 
4 0 6 (6144 -904 128 ) (6144 -776 128 ) (6144 -776 36.271706 ) (6144 -904 36.271706 ) 
4 0 11 (6144 -776 35.553703 ) (6144 -776 0 ) (6144 -904 0 ) (6144 -904 35.553703 ) 
4 0 1 (6144 -904 0 ) (6232 -904 0 ) (6232 -904 128 ) (6144 -904 128 ) 
4 1 7 (6144 -904 36.271706 ) (6144 -904 35.553703 ) (6144 -936 35.553703 ) (6144 -936 36.271706 ) 
4 1 6 (6144 -936 128 ) (6144 -904 128 ) (6144 -904 36.271706 ) (6144 -936 36.271706 ) 
4 1 11 (6144 -904 35.553703 ) (6144 -904 0 ) (6144 -936 0 ) (6144 -936 35.553703 ) 
4 1 3 (6144 -936 0 ) (6232 -936 0 ) (6232 -936 128 ) (6144 -936 128 ) 
4 2 3 (6232 -936 108 ) (6232 -936 0 ) (6232 -984 0 ) (6232 -984 108 ) 
4 3 7 (6144 -936 36.271706 ) (6144 -936 35.553703 ) (6144 -984 35.553703 ) (6144 -984 36.271706 ) 
4 3 6 (6144 -984 128 ) (6144 -936 128 ) (6144 -936 36.271706 ) (6144 -984 36.271706 ) 
4 3 11 (6144 -936 35.553703 ) (6144 -936 0 ) (6144 -984 0 ) (6144 -984 35.553703 ) 
4 3 5 (6144 -984 0 ) (6232 -984 0 ) (6232 -984 128 ) (6144 -984 128 ) 
4 4 5 (6232 -1016 0 ) (6232 -1024 0 ) (6232 -1024 128 ) (6232 -1016 128 ) 
4 5 7 (6144 -1024 35.553703 ) (6144 -1024 36.271706 ) (6144 -984 36.271706 ) (6144 -984 35.553703 ) 
4 5 6 (6144 -1024 36.271706 ) (6144 -1024 128 ) (6144 -984 128 ) (6144 -984 36.271706 ) 
4 5 11 (6144 -1024 0 ) (6144 -1024 35.553703 ) (6144 -984 35.553703 ) (6144 -984 0 ) 
6 6 12 (5984 -816.370422 36.271706 ) (5984 -934.932068 36.271706 ) (5984 -928 64 ) (5984 -896 112 ) (5984 -856 120 ) (5984 -832 104 ) 
4 6 10 (6017.660156 -812.541992 36.271706 ) (6144 -789.287781 36.271706 ) (6144 -800.179016 36.271706 ) (6020.019531 -822.984985 36.271706 ) 
4 6 9 (5984 -829.610718 36.271706 ) (5984 -818.737488 36.271706 ) (6009 -814.136047 36.271706 ) (6011.359375 -824.578003 36.271706 ) 
4 6 8 (5984 -818.737488 36.271706 ) (5984 -776 36.271706 ) (6144 -776 36.271706 ) (6144 -789.287781 36.271706 ) 
4 6 7 (6144 -1024 36.271706 ) (5984 -1024 36.271706 ) (5984 -829.610718 36.271706 ) (6144 -800.179016 36.271706 ) 
4 7 12 (5984 -934.932129 36.271706 ) (5984 -829.610718 36.271706 ) (5984 -829.610718 35.553703 ) (5984 -935.111572 35.553703 ) 
4 7 10 (6144 -800.179810 35.553703 ) (6020.019531 -822.985718 35.553703 ) (6020.019531 -822.984619 36.271706 ) (6144 -800.178894 36.271706 ) 
4 7 9 (6011.359375 -824.578735 35.553703 ) (5984 -829.611450 35.553703 ) (5984 -829.610352 36.271706 ) (6011.359375 -824.577637 36.271706 ) 
4 7 11 (5984 -1024 35.553703 ) (5984 -829.610718 35.553703 ) (6144 -800.179016 35.553703 ) (6144 -1024 35.553703 ) 
4 8 12 (5984 -818.737488 36.271706 ) (5984 -816.370422 36.271706 ) (5984 -816.204651 35.553703 ) (5984 -818.737488 35.553703 ) 
4 8 10 (6017.660156 -812.540894 35.553703 ) (6144 -789.286804 35.553703 ) (6144 -789.288330 36.271706 ) (6017.660156 -812.542542 36.271706 ) 
4 8 9 (5984 -818.736328 35.553703 ) (6009 -814.134949 35.553703 ) (6009 -814.136597 36.271706 ) (5984 -818.738037 36.271706 ) 
4 8 11 (5984 -818.737488 35.553703 ) (5984 -776 35.553703 ) (6144 -776 35.553703 ) (6144 -789.287781 35.553703 ) 
4 9 12 (5984 -829.610718 36.271706 ) (5984 -818.737488 36.271706 ) (5984 -818.737488 35.553703 ) (5984 -829.610718 35.553703 ) 
4 9 11 (5984 -829.610718 35.553703 ) (5984 -818.737488 35.553703 ) (6009 -814.136047 35.553703 ) (6011.359375 -824.578003 35.553703 ) 
4 10 11 (6017.660156 -812.541992 35.553703 ) (6144 -789.287781 35.553703 ) (6144 -800.179016 35.553703 ) (6020.019531 -822.984985 35.553703 ) 
4 11 12 (5984 -808 0 ) (5984 -944 0 ) (5984 -935.111572 35.553703 ) (5984 -816.204712 35.553703 ) 
6 12 13 (5952 -808 0 ) (5952 -944 0 ) (5952 -928 64 ) (5952 -896 112 ) (5952 -856 120 ) (5952 -832 104 ) 
4 13 23 (5792 -1024 192 ) (5728 -1024 192 ) (5728 -1024 0 ) (5792 -1024 0 ) 
4 13 21 (5920 -1024 192 ) (5856 -1024 192 ) (5856 -1024 0 ) (5920 -1024 0 ) 
4 13 14 (5696 -944 0 ) (5696 -1008 0 ) (5696 -1008 192 ) (5696 -944 192 ) 
4 14 19 (5664 -944 0 ) (5664 -1008 0 ) (5664 -1008 192 ) (5664 -944 192 ) 
4 15 20 (5120 -744 192 ) (5120 -736 192 ) (5120 -736 128 ) (5120 -744 128 ) 
4 15 18 (5448 -744 128 ) (5120 -744 128 ) (5120 -736 128 ) (5448 -736 128 ) 
4 15 16 (5664 -744 128 ) (5560 -744 128 ) (5560 -736 128 ) (5664 -736 128 ) 
4 15 19 (5664 -744 128 ) (5664 -744 192 ) (5120 -744 192 ) (5120 -744 128 ) 
4 16 19 (5560 -744 0 ) (5664 -744 0 ) (5664 -744 128 ) (5560 -744 128 ) 
4 17 19 (5480 -744 0 ) (5528 -744 0 ) (5528 -744 108 ) (5480 -744 108 ) 
4 18 20 (5120 -736 128 ) (5120 -736 0 ) (5120 -744 0 ) (5120 -744 128 ) 
4 18 19 (5120 -744 0 ) (5448 -744 0 ) (5448 -744 128 ) (5120 -744 128 ) 
4 19 31 (5376 -1024 192 ) (5312 -1024 192 ) (5312 -1024 0 ) (5376 -1024 0 ) 
4 19 32 (5248 -1024 192 ) (5184 -1024 192 ) (5184 -1024 0 ) (5248 -1024 0 ) 
4 19 25 (5632 -1024 192 ) (5568 -1024 192 ) (5568 -1024 0 ) (5632 -1024 0 ) 
4 19 26 (5504 -1024 192 ) (5440 -1024 192 ) (5440 -1024 0 ) (5504 -1024 0 ) 
4 19 20 (5120 -1024 0 ) (5120 -1024 192 ) (5120 -744 192 ) (5120 -744 0 ) 
4 20 61 (4096 -1024 0 ) (4096 -1024 192 ) (4096 -736 192 ) (4096 -736 0 ) 
4 20 59 (4160 -1024 128 ) (4160 -1024 0 ) (4224 -1024 0 ) (4224 -1024 128 ) 
4 20 57 (4288 -1024 0 ) (4352 -1024 0 ) (4352 -1024 128 ) (4288 -1024 128 ) 
4 20 56 (4224 -1024 192 ) (4160 -1024 192 ) (4160 -1024 128 ) (4224 -1024 128 ) 
4 20 55 (4352 -1024 192 ) (4288 -1024 192 ) (4288 -1024 128 ) (4352 -1024 128 ) 
4 20 53 (4416 -1024 128 ) (4416 -1024 0 ) (4480 -1024 0 ) (4480 -1024 128 ) 
4 20 51 (4544 -1024 0 ) (4608 -1024 0 ) (4608 -1024 128 ) (4544 -1024 128 ) 
4 20 49 (4672 -1024 0 ) (4736 -1024 0 ) (4736 -1024 128 ) (4672 -1024 128 ) 
4 20 48 (4480 -1024 192 ) (4416 -1024 192 ) (4416 -1024 128 ) (4480 -1024 128 ) 
4 20 47 (4608 -1024 192 ) (4544 -1024 192 ) (4544 -1024 128 ) (4608 -1024 128 ) 
4 20 46 (4736 -1024 192 ) (4672 -1024 192 ) (4672 -1024 128 ) (4736 -1024 128 ) 
4 20 44 (4800 -1024 0 ) (4864 -1024 0 ) (4864 -1024 128 ) (4800 -1024 128 ) 
4 20 43 (4864 -1024 192 ) (4800 -1024 192 ) (4800 -1024 128 ) (4864 -1024 128 ) 
4 20 41 (4992 -1024 128 ) (4928 -1024 128 ) (4928 -1024 0 ) (4992 -1024 0 ) 
4 20 39 (5120 -1024 0 ) (5120 -1024 128 ) (5056 -1024 128 ) (5056 -1024 0 ) 
4 20 38 (4992 -1024 192 ) (4928 -1024 192 ) (4928 -1024 128 ) (4992 -1024 128 ) 
4 20 37 (5120 -1024 128 ) (5120 -1024 192 ) (5056 -1024 192 ) (5056 -1024 128 ) 
4 21 22 (5856 -1048 192 ) (5856 -1048 0 ) (5920 -1048 0 ) (5920 -1048 192 ) 
4 23 24 (5728 -1048 192 ) (5728 -1048 0 ) (5792 -1048 0 ) (5792 -1048 192 ) 
4 25 27 (5568 -1032 0 ) (5632 -1032 0 ) (5632 -1032 128 ) (5568 -1032 128 ) 
4 26 29 (5440 -1032 128 ) (5440 -1032 0 ) (5504 -1032 0 ) (5504 -1032 128 ) 
4 27 28 (5568 -1048 128 ) (5568 -1048 0 ) (5632 -1048 0 ) (5632 -1048 128 ) 
4 29 30 (5504 -1048 0 ) (5504 -1048 128 ) (5440 -1048 128 ) (5440 -1048 0 ) 
4 31 33 (5312 -1032 0 ) (5376 -1032 0 ) (5376 -1032 128 ) (5312 -1032 128 ) 
4 32 35 (5184 -1032 128 ) (5184 -1032 0 ) (5248 -1032 0 ) (5248 -1032 128 ) 
4 33 34 (5376 -1048 0 ) (5376 -1048 128 ) (5312 -1048 128 ) (5312 -1048 0 ) 
4 35 36 (5248 -1048 0 ) (5248 -1048 128 ) (5184 -1048 128 ) (5184 -1048 0 ) 
4 37 39 (5056 -1024 128 ) (5120 -1024 128 ) (5120 -1032 128 ) (5056 -1032 128 ) 
4 38 41 (4928 -1032 128 ) (4928 -1024 128 ) (4992 -1024 128 ) (4992 -1032 128 ) 
4 39 40 (5056 -1048 128 ) (5056 -1048 0 ) (5120 -1048 0 ) (5120 -1048 128 ) 
4 41 42 (4992 -1048 0 ) (4992 -1048 128 ) (4928 -1048 128 ) (4928 -1048 0 ) 
4 43 44 (4800 -1024 128 ) (4864 -1024 128 ) (4864 -1032 128 ) (4800 -1032 128 ) 
4 44 45 (4800 -1048 128 ) (4800 -1048 0 ) (4864 -1048 0 ) (4864 -1048 128 ) 
4 46 49 (4672 -1024 128 ) (4736 -1024 128 ) (4736 -1032 128 ) (4672 -1032 128 ) 
4 47 51 (4544 -1024 128 ) (4608 -1024 128 ) (4608 -1032 128 ) (4544 -1032 128 ) 
4 48 53 (4416 -1032 128 ) (4416 -1024 128 ) (4480 -1024 128 ) (4480 -1032 128 ) 
4 49 50 (4672 -1048 128 ) (4672 -1048 0 ) (4736 -1048 0 ) (4736 -1048 128 ) 
4 51 52 (4544 -1048 128 ) (4544 -1048 0 ) (4608 -1048 0 ) (4608 -1048 128 ) 
4 53 54 (4480 -1048 0 ) (4480 -1048 128 ) (4416 -1048 128 ) (4416 -1048 0 ) 
4 55 57 (4288 -1024 128 ) (4352 -1024 128 ) (4352 -1032 128 ) (4288 -1032 128 ) 
4 56 59 (4160 -1032 128 ) (4160 -1024 128 ) (4224 -1024 128 ) (4224 -1032 128 ) 
4 57 58 (4288 -1048 128 ) (4288 -1048 0 ) (4352 -1048 0 ) (4352 -1048 128 ) 
4 59 60 (4224 -1048 0 ) (4224 -1048 128 ) (4160 -1048 128 ) (4160 -1048 0 ) 
4 61 88 (3072 -1024 128 ) (3072 -1024 0 ) (3104 -1024 0 ) (3104 -1024 128 ) 
4 61 86 (3168 -1024 0 ) (3232 -1024 0 ) (3232 -1024 128 ) (3168 -1024 128 ) 
4 61 85 (3104 -1024 192 ) (3072 -1024 192 ) (3072 -1024 128 ) (3104 -1024 128 ) 
4 61 84 (3232 -1024 192 ) (3168 -1024 192 ) (3168 -1024 128 ) (3232 -1024 128 ) 
4 61 82 (3296 -1024 0 ) (3360 -1024 0 ) (3360 -1024 128 ) (3296 -1024 128 ) 
4 61 80 (3392 -1024 0 ) (3456 -1024 0 ) (3456 -1024 128 ) (3392 -1024 128 ) 
4 61 79 (3360 -1024 192 ) (3296 -1024 192 ) (3296 -1024 128 ) (3360 -1024 128 ) 
4 61 78 (3456 -1024 192 ) (3392 -1024 192 ) (3392 -1024 128 ) (3456 -1024 128 ) 
4 61 76 (3520 -1024 128 ) (3520 -1024 0 ) (3584 -1024 0 ) (3584 -1024 128 ) 
4 61 74 (3648 -1024 0 ) (3712 -1024 0 ) (3712 -1024 128 ) (3648 -1024 128 ) 
4 61 72 (3776 -1024 0 ) (3840 -1024 0 ) (3840 -1024 128 ) (3776 -1024 128 ) 
4 61 71 (3584 -1024 192 ) (3520 -1024 192 ) (3520 -1024 128 ) (3584 -1024 128 ) 
4 61 70 (3712 -1024 192 ) (3648 -1024 192 ) (3648 -1024 128 ) (3712 -1024 128 ) 
4 61 69 (3840 -1024 192 ) (3776 -1024 192 ) (3776 -1024 128 ) (3840 -1024 128 ) 
4 61 67 (3968 -1024 128 ) (3904 -1024 128 ) (3904 -1024 0 ) (3968 -1024 0 ) 
4 61 65 (4096 -1024 0 ) (4096 -1024 128 ) (4032 -1024 128 ) (4032 -1024 0 ) 
4 61 64 (3968 -1024 192 ) (3904 -1024 192 ) (3904 -1024 128 ) (3968 -1024 128 ) 
4 61 63 (4096 -1024 128 ) (4096 -1024 192 ) (4032 -1024 192 ) (4032 -1024 128 ) 
4 61 62 (3072 -1024 0 ) (3072 -1024 192 ) (3072 -736 192 ) (3072 -736 0 ) 
4 62 121 (2048 -1024 0 ) (2048 -1024 128 ) (2048 -736 128 ) (2048 -736 0 ) 
4 62 117 (2048 -1024 128 ) (2048 -1024 192 ) (2048 -736 192 ) (2048 -736 128 ) 
4 62 115 (2048 -1024 128 ) (2048 -1024 0 ) (2080 -1024 0 ) (2080 -1024 128 ) 
4 62 113 (2144 -1024 0 ) (2208 -1024 0 ) (2208 -1024 128 ) (2144 -1024 128 ) 
4 62 111 (2272 -1024 0 ) (2336 -1024 0 ) (2336 -1024 128 ) (2272 -1024 128 ) 
4 62 110 (2080 -1024 192 ) (2048 -1024 192 ) (2048 -1024 128 ) (2080 -1024 128 ) 
4 62 109 (2208 -1024 192 ) (2144 -1024 192 ) (2144 -1024 128 ) (2208 -1024 128 ) 
4 62 108 (2336 -1024 192 ) (2272 -1024 192 ) (2272 -1024 128 ) (2336 -1024 128 ) 
4 62 106 (2400 -1024 0 ) (2464 -1024 0 ) (2464 -1024 128 ) (2400 -1024 128 ) 
4 62 105 (2464 -1024 192 ) (2400 -1024 192 ) (2400 -1024 128 ) (2464 -1024 128 ) 
4 62 103 (2528 -1024 128 ) (2528 -1024 0 ) (2592 -1024 0 ) (2592 -1024 128 ) 
4 62 101 (2656 -1024 0 ) (2720 -1024 0 ) (2720 -1024 128 ) (2656 -1024 128 ) 
4 62 99 (2784 -1024 0 ) (2848 -1024 0 ) (2848 -1024 128 ) (2784 -1024 128 ) 
4 62 98 (2592 -1024 192 ) (2528 -1024 192 ) (2528 -1024 128 ) (2592 -1024 128 ) 
4 62 97 (2720 -1024 192 ) (2656 -1024 192 ) (2656 -1024 128 ) (2720 -1024 128 ) 
4 62 96 (2848 -1024 192 ) (2784 -1024 192 ) (2784 -1024 128 ) (2848 -1024 128 ) 
4 62 94 (2976 -1024 128 ) (2912 -1024 128 ) (2912 -1024 0 ) (2976 -1024 0 ) 
4 62 92 (3072 -1024 0 ) (3072 -1024 128 ) (3040 -1024 128 ) (3040 -1024 0 ) 
4 62 91 (2976 -1024 192 ) (2912 -1024 192 ) (2912 -1024 128 ) (2976 -1024 128 ) 
4 62 90 (3072 -1024 128 ) (3072 -1024 192 ) (3040 -1024 192 ) (3040 -1024 128 ) 
4 63 65 (4032 -1032 128 ) (4032 -1024 128 ) (4096 -1024 128 ) (4096 -1032 128 ) 
4 64 67 (3904 -1024 128 ) (3968 -1024 128 ) (3968 -1032 128 ) (3904 -1032 128 ) 
4 65 66 (4032 -1048 128 ) (4032 -1048 0 ) (4096 -1048 0 ) (4096 -1048 128 ) 
4 67 68 (3904 -1048 128 ) (3904 -1048 0 ) (3968 -1048 0 ) (3968 -1048 128 ) 
4 69 72 (3776 -1024 128 ) (3840 -1024 128 ) (3840 -1032 128 ) (3776 -1032 128 ) 
4 70 74 (3648 -1024 128 ) (3712 -1024 128 ) (3712 -1032 128 ) (3648 -1032 128 ) 
4 71 76 (3520 -1032 128 ) (3520 -1024 128 ) (3584 -1024 128 ) (3584 -1032 128 ) 
4 72 73 (3776 -1048 128 ) (3776 -1048 0 ) (3840 -1048 0 ) (3840 -1048 128 ) 
4 74 75 (3648 -1048 128 ) (3648 -1048 0 ) (3712 -1048 0 ) (3712 -1048 128 ) 
4 76 77 (3584 -1048 0 ) (3584 -1048 128 ) (3520 -1048 128 ) (3520 -1048 0 ) 
4 78 80 (3392 -1024 128 ) (3456 -1024 128 ) (3456 -1032 128 ) (3392 -1032 128 ) 
4 79 82 (3296 -1024 128 ) (3360 -1024 128 ) (3360 -1032 128 ) (3296 -1032 128 ) 
4 80 81 (3392 -1048 128 ) (3392 -1048 0 ) (3456 -1048 0 ) (3456 -1048 128 ) 
4 82 83 (3296 -1048 128 ) (3296 -1048 0 ) (3360 -1048 0 ) (3360 -1048 128 ) 
4 84 86 (3232 -1024 128 ) (3232 -1032 128 ) (3168 -1032 128 ) (3168 -1024 128 ) 
4 85 90 (3072 -1032 192 ) (3072 -1024 192 ) (3072 -1024 128 ) (3072 -1032 128 ) 
4 85 88 (3072 -1032 128 ) (3072 -1024 128 ) (3104 -1024 128 ) (3104 -1032 128 ) 
4 86 87 (3168 -1048 128 ) (3168 -1048 0 ) (3232 -1048 0 ) (3232 -1048 128 ) 
4 88 92 (3072 -1048 128 ) (3072 -1024 128 ) (3072 -1024 0 ) (3072 -1048 0 ) 
4 88 89 (3072 -1048 0 ) (3104 -1048 0 ) (3104 -1048 128 ) (3072 -1048 128 ) 
4 89 93 (3072 -1056 0 ) (3072 -1056 128 ) (3072 -1048 128 ) (3072 -1048 0 ) 
4 90 92 (3040 -1032 128 ) (3040 -1024 128 ) (3072 -1024 128 ) (3072 -1032 128 ) 
4 91 94 (2912 -1024 128 ) (2976 -1024 128 ) (2976 -1032 128 ) (2912 -1032 128 ) 
4 92 93 (3040 -1048 128 ) (3040 -1048 0 ) (3072 -1048 0 ) (3072 -1048 128 ) 
4 94 95 (2912 -1048 128 ) (2912 -1048 0 ) (2976 -1048 0 ) (2976 -1048 128 ) 
4 96 99 (2784 -1024 128 ) (2848 -1024 128 ) (2848 -1032 128 ) (2784 -1032 128 ) 
4 97 101 (2656 -1024 128 ) (2720 -1024 128 ) (2720 -1032 128 ) (2656 -1032 128 ) 
4 98 103 (2528 -1032 128 ) (2528 -1024 128 ) (2592 -1024 128 ) (2592 -1032 128 ) 
4 99 100 (2784 -1048 128 ) (2784 -1048 0 ) (2848 -1048 0 ) (2848 -1048 128 ) 
4 101 102 (2656 -1048 128 ) (2656 -1048 0 ) (2720 -1048 0 ) (2720 -1048 128 ) 
4 103 104 (2592 -1048 0 ) (2592 -1048 128 ) (2528 -1048 128 ) (2528 -1048 0 ) 
4 105 106 (2400 -1024 128 ) (2464 -1024 128 ) (2464 -1032 128 ) (2400 -1032 128 ) 
4 106 107 (2400 -1048 128 ) (2400 -1048 0 ) (2464 -1048 0 ) (2464 -1048 128 ) 
4 108 111 (2336 -1024 128 ) (2336 -1032 128 ) (2272 -1032 128 ) (2272 -1024 128 ) 
4 109 113 (2144 -1032 128 ) (2144 -1024 128 ) (2208 -1024 128 ) (2208 -1032 128 ) 
4 110 144 (2048 -1032 192 ) (2048 -1024 192 ) (2048 -1024 128 ) (2048 -1032 128 ) 
4 110 115 (2048 -1032 128 ) (2048 -1024 128 ) (2080 -1024 128 ) (2080 -1032 128 ) 
4 111 112 (2272 -1048 128 ) (2272 -1048 0 ) (2336 -1048 0 ) (2336 -1048 128 ) 
4 113 114 (2144 -1048 128 ) (2144 -1048 0 ) (2208 -1048 0 ) (2208 -1048 128 ) 
4 115 147 (2048 -1048 128 ) (2048 -1024 128 ) (2048 -1024 0 ) (2048 -1048 0 ) 
4 115 116 (2048 -1048 0 ) (2080 -1048 0 ) (2080 -1048 128 ) (2048 -1048 128 ) 
4 116 148 (2048 -1056 0 ) (2048 -1056 128 ) (2048 -1048 128 ) (2048 -1048 0 ) 
4 117 165 (1184 -1024 192 ) (1120 -1024 192 ) (1120 -1024 128 ) (1184 -1024 128 ) 
4 117 162 (1312 -1024 192 ) (1248 -1024 192 ) (1248 -1024 128 ) (1312 -1024 128 ) 
4 117 155 (1440 -1024 192 ) (1376 -1024 192 ) (1376 -1024 128 ) (1440 -1024 128 ) 
4 117 154 (1568 -1024 192 ) (1504 -1024 192 ) (1504 -1024 128 ) (1568 -1024 128 ) 
4 117 153 (1696 -1024 192 ) (1632 -1024 192 ) (1632 -1024 128 ) (1696 -1024 128 ) 
4 117 146 (1824 -1024 192 ) (1760 -1024 192 ) (1760 -1024 128 ) (1824 -1024 128 ) 
4 117 145 (1952 -1024 192 ) (1888 -1024 192 ) (1888 -1024 128 ) (1952 -1024 128 ) 
4 117 144 (2048 -1024 128 ) (2048 -1024 192 ) (2016 -1024 192 ) (2016 -1024 128 ) 
4 117 121 (2048 -1024 128 ) (1088 -1024 128 ) (1088 -736 128 ) (2048 -736 128 ) 
4 118 119 (1088 -192 0 ) (1088 -448 0 ) (1088 -448 128 ) (1088 -192 128 ) 
4 119 134 (1024 -728 128 ) (1024 -340.239990 128 ) (1024 -340.239990 0 ) (1024 -728 0 ) 
4 119 130 (1024 -340.239990 128 ) (1024 -316.239990 128 ) (1024 -316.239990 0 ) (1024 -340.239990 0 ) 
4 119 129 (1024 -316.239990 128 ) (1024 -192 128 ) (1024 -192 0 ) (1024 -316.239990 0 ) 
4 119 120 (1024 -728 0 ) (1048 -728 0 ) (1048 -728 108 ) (1024 -728 108 ) 
4 120 135 (1024 -728 108 ) (1024 -728 0 ) (1024 -736 0 ) (1024 -736 108 ) 
4 120 128 (1024 -736 0 ) (1048 -736 0 ) (1048 -736 36 ) (1024 -736 36 ) 
4 120 125 (1048 -736 36 ) (1048 -736 108 ) (1024 -736 108 ) (1024 -736 36 ) 
4 121 165 (1184 -1024 128 ) (1120 -1024 128 ) (1120 -1024 0 ) (1184 -1024 0 ) 
4 121 163 (1312 -1024 128 ) (1248 -1024 128 ) (1248 -1024 0 ) (1312 -1024 0 ) 
4 121 160 (1440 -1024 128 ) (1376 -1024 128 ) (1376 -1024 0 ) (1440 -1024 0 ) 
4 121 158 (1568 -1024 128 ) (1504 -1024 128 ) (1504 -1024 0 ) (1568 -1024 0 ) 
4 121 156 (1696 -1024 128 ) (1632 -1024 128 ) (1632 -1024 0 ) (1696 -1024 0 ) 
4 121 151 (1824 -1024 128 ) (1760 -1024 128 ) (1760 -1024 0 ) (1824 -1024 0 ) 
4 121 149 (1952 -1024 128 ) (1888 -1024 128 ) (1888 -1024 0 ) (1952 -1024 0 ) 
4 121 147 (2048 -1024 0 ) (2048 -1024 128 ) (2016 -1024 128 ) (2016 -1024 0 ) 
4 121 122 (1088 -856 0 ) (1088 -904 0 ) (1088 -904 108 ) (1088 -856 108 ) 
4 122 123 (1080 -856 0 ) (1080 -904 0 ) (1080 -904 108 ) (1080 -856 108 ) 
4 123 128 (1064 -736 36 ) (1064 -736 0 ) (1064 -992 0 ) (1064 -992 36 ) 
4 123 125 (1064 -736 108 ) (1064 -736 36 ) (1064 -992 36 ) (1064 -992 108 ) 
4 123 124 (1064 -736 128 ) (1064 -736 108 ) (1064 -992 108 ) (1064 -992 128 ) 
4 124 138 (1024 -992 128 ) (1024 -736 128 ) (1024 -736 108 ) (1024 -992 108 ) 
4 124 125 (1024 -992 108 ) (1024 -736 108 ) (1064 -736 108 ) (1064 -992 108 ) 
4 125 139 (1024 -1004 108 ) (1024 -736 108 ) (1024 -736 36 ) (1024 -1004 36 ) 
4 125 128 (1024 -736 36 ) (1064 -736 36 ) (1064 -992 36 ) (1024 -992 36 ) 
4 125 126 (1024 -1004 36 ) (1064 -1004 36 ) (1064 -1004 108 ) (1024 -1004 108 ) 
4 126 140 (1024 -1006 108 ) (1024 -1004 108 ) (1024 -1004 36 ) (1024 -1006 36 ) 
4 126 127 (1024 -1006 36 ) (1064 -1006 36 ) (1064 -1006 108 ) (1024 -1006 108 ) 
4 127 141 (1024 -1024 36 ) (1024 -1024 108 ) (1024 -1006 108 ) (1024 -1006 36 ) 
4 128 142 (1024 -992 36 ) (1024 -736 36 ) (1024 -736 0 ) (1024 -992 0 ) 
3 129 132 (935.249023 -316.239990 57.784698 ) (931.249023 -316.239990 57.784698 ) (931.249023 -316.239990 38.041679 ) 
4 129 131 (939.249023 -316.239990 57.784698 ) (939.249023 -316.239990 128 ) (931.249023 -316.239990 128 ) (931.249023 -316.239990 57.784698 ) 
4 129 133 (896 -316.239990 128 ) (896 -316.239990 0 ) (931.249023 -316.239990 0 ) (931.249023 -316.239990 128 ) 
4 129 130 (939.249023 -316.239990 0 ) (1024 -316.239990 0 ) (1024 -316.239990 128 ) (939.249023 -316.239990 128 ) 
4 130 137 (939.249023 -340.239990 0 ) (960 -340.239990 0 ) (960 -340.239990 128 ) (939.249023 -340.239990 128 ) 
4 130 136 (960 -340.239990 0 ) (1000 -340.239990 0 ) (1000 -340.239990 128 ) (960 -340.239990 128 ) 
4 130 134 (1000 -340.239990 0 ) (1024 -340.239990 0 ) (1024 -340.239990 128 ) (1000 -340.239990 128 ) 
4 130 131 (939.249023 -316.239990 128 ) (939.249023 -316.239990 57.784698 ) (939.249023 -340.239990 57.784698 ) (939.249023 -340.239990 128 ) 
4 131 137 (939.249023 -340.239990 57.784698 ) (939.249023 -340.239990 128 ) (931.249023 -340.239990 128 ) (931.249023 -340.239990 57.784698 ) 
4 131 132 (931.249023 -340.239990 57.784698 ) (931.249023 -316.239990 57.784698 ) (935.249023 -316.239990 57.784698 ) (935.249023 -340.239990 57.784698 ) 
4 131 133 (931.249023 -316.239990 128 ) (931.249023 -316.239990 57.784698 ) (931.249023 -340.239990 57.784698 ) (931.249023 -340.239990 128 ) 
3 132 137 (935.249023 -340.239990 57.784698 ) (931.249023 -340.239990 57.784698 ) (931.249023 -340.239990 38.041679 ) 
4 132 133 (931.249023 -316.239990 57.784698 ) (931.249023 -316.239990 38.041679 ) (931.249023 -340.239990 38.041679 ) (931.249023 -340.239990 57.784698 ) 
4 133 137 (896 -340.239990 128 ) (896 -340.239990 0 ) (931.249023 -340.239990 0 ) (931.249023 -340.239990 128 ) 
4 134 136 (1000 -340.239990 128 ) (1000 -340.239990 0 ) (1000 -728 0 ) (1000 -728 128 ) 
4 134 135 (1000 -728 108 ) (1000 -728 0 ) (1024 -728 0 ) (1024 -728 108 ) 
4 135 142 (1000 -736 0 ) (1024 -736 0 ) (1024 -736 36 ) (1000 -736 36 ) 
4 135 139 (1024 -736 36 ) (1024 -736 108 ) (1000 -736 108 ) (1000 -736 36 ) 
4 136 137 (960 -340.239990 128 ) (960 -340.239990 0 ) (960 -448 0 ) (960 -448 128 ) 
4 138 143 (968 -736 128 ) (968 -736 108 ) (968 -992 108 ) (968 -992 128 ) 
4 138 139 (968 -992 108 ) (968 -736 108 ) (1024 -736 108 ) (1024 -992 108 ) 
4 139 143 (968 -736 108 ) (968 -736 36 ) (968 -992 36 ) (968 -992 108 ) 
4 139 142 (968 -992 36 ) (968 -736 36 ) (1024 -736 36 ) (1024 -992 36 ) 
4 139 140 (968 -1004 36 ) (1024 -1004 36 ) (1024 -1004 108 ) (968 -1004 108 ) 
4 140 141 (968 -1006 36 ) (1024 -1006 36 ) (1024 -1006 108 ) (968 -1006 108 ) 
4 142 143 (968 -736 36 ) (968 -736 0 ) (968 -992 0 ) (968 -992 36 ) 
4 144 147 (2016 -1032 128 ) (2016 -1024 128 ) (2048 -1024 128 ) (2048 -1032 128 ) 
4 145 149 (1888 -1032 128 ) (1888 -1024 128 ) (1952 -1024 128 ) (1952 -1032 128 ) 
4 146 151 (1760 -1032 128 ) (1760 -1024 128 ) (1824 -1024 128 ) (1824 -1032 128 ) 
4 147 148 (2016 -1048 128 ) (2016 -1048 0 ) (2048 -1048 0 ) (2048 -1048 128 ) 
4 149 150 (1888 -1048 128 ) (1888 -1048 0 ) (1952 -1048 0 ) (1952 -1048 128 ) 
4 151 152 (1824 -1048 0 ) (1824 -1048 128 ) (1760 -1048 128 ) (1760 -1048 0 ) 
4 153 156 (1632 -1024 128 ) (1696 -1024 128 ) (1696 -1032 128 ) (1632 -1032 128 ) 
4 154 158 (1504 -1024 128 ) (1568 -1024 128 ) (1568 -1032 128 ) (1504 -1032 128 ) 
4 155 160 (1376 -1032 128 ) (1376 -1024 128 ) (1440 -1024 128 ) (1440 -1032 128 ) 
4 156 157 (1632 -1048 128 ) (1632 -1048 0 ) (1696 -1048 0 ) (1696 -1048 128 ) 
4 158 159 (1504 -1048 128 ) (1504 -1048 0 ) (1568 -1048 0 ) (1568 -1048 128 ) 
4 160 161 (1440 -1048 0 ) (1440 -1048 128 ) (1376 -1048 128 ) (1376 -1048 0 ) 
4 162 163 (1248 -1032 128 ) (1248 -1024 128 ) (1312 -1024 128 ) (1312 -1032 128 ) 
4 163 164 (1312 -1048 0 ) (1312 -1048 128 ) (1248 -1048 128 ) (1248 -1048 0 ) 
4 165 166 (1120 -1032 128 ) (1120 -1032 0 ) (1184 -1032 0 ) (1184 -1032 128 ) 
