PRT1
29
224
4 0 1 (2048 1024 -8 ) (1024 1024 -8 ) (1024 2048 -8 ) (2048 2048 -8 ) 
4 0 2 (2048 0 -8 ) (1024 0 -8 ) (1024 1024 -8 ) (2048 1024 -8 ) 
4 0 3 (2048 -1024 -8 ) (1024 -1024 -8 ) (1024 0 -8 ) (2048 0 -8 ) 
5 0 8 (0 1024 1912.477539 ) (0 1024 2560 ) (0 2048 2560 ) (0 2048 158.430664 ) (0 1741.373291 363.360748 ) 
4 0 8 (0 1741.373291 363.360748 ) (0 2048 158.430664 ) (0 2048 128 ) (0 1850.365479 128 ) 
4 0 4 (0 2048 -8 ) (18.010864 2048 -8 ) (23.675354 1024 -8 ) (0 1024 -8 ) 
4 0 5 (684.207275 1024 -8 ) (678.549377 2048 -8 ) (1024 2048 -8 ) (1024 1024 -8 ) 
4 0 7 (706.923828 1024 -92.787842 ) (684.205017 1024 -8 ) (23.677181 1024 -8 ) (90.642944 1024 -257.919739 ) 
3 0 13 (0 1024 2560 ) (0 1024 2545.509766 ) (0 322.217773 2560 ) 
6 0 13 (0 0 1022.219971 ) (0 0 2560 ) (0 322.217743 2560 ) (0 1024 2545.509766 ) (0 1024 886.159912 ) (0 619.870605 826.626404 ) 
4 0 13 (0 0 777.918945 ) (0 0 1022.219971 ) (0 619.870605 826.626404 ) (0 289.231049 777.918945 ) 
3 0 13 (0 0 735.311462 ) (0 0 777.918945 ) (0 289.230988 777.918945 ) 
4 0 7 (0 0 -8 ) (0 1024 -8 ) (1024 1024 -8 ) (1024 0 -8 ) 
3 0 11 (-1024 1241.021851 138.891266 ) (-1024 1258.590698 128 ) (-1024 1223.457397 128 ) 
5 0 11 (-1024 1024 128 ) (-1024 1024 193.763382 ) (-1024 1112.833740 218.357452 ) (-1024 1241.021851 138.891266 ) (-1024 1223.457397 128 ) 
5 0 11 (-1024 1112.833740 218.357452 ) (-1024 1240.993652 253.839157 ) (-1024 1311.512695 234.322495 ) (-1024 1382.563354 128 ) (-1024 1258.590698 128 ) 
4 0 11 (-1024 1311.512695 234.322495 ) (-1024 1470.027344 190.452408 ) (-1024 1563.479858 128 ) (-1024 1382.563354 128 ) 
3 0 11 (-1024 1024 193.763382 ) (-1024 1024 313.893738 ) (-1024 1240.993652 253.839157 ) 
4 0 11 (-1024 1024 313.893738 ) (-1024 1024 411.705261 ) (-1024 1126.329956 420.138367 ) (-1024 1470.027344 190.452408 ) 
5 0 11 (-1024 1126.329956 420.138367 ) (-1024 1240.934326 429.583008 ) (-1024 1310.738770 423.832031 ) (-1024 1753.444092 128 ) (-1024 1563.479858 128 ) 
4 0 11 (-1024 1310.738770 423.832031 ) (-1024 2048 363.091248 ) (-1024 2048 128 ) (-1024 1753.444092 128 ) 
3 0 11 (-1024 1240.934326 429.583008 ) (-1024 2048 496.093994 ) (-1024 2048 363.091248 ) 
4 0 11 (-1024 1024 411.705261 ) (-1024 1024 690.506775 ) (-1024 2048 1325.303101 ) (-1024 2048 496.093994 ) 
4 0 10 (-1024 1024 690.506775 ) (-1024 1024 2560 ) (-1024 2048 2560 ) (-1024 2048 1325.303101 ) 
5 0 8 (-17.324177 1848.310791 128 ) (-18.428802 2048 128 ) (-670.080688 2048 2560 ) (-664.416321 1024 2560 ) (-459.388428 1024 1794.824951 ) 
4 0 13 (0 1024 1146.021484 ) (0 1024 1912.477539 ) (-459.388153 1024 1794.825195 ) (-266.861816 1024 1076.306641 ) 
4 0 13 (0 1024 886.159912 ) (0 1024 1146.021484 ) (-266.861816 1024 1076.306641 ) (-201.408051 1024 832.029724 ) 
4 0 11 (-1024 1024 -8 ) (-1024 1024 128 ) (-1024 2048 128 ) (-1024 2048 -8 ) 
4 0 9 (-1024 2048 -8 ) (0 2048 -8 ) (0 1024 -8 ) (-1024 1024 -8 ) 
3 0 11 (-1024 298.301331 128 ) (-1024 0 128 ) (-1024 0 1627.613770 ) 
5 0 11 (-1024 1024 2560 ) (-1024 1024 128 ) (-1024 298.301331 128 ) (-1024 0 1627.613770 ) (-1024 0 2560 ) 
4 0 13 (-201.408356 1024 832.029663 ) (-664.416260 1024 2560 ) (-658.751770 0 2560 ) (-158.419891 0 692.734619 ) 
4 0 11 (-1024 1024 128 ) (-1024 1024 -8 ) (-1024 0 -8 ) (-1024 0 128 ) 
4 0 14 (-1024 1024 -8 ) (0 1024 -8 ) (0 0 -8 ) (-1024 0 -8 ) 
5 0 24 (0 0 2560 ) (0 0 2193.922607 ) (0 -889.502747 261.754639 ) (0 -1024 157.758987 ) (0 -1024 2560 ) 
5 0 24 (0 -959.286133 128 ) (0 -1024 128 ) (0 -1024 157.758987 ) (0 -889.502808 261.754639 ) (0 -940.486267 151.008881 ) 
3 0 24 (0 -951.078796 128 ) (0 -959.286133 128 ) (0 -940.486267 151.008881 ) 
4 0 21 (0 0 -8 ) (29.339844 0 -8 ) (35.004333 -1024 -8 ) (0 -1024 -8 ) 
4 0 22 (695.542236 -1024 -8 ) (689.876953 0 -8 ) (1024 0 -8 ) (1024 -1024 -8 ) 
3 0 11 (-1024 -653.272278 128 ) (-1024 -1024 128 ) (-1024 -1024 230.606171 ) 
6 0 11 (-1024 0 150.202576 ) (-1024 0 128 ) (-1024 -653.272278 128 ) (-1024 -1024 230.606171 ) (-1024 -1024 436.508575 ) (-1024 -493.857666 480.189178 ) 
4 0 11 (-1024 0 501.153931 ) (-1024 0 150.202576 ) (-1024 -493.857666 480.189178 ) (-1024 -119.705383 511.017120 ) 
3 0 11 (-1024 0 520.880127 ) (-1024 0 501.153931 ) (-1024 -119.705383 511.017120 ) 
4 0 26 (-1024 0 2560 ) (-1024 0 520.880127 ) (-1024 -1024 436.508575 ) (-1024 -1024 2560 ) 
5 0 24 (-1.435332 -1024 128 ) (-1.840025 -950.841675 128 ) (-521.547974 0 2047.948242 ) (-658.751709 0 2560 ) (-653.087219 -1024 2560 ) 
4 0 11 (-1024 0 128 ) (-1024 0 -8 ) (-1024 -1024 -8 ) (-1024 -1024 128 ) 
4 0 25 (-1024 0 -8 ) (0 0 -8 ) (0 -1024 -8 ) (-1024 -1024 -8 ) 
4 1 6 (1024 1024 -2048 ) (1024 1024 -1276.135132 ) (1024 2048 -1297.250732 ) (1024 2048 -2048 ) 
4 1 5 (1024 1024 -1276.135132 ) (1024 1024 -8 ) (1024 2048 -8 ) (1024 2048 -1297.250732 ) 
4 1 2 (2048 1024 -2048 ) (2048 1024 -8 ) (1024 1024 -8 ) (1024 1024 -2048 ) 
4 2 7 (1024 0 -2048 ) (1024 0 -8 ) (1024 1024 -8 ) (1024 1024 -2048 ) 
4 2 3 (2048 0 -2048 ) (2048 0 -8 ) (1024 0 -8 ) (1024 0 -2048 ) 
4 3 23 (1024 -1024 -2048 ) (1024 -1024 -1233.827637 ) (1024 0 -1254.970947 ) (1024 0 -2048 ) 
4 3 22 (1024 -1024 -1233.827637 ) (1024 -1024 -8 ) (1024 0 -8 ) (1024 0 -1254.970947 ) 
4 4 9 (0 1024 -2048 ) (0 1024 -8 ) (0 2048 -8 ) (0 2048 -2048 ) 
4 4 7 (0 1024 -8 ) (0 1024 -2048 ) (570.293274 1024 -2048 ) (23.677185 1024 -8 ) 
3 4 0 (18.662022 1930.529419 -8 ) (18.744783 1915.568115 -8 ) (30.731808 1937.920166 -53.197647 ) 
4 4 0 (85.356537 2048 -259.332642 ) (18.012207 2048 -8 ) (18.662022 1930.529419 -8 ) (85.750862 1971.609985 -259.227234 ) 
5 4 0 (19.353254 1805.571533 -8 ) (23.676693 1024 -8 ) (90.642471 1024 -257.919861 ) (86.211166 1882.439941 -259.104218 ) (40.554073 1850.729858 -88.054855 ) 
4 4 6 (570.292603 1024 -2048 ) (564.628113 2048 -2048 ) (85.356537 2048 -259.332642 ) (90.642471 1024 -257.919861 ) 
3 5 7 (1024 1024 -1276.135010 ) (1024 1024 -8 ) (684.205017 1024 -8 ) 
4 5 0 (679.066895 1954.152832 -8 ) (678.548401 2048 -8 ) (701.645142 2048 -94.198532 ) (702.056458 1968.230103 -94.088615 ) 
4 5 0 (706.924927 1024 -92.787476 ) (684.206299 1024 -8 ) (679.569946 1863.113037 -8 ) (702.516235 1879.049927 -93.965721 ) 
4 5 6 (1024 1024 -1276.131714 ) (706.924927 1024 -92.787476 ) (701.645142 2048 -94.198532 ) (1024 2048 -1297.247559 ) 
5 6 7 (1024 1024 -2048 ) (1024 1024 -1276.135010 ) (706.923828 1024 -92.787842 ) (90.642944 1024 -257.919739 ) (570.293274 1024 -2048 ) 
4 6 0 (85.358406 2048 -259.332489 ) (85.752739 1971.610107 -259.227112 ) (702.056641 1968.230103 -94.088997 ) (701.645325 2048 -94.198914 ) 
4 6 0 (86.213043 1882.440063 -259.104095 ) (90.644409 1024 -257.919861 ) (706.925171 1024 -92.787933 ) (702.516418 1879.050049 -93.966118 ) 
4 7 0 (712.212524 0 -91.363037 ) (689.875488 0 -8 ) (29.341675 0 -8 ) (95.926079 0 -256.496521 ) 
5 7 23 (1024 0 -2048 ) (1024 0 -1254.971069 ) (712.212524 0 -91.363037 ) (95.926079 0 -256.496521 ) (575.957703 0 -2048 ) 
3 7 22 (1024 0 -1254.971069 ) (1024 0 -8 ) (689.875488 0 -8 ) 
4 7 21 (29.341675 0 -8 ) (0 0 -8 ) (0 0 -2048 ) (575.957703 0 -2048 ) 
4 7 14 (0 0 -2048 ) (0 0 -8 ) (0 1024 -8 ) (0 1024 -2048 ) 
4 8 13 (0 1024 1912.477539 ) (0 1024 2560 ) (-664.416016 1024 2560 ) (-459.388153 1024 1794.825195 ) 
4 8 0 (-17.323725 1848.310791 128 ) (-18.428345 2048 128 ) (0 2048 128 ) (0 1850.365479 128 ) 
4 8 0 (0 1024 1912.484619 ) (-459.392059 1024 1794.831299 ) (-21.873169 1839.838501 145.138184 ) (0 1839.718994 150.998077 ) 
4 9 14 (0 1024 -2048 ) (0 1024 -8 ) (-1024 1024 -8 ) (-1024 1024 -2048 ) 
4 9 12 (-1024 1024 -2048 ) (-1024 1024 -8 ) (-1024 2048 -8 ) (-1024 2048 -2048 ) 
5 10 11 (-2048 1254.530640 309.352356 ) (-2048 1221.202148 306.605164 ) (-2048 1077.825317 395.489258 ) (-2048 1083.505371 395.957214 ) (-2048 1130.721802 392.066040 ) 
3 10 11 (-2048 1694.417725 345.611176 ) (-2048 1254.530640 309.352356 ) (-2048 1130.721802 392.066040 ) 
4 10 11 (-2048 2048 475.419189 ) (-2048 2048 374.756104 ) (-2048 1694.417725 345.611176 ) (-2048 1083.505371 395.957214 ) 
5 10 16 (-2048 1024 428.857361 ) (-2048 1024 2560 ) (-2048 2048 2560 ) (-2048 2048 475.419189 ) (-2048 1077.825317 395.489258 ) 
6 10 11 (-1024 1024 690.506775 ) (-1024 1024 2560 ) (-2048 1024 2560 ) (-2048 1024 428.857422 ) (-1966.311401 1024 306.599548 ) (-1175.396729 1024 463.926941 ) 
4 10 11 (-1599.530273 2048 463.965027 ) (-1024 2048 1325.299561 ) (-1024 1024 690.504517 ) (-1175.395386 1024 463.927246 ) 
3 10 11 (-1990.957275 1083.499146 306.601440 ) (-1974.420044 1043.577148 306.600311 ) (-2017.619629 1083.491211 346.510071 ) 
3 10 11 (-2044.123047 1147.495605 346.497345 ) (-2041.802246 1206.242554 306.604919 ) (-2025.271362 1166.335693 306.603790 ) 
4 10 11 (-1966.310425 1024 306.599762 ) (-1992.992676 1024 346.533295 ) (-2017.631958 1083.502686 346.521515 ) (-1974.420044 1043.577148 306.600311 ) 
4 10 11 (-1992.992676 1024 346.533295 ) (-2048 1024 428.858887 ) (-2048 1049.350830 413.143097 ) (-2044.123657 1147.478638 346.508881 ) 
3 10 11 (-2048 1049.350830 413.143097 ) (-2048 1221.204346 306.605347 ) (-2041.802246 1206.242554 306.604919 ) 
3 10 11 (-1656.604126 1215.596069 384 ) (-1672 1178.412231 377.871796 ) (-1691.229248 1180.970825 374.257812 ) 
4 10 11 (-1656.604126 1215.596069 384 ) (-1656.600098 1215.596069 384 ) (-1656.600830 1176.363037 380.766266 ) (-1672 1178.412231 377.871796 ) 
3 10 11 (-1656.600098 1215.596069 384 ) (-1644.438110 1186.241943 384 ) (-1656.600830 1176.363037 380.766266 ) 
4 10 11 (-1656.600098 1215.596069 384 ) (-1656.595825 1215.596069 384.001190 ) (-1634.950439 1193.947998 386.522461 ) (-1644.438110 1186.241943 384 ) 
4 10 11 (-1656.595825 1215.596069 384.001190 ) (-1632.337524 1205.548950 387.998474 ) (-1634.936890 1193.958984 386.526062 ) (-1634.950439 1193.947998 386.522461 ) 
3 10 11 (-1656.595825 1215.596069 384.001190 ) (-1630.084229 1215.595825 389.274841 ) (-1632.337524 1205.548950 387.998474 ) 
3 10 11 (-1951.461304 1215.598755 325.346832 ) (-1705.577393 1215.596558 374.257812 ) (-1691.229248 1180.970825 374.257812 ) 
6 10 11 (-1966.310059 1024 306.599945 ) (-2041.796753 1206.230347 306.605103 ) (-1951.574341 1215.598755 325.324341 ) (-1951.461304 1215.598755 325.346832 ) (-1656.600830 1176.363037 380.766266 ) (-1844.188354 1024 330.892365 ) 
3 10 11 (-1634.936890 1193.958984 386.526062 ) (-1673.054810 1024 364.934204 ) (-1844.188354 1024 330.892365 ) 
4 10 11 (-1630.084229 1215.595825 389.274841 ) (-1630.082520 1215.595825 389.275177 ) (-1550.706787 1024 389.271637 ) (-1673.054810 1024 364.934204 ) 
4 10 11 (-1630.082520 1215.595825 389.275177 ) (-1608.259277 1215.595581 393.616241 ) (-1305.938965 1024 437.960785 ) (-1550.706787 1024 389.271637 ) 
4 10 11 (-1608.259277 1215.595581 393.616241 ) (-1254.756836 1215.592285 463.934570 ) (-1175.400391 1024 463.927490 ) (-1305.938965 1024 437.960785 ) 
3 10 11 (-2041.796753 1206.230347 306.605103 ) (-2045.677856 1215.599609 306.605377 ) (-1951.574341 1215.598755 325.324341 ) 
5 10 11 (-2045.677856 1215.599609 306.605377 ) (-2048 1221.205444 306.605530 ) (-2048 2048 374.756775 ) (-1599.535156 2048 463.965271 ) (-1254.756836 1215.592285 463.934570 ) 
3 11 16 (-2048 1049.382935 413.121643 ) (-2048 1077.825317 395.489258 ) (-2048 1076 395.338837 ) 
4 11 16 (-2048 1024 391.054718 ) (-2048 1024 428.857361 ) (-2048 1049.382935 413.121643 ) (-2048 1076 395.338806 ) 
4 11 12 (-2048 2048 -8 ) (-1024 2048 -8 ) (-1024 1024 -8 ) (-2048 1024 -8 ) 
5 11 26 (-1024 0 1627.613770 ) (-1024 0 2560 ) (-2048 0 2560 ) (-2048 0 317.229492 ) (-1611.610718 0 404.017670 ) 
5 11 19 (-2048 1006.883850 2560 ) (-2048 1024 2560 ) (-2048 1024 936.431641 ) (-2048 720.938354 482.871429 ) (-2048 591.618042 472.214722 ) 
4 11 18 (-2048 0 441.246155 ) (-2048 0 2560 ) (-2048 1006.883850 2560 ) (-2048 595.209167 490.269531 ) 
3 11 26 (-1024 0 520.880310 ) (-1024 0 1627.613770 ) (-1611.610596 0 404.017700 ) 
4 11 15 (-1024 1024 -8 ) (-1024 0 -8 ) (-2048 0 -8 ) (-2048 1024 -8 ) 
4 11 17 (-3072 1024 -8 ) (-3072 2048 -8 ) (-2048 2048 -8 ) (-2048 1024 -8 ) 
4 11 19 (-3059.963867 128.357056 250.499756 ) (-2048 595.209961 490.269287 ) (-2048 591.618896 472.214722 ) (-2818.707520 236.068909 289.623596 ) 
4 11 19 (-3072 119.217613 229.615143 ) (-3072 122.804382 247.647980 ) (-3059.963867 128.357056 250.499756 ) (-2818.707520 236.068909 289.623596 ) 
4 11 20 (-2048 0 -8 ) (-3072 0 -8 ) (-3072 1024 -8 ) (-2048 1024 -8 ) 
4 11 27 (-2048 0 -8 ) (-1024 0 -8 ) (-1024 -1024 -8 ) (-2048 -1024 -8 ) 
4 11 28 (-3072 -1024 -8 ) (-3072 0 -8 ) (-2048 0 -8 ) (-2048 -1024 -8 ) 
4 12 17 (-2048 1024 -2048 ) (-2048 1024 -8 ) (-2048 2048 -8 ) (-2048 2048 -2048 ) 
4 12 15 (-1024 1024 -2048 ) (-1024 1024 -8 ) (-2048 1024 -8 ) (-2048 1024 -2048 ) 
4 13 0 (0 0 735.311523 ) (0 0 738.987793 ) (-159.301590 0 696.026550 ) (-158.419586 0 692.734863 ) 
4 13 0 (0 0 738.987793 ) (0 0 799.484131 ) (-174.372696 0 752.272705 ) (-159.301590 0 696.026550 ) 
4 13 0 (0 0 799.484131 ) (0 0 949.533875 ) (-211.782150 0 891.886719 ) (-174.372696 0 752.272705 ) 
4 13 0 (0 0 949.533875 ) (0 0 1302.057495 ) (-299.634094 0 1219.754761 ) (-211.782150 0 891.886719 ) 
4 13 0 (0 0 1302.057495 ) (0 0 2193.922363 ) (-521.547729 0 2047.948242 ) (-299.634094 0 1219.754761 ) 
4 13 24 (0 0 2193.922363 ) (0 0 2560 ) (-658.751526 0 2560 ) (-521.547729 0 2047.948242 ) 
4 13 0 (-170.600296 290.165375 732.205444 ) (-177.297363 449.691620 753.905823 ) (0 448.716736 801.412476 ) (0 289.235962 777.918945 ) 
4 13 0 (-177.297363 449.691620 753.905823 ) (-184.484222 620.884766 777.193237 ) (0 619.872437 826.625916 ) (0 448.716736 801.412476 ) 
4 13 0 (-184.484222 620.884766 777.193237 ) (-201.407394 1024 832.029053 ) (0 1024 886.159058 ) (0 619.872437 826.625916 ) 
4 14 25 (0 0 -2048 ) (0 0 -8 ) (-1024 0 -8 ) (-1024 0 -2048 ) 
4 14 15 (-1024 1024 -8 ) (-1024 1024 -2048 ) (-1024 0 -2048 ) (-1024 0 -8 ) 
4 15 27 (-1024 0 -2048 ) (-1024 0 -8 ) (-2048 0 -8 ) (-2048 0 -2048 ) 
4 15 20 (-2048 0 -2048 ) (-2048 0 -8 ) (-2048 1024 -8 ) (-2048 1024 -2048 ) 
4 16 11 (-3072 1024 226.674194 ) (-3072 1024 187.405029 ) (-2494.324951 1024 302.291138 ) (-2511.548340 1024 338.158295 ) 
4 16 11 (-3072 1024 255.794144 ) (-3072 1024 226.674194 ) (-2511.548340 1024 338.158295 ) (-2524.312500 1024 364.739258 ) 
4 16 11 (-2626.598877 1024 577.748047 ) (-3072 1024 301.636230 ) (-3072 1024 255.794144 ) (-2524.312500 1024 364.739258 ) 
3 16 11 (-2589.511230 1024 500.513824 ) (-2494.324951 1024 302.291138 ) (-2133.048584 1024 374.140533 ) 
5 16 11 (-2503.025146 1024 654.353577 ) (-2626.598877 1024 577.748047 ) (-2589.511230 1024 500.513824 ) (-2133.048584 1024 374.140533 ) (-2094.958252 1024 381.715820 ) 
4 16 11 (-2048 1024 391.054749 ) (-2048 1024 936.431519 ) (-2503.025146 1024 654.353577 ) (-2094.958252 1024 381.715820 ) 
3 16 11 (-3072 1024 304.174316 ) (-3072 1024 301.636230 ) (-3065.971680 1024 305.373291 ) 
5 16 19 (-2048 1024 936.431519 ) (-2048 1024 2560 ) (-3072 1024 2560 ) (-3072 1024 304.174316 ) (-3065.971680 1024 305.373291 ) 
3 16 11 (-2108.125488 1083.479370 383.997559 ) (-2123.528564 1046.286011 377.869995 ) (-2142.755127 1048.843872 374.257019 ) 
4 16 11 (-2108.125488 1083.479370 383.997559 ) (-2108.125488 1044.242798 380.764954 ) (-2108.131836 1044.237671 380.763275 ) (-2123.528564 1046.286011 377.869995 ) 
3 16 11 (-2108.125488 1083.494141 383.998779 ) (-2095.957520 1054.125732 384 ) (-2108.125488 1044.242798 380.764954 ) 
4 16 11 (-2108.125488 1083.494141 383.998779 ) (-2086.473633 1061.842285 386.520996 ) (-2086.477295 1061.825562 386.518890 ) (-2095.957520 1054.125732 384 ) 
3 16 11 (-2108.130127 1083.498657 383.998260 ) (-2083.870117 1073.453979 387.995422 ) (-2086.473633 1061.842285 386.520996 ) 
4 16 11 (-2108.145752 1083.505127 383.995667 ) (-2081.630859 1083.505127 389.268860 ) (-2081.621582 1083.482788 389.268860 ) (-2083.870117 1073.453979 387.995422 ) 
4 16 11 (-2403.076416 1083.505005 325.340820 ) (-2157.131348 1083.505127 374.253571 ) (-2142.773682 1048.846313 374.253540 ) (-2403.196777 1083.492554 325.315857 ) 
4 16 11 (-2108.131836 1044.237671 380.763275 ) (-2133.048828 1024 374.140564 ) (-2976.473145 1024 206.403168 ) (-2403.196777 1083.492554 325.315857 ) 
3 16 11 (-2086.477295 1061.825562 386.518890 ) (-2094.958252 1024 381.715881 ) (-2133.048828 1024 374.140564 ) 
3 16 11 (-2081.621582 1083.482788 389.268860 ) (-2056.974365 1024 389.269989 ) (-2094.958252 1024 381.715881 ) 
5 16 11 (-2081.630859 1083.505127 389.268860 ) (-2059.841309 1083.505127 393.602295 ) (-2048 1076 395.338837 ) (-2048 1024 391.054779 ) (-2056.974365 1024 389.269989 ) 
3 16 11 (-2059.841309 1083.505127 393.602295 ) (-2048 1083.505127 395.957245 ) (-2048 1076 395.338837 ) 
4 16 11 (-3072 1024 187.405136 ) (-3072 1083.504761 192.307571 ) (-2403.076416 1083.505005 325.340820 ) (-2976.473145 1024 206.403168 ) 
4 16 11 (-3072 1083.504761 192.307571 ) (-3072 2048 271.769775 ) (-2048 2048 475.419434 ) (-2048 1083.505127 395.957245 ) 
4 17 20 (-2048 1024 -2048 ) (-2048 1024 -8 ) (-3072 1024 -8 ) (-3072 1024 -2048 ) 
4 18 11 (-2048 0 441.246155 ) (-2048 0 2560 ) (-3072 0 2560 ) (-3072 0 237.533447 ) 
4 18 19 (-3072 122.804382 247.647980 ) (-3072 582.736328 2560 ) (-2048 1006.883301 2560 ) (-2048 595.209961 490.269287 ) 
3 18 11 (-2388.895996 128.352951 384 ) (-2404.306641 91.165207 377.870972 ) (-2423.541016 93.719498 374.254913 ) 
3 18 11 (-2388.895996 128.352951 384 ) (-2388.899414 89.119133 380.767548 ) (-2404.306641 91.165207 377.870972 ) 
3 18 11 (-2388.895996 128.352951 384 ) (-2376.740479 98.991982 384 ) (-2388.899414 89.119133 380.767548 ) 
4 18 11 (-2388.895996 128.352951 384 ) (-2367.246826 106.703506 386.523376 ) (-2367.247559 106.699928 386.522919 ) (-2376.740479 98.991982 384 ) 
3 18 11 (-2388.905273 128.362183 383.998505 ) (-2364.646484 118.310570 387.996674 ) (-2367.246826 106.703506 386.523376 ) 
3 18 11 (-2388.905273 128.362183 383.998505 ) (-2362.394531 128.362183 389.272522 ) (-2364.646484 118.310570 387.996674 ) 
4 18 11 (-2684.272705 128.362167 325.238708 ) (-2437.883789 128.362183 374.254852 ) (-2423.541016 93.719498 374.254913 ) (-2684.347656 128.354385 325.223145 ) 
5 18 11 (-2388.899414 89.119133 380.767548 ) (-2498.654541 0 351.592957 ) (-3072 0 237.532654 ) (-3072 88.164635 244.794159 ) (-2684.347656 128.354385 325.223145 ) 
3 18 11 (-2367.247559 106.699928 386.522919 ) (-2391.151611 0 372.979370 ) (-2498.654541 0 351.592957 ) 
4 18 11 (-2362.394531 128.362183 389.272522 ) (-2362.392334 128.362183 389.272949 ) (-2309.249023 0 389.272919 ) (-2391.151611 0 372.979370 ) 
4 18 11 (-2362.392334 128.362183 389.272949 ) (-2340.584961 128.362183 393.611267 ) (-2138.053955 0 423.330139 ) (-2309.249023 0 389.272919 ) 
4 18 11 (-2340.584961 128.362183 393.611267 ) (-2048 128.362183 451.817596 ) (-2048 0 441.245300 ) (-2138.053955 0 423.330139 ) 
4 18 11 (-3072 122.796989 247.646591 ) (-3059.936768 128.362152 250.504791 ) (-2684.272705 128.362167 325.238708 ) (-3072 88.164635 244.794159 ) 
3 18 11 (-3059.936768 128.362152 250.504791 ) (-2048 595.202698 490.268036 ) (-2048 128.362183 451.817596 ) 
4 19 11 (-3065.985596 1024 305.370575 ) (-2626.601074 1024 577.752563 ) (-2048 784.338013 577.761169 ) (-2048 720.933838 482.871033 ) 
3 19 11 (-2626.601074 1024 577.752563 ) (-2503.029541 1024 654.356628 ) (-2423.268311 939.777710 577.755615 ) 
4 19 11 (-2503.029541 1024 654.356628 ) (-2048 1024 936.437256 ) (-2048 784.338013 577.761169 ) (-2423.268311 939.777710 577.755615 ) 
4 19 11 (-2456.612305 507.364166 384 ) (-2456.609131 507.356781 384 ) (-2472.014160 470.169220 377.870941 ) (-2491.250488 472.725464 374.255524 ) 
3 19 11 (-2456.609131 507.356781 384 ) (-2456.611572 468.122437 380.765839 ) (-2472.014160 470.169220 377.870941 ) 
3 19 11 (-2456.609131 507.356781 384 ) (-2444.445801 478.003265 384 ) (-2456.611572 468.122437 380.765839 ) 
4 19 11 (-2456.612305 507.364166 384 ) (-2434.958984 485.713287 386.522064 ) (-2434.960205 485.707306 386.521301 ) (-2444.445801 478.003265 384 ) 
3 19 11 (-2456.612305 507.364166 384 ) (-2432.356689 497.319000 387.996002 ) (-2434.958984 485.713287 386.522064 ) 
4 19 11 (-2456.612305 507.364166 384 ) (-2430.107910 507.364166 389.271057 ) (-2430.105713 507.358734 389.271057 ) (-2432.356689 497.319000 387.996002 ) 
4 19 11 (-2751.886230 507.360260 325.269806 ) (-2751.848145 507.364197 325.277710 ) (-2505.601807 507.364166 374.255493 ) (-2491.250488 472.725464 374.255524 ) 
5 19 11 (-2641.909912 317.625488 331.508606 ) (-3072 119.212128 229.614395 ) (-3072 474.156769 258.863831 ) (-2751.886230 507.360260 325.269806 ) (-2456.611572 468.122437 380.765839 ) 
3 19 11 (-2453.118896 404.720459 376.235809 ) (-2641.909912 317.625488 331.508606 ) (-2434.960205 485.707306 386.521301 ) 
3 19 11 (-2398.098633 430.102966 389.270874 ) (-2453.118896 404.720459 376.235809 ) (-2430.105713 507.358734 389.271057 ) 
4 19 11 (-2333.450195 459.927185 404.586945 ) (-2398.098633 430.102966 389.270874 ) (-2430.107910 507.364166 389.271057 ) (-2408.295166 507.364166 393.609528 ) 
3 19 11 (-2230.623779 507.364136 428.947937 ) (-2333.450195 459.927185 404.586945 ) (-2408.295166 507.364166 393.609528 ) 
3 19 11 (-3072 474.156769 258.863831 ) (-3072 507.364227 261.600311 ) (-2751.848145 507.364197 325.277710 ) 
6 19 11 (-2048 591.613953 472.214020 ) (-2230.623779 507.364136 428.947937 ) (-3072 507.364227 261.600311 ) (-3072 1024 304.174011 ) (-3065.972656 1024 305.372864 ) (-2048 720.938538 482.871063 ) 
4 20 28 (-2048 0 -2048 ) (-2048 0 -8 ) (-3072 0 -8 ) (-3072 0 -2048 ) 
4 21 25 (0 0 -8 ) (0 0 -2048 ) (0 -1024 -2048 ) (0 -1024 -8 ) 
3 21 0 (34.973545 -1018.194763 -8 ) (35.005657 -1024 -8 ) (38.146538 -1024 -19.721939 ) 
5 21 0 (95.925568 0 -256.496582 ) (29.341187 0 -8 ) (34.365665 -908.304993 -8 ) (55.016167 -951.344055 -84.180267 ) (101 -983.050293 -255.137161 ) 
4 21 23 (581.621521 -1024 -2048 ) (575.957031 0 -2048 ) (95.925568 0 -256.496582 ) (101.210632 -1024 -255.080536 ) 
4 22 0 (695.249084 -971.229492 -8 ) (689.875610 0 -8 ) (712.212646 0 -91.363091 ) (717.304626 -986.437256 -89.998734 ) 
4 22 23 (1024 0 -1254.970215 ) (1024 -1024 -1233.826904 ) (717.498535 -1024 -89.946777 ) (712.212646 0 -91.363091 ) 
4 23 0 (95.925842 0 -256.497192 ) (101 -983.050354 -255.137695 ) (717.302856 -986.437317 -90 ) (712.210938 0 -91.364258 ) 
4 24 0 (0 -1024 128 ) (-1.434915 -1024 128 ) (-1.839608 -950.841675 128 ) (0 -951.078735 128 ) 
4 24 0 (-7.522158 -940.443237 148.995438 ) (-521.548767 0 2047.947021 ) (0 0 2193.921631 ) (0 -940.484558 151.010986 ) 
4 25 27 (-1024 0 -8 ) (-1024 0 -2048 ) (-1024 -1024 -2048 ) (-1024 -1024 -8 ) 
3 26 11 (-2048 -41.074905 332.858398 ) (-2048 -63.090080 346.506287 ) (-2048 -47.268997 342.128662 ) 
5 26 11 (-2048 -5.672933 316.762115 ) (-2048 -14.003219 316.075806 ) (-2048 -41.074905 332.858398 ) (-2048 -47.268997 342.128662 ) (-2048 -41.069031 340.413147 ) 
4 26 11 (-2048 -63.090080 346.506287 ) (-2048 -142.112595 395.494781 ) (-2048 -125.545998 396.859100 ) (-2048 -41.069031 340.413147 ) 
6 26 11 (-2048 0 351.962982 ) (-2048 0 317.229492 ) (-2048 -5.672933 316.762115 ) (-2048 -125.545998 396.859100 ) (-2048 -111.525116 398.013763 ) (-2048 -62.925598 394.011444 ) 
3 26 11 (-2048 0 388.829315 ) (-2048 0 351.962982 ) (-2048 -62.925598 394.011444 ) 
3 26 11 (-2048 0 407.198242 ) (-2048 0 388.829315 ) (-2048 -111.525116 398.013763 ) 
5 26 11 (-2048 0 2560 ) (-2048 0 407.198242 ) (-2048 -142.112595 395.494781 ) (-2048 -1024 942.204102 ) (-2048 -1024 2560 ) 
4 26 11 (-2027.921143 -111.540344 346.493073 ) (-2027.928101 -111.523659 346.493073 ) (-2007.602417 -111.526321 316.074646 ) (-1994.991211 -141.971497 316.074219 ) 
3 26 11 (-2048 -41.076862 332.861237 ) (-2048 -14 316.075989 ) (-2040.069458 -33.146358 316.075714 ) 
4 26 11 (-1629.631714 -1024 316.062012 ) (-1649.813721 -1024 346.266968 ) (-2027.921143 -111.540344 346.493073 ) (-1994.991211 -141.971497 316.074219 ) 
3 26 11 (-1649.813721 -1024 346.266968 ) (-2048 -1024 942.204102 ) (-2048 -63.085571 346.505066 ) 
3 26 11 (-1662.668579 -119.707436 384 ) (-1678.076538 -156.899445 377.871704 ) (-1697.309814 -154.342834 374.257263 ) 
3 26 11 (-1662.668579 -119.707436 384 ) (-1662.671631 -158.947144 380.766663 ) (-1678.076538 -156.899445 377.871704 ) 
3 26 11 (-1662.668579 -119.707436 384 ) (-1650.506104 -149.067261 384 ) (-1662.671631 -158.947144 380.766663 ) 
4 26 11 (-1662.668579 -119.707436 384 ) (-1641.019165 -141.356476 386.522217 ) (-1641.020874 -141.364090 386.521240 ) (-1650.506104 -149.067261 384 ) 
3 26 11 (-1662.668579 -119.707436 384 ) (-1638.416870 -129.750992 387.995972 ) (-1641.019165 -141.356476 386.522217 ) 
3 26 11 (-1662.668579 -119.707436 384 ) (-1636.164795 -119.707451 389.271393 ) (-1638.416870 -129.750992 387.995972 ) 
4 26 11 (-1957.863403 -119.708542 325.292633 ) (-1957.851440 -119.707298 325.295105 ) (-1711.659302 -119.707413 374.257233 ) (-1697.309814 -154.342834 374.257263 ) 
4 26 11 (-1906.079346 -356.624146 316.070892 ) (-2002.305908 -124.319824 316.074066 ) (-1957.863403 -119.708542 325.292633 ) (-1662.671631 -158.947144 380.766663 ) 
3 26 11 (-1765.426514 -696.179565 316.066223 ) (-1906.079346 -356.624146 316.070892 ) (-1641.020874 -141.364090 386.521240 ) 
4 26 11 (-1629.634766 -1024 316.061707 ) (-1765.426514 -696.179565 316.066223 ) (-1636.164795 -119.707451 389.271393 ) (-1261.513428 -1024 389.272858 ) 
5 26 11 (-1636.164795 -119.707451 389.271393 ) (-1614.346191 -119.707458 393.610626 ) (-1024 -493.858246 480.189545 ) (-1024 -1024 436.509033 ) (-1261.513428 -1024 389.272858 ) 
3 26 11 (-1614.346191 -119.707458 393.610626 ) (-1024 -119.707726 511.017303 ) (-1024 -493.858246 480.189545 ) 
3 26 11 (-2002.305908 -124.319824 316.074066 ) (-2004.216553 -119.707275 316.074127 ) (-1957.851440 -119.707298 325.295105 ) 
5 26 11 (-2004.216553 -119.707275 316.074127 ) (-2048 -14.007812 316.075592 ) (-2048 0 317.229767 ) (-1024 0 520.880493 ) (-1024 -119.707726 511.017303 ) 
4 27 28 (-2048 0 -8 ) (-2048 0 -2048 ) (-2048 -1024 -2048 ) (-2048 -1024 -8 ) 
