PRT1
81
166
5 0 26 (-768 -512 0 ) (-768 -960 0 ) (-768 -960 46.828552 ) (-768 -879.981140 192 ) (-768 -512 192 ) 
4 0 25 (-768 -985.812012 0 ) (-768 -512 0 ) (-704 -512 0 ) (-704 -985.814514 0 ) 
4 0 24 (-704 -512 0 ) (-640 -512 0 ) (-640 -985.817017 0 ) (-704 -985.814514 0 ) 
4 0 23 (-640 -512 0 ) (-384 -512 0 ) (-384 -985.826965 0 ) (-640 -985.817017 0 ) 
3 0 22 (-649.373596 -963.773560 39.986580 ) (-656 -957.318848 51.696499 ) (-671.998291 -959.992004 46.845657 ) 
3 0 21 (-640 -972.904602 23.421230 ) (-617.373413 -950.864990 63.408051 ) (-656 -957.318848 51.696499 ) 
3 0 20 (-671.987915 -985.813049 0 ) (-653.253296 -985.813782 0 ) (-649.373169 -982.034363 6.857036 ) 
3 0 19 (-690.747192 -985.812317 0 ) (-672.013489 -985.813049 0 ) (-694.626648 -982.033325 6.855774 ) 
3 0 18 (-717.252075 -985.811279 0 ) (-690.747192 -985.812317 0 ) (-704 -972.902649 23.420395 ) 
4 0 17 (-768 -985.809326 0 ) (-717.252075 -985.811279 0 ) (-694.627563 -963.773010 39.984417 ) (-768 -976.032410 17.737732 ) 
4 0 16 (-617.373413 -950.864990 63.408051 ) (-544.608826 -879.988647 192 ) (-768 -879.979980 192 ) (-768 -976.032410 17.737732 ) 
3 0 15 (-489.367554 -963.784119 39.978676 ) (-496 -957.323547 51.699322 ) (-512.013000 -960 46.844028 ) 
3 0 14 (-480 -972.909302 23.424059 ) (-457.373413 -950.869690 63.410873 ) (-496 -957.323547 51.699322 ) 
4 0 13 (-489.373138 -982.039001 6.859927 ) (-384 -964.432190 38.810307 ) (-384 -938.610107 85.657852 ) (-457.373413 -950.869690 63.410873 ) 
3 0 12 (-511.997345 -985.819275 0 ) (-384 -985.824219 0 ) (-384 -964.432190 38.810307 ) 
3 0 11 (-530.745667 -985.818542 0 ) (-512.004150 -985.819275 0 ) (-534.626709 -982.037964 6.858625 ) 
3 0 10 (-557.253662 -985.817505 0 ) (-530.745667 -985.818542 0 ) (-544 -972.907288 23.423199 ) 
4 0 9 (-384 -938.610107 85.657852 ) (-384 -879.994873 192 ) (-448.613708 -879.992371 192 ) (-534.627563 -963.777649 39.987244 ) 
3 0 8 (-569.373596 -963.775879 39.987995 ) (-576 -957.321167 51.697906 ) (-591.998352 -959.994324 46.847054 ) 
3 0 7 (-560 -972.906982 23.422655 ) (-537.373413 -950.867310 63.409470 ) (-576 -957.321167 51.697906 ) 
4 0 6 (-569.373108 -982.036682 6.858522 ) (-550.059265 -978.809509 12.714699 ) (-518.061279 -947.640564 69.264954 ) (-537.373413 -950.867310 63.409470 ) 
3 0 5 (-591.992737 -985.816162 0 ) (-557.253662 -985.817505 0 ) (-550.059265 -978.809509 12.714699 ) 
3 0 4 (-610.746399 -985.815430 0 ) (-592.008789 -985.816162 0 ) (-614.626648 -982.035645 6.857199 ) 
3 0 3 (-637.252869 -985.814392 0 ) (-610.746399 -985.815430 0 ) (-624 -972.904907 23.421789 ) 
4 0 2 (-653.253296 -985.813782 0 ) (-637.252869 -985.814392 0 ) (-614.627563 -963.775269 39.985817 ) (-633.940552 -967.002197 34.130066 ) 
4 0 1 (-518.061279 -947.640564 69.264954 ) (-448.613708 -879.992371 192 ) (-544.608826 -879.988647 192 ) (-633.940552 -967.002197 34.130066 ) 
4 1 21 (-617.374207 -950.865662 63.408112 ) (-633.941345 -967.003052 34.130234 ) (-633.941101 -1024 68.601288 ) (-617.373901 -1024 107.638855 ) 
4 1 16 (-544.609375 -879.988281 192 ) (-617.374207 -950.865662 63.408112 ) (-617.373901 -1024 107.638855 ) (-581.571777 -1024 192 ) 
4 1 9 (-518.059509 -947.644531 69.268013 ) (-448.613281 -879.996094 192 ) (-485.572113 -1024 192 ) (-518.059204 -1024 115.446831 ) 
4 1 8 (-592 -959.994141 46.847382 ) (-576 -957.320007 51.697792 ) (-576 -1024 92.024994 ) (-592 -1024 85.556969 ) 
4 1 7 (-576 -957.320007 51.697792 ) (-537.373291 -950.864136 63.407749 ) (-537.372986 -1024 107.639450 ) (-576 -1024 92.024994 ) 
4 1 6 (-537.373291 -950.864136 63.407749 ) (-518.063354 -947.636719 69.261719 ) (-518.063049 -1024 115.445251 ) (-537.372986 -1024 107.639450 ) 
4 1 2 (-633.939575 -1024 68.603584 ) (-633.939819 -967.003906 34.132812 ) (-614.627014 -963.776001 39.987656 ) (-614.626648 -1024 76.410606 ) 
5 2 24 (-653.253967 -985.816467 0 ) (-640 -985.816956 0 ) (-640 -996.518188 0 ) (-647.053284 -1024 0 ) (-663.054260 -1024 0 ) 
3 2 23 (-640 -985.816956 0 ) (-637.253540 -985.817078 0 ) (-640 -996.518188 0 ) 
4 2 21 (-633.941345 -967.003052 34.130234 ) (-640 -972.905090 23.422256 ) (-640 -1024 54.323479 ) (-633.941101 -1024 68.601288 ) 
5 2 20 (-649.373962 -982.035339 6.857313 ) (-653.254211 -985.814941 0 ) (-656 -996.516602 0 ) (-656 -1024 16.621532 ) (-649.373901 -1024 32.236721 ) 
3 2 19 (-656 -996.516602 0 ) (-663.054871 -1024 0 ) (-656 -1024 16.621532 ) 
4 2 3 (-647.055725 -1024 0 ) (-637.257812 -985.824219 0 ) (-624 -972.910828 23.426258 ) (-624 -1024 54.323555 ) 
3 3 24 (-640 -1024 0 ) (-647.053284 -1024 0 ) (-640 -996.518188 0 ) 
5 3 23 (-637.253540 -985.817078 0 ) (-610.745728 -985.818115 0 ) (-600.945801 -1024 0 ) (-640 -1024 0 ) (-640 -996.518188 0 ) 
4 3 4 (-600.944763 -1024 0 ) (-610.744080 -985.822388 0 ) (-614.626282 -982.041870 6.860805 ) (-614.626343 -1024 32.236427 ) 
5 4 23 (-610.745728 -985.818115 0 ) (-592.004822 -985.818848 0 ) (-562.342773 -1005.646301 0 ) (-567.053284 -1024 0 ) (-600.945801 -1024 0 ) 
3 4 10 (-567.051758 -1024 0 ) (-562.341492 -1005.647156 0 ) (-562.341431 -1024 11.099464 ) 
4 4 5 (-592.002502 -1024 23.088856 ) (-562.343140 -1024 11.100388 ) (-562.343201 -1005.645752 0 ) (-592.002747 -985.822876 0 ) 
3 5 23 (-592.004822 -985.818848 0 ) (-557.254395 -985.820190 0 ) (-562.342773 -1005.646301 0 ) 
5 5 10 (-562.341492 -1005.647156 0 ) (-557.253906 -985.824219 0 ) (-550.057434 -978.814087 12.718229 ) (-550.057373 -1024 40.045776 ) (-562.341431 -1024 11.099464 ) 
4 5 6 (-569.373352 -1024 32.236481 ) (-550.056885 -1024 40.045837 ) (-550.056946 -978.808594 12.714844 ) (-569.373413 -982.038025 6.858644 ) 
4 6 10 (-550.057434 -978.814087 12.718229 ) (-544 -972.912781 23.424736 ) (-544 -1024 54.321106 ) (-550.057373 -1024 40.045776 ) 
4 6 9 (-534.625793 -963.781921 39.990520 ) (-518.059509 -947.644531 69.268013 ) (-518.059204 -1024 115.446831 ) (-534.625488 -1024 76.409683 ) 
4 6 7 (-559.998657 -1024 54.319290 ) (-537.371765 -1024 107.631081 ) (-537.372070 -950.882812 63.410156 ) (-559.998718 -972.914612 23.423672 ) 
4 7 8 (-569.375122 -1024 76.410637 ) (-575.998840 -1024 92.017258 ) (-575.998840 -957.328125 51.695312 ) (-569.375305 -963.780090 39.991165 ) 
4 9 15 (-512.012634 -960.002197 46.845840 ) (-496 -957.326660 51.701019 ) (-496 -1024 92.024071 ) (-512.013428 -1024 85.550415 ) 
4 9 14 (-496 -957.326660 51.701019 ) (-457.373535 -950.872742 63.412483 ) (-457.373230 -1024 107.638855 ) (-496 -1024 92.024071 ) 
4 9 13 (-457.373535 -950.872742 63.412483 ) (-384 -938.613037 85.659424 ) (-384 -1024 137.300171 ) (-457.373230 -1024 107.638855 ) 
4 10 23 (-557.254395 -985.820190 0 ) (-530.744934 -985.821228 0 ) (-520.945862 -1024 0 ) (-567.053284 -1024 0 ) 
4 10 11 (-530.746399 -985.824829 0 ) (-534.629578 -982.042114 6.862308 ) (-534.629700 -1024 32.237793 ) (-520.948242 -1024 0 ) 
4 11 23 (-530.744934 -985.821228 0 ) (-512 -985.821960 0 ) (-454.885468 -1024 0 ) (-520.945862 -1024 0 ) 
3 11 12 (-511.997345 -1024 23.090954 ) (-454.878601 -1024 0 ) (-511.997498 -985.819397 0 ) 
4 12 23 (-512 -985.821960 0 ) (-384 -985.826965 0 ) (-384 -1024 0 ) (-454.885468 -1024 0 ) 
4 12 13 (-384 -964.432068 38.811798 ) (-489.372406 -982.039001 6.861656 ) (-489.372345 -1024 32.238846 ) (-384 -1024 74.837296 ) 
4 13 14 (-480 -1024 54.322548 ) (-457.373230 -1024 107.638367 ) (-457.373535 -950.875000 63.414062 ) (-480 -972.911926 23.425552 ) 
4 14 15 (-489.366882 -1024 76.395477 ) (-496 -1024 92.025543 ) (-496 -957.328125 51.703125 ) (-489.367310 -963.786438 39.980022 ) 
3 16 26 (-768 -960 192 ) (-768 -879.981140 192 ) (-768 -960 46.828552 ) 
4 16 22 (-671.996460 -959.997742 46.848404 ) (-656 -957.324829 51.698872 ) (-656 -1024 92.023033 ) (-671.997253 -1024 85.555725 ) 
4 16 21 (-656 -957.324829 51.698872 ) (-617.373962 -950.871094 63.410156 ) (-617.373657 -1024 107.637581 ) (-656 -1024 92.023033 ) 
4 16 17 (-768 -976.038635 17.739784 ) (-694.628357 -963.779236 39.986336 ) (-694.628052 -1024 76.407120 ) (-768 -1024 46.746170 ) 
4 17 25 (-768 -1024 0 ) (-768 -985.812012 0 ) (-717.252747 -985.813965 0 ) (-727.053284 -1024 0 ) 
4 17 18 (-727.055786 -1024 0 ) (-717.257812 -985.824219 0 ) (-704.001343 -972.910889 23.428406 ) (-704.001343 -1024 54.326069 ) 
4 18 25 (-717.252747 -985.813965 0 ) (-704 -985.814453 0 ) (-704 -1024 0 ) (-727.053284 -1024 0 ) 
4 18 24 (-704 -985.814453 0 ) (-690.746521 -985.815002 0 ) (-680.945862 -1024 0 ) (-704 -1024 0 ) 
4 18 19 (-680.943970 -1024 0 ) (-690.743835 -985.818970 0 ) (-694.624817 -982.038574 6.858252 ) (-694.624878 -1024 32.235836 ) 
5 19 24 (-690.746521 -985.815002 0 ) (-672.009460 -985.815735 0 ) (-656 -996.516907 0 ) (-663.054260 -1024 0 ) (-680.945862 -1024 0 ) 
4 19 20 (-672.005188 -1024 23.087698 ) (-656.002625 -1024 16.618896 ) (-656.002686 -996.520691 0 ) (-672.005371 -985.824646 0 ) 
3 20 24 (-672.009460 -985.815735 0 ) (-653.253967 -985.816467 0 ) (-656 -996.516907 0 ) 
4 21 22 (-649.373779 -1024 76.410118 ) (-656 -1024 92.021400 ) (-656 -957.328125 51.699219 ) (-649.374084 -963.779480 39.990349 ) 
4 23 24 (-640 -512 0 ) (-640 -512 -32 ) (-640 -1024 -32 ) (-640 -1024 0 ) 
4 24 25 (-704 -512 0 ) (-704 -512 -16 ) (-704 -1024 -16 ) (-704 -1024 0 ) 
4 26 27 (-832 -512 0 ) (-832 -960 0 ) (-832 -960 192 ) (-832 -512 192 ) 
4 27 30 (-960 -640 0 ) (-960 -960 0 ) (-960 -960 160 ) (-960 -640 160 ) 
4 27 28 (-832 -960 16 ) (-832 -960 192 ) (-960 -960 192 ) (-960 -960 16 ) 
4 28 29 (-832 -992 32 ) (-832 -992 192 ) (-960 -992 192 ) (-960 -992 32 ) 
4 29 40 (-832 -1024 192 ) (-960 -1024 192 ) (-960 -1024 48 ) (-832 -1024 48 ) 
4 31 55 (0 -2048 320 ) (0 -2048 448 ) (-128 -2048 448 ) (-128 -2048 320 ) 
4 31 32 (-128 -1760 448 ) (-128 -1568 448 ) (-128 -1568 320 ) (-128 -1760 320 ) 
4 32 33 (-384 -1600 320 ) (-384 -1728 320 ) (-384 -1728 448 ) (-384 -1600 448 ) 
4 33 44 (-640 -1728 304 ) (-640 -1728 320 ) (-640 -1600 320 ) (-640 -1600 304 ) 
4 33 34 (-448 -1728 304 ) (-640 -1728 304 ) (-640 -1600 304 ) (-448 -1600 304 ) 
4 34 44 (-640 -1728 288 ) (-640 -1728 304 ) (-640 -1600 304 ) (-640 -1600 288 ) 
4 34 35 (-480 -1728 288 ) (-640 -1728 288 ) (-640 -1600 288 ) (-480 -1600 288 ) 
4 35 44 (-640 -1728 272 ) (-640 -1728 288 ) (-640 -1600 288 ) (-640 -1600 272 ) 
4 35 36 (-512 -1728 272 ) (-640 -1728 272 ) (-640 -1600 272 ) (-512 -1600 272 ) 
4 36 44 (-640 -1728 256 ) (-640 -1728 272 ) (-640 -1600 272 ) (-640 -1600 256 ) 
4 36 38 (-576 -1728 256 ) (-608 -1728 256 ) (-608 -1600 256 ) (-576 -1600 256 ) 
4 36 39 (-608 -1728 256 ) (-640 -1728 256 ) (-640 -1600 256 ) (-608 -1600 256 ) 
4 36 37 (-544 -1728 256 ) (-576 -1728 256 ) (-576 -1600 256 ) (-544 -1600 256 ) 
4 37 38 (-576 -1728 240 ) (-576 -1728 256 ) (-576 -1600 256 ) (-576 -1600 240 ) 
4 38 39 (-608 -1728 224 ) (-608 -1728 256 ) (-608 -1600 256 ) (-608 -1600 224 ) 
4 39 44 (-640 -1728 208 ) (-640 -1728 256 ) (-640 -1600 256 ) (-640 -1600 208 ) 
4 40 41 (-960 -1056 192 ) (-960 -1056 64 ) (-832 -1056 64 ) (-832 -1056 192 ) 
4 41 42 (-832 -1088 80 ) (-832 -1088 192 ) (-960 -1088 192 ) (-960 -1088 80 ) 
4 42 43 (-704 -1216 80 ) (-704 -1216 256 ) (-832 -1216 256 ) (-832 -1216 80 ) 
4 43 50 (-832 -1280 80 ) (-704 -1280 80 ) (-704 -1280 128 ) (-832 -1280 128 ) 
4 43 49 (-704 -1280 128 ) (-704 -1280 144 ) (-832 -1280 144 ) (-832 -1280 128 ) 
4 43 48 (-704 -1280 144 ) (-704 -1280 160 ) (-832 -1280 160 ) (-832 -1280 144 ) 
4 43 47 (-704 -1280 160 ) (-704 -1280 176 ) (-832 -1280 176 ) (-832 -1280 160 ) 
4 43 46 (-704 -1280 176 ) (-704 -1280 192 ) (-832 -1280 192 ) (-832 -1280 176 ) 
4 43 45 (-704 -1280 192 ) (-704 -1280 256 ) (-832 -1280 256 ) (-832 -1280 192 ) 
4 44 45 (-704 -1568 192 ) (-704 -1760 192 ) (-704 -1760 320 ) (-704 -1568 320 ) 
4 45 53 (-832 -1568 192 ) (-832 -1760 192 ) (-832 -1760 320 ) (-832 -1568 320 ) 
4 45 46 (-832 -1504 192 ) (-832 -1280 192 ) (-704 -1280 192 ) (-704 -1504 192 ) 
4 46 47 (-832 -1472 176 ) (-832 -1280 176 ) (-704 -1280 176 ) (-704 -1472 176 ) 
4 47 48 (-832 -1440 160 ) (-832 -1280 160 ) (-704 -1280 160 ) (-704 -1440 160 ) 
4 48 49 (-832 -1408 144 ) (-832 -1280 144 ) (-704 -1280 144 ) (-704 -1408 144 ) 
4 49 52 (-832 -1376 128 ) (-832 -1344 128 ) (-704 -1344 128 ) (-704 -1376 128 ) 
4 49 51 (-832 -1344 128 ) (-832 -1312 128 ) (-704 -1312 128 ) (-704 -1344 128 ) 
4 49 50 (-832 -1312 128 ) (-832 -1280 128 ) (-704 -1280 128 ) (-704 -1312 128 ) 
4 50 51 (-704 -1312 96 ) (-704 -1312 128 ) (-832 -1312 128 ) (-832 -1312 96 ) 
4 51 52 (-704 -1344 112 ) (-704 -1344 128 ) (-832 -1344 128 ) (-832 -1344 112 ) 
4 54 59 (64 -3072 320 ) (64 -3072 576 ) (0 -3072 576 ) (0 -3072 320 ) 
4 54 56 (0 -3072 320 ) (0 -3072 576 ) (0 -2112 576 ) (0 -2112 320 ) 
4 55 56 (0 -2112 320 ) (0 -2112 448 ) (-128 -2112 448 ) (-128 -2112 320 ) 
4 56 63 (-1024 -3072 320 ) (-1024 -3072 576 ) (-1024 -2112 576 ) (-1024 -2112 320 ) 
4 56 60 (0 -3072 320 ) (0 -3072 576 ) (-1024 -3072 576 ) (-1024 -3072 320 ) 
4 56 57 (-1024 -3072 320 ) (-1024 -2624 320 ) (0 -2624 320 ) (0 -3072 320 ) 
4 57 61 (0 -3072 304 ) (0 -3072 320 ) (-1024 -3072 320 ) (-1024 -3072 304 ) 
4 57 58 (-1024 -3072 304 ) (-1024 -2624 304 ) (0 -2624 304 ) (0 -3072 304 ) 
4 58 62 (0 -3072 64 ) (0 -3072 304 ) (-1024 -3072 304 ) (-1024 -3072 64 ) 
4 59 60 (0 -3072 576 ) (0 -3072 320 ) (0 -3200 320 ) (0 -3200 576 ) 
4 60 75 (-1024 -3136 320 ) (-1024 -3200 320 ) (-1024 -3200 576 ) (-1024 -3136 576 ) 
4 60 72 (-1024 -3072 576 ) (-1024 -3072 320 ) (-1024 -3136 320 ) (-1024 -3136 576 ) 
4 60 61 (-1024 -3136 320 ) (-1024 -3072 320 ) (0 -3072 320 ) (0 -3136 320 ) 
4 61 62 (0 -3072 304 ) (0 -3136 304 ) (-1024 -3136 304 ) (-1024 -3072 304 ) 
4 63 72 (-1024 -3072 320 ) (-1024 -3072 576 ) (-1088 -3072 576 ) (-1088 -3072 320 ) 
4 63 64 (-1088 -3008 576 ) (-1088 -2112 576 ) (-1088 -2112 320 ) (-1088 -3008 320 ) 
4 64 66 (-1088 -2112 320 ) (-1088 -3008 320 ) (-1152 -3008 320 ) (-1152 -2112 320 ) 
4 64 65 (-1152 -3008 576 ) (-1152 -2112 576 ) (-1152 -2112 320 ) (-1152 -3008 320 ) 
4 65 73 (-1728 -3072 320 ) (-1152 -3072 320 ) (-1152 -3072 576 ) (-1728 -3072 576 ) 
4 65 74 (-2048 -3072 576 ) (-2048 -3072 320 ) (-1792 -3072 320 ) (-1792 -3072 576 ) 
4 65 70 (-2048 -2112 320 ) (-2048 -3072 320 ) (-2048 -3072 576 ) (-2048 -2112 576 ) 
4 65 67 (-1856 -3072 320 ) (-2048 -3072 320 ) (-2048 -3008 320 ) (-1856 -3008 320 ) 
4 65 66 (-2048 -3008 320 ) (-2048 -2112 320 ) (-1152 -2112 320 ) (-1152 -3008 320 ) 
4 66 70 (-2048 -2112 304 ) (-2048 -3008 304 ) (-2048 -3008 320 ) (-2048 -2112 320 ) 
4 66 68 (-1856 -2112 304 ) (-1088 -2112 304 ) (-1088 -3008 304 ) (-1856 -3008 304 ) 
4 66 69 (-2048 -3008 304 ) (-2048 -2112 304 ) (-1856 -2112 304 ) (-1856 -3008 304 ) 
4 66 67 (-2048 -3008 304 ) (-1856 -3008 304 ) (-1856 -3008 320 ) (-2048 -3008 320 ) 
4 67 77 (-2048 -3072 320 ) (-2048 -3072 304 ) (-1856 -3072 304 ) (-1856 -3072 320 ) 
4 67 70 (-2048 -3008 304 ) (-2048 -3072 304 ) (-2048 -3072 320 ) (-2048 -3008 320 ) 
4 67 69 (-1856 -3072 304 ) (-2048 -3072 304 ) (-2048 -3008 304 ) (-1856 -3008 304 ) 
4 68 69 (-1856 -2112 304 ) (-1856 -2112 256 ) (-1856 -3008 256 ) (-1856 -3008 304 ) 
4 69 78 (-1856 -3072 304 ) (-2048 -3072 304 ) (-2048 -3072 256 ) (-1856 -3072 256 ) 
4 69 71 (-2048 -3072 256 ) (-2048 -3072 304 ) (-2048 -2112 304 ) (-2048 -2112 256 ) 
4 70 79 (-2048 -3072 304 ) (-2048 -3072 576 ) (-2240 -3072 576 ) (-2240 -3072 304 ) 
4 70 71 (-2048 -3072 304 ) (-2240 -3072 304 ) (-2240 -2112 304 ) (-2048 -2112 304 ) 
4 71 80 (-2048 -3072 256 ) (-2048 -3072 304 ) (-2240 -3072 304 ) (-2240 -3072 256 ) 
4 72 75 (-1088 -3136 320 ) (-1024 -3136 320 ) (-1024 -3136 576 ) (-1088 -3136 576 ) 
4 73 76 (-1728 -3136 320 ) (-1664 -3136 320 ) (-1664 -3136 576 ) (-1728 -3136 576 ) 
4 74 79 (-2048 -3072 576 ) (-2048 -3072 320 ) (-2048 -3136 320 ) (-2048 -3136 576 ) 
4 74 77 (-2048 -3136 320 ) (-2048 -3072 320 ) (-1856 -3072 320 ) (-1856 -3136 320 ) 
4 74 76 (-2048 -3136 320 ) (-1792 -3136 320 ) (-1792 -3136 576 ) (-2048 -3136 576 ) 
4 76 79 (-2048 -3136 320 ) (-2048 -3200 320 ) (-2048 -3200 576 ) (-2048 -3136 576 ) 
4 76 77 (-2048 -3200 320 ) (-2048 -3136 320 ) (-1856 -3136 320 ) (-1856 -3200 320 ) 
4 77 79 (-2048 -3072 320 ) (-2048 -3072 304 ) (-2048 -3200 304 ) (-2048 -3200 320 ) 
4 77 78 (-2048 -3200 304 ) (-2048 -3072 304 ) (-1856 -3072 304 ) (-1856 -3200 304 ) 
4 78 80 (-2048 -3072 304 ) (-2048 -3072 256 ) (-2048 -3200 256 ) (-2048 -3200 304 ) 
4 79 80 (-2240 -3200 304 ) (-2240 -3072 304 ) (-2048 -3072 304 ) (-2048 -3200 304 ) 
