PRT1
387
861
4 0 8 (-704 -1024 0 ) (-768 -1024 0 ) (-768 -512 0 ) (-704 -512 0 ) 
4 0 7 (-640 -1024 0 ) (-704 -1024 0 ) (-704 -512 0 ) (-640 -512 0 ) 
4 0 6 (-384 -1024 0 ) (-640 -1024 0 ) (-640 -512 0 ) (-384 -512 0 ) 
4 0 1 (-768 -512 0 ) (-768 -960 0 ) (-768 -960 192 ) (-768 -512 192 ) 
4 1 2 (-832 -512 0 ) (-832 -960 0 ) (-832 -960 192 ) (-832 -512 192 ) 
4 2 5 (-960 -640 0 ) (-960 -960 0 ) (-960 -960 160 ) (-960 -640 160 ) 
4 2 3 (-960 -960 192 ) (-960 -960 16 ) (-832 -960 16 ) (-832 -960 192 ) 
4 3 4 (-960 -992 192 ) (-960 -992 32 ) (-832 -992 32 ) (-832 -992 192 ) 
4 4 27 (-832 -1024 192 ) (-960 -1024 192 ) (-960 -1024 48 ) (-832 -1024 48 ) 
4 6 7 (-640 -512 0 ) (-640 -512 -32 ) (-640 -1024 -32 ) (-640 -1024 0 ) 
4 7 8 (-704 -512 0 ) (-704 -512 -16 ) (-704 -1024 -16 ) (-704 -1024 0 ) 
4 9 11 (128 -2244 320 ) (128 -2300 320 ) (128 -2300 428 ) (128 -2244 428 ) 
4 9 10 (128 -2300 428 ) (128 -2300 432 ) (128 -2244 432 ) (128 -2244 428 ) 
4 10 11 (128 -2300 428 ) (66 -2300 428 ) (66 -2244 428 ) (128 -2244 428 ) 
4 11 12 (66 -2296 428 ) (66 -2248 428 ) (66 -2248 320 ) (66 -2296 320 ) 
4 12 14 (64 -2248 320 ) (64 -2296 320 ) (64 -2296 384 ) (64 -2248 384 ) 
4 12 13 (64 -2296 384 ) (64 -2296 428 ) (64 -2248 428 ) (64 -2248 384 ) 
4 13 53 (0 -3072 384 ) (0 -3072 576 ) (0 -2640 576 ) (0 -2640 384 ) 
4 13 47 (0 -2640 576 ) (0 -2632 576 ) (0 -2632 384 ) (0 -2640 384 ) 
4 13 43 (0 -2632 576 ) (0 -2368 576 ) (0 -2368 384 ) (0 -2632 384 ) 
4 13 42 (0 -2368 576 ) (0 -2112 576 ) (0 -2112 384 ) (0 -2368 384 ) 
4 13 17 (0 -3072 576 ) (0 -3072 384 ) (64 -3072 384 ) (64 -3072 576 ) 
4 13 15 (0 -2864 384 ) (0 -2112 384 ) (16 -2112 384 ) (16 -2864 384 ) 
4 13 16 (0 -3072 384 ) (0 -2896 384 ) (16 -2896 384 ) (16 -3072 384 ) 
4 13 14 (16 -2112 384 ) (64 -2112 384 ) (64 -3072 384 ) (16 -3072 384 ) 
4 14 17 (16 -3072 320 ) (64 -3072 320 ) (64 -3072 384 ) (16 -3072 384 ) 
4 14 15 (16 -2112 320 ) (16 -2864 320 ) (16 -2864 384 ) (16 -2112 384 ) 
4 14 16 (16 -2896 320 ) (16 -3072 320 ) (16 -3072 384 ) (16 -2896 384 ) 
4 15 53 (0 -2864 384 ) (0 -2640 384 ) (0 -2640 320 ) (0 -2864 320 ) 
4 15 48 (0 -2632 324 ) (0 -2632 320 ) (0 -2640 320 ) (0 -2640 324 ) 
4 15 47 (0 -2640 384 ) (0 -2632 384 ) (0 -2632 324 ) (0 -2640 324 ) 
4 15 43 (0 -2632 384 ) (0 -2368 384 ) (0 -2368 320 ) (0 -2632 320 ) 
4 15 42 (0 -2368 384 ) (0 -2112 384 ) (0 -2112 320 ) (0 -2368 320 ) 
4 16 53 (0 -3072 320 ) (0 -3072 384 ) (0 -2896 384 ) (0 -2896 320 ) 
4 16 17 (0 -3072 384 ) (0 -3072 320 ) (16 -3072 320 ) (16 -3072 384 ) 
4 17 93 (0 -3072 576 ) (0 -3072 320 ) (0 -3200 320 ) (0 -3200 576 ) 
15 18 41 (-8 -2048 384 ) (-10 -2048 396 ) (-16 -2048 408 ) (-24 -2048 418 ) (-36 -2048 426 ) (-50 -2048 430 ) (-64 -2048 432 ) (-78 -2048 430 ) (-92 -2048 426 ) (-104 -2048 418 ) (-112 -2048 408 ) (-118 -2048 396 ) (-120 -2048 384 ) (-120 -2048 320 ) (-8 -2048 320 ) 
4 18 19 (-128 -1760 448 ) (-128 -1568 448 ) (-128 -1568 320 ) (-128 -1760 320 ) 
4 19 20 (-384 -1600 320 ) (-384 -1728 320 ) (-384 -1728 448 ) (-384 -1600 448 ) 
4 20 31 (-640 -1728 304 ) (-640 -1728 320 ) (-640 -1600 320 ) (-640 -1600 304 ) 
4 20 21 (-448 -1728 304 ) (-640 -1728 304 ) (-640 -1600 304 ) (-448 -1600 304 ) 
4 21 31 (-640 -1728 288 ) (-640 -1728 304 ) (-640 -1600 304 ) (-640 -1600 288 ) 
4 21 22 (-480 -1728 288 ) (-640 -1728 288 ) (-640 -1600 288 ) (-480 -1600 288 ) 
4 22 31 (-640 -1728 272 ) (-640 -1728 288 ) (-640 -1600 288 ) (-640 -1600 272 ) 
4 22 23 (-512 -1728 272 ) (-640 -1728 272 ) (-640 -1600 272 ) (-512 -1600 272 ) 
4 23 31 (-640 -1728 256 ) (-640 -1728 272 ) (-640 -1600 272 ) (-640 -1600 256 ) 
4 23 25 (-576 -1728 256 ) (-608 -1728 256 ) (-608 -1600 256 ) (-576 -1600 256 ) 
4 23 26 (-608 -1728 256 ) (-640 -1728 256 ) (-640 -1600 256 ) (-608 -1600 256 ) 
4 23 24 (-544 -1728 256 ) (-576 -1728 256 ) (-576 -1600 256 ) (-544 -1600 256 ) 
4 24 25 (-576 -1728 240 ) (-576 -1728 256 ) (-576 -1600 256 ) (-576 -1600 240 ) 
4 25 26 (-608 -1728 224 ) (-608 -1728 256 ) (-608 -1600 256 ) (-608 -1600 224 ) 
4 26 31 (-640 -1728 208 ) (-640 -1728 256 ) (-640 -1600 256 ) (-640 -1600 208 ) 
4 27 28 (-960 -1056 192 ) (-960 -1056 64 ) (-832 -1056 64 ) (-832 -1056 192 ) 
4 28 29 (-832 -1088 80 ) (-832 -1088 192 ) (-960 -1088 192 ) (-960 -1088 80 ) 
4 29 30 (-704 -1216 80 ) (-704 -1216 256 ) (-832 -1216 256 ) (-832 -1216 80 ) 
4 30 37 (-832 -1280 80 ) (-704 -1280 80 ) (-704 -1280 128 ) (-832 -1280 128 ) 
4 30 36 (-704 -1280 128 ) (-704 -1280 144 ) (-832 -1280 144 ) (-832 -1280 128 ) 
4 30 35 (-704 -1280 144 ) (-704 -1280 160 ) (-832 -1280 160 ) (-832 -1280 144 ) 
4 30 34 (-704 -1280 160 ) (-704 -1280 176 ) (-832 -1280 176 ) (-832 -1280 160 ) 
4 30 33 (-704 -1280 176 ) (-704 -1280 192 ) (-832 -1280 192 ) (-832 -1280 176 ) 
4 30 32 (-704 -1280 192 ) (-704 -1280 256 ) (-832 -1280 256 ) (-832 -1280 192 ) 
4 31 32 (-704 -1568 192 ) (-704 -1760 192 ) (-704 -1760 320 ) (-704 -1568 320 ) 
4 32 40 (-832 -1568 192 ) (-832 -1760 192 ) (-832 -1760 320 ) (-832 -1568 320 ) 
4 32 33 (-832 -1504 192 ) (-832 -1280 192 ) (-704 -1280 192 ) (-704 -1504 192 ) 
4 33 34 (-832 -1472 176 ) (-832 -1280 176 ) (-704 -1280 176 ) (-704 -1472 176 ) 
4 34 35 (-832 -1440 160 ) (-832 -1280 160 ) (-704 -1280 160 ) (-704 -1440 160 ) 
4 35 36 (-832 -1408 144 ) (-832 -1280 144 ) (-704 -1280 144 ) (-704 -1408 144 ) 
4 36 39 (-832 -1376 128 ) (-832 -1344 128 ) (-704 -1344 128 ) (-704 -1376 128 ) 
4 36 38 (-832 -1344 128 ) (-832 -1312 128 ) (-704 -1312 128 ) (-704 -1344 128 ) 
4 36 37 (-832 -1312 128 ) (-832 -1280 128 ) (-704 -1280 128 ) (-704 -1312 128 ) 
4 37 38 (-704 -1312 96 ) (-704 -1312 128 ) (-832 -1312 128 ) (-832 -1312 96 ) 
4 38 39 (-704 -1344 112 ) (-704 -1344 128 ) (-832 -1344 128 ) (-832 -1344 112 ) 
15 41 42 (-8 -2112 384 ) (-10 -2112 396 ) (-16 -2112 408 ) (-24 -2112 418 ) (-36 -2112 426 ) (-50 -2112 430 ) (-64 -2112 432 ) (-78 -2112 430 ) (-92 -2112 426 ) (-104 -2112 418 ) (-112 -2112 408 ) (-118 -2112 396 ) (-120 -2112 384 ) (-120 -2112 320 ) (-8 -2112 320 ) 
4 42 44 (-960 -2368 320 ) (-896 -2368 320 ) (-896 -2368 416 ) (-960 -2368 416 ) 
4 42 43 (-896 -2368 320 ) (0 -2368 320 ) (0 -2368 576 ) (-896 -2368 576 ) 
4 43 52 (-816 -2632 324 ) (-896 -2632 324 ) (-896 -2632 320 ) (-816 -2632 320 ) 
4 43 51 (-780 -2632 324 ) (-816 -2632 324 ) (-816 -2632 320 ) (-780 -2632 320 ) 
4 43 49 (-196 -2632 324 ) (-232 -2632 324 ) (-232 -2632 320 ) (-196 -2632 320 ) 
4 43 48 (0 -2632 320 ) (0 -2632 324 ) (-196 -2632 324 ) (-196 -2632 320 ) 
4 43 50 (-232 -2632 324 ) (-780 -2632 324 ) (-780 -2632 320 ) (-232 -2632 320 ) 
4 43 47 (0 -2632 324 ) (0 -2632 576 ) (-896 -2632 576 ) (-896 -2632 324 ) 
4 43 46 (0 -2632 320 ) (-896 -2632 320 ) (-896 -2624 320 ) (0 -2624 320 ) 
4 43 44 (-896 -2368 416 ) (-896 -2368 320 ) (-896 -2560 320 ) (-896 -2560 416 ) 
4 43 45 (-896 -2560 320 ) (-896 -2632 320 ) (-896 -2632 576 ) (-896 -2560 576 ) 
4 44 64 (-1024 -2368 416 ) (-1024 -2368 320 ) (-1024 -2560 320 ) (-1024 -2560 416 ) 
4 44 45 (-1024 -2560 320 ) (-896 -2560 320 ) (-896 -2560 416 ) (-1024 -2560 416 ) 
4 45 65 (-1024 -2632 576 ) (-1024 -2560 576 ) (-1024 -2560 320 ) (-1024 -2632 320 ) 
4 45 52 (-1024 -2632 324 ) (-1024 -2632 320 ) (-896 -2632 320 ) (-896 -2632 324 ) 
4 45 47 (-896 -2632 576 ) (-1024 -2632 576 ) (-1024 -2632 324 ) (-896 -2632 324 ) 
4 45 46 (-896 -2632 320 ) (-1024 -2632 320 ) (-1024 -2624 320 ) (-896 -2624 320 ) 
4 46 56 (-1024 -2632 304 ) (-1024 -2624 304 ) (0 -2624 304 ) (0 -2632 304 ) 
4 46 52 (-1024 -2632 304 ) (-816 -2632 304 ) (-816 -2632 320 ) (-1024 -2632 320 ) 
4 46 51 (-816 -2632 304 ) (-780 -2632 304 ) (-780 -2632 320 ) (-816 -2632 320 ) 
4 46 49 (-232 -2632 304 ) (-196 -2632 304 ) (-196 -2632 320 ) (-232 -2632 320 ) 
4 46 48 (-196 -2632 304 ) (0 -2632 304 ) (0 -2632 320 ) (-196 -2632 320 ) 
4 46 50 (-780 -2632 304 ) (-232 -2632 304 ) (-232 -2632 320 ) (-780 -2632 320 ) 
4 47 65 (-1024 -2640 576 ) (-1024 -2632 576 ) (-1024 -2632 324 ) (-1024 -2640 324 ) 
4 47 54 (-896 -2640 576 ) (-1024 -2640 576 ) (-1024 -2640 324 ) (-896 -2640 324 ) 
4 47 53 (0 -2640 324 ) (0 -2640 576 ) (-896 -2640 576 ) (-896 -2640 324 ) 
4 47 52 (-816 -2640 324 ) (-1024 -2640 324 ) (-1024 -2632 324 ) (-816 -2632 324 ) 
4 47 51 (-780 -2640 324 ) (-816 -2640 324 ) (-816 -2632 324 ) (-780 -2632 324 ) 
4 47 49 (-196 -2640 324 ) (-232 -2640 324 ) (-232 -2632 324 ) (-196 -2632 324 ) 
4 47 48 (0 -2640 324 ) (-196 -2640 324 ) (-196 -2632 324 ) (0 -2632 324 ) 
4 47 50 (-232 -2640 324 ) (-780 -2640 324 ) (-780 -2632 324 ) (-232 -2632 324 ) 
4 48 57 (-196 -2632 304 ) (0 -2632 304 ) (0 -2640 304 ) (-196 -2640 304 ) 
4 48 53 (-196 -2640 304 ) (0 -2640 304 ) (0 -2640 324 ) (-196 -2640 324 ) 
4 48 49 (-196 -2640 304 ) (-196 -2640 324 ) (-196 -2632 324 ) (-196 -2632 304 ) 
4 49 58 (-232 -2632 304 ) (-196 -2632 304 ) (-196 -2640 304 ) (-232 -2640 304 ) 
4 49 53 (-232 -2640 304 ) (-196 -2640 304 ) (-196 -2640 324 ) (-232 -2640 324 ) 
4 49 50 (-232 -2640 304 ) (-232 -2640 324 ) (-232 -2632 324 ) (-232 -2632 304 ) 
4 50 59 (-780 -2632 304 ) (-232 -2632 304 ) (-232 -2640 304 ) (-780 -2640 304 ) 
4 50 53 (-780 -2640 304 ) (-232 -2640 304 ) (-232 -2640 324 ) (-780 -2640 324 ) 
4 50 51 (-780 -2640 304 ) (-780 -2640 324 ) (-780 -2632 324 ) (-780 -2632 304 ) 
4 51 60 (-816 -2632 304 ) (-780 -2632 304 ) (-780 -2640 304 ) (-816 -2640 304 ) 
4 51 53 (-816 -2640 304 ) (-780 -2640 304 ) (-780 -2640 324 ) (-816 -2640 324 ) 
4 51 52 (-816 -2640 304 ) (-816 -2640 324 ) (-816 -2632 324 ) (-816 -2632 304 ) 
4 52 65 (-1024 -2632 324 ) (-1024 -2632 320 ) (-1024 -2640 320 ) (-1024 -2640 324 ) 
4 52 61 (-1024 -2640 304 ) (-1024 -2632 304 ) (-816 -2632 304 ) (-816 -2640 304 ) 
4 52 54 (-1024 -2640 304 ) (-896 -2640 304 ) (-896 -2640 324 ) (-1024 -2640 324 ) 
4 52 53 (-896 -2640 304 ) (-816 -2640 304 ) (-816 -2640 324 ) (-896 -2640 324 ) 
4 53 94 (0 -3072 304 ) (0 -3072 320 ) (-896 -3072 320 ) (-896 -3072 304 ) 
4 53 93 (0 -3072 320 ) (0 -3072 576 ) (-896 -3072 576 ) (-896 -3072 320 ) 
4 53 62 (0 -3072 304 ) (-896 -3072 304 ) (-896 -2640 304 ) (0 -2640 304 ) 
4 53 55 (-896 -2816 304 ) (-896 -3072 304 ) (-896 -3072 320 ) (-896 -2816 320 ) 
4 53 54 (-896 -2640 576 ) (-896 -2640 304 ) (-896 -2816 304 ) (-896 -2816 576 ) 
4 54 68 (-1024 -2816 576 ) (-1024 -2720 576 ) (-1024 -2720 320 ) (-1024 -2816 320 ) 
4 54 66 (-1024 -2720 576 ) (-1024 -2688 576 ) (-1024 -2688 384 ) (-1024 -2720 384 ) 
4 54 65 (-1024 -2688 576 ) (-1024 -2640 576 ) (-1024 -2640 320 ) (-1024 -2688 320 ) 
4 54 62 (-1024 -2816 304 ) (-1024 -2640 304 ) (-896 -2640 304 ) (-896 -2816 304 ) 
4 54 55 (-1024 -2816 304 ) (-896 -2816 304 ) (-896 -2816 320 ) (-1024 -2816 320 ) 
4 55 94 (-1024 -3072 320 ) (-1024 -3072 304 ) (-896 -3072 304 ) (-896 -3072 320 ) 
4 55 62 (-896 -3072 304 ) (-1024 -3072 304 ) (-1024 -2816 304 ) (-896 -2816 304 ) 
4 56 63 (-1024 -2632 256 ) (-1024 -2624 256 ) (0 -2624 256 ) (0 -2632 256 ) 
4 56 61 (-1024 -2632 256 ) (-816 -2632 256 ) (-816 -2632 304 ) (-1024 -2632 304 ) 
4 56 60 (-816 -2632 256 ) (-780 -2632 256 ) (-780 -2632 304 ) (-816 -2632 304 ) 
4 56 58 (-232 -2632 256 ) (-196 -2632 256 ) (-196 -2632 304 ) (-232 -2632 304 ) 
4 56 57 (-196 -2632 256 ) (0 -2632 256 ) (0 -2632 304 ) (-196 -2632 304 ) 
4 56 59 (-780 -2632 256 ) (-232 -2632 256 ) (-232 -2632 304 ) (-780 -2632 304 ) 
4 57 63 (-196 -2632 256 ) (0 -2632 256 ) (0 -2640 256 ) (-196 -2640 256 ) 
4 57 62 (-196 -2640 256 ) (0 -2640 256 ) (0 -2640 304 ) (-196 -2640 304 ) 
4 57 58 (-196 -2632 304 ) (-196 -2632 256 ) (-196 -2640 256 ) (-196 -2640 304 ) 
4 58 63 (-232 -2632 256 ) (-196 -2632 256 ) (-196 -2640 256 ) (-232 -2640 256 ) 
4 58 59 (-232 -2632 304 ) (-232 -2632 256 ) (-232 -2640 256 ) (-232 -2640 304 ) 
4 58 62 (-232 -2640 256 ) (-196 -2640 256 ) (-196 -2640 304 ) (-232 -2640 304 ) 
4 59 63 (-780 -2632 256 ) (-232 -2632 256 ) (-232 -2640 256 ) (-780 -2640 256 ) 
4 59 60 (-780 -2632 304 ) (-780 -2632 256 ) (-780 -2640 256 ) (-780 -2640 304 ) 
4 59 62 (-780 -2640 256 ) (-232 -2640 256 ) (-232 -2640 304 ) (-780 -2640 304 ) 
4 60 63 (-816 -2632 256 ) (-780 -2632 256 ) (-780 -2640 256 ) (-816 -2640 256 ) 
4 60 62 (-816 -2640 256 ) (-780 -2640 256 ) (-780 -2640 304 ) (-816 -2640 304 ) 
4 60 61 (-816 -2632 304 ) (-816 -2632 256 ) (-816 -2640 256 ) (-816 -2640 304 ) 
4 61 63 (-1024 -2640 256 ) (-1024 -2632 256 ) (-816 -2632 256 ) (-816 -2640 256 ) 
4 61 62 (-1024 -2640 256 ) (-816 -2640 256 ) (-816 -2640 304 ) (-1024 -2640 304 ) 
4 62 95 (0 -3072 256 ) (0 -3072 304 ) (-1024 -3072 304 ) (-1024 -3072 256 ) 
4 62 63 (-1024 -3072 256 ) (-1024 -2640 256 ) (0 -2640 256 ) (0 -3072 256 ) 
4 63 95 (0 -3072 64 ) (0 -3072 256 ) (-1024 -3072 256 ) (-1024 -3072 64 ) 
4 64 71 (-1088 -2368 320 ) (-1088 -2560 320 ) (-1088 -2560 416 ) (-1088 -2368 416 ) 
4 64 65 (-1088 -2560 416 ) (-1088 -2560 320 ) (-1024 -2560 320 ) (-1024 -2560 416 ) 
4 65 71 (-1088 -2560 320 ) (-1088 -2688 320 ) (-1088 -2688 448 ) (-1088 -2560 448 ) 
4 65 69 (-1088 -2624 576 ) (-1088 -2560 576 ) (-1088 -2560 448 ) (-1088 -2624 448 ) 
4 65 66 (-1024 -2688 576 ) (-1040 -2688 576 ) (-1040 -2688 384 ) (-1024 -2688 384 ) 
4 65 67 (-1040 -2688 576 ) (-1088 -2688 576 ) (-1088 -2688 320 ) (-1040 -2688 320 ) 
4 66 68 (-1024 -2720 576 ) (-1040 -2720 576 ) (-1040 -2720 384 ) (-1024 -2720 384 ) 
4 66 67 (-1040 -2688 576 ) (-1040 -2688 384 ) (-1040 -2720 384 ) (-1040 -2720 576 ) 
4 67 71 (-1088 -2688 320 ) (-1088 -2720 320 ) (-1088 -2720 448 ) (-1088 -2688 448 ) 
4 67 68 (-1040 -2720 576 ) (-1088 -2720 576 ) (-1088 -2720 320 ) (-1040 -2720 320 ) 
4 68 71 (-1088 -2720 320 ) (-1088 -2816 320 ) (-1088 -2816 448 ) (-1088 -2720 448 ) 
4 69 71 (-1152 -2112 448 ) (-1088 -2112 448 ) (-1088 -2624 448 ) (-1152 -2624 448 ) 
4 69 72 (-1280 -2112 448 ) (-1152 -2112 448 ) (-1152 -2624 448 ) (-1280 -2624 448 ) 
4 69 70 (-1280 -2112 448 ) (-1280 -2624 448 ) (-1280 -2624 576 ) (-1280 -2112 576 ) 
4 70 131 (-2048 -3072 448 ) (-2048 -3072 576 ) (-2048 -2240 576 ) (-2048 -2240 448 ) 
4 70 129 (-2048 -2240 576 ) (-2048 -2112 576 ) (-2048 -2112 448 ) (-2048 -2240 448 ) 
4 70 97 (-1728 -3072 448 ) (-1280 -3072 448 ) (-1280 -3072 576 ) (-1728 -3072 576 ) 
4 70 98 (-2048 -3072 576 ) (-2048 -3072 448 ) (-1792 -3072 448 ) (-1792 -3072 576 ) 
4 70 72 (-2048 -2112 448 ) (-1280 -2112 448 ) (-1280 -3072 448 ) (-2048 -3072 448 ) 
4 71 78 (-1152 -3008 320 ) (-1152 -2984 320 ) (-1088 -2984 320 ) (-1088 -3008 320 ) 
4 71 76 (-1104 -2448 320 ) (-1104 -2984 320 ) (-1112 -2984 320 ) (-1112 -2448 320 ) 
4 71 75 (-1112 -2400 320 ) (-1104 -2400 320 ) (-1104 -2448 320 ) (-1112 -2448 320 ) 
4 71 74 (-1104 -2400 320 ) (-1088 -2400 320 ) (-1088 -2984 320 ) (-1104 -2984 320 ) 
4 71 77 (-1152 -2984 320 ) (-1152 -2400 320 ) (-1112 -2400 320 ) (-1112 -2984 320 ) 
4 71 73 (-1152 -2400 320 ) (-1152 -2112 320 ) (-1088 -2112 320 ) (-1088 -2400 320 ) 
4 71 72 (-1152 -3008 448 ) (-1152 -2112 448 ) (-1152 -2112 320 ) (-1152 -3008 320 ) 
4 72 131 (-2048 -3072 320 ) (-2048 -3072 448 ) (-2048 -2240 448 ) (-2048 -2240 320 ) 
15 72 130 (-2048 -2120 320 ) (-2048 -2232 320 ) (-2048 -2232 384.001617 ) (-2048 -2230 396 ) (-2048 -2224 408 ) (-2048 -2216 418 ) (-2048 -2204 426 ) (-2048 -2190 430 ) (-2048 -2176 432 ) (-2048 -2162 430 ) (-2048 -2148 426 ) (-2048 -2136 418 ) (-2048 -2128 408 ) (-2048 -2122 396 ) (-2048 -2120 384 ) 
4 72 97 (-1728 -3072 320 ) (-1152 -3072 320 ) (-1152 -3072 448 ) (-1728 -3072 448 ) 
4 72 98 (-2048 -3072 448 ) (-2048 -3072 320 ) (-1792 -3072 320 ) (-1792 -3072 448 ) 
4 72 82 (-1856 -3072 320 ) (-2048 -3072 320 ) (-2048 -3008 320 ) (-1856 -3008 320 ) 
4 72 80 (-1712 -2992 320 ) (-1712 -3008 320 ) (-1748 -3008 320 ) (-1748 -2992 320 ) 
4 72 79 (-1748 -2984 320 ) (-1712 -2984 320 ) (-1712 -2992 320 ) (-1748 -2992 320 ) 
4 72 78 (-1712 -2984 320 ) (-1152 -2984 320 ) (-1152 -3008 320 ) (-1712 -3008 320 ) 
4 72 81 (-2048 -3008 320 ) (-2048 -2984 320 ) (-1748 -2984 320 ) (-1748 -3008 320 ) 
4 72 77 (-2048 -2984 320 ) (-2048 -2400 320 ) (-1152 -2400 320 ) (-1152 -2984 320 ) 
4 72 73 (-2048 -2400 320 ) (-2048 -2112 320 ) (-1152 -2112 320 ) (-1152 -2400 320 ) 
4 73 88 (-1712 -2400 304 ) (-1748 -2400 304 ) (-1748 -2112 304 ) (-1712 -2112 304 ) 
4 73 91 (-1748 -2400 304 ) (-2048 -2400 304 ) (-2048 -2112 304 ) (-1748 -2112 304 ) 
4 73 84 (-1104 -2400 304 ) (-1112 -2400 304 ) (-1112 -2112 304 ) (-1104 -2112 304 ) 
4 73 83 (-1088 -2112 304 ) (-1088 -2400 304 ) (-1104 -2400 304 ) (-1104 -2112 304 ) 
4 73 87 (-1112 -2400 304 ) (-1712 -2400 304 ) (-1712 -2112 304 ) (-1112 -2112 304 ) 
4 73 75 (-1112 -2400 304 ) (-1104 -2400 304 ) (-1104 -2400 320 ) (-1112 -2400 320 ) 
4 73 74 (-1104 -2400 304 ) (-1088 -2400 304 ) (-1088 -2400 320 ) (-1104 -2400 320 ) 
4 73 77 (-2048 -2400 304 ) (-1112 -2400 304 ) (-1112 -2400 320 ) (-2048 -2400 320 ) 
4 74 83 (-1088 -2400 304 ) (-1088 -2984 304 ) (-1104 -2984 304 ) (-1104 -2400 304 ) 
4 74 78 (-1104 -2984 304 ) (-1088 -2984 304 ) (-1088 -2984 320 ) (-1104 -2984 320 ) 
4 74 76 (-1104 -2448 304 ) (-1104 -2984 304 ) (-1104 -2984 320 ) (-1104 -2448 320 ) 
4 74 75 (-1104 -2400 320 ) (-1104 -2400 304 ) (-1104 -2448 304 ) (-1104 -2448 320 ) 
4 75 85 (-1112 -2448 304 ) (-1112 -2400 304 ) (-1104 -2400 304 ) (-1104 -2448 304 ) 
4 75 77 (-1112 -2400 320 ) (-1112 -2400 304 ) (-1112 -2448 304 ) (-1112 -2448 320 ) 
4 75 76 (-1112 -2448 320 ) (-1112 -2448 304 ) (-1104 -2448 304 ) (-1104 -2448 320 ) 
4 76 86 (-1104 -2984 304 ) (-1112 -2984 304 ) (-1112 -2448 304 ) (-1104 -2448 304 ) 
4 76 78 (-1112 -2984 304 ) (-1104 -2984 304 ) (-1104 -2984 320 ) (-1112 -2984 320 ) 
4 76 77 (-1112 -2448 304 ) (-1112 -2984 304 ) (-1112 -2984 320 ) (-1112 -2448 320 ) 
4 77 88 (-1712 -2984 304 ) (-1748 -2984 304 ) (-1748 -2400 304 ) (-1712 -2400 304 ) 
4 77 91 (-1748 -2984 304 ) (-2048 -2984 304 ) (-2048 -2400 304 ) (-1748 -2400 304 ) 
4 77 87 (-1112 -2984 304 ) (-1712 -2984 304 ) (-1712 -2400 304 ) (-1112 -2400 304 ) 
4 77 79 (-1748 -2984 304 ) (-1712 -2984 304 ) (-1712 -2984 320 ) (-1748 -2984 320 ) 
4 77 78 (-1712 -2984 304 ) (-1112 -2984 304 ) (-1112 -2984 320 ) (-1712 -2984 320 ) 
4 77 81 (-2048 -2984 304 ) (-1748 -2984 304 ) (-1748 -2984 320 ) (-2048 -2984 320 ) 
4 78 86 (-1104 -3008 304 ) (-1112 -3008 304 ) (-1112 -2984 304 ) (-1104 -2984 304 ) 
4 78 83 (-1088 -2984 304 ) (-1088 -3008 304 ) (-1104 -3008 304 ) (-1104 -2984 304 ) 
4 78 87 (-1112 -3008 304 ) (-1712 -3008 304 ) (-1712 -2984 304 ) (-1112 -2984 304 ) 
4 78 80 (-1712 -2992 304 ) (-1712 -3008 304 ) (-1712 -3008 320 ) (-1712 -2992 320 ) 
4 78 79 (-1712 -2984 320 ) (-1712 -2984 304 ) (-1712 -2992 304 ) (-1712 -2992 320 ) 
4 79 89 (-1748 -2992 304 ) (-1748 -2984 304 ) (-1712 -2984 304 ) (-1712 -2992 304 ) 
4 79 81 (-1748 -2984 320 ) (-1748 -2984 304 ) (-1748 -2992 304 ) (-1748 -2992 320 ) 
4 79 80 (-1748 -2992 320 ) (-1748 -2992 304 ) (-1712 -2992 304 ) (-1712 -2992 320 ) 
4 80 90 (-1712 -3008 304 ) (-1748 -3008 304 ) (-1748 -2992 304 ) (-1712 -2992 304 ) 
4 80 81 (-1748 -2992 304 ) (-1748 -3008 304 ) (-1748 -3008 320 ) (-1748 -2992 320 ) 
4 81 91 (-1748 -3008 304 ) (-2048 -3008 304 ) (-2048 -2984 304 ) (-1748 -2984 304 ) 
4 81 82 (-2048 -3008 304 ) (-1856 -3008 304 ) (-1856 -3008 320 ) (-2048 -3008 320 ) 
4 82 105 (-2048 -3072 320 ) (-2048 -3072 304 ) (-1856 -3072 304 ) (-1856 -3072 320 ) 
4 82 92 (-1856 -3072 304 ) (-2048 -3072 304 ) (-2048 -3008 304 ) (-1856 -3008 304 ) 
4 83 85 (-1104 -2400 256 ) (-1104 -2448 256 ) (-1104 -2448 304 ) (-1104 -2400 304 ) 
4 83 84 (-1104 -2112 304 ) (-1104 -2112 256 ) (-1104 -2400 256 ) (-1104 -2400 304 ) 
4 83 86 (-1104 -2448 256 ) (-1104 -3008 256 ) (-1104 -3008 304 ) (-1104 -2448 304 ) 
4 84 87 (-1112 -2112 304 ) (-1112 -2112 256 ) (-1112 -2400 256 ) (-1112 -2400 304 ) 
4 84 85 (-1112 -2400 304 ) (-1112 -2400 256 ) (-1104 -2400 256 ) (-1104 -2400 304 ) 
4 85 86 (-1112 -2448 304 ) (-1112 -2448 256 ) (-1104 -2448 256 ) (-1104 -2448 304 ) 
4 85 87 (-1112 -2400 256 ) (-1112 -2448 256 ) (-1112 -2448 304 ) (-1112 -2400 304 ) 
4 86 87 (-1112 -2448 256 ) (-1112 -3008 256 ) (-1112 -3008 304 ) (-1112 -2448 304 ) 
4 87 89 (-1712 -2984 256 ) (-1712 -2992 256 ) (-1712 -2992 304 ) (-1712 -2984 304 ) 
4 87 88 (-1712 -2112 304 ) (-1712 -2112 256 ) (-1712 -2984 256 ) (-1712 -2984 304 ) 
4 87 90 (-1712 -2992 256 ) (-1712 -3008 256 ) (-1712 -3008 304 ) (-1712 -2992 304 ) 
4 88 91 (-1748 -2112 304 ) (-1748 -2112 256 ) (-1748 -2984 256 ) (-1748 -2984 304 ) 
4 88 89 (-1748 -2984 304 ) (-1748 -2984 256 ) (-1712 -2984 256 ) (-1712 -2984 304 ) 
4 89 90 (-1748 -2992 304 ) (-1748 -2992 256 ) (-1712 -2992 256 ) (-1712 -2992 304 ) 
4 89 91 (-1748 -2984 256 ) (-1748 -2992 256 ) (-1748 -2992 304 ) (-1748 -2984 304 ) 
4 90 91 (-1748 -2992 256 ) (-1748 -3008 256 ) (-1748 -3008 304 ) (-1748 -2992 304 ) 
4 91 92 (-2048 -3008 256 ) (-1856 -3008 256 ) (-1856 -3008 304 ) (-2048 -3008 304 ) 
4 92 106 (-2048 -3072 304 ) (-2048 -3072 256 ) (-1856 -3072 256 ) (-1856 -3072 304 ) 
4 93 99 (-1024 -3136 320 ) (-1024 -3200 320 ) (-1024 -3200 576 ) (-1024 -3136 576 ) 
4 93 96 (-1024 -3072 576 ) (-1024 -3072 320 ) (-1024 -3136 320 ) (-1024 -3136 576 ) 
4 93 94 (-1024 -3136 320 ) (-1024 -3072 320 ) (0 -3072 320 ) (0 -3136 320 ) 
4 94 95 (-1024 -3136 304 ) (-1024 -3072 304 ) (0 -3072 304 ) (0 -3136 304 ) 
4 96 99 (-1088 -3136 320 ) (-1024 -3136 320 ) (-1024 -3136 576 ) (-1088 -3136 576 ) 
4 97 100 (-1728 -3136 320 ) (-1664 -3136 320 ) (-1664 -3136 576 ) (-1728 -3136 576 ) 
4 98 164 (-2048 -3072 576 ) (-2048 -3072 320 ) (-2048 -3136 320 ) (-2048 -3136 576 ) 
4 98 105 (-2048 -3136 320 ) (-2048 -3072 320 ) (-1856 -3072 320 ) (-1856 -3136 320 ) 
4 98 100 (-2048 -3136 320 ) (-1792 -3136 320 ) (-1792 -3136 576 ) (-2048 -3136 576 ) 
4 100 164 (-2048 -3136 320 ) (-2048 -3200 320 ) (-2048 -3200 576 ) (-2048 -3136 576 ) 
4 100 105 (-2048 -3200 320 ) (-2048 -3136 320 ) (-1856 -3136 320 ) (-1856 -3200 320 ) 
4 100 101 (-1856 -3200 320 ) (-1792 -3200 320 ) (-1792 -3200 576 ) (-1856 -3200 576 ) 
4 101 102 (-1856 -3264 320 ) (-1792 -3264 320 ) (-1792 -3264 448 ) (-1856 -3264 448 ) 
4 102 103 (-1344 -3392 320 ) (-1216 -3392 320 ) (-1216 -3392 448 ) (-1344 -3392 448 ) 
4 103 226 (-1248 -4096 448 ) (-1312 -4096 448 ) (-1312 -4096 320 ) (-1248 -4096 320 ) 
4 104 230 (-2016 -4096 448 ) (-2048 -4096 448 ) (-2048 -4096 320 ) (-2016 -4096 320 ) 
4 104 166 (-2048 -4096 320 ) (-2048 -4096 448 ) (-2048 -3712 448 ) (-2048 -3712 320 ) 
4 105 106 (-2048 -3200 304 ) (-2048 -3072 304 ) (-1856 -3072 304 ) (-1856 -3200 304 ) 
4 107 110 (-4499.319824 -776.539062 359.481384 ) (-4499.319824 -776.539062 379.229004 ) (-4523.319824 -776.539062 379.229004 ) (-4523.319824 -776.539062 359.481384 ) 
4 107 109 (-4499.319824 -776.539062 379.229004 ) (-4499.319824 -776.539062 512 ) (-4523.319824 -776.539062 512 ) (-4523.319824 -776.539062 379.229004 ) 
4 107 108 (-4499.319824 -776.539062 320 ) (-4288 -776.539062 320 ) (-4288 -776.539062 512 ) (-4499.319824 -776.539062 512 ) 
4 107 112 (-4736 -776.539062 512 ) (-4736 -776.539062 320 ) (-4523.319824 -776.539062 320 ) (-4523.319824 -776.539062 512 ) 
4 108 197 (-4499.319824 -1024 448 ) (-4499.319824 -1024 320 ) (-4288 -1024 320 ) (-4288 -1024 448 ) 
4 108 188 (-4288 -1024 512 ) (-4499.319824 -1024 512 ) (-4499.319824 -1024 448 ) (-4288 -1024 448 ) 
3 108 110 (-4499.319824 -776.539062 379.229004 ) (-4499.319824 -776.539062 359.481384 ) (-4499.319824 -780.539978 379.229004 ) 
4 108 109 (-4499.319824 -776.539062 512 ) (-4499.319824 -776.539062 379.229004 ) (-4499.319824 -784.539978 379.229004 ) (-4499.319824 -784.539978 512 ) 
4 108 111 (-4499.319824 -784.539978 320 ) (-4499.319824 -1024 320 ) (-4499.319824 -1024 512 ) (-4499.319824 -784.539978 512 ) 
4 109 110 (-4523.319824 -780.539978 379.229004 ) (-4523.319824 -776.539062 379.229004 ) (-4499.319824 -776.539062 379.229004 ) (-4499.319824 -780.539978 379.229004 ) 
4 109 111 (-4523.319824 -784.539978 512 ) (-4523.319824 -784.539978 379.229004 ) (-4499.319824 -784.539978 379.229004 ) (-4499.319824 -784.539978 512 ) 
4 109 112 (-4523.319824 -776.539062 512 ) (-4523.319824 -776.539062 379.229004 ) (-4523.319824 -784.539978 379.229004 ) (-4523.319824 -784.539978 512 ) 
3 110 112 (-4523.319824 -776.539062 379.229004 ) (-4523.319824 -776.539062 359.481384 ) (-4523.319824 -780.539978 379.229004 ) 
4 111 197 (-4523.319824 -1024 448 ) (-4523.319824 -1024 320 ) (-4499.319824 -1024 320 ) (-4499.319824 -1024 448 ) 
4 111 188 (-4499.319824 -1024 512 ) (-4523.319824 -1024 512 ) (-4523.319824 -1024 448 ) (-4499.319824 -1024 448 ) 
4 111 112 (-4523.319824 -784.539978 320 ) (-4523.319824 -1024 320 ) (-4523.319824 -1024 512 ) (-4523.319824 -784.539978 512 ) 
4 112 201 (-4736 -1024 448 ) (-4736 -1024 320 ) (-4672 -1024 320 ) (-4672 -1024 448 ) 
4 112 200 (-4672 -1024 320 ) (-4544 -1024 320 ) (-4544 -1024 448 ) (-4672 -1024 448 ) 
4 112 197 (-4544 -1024 320 ) (-4523.319824 -1024 320 ) (-4523.319824 -1024 448 ) (-4544 -1024 448 ) 
4 112 188 (-4523.319824 -1024 512 ) (-4736 -1024 512 ) (-4736 -1024 448 ) (-4523.319824 -1024 448 ) 
4 112 113 (-4736 -1024 448 ) (-4736 -1024 512 ) (-4736 -976 512 ) (-4736 -976 448 ) 
4 113 188 (-4736 -1024 512 ) (-4768 -1024 512 ) (-4768 -1024 448 ) (-4736 -1024 448 ) 
4 114 118 (-3888 -1524 320 ) (-3264 -1524 320 ) (-3264 -1524 428 ) (-3888 -1524 428 ) 
4 114 116 (-3264 -1524 428 ) (-3264 -1524 432 ) (-3888 -1524 432 ) (-3888 -1524 428 ) 
4 114 115 (-3264 -1524 432 ) (-3264 -1524 448 ) (-3888 -1524 448 ) (-3888 -1524 432 ) 
4 115 121 (-3888 -1580 432 ) (-3264 -1580 432 ) (-3264 -1580 448 ) (-3888 -1580 448 ) 
4 115 116 (-3264 -1580 432 ) (-3888 -1580 432 ) (-3888 -1524 432 ) (-3264 -1524 432 ) 
4 116 121 (-3888 -1580 428 ) (-3264 -1580 428 ) (-3264 -1580 432 ) (-3888 -1580 432 ) 
4 116 118 (-3264 -1580 428 ) (-3895 -1580 428 ) (-3895 -1524 428 ) (-3264 -1524 428 ) 
4 117 122 (-3904 -1580 428 ) (-3904 -1580 432 ) (-3904 -1524 432 ) (-3904 -1524 428 ) 
4 117 120 (-3897 -1580 428 ) (-3904 -1580 428 ) (-3904 -1524 428 ) (-3897 -1524 428 ) 
4 118 121 (-3888 -1580 320 ) (-3264 -1580 320 ) (-3264 -1580 428 ) (-3888 -1580 428 ) 
4 118 119 (-3895 -1576 428 ) (-3895 -1528 428 ) (-3895 -1528 320 ) (-3895 -1576 320 ) 
4 119 120 (-3897 -1576 428 ) (-3897 -1528 428 ) (-3897 -1528 320 ) (-3897 -1576 320 ) 
4 120 122 (-3904 -1524 320 ) (-3904 -1580 320 ) (-3904 -1580 428 ) (-3904 -1524 428 ) 
4 121 128 (-3392 -1616 320 ) (-3264 -1616 320 ) (-3264 -1616 448 ) (-3392 -1616 448 ) 
4 122 124 (-4071.479980 -1564.030029 379.229004 ) (-4071.479980 -1564.030029 448 ) (-4071.479980 -1540.030029 448 ) (-4071.479980 -1540.030029 379.229004 ) 
4 122 123 (-4071.479980 -1488 448 ) (-4071.479980 -1488 320 ) (-4071.479980 -1540.030029 320 ) (-4071.479980 -1540.030029 448 ) 
4 122 126 (-4071.479980 -1564.030029 320 ) (-4071.479980 -1616 320 ) (-4071.479980 -1616 448 ) (-4071.479980 -1564.030029 448 ) 
3 123 125 (-4079.479980 -1540.030029 379.229004 ) (-4079.479980 -1540.030029 359.486816 ) (-4075.480225 -1540.030029 379.229004 ) 
4 123 124 (-4079.479980 -1540.030029 448 ) (-4079.479980 -1540.030029 379.229004 ) (-4071.479980 -1540.030029 379.229004 ) (-4071.479980 -1540.030029 448 ) 
4 123 127 (-4079.479980 -1488 448 ) (-4079.479980 -1488 320 ) (-4079.479980 -1540.030029 320 ) (-4079.479980 -1540.030029 448 ) 
4 124 125 (-4075.480225 -1564.030029 379.229004 ) (-4079.479980 -1564.030029 379.229004 ) (-4079.479980 -1540.030029 379.229004 ) (-4075.480225 -1540.030029 379.229004 ) 
4 124 127 (-4079.479980 -1564.030029 379.229004 ) (-4079.479980 -1564.030029 448 ) (-4079.479980 -1540.030029 448 ) (-4079.479980 -1540.030029 379.229004 ) 
4 124 126 (-4079.479980 -1564.030029 448 ) (-4079.479980 -1564.030029 379.229004 ) (-4071.479980 -1564.030029 379.229004 ) (-4071.479980 -1564.030029 448 ) 
3 125 126 (-4079.479980 -1564.030029 379.229004 ) (-4079.479980 -1564.030029 359.486816 ) (-4075.480225 -1564.030029 379.229004 ) 
4 125 127 (-4079.479980 -1564.030029 359.486816 ) (-4079.479980 -1564.030029 379.229004 ) (-4079.479980 -1540.030029 379.229004 ) (-4079.479980 -1540.030029 359.486816 ) 
4 126 127 (-4079.479980 -1564.030029 320 ) (-4079.479980 -1616 320 ) (-4079.479980 -1616 448 ) (-4079.479980 -1564.030029 448 ) 
4 127 196 (-4096 -1580 320 ) (-4096 -1616 320 ) (-4096 -1616 448 ) (-4096 -1580 448 ) 
4 127 193 (-4096 -1524 320 ) (-4096 -1580 320 ) (-4096 -1580 428 ) (-4096 -1524 428 ) 
4 127 191 (-4096 -1580 428 ) (-4096 -1580 432 ) (-4096 -1524 432 ) (-4096 -1524 428 ) 
4 127 190 (-4096 -1580 432 ) (-4096 -1580 448 ) (-4096 -1524 448 ) (-4096 -1524 432 ) 
4 127 189 (-4096 -1488 320 ) (-4096 -1524 320 ) (-4096 -1524 448 ) (-4096 -1488 448 ) 
4 128 143 (-3264 -2048 448 ) (-3392 -2048 448 ) (-3392 -2048 320 ) (-3264 -2048 320 ) 
4 129 132 (-2112 -2240 448 ) (-2112 -2240 576 ) (-2112 -2112 576 ) (-2112 -2112 448 ) 
4 129 131 (-2112 -2240 576 ) (-2112 -2240 448 ) (-2048 -2240 448 ) (-2048 -2240 576 ) 
15 130 132 (-2112 -2190 430 ) (-2112 -2176 432 ) (-2112 -2162 430 ) (-2112 -2148 426 ) (-2112 -2136 418 ) (-2112 -2128 408 ) (-2112 -2122 396 ) (-2112 -2120 384 ) (-2112 -2120 320 ) (-2112 -2232 320 ) (-2112 -2232 384.001617 ) (-2112 -2230 396 ) (-2112 -2224 408 ) (-2112 -2216 418 ) (-2112 -2204 426 ) 
4 131 164 (-2048 -3072 320 ) (-2048 -3072 576 ) (-2112 -3072 576 ) (-2112 -3072 320 ) 
4 131 132 (-2112 -3072 320 ) (-2112 -3072 576 ) (-2112 -2240 576 ) (-2112 -2240 320 ) 
4 132 168 (-2112 -3072 320 ) (-2112 -3072 576 ) (-2240 -3072 576 ) (-2240 -3072 320 ) 
4 133 147 (-3160 -2752 448 ) (-3224 -2752 448 ) (-3224 -2688 448 ) (-3160 -2688 448 ) 
3 134 153 (-3296 -2752 448 ) (-3360 -2752 448 ) (-3360 -2688 448 ) 
3 134 152 (-3296 -2752 448 ) (-3360 -2688 448 ) (-3296 -2688 448 ) 
4 135 153 (-3424 -2752 448 ) (-3488 -2752 448 ) (-3488 -2688 448 ) (-3424 -2688 448 ) 
4 136 153 (-3552 -2752 448 ) (-3616 -2752 448 ) (-3616 -2688 448 ) (-3552 -2688 448 ) 
4 137 153 (-3680 -2752 448 ) (-3744 -2752 448 ) (-3744 -2688 448 ) (-3680 -2688 448 ) 
4 138 153 (-3808 -2752 448 ) (-3872 -2752 448 ) (-3872 -2688 448 ) (-3808 -2688 448 ) 
3 139 153 (-3936 -2752 448 ) (-4000 -2688 448 ) (-3936 -2688 448 ) 
3 139 151 (-3936 -2752 448 ) (-4000 -2752 448 ) (-4000 -2688 448 ) 
4 140 156 (-3800 -2904 448 ) (-3864 -2904 448 ) (-3864 -2840 448 ) (-3800 -2840 448 ) 
3 141 163 (-3936 -2904 448 ) (-4000 -2904 448 ) (-4000 -2840 448 ) 
3 141 162 (-3936 -2904 448 ) (-4000 -2840 448 ) (-3936 -2840 448 ) 
4 142 203 (-4096 -2904 456 ) (-4096 -2840 456 ) (-4096 -2840 448 ) (-4096 -2904 448 ) 
4 142 163 (-4064 -2904 448 ) (-4096 -2904 448 ) (-4096 -2840 448 ) (-4064 -2840 448 ) 
4 143 145 (-3360 -2640 320 ) (-3296 -2640 320 ) (-3296 -2640 436 ) (-3360 -2640 436 ) 
4 144 146 (-3744 -2640 320 ) (-3680 -2640 320 ) (-3680 -2640 436 ) (-3744 -2640 436 ) 
4 145 152 (-3360 -2656 320 ) (-3296 -2656 320 ) (-3296 -2656 436 ) (-3360 -2656 436 ) 
4 146 153 (-3744 -2656 320 ) (-3680 -2656 320 ) (-3680 -2656 436 ) (-3744 -2656 436 ) 
4 147 148 (-3256 -2768 356 ) (-3256 -2768 428 ) (-3256 -2672 428 ) (-3256 -2672 356 ) 
4 148 149 (-3260 -2672 356 ) (-3260 -2768 356 ) (-3260 -2768 428 ) (-3260 -2672 428 ) 
4 149 150 (-3261 -2672 356 ) (-3261 -2768 356 ) (-3261 -2768 428 ) (-3261 -2672 428 ) 
4 150 152 (-3264 -2768 356 ) (-3264 -2768 428 ) (-3264 -2672 428 ) (-3264 -2672 356 ) 
4 151 154 (-4000 -2784 320 ) (-3936 -2784 320 ) (-3936 -2784 432 ) (-4000 -2784 432 ) 
4 151 153 (-3904 -2784 448 ) (-3904 -2784 320 ) (-4032 -2656 320 ) (-4032 -2656 448 ) 
4 152 153 (-3392.001953 -2656 448 ) (-3392.001953 -2656 320 ) (-3264.001953 -2784 320 ) (-3264.001953 -2784 448 ) 
4 154 161 (-4000 -2792 320 ) (-3936 -2792 320 ) (-3936 -2792 432 ) (-4000 -2792 432 ) 
4 155 156 (-3896 -2824 320 ) (-3768 -2824 320 ) (-3768 -2824 448 ) (-3896 -2824 448 ) 
4 156 160 (-3896 -2920 320 ) (-3768 -2920 320 ) (-3768 -2920 448 ) (-3896 -2920 448 ) 
4 156 157 (-3896 -2824 428 ) (-3896 -2824 356 ) (-3896 -2920 356 ) (-3896 -2920 428 ) 
4 157 158 (-3900 -2824 356 ) (-3900 -2920 356 ) (-3900 -2920 428 ) (-3900 -2824 428 ) 
4 158 159 (-3901 -2824 356 ) (-3901 -2920 356 ) (-3901 -2920 428 ) (-3901 -2824 428 ) 
4 159 162 (-3904 -2920 356 ) (-3904 -2920 428 ) (-3904 -2824 428 ) (-3904 -2824 356 ) 
4 161 162 (-4000 -2808 320 ) (-3936 -2808 320 ) (-3936 -2808 436 ) (-4000 -2808 436 ) 
4 162 163 (-4031.998047 -2808 448 ) (-4031.998047 -2808 320 ) (-3904 -2935.998047 320 ) (-3904 -2935.998047 448 ) 
4 163 210 (-4096 -2936 448 ) (-4096 -2808 448 ) (-4096 -2808 320 ) (-4096 -2936 320 ) 
4 164 168 (-2112 -3072 576 ) (-2112 -3072 320 ) (-2112 -3200 320 ) (-2112 -3200 576 ) 
15 165 169 (-2112 -3480 320 ) (-2112 -3592 320 ) (-2112 -3592 352.026581 ) (-2112 -3590.006592 363.986877 ) (-2112 -3584 376 ) (-2112 -3576 386 ) (-2112 -3564 394 ) (-2112 -3550 398 ) (-2112 -3536 400 ) (-2112 -3522 398 ) (-2112 -3508 394 ) (-2112 -3496 386 ) (-2112 -3488 376 ) (-2112 -3482 364 ) (-2112 -3480 352 ) 
4 165 167 (-2112 -3592 320 ) (-2112 -3480 320 ) (-2048 -3480 320 ) (-2048 -3592 320 ) 
4 166 300 (-2048 -4096 320 ) (-2048 -4096 448 ) (-2080 -4096 448 ) (-2080 -4096 320 ) 
4 166 173 (-2112 -3712 320 ) (-2112 -3840 320 ) (-2112 -3840 448 ) (-2112 -3712 448 ) 
4 167 175 (-2112 -3592 312 ) (-2112 -3480 312 ) (-2048 -3480 312 ) (-2048 -3592 312 ) 
4 167 174 (-2112 -3480 312 ) (-2112 -3592 312 ) (-2112 -3592 320 ) (-2112 -3480 320 ) 
4 169 174 (-2112 -3456 320 ) (-2112 -3616 320 ) (-2240 -3616 320 ) (-2240 -3456 320 ) 
4 169 171 (-2240 -3648 320 ) (-2240 -3680 320 ) (-2240 -3680 576 ) (-2240 -3648 576 ) 
4 169 170 (-2240 -3392 320 ) (-2240 -3648 320 ) (-2240 -3648 576 ) (-2240 -3392 576 ) 
4 170 178 (-3072 -3392 320 ) (-3072 -3648 320 ) (-3072 -3648 448 ) (-3072 -3392 448 ) 
4 170 177 (-3072 -3648 448 ) (-3072 -3648 576 ) (-3072 -3392 576 ) (-3072 -3392 448 ) 
4 170 174 (-2240 -3456 320 ) (-2240 -3616 320 ) (-3072 -3616 320 ) (-3072 -3456 320 ) 
4 170 171 (-2880 -3648 320 ) (-2240 -3648 320 ) (-2240 -3648 576 ) (-2880 -3648 576 ) 
4 171 172 (-2448 -3680 356 ) (-2448 -3680 428 ) (-2544 -3680 428 ) (-2544 -3680 356 ) 
4 172 173 (-2448 -3712 356 ) (-2448 -3712 428 ) (-2544 -3712 428 ) (-2544 -3712 356 ) 
4 173 184 (-3072 -3804 320 ) (-3072 -3840 320 ) (-3072 -3840 448 ) (-3072 -3804 448 ) 
4 173 182 (-3072 -3748 320 ) (-3072 -3804 320 ) (-3072 -3804 428 ) (-3072 -3748 428 ) 
4 173 181 (-3072 -3804 428 ) (-3072 -3804 432 ) (-3072 -3748 432 ) (-3072 -3748 428 ) 
4 173 180 (-3072 -3804 432 ) (-3072 -3804 448 ) (-3072 -3748 448 ) (-3072 -3748 432 ) 
4 173 179 (-3072 -3712 320 ) (-3072 -3748 320 ) (-3072 -3748 448 ) (-3072 -3712 448 ) 
4 174 186 (-3072 -3456 312 ) (-3072 -3616 312 ) (-3072 -3616 320 ) (-3072 -3456 320 ) 
4 174 176 (-3072 -3616 312 ) (-3072 -3456 312 ) (-2112 -3456 312 ) (-2112 -3616 312 ) 
4 175 176 (-2112 -3480 288 ) (-2112 -3592 288 ) (-2112 -3592 312 ) (-2112 -3480 312 ) 
4 176 187 (-3072 -3456 288 ) (-3072 -3616 288 ) (-3072 -3616 312 ) (-3072 -3456 312 ) 
4 177 178 (-3072 -3392 448 ) (-3072 -3648 448 ) (-3296 -3648 448 ) (-3296 -3392 448 ) 
4 178 186 (-3072 -3456 320 ) (-3072 -3616 320 ) (-3296 -3616 320 ) (-3296 -3456 320 ) 
4 179 182 (-3888 -3748 320 ) (-3072 -3748 320 ) (-3072 -3748 428 ) (-3888 -3748 428 ) 
4 179 181 (-3072 -3748 428 ) (-3072 -3748 432 ) (-3888 -3748 432 ) (-3888 -3748 428 ) 
4 179 180 (-3072 -3748 432 ) (-3072 -3748 448 ) (-3888 -3748 448 ) (-3888 -3748 432 ) 
4 180 184 (-3888 -3804 432 ) (-3072 -3804 432 ) (-3072 -3804 448 ) (-3888 -3804 448 ) 
4 180 181 (-3072 -3804 432 ) (-3888 -3804 432 ) (-3888 -3748 432 ) (-3072 -3748 432 ) 
4 181 184 (-3888 -3804 428 ) (-3072 -3804 428 ) (-3072 -3804 432 ) (-3888 -3804 432 ) 
4 181 182 (-3072 -3804 428 ) (-3902 -3804 428 ) (-3902 -3748 428 ) (-3072 -3748 428 ) 
4 182 184 (-3888 -3804 320 ) (-3072 -3804 320 ) (-3072 -3804 428 ) (-3888 -3804 428 ) 
4 182 183 (-3902 -3800 428 ) (-3902 -3752 428 ) (-3902 -3752 320 ) (-3902 -3800 320 ) 
4 183 185 (-3904 -3752 320 ) (-3904 -3800 320 ) (-3904 -3800 428 ) (-3904 -3752 428 ) 
4 185 224 (-4096 -3840 448 ) (-4096 -3804 448 ) (-4096 -3804 320 ) (-4096 -3840 320 ) 
4 185 222 (-4096 -3748 428 ) (-4096 -3748 320 ) (-4096 -3804 320 ) (-4096 -3804 428 ) 
4 185 221 (-4096 -3748 432 ) (-4096 -3748 428 ) (-4096 -3804 428 ) (-4096 -3804 432 ) 
4 185 220 (-4096 -3804 448 ) (-4096 -3748 448 ) (-4096 -3748 432 ) (-4096 -3804 432 ) 
4 185 219 (-4096 -3748 448 ) (-4096 -3712 448 ) (-4096 -3712 320 ) (-4096 -3748 320 ) 
4 186 187 (-3072 -3456 312 ) (-3072 -3616 312 ) (-3296 -3616 312 ) (-3296 -3456 312 ) 
4 188 201 (-4736 -1024 448 ) (-4672 -1024 448 ) (-4672 -1168 448 ) (-4736 -1168 448 ) 
4 188 200 (-4672 -1024 448 ) (-4544 -1024 448 ) (-4544 -1168 448 ) (-4672 -1168 448 ) 
4 188 197 (-4544 -1024 448 ) (-4288 -1024 448 ) (-4288 -1168 448 ) (-4544 -1168 448 ) 
4 189 193 (-4272 -1524 320 ) (-4096 -1524 320 ) (-4096 -1524 428 ) (-4272 -1524 428 ) 
4 189 191 (-4096 -1524 428 ) (-4096 -1524 432 ) (-4272 -1524 432 ) (-4272 -1524 428 ) 
4 189 190 (-4096 -1524 432 ) (-4096 -1524 448 ) (-4272 -1524 448 ) (-4272 -1524 432 ) 
4 190 196 (-4272 -1580 432 ) (-4096 -1580 432 ) (-4096 -1580 448 ) (-4272 -1580 448 ) 
4 190 191 (-4096 -1580 432 ) (-4272 -1580 432 ) (-4272 -1524 432 ) (-4096 -1524 432 ) 
4 191 196 (-4272 -1580 428 ) (-4096 -1580 428 ) (-4096 -1580 432 ) (-4272 -1580 432 ) 
4 191 193 (-4096 -1580 428 ) (-4279 -1580 428 ) (-4279 -1524 428 ) (-4096 -1524 428 ) 
4 192 199 (-4288 -1580 428 ) (-4288 -1580 432 ) (-4288 -1524 432 ) (-4288 -1524 428 ) 
4 192 195 (-4281 -1580 428 ) (-4288 -1580 428 ) (-4288 -1524 428 ) (-4281 -1524 428 ) 
4 193 196 (-4272 -1580 320 ) (-4096 -1580 320 ) (-4096 -1580 428 ) (-4272 -1580 428 ) 
4 193 194 (-4279 -1576 428 ) (-4279 -1528 428 ) (-4279 -1528 320 ) (-4279 -1576 320 ) 
4 194 195 (-4281 -1576 428 ) (-4281 -1528 428 ) (-4281 -1528 320 ) (-4281 -1576 320 ) 
4 195 199 (-4288 -1524 320 ) (-4288 -1580 320 ) (-4288 -1580 428 ) (-4288 -1524 428 ) 
4 197 200 (-4544 -1024 320 ) (-4544 -1168 320 ) (-4544 -1168 448 ) (-4544 -1024 448 ) 
4 197 198 (-4544 -1168 448 ) (-4544 -1168 320 ) (-4480 -1168 320 ) (-4480 -1168 448 ) 
4 198 200 (-4544 -1168 320 ) (-4544 -1232 320 ) (-4544 -1232 448 ) (-4544 -1168 448 ) 
4 199 200 (-4544 -1488 320 ) (-4544 -1616 320 ) (-4544 -1616 448 ) (-4544 -1488 448 ) 
4 200 201 (-4672 -1024 320 ) (-4672 -1232 320 ) (-4672 -1232 448 ) (-4672 -1024 448 ) 
6 201 202 (-4736 -1140 376.235046 ) (-4736 -1135.060181 423.293976 ) (-4736 -1065.872803 428 ) (-4736 -1055.994995 366.838257 ) (-4736 -1060.939941 352.706024 ) (-4736 -1085.650024 348 ) 
4 203 210 (-4128 -2840 448 ) (-4096 -2840 448 ) (-4096 -2904 448 ) (-4128 -2904 448 ) 
4 204 210 (-4256 -2840 448 ) (-4192 -2840 448 ) (-4192 -2904 448 ) (-4256 -2904 448 ) 
4 205 210 (-4384 -2840 448 ) (-4320 -2840 448 ) (-4320 -2904 448 ) (-4384 -2904 448 ) 
4 206 210 (-4512 -2840 448 ) (-4448 -2840 448 ) (-4448 -2904 448 ) (-4512 -2904 448 ) 
3 207 210 (-4640 -2840 448 ) (-4576 -2840 448 ) (-4576 -2904 448 ) 
3 207 209 (-4640 -2840 448 ) (-4576 -2904 448 ) (-4640 -2904 448 ) 
4 208 210 (-4384 -2808 320 ) (-4320 -2808 320 ) (-4320 -2808 436 ) (-4384 -2808 436 ) 
4 209 211 (-4640 -2936 320 ) (-4576 -2936 320 ) (-4576 -2936 432 ) (-4640 -2936 432 ) 
4 209 210 (-4544 -2936 448 ) (-4544 -2936 320 ) (-4672 -2808 320 ) (-4672 -2808 448 ) 
4 211 212 (-4640 -2944 320 ) (-4576 -2944 320 ) (-4576 -2944 432 ) (-4640 -2944 432 ) 
4 212 218 (-4636 -3072 448 ) (-4672 -3072 448 ) (-4672 -3072 320 ) (-4636 -3072 320 ) 
4 212 216 (-4636 -3072 428 ) (-4636 -3072 320 ) (-4580 -3072 320 ) (-4580 -3072 428 ) 
4 212 215 (-4636 -3072 432 ) (-4636 -3072 428 ) (-4580 -3072 428 ) (-4580 -3072 432 ) 
4 212 214 (-4580 -3072 448 ) (-4636 -3072 448 ) (-4636 -3072 432 ) (-4580 -3072 432 ) 
4 212 213 (-4544 -3072 448 ) (-4580 -3072 448 ) (-4580 -3072 320 ) (-4544 -3072 320 ) 
4 213 216 (-4580 -3072 320 ) (-4580 -3696 320 ) (-4580 -3696 428 ) (-4580 -3072 428 ) 
4 213 215 (-4580 -3696 428 ) (-4580 -3696 432 ) (-4580 -3072 432 ) (-4580 -3072 428 ) 
4 213 214 (-4580 -3696 432 ) (-4580 -3696 448 ) (-4580 -3072 448 ) (-4580 -3072 432 ) 
4 214 218 (-4636 -3696 448 ) (-4636 -3072 448 ) (-4636 -3072 432 ) (-4636 -3696 432 ) 
4 214 215 (-4636 -3696 432 ) (-4636 -3072 432 ) (-4580 -3072 432 ) (-4580 -3696 432 ) 
4 215 218 (-4636 -3696 432 ) (-4636 -3072 432 ) (-4636 -3072 428 ) (-4636 -3696 428 ) 
4 215 216 (-4636 -3710 428 ) (-4636 -3072 428 ) (-4580 -3072 428 ) (-4580 -3710 428 ) 
4 216 218 (-4636 -3072 320 ) (-4636 -3696 320 ) (-4636 -3696 428 ) (-4636 -3072 428 ) 
4 216 217 (-4584 -3710 428 ) (-4632 -3710 428 ) (-4632 -3710 320 ) (-4584 -3710 320 ) 
4 217 225 (-4632 -3712 320 ) (-4584 -3712 320 ) (-4584 -3712 428 ) (-4632 -3712 428 ) 
4 219 222 (-4272 -3748 320 ) (-4096 -3748 320 ) (-4096 -3748 428 ) (-4272 -3748 428 ) 
4 219 221 (-4096 -3748 428 ) (-4096 -3748 432 ) (-4272 -3748 432 ) (-4272 -3748 428 ) 
4 219 220 (-4096 -3748 432 ) (-4096 -3748 448 ) (-4272 -3748 448 ) (-4272 -3748 432 ) 
4 220 224 (-4272 -3804 432 ) (-4096 -3804 432 ) (-4096 -3804 448 ) (-4272 -3804 448 ) 
4 220 221 (-4096 -3804 432 ) (-4272 -3804 432 ) (-4272 -3748 432 ) (-4096 -3748 432 ) 
4 221 224 (-4272 -3804 428 ) (-4096 -3804 428 ) (-4096 -3804 432 ) (-4272 -3804 432 ) 
4 221 222 (-4096 -3804 428 ) (-4286 -3804 428 ) (-4286 -3748 428 ) (-4096 -3748 428 ) 
4 222 224 (-4272 -3804 320 ) (-4096 -3804 320 ) (-4096 -3804 428 ) (-4272 -3804 428 ) 
4 222 223 (-4286 -3800 428 ) (-4286 -3752 428 ) (-4286 -3752 320 ) (-4286 -3800 320 ) 
4 223 225 (-4288 -3752 320 ) (-4288 -3800 320 ) (-4288 -3800 428 ) (-4288 -3752 428 ) 
4 226 233 (-1312 -4160 320 ) (-1248 -4160 320 ) (-1248 -4160 363.631805 ) (-1312 -4160 363.551086 ) 
4 226 232 (-1248 -4160 363.631805 ) (-1248 -4160 448 ) (-1312 -4160 448 ) (-1312 -4160 363.551086 ) 
4 227 233 (-1504 -4160 320 ) (-1440 -4160 320 ) (-1440 -4160 363.389679 ) (-1504 -4160 363.309021 ) 
4 227 232 (-1440 -4160 363.389679 ) (-1440 -4160 448 ) (-1504 -4160 448 ) (-1504 -4160 363.309021 ) 
4 228 233 (-1728 -4160 320 ) (-1632 -4160 320 ) (-1632 -4160 363.147614 ) (-1728 -4160 363.026520 ) 
4 228 232 (-1632 -4160 363.147614 ) (-1632 -4160 448 ) (-1728 -4160 448 ) (-1728 -4160 363.026520 ) 
4 229 233 (-1888 -4160 320 ) (-1824 -4160 320 ) (-1824 -4160 362.905457 ) (-1888 -4160 362.824768 ) 
4 229 232 (-1824 -4160 362.905457 ) (-1824 -4160 448 ) (-1888 -4160 448 ) (-1888 -4160 362.824768 ) 
4 230 300 (-2048 -4096 448 ) (-2048 -4096 320 ) (-2048 -4160 320 ) (-2048 -4160 448 ) 
4 230 233 (-2048 -4160 320 ) (-2016 -4160 320 ) (-2016 -4160 362.663361 ) (-2048 -4160 362.623016 ) 
4 230 232 (-2016 -4160 362.663361 ) (-2016 -4160 448 ) (-2048 -4160 448 ) (-2048 -4160 362.623016 ) 
4 231 251 (-1088 -4928 320 ) (-1184 -4928 320 ) (-1184 -4224 320 ) (-1088 -4224 320 ) 
4 231 238 (-1184 -4928 321.188354 ) (-1184 -4928 329.198792 ) (-1184 -4224 360.836365 ) (-1184 -4224 352.825958 ) 
4 231 237 (-1184 -4224 320 ) (-1184 -4928 320 ) (-1184 -4928 321.188354 ) (-1184 -4224 352.825958 ) 
4 231 232 (-1184 -4928 329.198792 ) (-1184 -4928 448 ) (-1184 -4224 448 ) (-1184 -4224 360.836365 ) 
4 232 302 (-2048 -4224 448 ) (-2048 -4222 448 ) (-2048 -4222 359.836761 ) (-2048 -4224 359.746887 ) 
4 232 301 (-2048 -4222 448 ) (-2048 -4160 448 ) (-2048 -4160 362.623016 ) (-2048 -4222 359.836761 ) 
4 232 304 (-2048 -4928 328.109314 ) (-2048 -4928 448 ) (-2048 -4224 448 ) (-2048 -4224 359.746887 ) 
4 232 249 (-2016 -4928 448 ) (-2048 -4928 448 ) (-2048 -4928 328.109314 ) (-2016 -4928 328.149658 ) 
4 232 248 (-1824 -4928 448 ) (-1888 -4928 448 ) (-1888 -4928 328.311066 ) (-1824 -4928 328.391785 ) 
4 232 244 (-1444.476807 -4928 448 ) (-1500.480225 -4928 448 ) (-1500.480225 -4928 328.799713 ) (-1444.476807 -4928 328.870331 ) 
4 232 243 (-1184 -4928 329.198792 ) (-1184 -4928 448 ) (-1444.476807 -4928 448 ) (-1444.476807 -4928 328.870331 ) 
4 232 247 (-1500.480225 -4928 448 ) (-1760 -4928 448 ) (-1760 -4928 328.472473 ) (-1500.480225 -4928 328.799713 ) 
4 232 240 (-2048 -4224 359.747009 ) (-2048 -4222 359.836884 ) (-1500.480225 -4222 360.527313 ) (-1500.480225 -4224 360.437439 ) 
4 232 239 (-2048 -4222 359.836884 ) (-2048 -4188.306641 361.351074 ) (-1500.480225 -4189.089355 362.006317 ) (-1500.480225 -4222 360.527313 ) 
4 232 242 (-1500.480225 -4928 328.799896 ) (-2048 -4928 328.109467 ) (-2048 -4224 359.747009 ) (-1500.480225 -4224 360.437439 ) 
4 232 238 (-1184 -4189.541992 362.385040 ) (-1184 -4928 329.198975 ) (-1444.476807 -4928 328.870514 ) (-1444.476807 -4189.169434 362.073334 ) 
4 232 233 (-2048 -4160 362.623138 ) (-1184 -4160 363.712646 ) (-1184 -4189.541992 362.385040 ) (-2048 -4188.306641 361.351074 ) 
4 233 301 (-2048 -4160 320 ) (-2048 -4186.444336 320 ) (-2048 -4188.306641 361.350922 ) (-2048 -4160 362.623016 ) 
4 233 239 (-1500.480225 -4189.089355 362.002289 ) (-2048 -4188.306641 361.347046 ) (-2048 -4186.444824 320 ) (-1500.480225 -4187.198242 320 ) 
4 233 238 (-1184 -4189.182129 354.390686 ) (-1184 -4189.541992 362.381012 ) (-1444.476807 -4189.169434 362.069305 ) (-1444.476807 -4188.809570 354.081238 ) 
4 233 234 (-1184 -4187.633789 320 ) (-1184 -4189.182129 354.390686 ) (-1500.480225 -4188.729492 354.014709 ) (-1500.480225 -4187.198242 320 ) 
4 234 239 (-1500.480225 -4188.728027 354.014801 ) (-1500.480225 -4187.196289 320 ) (-1500.480225 -4222 320 ) (-1500.480225 -4222 352.519562 ) 
4 234 238 (-1184 -4189.183105 354.390625 ) (-1444.476807 -4188.810547 354.081177 ) (-1444.476807 -4222 352.589661 ) (-1184 -4222 352.915833 ) 
4 234 236 (-1184 -4222 320 ) (-1184 -4222 352 ) (-1500.480225 -4222 352 ) (-1500.480225 -4222 320 ) 
4 234 235 (-1184 -4222 352 ) (-1184 -4222 352.913879 ) (-1500.480225 -4222 352.517578 ) (-1500.480225 -4222 352 ) 
4 235 240 (-1500.480225 -4224 352 ) (-1500.480225 -4224 352.429688 ) (-1500.480225 -4222 352.519562 ) (-1500.480225 -4222 352 ) 
4 235 238 (-1444.476807 -4224 352.499786 ) (-1184 -4224 352.825958 ) (-1184 -4222 352.915833 ) (-1444.476807 -4222 352.589661 ) 
4 235 237 (-1184 -4224 352 ) (-1184 -4224 352.825958 ) (-1500.480225 -4224 352.429657 ) (-1500.480225 -4224 352 ) 
4 235 236 (-1184 -4224 352 ) (-1500.480225 -4224 352 ) (-1500.480225 -4222 352 ) (-1184 -4222 352 ) 
4 236 241 (-1500.480225 -4222 320 ) (-1500.480225 -4224 320 ) (-1500.480225 -4224 352 ) (-1500.480225 -4222 352 ) 
4 236 237 (-1184 -4224 320 ) (-1184 -4224 352 ) (-1500.480225 -4224 352 ) (-1500.480225 -4224 320 ) 
4 237 253 (-1217 -4236 320 ) (-1217 -4228 320 ) (-1189 -4228 320 ) (-1189 -4236 320 ) 
4 237 252 (-1217 -4228 320 ) (-1217 -4224 320 ) (-1189 -4224 320 ) (-1189 -4228 320 ) 
4 237 255 (-1189 -4928 320 ) (-1217 -4928 320 ) (-1217 -4236 320 ) (-1189 -4236 320 ) 
4 237 251 (-1184 -4224 320 ) (-1184 -4928 320 ) (-1189 -4928 320 ) (-1189 -4224 320 ) 
4 237 256 (-1217 -4928 320 ) (-1500.480225 -4928 320 ) (-1500.480225 -4224 320 ) (-1217 -4224 320 ) 
4 237 245 (-1500.480225 -4928 320 ) (-1444.476807 -4928 320 ) (-1444.476807 -4928 320.862183 ) (-1500.480225 -4928 320.792053 ) 
4 237 243 (-1444.476807 -4928 320 ) (-1184 -4928 320 ) (-1184 -4928 321.188354 ) (-1444.476807 -4928 320.862183 ) 
4 237 242 (-1500.480225 -4224 320 ) (-1500.480225 -4928 320 ) (-1500.480225 -4928 320.792053 ) (-1500.480225 -4224 352.429688 ) 
4 237 238 (-1444.476807 -4928 320.862213 ) (-1184 -4928 321.188477 ) (-1184 -4224 352.825958 ) (-1444.476807 -4224 352.499786 ) 
4 238 243 (-1184 -4928 321.188354 ) (-1184 -4928 329.198792 ) (-1444.476807 -4928 328.870331 ) (-1444.476807 -4928 320.862183 ) 
4 239 301 (-2048 -4186.444336 320 ) (-2048 -4222 320 ) (-2048 -4222 359.836761 ) (-2048 -4188.306641 361.350922 ) 
4 239 241 (-1500.480225 -4222 320 ) (-1500.480225 -4222 352 ) (-2048 -4222 352 ) (-2048 -4222 320 ) 
4 239 240 (-1500.480225 -4222 352 ) (-1500.480225 -4222 360.523438 ) (-2048 -4222 359.833038 ) (-2048 -4222 352 ) 
4 240 302 (-2048 -4224 352 ) (-2048 -4224 359.746887 ) (-2048 -4222 359.836761 ) (-2048 -4222 352 ) 
4 240 242 (-1500.480225 -4224 352 ) (-1500.480225 -4224 360.437500 ) (-2048 -4224 359.747070 ) (-2048 -4224 352 ) 
4 240 241 (-1500.480225 -4224 352 ) (-2048 -4224 352 ) (-2048 -4222 352 ) (-1500.480225 -4222 352 ) 
4 241 303 (-2048 -4222 320 ) (-2048 -4224 320 ) (-2048 -4224 352 ) (-2048 -4222 352 ) 
4 241 242 (-1500.480225 -4224 320 ) (-1500.480225 -4224 352 ) (-2048 -4224 352 ) (-2048 -4224 320 ) 
4 242 304 (-2048 -4224 320 ) (-2048 -4928 320 ) (-2048 -4928 328.109314 ) (-2048 -4224 359.746887 ) 
4 242 256 (-2048 -4928 320 ) (-2048 -4224 320 ) (-1500.480225 -4224 320 ) (-1500.480225 -4928 320 ) 
4 242 249 (-2048 -4928 320 ) (-2016 -4928 320 ) (-2016 -4928 328.149658 ) (-2048 -4928 328.109314 ) 
4 242 248 (-1888 -4928 320 ) (-1824 -4928 320 ) (-1824 -4928 328.391785 ) (-1888 -4928 328.311066 ) 
4 242 247 (-1760 -4928 320 ) (-1500.480225 -4928 320 ) (-1500.480225 -4928 328.799713 ) (-1760 -4928 328.472473 ) 
4 243 250 (-1444.476807 -4992 320 ) (-1408 -4992 320 ) (-1408 -4992 448 ) (-1444.476807 -4992 448 ) 
5 243 246 (-1444.476807 -4936.049805 320.500427 ) (-1444.476807 -4947.185547 320 ) (-1444.476807 -4992 320 ) (-1444.476807 -4992 325.994202 ) (-1444.476807 -4936.410156 328.492401 ) 
3 243 245 (-1444.476807 -4928 320.862183 ) (-1444.476807 -4928 320 ) (-1444.476807 -4947.185547 320 ) 
4 243 244 (-1444.476807 -4928 448 ) (-1444.476807 -4928 328.870331 ) (-1444.476807 -4992 325.994202 ) (-1444.476807 -4992 448 ) 
4 244 250 (-1444.476807 -4992 325.994202 ) (-1444.476807 -4992 448 ) (-1500.480225 -4992 448 ) (-1500.480225 -4992 325.923584 ) 
4 244 246 (-1500.480225 -4992 325.923584 ) (-1500.480225 -4936.340332 328.424774 ) (-1444.476807 -4936.410156 328.492432 ) (-1444.476807 -4992 325.994232 ) 
4 244 247 (-1500.480225 -4928 448 ) (-1500.480225 -4928 328.799713 ) (-1500.480225 -4992 325.923584 ) (-1500.480225 -4992 448 ) 
4 245 246 (-1500.480225 -4935.980469 320.433105 ) (-1500.480225 -4945.618164 320 ) (-1444.476807 -4947.188965 320 ) (-1444.476807 -4936.049805 320.500549 ) 
3 245 247 (-1500.480225 -4928 320.792053 ) (-1500.480225 -4928 320 ) (-1500.480225 -4945.625000 320 ) 
4 246 250 (-1500.480225 -4992 320 ) (-1444.476807 -4992 320 ) (-1444.476807 -4992 325.994202 ) (-1500.480225 -4992 325.923584 ) 
5 246 247 (-1500.480225 -4935.980469 320.433411 ) (-1500.480225 -4945.625000 320 ) (-1500.480225 -4992 320 ) (-1500.480225 -4992 325.923584 ) (-1500.480225 -4936.340332 328.424896 ) 
4 247 250 (-1536 -4992 320 ) (-1500.480225 -4992 320 ) (-1500.480225 -4992 448 ) (-1536 -4992 448 ) 
4 249 306 (-2048 -4928 320 ) (-2048 -4992 320 ) (-2048 -4992 448 ) (-2048 -4928 448 ) 
4 250 259 (-1408 -5120 448 ) (-1536 -5120 448 ) (-1536 -5120 320 ) (-1408 -5120 320 ) 
4 251 257 (-1088 -4480 -128 ) (-1088 -4672 -128 ) (-1189 -4672 -128 ) (-1189 -4480 -128 ) 
4 251 253 (-1189 -4236 -32 ) (-1189 -4236 320 ) (-1189 -4228 320 ) (-1189 -4228 -32 ) 
4 251 254 (-1189 -4228 -128 ) (-1189 -4236 -128 ) (-1189 -4236 -36 ) (-1189 -4228 -36 ) 
4 251 252 (-1189 -4224 320 ) (-1189 -4224 -128 ) (-1189 -4228 -128 ) (-1189 -4228 320 ) 
4 251 255 (-1189 -4236 -128 ) (-1189 -4928 -128 ) (-1189 -4928 320 ) (-1189 -4236 320 ) 
4 252 253 (-1217 -4228 320 ) (-1217 -4228 -32 ) (-1189 -4228 -32 ) (-1189 -4228 320 ) 
4 252 254 (-1217 -4228 -36 ) (-1217 -4228 -128 ) (-1189 -4228 -128 ) (-1189 -4228 -36 ) 
4 252 256 (-1217 -4224 320 ) (-1217 -4224 -128 ) (-1217 -4228 -128 ) (-1217 -4228 320 ) 
4 253 255 (-1217 -4236 320 ) (-1217 -4236 -32 ) (-1189 -4236 -32 ) (-1189 -4236 320 ) 
4 253 256 (-1217 -4236 -32 ) (-1217 -4236 320 ) (-1217 -4228 320 ) (-1217 -4228 -32 ) 
4 254 256 (-1217 -4228 -128 ) (-1217 -4236 -128 ) (-1217 -4236 -36 ) (-1217 -4228 -36 ) 
4 254 255 (-1217 -4236 -36 ) (-1217 -4236 -128 ) (-1189 -4236 -128 ) (-1189 -4236 -36 ) 
4 255 257 (-1189 -4480 -128 ) (-1189 -4672 -128 ) (-1217 -4672 -128 ) (-1217 -4480 -128 ) 
4 255 256 (-1217 -4236 -128 ) (-1217 -4928 -128 ) (-1217 -4928 320 ) (-1217 -4236 320 ) 
4 256 310 (-2048 -4928 320 ) (-2048 -4224 320 ) (-2048 -4224 -128 ) (-2048 -4928 -128 ) 
4 256 257 (-2048 -4672 -128 ) (-2048 -4480 -128 ) (-1217 -4480 -128 ) (-1217 -4672 -128 ) 
4 257 312 (-2048 -4480 -208 ) (-2048 -4672 -208 ) (-2048 -4672 -128 ) (-2048 -4480 -128 ) 
4 257 258 (-2048 -4672 -208 ) (-2048 -4480 -208 ) (-1024 -4480 -208 ) (-1024 -4672 -208 ) 
4 258 313 (-2048 -4480 -448 ) (-2048 -4672 -448 ) (-2048 -4672 -208 ) (-2048 -4480 -208 ) 
4 259 260 (-1536 -5280 320 ) (-1536 -5376 320 ) (-1536 -5376 448 ) (-1536 -5280 448 ) 
4 260 261 (-1856 -5280 320 ) (-1856 -5376 320 ) (-1856 -5376 448 ) (-1856 -5280 448 ) 
4 261 262 (-1888 -5632 448 ) (-1888 -5632 576 ) (-1888 -5120 576 ) (-1888 -5120 448 ) 
4 261 263 (-1888 -5120 320 ) (-1888 -5632 320 ) (-1888 -5632 448 ) (-1888 -5120 448 ) 
4 262 264 (-2016 -5632 576 ) (-2016 -5120 576 ) (-2016 -5120 448 ) (-2016 -5632 448 ) 
4 262 263 (-2016 -5632 448 ) (-2016 -5120 448 ) (-1888 -5120 448 ) (-1888 -5632 448 ) 
4 263 274 (-2016 -6144 320 ) (-1920 -6144 320 ) (-1920 -6144 448 ) (-2016 -6144 448 ) 
4 263 273 (-1920 -6144 320 ) (-1888 -6144 320 ) (-1888 -6144 448 ) (-1920 -6144 448 ) 
3 263 266 (-1984 -5504 320 ) (-2016 -5568 320 ) (-2016 -5440 320 ) 
3 263 265 (-2016 -5399.997070 320 ) (-2016 -5312 320 ) (-2000 -5376 320 ) 
4 263 264 (-2016 -5120 320 ) (-2016 -5632 320 ) (-2016 -5632 448 ) (-2016 -5120 448 ) 
4 264 321 (-2048 -5632 576 ) (-2048 -5120 576 ) (-2048 -5120 320 ) (-2048 -5632 320 ) 
5 264 266 (-2048 -5632 320 ) (-2048 -5447.991699 320 ) (-2027.430176 -5417.140625 320 ) (-2016 -5440 320 ) (-2016 -5568 320 ) 
5 264 265 (-2048 -5447.991699 320 ) (-2048 -5222.400391 320 ) (-2032 -5248.001465 320 ) (-2016 -5312 320 ) (-2016 -5399.997070 320 ) 
4 265 322 (-2048 -5447.991699 320 ) (-2048 -5222.400391 320 ) (-2048 -5222.400391 304 ) (-2048 -5447.991699 304 ) 
4 265 267 (-2048 -5447.991699 304 ) (-2048 -5222.400391 304 ) (-2032 -5248.001465 304 ) (-2000 -5376 304 ) 
4 265 266 (-2048 -5447.988770 304 ) (-2027.430786 -5417.138184 304 ) (-2027.430786 -5417.138184 320 ) (-2048 -5447.988770 320 ) 
4 266 322 (-2048 -5632 320 ) (-2048 -5447.991699 320 ) (-2048 -5447.991699 304 ) (-2048 -5632 304 ) 
4 266 268 (-2048 -5632 304 ) (-2048 -5447.991699 304 ) (-2027.430054 -5417.140625 304 ) (-1984 -5504 304 ) 
4 267 325 (-2048 -5447.991699 304 ) (-2048 -5222.400391 304 ) (-2048 -5222.400391 256 ) (-2048 -5447.991699 256 ) 
4 267 268 (-2048 -5447.988770 256 ) (-2027.430786 -5417.138184 256 ) (-2027.430786 -5417.138184 304 ) (-2048 -5447.988770 304 ) 
4 268 325 (-2048 -5632 304 ) (-2048 -5447.991699 304 ) (-2048 -5447.991699 256 ) (-2048 -5632 256 ) 
4 269 287 (-1824 -7168 768 ) (-1920 -7168 768 ) (-1920 -7168 448 ) (-1824 -7168 448 ) 
4 269 286 (-1792 -7168 768 ) (-1824 -7168 768 ) (-1824 -7168 448 ) (-1792 -7168 448 ) 
4 269 285 (-1408 -7168 768 ) (-1792 -7168 768 ) (-1792 -7168 448 ) (-1408 -7168 448 ) 
4 269 280 (-1792 -7168 448 ) (-1824 -7168 448 ) (-1824 -6848 448 ) (-1792 -6848 448 ) 
4 269 279 (-1408 -7168 448 ) (-1792 -7168 448 ) (-1792 -6848 448 ) (-1408 -6848 448 ) 
4 269 281 (-1824 -7168 448 ) (-1920 -7168 448 ) (-1920 -6848 448 ) (-1824 -6848 448 ) 
4 269 278 (-1920 -6848 448 ) (-1920 -6816 448 ) (-1792 -6816 448 ) (-1792 -6848 448 ) 
4 269 277 (-1792 -6816 448 ) (-1408 -6816 448 ) (-1408 -6848 448 ) (-1792 -6848 448 ) 
4 269 275 (-1920 -6816 448 ) (-1920 -6672 448 ) (-1408 -6720 448 ) (-1408 -6816 448 ) 
4 269 271 (-1920 -6816 472 ) (-1920 -6816 768 ) (-1920 -6672 768 ) (-1920 -6672 472 ) 
4 269 272 (-1920 -6816 448 ) (-1920 -7168 448 ) (-1920 -7168 768 ) (-1920 -6816 768 ) 
4 270 332 (-2048 -6672 768 ) (-2048 -6656 768 ) (-2048 -6656 472 ) (-2048 -6672 472 ) 
4 270 328 (-2048 -6656 768 ) (-2048 -6528 768 ) (-2048 -6528 472 ) (-2048 -6656 472 ) 
4 270 276 (-2048 -6672 448 ) (-2048 -6656 448 ) (-1934.222168 -6656 448 ) (-1920 -6672 448 ) 
4 270 271 (-1920 -6672 472 ) (-1920 -6672 768 ) (-2048 -6672 768 ) (-2048 -6672 472 ) 
4 271 338 (-2048 -6816 768 ) (-2048 -6672 768 ) (-2048 -6672 472 ) (-2048 -6816 472 ) 
4 271 272 (-1920 -6816 472 ) (-1920 -6816 768 ) (-2048 -6816 768 ) (-2048 -6816 472 ) 
4 272 359 (-2048 -7168 448 ) (-2048 -7168 768 ) (-2048 -6816 768 ) (-2048 -6816 448 ) 
4 272 287 (-1920 -7168 768 ) (-2048 -7168 768 ) (-2048 -7168 448 ) (-1920 -7168 448 ) 
4 272 281 (-1920 -7168 448 ) (-2048 -7168 448 ) (-2048 -6848 448 ) (-1920 -6848 448 ) 
4 272 278 (-2048 -6848 448 ) (-2048 -6816 448 ) (-1920 -6816 448 ) (-1920 -6848 448 ) 
4 273 274 (-1920 -6144 320 ) (-1920 -6272 320 ) (-1920 -6272 448 ) (-1920 -6144 448 ) 
4 274 329 (-2048 -6272 448 ) (-2048 -6144 448 ) (-2048 -6144 320 ) (-2048 -6272 320 ) 
4 275 282 (-1408 -6720 320 ) (-1408 -6816 320 ) (-1920 -6816 320 ) (-1920 -6672 320 ) 
4 275 278 (-1792 -6816 336 ) (-1792 -6816 448 ) (-1920 -6816 448 ) (-1920 -6816 336 ) 
4 275 277 (-1792 -6816 320 ) (-1408 -6816 320 ) (-1408 -6816 448 ) (-1792 -6816 448 ) 
4 276 284 (-2048 -6672 320 ) (-2048 -6656 320 ) (-1920 -6656 320 ) (-1920 -6672 320 ) 
4 277 283 (-1792 -6816 320 ) (-1408 -6816 320 ) (-1408 -6848 320 ) (-1792 -6848 320 ) 
4 277 279 (-1792 -6848 320 ) (-1408 -6848 320 ) (-1408 -6848 448 ) (-1792 -6848 448 ) 
4 277 278 (-1792 -6816 448 ) (-1792 -6816 336 ) (-1792 -6848 336 ) (-1792 -6848 448 ) 
4 278 359 (-2048 -6848 448 ) (-2048 -6816 448 ) (-2048 -6816 336 ) (-2048 -6848 336 ) 
4 278 280 (-1792 -6848 336 ) (-1792 -6848 448 ) (-1824 -6848 448 ) (-1824 -6848 336 ) 
4 278 281 (-1824 -6848 448 ) (-2048 -6848 448 ) (-2048 -6848 336 ) (-1824 -6848 336 ) 
4 279 285 (-1408 -7168 448 ) (-1792 -7168 448 ) (-1792 -7168 320 ) (-1408 -7168 320 ) 
4 279 283 (-1408 -7168 320 ) (-1792 -7168 320 ) (-1792 -6848 320 ) (-1408 -6848 320 ) 
4 279 280 (-1792 -6848 448 ) (-1792 -6848 336 ) (-1792 -7168 336 ) (-1792 -7168 448 ) 
4 280 286 (-1792 -7168 448 ) (-1824 -7168 448 ) (-1824 -7168 336 ) (-1792 -7168 336 ) 
4 280 281 (-1824 -6848 448 ) (-1824 -6848 336 ) (-1824 -7168 336 ) (-1824 -7168 448 ) 
4 281 362 (-2048 -7168 320 ) (-2048 -7168 336 ) (-2048 -6848 336 ) (-2048 -6848 320 ) 
4 281 359 (-2048 -7168 336 ) (-2048 -7168 448 ) (-2048 -6848 448 ) (-2048 -6848 336 ) 
4 281 287 (-1824 -7168 448 ) (-2048 -7168 448 ) (-2048 -7168 320 ) (-1824 -7168 320 ) 
4 282 284 (-1920 -6672 256 ) (-1920 -6816 256 ) (-1920 -6816 320 ) (-1920 -6672 320 ) 
4 282 283 (-1792 -6816 256 ) (-1408 -6816 256 ) (-1408 -6816 320 ) (-1792 -6816 320 ) 
4 283 295 (-1408 -7168 320 ) (-1792 -7168 320 ) (-1792 -7168 256 ) (-1408 -7168 256 ) 
4 284 336 (-2048 -6672 320 ) (-2048 -6656 320 ) (-2048 -6656 256 ) (-2048 -6672 256 ) 
4 285 297 (-1408 -8192 768 ) (-1792 -8192 768 ) (-1792 -8192 320 ) (-1408 -8192 320 ) 
4 285 295 (-1408 -8192 320 ) (-1792 -8192 320 ) (-1792 -7168 320 ) (-1408 -7168 320 ) 
4 285 293 (-1792 -8128 320 ) (-1792 -8192 320 ) (-1792 -8192 768 ) (-1792 -8128 768 ) 
4 285 291 (-1792 -8056 320 ) (-1792 -8064 320 ) (-1792 -8064 392 ) (-1792 -8056 392 ) 
4 285 290 (-1792 -8064 392 ) (-1792 -8064 768 ) (-1792 -8056 768 ) (-1792 -8056 392 ) 
4 285 289 (-1792 -7840 320 ) (-1792 -8056 320 ) (-1792 -8056 768 ) (-1792 -7840 768 ) 
4 285 292 (-1792 -8064 320 ) (-1792 -8128 320 ) (-1792 -8128 768 ) (-1792 -8064 768 ) 
4 285 286 (-1792 -7840 336 ) (-1792 -7840 768 ) (-1792 -7168 768 ) (-1792 -7168 336 ) 
4 286 289 (-1792 -7840 336 ) (-1792 -7840 768 ) (-1824 -7840 768 ) (-1824 -7840 336 ) 
4 286 288 (-1824 -7840 336 ) (-1824 -7840 768 ) (-1824 -7808 768 ) (-1824 -7808 336 ) 
4 286 287 (-1824 -7808 768 ) (-1824 -7168 768 ) (-1824 -7168 336 ) (-1824 -7808 336 ) 
4 287 367 (-2048 -7168 440 ) (-2048 -7168 320 ) (-2048 -7808 320 ) (-2048 -7808 440 ) 
4 287 366 (-2048 -7808 768 ) (-2048 -7168 768 ) (-2048 -7168 440 ) (-2048 -7808 440 ) 
4 287 288 (-1824 -7808 336 ) (-1824 -7808 768 ) (-2048 -7808 768 ) (-2048 -7808 336 ) 
4 288 368 (-2048 -7808 440 ) (-2048 -7808 336 ) (-2048 -7840 336 ) (-2048 -7840 440 ) 
4 288 366 (-2048 -7840 768 ) (-2048 -7808 768 ) (-2048 -7808 440 ) (-2048 -7840 440 ) 
4 288 289 (-1824 -7840 336 ) (-1824 -7840 768 ) (-2048 -7840 768 ) (-2048 -7840 336 ) 
4 289 371 (-2048 -7840 440 ) (-2048 -7840 320 ) (-2048 -8056 320 ) (-2048 -8056 440 ) 
4 289 366 (-2048 -8056 768 ) (-2048 -7840 768 ) (-2048 -7840 440 ) (-2048 -8056 440 ) 
4 289 291 (-2048 -8056 320 ) (-1792 -8056 320 ) (-1792 -8056 392 ) (-2048 -8056 392 ) 
4 289 290 (-1792 -8056 392 ) (-1792 -8056 768 ) (-2048 -8056 768 ) (-2048 -8056 392 ) 
4 290 372 (-2048 -8056 440 ) (-2048 -8056 392 ) (-2048 -8064 392 ) (-2048 -8064 440 ) 
4 290 366 (-2048 -8064 768 ) (-2048 -8056 768 ) (-2048 -8056 440 ) (-2048 -8064 440 ) 
4 290 292 (-1792 -8064 392 ) (-1792 -8064 768 ) (-2048 -8064 768 ) (-2048 -8064 392 ) 
4 290 291 (-1792 -8064 392 ) (-2048 -8064 392 ) (-2048 -8056 392 ) (-1792 -8056 392 ) 
4 291 373 (-2048 -8056 392 ) (-2048 -8056 320 ) (-2048 -8064 320 ) (-2048 -8064 392 ) 
4 291 292 (-2048 -8064 320 ) (-1792 -8064 320 ) (-1792 -8064 392 ) (-2048 -8064 392 ) 
4 292 374 (-2048 -8064 440 ) (-2048 -8064 320 ) (-2048 -8128 320 ) (-2048 -8128 440 ) 
4 292 366 (-2048 -8128 768 ) (-2048 -8064 768 ) (-2048 -8064 440 ) (-2048 -8128 440 ) 
4 292 294 (-1856 -8128 440 ) (-1856 -8128 768 ) (-2048 -8128 768 ) (-2048 -8128 440 ) 
4 292 293 (-1856 -8128 320 ) (-1792 -8128 320 ) (-1792 -8128 768 ) (-1856 -8128 768 ) 
4 293 297 (-1792 -8192 768 ) (-1856 -8192 768 ) (-1856 -8192 320 ) (-1792 -8192 320 ) 
4 293 296 (-1792 -8192 320 ) (-1856 -8192 320 ) (-1856 -8128 320 ) (-1792 -8128 320 ) 
4 293 294 (-1856 -8128 768 ) (-1856 -8128 440 ) (-1856 -8192 440 ) (-1856 -8192 768 ) 
4 294 366 (-2048 -8192 440 ) (-2048 -8192 768 ) (-2048 -8128 768 ) (-2048 -8128 440 ) 
4 294 298 (-1856 -8192 768 ) (-2048 -8192 768 ) (-2048 -8192 440 ) (-1856 -8192 440 ) 
4 295 297 (-1408 -8192 320 ) (-1792 -8192 320 ) (-1792 -8192 256 ) (-1408 -8192 256 ) 
4 295 296 (-1792 -8128 256 ) (-1792 -8192 256 ) (-1792 -8192 320 ) (-1792 -8128 320 ) 
4 296 377 (-2048 -8192 256 ) (-2048 -8192 320 ) (-2048 -8128 320 ) (-2048 -8128 256 ) 
4 296 299 (-1856 -8192 320 ) (-2048 -8192 320 ) (-2048 -8192 256 ) (-1856 -8192 256 ) 
4 296 297 (-1792 -8192 320 ) (-1856 -8192 320 ) (-1856 -8192 256 ) (-1792 -8192 256 ) 
4 297 298 (-1856 -8576 440 ) (-1856 -8576 768 ) (-1856 -8192 768 ) (-1856 -8192 440 ) 
4 297 299 (-1856 -8192 256 ) (-1856 -8576 256 ) (-1856 -8576 320 ) (-1856 -8192 320 ) 
4 298 380 (-2048 -8576 768 ) (-2048 -8192 768 ) (-2048 -8192 440 ) (-2048 -8576 440 ) 
4 299 381 (-2048 -8192 320 ) (-2048 -8192 256 ) (-2048 -8576 256 ) (-2048 -8576 320 ) 
4 300 301 (-2080 -4160 320 ) (-2048 -4160 320 ) (-2048 -4160 448 ) (-2080 -4160 448 ) 
4 301 303 (-2144 -4222 352 ) (-2144 -4222 320 ) (-2048 -4222 320 ) (-2048 -4222 352 ) 
4 301 302 (-2144 -4222 448 ) (-2144 -4222 352 ) (-2048 -4222 352 ) (-2048 -4222 448 ) 
4 302 304 (-2144 -4224 448 ) (-2144 -4224 352 ) (-2048 -4224 352 ) (-2048 -4224 448 ) 
4 302 303 (-2048 -4224 352 ) (-2144 -4224 352 ) (-2144 -4222 352 ) (-2048 -4222 352 ) 
4 303 304 (-2144 -4224 352 ) (-2144 -4224 320 ) (-2048 -4224 320 ) (-2048 -4224 352 ) 
4 304 310 (-2048 -4224 320 ) (-2048 -4928 320 ) (-2144 -4928 320 ) (-2144 -4224 320 ) 
4 304 306 (-2080 -4928 320 ) (-2048 -4928 320 ) (-2048 -4928 448 ) (-2080 -4928 448 ) 
4 304 305 (-2144 -4224 320 ) (-2144 -4928 320 ) (-2144 -4928 448 ) (-2144 -4224 448 ) 
4 305 314 (-3072 -4224 320 ) (-3072 -4928 320 ) (-3072 -4928 448 ) (-3072 -4224 448 ) 
4 305 311 (-3072 -4928 320 ) (-3072 -4224 320 ) (-2144 -4224 320 ) (-2144 -4928 320 ) 
4 305 309 (-3040 -4928 320 ) (-2976 -4928 320 ) (-2976 -4928 448 ) (-3040 -4928 448 ) 
4 305 308 (-2848 -4928 320 ) (-2784 -4928 320 ) (-2784 -4928 448 ) (-2848 -4928 448 ) 
4 305 307 (-2720 -4928 320 ) (-2144 -4928 320 ) (-2144 -4928 448 ) (-2720 -4928 448 ) 
4 310 312 (-2048 -4480 -128 ) (-2048 -4672 -128 ) (-2144 -4672 -128 ) (-2144 -4480 -128 ) 
4 310 311 (-2144 -4224 -128 ) (-2144 -4928 -128 ) (-2144 -4928 320 ) (-2144 -4224 320 ) 
4 311 314 (-3072 -4224 -128 ) (-3072 -4928 -128 ) (-3072 -4928 320 ) (-3072 -4224 320 ) 
4 311 312 (-3072 -4672 -128 ) (-3072 -4480 -128 ) (-2144 -4480 -128 ) (-2144 -4672 -128 ) 
4 312 315 (-3072 -4480 -208 ) (-3072 -4672 -208 ) (-3072 -4672 -128 ) (-3072 -4480 -128 ) 
4 312 313 (-3072 -4672 -208 ) (-3072 -4480 -208 ) (-2048 -4480 -208 ) (-2048 -4672 -208 ) 
4 313 320 (-3072 -4480 -448 ) (-3072 -4672 -448 ) (-3072 -4672 -208 ) (-3072 -4480 -208 ) 
4 314 319 (-3744 -4928 448 ) (-3808 -4928 448 ) (-3808 -4928 320 ) (-3744 -4928 320 ) 
4 314 318 (-3104 -4928 448 ) (-3680 -4928 448 ) (-3680 -4928 320 ) (-3104 -4928 320 ) 
4 314 317 (-3840 -4492 -128 ) (-3840 -4660 -128 ) (-3840 -4660 320 ) (-3840 -4492 320 ) 
4 314 316 (-3840 -4672 448 ) (-3840 -4480 448 ) (-3840 -4480 320 ) (-3840 -4672 320 ) 
4 314 315 (-3840 -4672 -128 ) (-3840 -4480 -128 ) (-3072 -4480 -128 ) (-3072 -4672 -128 ) 
4 315 320 (-3072 -4480 -208 ) (-3072 -4672 -208 ) (-3840 -4672 -208 ) (-3840 -4480 -208 ) 
4 316 317 (-3904 -4660 320 ) (-3904 -4492 320 ) (-3840 -4492 320 ) (-3840 -4660 320 ) 
4 321 324 (-2240 -5632 320 ) (-2048 -5632 320 ) (-2048 -5632 384 ) (-2240 -5632 384 ) 
5 321 323 (-2176 -5632 320 ) (-2240 -5632 320 ) (-2320 -5504 320 ) (-2352 -5376 320 ) (-2324.569824 -5334.859863 320 ) 
6 321 322 (-2048 -5632 320 ) (-2176 -5632 320 ) (-2368 -5248 320 ) (-2304 -5120 320 ) (-2112 -5120 320 ) (-2048 -5222.400391 320 ) 
4 322 326 (-2304 -5120 304 ) (-2181.313965 -5120 304 ) (-2324.569824 -5334.859863 304 ) (-2368 -5248 304 ) 
6 322 325 (-2181.313965 -5120 304 ) (-2112 -5120 304 ) (-2048 -5222.400391 304 ) (-2048 -5632 304 ) (-2176 -5632 304 ) (-2324.569824 -5334.859863 304 ) 
4 322 324 (-2176 -5632 304 ) (-2048 -5632 304 ) (-2048 -5632 320 ) (-2176 -5632 320 ) 
4 322 323 (-2324.570801 -5334.860352 304 ) (-2176 -5632 304 ) (-2176 -5632 320 ) (-2324.570801 -5334.860352 320 ) 
5 323 325 (-2176 -5632 304 ) (-2240 -5632 304 ) (-2320 -5504 304 ) (-2352 -5376 304 ) (-2324.569824 -5334.859863 304 ) 
4 323 324 (-2240 -5632 304 ) (-2176 -5632 304 ) (-2176 -5632 320 ) (-2240 -5632 320 ) 
4 324 327 (-2240 -5632 304 ) (-2048 -5632 304 ) (-2048 -5664 304 ) (-2240 -5664 304 ) 
4 325 327 (-2240 -5632 256 ) (-2048 -5632 256 ) (-2048 -5632 304 ) (-2240 -5632 304 ) 
4 325 326 (-2181.316162 -5120 256 ) (-2324.570801 -5334.858398 256 ) (-2324.570801 -5334.858398 304 ) (-2181.316162 -5120 304 ) 
4 328 332 (-2048 -6656 472 ) (-2048 -6656 768 ) (-2560 -6656 768 ) (-2560 -6656 472 ) 
4 328 330 (-2560 -6656 472 ) (-2560 -6656 768 ) (-2560 -6528 768 ) (-2560 -6528 472 ) 
4 329 334 (-2462 -6656 428 ) (-2462 -6656 320 ) (-2402 -6656 320 ) (-2402 -6656 428 ) 
4 330 333 (-2560 -6656 448 ) (-2560 -6656 768 ) (-2688 -6656 768 ) (-2688 -6656 448 ) 
4 330 331 (-2688 -6656 448 ) (-2688 -6656 768 ) (-2688 -6528 768 ) (-2688 -6528 448 ) 
4 331 365 (-3072 -6528 256 ) (-3072 -6656 256 ) (-3072 -6656 768 ) (-3072 -6528 768 ) 
4 331 337 (-3072 -6656 320 ) (-3072 -6656 256 ) (-2688 -6656 256 ) (-2688 -6656 320 ) 
4 331 335 (-3072 -6656 448 ) (-3072 -6656 320 ) (-2688 -6656 320 ) (-2688 -6656 448 ) 
4 331 333 (-3072 -6656 768 ) (-3072 -6656 448 ) (-2688 -6656 448 ) (-2688 -6656 768 ) 
4 332 338 (-2048 -6672 472 ) (-2048 -6672 768 ) (-2560 -6672 768 ) (-2560 -6672 472 ) 
4 332 333 (-2560 -6672 472 ) (-2560 -6672 768 ) (-2560 -6656 768 ) (-2560 -6656 472 ) 
4 333 365 (-3072 -6672 448 ) (-3072 -6672 768 ) (-3072 -6656 768 ) (-3072 -6656 448 ) 
4 333 338 (-2560 -6672 768 ) (-2688 -6672 768 ) (-2688 -6672 472 ) (-2560 -6672 472 ) 
4 333 339 (-2688 -6672 768 ) (-3072 -6672 768 ) (-3072 -6672 448 ) (-2688 -6672 448 ) 
4 333 335 (-2560 -6672 448 ) (-3072 -6672 448 ) (-3072 -6656 448 ) (-2560 -6656 448 ) 
4 334 345 (-2462 -6672 428 ) (-2462 -6672 320 ) (-2402 -6672 320 ) (-2402 -6672 428 ) 
4 335 365 (-3072 -6672 320 ) (-3072 -6672 448 ) (-3072 -6656 448 ) (-3072 -6656 320 ) 
4 335 346 (-2688 -6672 448 ) (-3072 -6672 448 ) (-3072 -6672 320 ) (-2688 -6672 320 ) 
4 335 337 (-2560 -6672 320 ) (-3072 -6672 320 ) (-3072 -6656 320 ) (-2560 -6656 320 ) 
4 337 365 (-3072 -6672 256 ) (-3072 -6672 320 ) (-3072 -6656 320 ) (-3072 -6656 256 ) 
4 337 358 (-2560 -6672 320 ) (-3072 -6672 320 ) (-3072 -6672 256 ) (-2560 -6672 256 ) 
4 338 359 (-2048 -6816 472 ) (-2048 -6816 768 ) (-2688 -6816 768 ) (-2688 -6816 472 ) 
4 338 339 (-2688 -6816 472 ) (-2688 -6816 768 ) (-2688 -6672 768 ) (-2688 -6672 472 ) 
4 339 365 (-3072 -6816 448 ) (-3072 -6816 768 ) (-3072 -6672 768 ) (-3072 -6672 448 ) 
4 339 359 (-3072 -6816 768 ) (-3072 -6816 448 ) (-2688 -6816 448 ) (-2688 -6816 768 ) 
4 339 357 (-2688 -6816 448 ) (-3072 -6816 448 ) (-3072 -6800 448 ) (-2688 -6800 448 ) 
4 339 346 (-3072 -6800 448 ) (-3072 -6672 448 ) (-2688 -6672 448 ) (-2688 -6800 448 ) 
4 340 342 (-2068 -6780 372 ) (-2068 -6780 448 ) (-2068 -6756 448 ) (-2068 -6756 372 ) 
4 340 343 (-2068 -6756 320 ) (-2068 -6780 320 ) (-2068 -6780 368 ) (-2068 -6756 368 ) 
4 340 341 (-2068 -6672 320 ) (-2068 -6756 320 ) (-2068 -6756 448 ) (-2068 -6672 448 ) 
4 340 344 (-2068 -6780 320 ) (-2068 -6800 320 ) (-2068 -6800 448 ) (-2068 -6780 448 ) 
4 341 345 (-2088 -6672 320 ) (-2088 -6756 320 ) (-2088 -6756 448 ) (-2088 -6672 448 ) 
4 341 342 (-2088 -6756 448 ) (-2088 -6756 372 ) (-2068 -6756 372 ) (-2068 -6756 448 ) 
4 341 343 (-2088 -6756 368 ) (-2088 -6756 320 ) (-2068 -6756 320 ) (-2068 -6756 368 ) 
4 342 345 (-2088 -6780 372 ) (-2088 -6780 448 ) (-2088 -6756 448 ) (-2088 -6756 372 ) 
4 342 344 (-2088 -6780 448 ) (-2088 -6780 372 ) (-2068 -6780 372 ) (-2068 -6780 448 ) 
4 343 345 (-2088 -6756 320 ) (-2088 -6780 320 ) (-2088 -6780 368 ) (-2088 -6756 368 ) 
4 343 344 (-2088 -6780 368 ) (-2088 -6780 320 ) (-2068 -6780 320 ) (-2068 -6780 368 ) 
4 344 347 (-2080 -6800 436 ) (-2088 -6800 436 ) (-2088 -6800 332 ) (-2080 -6800 332 ) 
4 344 345 (-2088 -6780 320 ) (-2088 -6800 320 ) (-2088 -6800 448 ) (-2088 -6780 448 ) 
4 345 354 (-2488 -6800 429 ) (-2488 -6800 435.499908 ) (-2504 -6800 435.499908 ) (-2504 -6800 429 ) 
4 345 355 (-2504 -6800 320 ) (-2488 -6800 320 ) (-2488 -6800 429 ) (-2504 -6800 429 ) 
4 345 353 (-2488 -6800 320 ) (-2466 -6800 320 ) (-2466 -6800 436 ) (-2488 -6800 436 ) 
4 345 356 (-2526 -6800 320 ) (-2504 -6800 320 ) (-2504 -6800 436 ) (-2526 -6800 436 ) 
4 345 350 (-2272 -6800 436 ) (-2448 -6800 436 ) (-2448 -6800 332 ) (-2272 -6800 332 ) 
4 345 347 (-2088 -6800 332 ) (-2088 -6800 436 ) (-2256 -6800 436 ) (-2256 -6800 332 ) 
4 346 365 (-3072 -6800 448 ) (-3072 -6672 448 ) (-3072 -6672 320 ) (-3072 -6800 320 ) 
4 346 358 (-3072 -6800 320 ) (-3072 -6672 320 ) (-2688 -6672 320 ) (-2688 -6800 320 ) 
4 346 357 (-3072 -6800 320 ) (-2688 -6800 320 ) (-2688 -6800 448 ) (-3072 -6800 448 ) 
4 347 348 (-2256 -6808 436 ) (-2256 -6808 332 ) (-2080 -6808 332 ) (-2080 -6808 436 ) 
4 348 349 (-2256 -6812 436 ) (-2256 -6812 332 ) (-2080 -6812 332 ) (-2080 -6812 436 ) 
4 349 360 (-2256 -6816 336 ) (-2256 -6816 332 ) (-2080 -6816 332 ) (-2080 -6816 336 ) 
4 349 359 (-2080 -6816 436 ) (-2256 -6816 436 ) (-2256 -6816 336 ) (-2080 -6816 336 ) 
4 350 351 (-2448 -6808 436 ) (-2448 -6808 332 ) (-2272 -6808 332 ) (-2272 -6808 436 ) 
4 351 352 (-2448 -6812 436 ) (-2448 -6812 332 ) (-2272 -6812 332 ) (-2272 -6812 436 ) 
4 352 360 (-2448 -6816 336 ) (-2448 -6816 332 ) (-2272 -6816 332 ) (-2272 -6816 336 ) 
4 352 359 (-2272 -6816 436 ) (-2448 -6816 436 ) (-2448 -6816 336 ) (-2272 -6816 336 ) 
4 353 360 (-2488 -6816 320 ) (-2466 -6816 320 ) (-2466 -6816 336 ) (-2488 -6816 336 ) 
4 353 359 (-2466 -6816 336 ) (-2466 -6816 428 ) (-2488 -6816 428 ) (-2488 -6816 336 ) 
3 353 354 (-2488 -6800 435.499939 ) (-2488 -6800 429 ) (-2488 -6813 429 ) 
5 353 355 (-2488 -6816 428 ) (-2488 -6814 429 ) (-2488 -6800 429 ) (-2488 -6800 320 ) (-2488 -6816 320 ) 
4 354 355 (-2504 -6813 429 ) (-2504 -6800 429 ) (-2488 -6800 429 ) (-2488 -6813 429 ) 
3 354 356 (-2504 -6800 435.499939 ) (-2504 -6800 429 ) (-2504 -6813 429 ) 
4 355 360 (-2504 -6816 320 ) (-2488 -6816 320 ) (-2488 -6816 336 ) (-2504 -6816 336 ) 
4 355 359 (-2488 -6816 336 ) (-2488 -6816 428 ) (-2504 -6816 428 ) (-2504 -6816 336 ) 
5 355 356 (-2504 -6816 428 ) (-2504 -6814 429 ) (-2504 -6800 429 ) (-2504 -6800 320 ) (-2504 -6816 320 ) 
4 356 360 (-2526 -6816 320 ) (-2504 -6816 320 ) (-2504 -6816 336 ) (-2526 -6816 336 ) 
4 356 359 (-2504 -6816 336 ) (-2504 -6816 428 ) (-2526 -6816 428 ) (-2526 -6816 336 ) 
4 357 365 (-3072 -6816 320 ) (-3072 -6816 448 ) (-3072 -6800 448 ) (-3072 -6800 320 ) 
4 357 361 (-3072 -6816 336 ) (-3072 -6816 320 ) (-2816 -6816 320 ) (-2816 -6816 336 ) 
4 357 359 (-3072 -6816 448 ) (-3072 -6816 336 ) (-2688 -6816 336 ) (-2688 -6816 448 ) 
4 357 358 (-2688 -6816 320 ) (-3072 -6816 320 ) (-3072 -6800 320 ) (-2688 -6800 320 ) 
4 358 365 (-3072 -6816 256 ) (-3072 -6816 320 ) (-3072 -6672 320 ) (-3072 -6672 256 ) 
4 358 364 (-3072 -6816 320 ) (-3072 -6816 256 ) (-2816 -6816 256 ) (-2816 -6816 320 ) 
4 359 369 (-2784 -7168 440 ) (-2816 -7168 440 ) (-2816 -7168 336 ) (-2784 -7168 336 ) 
4 359 370 (-2816 -7168 440 ) (-3072 -7168 440 ) (-3072 -7168 336 ) (-2816 -7168 336 ) 
4 359 367 (-2048 -7168 336 ) (-2048 -7168 440 ) (-2784 -7168 440 ) (-2784 -7168 336 ) 
4 359 366 (-2048 -7168 440 ) (-2048 -7168 768 ) (-3072 -7168 768 ) (-3072 -7168 440 ) 
4 359 365 (-3072 -7168 336 ) (-3072 -7168 768 ) (-3072 -6816 768 ) (-3072 -6816 336 ) 
4 359 362 (-2048 -7168 336 ) (-2784 -7168 336 ) (-2784 -6848 336 ) (-2048 -6848 336 ) 
4 359 363 (-2816 -7168 336 ) (-3072 -7168 336 ) (-3072 -6848 336 ) (-2816 -6848 336 ) 
4 359 361 (-3072 -6848 336 ) (-3072 -6816 336 ) (-2816 -6816 336 ) (-2816 -6848 336 ) 
4 359 360 (-2528 -6816 336 ) (-2080 -6816 336 ) (-2080 -6848 336 ) (-2528 -6848 336 ) 
4 360 362 (-2528 -6848 320 ) (-2080 -6848 320 ) (-2080 -6848 336 ) (-2528 -6848 336 ) 
4 361 365 (-3072 -6848 336 ) (-3072 -6816 336 ) (-3072 -6816 320 ) (-3072 -6848 320 ) 
4 361 364 (-3072 -6816 320 ) (-2816 -6816 320 ) (-2816 -6848 320 ) (-3072 -6848 320 ) 
4 361 363 (-3072 -6848 320 ) (-2816 -6848 320 ) (-2816 -6848 336 ) (-3072 -6848 336 ) 
4 362 367 (-2048 -7168 320 ) (-2048 -7168 336 ) (-2784 -7168 336 ) (-2784 -7168 320 ) 
4 363 370 (-2816 -7168 336 ) (-3072 -7168 336 ) (-3072 -7168 320 ) (-2816 -7168 320 ) 
4 363 365 (-3072 -7168 320 ) (-3072 -7168 336 ) (-3072 -6848 336 ) (-3072 -6848 320 ) 
4 363 364 (-2816 -7168 320 ) (-3072 -7168 320 ) (-3072 -6848 320 ) (-2816 -6848 320 ) 
4 364 378 (-2816 -7168 320 ) (-3072 -7168 320 ) (-3072 -7168 256 ) (-2816 -7168 256 ) 
4 364 365 (-3072 -7168 256 ) (-3072 -7168 320 ) (-3072 -6816 320 ) (-3072 -6816 256 ) 
4 365 379 (-3072 -7168 256 ) (-3072 -7168 768 ) (-3104 -7168 768 ) (-3104 -7168 256 ) 
4 366 382 (-2240 -8192 768 ) (-2496 -8192 768 ) (-2496 -8192 440 ) (-2240 -8192 440 ) 
4 366 385 (-2496 -8192 768 ) (-3072 -8192 768 ) (-3072 -8192 440 ) (-2496 -8192 440 ) 
4 366 380 (-2048 -8192 440 ) (-2048 -8192 768 ) (-2240 -8192 768 ) (-2240 -8192 440 ) 
4 366 379 (-3072 -7168 768 ) (-3072 -7168 440 ) (-3072 -8192 440 ) (-3072 -8192 768 ) 
4 366 376 (-3072 -8192 440 ) (-3072 -8128 440 ) (-2496 -8128 440 ) (-2496 -8192 440 ) 
4 366 372 (-2048 -8056 440 ) (-2048 -8064 440 ) (-2816 -8064 440 ) (-2816 -8056 440 ) 
4 366 371 (-2816 -7840 440 ) (-2048 -7840 440 ) (-2048 -8056 440 ) (-2816 -8056 440 ) 
4 366 374 (-2048 -8064 440 ) (-2048 -8128 440 ) (-2816 -8128 440 ) (-2816 -8064 440 ) 
4 366 375 (-3072 -8128 440 ) (-3072 -7840 440 ) (-2816 -7840 440 ) (-2816 -8128 440 ) 
4 366 369 (-2816 -7168 440 ) (-2784 -7168 440 ) (-2784 -7840 440 ) (-2816 -7840 440 ) 
4 366 370 (-3072 -7840 440 ) (-3072 -7168 440 ) (-2816 -7168 440 ) (-2816 -7840 440 ) 
4 366 368 (-2048 -7808 440 ) (-2048 -7840 440 ) (-2784 -7840 440 ) (-2784 -7808 440 ) 
4 366 367 (-2784 -7168 440 ) (-2048 -7168 440 ) (-2048 -7808 440 ) (-2784 -7808 440 ) 
4 367 369 (-2784 -7808 336 ) (-2784 -7808 440 ) (-2784 -7168 440 ) (-2784 -7168 336 ) 
4 367 368 (-2784 -7808 440 ) (-2784 -7808 336 ) (-2048 -7808 336 ) (-2048 -7808 440 ) 
4 368 371 (-2048 -7840 336 ) (-2048 -7840 440 ) (-2784 -7840 440 ) (-2784 -7840 336 ) 
4 368 369 (-2784 -7840 336 ) (-2784 -7840 440 ) (-2784 -7808 440 ) (-2784 -7808 336 ) 
4 369 371 (-2784 -7840 336 ) (-2784 -7840 440 ) (-2816 -7840 440 ) (-2816 -7840 336 ) 
4 369 370 (-2816 -7840 336 ) (-2816 -7840 440 ) (-2816 -7168 440 ) (-2816 -7168 336 ) 
4 370 379 (-3072 -7168 440 ) (-3072 -7168 320 ) (-3072 -7840 320 ) (-3072 -7840 440 ) 
4 370 378 (-3072 -7840 320 ) (-3072 -7168 320 ) (-2816 -7168 320 ) (-2816 -7840 320 ) 
4 370 375 (-3072 -7840 320 ) (-2816 -7840 320 ) (-2816 -7840 440 ) (-3072 -7840 440 ) 
4 371 373 (-2816 -8056 392 ) (-2816 -8056 320 ) (-2048 -8056 320 ) (-2048 -8056 392 ) 
4 371 372 (-2816 -8056 440 ) (-2816 -8056 392 ) (-2048 -8056 392 ) (-2048 -8056 440 ) 
4 371 375 (-2816 -7840 440 ) (-2816 -7840 320 ) (-2816 -8056 320 ) (-2816 -8056 440 ) 
4 372 375 (-2816 -8064 392 ) (-2816 -8064 440 ) (-2816 -8056 440 ) (-2816 -8056 392 ) 
4 372 374 (-2816 -8064 440 ) (-2816 -8064 392 ) (-2048 -8064 392 ) (-2048 -8064 440 ) 
4 372 373 (-2048 -8064 392 ) (-2816 -8064 392 ) (-2816 -8056 392 ) (-2048 -8056 392 ) 
4 373 375 (-2816 -8056 320 ) (-2816 -8064 320 ) (-2816 -8064 392 ) (-2816 -8056 392 ) 
4 373 374 (-2816 -8064 392 ) (-2816 -8064 320 ) (-2048 -8064 320 ) (-2048 -8064 392 ) 
4 374 376 (-2816 -8128 320 ) (-2496 -8128 320 ) (-2496 -8128 440 ) (-2816 -8128 440 ) 
4 374 375 (-2816 -8064 320 ) (-2816 -8128 320 ) (-2816 -8128 440 ) (-2816 -8064 440 ) 
4 375 379 (-3072 -7840 320 ) (-3072 -8128 320 ) (-3072 -8128 440 ) (-3072 -7840 440 ) 
4 375 378 (-3072 -8128 320 ) (-3072 -7840 320 ) (-2816 -7840 320 ) (-2816 -8128 320 ) 
4 375 376 (-3072 -8128 320 ) (-2816 -8128 320 ) (-2816 -8128 440 ) (-3072 -8128 440 ) 
4 376 385 (-2496 -8192 440 ) (-3072 -8192 440 ) (-3072 -8192 320 ) (-2496 -8192 320 ) 
4 376 379 (-3072 -8128 320 ) (-3072 -8192 320 ) (-3072 -8192 440 ) (-3072 -8128 440 ) 
4 376 377 (-2496 -8192 320 ) (-2816 -8192 320 ) (-2816 -8128 320 ) (-2496 -8128 320 ) 
4 376 378 (-2816 -8192 320 ) (-3072 -8192 320 ) (-3072 -8128 320 ) (-2816 -8128 320 ) 
4 377 383 (-2240 -8192 320 ) (-2496 -8192 320 ) (-2496 -8192 256 ) (-2240 -8192 256 ) 
4 377 385 (-2496 -8192 320 ) (-2816 -8192 320 ) (-2816 -8192 256 ) (-2496 -8192 256 ) 
4 377 381 (-2048 -8192 256 ) (-2048 -8192 320 ) (-2240 -8192 320 ) (-2240 -8192 256 ) 
4 377 378 (-2816 -8128 256 ) (-2816 -8192 256 ) (-2816 -8192 320 ) (-2816 -8128 320 ) 
4 378 385 (-2816 -8192 320 ) (-3072 -8192 320 ) (-3072 -8192 256 ) (-2816 -8192 256 ) 
4 378 379 (-3072 -7168 320 ) (-3072 -7168 256 ) (-3072 -8192 256 ) (-3072 -8192 320 ) 
4 379 386 (-3072 -8192 256 ) (-3072 -8192 768 ) (-3104 -8192 768 ) (-3104 -8192 256 ) 
4 380 382 (-2240 -8352 768 ) (-2240 -8192 768 ) (-2240 -8192 440 ) (-2240 -8352 440 ) 
4 380 384 (-2240 -8576 440 ) (-2240 -8576 768 ) (-2240 -8352 768 ) (-2240 -8352 440 ) 
4 381 383 (-2240 -8192 256 ) (-2240 -8352 256 ) (-2240 -8352 320 ) (-2240 -8192 320 ) 
4 381 384 (-2240 -8352 256 ) (-2240 -8576 256 ) (-2240 -8576 320 ) (-2240 -8352 320 ) 
4 382 385 (-2496 -8352 440 ) (-2496 -8352 768 ) (-2496 -8192 768 ) (-2496 -8192 440 ) 
4 382 384 (-2496 -8352 768 ) (-2496 -8352 440 ) (-2240 -8352 440 ) (-2240 -8352 768 ) 
4 383 384 (-2496 -8352 320 ) (-2496 -8352 256 ) (-2240 -8352 256 ) (-2240 -8352 320 ) 
4 383 385 (-2496 -8192 256 ) (-2496 -8352 256 ) (-2496 -8352 320 ) (-2496 -8192 320 ) 
4 384 385 (-2496 -8352 256 ) (-2496 -8576 256 ) (-2496 -8576 768 ) (-2496 -8352 768 ) 
4 385 386 (-3072 -8576 768 ) (-3072 -8192 768 ) (-3072 -8192 256 ) (-3072 -8576 256 ) 
