PRT1
161
483
4 0 4 (4096 2048 -768 ) (4096 2048 1024 ) (3072 2048 1024 ) (3072 2048 -768 ) 
4 0 2 (3072 2048 -768 ) (3072 2048 1024 ) (3072 3072 1024 ) (3072 3072 -768 ) 
4 0 1 (4096 2048 -768 ) (3072 2048 -768 ) (3072 3072 -768 ) (4096 3072 -768 ) 
4 1 5 (4096 2048 -1024 ) (4096 2048 -768 ) (3072 2048 -768 ) (3072 2048 -1024 ) 
4 1 3 (3072 2048 -1024 ) (3072 2048 -768 ) (3072 3072 -768 ) (3072 3072 -1024 ) 
4 2 57 (2048 2048 -768 ) (2048 2048 1024 ) (2048 3072 1024 ) (2048 3072 -768 ) 
4 2 46 (2048 2048 -704 ) (2048 2048 -768 ) (2304 2048 -768 ) (2304 2048 -704 ) 
4 2 40 (2048 2048 -656 ) (2048 2048 -704 ) (2304 2048 -704 ) (2304 2048 -656 ) 
4 2 37 (2304 2048 1024 ) (2048 2048 1024 ) (2048 2048 -656 ) (2304 2048 -656 ) 
4 2 34 (2304 2048 -680 ) (2304 2048 -768 ) (2307 2048 -768 ) (2307 2048 -680 ) 
4 2 32 (2560 2048 -768 ) (2908 2048 -768 ) (2908 2048 -680 ) (2560 2048 -680 ) 
4 2 33 (2307 2048 -768 ) (2560 2048 -768 ) (2560 2048 -680 ) (2307 2048 -680 ) 
4 2 22 (2908 2048 1024 ) (2304 2048 1024 ) (2304 2048 -680 ) (2908 2048 -680 ) 
4 2 21 (3008 2048 -680 ) (2908 2048 -680 ) (2908 2048 -768 ) (3008 2048 -768 ) 
4 2 20 (3072 2048 -768 ) (3072 2048 -680 ) (3008 2048 -680 ) (3008 2048 -768 ) 
4 2 6 (3072 2048 -680 ) (3072 2048 1024 ) (2908 2048 1024 ) (2908 2048 -680 ) 
4 2 3 (2048 3072 -768 ) (3072 3072 -768 ) (3072 2048 -768 ) (2048 2048 -768 ) 
4 3 58 (2048 2048 -1024 ) (2048 2048 -768 ) (2048 3072 -768 ) (2048 3072 -1024 ) 
4 3 54 (2304 2048 -768 ) (2048 2048 -768 ) (2048 2048 -1024 ) (2304 2048 -1024 ) 
4 3 52 (2307 2048 -768 ) (2304 2048 -768 ) (2304 2048 -1024 ) (2307 2048 -1024 ) 
4 3 51 (2560 2048 -768 ) (2307 2048 -768 ) (2307 2048 -1024 ) (2560 2048 -1024 ) 
4 3 50 (3008 2048 -768 ) (2560 2048 -768 ) (2560 2048 -1024 ) (3008 2048 -1024 ) 
4 3 49 (3072 2048 -1024 ) (3072 2048 -768 ) (3008 2048 -768 ) (3008 2048 -1024 ) 
4 4 77 (4096 1024 -768 ) (4096 1024 1024 ) (3072 1024 1024 ) (3072 1024 -768 ) 
4 4 20 (3072 2048 -680 ) (3072 2048 -768 ) (3072 1024 -768 ) (3072 1024 -680 ) 
4 4 19 (3072 1032 -680 ) (3072 1024 -680 ) (3072 1024 -572 ) (3072 1032 -572 ) 
4 4 18 (3072 1024 -572 ) (3072 1024 1024 ) (3072 1032 1024 ) (3072 1032 -572 ) 
4 4 15 (3072 1032 -564 ) (3072 1032 1024 ) (3072 1088 1024 ) (3072 1088 -564 ) 
4 4 17 (3072 1088 -680 ) (3072 1032 -680 ) (3072 1032 -564 ) (3072 1088 -564 ) 
4 4 14 (3072 1174 -680 ) (3072 1088 -680 ) (3072 1088 -572 ) (3072 1174 -572 ) 
4 4 13 (3072 1088 -572 ) (3072 1088 1024 ) (3072 1174 1024 ) (3072 1174 -572 ) 
4 4 11 (3072 1200 -680 ) (3072 1174 -680 ) (3072 1174 -560 ) (3072 1200 -560 ) 
4 4 9 (3072 1174 -560 ) (3072 1174 1024 ) (3072 1200 1024 ) (3072 1200 -560 ) 
4 4 8 (3072 1264 -680 ) (3072 1200 -680 ) (3072 1200 -572 ) (3072 1264 -572 ) 
4 4 7 (3072 1200 -572 ) (3072 1200 1024 ) (3072 1264 1024 ) (3072 1264 -572 ) 
4 4 6 (3072 2048 1024 ) (3072 2048 -680 ) (3072 1264 -680 ) (3072 1264 1024 ) 
4 4 5 (4096 1024 -768 ) (3072 1024 -768 ) (3072 2048 -768 ) (4096 2048 -768 ) 
4 5 78 (4096 1024 -1024 ) (4096 1024 -768 ) (3072 1024 -768 ) (3072 1024 -1024 ) 
4 5 49 (3072 2048 -768 ) (3072 2048 -1024 ) (3072 1024 -1024 ) (3072 1024 -768 ) 
4 6 22 (2908 2048 1024 ) (2908 2048 -680 ) (2908 1264 -680 ) (2908 1264 1024 ) 
4 6 21 (2908 1280 -680 ) (2908 2048 -680 ) (3008 2048 -680 ) (3008 1280 -680 ) 
4 6 20 (3008 2048 -680 ) (3072 2048 -680 ) (3072 1264 -680 ) (3008 1264 -680 ) 
4 6 8 (2916 1264 -680 ) (3072 1264 -680 ) (3072 1264 -572 ) (2916 1264 -520 ) 
4 6 7 (2908 1264 1024 ) (2908 1264 -517.333374 ) (3072 1264 -572 ) (3072 1264 1024 ) 
4 7 25 (2908 1200 -517.333374 ) (2908 1200 1024 ) (2908 1256 1024 ) (2908 1256 -517.333374 ) 
4 7 23 (2908 1256 1024 ) (2908 1264 1024 ) (2908 1264 -517.333374 ) (2908 1256 -517.333374 ) 
3 7 11 (3036 1200 -560 ) (3072 1200 -572 ) (3072 1200 -560 ) 
5 7 9 (2908 1200 1024 ) (2908 1200 -517.333374 ) (3036 1200 -560 ) (3072 1200 -560 ) (3072 1200 1024 ) 
4 7 8 (3072 1200 -572 ) (2916 1200 -520 ) (2916 1264 -520 ) (3072 1264 -572 ) 
4 8 20 (3008 1264 -680 ) (3072 1264 -680 ) (3072 1200 -680 ) (3008 1200 -680 ) 
5 8 11 (2916 1200 -680 ) (3072 1200 -680 ) (3072 1200 -572 ) (3036 1200 -560 ) (2916 1200 -560 ) 
3 8 10 (3036 1200 -560 ) (2916 1200 -520 ) (2916 1200 -560 ) 
4 9 25 (2908 1174 -517.333374 ) (2908 1174 1024 ) (2908 1200 1024 ) (2908 1200 -517.333496 ) 
5 9 13 (3072 1174 -560 ) (3072 1174 1024 ) (2908 1174 1024 ) (2908 1174 -517.333496 ) (3036 1174 -560 ) 
4 9 11 (3072 1174 -560 ) (3036 1174 -560 ) (3036 1200 -560 ) (3072 1200 -560 ) 
4 9 10 (3036.001953 1200 -560 ) (3036.001953 1174 -560 ) (2916 1174 -520 ) (2916 1200 -520 ) 
3 10 14 (2916 1174 -560 ) (3036 1174 -560 ) (2916 1174 -520 ) 
4 10 11 (3036 1174 -560 ) (2916 1174 -560 ) (2916 1200 -560 ) (3036 1200 -560 ) 
4 11 20 (3008 1200 -680 ) (3072 1200 -680 ) (3072 1174 -680 ) (3008 1174 -680 ) 
5 11 14 (2916 1174 -680 ) (3072 1174 -680 ) (3072 1174 -572 ) (3036 1174 -560 ) (2916 1174 -560 ) 
3 11 13 (3072 1174 -572 ) (3072 1174 -560 ) (3036 1174 -560 ) 
4 11 12 (2916 1174 -608 ) (2916 1174 -560 ) (2916 1200 -560 ) (2916 1200 -608 ) 
4 12 27 (2908 1174 -608 ) (2908 1174 -560 ) (2908 1200 -560 ) (2908 1200 -608 ) 
4 13 25 (2908 1088 -517.333374 ) (2908 1088 1024 ) (2908 1174 1024 ) (2908 1174 -517.333374 ) 
5 13 15 (2908 1088 1024 ) (2908 1088 -517.333374 ) (3048 1088 -564 ) (3072 1088 -564 ) (3072 1088 1024 ) 
3 13 17 (3048 1088 -564 ) (3072 1088 -572 ) (3072 1088 -564 ) 
4 13 14 (3072 1088 -571.998718 ) (2916 1088 -519.998718 ) (2916 1174 -519.998840 ) (3072 1174 -571.998840 ) 
4 14 20 (3008 1174 -680 ) (3072 1174 -680 ) (3072 1088 -680 ) (3008 1088 -680 ) 
3 14 16 (3048 1088 -564 ) (2916 1088 -520 ) (2916 1088 -564 ) 
5 14 17 (2916 1088 -680 ) (3072 1088 -680 ) (3072 1088 -572 ) (3048 1088 -564 ) (2916 1088 -564 ) 
4 15 25 (2908 1032 -517.333374 ) (2908 1032 1024 ) (2908 1088 1024 ) (2908 1088 -517.333374 ) 
5 15 18 (2908 1032 1024 ) (2908 1032 -517.333374 ) (3048 1032 -564 ) (3072 1032 -564 ) (3072 1032 1024 ) 
4 15 16 (2916 1088 -520 ) (3048.001953 1088 -564 ) (3048.001953 1032 -564 ) (2916 1032 -520 ) 
4 15 17 (3072 1032 -564 ) (3048 1032 -564 ) (3048 1088 -564 ) (3072 1088 -564 ) 
3 16 19 (2916 1032 -564 ) (3048 1032 -564 ) (2916 1032 -520 ) 
4 16 17 (3048 1032 -564 ) (2916 1032 -564 ) (2916 1088 -564 ) (3048 1088 -564 ) 
4 17 28 (2908 1032 -676 ) (2908 1032 -564 ) (2908 1088 -564 ) (2908 1088 -676 ) 
4 17 20 (3008 1088 -680 ) (3072 1088 -680 ) (3072 1032 -680 ) (3008 1032 -680 ) 
5 17 19 (2916 1032 -680 ) (3072 1032 -680 ) (3072 1032 -572 ) (3048 1032 -564 ) (2916 1032 -564 ) 
3 17 18 (3072 1032 -572 ) (3072 1032 -564 ) (3048 1032 -564 ) 
3 18 88 (3072 1024 -572 ) (3072 1024 -520 ) (2916 1024 -520 ) 
4 18 81 (2908 1024 -513.992432 ) (2908 1024 -517.333374 ) (2916 1024 -520 ) (2916.010010 1024 -520 ) 
5 18 80 (3072 1024 -520 ) (3072 1024 -205.028625 ) (2908 1024 -326.857178 ) (2908 1024 -505.142822 ) (2928 1024 -520 ) 
4 18 79 (3072 1024 -205.028625 ) (3072 1024 1024 ) (2908 1024 1024 ) (2908 1024 -326.857178 ) 
4 18 25 (2908 1024 -517.333374 ) (2908 1024 1024 ) (2908 1032 1024 ) (2908 1032 -517.333374 ) 
4 18 19 (2916 1032 -520 ) (3072 1032 -572 ) (3072 1024 -572 ) (2916 1024 -520 ) 
4 19 88 (3072 1024 -680 ) (3072 1024 -572 ) (2916 1024 -520 ) (2916 1024 -680 ) 
4 19 20 (3008 1032 -680 ) (3072 1032 -680 ) (3072 1024 -680 ) (3008 1024 -680 ) 
4 20 93 (3072 1024 -768 ) (3072 1024 -680 ) (3008 1024 -680 ) (3008 1024 -768 ) 
4 20 49 (3072 2048 -768 ) (3072 1024 -768 ) (3008 1024 -768 ) (3008 2048 -768 ) 
4 20 21 (3008 2048 -768 ) (3008 1280 -768 ) (3008 1280 -680 ) (3008 2048 -680 ) 
4 21 50 (2908 1280 -768 ) (2908 2048 -768 ) (3008 2048 -768 ) (3008 1280 -768 ) 
4 21 32 (2908 2048 -680 ) (2908 2048 -768 ) (2908 1280 -768 ) (2908 1280 -680 ) 
4 22 42 (2304 1722.086914 -680 ) (2304 1605.913086 -680 ) (2304 1605.913086 -656 ) (2304 1722.086914 -656 ) 
4 22 41 (2304 2011.555664 -680 ) (2304 1722.086914 -680 ) (2304 1722.086914 -656 ) (2304 2011.555664 -656 ) 
4 22 40 (2304 2048 -656 ) (2304 2048 -680 ) (2304 2011.555664 -680 ) (2304 2011.555664 -656 ) 
4 22 38 (2304 1605.913086 -680 ) (2304 1264 -680 ) (2304 1264 -656 ) (2304 1605.913086 -656 ) 
4 22 37 (2304 2048 1024 ) (2304 2048 -656 ) (2304 1264 -656 ) (2304 1264 1024 ) 
4 22 35 (2304 1760 -680 ) (2304 1768 -680 ) (2307 1768 -680 ) (2307 1760 -680 ) 
4 22 34 (2304 1768 -680 ) (2304 2048 -680 ) (2307 2048 -680 ) (2307 1768 -680 ) 
4 22 36 (2304 1264 -680 ) (2304 1760 -680 ) (2307 1760 -680 ) (2307 1264 -680 ) 
4 22 32 (2560 2048 -680 ) (2908 2048 -680 ) (2908 1280 -680 ) (2560 1280 -680 ) 
4 22 33 (2307 2048 -680 ) (2560 2048 -680 ) (2560 1264 -680 ) (2307 1264 -680 ) 
4 22 31 (2304 1264 -660 ) (2304 1264 -680 ) (2724 1264 -680 ) (2724 1264 -520 ) 
4 22 30 (2304 1264 1024 ) (2304 1264 -660 ) (2732 1264 -517.333252 ) (2732 1264 1024 ) 
3 22 24 (2820 1264 -488 ) (2732 1264 -458.666748 ) (2732 1264 -517.333374 ) 
4 22 23 (2908 1264 -517.333374 ) (2908 1264 1024 ) (2732 1264 1024 ) (2732 1264 -458.666748 ) 
4 23 30 (2732 1264 1024 ) (2732 1264 -458.666748 ) (2732 1256 -458.666687 ) (2732 1256 1024 ) 
4 23 25 (2908 1256 -517.333374 ) (2908 1256 1024 ) (2732 1256 1024 ) (2732 1256 -458.666748 ) 
4 23 24 (2820 1256 -488 ) (2732 1256 -458.666656 ) (2732 1264 -458.666656 ) (2820 1264 -488 ) 
4 24 30 (2732 1264 -458.666748 ) (2732 1264 -517.333374 ) (2732 1256 -517.333374 ) (2732 1256 -458.666687 ) 
3 24 26 (2820 1256 -488 ) (2732 1256 -458.666748 ) (2732 1256 -517.333374 ) 
4 25 81 (2738.769043 1024 -460.923065 ) (2908 1024 -517.333374 ) (2908 1024 -513.992432 ) (2788.005127 1024 -423.996216 ) 
3 25 80 (2908 1024 -505.142822 ) (2908 1024 -326.857178 ) (2788 1024 -416 ) 
4 25 79 (2732 1024 1024 ) (2732 1024 -457.599976 ) (2908 1024 -326.857178 ) (2908 1024 1024 ) 
4 25 30 (2732 1024 -458.666687 ) (2732 1024 1024 ) (2732 1256 1024 ) (2732 1256 -458.666748 ) 
4 25 26 (2732 1024 -458.665649 ) (2732 1256 -458.665649 ) (2820.001465 1256 -488 ) (2820.001465 1024 -488 ) 
4 26 82 (2732 1024 -466 ) (2732 1024 -517.333374 ) (2820 1024 -488 ) (2738.769043 1024 -460.923065 ) 
4 26 30 (2732 1024 -517.333374 ) (2732 1024 -458.666687 ) (2732 1256 -458.666748 ) (2732 1256 -517.333374 ) 
4 27 29 (2788 1256 -548 ) (2788 1256 -676 ) (2788 1112 -676 ) (2788 1112 -548 ) 
4 28 95 (2788 1024 -676 ) (2908 1024 -676 ) (2908 1024 -548 ) (2788 1024 -548 ) 
4 28 29 (2788 1104 -676 ) (2788 1024 -676 ) (2788 1024 -548 ) (2788 1104 -548 ) 
4 29 95 (2732 1024 -548 ) (2732 1024 -676 ) (2788 1024 -676 ) (2788 1024 -548 ) 
4 30 126 (2304 1024 -520 ) (2304 1024 -660 ) (2668 1024 -538.666565 ) (2668 1024 -520 ) 
3 30 97 (2668 1024 -538.666565 ) (2724 1024 -520 ) (2668 1024 -520 ) 
4 30 82 (2660 1024 -520 ) (2724 1024 -520 ) (2732 1024 -517.333252 ) (2732 1024 -466 ) 
5 30 79 (2304 1024 1024 ) (2304 1024 -520 ) (2648 1024 -520 ) (2732 1024 -457.600067 ) (2732 1024 1024 ) 
4 30 38 (2304 1024 -660 ) (2304 1024 -656 ) (2304 1264 -656 ) (2304 1264 -660 ) 
4 30 37 (2304 1024 -656 ) (2304 1024 1024 ) (2304 1264 1024 ) (2304 1264 -656 ) 
4 30 31 (2304 1024 -659.998718 ) (2304 1264 -659.998718 ) (2724 1264 -519.998901 ) (2724 1024 -519.998901 ) 
4 31 126 (2304 1024 -660 ) (2304 1024 -680 ) (2668 1024 -680 ) (2668 1024 -538.666626 ) 
4 31 97 (2668 1024 -680 ) (2724 1024 -680 ) (2724 1024 -520 ) (2668 1024 -538.666626 ) 
4 31 38 (2304 1024 -680 ) (2304 1024 -660 ) (2304 1264 -660 ) (2304 1264 -680 ) 
4 31 36 (2304 1024 -680 ) (2304 1264 -680 ) (2307 1264 -680 ) (2307 1024 -680 ) 
4 31 33 (2307 1264 -680 ) (2560 1264 -680 ) (2560 1024 -680 ) (2307 1024 -680 ) 
4 32 50 (2560 1280 -768 ) (2560 2048 -768 ) (2908 2048 -768 ) (2908 1280 -768 ) 
4 32 33 (2560 2048 -768 ) (2560 1280 -768 ) (2560 1280 -680 ) (2560 2048 -680 ) 
3 33 136 (2560 1024 -680 ) (2307 1024 -680 ) (2307 1024 -694.596130 ) 
4 33 51 (2560 1024 -768 ) (2307 1024 -768 ) (2307 2048 -768 ) (2560 2048 -768 ) 
4 33 35 (2307 1760 -691 ) (2307 1760 -680 ) (2307 1768 -680 ) (2307 1768 -691 ) 
4 33 34 (2307 2048 -768 ) (2307 1768 -768 ) (2307 1768 -680 ) (2307 2048 -680 ) 
4 33 36 (2307 1760 -768 ) (2307 1024 -768 ) (2307 1024 -680 ) (2307 1760 -680 ) 
4 34 52 (2304 1768 -768 ) (2304 2048 -768 ) (2307 2048 -768 ) (2307 1768 -768 ) 
4 34 46 (2304 2048 -768 ) (2304 1792 -768 ) (2304 1792 -704 ) (2304 2048 -704 ) 
4 34 41 (2304 1768 -704 ) (2304 1768 -680 ) (2304 2011.555664 -680 ) (2304 2011.555664 -704 ) 
4 34 40 (2304 2011.555664 -680 ) (2304 2048 -680 ) (2304 2048 -704 ) (2304 2011.555664 -704 ) 
4 34 35 (2307 1768 -691 ) (2307 1768 -680 ) (2304 1768 -680 ) (2304 1768 -691 ) 
4 35 41 (2304 1760 -691 ) (2304 1760 -680 ) (2304 1768 -680 ) (2304 1768 -691 ) 
4 35 36 (2307 1760 -691 ) (2307 1760 -680 ) (2304 1760 -680 ) (2304 1760 -691 ) 
4 36 136 (2304 1024 -680 ) (2304 1024 -694.769165 ) (2307 1024 -694.596130 ) (2307 1024 -680 ) 
4 36 53 (2307 1024 -768 ) (2304 1024 -768 ) (2304 1760 -768 ) (2307 1760 -768 ) 
4 36 47 (2304 1536 -768 ) (2304 1024 -768 ) (2304 1024 -704 ) (2304 1536 -704 ) 
4 36 42 (2304 1605.913086 -680 ) (2304 1722.087036 -680 ) (2304 1722.087036 -704 ) (2304 1605.912964 -704 ) 
4 36 41 (2304 1722.087036 -680 ) (2304 1760 -680 ) (2304 1760 -704 ) (2304 1722.087036 -704 ) 
4 36 38 (2304 1024 -704 ) (2304 1024 -680 ) (2304 1605.913086 -680 ) (2304 1605.912964 -704 ) 
4 37 126 (2048 1024 -520 ) (2048 1024 -656 ) (2304 1024 -656 ) (2304 1024 -520 ) 
4 37 79 (2048 1024 1024 ) (2048 1024 -520 ) (2304 1024 -520 ) (2304 1024 1024 ) 
4 37 61 (2048 1024 -656 ) (2048 1024 1024 ) (2048 2048 1024 ) (2048 2048 -656 ) 
3 37 45 (2181.750244 1669.749634 -656 ) (2185.652344 1668.222778 -656 ) (2184 1664 -656 ) 
3 37 44 (2176 1672 -656 ) (2189.142822 1677.142944 -656 ) (2185.652344 1668.222778 -656 ) 
3 37 43 (2180.222900 1654.347534 -656 ) (2176 1656 -656 ) (2181.750000 1658.250000 -656 ) 
4 37 42 (2304 1722.086914 -656 ) (2304 1605.913086 -656 ) (2180.222900 1654.347534 -656 ) (2189.142822 1677.142944 -656 ) 
3 37 41 (2304 2011.555664 -656 ) (2304 1722.086914 -656 ) (2170.249756 1669.750000 -656 ) 
5 37 40 (2304 2048 -656 ) (2304 2011.555664 -656 ) (2168 1664 -656 ) (2048 1970.666870 -656 ) (2048 2048 -656 ) 
3 37 39 (2170.250244 1658.249878 -656 ) (2048 1706.086914 -656 ) (2048 1970.666870 -656 ) 
4 37 38 (2304 1605.913086 -656 ) (2304 1024 -656 ) (2048 1024 -656 ) (2048 1706.086914 -656 ) 
4 38 136 (2144 1024 -704 ) (2304 1024 -694.769165 ) (2304 1024 -680 ) (2144 1024 -680 ) 
4 38 137 (2048 1024 -680 ) (2048 1024 -704 ) (2144 1024 -704 ) (2144 1024 -680 ) 
4 38 126 (2048 1024 -656 ) (2048 1024 -680 ) (2304 1024 -680 ) (2304 1024 -656 ) 
4 38 61 (2048 1024 -704 ) (2048 1024 -656 ) (2048 1706.086914 -656 ) (2048 1706.086914 -704 ) 
4 38 47 (2208 1536 -704 ) (2304 1536 -704 ) (2304 1024 -704 ) (2208 1024 -704 ) 
4 38 48 (2048 1024 -704 ) (2048 1536 -704 ) (2144 1536 -704 ) (2144 1024 -704 ) 
4 38 43 (2180.222656 1654.346680 -704 ) (2175.998779 1656 -704 ) (2176 1656 -656 ) (2180.222656 1654.346802 -656 ) 
4 38 42 (2304 1605.912109 -704 ) (2180.222656 1654.346680 -704 ) (2180.222656 1654.346802 -656 ) (2304 1605.912109 -656 ) 
4 38 39 (2170.250488 1658.248901 -704 ) (2048 1706.086060 -704 ) (2048 1706.086304 -656 ) (2170.250488 1658.249023 -656 ) 
4 39 61 (2048 1706.086914 -656 ) (2048 1970.666870 -656 ) (2048 1970.666870 -704 ) (2048 1706.086914 -704 ) 
3 39 46 (2048 1792 -704 ) (2048 1970.666870 -704 ) (2117.913086 1792 -704 ) 
4 39 40 (2168 1664 -704 ) (2048 1970.667236 -704 ) (2048 1970.664062 -656 ) (2168 1664 -656 ) 
4 40 61 (2048 1970.666870 -656 ) (2048 2048 -656 ) (2048 2048 -704 ) (2048 1970.666870 -704 ) 
6 40 46 (2048 1970.666870 -704 ) (2048 2048 -704 ) (2304 2048 -704 ) (2304 2011.555664 -704 ) (2218.086914 1792 -704 ) (2117.913086 1792 -704 ) 
4 40 41 (2170.250244 1669.750244 -704 ) (2304 2011.554932 -704 ) (2304 2011.554688 -656 ) (2170.250244 1669.750244 -656 ) 
3 41 46 (2304 2011.555664 -704 ) (2304 1792 -704 ) (2218.086670 1792 -704 ) 
4 41 44 (2176.001221 1672 -704 ) (2189.142090 1677.141357 -704 ) (2189.142090 1677.141479 -656 ) (2176.001221 1672 -656 ) 
4 41 42 (2189.142090 1677.141357 -704 ) (2304 1722.085815 -704 ) (2304 1722.085938 -656 ) (2189.142090 1677.141479 -656 ) 
4 42 45 (2185.652100 1668.222778 -704 ) (2184 1664 -704 ) (2184 1664 -656 ) (2185.652100 1668.222778 -656 ) 
4 42 44 (2189.142578 1677.142578 -656 ) (2189.142578 1677.142578 -704 ) (2185.652100 1668.222778 -704 ) (2185.652100 1668.222778 -656 ) 
4 42 43 (2181.749512 1658.249756 -704 ) (2180.222656 1654.347778 -704 ) (2180.222656 1654.347778 -656 ) (2181.749512 1658.249756 -656 ) 
4 44 45 (2181.750244 1669.749512 -704 ) (2185.654541 1668.221924 -704 ) (2185.654541 1668.221924 -656 ) (2181.750244 1669.749512 -656 ) 
4 46 62 (2048 1792 -704 ) (2048 2048 -704 ) (2048 2048 -768 ) (2048 1792 -768 ) 
4 46 54 (2048 1792 -768 ) (2048 2048 -768 ) (2304 2048 -768 ) (2304 1792 -768 ) 
4 47 55 (2304 1024 -768 ) (2208 1024 -768 ) (2208 1536 -768 ) (2304 1536 -768 ) 
4 48 137 (2048 1024 -704 ) (2048 1024 -768 ) (2144 1024 -768 ) (2144 1024 -704 ) 
4 48 65 (2048 1024 -768 ) (2048 1024 -704 ) (2048 1536 -704 ) (2048 1536 -768 ) 
4 48 56 (2144 1024 -768 ) (2048 1024 -768 ) (2048 1536 -768 ) (2144 1536 -768 ) 
4 49 142 (3072 1024 -1024 ) (3072 1024 -768 ) (3008 1024 -768 ) (3008 1024 -1024 ) 
4 49 50 (3008 2048 -1024 ) (3008 1280 -1024 ) (3008 1280 -768 ) (3008 2048 -768 ) 
4 50 51 (2560 2048 -1024 ) (2560 1280 -1024 ) (2560 1280 -768 ) (2560 2048 -768 ) 
4 51 144 (2307 1024 -1014.596069 ) (2307 1024 -1024 ) (2560 1024 -1024 ) (2560 1024 -1000 ) 
4 51 52 (2307 2048 -1024 ) (2307 1768 -1024 ) (2307 1768 -768 ) (2307 2048 -768 ) 
4 51 53 (2307 1760 -1024 ) (2307 1024 -1024 ) (2307 1024 -768 ) (2307 1760 -768 ) 
4 52 54 (2304 2048 -1024 ) (2304 1792 -1024 ) (2304 1792 -768 ) (2304 2048 -768 ) 
4 53 144 (2304 1024 -1014.769226 ) (2304 1024 -1024 ) (2307 1024 -1024 ) (2307 1024 -1014.596069 ) 
4 53 55 (2304 1536 -1024 ) (2304 1024 -1024 ) (2304 1024 -768 ) (2304 1536 -768 ) 
4 54 69 (2048 1792 -768 ) (2048 2048 -768 ) (2048 2048 -1024 ) (2048 1792 -1024 ) 
4 55 144 (2208 1024 -1020.307739 ) (2208 1024 -1024 ) (2304 1024 -1024 ) (2304 1024 -1014.769226 ) 
4 56 145 (2144 1024 -768 ) (2048 1024 -768 ) (2048 1024 -1024 ) (2144 1024 -1024 ) 
4 56 71 (2048 1024 -1024 ) (2048 1024 -768 ) (2048 1536 -768 ) (2048 1536 -1024 ) 
4 57 66 (1792 2048 -704 ) (1024 2048 -704 ) (1024 2048 -768 ) (1792 2048 -768 ) 
4 57 62 (2048 2048 -768 ) (2048 2048 -704 ) (1792 2048 -704 ) (1792 2048 -768 ) 
4 57 61 (2048 2048 -704 ) (2048 2048 1024 ) (1024 2048 1024 ) (1024 2048 -704 ) 
4 57 59 (1024 2048 -768 ) (1024 2048 1024 ) (1024 3072 1024 ) (1024 3072 -768 ) 
4 57 58 (2048 2048 -768 ) (1024 2048 -768 ) (1024 3072 -768 ) (2048 3072 -768 ) 
4 58 72 (1792 2048 -768 ) (1024 2048 -768 ) (1024 2048 -1024 ) (1792 2048 -1024 ) 
4 58 69 (2048 2048 -1024 ) (2048 2048 -768 ) (1792 2048 -768 ) (1792 2048 -1024 ) 
4 58 60 (1024 2048 -1024 ) (1024 2048 -768 ) (1024 3072 -768 ) (1024 3072 -1024 ) 
4 59 75 (1024 2048 -768 ) (1024 2048 1024 ) (0 2048 1024 ) (0 2048 -768 ) 
4 59 60 (0 3072 -768 ) (1024 3072 -768 ) (1024 2048 -768 ) (0 2048 -768 ) 
4 60 76 (1024 2048 -1024 ) (1024 2048 -768 ) (0 2048 -768 ) (0 2048 -1024 ) 
4 61 153 (2048 1024 -704 ) (2048 1024 1024 ) (1024 1024 1024 ) (1024 1024 -704 ) 
4 61 75 (1024 2048 1024 ) (1024 2048 -704 ) (1024 1024 -704 ) (1024 1024 1024 ) 
4 61 67 (1024 1536 -704 ) (1024 1792 -704 ) (1536 1792 -704 ) (1536 1536 -704 ) 
4 61 66 (1024 1792 -704 ) (1024 2048 -704 ) (1792 2048 -704 ) (1792 1792 -704 ) 
4 61 68 (1792 1024 -704 ) (1024 1024 -704 ) (1024 1536 -704 ) (1792 1536 -704 ) 
4 61 65 (2048 1024 -704 ) (1792 1024 -704 ) (1792 1600 -704 ) (2048 1600 -704 ) 
4 61 63 (1792 1632 -704 ) (1792 1696 -704 ) (2048 1696 -704 ) (2048 1632 -704 ) 
4 61 62 (1792 1728 -704 ) (1792 2048 -704 ) (2048 2048 -704 ) (2048 1728 -704 ) 
4 62 69 (1792 2048 -768 ) (2048 2048 -768 ) (2048 1728 -768 ) (1792 1728 -768 ) 
4 62 66 (1792 2048 -768 ) (1792 1792 -768 ) (1792 1792 -704 ) (1792 2048 -704 ) 
4 63 64 (2048 1632 -705 ) (1792 1632 -705 ) (1792 1696 -705 ) (2048 1696 -705 ) 
4 64 70 (2048 1696 -768 ) (2048 1632 -768 ) (1792 1632 -768 ) (1792 1696 -768 ) 
4 65 153 (2048 1024 -768 ) (2048 1024 -704 ) (1792 1024 -704 ) (1792 1024 -768 ) 
4 65 71 (2048 1600 -768 ) (2048 1024 -768 ) (1792 1024 -768 ) (1792 1600 -768 ) 
4 65 68 (1792 1536 -768 ) (1792 1024 -768 ) (1792 1024 -704 ) (1792 1536 -704 ) 
4 66 75 (1024 2048 -704 ) (1024 2048 -768 ) (1024 1792 -768 ) (1024 1792 -704 ) 
4 66 72 (1024 2048 -768 ) (1792 2048 -768 ) (1792 1792 -768 ) (1024 1792 -768 ) 
4 66 67 (1024 1792 -768 ) (1536 1792 -768 ) (1536 1792 -704 ) (1024 1792 -704 ) 
4 67 75 (1024 1792 -768 ) (1024 1536 -768 ) (1024 1536 -704 ) (1024 1792 -704 ) 
4 67 73 (1536 1536 -768 ) (1024 1536 -768 ) (1024 1792 -768 ) (1536 1792 -768 ) 
4 67 68 (1024 1536 -768 ) (1536 1536 -768 ) (1536 1536 -704 ) (1024 1536 -704 ) 
4 68 153 (1792 1024 -704 ) (1024 1024 -704 ) (1024 1024 -768 ) (1792 1024 -768 ) 
4 68 75 (1024 1536 -768 ) (1024 1024 -768 ) (1024 1024 -704 ) (1024 1536 -704 ) 
4 68 74 (1792 1536 -768 ) (1792 1024 -768 ) (1024 1024 -768 ) (1024 1536 -768 ) 
4 69 72 (1792 2048 -1024 ) (1792 1792 -1024 ) (1792 1792 -768 ) (1792 2048 -768 ) 
4 71 154 (2048 1024 -1024 ) (2048 1024 -768 ) (1792 1024 -768 ) (1792 1024 -1024 ) 
4 71 74 (1792 1536 -1024 ) (1792 1024 -1024 ) (1792 1024 -768 ) (1792 1536 -768 ) 
4 72 76 (1024 2048 -768 ) (1024 2048 -1024 ) (1024 1792 -1024 ) (1024 1792 -768 ) 
4 72 73 (1024 1792 -1024 ) (1536 1792 -1024 ) (1536 1792 -768 ) (1024 1792 -768 ) 
4 73 76 (1024 1792 -1024 ) (1024 1536 -1024 ) (1024 1536 -768 ) (1024 1792 -768 ) 
4 73 74 (1024 1536 -1024 ) (1536 1536 -1024 ) (1536 1536 -768 ) (1024 1536 -768 ) 
4 74 154 (1792 1024 -768 ) (1024 1024 -768 ) (1024 1024 -1024 ) (1792 1024 -1024 ) 
4 74 76 (1024 1536 -1024 ) (1024 1024 -1024 ) (1024 1024 -768 ) (1024 1536 -768 ) 
4 75 155 (1024 1024 -768 ) (1024 1024 1024 ) (0 1024 1024 ) (0 1024 -768 ) 
4 75 76 (1024 2048 -768 ) (1024 1024 -768 ) (0 1024 -768 ) (0 2048 -768 ) 
4 76 156 (1024 1024 -1024 ) (1024 1024 -768 ) (0 1024 -768 ) (0 1024 -1024 ) 
4 77 149 (4096 0 -768 ) (4096 0 1024 ) (3072 0 1024 ) (3072 0 -768 ) 
4 77 93 (3072 1024 -680 ) (3072 1024 -768 ) (3072 0 -768 ) (3072 0 -680 ) 
4 77 88 (3072 1024 -520 ) (3072 1024 -680 ) (3072 624 -680 ) (3072 624 -520 ) 
4 77 92 (3072 624 -680 ) (3072 0 -680 ) (3072 0 -520 ) (3072 624 -520 ) 
4 77 80 (3072 1024 -205.028564 ) (3072 1024 -520 ) (3072 608 -520 ) (3072 608 -205.028625 ) 
4 77 79 (3072 1024 1024 ) (3072 1024 -205.028564 ) (3072 608 -205.028625 ) (3072 608 1024 ) 
4 77 87 (3072 608 -520 ) (3072 0 -520 ) (3072 0 1024 ) (3072 608 1024 ) 
4 77 78 (4096 0 -768 ) (3072 0 -768 ) (3072 1024 -768 ) (4096 1024 -768 ) 
4 78 150 (4096 0 -1024 ) (4096 0 -768 ) (3072 0 -768 ) (3072 0 -1024 ) 
4 78 142 (3072 1024 -768 ) (3072 1024 -1024 ) (3072 0 -1024 ) (3072 0 -768 ) 
4 79 153 (2048 1024 1024 ) (2048 1024 -520 ) (2048 608 -520 ) (2048 608 1024 ) 
4 79 133 (2048 624 -520 ) (2048 888 -520 ) (2648 888 -520 ) (2648 624 -520 ) 
4 79 134 (2048 608 -520 ) (2048 624 -520 ) (2648 624 -520 ) (2648 608 -520 ) 
4 79 129 (2048 888 -520 ) (2048 944 -520 ) (2648 944 -520 ) (2648 888 -520 ) 
4 79 127 (2048 944 -520 ) (2048 1008 -520 ) (2648 1008 -520 ) (2648 944 -520 ) 
4 79 126 (2048 1008 -520 ) (2048 1024 -520 ) (2648 1024 -520 ) (2648 1008 -520 ) 
4 79 80 (3072 608 -205.027832 ) (2788 608 -416 ) (2788 1024 -416 ) (3072 1024 -205.027832 ) 
5 79 87 (2048 608 -520 ) (2648 608 -520 ) (3072 608 -205.028625 ) (3072 608 1024 ) (2048 608 1024 ) 
4 80 88 (2928 1024 -520 ) (3072 1024 -520 ) (3072 624 -520 ) (2928 624 -520 ) 
4 80 92 (3072 624 -520 ) (3072 608 -520 ) (2928 608 -520 ) (2928 624 -520 ) 
4 80 87 (2928 608 -520 ) (3072 608 -520 ) (3072 608 -205.028625 ) (2788 608 -416 ) 
4 81 82 (2738.767578 1008 -460.920898 ) (2738.767578 1024 -460.920898 ) (2820.002441 1024 -488 ) (2820.002441 1008 -488 ) 
4 82 126 (2660 1024 -520 ) (2668 1024 -520 ) (2668 1008 -520 ) (2660 1008 -520 ) 
4 82 97 (2668 1024 -520 ) (2724 1024 -520 ) (2724 1008 -520 ) (2668 1008 -520 ) 
4 83 98 (2732 884 -520 ) (2668 884 -520 ) (2668 1000 -520 ) (2732 1000 -520 ) 
4 83 96 (2908 884 -520 ) (2732 884 -520 ) (2732 1000 -520 ) (2908 1000 -520 ) 
4 83 84 (2916.003906 884 -520 ) (2788.001953 884 -423.998474 ) (2784 884 -427 ) (2908 884 -520 ) 
4 84 85 (2908 876 -520 ) (2916.006592 876 -520 ) (2788.003418 876 -423.997467 ) (2784 876 -427 ) 
4 85 116 (2744 632 -520 ) (2668 632 -520 ) (2668 796 -520 ) (2744 796 -520 ) 
4 85 114 (2744 744 -520 ) (2744 748 -520 ) (2752 748 -520 ) (2752 744 -520 ) 
4 85 115 (2752 632 -520 ) (2744 632 -520 ) (2744 744 -520 ) (2752 744 -520 ) 
4 85 113 (2908 748 -520 ) (2908 632 -520 ) (2752 632 -520 ) (2752 748 -520 ) 
4 85 109 (2752 748 -520 ) (2744 748 -520 ) (2744 796 -520 ) (2752 796 -520 ) 
4 85 108 (2908 796 -520 ) (2908 748 -520 ) (2752 748 -520 ) (2752 796 -520 ) 
4 85 105 (2730 874 -520 ) (2730 822 -520 ) (2696 822 -520 ) (2696 874 -520 ) 
4 85 104 (2696 876 -520 ) (2730 876 -520 ) (2730 874 -520 ) (2696 874 -520 ) 
4 85 106 (2730 822 -520 ) (2730 796 -520 ) (2696 796 -520 ) (2696 822 -520 ) 
4 85 107 (2668 876 -520 ) (2696 876 -520 ) (2696 796 -520 ) (2668 796 -520 ) 
4 85 102 (2752 800 -520 ) (2752 796 -520 ) (2744 796 -520 ) (2744 800 -520 ) 
4 85 101 (2744 876 -520 ) (2752 876 -520 ) (2752 800 -520 ) (2744 800 -520 ) 
4 85 100 (2752 876 -520 ) (2908 876 -520 ) (2908 796 -520 ) (2752 796 -520 ) 
4 85 103 (2730 876 -520 ) (2744 876 -520 ) (2744 796 -520 ) (2730 796 -520 ) 
4 86 134 (2668 608 -520 ) (2660 608 -520 ) (2660 624 -520 ) (2668 624 -520 ) 
4 86 123 (2908 608 -520 ) (2668 608 -520 ) (2668 624 -520 ) (2908 624 -520 ) 
4 86 92 (2916 608 -520 ) (2908 608 -520 ) (2908 624 -520 ) (2916 624 -520 ) 
3 86 87 (2660 608 -520 ) (2916 608 -520 ) (2788 608 -424 ) 
4 87 153 (2048 608 -520 ) (2048 0 -520 ) (2048 0 1024 ) (2048 608 1024 ) 
4 87 151 (3072 0 -520 ) (3072 0 1024 ) (2048 0 1024 ) (2048 0 -520 ) 
4 87 134 (2668 0 -520 ) (2048 0 -520 ) (2048 608 -520 ) (2668 608 -520 ) 
4 87 123 (2908 0 -520 ) (2668 0 -520 ) (2668 608 -520 ) (2908 608 -520 ) 
4 87 92 (3072 0 -520 ) (2908 0 -520 ) (2908 608 -520 ) (3072 608 -520 ) 
4 88 93 (3008 1024 -680 ) (3072 1024 -680 ) (3072 624 -680 ) (3008 624 -680 ) 
4 88 91 (2916 675 -552 ) (2916 701 -552 ) (2916 701 -600 ) (2916 675 -600 ) 
4 88 90 (2916 803 -552 ) (2916 829 -552 ) (2916 829 -600 ) (2916 803 -600 ) 
4 88 89 (2916 931 -552 ) (2916 957 -552 ) (2916 957 -600 ) (2916 931 -600 ) 
4 88 92 (2916 624 -680 ) (3072 624 -680 ) (3072 624 -520 ) (2916 624 -520 ) 
4 89 96 (2908 957 -600 ) (2908 931 -600 ) (2908 931 -552 ) (2908 957 -552 ) 
4 90 100 (2908 829 -600 ) (2908 803 -600 ) (2908 803 -552 ) (2908 829 -552 ) 
4 91 113 (2908 701 -600 ) (2908 675 -600 ) (2908 675 -552 ) (2908 701 -552 ) 
4 92 151 (3072 0 -680 ) (3072 0 -520 ) (2908 0 -520 ) (2908 0 -680 ) 
4 92 124 (2908 0 -680 ) (2908 0 -676 ) (2908 624 -676 ) (2908 624 -680 ) 
4 92 123 (2908 0 -676 ) (2908 0 -520 ) (2908 624 -520 ) (2908 624 -676 ) 
4 92 94 (3008 0 -680 ) (2908 0 -680 ) (2908 576 -680 ) (3008 576 -680 ) 
4 92 93 (3072 0 -680 ) (3008 0 -680 ) (3008 624 -680 ) (3072 624 -680 ) 
4 93 151 (3072 0 -768 ) (3072 0 -680 ) (3008 0 -680 ) (3008 0 -768 ) 
4 93 142 (3008 1024 -768 ) (3072 1024 -768 ) (3072 0 -768 ) (3008 0 -768 ) 
4 93 94 (3008 576 -768 ) (3008 0 -768 ) (3008 0 -680 ) (3008 576 -680 ) 
4 94 151 (3008 0 -680 ) (2908 0 -680 ) (2908 0 -768 ) (3008 0 -768 ) 
4 94 143 (3008 576 -768 ) (3008 0 -768 ) (2908 0 -768 ) (2908 576 -768 ) 
4 94 125 (2908 576 -768 ) (2908 0 -768 ) (2908 0 -680 ) (2908 576 -680 ) 
4 95 96 (2732 1000 -548 ) (2732 1000 -676 ) (2908 1000 -676 ) (2908 1000 -548 ) 
4 96 99 (2780 884 -568 ) (2780 884 -676 ) (2828 884 -676 ) (2828 884 -568 ) 
4 96 98 (2732 884 -676 ) (2732 884 -520 ) (2732 1000 -520 ) (2732 1000 -676 ) 
4 97 126 (2668 1008 -520 ) (2668 1024 -520 ) (2668 1024 -680 ) (2668 1008 -680 ) 
4 98 128 (2668 944 -564 ) (2668 944 -676 ) (2668 888 -676 ) (2668 888 -564 ) 
4 99 100 (2780 876 -676 ) (2828 876 -676 ) (2828 876 -568 ) (2780 876 -568 ) 
4 100 110 (2752 796 -676 ) (2908 796 -676 ) (2908 796 -568 ) (2752 796 -568 ) 
4 100 108 (2908 796 -568 ) (2908 796 -520 ) (2752 796 -520 ) (2752 796 -568 ) 
4 100 102 (2752 796 -564 ) (2752 796 -520 ) (2752 800 -520 ) (2752 800 -564 ) 
4 100 101 (2752 876 -520 ) (2752 876 -676 ) (2752 800 -676 ) (2752 800 -520 ) 
4 101 102 (2744 800 -520 ) (2744 800 -564 ) (2752 800 -564 ) (2752 800 -520 ) 
4 101 103 (2744 876 -520 ) (2744 876 -676 ) (2744 800 -676 ) (2744 800 -520 ) 
4 102 109 (2752 796 -564 ) (2752 796 -520 ) (2744 796 -520 ) (2744 796 -564 ) 
4 102 103 (2744 796 -564 ) (2744 796 -520 ) (2744 800 -520 ) (2744 800 -564 ) 
4 103 117 (2741 796 -676 ) (2744 796 -676 ) (2744 796 -592 ) (2741 796 -592 ) 
4 103 119 (2730 796 -676 ) (2741 796 -676 ) (2741 796 -592 ) (2730 796 -592 ) 
4 103 116 (2744 796 -592 ) (2744 796 -520 ) (2730 796 -520 ) (2730 796 -592 ) 
4 103 105 (2730 822 -636 ) (2730 822 -520 ) (2730 874 -520 ) (2730 874 -636 ) 
4 103 104 (2730 876 -520 ) (2730 876 -676 ) (2730 874 -676 ) (2730 874 -520 ) 
4 103 106 (2730 822 -676 ) (2730 796 -676 ) (2730 796 -520 ) (2730 822 -520 ) 
4 104 105 (2696 874 -520 ) (2696 874 -636 ) (2730 874 -636 ) (2730 874 -520 ) 
4 104 107 (2696 876 -520 ) (2696 876 -676 ) (2696 874 -676 ) (2696 874 -520 ) 
4 105 107 (2696 822 -636 ) (2696 822 -520 ) (2696 874 -520 ) (2696 874 -636 ) 
4 105 106 (2696 822 -520 ) (2696 822 -636 ) (2730 822 -636 ) (2730 822 -520 ) 
4 106 120 (2696 796 -676 ) (2699 796 -676 ) (2699 796 -592 ) (2696 796 -592 ) 
4 106 119 (2699 796 -676 ) (2730 796 -676 ) (2730 796 -592 ) (2699 796 -592 ) 
4 106 116 (2730 796 -592 ) (2730 796 -520 ) (2696 796 -520 ) (2696 796 -592 ) 
4 106 107 (2696 822 -676 ) (2696 796 -676 ) (2696 796 -520 ) (2696 822 -520 ) 
4 107 131 (2668 816 -572 ) (2668 816 -636 ) (2668 796 -636 ) (2668 796 -572 ) 
4 107 122 (2668 796 -592 ) (2668 796 -676 ) (2696 796 -676 ) (2696 796 -592 ) 
4 107 116 (2668 796 -520 ) (2668 796 -592 ) (2696 796 -592 ) (2696 796 -520 ) 
4 108 113 (2752 748 -568 ) (2908 748 -568 ) (2908 748 -520 ) (2752 748 -520 ) 
4 108 110 (2908 748 -568 ) (2752 748 -568 ) (2752 796 -568 ) (2908 796 -568 ) 
4 108 109 (2752 796 -520 ) (2752 796 -564 ) (2752 748 -564 ) (2752 748 -520 ) 
4 109 116 (2744 796 -520 ) (2744 796 -564 ) (2744 748 -564 ) (2744 748 -520 ) 
4 109 114 (2744 748 -520 ) (2744 748 -564 ) (2752 748 -564 ) (2752 748 -520 ) 
4 110 113 (2752 748 -676 ) (2908 748 -676 ) (2908 748 -568 ) (2752 748 -568 ) 
4 110 111 (2749 748 -676 ) (2749 748 -568 ) (2749 796 -568 ) (2749 796 -676 ) 
4 111 112 (2747 748 -676 ) (2747 748 -568 ) (2747 796 -568 ) (2747 796 -676 ) 
4 112 117 (2744 796 -592 ) (2744 796 -676 ) (2744 750 -676 ) (2744 750 -592 ) 
4 112 116 (2744 796 -568 ) (2744 796 -592 ) (2744 748 -592 ) (2744 748 -568 ) 
4 113 114 (2752 748 -520 ) (2752 748 -564 ) (2752 744 -564 ) (2752 744 -520 ) 
4 113 115 (2752 744 -676 ) (2752 632 -676 ) (2752 632 -520 ) (2752 744 -520 ) 
4 114 116 (2744 744 -564 ) (2744 744 -520 ) (2744 748 -520 ) (2744 748 -564 ) 
4 114 115 (2744 744 -520 ) (2744 744 -564 ) (2752 744 -564 ) (2752 744 -520 ) 
4 115 118 (2744 742 -676 ) (2744 632 -676 ) (2744 632 -592 ) (2744 742 -592 ) 
4 115 116 (2744 632 -592 ) (2744 632 -520 ) (2744 744 -520 ) (2744 744 -592 ) 
4 116 131 (2668 796 -572 ) (2668 796 -592 ) (2668 760 -592 ) (2668 760 -572 ) 
4 116 132 (2668 744 -592 ) (2668 688 -592 ) (2668 688 -572 ) (2668 744 -572 ) 
4 116 120 (2696 796 -592 ) (2699 796 -592 ) (2699 720 -592 ) (2696 720 -592 ) 
4 116 121 (2699 712 -592 ) (2699 632 -592 ) (2696 632 -592 ) (2696 712 -592 ) 
4 116 122 (2668 796 -592 ) (2696 796 -592 ) (2696 632 -592 ) (2668 632 -592 ) 
4 116 117 (2741 796 -592 ) (2744 796 -592 ) (2744 750 -592 ) (2741 750 -592 ) 
4 116 118 (2744 742 -592 ) (2744 632 -592 ) (2741 632 -592 ) (2741 742 -592 ) 
4 116 119 (2699 796 -592 ) (2741 796 -592 ) (2741 632 -592 ) (2699 632 -592 ) 
4 117 119 (2741 750 -592 ) (2741 796 -592 ) (2741 796 -676 ) (2741 750 -676 ) 
4 118 119 (2741 632 -676 ) (2741 632 -592 ) (2741 742 -592 ) (2741 742 -676 ) 
4 119 120 (2699 720 -592 ) (2699 796 -592 ) (2699 796 -676 ) (2699 720 -676 ) 
4 119 121 (2699 632 -676 ) (2699 632 -592 ) (2699 712 -592 ) (2699 712 -676 ) 
4 120 122 (2696 720 -592 ) (2696 796 -592 ) (2696 796 -676 ) (2696 720 -676 ) 
4 121 122 (2696 632 -676 ) (2696 632 -592 ) (2696 712 -592 ) (2696 712 -676 ) 
4 122 131 (2668 796 -592 ) (2668 796 -636 ) (2668 760 -636 ) (2668 760 -592 ) 
4 122 132 (2668 744 -636 ) (2668 688 -636 ) (2668 688 -592 ) (2668 744 -592 ) 
4 123 151 (2908 0 -520 ) (2668 0 -520 ) (2668 0 -676 ) (2908 0 -676 ) 
4 123 134 (2668 0 -676 ) (2668 0 -520 ) (2668 624 -520 ) (2668 624 -676 ) 
4 123 124 (2668 0 -676 ) (2668 624 -676 ) (2908 624 -676 ) (2908 0 -676 ) 
4 124 151 (2668 0 -676 ) (2668 0 -680 ) (2908 0 -680 ) (2908 0 -676 ) 
4 124 134 (2668 0 -680 ) (2668 0 -676 ) (2668 624 -676 ) (2668 624 -680 ) 
4 124 125 (2668 0 -680 ) (2668 576 -680 ) (2908 576 -680 ) (2908 0 -680 ) 
4 125 151 (2668 0 -680 ) (2668 0 -768 ) (2908 0 -768 ) (2908 0 -680 ) 
4 125 143 (2908 576 -768 ) (2908 0 -768 ) (2668 0 -768 ) (2668 576 -768 ) 
4 125 135 (2668 576 -768 ) (2668 0 -768 ) (2668 0 -680 ) (2668 576 -680 ) 
4 126 153 (2048 1024 -520 ) (2048 1024 -680 ) (2048 1008 -680 ) (2048 1008 -520 ) 
4 126 136 (2144 1024 -680 ) (2560 1024 -680 ) (2560 1008 -680 ) (2144 1008 -680 ) 
4 126 137 (2048 1024 -680 ) (2144 1024 -680 ) (2144 1008 -680 ) (2048 1008 -680 ) 
4 126 127 (2048 1008 -680 ) (2660 1008 -680 ) (2660 1008 -520 ) (2048 1008 -520 ) 
4 127 153 (2048 1008 -680 ) (2048 944 -680 ) (2048 944 -520 ) (2048 1008 -520 ) 
4 127 139 (2208 944 -680 ) (2144 944 -680 ) (2144 960 -680 ) (2208 960 -680 ) 
4 127 138 (2560 944 -680 ) (2208 944 -680 ) (2208 960 -680 ) (2560 960 -680 ) 
4 127 141 (2144 944 -680 ) (2048 944 -680 ) (2048 960 -680 ) (2144 960 -680 ) 
4 127 136 (2144 1008 -680 ) (2560 1008 -680 ) (2560 960 -680 ) (2144 960 -680 ) 
4 127 137 (2048 960 -680 ) (2048 1008 -680 ) (2144 1008 -680 ) (2144 960 -680 ) 
4 127 130 (2048 944 -680 ) (2620 944 -680 ) (2620 944 -676 ) (2048 944 -676 ) 
4 127 129 (2660 944 -676 ) (2660 944 -520 ) (2048 944 -520 ) (2048 944 -676 ) 
4 128 129 (2660 944 -564 ) (2660 944 -676 ) (2660 888 -676 ) (2660 888 -564 ) 
4 129 153 (2048 888 -676 ) (2048 888 -520 ) (2048 944 -520 ) (2048 944 -676 ) 
4 129 133 (2660 888 -520 ) (2048 888 -520 ) (2048 888 -676 ) (2660 888 -676 ) 
4 129 130 (2620 888 -676 ) (2048 888 -676 ) (2048 944 -676 ) (2620 944 -676 ) 
4 130 153 (2048 944 -680 ) (2048 888 -680 ) (2048 888 -676 ) (2048 944 -676 ) 
4 130 139 (2208 888 -680 ) (2144 888 -680 ) (2144 944 -680 ) (2208 944 -680 ) 
4 130 138 (2560 888 -680 ) (2208 888 -680 ) (2208 944 -680 ) (2560 944 -680 ) 
4 130 141 (2144 888 -680 ) (2048 888 -680 ) (2048 944 -680 ) (2144 944 -680 ) 
4 130 133 (2048 888 -680 ) (2620 888 -680 ) (2620 888 -676 ) (2048 888 -676 ) 
4 131 133 (2660 760 -572 ) (2660 816 -572 ) (2660 816 -636 ) (2660 760 -636 ) 
4 132 133 (2660 688 -636 ) (2660 688 -572 ) (2660 744 -572 ) (2660 744 -636 ) 
4 133 153 (2048 888 -680 ) (2048 624 -680 ) (2048 624 -520 ) (2048 888 -520 ) 
4 133 139 (2208 624 -680 ) (2144 624 -680 ) (2144 888 -680 ) (2208 888 -680 ) 
4 133 138 (2560 624 -680 ) (2208 624 -680 ) (2208 888 -680 ) (2560 888 -680 ) 
4 133 141 (2144 624 -680 ) (2048 624 -680 ) (2048 888 -680 ) (2144 888 -680 ) 
4 133 134 (2048 624 -680 ) (2660 624 -680 ) (2660 624 -520 ) (2048 624 -520 ) 
4 134 153 (2048 624 -680 ) (2048 0 -680 ) (2048 0 -520 ) (2048 624 -520 ) 
4 134 151 (2668 0 -520 ) (2048 0 -520 ) (2048 0 -680 ) (2668 0 -680 ) 
4 134 139 (2144 448 -680 ) (2144 624 -680 ) (2208 624 -680 ) (2208 448 -680 ) 
4 134 140 (2208 0 -680 ) (2144 0 -680 ) (2144 448 -680 ) (2208 448 -680 ) 
4 134 138 (2560 0 -680 ) (2208 0 -680 ) (2208 624 -680 ) (2560 624 -680 ) 
4 134 141 (2144 0 -680 ) (2048 0 -680 ) (2048 624 -680 ) (2144 624 -680 ) 
4 134 135 (2668 576 -680 ) (2668 0 -680 ) (2560 0 -680 ) (2560 576 -680 ) 
4 135 151 (2560 0 -768 ) (2668 0 -768 ) (2668 0 -680 ) (2560 0 -680 ) 
4 135 143 (2668 576 -768 ) (2668 0 -768 ) (2560 0 -768 ) (2560 576 -768 ) 
4 135 138 (2560 576 -768 ) (2560 0 -768 ) (2560 0 -680 ) (2560 576 -680 ) 
4 136 139 (2208 960 -680 ) (2144 960 -680 ) (2144 960 -704 ) (2208 960 -700.307617 ) 
3 136 138 (2560 960 -680 ) (2208 960 -680 ) (2208 960 -700.307617 ) 
4 136 137 (2144 960 -704 ) (2144 960 -680 ) (2144 1024 -680 ) (2144 1024 -704 ) 
4 137 153 (2048 1024 -680 ) (2048 1024 -768 ) (2048 960 -768 ) (2048 960 -680 ) 
4 137 145 (2048 1024 -768 ) (2144 1024 -768 ) (2144 960 -768 ) (2048 960 -768 ) 
4 137 141 (2048 960 -768 ) (2144 960 -768 ) (2144 960 -680 ) (2048 960 -680 ) 
4 138 151 (2208 0 -768 ) (2560 0 -768 ) (2560 0 -680 ) (2208 0 -680 ) 
4 138 146 (2560 960 -768 ) (2560 0 -768 ) (2208 0 -768 ) (2208 960 -768 ) 
4 138 139 (2208 960 -680 ) (2208 960 -704 ) (2208 448 -704 ) (2208 448 -680 ) 
4 138 140 (2208 448 -768 ) (2208 0 -768 ) (2208 0 -680 ) (2208 448 -680 ) 
4 139 140 (2144 448 -680 ) (2144 448 -704 ) (2208 448 -704 ) (2208 448 -680 ) 
4 139 141 (2144 960 -680 ) (2144 960 -704 ) (2144 448 -704 ) (2144 448 -680 ) 
4 140 151 (2144 0 -768 ) (2208 0 -768 ) (2208 0 -680 ) (2144 0 -680 ) 
4 140 147 (2208 0 -768 ) (2144 0 -768 ) (2144 448 -768 ) (2208 448 -768 ) 
4 140 141 (2144 448 -768 ) (2144 0 -768 ) (2144 0 -680 ) (2144 448 -680 ) 
4 141 153 (2048 960 -768 ) (2048 0 -768 ) (2048 0 -680 ) (2048 960 -680 ) 
4 141 151 (2048 0 -680 ) (2048 0 -768 ) (2144 0 -768 ) (2144 0 -680 ) 
4 141 148 (2144 0 -768 ) (2048 0 -768 ) (2048 960 -768 ) (2144 960 -768 ) 
4 142 152 (3072 0 -1024 ) (3072 0 -768 ) (3008 0 -768 ) (3008 0 -1024 ) 
4 142 143 (3008 576 -1024 ) (3008 0 -1024 ) (3008 0 -768 ) (3008 576 -768 ) 
4 143 152 (3008 0 -768 ) (2560 0 -768 ) (2560 0 -1024 ) (3008 0 -1024 ) 
4 143 146 (2560 576 -1024 ) (2560 0 -1024 ) (2560 0 -768 ) (2560 576 -768 ) 
4 144 146 (2208 960 -1024 ) (2560 960 -1024 ) (2560 960 -1000 ) (2208 960 -1020.307678 ) 
4 145 154 (2048 1024 -768 ) (2048 1024 -1024 ) (2048 960 -1024 ) (2048 960 -768 ) 
4 145 148 (2048 960 -1024 ) (2144 960 -1024 ) (2144 960 -768 ) (2048 960 -768 ) 
4 146 152 (2560 0 -768 ) (2208 0 -768 ) (2208 0 -1024 ) (2560 0 -1024 ) 
4 146 147 (2208 448 -1024 ) (2208 0 -1024 ) (2208 0 -768 ) (2208 448 -768 ) 
4 147 152 (2208 0 -768 ) (2144 0 -768 ) (2144 0 -1024 ) (2208 0 -1024 ) 
4 147 148 (2144 448 -1024 ) (2144 0 -1024 ) (2144 0 -768 ) (2144 448 -768 ) 
4 148 154 (2048 960 -1024 ) (2048 0 -1024 ) (2048 0 -768 ) (2048 960 -768 ) 
4 148 152 (2144 0 -768 ) (2048 0 -768 ) (2048 0 -1024 ) (2144 0 -1024 ) 
4 149 151 (3072 0 1024 ) (3072 0 -768 ) (3072 -1024 -768 ) (3072 -1024 1024 ) 
4 149 150 (4096 -1024 -768 ) (3072 -1024 -768 ) (3072 0 -768 ) (4096 0 -768 ) 
4 150 152 (3072 0 -768 ) (3072 0 -1024 ) (3072 -1024 -1024 ) (3072 -1024 -768 ) 
4 151 157 (2048 -1024 -768 ) (2048 -1024 1024 ) (2048 0 1024 ) (2048 0 -768 ) 
4 151 152 (3072 0 -768 ) (3072 -1024 -768 ) (2048 -1024 -768 ) (2048 0 -768 ) 
4 152 158 (2048 -1024 -1024 ) (2048 -1024 -768 ) (2048 0 -768 ) (2048 0 -1024 ) 
4 153 157 (2048 0 -768 ) (2048 0 1024 ) (1024 0 1024 ) (1024 0 -768 ) 
4 153 155 (1024 1024 1024 ) (1024 1024 -768 ) (1024 0 -768 ) (1024 0 1024 ) 
4 153 154 (2048 0 -768 ) (1024 0 -768 ) (1024 1024 -768 ) (2048 1024 -768 ) 
4 154 158 (2048 0 -1024 ) (2048 0 -768 ) (1024 0 -768 ) (1024 0 -1024 ) 
4 154 156 (1024 1024 -768 ) (1024 1024 -1024 ) (1024 0 -1024 ) (1024 0 -768 ) 
4 155 159 (1024 0 -768 ) (1024 0 1024 ) (0 0 1024 ) (0 0 -768 ) 
4 155 156 (0 1024 -768 ) (1024 1024 -768 ) (1024 0 -768 ) (0 0 -768 ) 
4 156 160 (1024 0 -1024 ) (1024 0 -768 ) (0 0 -768 ) (0 0 -1024 ) 
4 157 159 (1024 0 1024 ) (1024 0 -768 ) (1024 -1024 -768 ) (1024 -1024 1024 ) 
4 157 158 (2048 -1024 -768 ) (1024 -1024 -768 ) (1024 0 -768 ) (2048 0 -768 ) 
4 158 160 (1024 0 -768 ) (1024 0 -1024 ) (1024 -1024 -1024 ) (1024 -1024 -768 ) 
4 159 160 (1024 0 -768 ) (1024 -1024 -768 ) (0 -1024 -768 ) (0 0 -768 ) 
