PRT1
78
146
4 0 1 (6704.002441 3542 256 ) (6704.002441 3542 128 ) (6573.970703 3670 128 ) (6573.970703 3670 256 ) 
4 1 3 (6704 3542 128 ) (6832 3542 128 ) (6832 3542 256 ) (6704 3542 256 ) 
4 2 3 (6832 3415.998047 256 ) (6832 3415.998047 128 ) (6704 3541.998047 128 ) (6704 3541.998047 256 ) 
4 4 5 (6740 3072 240 ) (6740 3072 128 ) (6796 3072 128 ) (6796 3072 240 ) 
4 5 12 (7168 2048 -320 ) (7168 2048 2048 ) (6144 2048 2048 ) (6144 2048 -320 ) 
4 5 6 (6144 3072 2048 ) (6144 3072 -320 ) (6144 2048 -320 ) (6144 2048 2048 ) 
4 6 15 (5760 2048 32 ) (5120 2048 32 ) (5120 2048 -320 ) (5760 2048 -320 ) 
4 6 14 (6144 2048 -320 ) (6144 2048 32 ) (5760 2048 32 ) (5760 2048 -320 ) 
4 6 13 (6144 2048 32 ) (6144 2048 2048 ) (5120 2048 2048 ) (5120 2048 32 ) 
4 6 7 (5120 2048 -320 ) (5120 2048 2048 ) (5120 3072 2048 ) (5120 3072 -320 ) 
4 7 26 (5120 2048 -320 ) (5120 2048 32 ) (4096 2048 32 ) (4096 2048 -320 ) 
4 7 25 (5120 2048 32 ) (5120 2048 2048 ) (4096 2048 2048 ) (4096 2048 32 ) 
4 7 8 (4096 2048 -320 ) (4096 2048 2048 ) (4096 3072 2048 ) (4096 3072 -320 ) 
4 8 28 (4096 2048 -320 ) (4096 2048 2048 ) (3072 2048 2048 ) (3072 2048 -320 ) 
4 8 9 (3072 2048 -320 ) (3072 2048 2048 ) (3072 3072 2048 ) (3072 3072 -320 ) 
4 9 36 (3072 2048 -320 ) (3072 2048 2048 ) (2048 2048 2048 ) (2048 2048 -320 ) 
4 9 10 (2048 2048 -320 ) (2048 2048 2048 ) (2048 3072 2048 ) (2048 3072 -320 ) 
4 10 38 (2048 2048 -320 ) (2048 2048 2048 ) (1024 2048 2048 ) (1024 2048 -320 ) 
4 10 11 (1024 2048 -320 ) (1024 2048 2048 ) (1024 3072 2048 ) (1024 3072 -320 ) 
4 11 69 (0 2048 -320 ) (0 2048 2048 ) (0 3072 2048 ) (0 3072 -320 ) 
4 11 39 (1024 2048 -320 ) (1024 2048 2048 ) (0 2048 2048 ) (0 2048 -320 ) 
4 12 17 (7168 1024 -320 ) (7168 1024 2048 ) (6144 1024 2048 ) (6144 1024 -320 ) 
4 12 14 (6144 1024 -320 ) (6144 1024 32 ) (6144 2048 32 ) (6144 2048 -320 ) 
4 12 13 (6144 1024 32 ) (6144 1024 2048 ) (6144 2048 2048 ) (6144 2048 32 ) 
4 13 25 (5120 1024 32 ) (5120 1024 2048 ) (5120 2048 2048 ) (5120 2048 32 ) 
4 13 18 (6144 1024 32 ) (6144 1024 2048 ) (5120 1024 2048 ) (5120 1024 32 ) 
4 13 16 (5760 1792 32 ) (5760 1024 32 ) (5120 1024 32 ) (5120 1792 32 ) 
4 13 15 (5120 2048 32 ) (5760 2048 32 ) (5760 1792 32 ) (5120 1792 32 ) 
4 13 14 (5760 2048 32 ) (6144 2048 32 ) (6144 1024 32 ) (5760 1024 32 ) 
4 14 19 (6144 1024 -320 ) (6144 1024 32 ) (5760 1024 32 ) (5760 1024 -320 ) 
4 14 16 (5760 1792 -320 ) (5760 1024 -320 ) (5760 1024 32 ) (5760 1792 32 ) 
4 14 15 (5760 2048 -320 ) (5760 1792 -320 ) (5760 1792 32 ) (5760 2048 32 ) 
4 15 26 (5120 1792 32 ) (5120 2048 32 ) (5120 2048 -320 ) (5120 1792 -320 ) 
4 15 16 (5120 1792 -320 ) (5760 1792 -320 ) (5760 1792 32 ) (5120 1792 32 ) 
4 16 27 (5120 1024 -320 ) (5120 1024 32 ) (5120 1792 32 ) (5120 1792 -320 ) 
4 16 20 (5760 1024 32 ) (5120 1024 32 ) (5120 1024 -320 ) (5760 1024 -320 ) 
4 17 21 (7168 0 -320 ) (7168 0 2048 ) (6144 0 2048 ) (6144 0 -320 ) 
4 17 19 (6144 1024 32 ) (6144 1024 -320 ) (6144 0 -320 ) (6144 0 32 ) 
4 17 18 (6144 1024 2048 ) (6144 1024 32 ) (6144 0 32 ) (6144 0 2048 ) 
4 18 29 (5120 0 32 ) (5120 0 2048 ) (5120 1024 2048 ) (5120 1024 32 ) 
4 18 22 (6144 0 32 ) (6144 0 2048 ) (5120 0 2048 ) (5120 0 32 ) 
4 18 20 (5760 0 32 ) (5120 0 32 ) (5120 1024 32 ) (5760 1024 32 ) 
4 18 19 (6144 1024 32 ) (6144 0 32 ) (5760 0 32 ) (5760 1024 32 ) 
4 19 22 (6144 0 -320 ) (6144 0 32 ) (5760 0 32 ) (5760 0 -320 ) 
4 19 20 (5760 1024 -320 ) (5760 0 -320 ) (5760 0 32 ) (5760 1024 32 ) 
4 20 30 (5120 0 -320 ) (5120 0 32 ) (5120 1024 32 ) (5120 1024 -320 ) 
4 20 22 (5760 0 32 ) (5120 0 32 ) (5120 0 -320 ) (5760 0 -320 ) 
4 21 23 (7168 -1024 -320 ) (7168 -1024 2048 ) (6144 -1024 2048 ) (6144 -1024 -320 ) 
4 21 22 (6144 0 2048 ) (6144 0 -320 ) (6144 -1024 -320 ) (6144 -1024 2048 ) 
4 22 32 (5120 -1024 -320 ) (5120 -1024 2048 ) (5120 0 2048 ) (5120 0 -320 ) 
4 22 24 (6144 -1024 -320 ) (6144 -1024 2048 ) (5120 -1024 2048 ) (5120 -1024 -320 ) 
4 23 48 (7168 -2048 -320 ) (7168 -2048 2048 ) (6144 -2048 2048 ) (6144 -2048 -320 ) 
4 23 24 (6144 -1024 2048 ) (6144 -1024 -320 ) (6144 -2048 -320 ) (6144 -2048 2048 ) 
4 24 49 (6144 -2048 -320 ) (6144 -2048 2048 ) (5120 -2048 2048 ) (5120 -2048 -320 ) 
4 24 34 (5120 -2048 -320 ) (5120 -2048 2048 ) (5120 -1024 2048 ) (5120 -1024 -320 ) 
4 25 29 (5120 1024 32 ) (5120 1024 2048 ) (4096 1024 2048 ) (4096 1024 32 ) 
4 25 28 (4096 1024 32 ) (4096 1024 2048 ) (4096 2048 2048 ) (4096 2048 32 ) 
4 25 27 (5120 1024 32 ) (4096 1024 32 ) (4096 1792 32 ) (5120 1792 32 ) 
4 25 26 (4096 1792 32 ) (4096 2048 32 ) (5120 2048 32 ) (5120 1792 32 ) 
4 26 28 (4096 1792 32 ) (4096 2048 32 ) (4096 2048 -320 ) (4096 1792 -320 ) 
4 26 27 (4096 1792 -320 ) (5120 1792 -320 ) (5120 1792 32 ) (4096 1792 32 ) 
4 27 30 (5120 1024 -320 ) (5120 1024 32 ) (4096 1024 32 ) (4096 1024 -320 ) 
4 27 28 (4096 1024 -320 ) (4096 1024 32 ) (4096 1792 32 ) (4096 1792 -320 ) 
4 28 36 (3072 2048 2048 ) (3072 2048 -320 ) (3072 1024 -320 ) (3072 1024 2048 ) 
4 28 31 (3072 1024 2048 ) (3072 1024 -320 ) (4096 1024 -320 ) (4096 1024 2048 ) 
4 29 32 (5120 0 32 ) (5120 0 2048 ) (4096 0 2048 ) (4096 0 32 ) 
4 29 31 (4096 1024 2048 ) (4096 1024 32 ) (4096 0 32 ) (4096 0 2048 ) 
4 29 30 (4096 1024 32 ) (5120 1024 32 ) (5120 0 32 ) (4096 0 32 ) 
4 30 32 (5120 0 -320 ) (5120 0 32 ) (4096 0 32 ) (4096 0 -320 ) 
4 30 31 (4096 1024 32 ) (4096 1024 -320 ) (4096 0 -320 ) (4096 0 32 ) 
4 31 37 (3072 0 -320 ) (3072 0 2048 ) (3072 1024 2048 ) (3072 1024 -320 ) 
4 31 33 (4096 0 -320 ) (4096 0 2048 ) (3072 0 2048 ) (3072 0 -320 ) 
4 32 34 (5120 -1024 -320 ) (5120 -1024 2048 ) (4096 -1024 2048 ) (4096 -1024 -320 ) 
4 32 33 (4096 -1024 -320 ) (4096 -1024 2048 ) (4096 0 2048 ) (4096 0 -320 ) 
4 33 42 (3072 -1024 -320 ) (3072 -1024 2048 ) (3072 0 2048 ) (3072 0 -320 ) 
4 33 35 (3072 -1024 2048 ) (3072 -1024 -320 ) (4096 -1024 -320 ) (4096 -1024 2048 ) 
4 34 54 (5120 -2048 -320 ) (5120 -2048 2048 ) (4096 -2048 2048 ) (4096 -2048 -320 ) 
4 34 35 (4096 -1024 2048 ) (4096 -1024 -320 ) (4096 -2048 -320 ) (4096 -2048 2048 ) 
4 35 55 (4096 -2048 -320 ) (4096 -2048 2048 ) (3072 -2048 2048 ) (3072 -2048 -320 ) 
4 35 43 (3072 -2048 -320 ) (3072 -2048 2048 ) (3072 -1024 2048 ) (3072 -1024 -320 ) 
4 36 38 (2048 2048 2048 ) (2048 2048 -320 ) (2048 1024 -320 ) (2048 1024 2048 ) 
4 36 37 (3072 1024 -320 ) (3072 1024 2048 ) (2048 1024 2048 ) (2048 1024 -320 ) 
4 37 42 (3072 0 -320 ) (3072 0 2048 ) (2048 0 2048 ) (2048 0 -320 ) 
4 37 40 (2048 0 -320 ) (2048 0 2048 ) (2048 1024 2048 ) (2048 1024 -320 ) 
4 38 40 (2048 1024 -320 ) (2048 1024 2048 ) (1024 1024 2048 ) (1024 1024 -320 ) 
4 38 39 (1024 2048 2048 ) (1024 2048 -320 ) (1024 1024 -320 ) (1024 1024 2048 ) 
4 39 71 (0 1024 -320 ) (0 1024 2048 ) (0 2048 2048 ) (0 2048 -320 ) 
4 39 41 (1024 1024 -320 ) (1024 1024 2048 ) (0 1024 2048 ) (0 1024 -320 ) 
4 40 44 (2048 0 -320 ) (2048 0 2048 ) (1024 0 2048 ) (1024 0 -320 ) 
4 40 41 (1024 1024 2048 ) (1024 1024 -320 ) (1024 0 -320 ) (1024 0 2048 ) 
4 41 72 (0 0 -320 ) (0 0 2048 ) (0 1024 2048 ) (0 1024 -320 ) 
4 41 45 (1024 0 -320 ) (1024 0 2048 ) (0 0 2048 ) (0 0 -320 ) 
4 42 44 (2048 0 2048 ) (2048 0 -320 ) (2048 -1024 -320 ) (2048 -1024 2048 ) 
4 42 43 (3072 -1024 -320 ) (3072 -1024 2048 ) (2048 -1024 2048 ) (2048 -1024 -320 ) 
4 43 58 (3072 -2048 -320 ) (3072 -2048 2048 ) (2048 -2048 2048 ) (2048 -2048 -320 ) 
4 43 46 (2048 -2048 -320 ) (2048 -2048 2048 ) (2048 -1024 2048 ) (2048 -1024 -320 ) 
4 44 46 (2048 -1024 -320 ) (2048 -1024 2048 ) (1024 -1024 2048 ) (1024 -1024 -320 ) 
4 44 45 (1024 0 2048 ) (1024 0 -320 ) (1024 -1024 -320 ) (1024 -1024 2048 ) 
4 45 73 (0 -1024 -320 ) (0 -1024 2048 ) (0 0 2048 ) (0 0 -320 ) 
4 45 47 (1024 -1024 -320 ) (1024 -1024 2048 ) (0 -1024 2048 ) (0 -1024 -320 ) 
4 46 60 (2048 -2048 -320 ) (2048 -2048 2048 ) (1024 -2048 2048 ) (1024 -2048 -320 ) 
4 46 47 (1024 -1024 2048 ) (1024 -1024 -320 ) (1024 -2048 -320 ) (1024 -2048 2048 ) 
4 47 74 (0 -2048 -320 ) (0 -2048 2048 ) (0 -1024 2048 ) (0 -1024 -320 ) 
4 47 61 (0 -2048 2048 ) (0 -2048 -320 ) (1024 -2048 -320 ) (1024 -2048 2048 ) 
4 48 50 (7168 -3072 -320 ) (7168 -3072 2048 ) (6144 -3072 2048 ) (6144 -3072 -320 ) 
4 48 49 (6144 -2048 2048 ) (6144 -2048 -320 ) (6144 -3072 -320 ) (6144 -3072 2048 ) 
4 49 54 (5120 -2048 2048 ) (5120 -2048 -320 ) (5120 -3072 -320 ) (5120 -3072 2048 ) 
4 49 51 (6144 -3072 -320 ) (6144 -3072 2048 ) (5120 -3072 2048 ) (5120 -3072 -320 ) 
4 50 52 (7168 -4096 -320 ) (7168 -4096 2048 ) (6144 -4096 2048 ) (6144 -4096 -320 ) 
4 50 51 (6144 -3072 2048 ) (6144 -3072 -320 ) (6144 -4096 -320 ) (6144 -4096 2048 ) 
4 51 56 (5120 -4096 -320 ) (5120 -4096 2048 ) (5120 -3072 2048 ) (5120 -3072 -320 ) 
4 51 53 (6144 -4096 -320 ) (6144 -4096 2048 ) (5120 -4096 2048 ) (5120 -4096 -320 ) 
4 52 53 (6144 -4096 2048 ) (6144 -4096 -320 ) (6144 -5120 -320 ) (6144 -5120 2048 ) 
4 53 64 (5120 -5120 -320 ) (5120 -5120 2048 ) (5120 -4096 2048 ) (5120 -4096 -320 ) 
4 54 56 (5120 -3072 -320 ) (5120 -3072 2048 ) (4096 -3072 2048 ) (4096 -3072 -320 ) 
4 54 55 (4096 -2048 2048 ) (4096 -2048 -320 ) (4096 -3072 -320 ) (4096 -3072 2048 ) 
4 55 58 (3072 -2048 2048 ) (3072 -2048 -320 ) (3072 -3072 -320 ) (3072 -3072 2048 ) 
4 55 57 (4096 -3072 -320 ) (4096 -3072 2048 ) (3072 -3072 2048 ) (3072 -3072 -320 ) 
4 56 64 (5120 -4096 -320 ) (5120 -4096 2048 ) (4096 -4096 2048 ) (4096 -4096 -320 ) 
4 56 57 (4096 -3072 2048 ) (4096 -3072 -320 ) (4096 -4096 -320 ) (4096 -4096 2048 ) 
4 57 65 (4096 -4096 -320 ) (4096 -4096 2048 ) (3072 -4096 2048 ) (3072 -4096 -320 ) 
4 57 59 (3072 -4096 -320 ) (3072 -4096 2048 ) (3072 -3072 2048 ) (3072 -3072 -320 ) 
4 58 60 (2048 -3072 -320 ) (2048 -3072 2048 ) (2048 -2048 2048 ) (2048 -2048 -320 ) 
4 58 59 (3072 -3072 -320 ) (3072 -3072 2048 ) (2048 -3072 2048 ) (2048 -3072 -320 ) 
4 59 66 (3072 -4096 -320 ) (3072 -4096 2048 ) (2048 -4096 2048 ) (2048 -4096 -320 ) 
4 59 62 (2048 -4096 -320 ) (2048 -4096 2048 ) (2048 -3072 2048 ) (2048 -3072 -320 ) 
4 60 62 (2048 -3072 -320 ) (2048 -3072 2048 ) (1024 -3072 2048 ) (1024 -3072 -320 ) 
4 60 61 (1024 -3072 -320 ) (1024 -3072 2048 ) (1024 -2048 2048 ) (1024 -2048 -320 ) 
4 61 75 (0 -3072 -320 ) (0 -3072 2048 ) (0 -2048 2048 ) (0 -2048 -320 ) 
4 61 63 (1024 -3072 -320 ) (1024 -3072 2048 ) (0 -3072 2048 ) (0 -3072 -320 ) 
4 62 67 (2048 -4096 -320 ) (2048 -4096 2048 ) (1024 -4096 2048 ) (1024 -4096 -320 ) 
4 62 63 (1024 -3072 2048 ) (1024 -3072 -320 ) (1024 -4096 -320 ) (1024 -4096 2048 ) 
4 63 76 (0 -4096 -320 ) (0 -4096 2048 ) (0 -3072 2048 ) (0 -3072 -320 ) 
4 63 68 (0 -4096 2048 ) (0 -4096 -320 ) (1024 -4096 -320 ) (1024 -4096 2048 ) 
4 64 65 (4096 -4096 2048 ) (4096 -4096 -320 ) (4096 -5120 -320 ) (4096 -5120 2048 ) 
4 65 66 (3072 -4096 2048 ) (3072 -4096 -320 ) (3072 -5120 -320 ) (3072 -5120 2048 ) 
4 66 67 (2048 -4096 2048 ) (2048 -4096 -320 ) (2048 -5120 -320 ) (2048 -5120 2048 ) 
4 67 68 (1024 -5120 -320 ) (1024 -5120 2048 ) (1024 -4096 2048 ) (1024 -4096 -320 ) 
4 68 77 (0 -5120 -320 ) (0 -5120 2048 ) (0 -4096 2048 ) (0 -4096 -320 ) 
4 69 71 (0 2048 -320 ) (0 2048 2048 ) (-1024 2048 2048 ) (-1024 2048 -320 ) 
4 71 72 (0 1024 -320 ) (0 1024 2048 ) (-1024 1024 2048 ) (-1024 1024 -320 ) 
4 72 73 (0 0 -320 ) (0 0 2048 ) (-1024 0 2048 ) (-1024 0 -320 ) 
4 73 74 (0 -1024 -320 ) (0 -1024 2048 ) (-1024 -1024 2048 ) (-1024 -1024 -320 ) 
4 74 75 (0 -2048 -320 ) (0 -2048 2048 ) (-1024 -2048 2048 ) (-1024 -2048 -320 ) 
4 75 76 (0 -3072 -320 ) (0 -3072 2048 ) (-1024 -3072 2048 ) (-1024 -3072 -320 ) 
4 76 77 (0 -4096 -320 ) (0 -4096 2048 ) (-1024 -4096 2048 ) (-1024 -4096 -320 ) 
