PRT1
279
725
4 0 181 (384 0 -64 ) (384 0 -124.885002 ) (447.125000 0 -124.885002 ) (447.125000 0 -64 ) 
4 0 175 (384 0 0 ) (384 0 -64 ) (447.125000 0 -64 ) (447.125000 0 0 ) 
4 0 147 (384 0 168 ) (384 0 0 ) (447.125000 0 0 ) (447.125000 0 168 ) 
4 0 136 (447.125000 0 510.700043 ) (384 0 510.700043 ) (384 0 168 ) (447.125000 0 168 ) 
4 0 33 (447.125000 512 -124.885002 ) (447.125000 0 -124.885002 ) (384 0 -124.885002 ) (384 512 -124.885002 ) 
4 0 32 (447.125000 766 -124.885002 ) (447.125000 512 -124.885002 ) (384 512 -124.885002 ) (384 766 -124.885002 ) 
4 0 30 (384 766 -124.885002 ) (384 512 -124.885002 ) (384 512 -64 ) (384 766 -64 ) 
4 0 29 (384 272 0 ) (384 416 0 ) (384 416 -64 ) (384 272 -64 ) 
4 0 26 (384 416 0 ) (384 496 0 ) (384 496 -64 ) (384 416 -64 ) 
4 0 24 (384 496 0 ) (384 766 0 ) (384 766 -64 ) (384 496 -64 ) 
4 0 18 (384 496 40 ) (384 766 40 ) (384 766 0 ) (384 496 0 ) 
4 0 17 (384 64 128 ) (384 128 128 ) (384 128 40 ) (384 64 40 ) 
4 0 16 (384 352 128 ) (384 416 128 ) (384 416 40 ) (384 352 40 ) 
4 0 15 (384 496 128 ) (384 766 128 ) (384 766 40 ) (384 496 40 ) 
4 0 14 (384 496 168 ) (384 766 168 ) (384 766 128 ) (384 496 128 ) 
4 0 13 (384 0 192 ) (384 0 240 ) (384 128 240 ) (384 128 192 ) 
4 0 12 (384 272 240 ) (384 496 240 ) (384 496 232 ) (384 272 232 ) 
4 0 11 (384 496 240 ) (384 766 240 ) (384 766 168 ) (384 496 168 ) 
4 0 7 (384 0 240 ) (384 0 360 ) (384 112 360 ) (384 112 240 ) 
4 0 6 (384 272 360 ) (384 766 360 ) (384 766 240 ) (384 272 240 ) 
4 0 5 (384 0 360 ) (384 0 400 ) (384 112 400 ) (384 112 360 ) 
4 0 4 (384 256 400 ) (384 766 400 ) (384 766 360 ) (384 256 360 ) 
4 0 2 (384 112 510.700043 ) (384 272 510.700043 ) (384 272 416 ) (384 112 416 ) 
4 0 1 (384 272 510.700043 ) (384 766 510.700043 ) (384 766 400 ) (384 272 400 ) 
4 0 3 (384 0 400 ) (384 0 510.700043 ) (384 112 510.700043 ) (384 112 400 ) 
4 1 43 (256 766 400 ) (256 272 400 ) (256 272 510.700043 ) (256 766 510.700043 ) 
4 1 8 (256 272 400 ) (256 766 400 ) (368 766 400 ) (368 272 400 ) 
4 1 4 (368 766 400 ) (384 766 400 ) (384 272 400 ) (368 272 400 ) 
4 1 2 (384 272 416 ) (384 272 510.700043 ) (256 272 510.700043 ) (256 272 416 ) 
4 2 44 (256 112 416 ) (256 112 510.700043 ) (256 272 510.700043 ) (256 272 416 ) 
4 2 3 (384 112 416 ) (384 112 510.700043 ) (256 112 510.700043 ) (256 112 416 ) 
4 3 137 (256 0 510.700043 ) (256 0 400 ) (384 0 400 ) (384 0 510.700043 ) 
4 3 45 (256 112 400 ) (256 0 400 ) (256 0 510.700043 ) (256 112 510.700043 ) 
4 3 10 (256 0 400 ) (256 112 400 ) (368 112 400 ) (368 0 400 ) 
4 3 5 (368 112 400 ) (384 112 400 ) (384 0 400 ) (368 0 400 ) 
4 4 8 (368 272 400 ) (368 766 400 ) (368 766 360 ) (368 272 360 ) 
4 4 6 (368 272 360 ) (368 766 360 ) (384 766 360 ) (384 272 360 ) 
4 5 137 (384 0 360 ) (384 0 400 ) (368 0 400 ) (368 0 360 ) 
4 5 10 (368 0 360 ) (368 0 400 ) (368 112 400 ) (368 112 360 ) 
4 5 7 (368 0 360 ) (368 112 360 ) (384 112 360 ) (384 0 360 ) 
4 6 12 (384 496 240 ) (384 272 240 ) (368 272 240 ) (368 496 240 ) 
4 6 11 (384 766 240 ) (384 496 240 ) (368 496 240 ) (368 766 240 ) 
4 6 8 (368 766 240 ) (368 272 240 ) (368 272 360 ) (368 766 360 ) 
4 7 137 (368 0 240 ) (384 0 240 ) (384 0 360 ) (368 0 360 ) 
4 7 13 (384 112 240 ) (384 0 240 ) (368 0 240 ) (368 112 240 ) 
4 7 10 (368 112 240 ) (368 0 240 ) (368 0 360 ) (368 112 360 ) 
4 8 46 (256 766 240 ) (256 272 240 ) (256 272 400 ) (256 766 400 ) 
4 8 12 (256 272 240 ) (256 496 240 ) (368 496 240 ) (368 272 240 ) 
4 8 11 (256 496 240 ) (256 766 240 ) (368 766 240 ) (368 496 240 ) 
4 9 47 (256 256 240 ) (256 128 240 ) (256 128 400 ) (256 256 400 ) 
4 10 137 (256 0 400 ) (256 0 240 ) (368 0 240 ) (368 0 400 ) 
4 10 49 (256 112 240 ) (256 0 240 ) (256 0 400 ) (256 112 400 ) 
4 10 13 (256 0 240 ) (256 112 240 ) (368 112 240 ) (368 0 240 ) 
4 11 52 (256 766 168 ) (256 496 168 ) (256 496 240 ) (256 766 240 ) 
4 11 19 (256 496 168 ) (256 766 168 ) (368 766 168 ) (368 496 168 ) 
4 11 14 (368 766 168 ) (384 766 168 ) (384 496 168 ) (368 496 168 ) 
4 11 12 (384 496 232 ) (384 496 240 ) (256 496 240 ) (256 496 232 ) 
4 12 53 (256 272 232 ) (256 272 240 ) (256 496 240 ) (256 496 232 ) 
4 13 139 (256 0 240 ) (256 0 192 ) (384 0 192 ) (384 0 240 ) 
4 14 19 (368 496 168 ) (368 766 168 ) (368 766 128 ) (368 496 128 ) 
4 14 15 (368 496 128 ) (368 766 128 ) (384 766 128 ) (384 496 128 ) 
4 15 19 (368 496 128 ) (368 766 128 ) (368 766 40 ) (368 496 40 ) 
4 15 18 (368 496 40 ) (368 766 40 ) (384 766 40 ) (384 496 40 ) 
4 16 20 (368 352 128 ) (368 416 128 ) (368 416 40 ) (368 352 40 ) 
4 17 23 (368 64 128 ) (368 128 128 ) (368 128 40 ) (368 64 40 ) 
4 18 24 (384 766 0 ) (384 496 0 ) (368 496 0 ) (368 766 0 ) 
4 18 19 (368 766 0 ) (368 496 0 ) (368 496 40 ) (368 766 40 ) 
4 19 56 (256 766 0 ) (256 496 0 ) (256 496 168 ) (256 766 168 ) 
4 19 25 (256 512 0 ) (256 766 0 ) (368 766 0 ) (368 512 0 ) 
4 20 57 (256 480 0 ) (256 272 0 ) (256 272 168 ) (256 480 168 ) 
4 20 27 (267.066986 480 0 ) (308.049988 480 0 ) (308.049988 416 0 ) (267.066986 416 0 ) 
4 20 21 (280 272 0 ) (336 272 0 ) (336 272 112 ) (280 272 112 ) 
4 21 23 (280 256 0 ) (336 256 0 ) (336 256 112 ) (280 256 112 ) 
4 22 152 (256 0 168 ) (256 0 160 ) (286 0 160 ) (286 0 168 ) 
4 22 59 (256 192 168 ) (256 256 168 ) (256 256 160 ) (256 192 160 ) 
4 23 153 (256 0 156 ) (256 0 0 ) (368 0 0 ) (368 0 156 ) 
4 23 66 (256 192 0 ) (256 128 0 ) (256 128 156 ) (256 192 156 ) 
4 23 65 (256 256 0 ) (256 192 0 ) (256 192 156 ) (256 256 156 ) 
5 23 28 (256 104 0 ) (296 112 0 ) (312 104 0 ) (304 56 0 ) (264 72 0 ) 
4 24 30 (368 766 -64 ) (384 766 -64 ) (384 512 -64 ) (368 512 -64 ) 
4 24 26 (368 496 -64 ) (384 496 -64 ) (384 496 0 ) (368 496 0 ) 
4 24 25 (368 766 0 ) (368 766 -64 ) (368 512 -64 ) (368 512 0 ) 
4 25 68 (256 766 -64 ) (256 512 -64 ) (256 512 0 ) (256 766 0 ) 
4 25 30 (256 512 -64 ) (256 766 -64 ) (368 766 -64 ) (368 512 -64 ) 
4 26 29 (368 416 -64 ) (384 416 -64 ) (384 416 0 ) (368 416 0 ) 
4 27 31 (267.066986 496 -64 ) (308.049988 496 -64 ) (308.049988 416 -64 ) (267.066986 416 -64 ) 
5 28 31 (256 104 -64 ) (296 112 -64 ) (312 104 -64 ) (304 56 -64 ) (264 72 -64 ) 
4 30 68 (256 766 -124.885002 ) (256 512 -124.885002 ) (256 512 -64 ) (256 766 -64 ) 
4 30 37 (256 512 -124.885002 ) (256 766 -124.885002 ) (320 766 -124.885002 ) (320 512 -124.885002 ) 
4 30 32 (320 766 -124.885002 ) (384 766 -124.885002 ) (384 512 -124.885002 ) (320 512 -124.885002 ) 
4 31 182 (256 0 -64 ) (256 0 -124.885002 ) (312.523010 0 -124.885002 ) (312.523010 0 -64 ) 
4 31 82 (256 0 -65.100098 ) (256 0 -64 ) (256 128 -64 ) (256 128 -65.100098 ) 
4 31 73 (256 128 -65.100098 ) (256 128 -64 ) (256 496 -64 ) (256 496 -65.100098 ) 
4 31 38 (256 0 -124.885002 ) (256 496 -124.885002 ) (312.523010 496 -124.885002 ) (312.523010 0 -124.885002 ) 
4 32 42 (320 766 -160 ) (320 766 -318.700012 ) (320 512 -318.700012 ) (320 512 -160 ) 
4 32 39 (320 766 -128 ) (320 766 -160 ) (320 512 -160 ) (320 512 -128 ) 
4 32 37 (320 512 -124.885002 ) (320 766 -124.885002 ) (320 766 -128 ) (320 512 -128 ) 
4 32 34 (368 512 -160 ) (384 512 -160 ) (384 512 -148.774994 ) (368 512 -148.774994 ) 
4 32 36 (320 512 -160 ) (320 512 -318.700012 ) (384 512 -318.700012 ) (384 512 -160 ) 
4 32 33 (384 512 -318.700012 ) (447.125000 512 -318.700012 ) (447.125000 512 -124.885002 ) (384 512 -124.885002 ) 
4 33 189 (447.125000 0 -124.885002 ) (384 0 -124.885002 ) (384 0 -318.700012 ) (447.125000 0 -318.700012 ) 
4 33 34 (384 512 -148.774994 ) (384 512 -160 ) (384 0 -160 ) (384 0 -148.774994 ) 
4 33 36 (384 512 -160 ) (384 512 -318.700012 ) (384 0 -318.700012 ) (384 0 -160 ) 
4 34 190 (368 0 -148.774994 ) (368 0 -153.696014 ) (384 0 -153.696014 ) (384 0 -148.774994 ) 
4 34 193 (368 0 -153.696014 ) (368 0 -160 ) (384 0 -160 ) (384 0 -153.696014 ) 
4 34 35 (368 496 -160 ) (368 0 -160 ) (368 0 -148.774994 ) (368 496 -148.774994 ) 
4 34 36 (368 512 -160 ) (384 512 -160 ) (384 0 -160 ) (368 0 -160 ) 
4 35 190 (320 0 -148.774994 ) (320 0 -153.696014 ) (368 0 -153.696014 ) (368 0 -148.774994 ) 
4 35 193 (320 0 -153.696014 ) (320 0 -160 ) (368 0 -160 ) (368 0 -153.696014 ) 
4 35 40 (320 0 -160 ) (320 0 -148.774994 ) (320 496 -148.774994 ) (320 496 -160 ) 
4 35 36 (320 0 -160 ) (320 496 -160 ) (368 496 -160 ) (368 0 -160 ) 
4 36 193 (320 0 -160 ) (320 0 -318.700012 ) (384 0 -318.700012 ) (384 0 -160 ) 
4 36 42 (320 0 -318.700012 ) (320 0 -160 ) (320 512 -160 ) (320 512 -318.700012 ) 
4 37 68 (256 766 -128 ) (256 512 -128 ) (256 512 -124.885002 ) (256 766 -124.885002 ) 
4 37 39 (256 512 -128 ) (256 766 -128 ) (320 766 -128 ) (320 512 -128 ) 
4 38 195 (312.523010 0 -124.885002 ) (256 0 -124.885002 ) (256 0 -128 ) (312.523010 0 -128 ) 
4 38 41 (256 0 -128 ) (256 496 -128 ) (312.523010 496 -128 ) (312.523010 0 -128 ) 
4 39 68 (256 766 -160 ) (256 512 -160 ) (256 512 -128 ) (256 766 -128 ) 
4 39 42 (256 512 -160 ) (256 766 -160 ) (320 766 -160 ) (320 512 -160 ) 
4 40 202 (320 0 -160 ) (320 0 -148.774994 ) (312.523010 0 -148.774994 ) (312.523010 0 -160 ) 
4 40 42 (312.523010 496 -160 ) (320 496 -160 ) (320 0 -160 ) (312.523010 0 -160 ) 
4 40 41 (312.523010 496 -148.774994 ) (312.523010 496 -160 ) (312.523010 0 -160 ) (312.523010 0 -148.774994 ) 
4 41 202 (256 0 -148.774994 ) (256 0 -160 ) (312.523010 0 -160 ) (312.523010 0 -148.774994 ) 
4 41 199 (312.523010 0 -128 ) (256 0 -128 ) (256 0 -148.774994 ) (312.523010 0 -148.774994 ) 
4 41 84 (256 128 -160 ) (256 0 -160 ) (256 0 -149.876007 ) (256 128 -149.876007 ) 
4 41 74 (256 496 -160 ) (256 128 -160 ) (256 128 -149.876007 ) (256 496 -149.876007 ) 
4 41 42 (256 0 -160 ) (256 496 -160 ) (312.523010 496 -160 ) (312.523010 0 -160 ) 
4 42 209 (320 0 -318.700012 ) (320 0 -160 ) (256 0 -160 ) (256 0 -318.700012 ) 
4 42 84 (256 128 -318.700012 ) (256 0 -318.700012 ) (256 0 -160 ) (256 128 -160 ) 
4 42 74 (256 496 -318.700012 ) (256 128 -318.700012 ) (256 128 -160 ) (256 496 -160 ) 
4 42 69 (256 512 -318.700012 ) (256 496 -318.700012 ) (256 496 -160 ) (256 512 -160 ) 
4 42 68 (256 766 -318.700012 ) (256 512 -318.700012 ) (256 512 -160 ) (256 766 -160 ) 
4 43 85 (0 272 510.700043 ) (0 766 510.700043 ) (0 766 400 ) (0 272 400 ) 
4 43 46 (0 272 400 ) (0 766 400 ) (256 766 400 ) (256 272 400 ) 
4 43 44 (256 272 416 ) (256 272 510.700043 ) (0 272 510.700043 ) (0 272 416 ) 
4 44 107 (0 112 510.700043 ) (0 128 510.700043 ) (0 128 416 ) (0 112 416 ) 
4 44 91 (0 128 510.700043 ) (0 256 510.700043 ) (0 256 416 ) (0 128 416 ) 
4 44 86 (0 256 510.700043 ) (0 272 510.700043 ) (0 272 416 ) (0 256 416 ) 
4 44 45 (256 112 416 ) (256 112 510.700043 ) (0 112 510.700043 ) (0 112 416 ) 
4 45 137 (256 0 400 ) (256 0 510.700043 ) (0 0 510.700043 ) (0 0 400 ) 
4 45 113 (0 96 510.700043 ) (0 112 510.700043 ) (0 112 400 ) (0 96 400 ) 
4 45 114 (0 0 400 ) (0 0 510.700043 ) (0 96 510.700043 ) (0 96 400 ) 
4 45 50 (0 96 400 ) (0 112 400 ) (16 112 400 ) (16 96 400 ) 
4 45 51 (0 0 400 ) (0 96 400 ) (16 96 400 ) (16 0 400 ) 
4 45 49 (16 112 400 ) (256 112 400 ) (256 0 400 ) (16 0 400 ) 
4 46 85 (0 272 400 ) (0 766 400 ) (0 766 240 ) (0 272 240 ) 
4 46 53 (256 496 240 ) (256 272 240 ) (96 272 240 ) (96 496 240 ) 
4 46 52 (256 766 240 ) (256 496 240 ) (96 496 240 ) (96 766 240 ) 
4 46 54 (96 272 240 ) (0 272 240 ) (0 766 240 ) (96 766 240 ) 
4 47 97 (0 256 272 ) (0 256 240 ) (0 128 240 ) (0 128 272 ) 
4 47 96 (0 160 272 ) (0 128 272 ) (0 128 360 ) (0 160 360 ) 
4 47 94 (0 224 272 ) (0 160 272 ) (0 160 360 ) (0 224 360 ) 
4 47 93 (0 256 360 ) (0 256 272 ) (0 224 272 ) (0 224 360 ) 
4 47 92 (0 128 400 ) (0 256 400 ) (0 256 360 ) (0 128 360 ) 
4 47 55 (256 256 240 ) (256 192 240 ) (96 192 240 ) (96 256 240 ) 
4 47 48 (0 128 240 ) (16 128 240 ) (16 128 360 ) (0 128 360 ) 
4 48 109 (0 128 360 ) (0 128 240 ) (0 112 240 ) (0 112 360 ) 
4 49 137 (256 0 240 ) (256 0 400 ) (16 0 400 ) (16 0 240 ) 
4 49 50 (16 112 400 ) (16 112 360 ) (16 96 360 ) (16 96 400 ) 
4 49 51 (16 96 240 ) (16 0 240 ) (16 0 400 ) (16 96 400 ) 
4 50 113 (0 96 400 ) (0 112 400 ) (0 112 360 ) (0 96 360 ) 
4 50 51 (16 96 360 ) (16 96 400 ) (0 96 400 ) (0 96 360 ) 
4 51 137 (16 0 400 ) (0 0 400 ) (0 0 240 ) (16 0 240 ) 
4 51 114 (0 0 240 ) (0 0 400 ) (0 96 400 ) (0 96 240 ) 
4 52 56 (96 766 168 ) (256 766 168 ) (256 496 168 ) (96 496 168 ) 
4 52 53 (96 496 240 ) (96 496 232 ) (256 496 232 ) (256 496 240 ) 
4 52 54 (96 766 240 ) (96 766 168 ) (96 496 168 ) (96 496 240 ) 
4 53 54 (96 272 232 ) (96 272 240 ) (96 496 240 ) (96 496 232 ) 
4 54 99 (0 272 240 ) (0 766 240 ) (0 766 168 ) (0 272 168 ) 
4 54 58 (0 272 168 ) (0 496 168 ) (96 496 168 ) (96 272 168 ) 
4 54 56 (0 496 168 ) (0 766 168 ) (96 766 168 ) (96 496 168 ) 
4 55 59 (256 256 168 ) (256 192 168 ) (98 192 168 ) (98 256 168 ) 
4 56 100 (0 496 168 ) (0 766 168 ) (0 766 0 ) (0 496 0 ) 
4 56 70 (0 496 0 ) (0 512 0 ) (112 512 0 ) (112 496 0 ) 
4 56 68 (0 512 0 ) (0 766 0 ) (256 766 0 ) (256 512 0 ) 
4 56 58 (0 496 0 ) (96 496 0 ) (96 496 168 ) (0 496 168 ) 
4 58 100 (0 272 168 ) (0 496 168 ) (0 496 0 ) (0 272 0 ) 
4 58 72 (0 272 0 ) (0 416 0 ) (96 416 0 ) (96 272 0 ) 
4 58 71 (0 416 0 ) (0 496 0 ) (96 496 0 ) (96 416 0 ) 
4 59 65 (98 256 160 ) (256 256 160 ) (256 192 160 ) (98 192 160 ) 
4 59 63 (130 192 160 ) (158 192 160 ) (158 192 168 ) (130 192 168 ) 
4 59 64 (98 192 160 ) (126 192 160 ) (126 192 168 ) (98 192 168 ) 
4 59 62 (162 192 160 ) (190 192 160 ) (190 192 168 ) (162 192 168 ) 
4 59 61 (194 192 160 ) (222 192 160 ) (222 192 168 ) (194 192 168 ) 
4 59 60 (226 192 160 ) (252 192 160 ) (252 192 168 ) (226 192 168 ) 
4 65 67 (94 256 156 ) (94 256 0 ) (94 192 0 ) (94 192 156 ) 
4 65 66 (94 192 156 ) (94 192 0 ) (256 192 0 ) (256 192 156 ) 
4 66 76 (160 128 112 ) (160 128 0 ) (216 128 0 ) (216 128 112 ) 
4 66 67 (94 192 156 ) (94 192 0 ) (94 128 0 ) (94 128 156 ) 
4 67 105 (0 128 0 ) (0 128 40 ) (0 256 40 ) (0 256 0 ) 
4 67 103 (0 128 40 ) (0 128 128 ) (0 256 128 ) (0 256 40 ) 
4 67 102 (0 128 128 ) (0 128 156 ) (0 256 156 ) (0 256 128 ) 
4 67 77 (0 128 112 ) (0 128 0 ) (80 128 0 ) (80 128 112 ) 
4 68 100 (0 512 0 ) (0 766 0 ) (0 766 -318.700012 ) (0 512 -318.700012 ) 
4 68 69 (112 512 -318.700012 ) (256 512 -318.700012 ) (256 512 -160 ) (112 512 -160 ) 
4 68 70 (0 512 -318.700012 ) (112 512 -318.700012 ) (112 512 0 ) (0 512 0 ) 
4 69 74 (256 496 -318.700012 ) (256 496 -160 ) (184.522995 496 -160 ) (184.522995 496 -318.700012 ) 
4 69 75 (184.522995 496 -160 ) (112 496 -160 ) (112 496 -318.700012 ) (184.522995 496 -318.700012 ) 
4 69 70 (112 512 -160 ) (112 512 -318.700012 ) (112 496 -318.700012 ) (112 496 -160 ) 
4 70 100 (0 496 -318.700012 ) (0 496 0 ) (0 512 0 ) (0 512 -318.700012 ) 
4 70 75 (0 496 -64 ) (0 496 -318.700012 ) (112 496 -318.700012 ) (112 496 -64 ) 
4 70 71 (112 496 0 ) (0 496 0 ) (0 496 -64 ) (112 496 -64 ) 
4 71 100 (0 416 0 ) (0 496 0 ) (0 496 -64 ) (0 416 -64 ) 
4 71 75 (0 416 -64 ) (0 496 -64 ) (112 496 -64 ) (112 416 -64 ) 
4 71 72 (0 416 -64 ) (112 416 -64 ) (112 416 0 ) (0 416 0 ) 
4 72 100 (0 272 0 ) (0 416 0 ) (0 416 -64 ) (0 272 -64 ) 
4 72 75 (0 272 -64 ) (0 416 -64 ) (112 416 -64 ) (112 272 -64 ) 
4 73 82 (256 128 -65.100098 ) (256 128 -64 ) (184.522995 128 -64 ) (184.522995 128 -65.100098 ) 
4 73 75 (184.522995 128 -65.100098 ) (184.522995 128 -64 ) (184.522995 496 -64 ) (184.522995 496 -65.100098 ) 
4 74 84 (256 128 -318.700012 ) (256 128 -149.876007 ) (184.522995 128 -149.876007 ) (184.522995 128 -318.700012 ) 
4 74 75 (184.522995 496 -318.700012 ) (184.522995 128 -318.700012 ) (184.522995 128 -149.876007 ) (184.522995 496 -149.876007 ) 
4 75 106 (0 128 -318.700012 ) (0 128 -64 ) (0 256 -64 ) (0 256 -318.700012 ) 
4 75 101 (0 256 -64 ) (0 272 -64 ) (0 272 -318.700012 ) (0 256 -318.700012 ) 
4 75 100 (0 272 -64 ) (0 496 -64 ) (0 496 -318.700012 ) (0 272 -318.700012 ) 
4 75 84 (0 128 -149.876007 ) (0 128 -318.700012 ) (184.522995 128 -318.700012 ) (184.522995 128 -149.876007 ) 
4 75 83 (184.522995 128 -64 ) (0 128 -64 ) (0 128 -149.876007 ) (184.522995 128 -149.876007 ) 
4 76 78 (160 112 0 ) (216 112 0 ) (216 112 112 ) (160 112 112 ) 
4 77 111 (0 128 112 ) (0 128 0 ) (0 112 0 ) (0 112 112 ) 
4 77 81 (0 112 0 ) (80 112 0 ) (80 112 112 ) (0 112 112 ) 
4 78 154 (128 0 156 ) (128 0 0 ) (240 0 0 ) (240 0 156 ) 
4 78 80 (128 0 48 ) (128 0 112 ) (128 32 112 ) (128 32 48 ) 
4 78 79 (128 112 112 ) (128 112 0 ) (128 48 0 ) (128 48 112 ) 
4 79 81 (112 112 112 ) (112 112 0 ) (112 48 0 ) (112 48 112 ) 
4 80 155 (112 0 112 ) (112 0 48 ) (128 0 48 ) (128 0 112 ) 
4 80 81 (112 0 48 ) (112 0 112 ) (112 32 112 ) (112 32 48 ) 
4 81 156 (0 0 156 ) (0 0 0 ) (112 0 0 ) (112 0 156 ) 
4 81 116 (0 0 0 ) (0 0 156 ) (0 112 156 ) (0 112 0 ) 
4 82 186 (240 0 -64 ) (184.522995 0 -64 ) (184.522995 0 -65.100098 ) (240 0 -65.100098 ) 
4 82 185 (256 0 -65.100098 ) (256 0 -64 ) (240 0 -64 ) (240 0 -65.100098 ) 
4 82 83 (184.522995 0 -65.100098 ) (184.522995 0 -64 ) (184.522995 128 -64 ) (184.522995 128 -65.100098 ) 
4 83 206 (0 0 -128 ) (0 0 -149.876007 ) (184.522995 0 -149.876007 ) (184.522995 0 -128 ) 
4 83 198 (0 0 -124.885002 ) (0 0 -128 ) (184.522995 0 -128 ) (184.522995 0 -124.885002 ) 
4 83 187 (184.522995 0 -64 ) (0 0 -64 ) (0 0 -124.885002 ) (184.522995 0 -124.885002 ) 
4 83 117 (0 0 -149.876007 ) (0 0 -64 ) (0 112 -64 ) (0 112 -149.876007 ) 
4 83 112 (0 112 -64 ) (0 128 -64 ) (0 128 -149.876007 ) (0 112 -149.876007 ) 
4 83 84 (0 0 -149.876007 ) (0 128 -149.876007 ) (184.522995 128 -149.876007 ) (184.522995 0 -149.876007 ) 
4 84 209 (256 0 -318.700012 ) (256 0 -160 ) (0 0 -160 ) (0 0 -318.700012 ) 
4 84 205 (240 0 -149.876007 ) (184.522995 0 -149.876007 ) (184.522995 0 -153.696014 ) (240 0 -153.696014 ) 
4 84 204 (256 0 -153.696014 ) (256 0 -149.876007 ) (240 0 -149.876007 ) (240 0 -153.696014 ) 
4 84 206 (184.522995 0 -149.876007 ) (0 0 -149.876007 ) (0 0 -153.696014 ) (184.522995 0 -153.696014 ) 
4 84 207 (256 0 -160 ) (256 0 -153.696014 ) (0 0 -153.696014 ) (0 0 -160 ) 
4 84 117 (0 0 -318.700012 ) (0 0 -149.876007 ) (0 112 -149.876007 ) (0 112 -318.700012 ) 
4 84 112 (0 112 -149.876007 ) (0 128 -149.876007 ) (0 128 -318.700012 ) (0 112 -318.700012 ) 
4 85 121 (-128 766 240 ) (-128 272 240 ) (-128 272 510.700043 ) (-128 766 510.700043 ) 
4 85 99 (-128 272 240 ) (-128 766 240 ) (0 766 240 ) (0 272 240 ) 
4 85 89 (-64 272 240 ) (-8 272 240 ) (-8 272 352 ) (-64 272 352 ) 
4 85 90 (-128 272 352 ) (-128 272 240 ) (-96 272 240 ) (-96 272 352 ) 
4 85 88 (-128 272 400 ) (-128 272 352 ) (-96 272 352 ) (-96 272 400 ) 
4 85 87 (-128 272 416 ) (-128 272 400 ) (-112 272 400 ) (-112 272 416 ) 
4 85 86 (-128 272 510.700043 ) (-128 272 416 ) (0 272 416 ) (0 272 510.700043 ) 
4 86 122 (-128 256 416 ) (-128 256 510.700043 ) (-128 272 510.700043 ) (-128 272 416 ) 
4 86 98 (-128 256 510.700043 ) (-128 256 416 ) (-112 256 416 ) (-112 256 510.700043 ) 
4 86 91 (-112 256 416 ) (0 256 416 ) (0 256 510.700043 ) (-112 256 510.700043 ) 
4 86 87 (-112 256 416 ) (-128 256 416 ) (-128 272 416 ) (-112 272 416 ) 
4 87 122 (-128 256 400 ) (-128 256 416 ) (-128 272 416 ) (-128 272 400 ) 
4 87 98 (-128 256 416 ) (-128 256 400 ) (-112 256 400 ) (-112 256 416 ) 
4 87 88 (-112 256 400 ) (-128 256 400 ) (-128 272 400 ) (-112 272 400 ) 
4 88 122 (-128 256 352 ) (-128 256 400 ) (-128 272 400 ) (-128 272 352 ) 
4 88 98 (-128 256 400 ) (-128 256 352 ) (-112 256 352 ) (-112 256 400 ) 
4 88 90 (-96 256 352 ) (-128 256 352 ) (-128 272 352 ) (-96 272 352 ) 
4 89 97 (-64 256 240 ) (-8 256 240 ) (-8 256 272 ) (-64 256 272 ) 
4 89 93 (-8 256 272 ) (-8 256 352 ) (-64 256 352 ) (-64 256 272 ) 
4 90 122 (-128 272 240 ) (-128 256 240 ) (-128 256 352 ) (-128 272 352 ) 
4 90 98 (-128 256 352 ) (-128 256 240 ) (-112 256 240 ) (-112 256 352 ) 
4 91 107 (0 128 416 ) (0 128 510.700043 ) (-112 128 510.700043 ) (-112 128 416 ) 
4 91 98 (-112 256 510.700043 ) (-112 256 416 ) (-112 128 416 ) (-112 128 510.700043 ) 
4 92 96 (0 128 360 ) (-96 128 360 ) (-96 160 360 ) (0 160 360 ) 
4 92 94 (-96 160 360 ) (-96 224 360 ) (0 224 360 ) (0 160 360 ) 
4 92 93 (-96 224 360 ) (-96 256 360 ) (0 256 360 ) (0 224 360 ) 
4 93 97 (-96 256 272 ) (0 256 272 ) (0 224 272 ) (-96 224 272 ) 
4 93 94 (-96 224 272 ) (0 224 272 ) (0 224 360 ) (-96 224 360 ) 
4 94 97 (-96 224 272 ) (0 224 272 ) (0 160 272 ) (-96 160 272 ) 
4 94 96 (-96 160 272 ) (0 160 272 ) (0 160 360 ) (-96 160 360 ) 
4 94 95 (-96 224 360 ) (-96 224 272 ) (-96 160 272 ) (-96 160 360 ) 
4 95 98 (-112 224 272 ) (-112 160 272 ) (-112 160 360 ) (-112 224 360 ) 
4 96 109 (0 128 272 ) (0 128 360 ) (-64 128 360 ) (-64 128 272 ) 
4 96 97 (0 128 272 ) (-96 128 272 ) (-96 160 272 ) (0 160 272 ) 
4 97 109 (-64 128 240 ) (0 128 240 ) (0 128 272 ) (-64 128 272 ) 
4 98 122 (-128 256 240 ) (-128 128 240 ) (-128 128 510.700043 ) (-128 256 510.700043 ) 
4 98 118 (-128 128 510.700043 ) (-128 128 240 ) (-112 128 240 ) (-112 128 510.700043 ) 
4 99 121 (-128 766 168 ) (-128 272 168 ) (-128 272 240 ) (-128 766 240 ) 
4 99 100 (-128 272 168 ) (-128 766 168 ) (0 766 168 ) (0 272 168 ) 
4 100 132 (-128 766 -318.700012 ) (-128 272 -318.700012 ) (-128 272 0 ) (-128 766 0 ) 
4 100 121 (-128 272 0 ) (-128 272 168 ) (-128 766 168 ) (-128 766 0 ) 
4 100 101 (-128 272 -318.700012 ) (0 272 -318.700012 ) (0 272 -64 ) (-128 272 -64 ) 
4 101 133 (-128 272 -318.700012 ) (-128 256 -318.700012 ) (-128 256 -64 ) (-128 272 -64 ) 
4 101 106 (-128 256 -64 ) (-128 256 -318.700012 ) (0 256 -318.700012 ) (0 256 -64 ) 
4 102 103 (0 128 128 ) (-112 128 128 ) (-112 256 128 ) (0 256 128 ) 
4 103 111 (-32 128 40 ) (0 128 40 ) (0 128 112 ) (-32 128 112 ) 
4 103 105 (0 128 40 ) (-112 128 40 ) (-112 256 40 ) (0 256 40 ) 
4 103 104 (-112 224 40 ) (-112 160 40 ) (-112 160 128 ) (-112 224 128 ) 
4 104 124 (-128 224 64 ) (-128 224 40 ) (-128 160 40 ) (-128 160 64 ) 
4 104 122 (-128 160 128 ) (-128 224 128 ) (-128 224 64 ) (-128 160 64 ) 
4 105 111 (-32 128 0 ) (0 128 0 ) (0 128 40 ) (-32 128 40 ) 
4 106 133 (-128 128 -318.700012 ) (-128 128 -64 ) (-128 256 -64 ) (-128 256 -318.700012 ) 
4 106 120 (-128 128 -64 ) (-128 128 -318.700012 ) (-112 128 -318.700012 ) (-112 128 -64 ) 
4 106 112 (-112 128 -318.700012 ) (0 128 -318.700012 ) (0 128 -64 ) (-112 128 -64 ) 
4 107 118 (-112 128 510.700043 ) (-112 128 416 ) (-112 112 416 ) (-112 112 510.700043 ) 
4 107 113 (-64 112 416 ) (0 112 416 ) (0 112 510.700043 ) (-64 112 510.700043 ) 
4 107 115 (-112 112 510.700043 ) (-112 112 416 ) (-64 112 416 ) (-64 112 510.700043 ) 
4 108 118 (-112 128 400 ) (-112 128 360 ) (-112 112 360 ) (-112 112 400 ) 
4 108 115 (-112 112 400 ) (-112 112 360 ) (-96 112 360 ) (-96 112 400 ) 
4 108 110 (-96 112 360 ) (-112 112 360 ) (-112 128 360 ) (-96 128 360 ) 
4 110 118 (-112 128 360 ) (-112 128 240 ) (-112 112 240 ) (-112 112 360 ) 
4 110 115 (-112 112 360 ) (-112 112 240 ) (-96 112 240 ) (-96 112 360 ) 
4 111 116 (-32 112 0 ) (0 112 0 ) (0 112 112 ) (-32 112 112 ) 
4 112 120 (-112 128 -64 ) (-112 128 -318.700012 ) (-112 112 -318.700012 ) (-112 112 -64 ) 
4 112 117 (-112 112 -64 ) (-112 112 -318.700012 ) (0 112 -318.700012 ) (0 112 -64 ) 
4 113 114 (-64 96 510.700043 ) (-64 96 360 ) (0 96 360 ) (0 96 510.700043 ) 
4 113 115 (-64 96 360 ) (-64 96 510.700043 ) (-64 112 510.700043 ) (-64 112 360 ) 
4 114 217 (0 0 240 ) (0 0 510.700043 ) (-64 0 510.700043 ) (-64 0 240 ) 
4 114 115 (-64 96 240 ) (-64 0 240 ) (-64 0 510.700043 ) (-64 96 510.700043 ) 
4 115 217 (-64 0 510.700043 ) (-112 0 510.700043 ) (-112 0 240 ) (-64 0 240 ) 
4 115 118 (-112 0 240 ) (-112 0 510.700043 ) (-112 112 510.700043 ) (-112 112 240 ) 
4 116 237 (0 0 0 ) (0 0 156 ) (-112 0 156 ) (-112 0 0 ) 
4 116 119 (-112 16 128 ) (-112 80 128 ) (-112 80 40 ) (-112 16 40 ) 
4 117 272 (0 0 -318.700012 ) (0 0 -64 ) (-112 0 -64 ) (-112 0 -318.700012 ) 
4 117 120 (-112 0 -318.700012 ) (-112 0 -64 ) (-112 112 -64 ) (-112 112 -318.700012 ) 
4 118 217 (-112 0 240 ) (-112 0 510.700043 ) (-128 0 510.700043 ) (-128 0 240 ) 
4 118 122 (-128 0 240 ) (-128 0 510.700043 ) (-128 128 510.700043 ) (-128 128 240 ) 
4 119 124 (-128 80 64 ) (-128 80 40 ) (-128 16 40 ) (-128 16 64 ) 
4 119 122 (-128 16 128 ) (-128 80 128 ) (-128 80 64 ) (-128 16 64 ) 
4 120 272 (-112 0 -318.700012 ) (-112 0 -64 ) (-128 0 -64 ) (-128 0 -318.700012 ) 
4 120 133 (-128 0 -318.700012 ) (-128 0 -64 ) (-128 128 -64 ) (-128 128 -318.700012 ) 
4 121 132 (-128 766 0 ) (-128 272 0 ) (-447.125000 272 0 ) (-447.125000 766 0 ) 
4 121 130 (-400 272 0 ) (-384 272 0 ) (-384 272 195.746017 ) (-400 272 195.746017 ) 
4 121 129 (-384 272 0 ) (-368 272 0 ) (-368 272 195.746017 ) (-384 272 195.746017 ) 
4 121 131 (-447.125000 272 0 ) (-400 272 0 ) (-400 272 195.746017 ) (-447.125000 272 195.746017 ) 
4 121 127 (-368 272 0 ) (-192 272 0 ) (-192 272 195.746017 ) (-368 272 195.746017 ) 
4 121 126 (-192 272 195.746017 ) (-192 272 510.700043 ) (-447.125000 272 510.700043 ) (-447.125000 272 195.746017 ) 
4 121 123 (-176 272 0 ) (-128 272 0 ) (-128 272 64 ) (-176 272 64 ) 
4 121 125 (-192 272 0 ) (-176 272 0 ) (-176 272 64 ) (-192 272 64 ) 
4 121 122 (-128 272 64 ) (-128 272 510.700043 ) (-192 272 510.700043 ) (-192 272 64 ) 
4 122 246 (-128 0 64 ) (-128 0 168 ) (-192 0 168 ) (-192 0 64 ) 
4 122 218 (-128 0 168 ) (-128 0 510.700043 ) (-192 0 510.700043 ) (-192 0 168 ) 
4 122 128 (-192 256 64 ) (-192 0 64 ) (-192 0 195.746017 ) (-192 256 195.746017 ) 
4 122 127 (-192 272 195.746017 ) (-192 272 64 ) (-192 256 64 ) (-192 256 195.746017 ) 
4 122 126 (-192 272 510.700043 ) (-192 272 195.746017 ) (-192 0 195.746017 ) (-192 0 510.700043 ) 
4 122 124 (-128 256 64 ) (-128 0 64 ) (-176 0 64 ) (-176 256 64 ) 
4 122 123 (-176 272 64 ) (-128 272 64 ) (-128 256 64 ) (-176 256 64 ) 
4 122 125 (-192 0 64 ) (-192 272 64 ) (-176 272 64 ) (-176 0 64 ) 
4 123 125 (-176 256 64 ) (-176 272 64 ) (-176 272 0 ) (-176 256 0 ) 
4 123 124 (-176 256 64 ) (-176 256 0 ) (-128 256 0 ) (-128 256 64 ) 
4 124 247 (-128 0 0 ) (-128 0 64 ) (-176 0 64 ) (-176 0 0 ) 
4 124 125 (-176 0 64 ) (-176 256 64 ) (-176 256 0 ) (-176 0 0 ) 
4 125 248 (-176 0 64 ) (-192 0 64 ) (-192 0 0 ) (-176 0 0 ) 
4 125 128 (-192 256 0 ) (-192 0 0 ) (-192 0 64 ) (-192 256 64 ) 
4 125 127 (-192 272 64 ) (-192 272 0 ) (-192 256 0 ) (-192 256 64 ) 
4 126 228 (-320 0 510.700043 ) (-447.125000 0 510.700043 ) (-447.125000 0 195.746017 ) (-320 0 195.746017 ) 
4 126 218 (-192 0 510.700043 ) (-320 0 510.700043 ) (-320 0 195.746017 ) (-192 0 195.746017 ) 
4 126 130 (-400 272 195.746017 ) (-384 272 195.746017 ) (-384 0 195.746017 ) (-400 0 195.746017 ) 
4 126 129 (-384 272 195.746017 ) (-368 272 195.746017 ) (-368 0 195.746017 ) (-384 0 195.746017 ) 
4 126 131 (-447.125000 0 195.746017 ) (-447.125000 272 195.746017 ) (-400 272 195.746017 ) (-400 0 195.746017 ) 
4 126 128 (-192 256 195.746017 ) (-192 0 195.746017 ) (-368 0 195.746017 ) (-368 256 195.746017 ) 
4 126 127 (-368 272 195.746017 ) (-192 272 195.746017 ) (-192 256 195.746017 ) (-368 256 195.746017 ) 
4 127 129 (-368 256 195.746017 ) (-368 272 195.746017 ) (-368 272 0 ) (-368 256 0 ) 
4 127 128 (-368 256 195.746017 ) (-368 256 0 ) (-192 256 0 ) (-192 256 195.746017 ) 
4 128 252 (-368 0 0 ) (-320 0 0 ) (-320 0 168 ) (-368 0 168 ) 
4 128 249 (-320 0 0 ) (-192 0 0 ) (-192 0 168 ) (-320 0 168 ) 
4 128 229 (-320 0 195.746017 ) (-368 0 195.746017 ) (-368 0 168 ) (-320 0 168 ) 
4 128 218 (-192 0 168 ) (-192 0 195.746017 ) (-320 0 195.746017 ) (-320 0 168 ) 
4 128 129 (-368 0 195.746017 ) (-368 256 195.746017 ) (-368 256 0 ) (-368 0 0 ) 
4 129 253 (-384 0 0 ) (-368 0 0 ) (-368 0 168 ) (-384 0 168 ) 
4 129 230 (-368 0 168 ) (-368 0 195.746017 ) (-384 0 195.746017 ) (-384 0 168 ) 
4 129 130 (-384 0 195.746017 ) (-384 272 195.746017 ) (-384 272 0 ) (-384 0 0 ) 
4 130 256 (-400 0 0 ) (-384 0 0 ) (-384 0 168 ) (-400 0 168 ) 
4 130 231 (-384 0 168 ) (-384 0 195.746017 ) (-400 0 195.746017 ) (-400 0 168 ) 
4 130 135 (-384 0 0 ) (-400 0 0 ) (-400 272 0 ) (-384 272 0 ) 
4 130 131 (-400 0 195.746017 ) (-400 272 195.746017 ) (-400 272 0 ) (-400 0 0 ) 
4 131 258 (-447.125000 0 168 ) (-447.125000 0 0 ) (-400 0 0 ) (-400 0 168 ) 
4 131 232 (-447.125000 0 195.746017 ) (-447.125000 0 168 ) (-400 0 168 ) (-400 0 195.746017 ) 
4 131 135 (-400 0 0 ) (-447.125000 0 0 ) (-447.125000 272 0 ) (-400 272 0 ) 
4 132 134 (-384 272 -318.700012 ) (-192 272 -318.700012 ) (-192 272 -64 ) (-384 272 -64 ) 
4 132 135 (-447.125000 272 0 ) (-447.125000 272 -318.700012 ) (-384 272 -318.700012 ) (-384 272 0 ) 
4 132 133 (-192 272 -318.700012 ) (-128 272 -318.700012 ) (-128 272 -64 ) (-192 272 -64 ) 
4 133 272 (-128 0 -318.700012 ) (-128 0 -64 ) (-192 0 -64 ) (-192 0 -318.700012 ) 
4 133 134 (-192 272 -64 ) (-192 272 -318.700012 ) (-192 0 -318.700012 ) (-192 0 -64 ) 
4 134 272 (-384 0 -64 ) (-384 0 -318.700012 ) (-192 0 -318.700012 ) (-192 0 -64 ) 
4 134 135 (-384 272 -64 ) (-384 272 -318.700012 ) (-384 0 -318.700012 ) (-384 0 -64 ) 
4 135 272 (-447.125000 0 -64 ) (-447.125000 0 -318.700012 ) (-384 0 -318.700012 ) (-384 0 -64 ) 
4 135 269 (-384 0 0 ) (-447.125000 0 0 ) (-447.125000 0 -64 ) (-384 0 -64 ) 
4 136 147 (384 0 168 ) (447.125000 0 168 ) (447.125000 -576 168 ) (384 -576 168 ) 
4 136 143 (384 -576 168 ) (447.125000 -576 168 ) (447.125000 -576 510.700043 ) (384 -576 510.700043 ) 
4 136 140 (384 -432 240 ) (384 -128 240 ) (384 -128 192 ) (384 -432 192 ) 
4 136 139 (384 -128 192 ) (384 -128 240 ) (384 0 240 ) (384 0 192 ) 
4 136 138 (384 -576 448 ) (384 -576 510.700043 ) (384 -432 510.700043 ) (384 -432 448 ) 
4 136 137 (384 -432 510.700043 ) (384 0 510.700043 ) (384 0 240 ) (384 -432 240 ) 
4 137 219 (0 -128 240 ) (0 -432 240 ) (0 -432 510.700043 ) (0 -128 510.700043 ) 
4 137 217 (0 0 510.700043 ) (0 0 240 ) (0 -128 240 ) (0 -128 510.700043 ) 
4 137 140 (384 -128 240 ) (384 -432 240 ) (240 -432 240 ) (240 -128 240 ) 
4 137 139 (384 0 240 ) (384 -128 240 ) (256 -128 240 ) (256 0 240 ) 
4 137 138 (384 -432 448 ) (384 -432 510.700043 ) (0 -432 510.700043 ) (0 -432 448 ) 
4 138 221 (0 -576 448 ) (0 -576 510.700043 ) (0 -432 510.700043 ) (0 -432 448 ) 
4 138 144 (384 -576 448 ) (384 -576 510.700043 ) (0 -576 510.700043 ) (0 -576 448 ) 
4 139 140 (384 -128 192 ) (384 -128 240 ) (256 -128 240 ) (256 -128 192 ) 
4 140 141 (240 -128 192 ) (256 -128 192 ) (256 -432 192 ) (240 -432 192 ) 
4 141 142 (240 -432 168 ) (256 -432 168 ) (256 -432 192 ) (240 -432 192 ) 
4 142 223 (0 -432 168 ) (0 -448 168 ) (0 -448 192 ) (0 -432 192 ) 
4 143 210 (447.125000 -1024 510.700043 ) (384 -1024 510.700043 ) (384 -1024 168 ) (447.125000 -1024 168 ) 
4 143 147 (384 -576 168 ) (447.125000 -576 168 ) (447.125000 -1024 168 ) (384 -1024 168 ) 
4 143 145 (384 -576 320 ) (384 -576 232 ) (384 -1024 232 ) (384 -1024 320 ) 
4 143 144 (384 -1024 510.700043 ) (384 -576 510.700043 ) (384 -576 384 ) (384 -1024 384 ) 
4 144 225 (0 -1024 384 ) (0 -1024 510.700043 ) (0 -576 510.700043 ) (0 -576 384 ) 
4 144 211 (384 -1024 510.700043 ) (0 -1024 510.700043 ) (0 -1024 384 ) (384 -1024 384 ) 
4 145 212 (384 -1024 232 ) (384 -1024 320 ) (368 -1024 320 ) (368 -1024 232 ) 
4 145 146 (368 -1024 320 ) (368 -576 320 ) (368 -576 232 ) (368 -1024 232 ) 
4 146 226 (0 -576 168 ) (0 -1024 168 ) (0 -1024 320 ) (0 -576 320 ) 
4 146 213 (0 -1024 320 ) (0 -1024 168 ) (368 -1024 168 ) (368 -1024 320 ) 
4 146 174 (0 -1024 168 ) (0 -576 168 ) (240 -576 168 ) (240 -1024 168 ) 
4 146 170 (240 -576 168 ) (256 -576 168 ) (256 -1024 168 ) (240 -1024 168 ) 
4 146 167 (256 -576 168 ) (368 -576 168 ) (368 -1024 168 ) (256 -1024 168 ) 
4 147 210 (447.125000 -1024 168 ) (384 -1024 168 ) (384 -1024 0 ) (447.125000 -1024 0 ) 
4 147 180 (447.125000 -1024 0 ) (384 -1024 0 ) (384 -576 0 ) (447.125000 -576 0 ) 
4 147 176 (384 -576 0 ) (384 -448 0 ) (447.125000 -448 0 ) (447.125000 -576 0 ) 
4 147 175 (384 -448 0 ) (384 0 0 ) (447.125000 0 0 ) (447.125000 -448 0 ) 
4 147 149 (384 -416 128 ) (384 -352 128 ) (384 -352 40 ) (384 -416 40 ) 
4 147 148 (384 -176 128 ) (384 -112 128 ) (384 -112 40 ) (384 -176 40 ) 
4 148 162 (368 -176 128 ) (368 -128 128 ) (368 -128 40 ) (368 -176 40 ) 
4 148 158 (368 -128 128 ) (368 -112 128 ) (368 -112 40 ) (368 -128 40 ) 
4 149 162 (368 -416 128 ) (368 -352 128 ) (368 -352 40 ) (368 -416 40 ) 
4 150 167 (368 -776 112 ) (368 -776 40 ) (368 -888 40 ) (368 -888 112 ) 
4 150 151 (368 -888 40 ) (368 -776 40 ) (369.036987 -776 40 ) (369.036987 -888 40 ) 
4 151 167 (368 -776 0 ) (368 -888 0 ) (368 -888 40 ) (368 -776 40 ) 
4 152 157 (286 -112 168 ) (256 -112 168 ) (256 -112 160 ) (286 -112 160 ) 
4 153 158 (256 -112 0 ) (368 -112 0 ) (368 -112 156 ) (256 -112 156 ) 
4 154 159 (160 -112 0 ) (216 -112 0 ) (216 -112 112 ) (160 -112 112 ) 
4 154 155 (128 -112 48 ) (128 -112 112 ) (128 0 112 ) (128 0 48 ) 
4 155 156 (112 -112 48 ) (112 -112 112 ) (112 0 112 ) (112 0 48 ) 
4 156 237 (0 0 156 ) (0 0 0 ) (0 -112 0 ) (0 -112 156 ) 
4 156 160 (0 -112 0 ) (64 -112 0 ) (64 -112 112 ) (0 -112 112 ) 
4 157 161 (286 -128 168 ) (256 -128 168 ) (256 -128 160 ) (286 -128 160 ) 
4 158 164 (256 -128 0 ) (328 -128 0 ) (328 -128 8 ) (256 -128 8 ) 
4 158 163 (328 -128 0 ) (368 -128 0 ) (368 -128 8 ) (328 -128 8 ) 
4 158 162 (368 -128 8 ) (368 -128 156 ) (256 -128 156 ) (256 -128 8 ) 
4 159 171 (160 -128 0 ) (216 -128 0 ) (216 -128 112 ) (160 -128 112 ) 
4 160 238 (0 -112 0 ) (0 -128 0 ) (0 -128 112 ) (0 -112 112 ) 
4 160 171 (0 -128 0 ) (64 -128 0 ) (64 -128 112 ) (0 -128 112 ) 
4 162 169 (256 -448 8 ) (256 -560 8 ) (256 -560 156 ) (256 -448 156 ) 
9 162 168 (256 -184 8 ) (256 -405 8 ) (256 -384 64 ) (256 -360 88 ) (256 -304 136 ) (256 -256 152 ) (256 -216 136 ) (256 -200 96 ) (256 -184 48 ) 
4 162 165 (256 -544 8 ) (256 -536 8 ) (328 -536 8 ) (328 -544 8 ) 
4 162 164 (256 -536 8 ) (256 -128 8 ) (328 -128 8 ) (328 -536 8 ) 
4 162 166 (328 -560 8 ) (256 -560 8 ) (256 -544 8 ) (328 -544 8 ) 
4 162 163 (368 -560 8 ) (328 -560 8 ) (328 -128 8 ) (368 -128 8 ) 
3 163 177 (336.254059 -525.446228 0 ) (328 -529.028076 0 ) (328 -494.242249 0 ) 
4 163 165 (328 -544 8 ) (328 -536 8 ) (328 -536 0 ) (328 -544 0 ) 
4 163 164 (328 -536 8 ) (328 -128 8 ) (328 -128 0 ) (328 -536 0 ) 
4 163 166 (328 -560 0 ) (328 -560 8 ) (328 -544 8 ) (328 -544 0 ) 
9 164 177 (256 -530.791687 0 ) (256 -502.602020 0 ) (262.499084 -480.765045 0 ) (286.186981 -451.155029 0 ) (320 -464 0 ) (328 -494.242249 0 ) (328 -529.028015 0 ) (311.933716 -536 0 ) (263.543152 -536 0 ) 
4 164 169 (256 -448 0 ) (256 -536 0 ) (256 -536 8 ) (256 -448 8 ) 
4 164 168 (256 -184 0 ) (256 -408 0 ) (256 -405 8 ) (256 -184 8 ) 
4 164 165 (328 -536 0 ) (328 -536 8 ) (256 -536 8 ) (256 -536 0 ) 
4 165 178 (263.543182 -536 0 ) (311.933716 -536 0 ) (307.719452 -537.828796 0 ) (271.649597 -541.597168 0 ) 
4 165 169 (256 -536 0 ) (256 -544 0 ) (256 -544 8 ) (256 -536 8 ) 
4 165 166 (328 -544 0 ) (328 -544 8 ) (256 -544 8 ) (256 -544 0 ) 
4 166 169 (256 -544 0 ) (256 -560 0 ) (256 -560 8 ) (256 -544 8 ) 
4 167 213 (368 -1024 168 ) (256 -1024 168 ) (256 -1024 0 ) (368 -1024 0 ) 
4 167 170 (256 -576 0 ) (256 -1024 0 ) (256 -1024 168 ) (256 -576 168 ) 
9 168 171 (240 -184 0 ) (240 -408 0 ) (240 -384 64 ) (240 -360 88 ) (240 -304 136 ) (240 -256 152 ) (240 -216 136 ) (240 -200 96 ) (240 -184 48 ) 
3 169 179 (249.040390 -525.986267 0 ) (256 -502.601990 0 ) (256 -530.791626 0 ) 
4 169 172 (240 -448 0 ) (240 -560 0 ) (240 -560 156 ) (240 -448 156 ) 
4 170 213 (256 -1024 168 ) (240 -1024 168 ) (240 -1024 0 ) (256 -1024 0 ) 
4 170 174 (240 -576 0 ) (240 -1024 0 ) (240 -1024 168 ) (240 -576 168 ) 
4 171 239 (0 -128 0 ) (0 -432 0 ) (0 -432 156 ) (0 -128 156 ) 
4 172 240 (0 -448 0 ) (0 -560 0 ) (0 -560 156 ) (0 -448 156 ) 
4 172 173 (32 -560 0 ) (144 -560 0 ) (144 -560 112 ) (32 -560 112 ) 
4 173 174 (32 -576 0 ) (144 -576 0 ) (144 -576 112 ) (32 -576 112 ) 
4 174 241 (0 -576 0 ) (0 -1024 0 ) (0 -1024 168 ) (0 -576 168 ) 
4 174 213 (240 -1024 168 ) (0 -1024 168 ) (0 -1024 0 ) (240 -1024 0 ) 
4 175 181 (384 0 -64 ) (447.125000 0 -64 ) (447.125000 -448 -64 ) (384 -448 -64 ) 
4 175 176 (384 -448 -64 ) (447.125000 -448 -64 ) (447.125000 -448 0 ) (384 -448 0 ) 
4 176 181 (384 -448 -64 ) (447.125000 -448 -64 ) (447.125000 -576 -64 ) (384 -576 -64 ) 
4 176 180 (384 -576 -64 ) (447.125000 -576 -64 ) (447.125000 -576 0 ) (384 -576 0 ) 
8 177 182 (286.186920 -451.155121 -64 ) (312.523010 -461.159637 -64 ) (312.523010 -535.744263 -64 ) (311.933655 -536 -64 ) (263.543274 -536 -64 ) (256 -530.791626 -64 ) (256 -502.601929 -64 ) (262.499054 -480.765076 -64 ) 
4 177 179 (256 -502.601776 0 ) (256 -502.601776 -64 ) (256 -530.791626 -64 ) (256 -530.791626 0 ) 
4 177 178 (263.545044 -536 0 ) (263.545044 -536 -64 ) (311.935547 -536 -64 ) (311.935547 -536 0 ) 
4 178 183 (311.933655 -536 -64 ) (307.719360 -537.828796 -64 ) (271.649628 -541.597168 -64 ) (263.543274 -536 -64 ) 
3 179 185 (249.040375 -525.986267 -64 ) (256 -502.601929 -64 ) (256 -530.791626 -64 ) 
4 180 210 (447.125000 -1024 0 ) (384 -1024 0 ) (384 -1024 -64 ) (447.125000 -1024 -64 ) 
4 180 188 (384 -576 -64 ) (447.125000 -576 -64 ) (447.125000 -1024 -64 ) (384 -1024 -64 ) 
4 181 189 (384 0 -124.885002 ) (447.125000 0 -124.885002 ) (447.125000 -576 -124.885002 ) (384 -576 -124.885002 ) 
4 181 188 (384 -576 -124.885002 ) (447.125000 -576 -124.885002 ) (447.125000 -576 -64 ) (384 -576 -64 ) 
4 182 195 (256 0 -124.885002 ) (312.523010 0 -124.885002 ) (312.523010 -536 -124.885002 ) (256 -536 -124.885002 ) 
4 182 185 (256 -536 -65.100098 ) (256 -536 -64 ) (256 0 -64 ) (256 0 -65.100098 ) 
4 182 183 (256 -536 -64 ) (256 -536 -124.885002 ) (312.523010 -536 -124.885002 ) (312.523010 -536 -64 ) 
4 183 196 (312.523010 -544 -124.885002 ) (256 -544 -124.885002 ) (256 -536 -124.885002 ) (312.523010 -536 -124.885002 ) 
4 183 185 (256 -544 -65.100098 ) (256 -544 -64 ) (256 -536 -64 ) (256 -536 -65.100098 ) 
4 183 184 (256 -544 -64 ) (256 -544 -124.885002 ) (312.523010 -544 -124.885002 ) (312.523010 -544 -64 ) 
4 184 197 (312.523010 -560 -124.885002 ) (256 -560 -124.885002 ) (256 -544 -124.885002 ) (312.523010 -544 -124.885002 ) 
4 184 185 (256 -560 -65.100098 ) (256 -560 -64 ) (256 -544 -64 ) (256 -544 -65.100098 ) 
4 185 186 (240 -560 -65.100098 ) (240 -560 -64 ) (240 0 -64 ) (240 0 -65.100098 ) 
4 186 188 (240 -576 -65.100098 ) (240 -576 -64 ) (184.522995 -576 -64 ) (184.522995 -576 -65.100098 ) 
4 186 187 (184.522995 -576 -65.100098 ) (184.522995 -576 -64 ) (184.522995 0 -64 ) (184.522995 0 -65.100098 ) 
4 187 272 (0 0 -64 ) (0 0 -124.885002 ) (0 -576 -124.885002 ) (0 -576 -64 ) 
4 187 198 (0 -576 -124.885002 ) (0 0 -124.885002 ) (184.522995 0 -124.885002 ) (184.522995 -576 -124.885002 ) 
4 187 188 (0 -576 -124.885002 ) (184.522995 -576 -124.885002 ) (184.522995 -576 -64 ) (0 -576 -64 ) 
4 188 272 (0 -576 -124.885002 ) (0 -1024 -124.885002 ) (0 -1024 -64 ) (0 -576 -64 ) 
4 188 215 (384 -1024 -64 ) (0 -1024 -64 ) (0 -1024 -124.885002 ) (384 -1024 -124.885002 ) 
4 188 210 (447.125000 -1024 -64 ) (384 -1024 -64 ) (384 -1024 -124.885002 ) (447.125000 -1024 -124.885002 ) 
4 188 208 (320 -1024 -124.885002 ) (0 -1024 -124.885002 ) (0 -576 -124.885002 ) (320 -576 -124.885002 ) 
4 188 194 (447.125000 -1024 -124.885002 ) (320 -1024 -124.885002 ) (320 -576 -124.885002 ) (447.125000 -576 -124.885002 ) 
4 189 191 (384 -576 -153.696014 ) (384 -576 -148.774994 ) (384 -544 -148.774994 ) (384 -544 -153.696014 ) 
4 189 190 (384 0 -148.774994 ) (384 0 -153.696014 ) (384 -544 -153.696014 ) (384 -544 -148.774994 ) 
4 189 193 (384 0 -318.700012 ) (384 -576 -318.700012 ) (384 -576 -153.696014 ) (384 0 -153.696014 ) 
4 189 194 (384 -576 -318.700012 ) (447.125000 -576 -318.700012 ) (447.125000 -576 -124.885002 ) (384 -576 -124.885002 ) 
4 190 202 (320 0 -148.774994 ) (320 0 -153.696014 ) (320 -544 -153.696014 ) (320 -544 -148.774994 ) 
4 190 192 (320 -544 -148.774994 ) (320 -544 -153.696014 ) (344 -544 -153.696014 ) (344 -544 -148.774994 ) 
4 190 191 (344 -544 -153.696014 ) (384 -544 -153.696014 ) (384 -544 -148.774994 ) (344 -544 -148.774994 ) 
4 190 193 (384 0 -153.696014 ) (384 -544 -153.696014 ) (320 -544 -153.696014 ) (320 0 -153.696014 ) 
4 191 192 (344 -544 -148.774994 ) (344 -544 -153.696014 ) (344 -560 -153.696014 ) (344 -560 -148.774994 ) 
4 191 193 (384 -544 -153.696014 ) (384 -576 -153.696014 ) (344 -576 -153.696014 ) (344 -544 -153.696014 ) 
4 191 194 (344 -576 -153.696014 ) (384 -576 -153.696014 ) (384 -576 -148.774994 ) (344 -576 -148.774994 ) 
4 192 202 (320 -544 -148.774994 ) (320 -544 -153.696014 ) (320 -560 -153.696014 ) (320 -560 -148.774994 ) 
4 192 193 (320 -560 -153.696014 ) (320 -544 -153.696014 ) (344 -544 -153.696014 ) (344 -560 -153.696014 ) 
4 193 209 (320 0 -160 ) (320 0 -318.700012 ) (320 -576 -318.700012 ) (320 -576 -160 ) 
4 193 203 (320 -560 -160 ) (320 -576 -160 ) (320 -576 -153.696014 ) (320 -560 -153.696014 ) 
4 193 202 (320 0 -153.696014 ) (320 0 -160 ) (320 -560 -160 ) (320 -560 -153.696014 ) 
4 193 194 (320 -576 -153.696014 ) (320 -576 -318.700012 ) (384 -576 -318.700012 ) (384 -576 -153.696014 ) 
4 194 215 (384 -1024 -124.885002 ) (320 -1024 -124.885002 ) (320 -1024 -318.700012 ) (384 -1024 -318.700012 ) 
4 194 210 (447.125000 -1024 -124.885002 ) (384 -1024 -124.885002 ) (384 -1024 -318.700012 ) (447.125000 -1024 -318.700012 ) 
4 194 209 (320 -576 -160 ) (320 -576 -318.700012 ) (320 -1024 -318.700012 ) (320 -1024 -160 ) 
4 194 208 (320 -1024 -124.885002 ) (320 -576 -124.885002 ) (320 -576 -160 ) (320 -1024 -160 ) 
4 195 199 (256 -536 -128 ) (256 0 -128 ) (312.523010 0 -128 ) (312.523010 -536 -128 ) 
4 195 196 (256 -536 -124.885002 ) (256 -536 -128 ) (312.523010 -536 -128 ) (312.523010 -536 -124.885002 ) 
4 196 200 (256 -544 -128 ) (256 -536 -128 ) (312.523010 -536 -128 ) (312.523010 -544 -128 ) 
4 196 197 (256 -544 -124.885002 ) (256 -544 -128 ) (312.523010 -544 -128 ) (312.523010 -544 -124.885002 ) 
4 197 201 (256 -560 -128 ) (256 -544 -128 ) (312.523010 -544 -128 ) (312.523010 -560 -128 ) 
4 198 272 (0 0 -124.885002 ) (0 0 -128 ) (0 -576 -128 ) (0 -576 -124.885002 ) 
4 198 206 (184.522995 -576 -128 ) (0 -576 -128 ) (0 0 -128 ) (184.522995 0 -128 ) 
4 198 208 (184.522995 -576 -124.885002 ) (0 -576 -124.885002 ) (0 -576 -128 ) (184.522995 -576 -128 ) 
4 199 202 (256 -536 -148.774994 ) (256 0 -148.774994 ) (312.523010 0 -148.774994 ) (312.523010 -536 -148.774994 ) 
4 199 200 (256 -536 -128 ) (256 -536 -148.774994 ) (312.523010 -536 -148.774994 ) (312.523010 -536 -128 ) 
4 200 202 (256 -544 -148.774994 ) (256 -536 -148.774994 ) (312.523010 -536 -148.774994 ) (312.523010 -544 -148.774994 ) 
4 200 201 (256 -544 -128 ) (256 -544 -148.774994 ) (312.523010 -544 -148.774994 ) (312.523010 -544 -128 ) 
4 201 202 (256 -560 -148.774994 ) (256 -544 -148.774994 ) (312.523010 -544 -148.774994 ) (312.523010 -560 -148.774994 ) 
4 202 209 (256 0 -160 ) (320 0 -160 ) (320 -560 -160 ) (256 -560 -160 ) 
4 202 204 (256 -560 -153.696014 ) (256 -560 -149.876007 ) (256 0 -149.876007 ) (256 0 -153.696014 ) 
4 202 207 (256 0 -160 ) (256 -560 -160 ) (256 -560 -153.696014 ) (256 0 -153.696014 ) 
4 202 203 (256 -560 -153.696014 ) (256 -560 -160 ) (320 -560 -160 ) (320 -560 -153.696014 ) 
4 203 209 (320 -560 -160 ) (320 -576 -160 ) (256 -576 -160 ) (256 -560 -160 ) 
4 203 207 (256 -560 -160 ) (256 -576 -160 ) (256 -576 -153.696014 ) (256 -560 -153.696014 ) 
4 203 208 (256 -576 -160 ) (320 -576 -160 ) (320 -576 -153.696014 ) (256 -576 -153.696014 ) 
4 204 205 (240 0 -153.696014 ) (240 -560 -153.696014 ) (240 -560 -149.876007 ) (240 0 -149.876007 ) 
4 204 207 (240 0 -153.696014 ) (256 0 -153.696014 ) (256 -560 -153.696014 ) (240 -560 -153.696014 ) 
4 205 207 (184.522995 0 -153.696014 ) (240 0 -153.696014 ) (240 -576 -153.696014 ) (184.522995 -576 -153.696014 ) 
4 205 208 (184.522995 -576 -149.876007 ) (184.522995 -576 -153.696014 ) (240 -576 -153.696014 ) (240 -576 -149.876007 ) 
4 205 206 (184.522995 0 -153.696014 ) (184.522995 -576 -153.696014 ) (184.522995 -576 -149.876007 ) (184.522995 0 -149.876007 ) 
4 206 272 (0 0 -128 ) (0 0 -153.696014 ) (0 -576 -153.696014 ) (0 -576 -128 ) 
4 206 207 (0 0 -153.696014 ) (184.522995 0 -153.696014 ) (184.522995 -576 -153.696014 ) (0 -576 -153.696014 ) 
4 206 208 (184.522995 -576 -128 ) (0 -576 -128 ) (0 -576 -153.696014 ) (184.522995 -576 -153.696014 ) 
4 207 272 (0 0 -153.696014 ) (0 0 -160 ) (0 -576 -160 ) (0 -576 -153.696014 ) 
4 207 209 (0 0 -160 ) (256 0 -160 ) (256 -576 -160 ) (0 -576 -160 ) 
4 207 208 (0 -576 -160 ) (256 -576 -160 ) (256 -576 -153.696014 ) (0 -576 -153.696014 ) 
4 208 272 (0 -576 -160 ) (0 -1024 -160 ) (0 -1024 -124.885002 ) (0 -576 -124.885002 ) 
4 208 215 (320 -1024 -160 ) (320 -1024 -124.885002 ) (0 -1024 -124.885002 ) (0 -1024 -160 ) 
4 208 209 (320 -576 -160 ) (320 -1024 -160 ) (0 -1024 -160 ) (0 -576 -160 ) 
4 209 272 (0 0 -160 ) (0 0 -318.700012 ) (0 -1024 -318.700012 ) (0 -1024 -160 ) 
4 209 215 (320 -1024 -318.700012 ) (320 -1024 -160 ) (0 -1024 -160 ) (0 -1024 -318.700012 ) 
4 210 216 (384 -1088 -318.700012 ) (384 -1278 -318.700012 ) (384 -1278 510.700043 ) (384 -1088 510.700043 ) 
4 210 215 (384 -1024 -64 ) (384 -1024 -318.700012 ) (384 -1088 -318.700012 ) (384 -1088 -64 ) 
4 210 214 (384 -1088 384 ) (384 -1088 510.700043 ) (384 -1072 510.700043 ) (384 -1072 384 ) 
4 210 212 (384 -1024 320 ) (384 -1024 232 ) (384 -1072 232 ) (384 -1072 320 ) 
4 210 211 (384 -1024 510.700043 ) (384 -1024 384 ) (384 -1072 384 ) (384 -1072 510.700043 ) 
4 211 273 (0 -1024 510.700043 ) (0 -1024 384 ) (0 -1072 384 ) (0 -1072 510.700043 ) 
4 211 214 (384 -1072 384 ) (384 -1072 510.700043 ) (0 -1072 510.700043 ) (0 -1072 384 ) 
4 212 213 (368 -1072 232 ) (368 -1072 320 ) (368 -1024 320 ) (368 -1024 232 ) 
4 213 274 (0 -1024 320 ) (0 -1024 0 ) (0 -1072 0 ) (0 -1072 320 ) 
4 214 273 (0 -1088 384 ) (0 -1088 510.700043 ) (0 -1072 510.700043 ) (0 -1072 384 ) 
4 214 216 (384 -1088 384 ) (384 -1088 510.700043 ) (0 -1088 510.700043 ) (0 -1088 384 ) 
4 215 276 (0 -1088 -318.700012 ) (0 -1088 -64 ) (0 -1024 -64 ) (0 -1024 -318.700012 ) 
4 215 216 (384 -1088 -318.700012 ) (384 -1088 -64 ) (0 -1088 -64 ) (0 -1088 -318.700012 ) 
4 216 277 (0 -1278 510.700043 ) (0 -1088 510.700043 ) (0 -1088 -318.700012 ) (0 -1278 -318.700012 ) 
4 217 219 (0 -128 240 ) (0 -128 510.700043 ) (-128 -128 510.700043 ) (-128 -128 240 ) 
4 217 218 (-128 -128 240 ) (-128 -128 510.700043 ) (-128 0 510.700043 ) (-128 0 240 ) 
4 218 246 (-192 0 168 ) (-128 0 168 ) (-128 -128 168 ) (-192 -128 168 ) 
4 218 249 (-320 0 168 ) (-192 0 168 ) (-192 -128 168 ) (-320 -128 168 ) 
4 218 229 (-320 0 168 ) (-320 -128 168 ) (-320 -128 195.746017 ) (-320 0 195.746017 ) 
4 218 228 (-320 -128 195.746017 ) (-320 -128 510.700043 ) (-320 0 510.700043 ) (-320 0 195.746017 ) 
4 218 224 (-320 -128 192 ) (-320 -128 168 ) (-128 -128 168 ) (-128 -128 192 ) 
4 218 220 (-320 -128 240 ) (-320 -128 192 ) (-128 -128 192 ) (-128 -128 240 ) 
4 218 219 (-320 -128 510.700043 ) (-320 -128 240 ) (-128 -128 240 ) (-128 -128 510.700043 ) 
4 219 233 (-320 -416 240 ) (-320 -432 240 ) (-320 -432 510.700043 ) (-320 -416 510.700043 ) 
4 219 228 (-320 -128 510.700043 ) (-320 -128 240 ) (-320 -416 240 ) (-320 -416 510.700043 ) 
4 219 221 (-320 -432 510.700043 ) (-320 -432 448 ) (0 -432 448 ) (0 -432 510.700043 ) 
4 219 220 (-112 -432 240 ) (-320 -432 240 ) (-320 -128 240 ) (-112 -128 240 ) 
4 220 234 (-320 -416 192 ) (-320 -432 192 ) (-320 -432 195.746017 ) (-320 -416 195.746017 ) 
4 220 233 (-320 -432 195.746017 ) (-320 -432 240 ) (-320 -416 240 ) (-320 -416 195.746017 ) 
4 220 229 (-320 -128 195.746017 ) (-320 -128 192 ) (-320 -416 192 ) (-320 -416 195.746017 ) 
4 220 228 (-320 -128 240 ) (-320 -128 195.746017 ) (-320 -416 195.746017 ) (-320 -416 240 ) 
4 220 224 (-320 -416 192 ) (-320 -128 192 ) (-128 -128 192 ) (-128 -416 192 ) 
4 220 222 (-128 -128 192 ) (-112 -128 192 ) (-112 -432 192 ) (-128 -432 192 ) 
4 221 235 (-320 -576 448 ) (-320 -576 510.700043 ) (-320 -432 510.700043 ) (-320 -432 448 ) 
4 221 225 (-320 -576 510.700043 ) (-320 -576 448 ) (0 -576 448 ) (0 -576 510.700043 ) 
4 222 242 (-128 -352 168 ) (-128 -224 168 ) (-112 -224 168 ) (-112 -352 168 ) 
4 222 224 (-128 -416 192 ) (-128 -128 192 ) (-128 -128 168 ) (-128 -416 168 ) 
4 222 223 (-128 -432 192 ) (-128 -432 168 ) (-112 -432 168 ) (-112 -432 192 ) 
4 224 246 (-192 -128 168 ) (-128 -128 168 ) (-128 -416 168 ) (-192 -416 168 ) 
4 224 249 (-320 -416 168 ) (-320 -128 168 ) (-192 -128 168 ) (-192 -416 168 ) 
4 224 229 (-320 -128 168 ) (-320 -416 168 ) (-320 -416 192 ) (-320 -128 192 ) 
4 225 273 (0 -1024 384 ) (0 -1024 510.700043 ) (-320 -1024 510.700043 ) (-320 -1024 384 ) 
4 225 235 (-320 -1024 384 ) (-320 -1024 510.700043 ) (-320 -576 510.700043 ) (-320 -576 384 ) 
4 226 274 (0 -1024 168 ) (0 -1024 320 ) (-304 -1024 320 ) (-304 -1024 168 ) 
4 226 259 (-128 -1024 168 ) (-304 -1024 168 ) (-304 -576 168 ) (-128 -576 168 ) 
4 226 244 (-112 -1024 168 ) (-128 -1024 168 ) (-128 -576 168 ) (-112 -576 168 ) 
4 226 241 (0 -576 168 ) (0 -1024 168 ) (-112 -1024 168 ) (-112 -576 168 ) 
4 226 227 (-304 -576 224 ) (-304 -576 168 ) (-304 -1024 168 ) (-304 -1024 224 ) 
4 227 275 (-320 -1024 224 ) (-320 -1024 168 ) (-304 -1024 168 ) (-304 -1024 224 ) 
4 227 259 (-304 -1024 168 ) (-320 -1024 168 ) (-320 -576 168 ) (-304 -576 168 ) 
4 227 235 (-320 -576 168 ) (-320 -1024 168 ) (-320 -1024 224 ) (-320 -576 224 ) 
4 228 233 (-384 -416 195.746017 ) (-320 -416 195.746017 ) (-320 -416 510.700043 ) (-384 -416 510.700043 ) 
4 228 236 (-447.125000 -416 510.700043 ) (-447.125000 -416 195.746017 ) (-384 -416 195.746017 ) (-384 -416 510.700043 ) 
4 228 231 (-384 -416 195.746017 ) (-400 -416 195.746017 ) (-400 0 195.746017 ) (-384 0 195.746017 ) 
4 228 230 (-368 -416 195.746017 ) (-384 -416 195.746017 ) (-384 0 195.746017 ) (-368 0 195.746017 ) 
4 228 229 (-320 -416 195.746017 ) (-368 -416 195.746017 ) (-368 0 195.746017 ) (-320 0 195.746017 ) 
4 228 232 (-400 -416 195.746017 ) (-447.125000 -416 195.746017 ) (-447.125000 0 195.746017 ) (-400 0 195.746017 ) 
4 229 252 (-368 0 168 ) (-320 0 168 ) (-320 -416 168 ) (-368 -416 168 ) 
4 229 234 (-368 -416 168 ) (-320 -416 168 ) (-320 -416 195.746017 ) (-368 -416 195.746017 ) 
4 229 230 (-368 0 168 ) (-368 -416 168 ) (-368 -416 195.746017 ) (-368 0 195.746017 ) 
4 230 253 (-384 0 168 ) (-368 0 168 ) (-368 -416 168 ) (-384 -416 168 ) 
4 230 234 (-384 -416 168 ) (-368 -416 168 ) (-368 -416 195.746017 ) (-384 -416 195.746017 ) 
4 230 231 (-384 0 168 ) (-384 -416 168 ) (-384 -416 195.746017 ) (-384 0 195.746017 ) 
4 231 256 (-400 0 168 ) (-384 0 168 ) (-384 -416 168 ) (-400 -416 168 ) 
4 231 236 (-400 -416 168 ) (-384 -416 168 ) (-384 -416 195.746017 ) (-400 -416 195.746017 ) 
4 231 232 (-400 0 168 ) (-400 -416 168 ) (-400 -416 195.746017 ) (-400 0 195.746017 ) 
4 232 258 (-447.125000 0 168 ) (-400 0 168 ) (-400 -416 168 ) (-447.125000 -416 168 ) 
4 232 236 (-447.125000 -416 195.746017 ) (-447.125000 -416 168 ) (-400 -416 168 ) (-400 -416 195.746017 ) 
4 233 235 (-384 -432 510.700043 ) (-384 -432 195.746017 ) (-320 -432 195.746017 ) (-320 -432 510.700043 ) 
4 233 236 (-384 -416 510.700043 ) (-384 -416 195.746017 ) (-384 -432 195.746017 ) (-384 -432 510.700043 ) 
4 233 234 (-320 -432 195.746017 ) (-384 -432 195.746017 ) (-384 -416 195.746017 ) (-320 -416 195.746017 ) 
4 234 254 (-320 -416 168 ) (-320 -432 168 ) (-384 -432 168 ) (-384 -416 168 ) 
4 234 235 (-384 -432 195.746017 ) (-384 -432 168 ) (-320 -432 168 ) (-320 -432 195.746017 ) 
4 234 236 (-384 -416 195.746017 ) (-384 -416 168 ) (-384 -432 168 ) (-384 -432 195.746017 ) 
4 235 278 (-384 -1024 168 ) (-320 -1024 168 ) (-320 -1024 510.700043 ) (-384 -1024 510.700043 ) 
4 235 267 (-320 -560 168 ) (-320 -1024 168 ) (-384 -1024 168 ) (-384 -560 168 ) 
4 235 255 (-320 -432 168 ) (-320 -560 168 ) (-384 -560 168 ) (-384 -432 168 ) 
4 235 236 (-384 -432 168 ) (-384 -1024 168 ) (-384 -1024 510.700043 ) (-384 -432 510.700043 ) 
4 236 278 (-447.125000 -1024 168 ) (-384 -1024 168 ) (-384 -1024 510.700043 ) (-447.125000 -1024 510.700043 ) 
4 236 267 (-384 -1024 168 ) (-447.125000 -1024 168 ) (-447.125000 -560 168 ) (-384 -560 168 ) 
4 236 257 (-400 -416 168 ) (-384 -416 168 ) (-384 -560 168 ) (-400 -560 168 ) 
4 236 258 (-447.125000 -560 168 ) (-447.125000 -416 168 ) (-400 -416 168 ) (-400 -560 168 ) 
4 237 245 (-112 -80 128 ) (-112 -16 128 ) (-112 -16 40 ) (-112 -80 40 ) 
4 237 238 (-64 -112 0 ) (0 -112 0 ) (0 -112 112 ) (-64 -112 112 ) 
4 238 239 (-64 -128 0 ) (0 -128 0 ) (0 -128 112 ) (-64 -128 112 ) 
9 239 242 (-112 -256 0 ) (-112 -320 64 ) (-112 -348.307678 156 ) (-112 -218 156 ) (-112 -216 152 ) (-112 -200 112 ) (-112 -200 72 ) (-112 -208 40 ) (-112 -224 16 ) 
4 240 243 (-112 -448 0 ) (-112 -560 0 ) (-112 -560 156 ) (-112 -448 156 ) 
4 241 274 (0 -1024 0 ) (0 -1024 168 ) (-112 -1024 168 ) (-112 -1024 0 ) 
4 241 244 (-112 -576 0 ) (-112 -1024 0 ) (-112 -1024 168 ) (-112 -576 168 ) 
5 242 247 (-128 -256 0 ) (-128 -320 64 ) (-128 -202 64 ) (-128 -208 40 ) (-128 -224 16 ) 
7 242 246 (-128 -320 64 ) (-128 -352 168 ) (-128 -224 168 ) (-128 -216 152 ) (-128 -200 112 ) (-128 -200 72 ) (-128 -202 64 ) 
4 243 250 (-128 -448 0 ) (-128 -560 0 ) (-128 -560 168 ) (-128 -448 168 ) 
4 244 274 (-112 -1024 168 ) (-128 -1024 168 ) (-128 -1024 0 ) (-112 -1024 0 ) 
4 244 262 (-128 -768 0 ) (-128 -1024 0 ) (-128 -1024 128 ) (-128 -768 128 ) 
4 244 261 (-128 -752 0 ) (-128 -768 0 ) (-128 -768 128 ) (-128 -752 128 ) 
4 244 260 (-128 -576 0 ) (-128 -752 0 ) (-128 -752 128 ) (-128 -576 128 ) 
4 244 259 (-128 -1024 128 ) (-128 -1024 168 ) (-128 -576 168 ) (-128 -576 128 ) 
4 245 247 (-128 -16 64 ) (-128 -16 40 ) (-128 -80 40 ) (-128 -80 64 ) 
4 245 246 (-128 -80 128 ) (-128 -16 128 ) (-128 -16 64 ) (-128 -80 64 ) 
4 246 248 (-176 -416 64 ) (-192 -416 64 ) (-192 0 64 ) (-176 0 64 ) 
4 246 247 (-128 -416 64 ) (-176 -416 64 ) (-176 0 64 ) (-128 0 64 ) 
4 246 249 (-192 -416 64 ) (-192 -416 168 ) (-192 0 168 ) (-192 0 64 ) 
4 247 248 (-176 0 0 ) (-176 -416 0 ) (-176 -416 64 ) (-176 0 64 ) 
4 248 249 (-192 0 0 ) (-192 -416 0 ) (-192 -416 64 ) (-192 0 64 ) 
4 249 252 (-320 0 0 ) (-320 -416 0 ) (-320 -416 168 ) (-320 0 168 ) 
4 250 251 (-304 -464 40 ) (-304 -528 40 ) (-304 -528 128 ) (-304 -464 128 ) 
4 251 255 (-320 -528 128 ) (-320 -464 128 ) (-320 -464 40 ) (-320 -528 40 ) 
4 252 254 (-368 -416 0 ) (-320 -416 0 ) (-320 -416 168 ) (-368 -416 168 ) 
4 252 253 (-368 0 0 ) (-368 -416 0 ) (-368 -416 168 ) (-368 0 168 ) 
4 253 256 (-384 0 0 ) (-384 -416 0 ) (-384 -416 168 ) (-384 0 168 ) 
4 253 254 (-384 -416 168 ) (-384 -416 0 ) (-368 -416 0 ) (-368 -416 168 ) 
4 254 268 (-320 -416 0 ) (-320 -432 0 ) (-384 -432 0 ) (-384 -416 0 ) 
4 254 257 (-384 -416 0 ) (-384 -432 0 ) (-384 -432 168 ) (-384 -416 168 ) 
4 254 255 (-384 -432 168 ) (-384 -432 0 ) (-320 -432 0 ) (-320 -432 168 ) 
4 255 270 (-320 -432 0 ) (-320 -560 0 ) (-384 -560 0 ) (-384 -432 0 ) 
4 255 267 (-384 -560 0 ) (-320 -560 0 ) (-320 -560 168 ) (-384 -560 168 ) 
4 255 257 (-384 -432 0 ) (-384 -560 0 ) (-384 -560 168 ) (-384 -432 168 ) 
4 256 269 (-400 0 0 ) (-384 0 0 ) (-384 -416 0 ) (-400 -416 0 ) 
4 256 258 (-400 0 0 ) (-400 -416 0 ) (-400 -416 168 ) (-400 0 168 ) 
4 256 257 (-400 -416 168 ) (-400 -416 0 ) (-384 -416 0 ) (-384 -416 168 ) 
4 257 270 (-384 -432 0 ) (-384 -560 0 ) (-400 -560 0 ) (-400 -432 0 ) 
4 257 269 (-384 -416 0 ) (-384 -432 0 ) (-400 -432 0 ) (-400 -416 0 ) 
4 257 267 (-400 -560 0 ) (-384 -560 0 ) (-384 -560 168 ) (-400 -560 168 ) 
4 257 258 (-400 -416 0 ) (-400 -560 0 ) (-400 -560 168 ) (-400 -416 168 ) 
4 258 270 (-400 -432 0 ) (-400 -560 0 ) (-447.125000 -560 0 ) (-447.125000 -432 0 ) 
4 258 269 (-447.125000 0 0 ) (-400 0 0 ) (-400 -432 0 ) (-447.125000 -432 0 ) 
4 258 267 (-447.125000 -560 0 ) (-400 -560 0 ) (-400 -560 168 ) (-447.125000 -560 168 ) 
4 259 275 (-304 -1024 168 ) (-320 -1024 168 ) (-320 -1024 128 ) (-304 -1024 128 ) 
4 259 274 (-128 -1024 168 ) (-304 -1024 168 ) (-304 -1024 128 ) (-128 -1024 128 ) 
4 259 267 (-320 -576 128 ) (-320 -1024 128 ) (-320 -1024 168 ) (-320 -576 168 ) 
4 259 266 (-320 -1024 128 ) (-320 -944 128 ) (-304 -944 128 ) (-304 -1024 128 ) 
4 259 263 (-304 -768 128 ) (-192 -768 128 ) (-192 -896 128 ) (-304 -896 128 ) 
4 259 264 (-192 -912 128 ) (-192 -1024 128 ) (-304 -1024 128 ) (-304 -912 128 ) 
4 259 262 (-192 -768 128 ) (-128 -768 128 ) (-128 -1024 128 ) (-192 -1024 128 ) 
4 259 261 (-192 -752 128 ) (-128 -752 128 ) (-128 -768 128 ) (-192 -768 128 ) 
4 259 260 (-304 -576 128 ) (-128 -576 128 ) (-128 -752 128 ) (-304 -752 128 ) 
4 260 261 (-128 -752 0 ) (-128 -752 128 ) (-192 -752 128 ) (-192 -752 0 ) 
4 261 262 (-128 -768 0 ) (-128 -768 128 ) (-192 -768 128 ) (-192 -768 0 ) 
4 262 274 (-192 -1024 0 ) (-128 -1024 0 ) (-128 -1024 128 ) (-192 -1024 128 ) 
4 262 263 (-192 -768 128 ) (-192 -768 0 ) (-192 -896 0 ) (-192 -896 128 ) 
4 262 264 (-192 -912 0 ) (-192 -1024 0 ) (-192 -1024 128 ) (-192 -912 128 ) 
4 263 265 (-304 -776 0 ) (-304 -888 0 ) (-304 -888 112 ) (-304 -776 112 ) 
4 264 274 (-304 -1024 0 ) (-192 -1024 0 ) (-192 -1024 128 ) (-304 -1024 128 ) 
4 264 266 (-304 -1024 32 ) (-304 -1024 128 ) (-304 -944 128 ) (-304 -944 32 ) 
4 265 267 (-320 -776 0 ) (-320 -888 0 ) (-320 -888 112 ) (-320 -776 112 ) 
4 266 275 (-320 -1024 128 ) (-320 -1024 32 ) (-304 -1024 32 ) (-304 -1024 128 ) 
4 266 267 (-320 -1024 32 ) (-320 -1024 128 ) (-320 -944 128 ) (-320 -944 32 ) 
4 267 278 (-320 -1024 168 ) (-447.125000 -1024 168 ) (-447.125000 -1024 0 ) (-320 -1024 0 ) 
4 267 271 (-320 -1024 0 ) (-447.125000 -1024 0 ) (-447.125000 -576 0 ) (-320 -576 0 ) 
4 267 270 (-447.125000 -576 0 ) (-447.125000 -560 0 ) (-320 -560 0 ) (-320 -576 0 ) 
4 268 272 (-192 -416 -64 ) (-192 -432 -64 ) (-384 -432 -64 ) (-384 -416 -64 ) 
4 268 270 (-384 -432 -64 ) (-320 -432 -64 ) (-320 -432 0 ) (-384 -432 0 ) 
4 268 269 (-384 -416 -64 ) (-384 -432 -64 ) (-384 -432 0 ) (-384 -416 0 ) 
4 269 272 (-447.125000 0 -64 ) (-384 0 -64 ) (-384 -432 -64 ) (-447.125000 -432 -64 ) 
4 269 270 (-447.125000 -432 -64 ) (-384 -432 -64 ) (-384 -432 0 ) (-447.125000 -432 0 ) 
4 270 272 (-447.125000 -432 -64 ) (-320 -432 -64 ) (-320 -576 -64 ) (-447.125000 -576 -64 ) 
4 270 271 (-447.125000 -576 -64 ) (-320 -576 -64 ) (-320 -576 0 ) (-447.125000 -576 0 ) 
4 271 278 (-320 -1024 0 ) (-447.125000 -1024 0 ) (-447.125000 -1024 -64 ) (-320 -1024 -64 ) 
4 271 272 (-447.125000 -576 -64 ) (-320 -576 -64 ) (-320 -1024 -64 ) (-447.125000 -1024 -64 ) 
4 272 278 (-320 -1024 -64 ) (-447.125000 -1024 -64 ) (-447.125000 -1024 -318.700012 ) (-320 -1024 -318.700012 ) 
4 272 276 (0 -1024 -318.700012 ) (0 -1024 -64 ) (-320 -1024 -64 ) (-320 -1024 -318.700012 ) 
4 273 278 (-320 -1024 510.700043 ) (-320 -1024 384 ) (-320 -1088 384 ) (-320 -1088 510.700043 ) 
4 273 277 (-320 -1088 510.700043 ) (-320 -1088 384 ) (0 -1088 384 ) (0 -1088 510.700043 ) 
4 274 275 (-304 -1072 32 ) (-304 -1072 224 ) (-304 -1024 224 ) (-304 -1024 32 ) 
4 275 278 (-320 -1024 224 ) (-320 -1024 32 ) (-320 -1072 32 ) (-320 -1072 224 ) 
4 276 278 (-320 -1024 -64 ) (-320 -1024 -318.700012 ) (-320 -1088 -318.700012 ) (-320 -1088 -64 ) 
4 276 277 (-320 -1088 -64 ) (-320 -1088 -318.700012 ) (0 -1088 -318.700012 ) (0 -1088 -64 ) 
4 277 278 (-320 -1278 510.700043 ) (-320 -1088 510.700043 ) (-320 -1088 -318.700012 ) (-320 -1278 -318.700012 ) 
