PRT1
282
605
4 0 6 (1024 1144 -224 ) (1024 1144 -96 ) (1024 1272 -96 ) (1024 1272 -224 ) 
4 1 11 (389 1024 -32 ) (357 1024 -32 ) (357 1024 -95 ) (389 1024 -95 ) 
4 1 2 (357 1024 -32 ) (357 1136 -32 ) (357 1136 -95 ) (357 1024 -95 ) 
4 2 11 (357 1024 -32 ) (293 1024 -32 ) (293 1024 -95 ) (357 1024 -95 ) 
4 2 4 (293 1024 -32 ) (293 1136 -32 ) (293 1136 -95 ) (293 1024 -95 ) 
4 2 3 (293 1040 -95 ) (293 1104 -95 ) (357 1104 -95 ) (357 1040 -95 ) 
4 3 10 (293 1040 -96 ) (293 1104 -96 ) (357 1104 -96 ) (357 1040 -96 ) 
4 4 11 (293 1024 -32 ) (261 1024 -32 ) (261 1024 -95 ) (293 1024 -95 ) 
4 4 5 (261 1024 -32 ) (261 1136 -32 ) (261 1136 -95 ) (261 1024 -95 ) 
4 5 17 (5 1024 -95 ) (5 1024 -96 ) (261 1024 -96 ) (261 1024 -95 ) 
4 5 16 (261 1024 -32 ) (5 1024 -32 ) (5 1024 -95 ) (261 1024 -95 ) 
4 5 10 (261 1024 -96 ) (5 1024 -96 ) (5 1136 -96 ) (261 1136 -96 ) 
4 6 7 (293 1144 -224 ) (357 1144 -224 ) (357 1144 -112 ) (293 1144 -112 ) 
4 7 10 (293 1136 -224 ) (357 1136 -224 ) (357 1136 -112 ) (293 1136 -112 ) 
4 8 9 (389 1104 -224 ) (389 1040 -224 ) (389 1040 -112 ) (389 1104 -112 ) 
4 9 26 (389 1024 -96 ) (357 1024 -96 ) (357 1024 -224 ) (389 1024 -224 ) 
4 9 10 (357 1104 -224 ) (357 1024 -224 ) (357 1024 -96 ) (357 1104 -96 ) 
4 10 28 (261 1024 -96 ) (5 1024 -96 ) (5 1024 -224 ) (261 1024 -224 ) 
4 10 26 (357 1024 -96 ) (261 1024 -96 ) (261 1024 -224 ) (357 1024 -224 ) 
4 11 16 (261 752 -32 ) (261 1024 -32 ) (261 1024 -95 ) (261 752 -95 ) 
4 11 14 (293 656 -95 ) (293 720 -95 ) (357 720 -95 ) (357 656 -95 ) 
4 11 15 (293 528 -95 ) (293 592 -95 ) (357 592 -95 ) (357 528 -95 ) 
4 11 13 (293 784 -95 ) (293 848 -95 ) (357 848 -95 ) (357 784 -95 ) 
4 11 12 (293 912 -95 ) (293 976 -95 ) (357 976 -95 ) (357 912 -95 ) 
4 12 26 (357 976 -96 ) (357 912 -96 ) (293 912 -96 ) (293 976 -96 ) 
5 13 26 (357 848 -96 ) (357 842 -96 ) (295.133331 784 -96 ) (293 784 -96 ) (293 848 -96 ) 
3 13 25 (357 842 -96 ) (357 784 -96 ) (295.133331 784 -96 ) 
4 14 25 (357 720 -96 ) (357 656 -96 ) (293 656 -96 ) (293 720 -96 ) 
4 15 25 (357 592 -96 ) (357 528 -96 ) (293 528 -96 ) (293 592 -96 ) 
4 16 18 (165 848 -95 ) (229 848 -95 ) (229 784 -95 ) (165 784 -95 ) 
4 16 19 (37 848 -95 ) (101 848 -95 ) (101 784 -95 ) (37 784 -95 ) 
4 16 17 (5 848 -95 ) (5 1024 -95 ) (261 1024 -95 ) (261 848 -95 ) 
4 17 28 (5 1024 -96 ) (261 1024 -96 ) (261 848 -96 ) (5 848 -96 ) 
4 17 18 (229 848 -95 ) (165 848 -95 ) (165 848 -96 ) (229 848 -96 ) 
4 17 19 (101 848 -95 ) (37 848 -95 ) (37 848 -96 ) (101 848 -96 ) 
4 18 28 (229 784 -96 ) (165 784 -96 ) (165 848 -96 ) (229 848 -96 ) 
4 19 28 (101 784 -96 ) (37 784 -96 ) (37 848 -96 ) (101 848 -96 ) 
4 20 25 (389 860 -112 ) (389 860 -224 ) (389 796 -224 ) (389 796 -112 ) 
4 21 25 (389 704 -112 ) (389 704 -224 ) (389 644 -224 ) (389 644 -112 ) 
4 22 25 (389 624 -116 ) (389 624 -116.260002 ) (389 528 -116.260002 ) (389 528 -116 ) 
4 22 23 (397 528 -116.260002 ) (391 528 -116.260002 ) (391 624 -116.260002 ) (397 624 -116.260002 ) 
4 22 24 (390 528 -116.260002 ) (389 528 -116.260002 ) (389 624 -116.260002 ) (390 624 -116.260002 ) 
4 24 25 (389 624 -116.260002 ) (389 624 -188 ) (389 528 -188 ) (389 528 -116.260002 ) 
4 25 29 (261 608 -112 ) (261 608 -224 ) (261 552 -224 ) (261 552 -112 ) 
4 25 27 (293 496 -224 ) (357 496 -224 ) (357 496 -112 ) (293 496 -112 ) 
4 25 26 (389 872 -96 ) (389 872 -224 ) (261 752 -224 ) (261 752 -96 ) 
4 26 28 (261 752 -96 ) (261 1024 -96 ) (261 1024 -224 ) (261 752 -224 ) 
4 27 62 (357 488 -220 ) (357 488 -112 ) (293 488 -112 ) (293 488 -177.333344 ) 
4 27 38 (357 488 -224 ) (357 488 -220 ) (293 488 -177.333344 ) (293 488 -224 ) 
4 28 34 (5 864 -116 ) (5 864 -188 ) (5 768 -188 ) (5 768 -116 ) 
4 28 30 (5 968 -116 ) (5 968 -188 ) (5 872 -188 ) (5 872 -116 ) 
4 30 32 (3 968 -188 ) (3 872 -188 ) (3 872 -116.260002 ) (3 968 -116.260002 ) 
4 30 31 (3 872 -116.260002 ) (3 872 -116 ) (3 968 -116 ) (3 968 -116.260002 ) 
4 31 33 (2 872 -116.260002 ) (2 872 -116 ) (2 968 -116 ) (2 968 -116.260002 ) 
4 31 32 (2 872 -116.260002 ) (2 968 -116.260002 ) (3 968 -116.260002 ) (3 872 -116.260002 ) 
4 32 33 (2 968 -188 ) (2 872 -188 ) (2 872 -116.260002 ) (2 968 -116.260002 ) 
4 33 145 (0 872 -188 ) (0 872 -116 ) (0 968 -116 ) (0 968 -188 ) 
4 34 36 (3 864 -188 ) (3 768 -188 ) (3 768 -116.260002 ) (3 864 -116.260002 ) 
4 34 35 (3 768 -116.260002 ) (3 768 -116 ) (3 864 -116 ) (3 864 -116.260002 ) 
4 35 37 (2 768 -116.260002 ) (2 768 -116 ) (2 864 -116 ) (2 864 -116.260002 ) 
4 35 36 (2 768 -116.260002 ) (2 864 -116.260002 ) (3 864 -116.260002 ) (3 768 -116.260002 ) 
4 36 37 (2 864 -188 ) (2 768 -188 ) (2 768 -116.260002 ) (2 864 -116.260002 ) 
4 37 146 (0 768 -188 ) (0 768 -116 ) (0 864 -116 ) (0 864 -188 ) 
4 38 62 (261 488 -156 ) (261 312 -156 ) (363 312 -224 ) (363 488 -224 ) 
4 39 63 (375 312 -232 ) (387 312 -240 ) (387 408 -240 ) (375 408 -232 ) 
4 39 59 (387 312 -240 ) (393 312 -244 ) (393 408 -244 ) (387 408 -240 ) 
4 39 44 (357 488 -244 ) (392.998047 488 -244 ) (392.998047 312 -244 ) (357 312 -244 ) 
4 40 44 (301 488 -244 ) (349 488 -244 ) (349 312 -244 ) (301 312 -244 ) 
4 41 44 (261 312 -244 ) (261 488 -244 ) (293 488 -244 ) (293 312 -244 ) 
4 42 66 (537 488 -340 ) (519 488 -328 ) (519 392 -328 ) (537 392 -340 ) 
4 42 68 (645 392 -412 ) (645 488 -412 ) (537 488 -340 ) (537 392 -340 ) 
5 42 43 (519 392 -336 ) (519 392 -416 ) (645 392 -416 ) (645 392 -412 ) (525 392 -332 ) 
4 42 44 (519 488 -416 ) (519 392 -416 ) (519 392 -328 ) (519 488 -328 ) 
4 43 67 (525 312 -332 ) (537 312 -340 ) (537 392 -340 ) (525 392 -332 ) 
4 43 68 (537 312 -340 ) (645 312 -412 ) (645 392 -412 ) (537 392 -340 ) 
4 43 44 (519 392 -416 ) (519 312 -416 ) (519 312 -336 ) (519 392 -336 ) 
4 44 69 (261 432 -416 ) (261 368 -416 ) (261 368 -304 ) (261 432 -304 ) 
4 44 59 (393 312 -244 ) (519 312 -328 ) (519 408 -328 ) (393 408 -244 ) 
4 45 59 (519 408 64 ) (519 312 64 ) (519 312 344 ) (519 408 344 ) 
4 45 48 (519 488 344 ) (519 488 64 ) (519 408 64 ) (519 408 344 ) 
4 46 59 (519 408 -128 ) (519 312 -128 ) (519 312 56 ) (519 408 56 ) 
4 46 48 (519 488 56 ) (519 488 -128 ) (519 408 -128 ) (519 408 56 ) 
4 47 59 (519 408 -320 ) (519 312 -320 ) (519 312 -136 ) (519 408 -136 ) 
4 47 52 (519 488 -296 ) (519 488 -312 ) (519 408 -312 ) (519 408 -296 ) 
4 47 48 (519 488 -136 ) (519 488 -296 ) (519 408 -296 ) (519 408 -136 ) 
4 48 59 (483 408 -296 ) (519 408 -296 ) (519 408 344 ) (483 408 344 ) 
4 48 53 (507 408 -296 ) (495 408 -296 ) (495 488 -296 ) (507 488 -296 ) 
4 48 52 (519 408 -296 ) (507 408 -296 ) (507 488 -296 ) (519 488 -296 ) 
4 48 49 (483 408 -288 ) (483 408 344 ) (483 488 344 ) (483 488 -288 ) 
4 49 59 (483 408 -288 ) (483 408 344 ) (471 408 344 ) (471 408 -288 ) 
4 49 50 (471 488 344 ) (471 488 -280 ) (471 408 -280 ) (471 408 344 ) 
4 50 59 (471 408 -280 ) (471 408 344 ) (459 408 344 ) (459 408 -280 ) 
4 50 51 (459 488 344 ) (459 488 -272 ) (459 408 -272 ) (459 408 344 ) 
4 51 59 (459 408 -272 ) (459 408 344 ) (447 408 344 ) (447 408 -272 ) 
4 51 58 (447 488 -256 ) (447 488 -264 ) (447 408 -264 ) (447 408 -256 ) 
4 51 54 (447 488 344 ) (447 488 -256 ) (447 408 -256 ) (447 408 344 ) 
4 52 59 (519 408 -312 ) (519 408 -296 ) (507 408 -296 ) (507 408 -312 ) 
4 52 53 (507 408 -304 ) (507 408 -296 ) (507 488 -296 ) (507 488 -304 ) 
4 53 59 (507 408 -304 ) (507 408 -296 ) (495 408 -296 ) (495 408 -304 ) 
4 54 59 (423 408 -256 ) (447 408 -256 ) (447 408 344 ) (423 408 344 ) 
4 54 58 (447 488 -256 ) (447 408 -256 ) (435 408 -256 ) (435 488 -256 ) 
4 54 55 (423 408 -248 ) (423 408 344 ) (423 488 344 ) (423 488 -248 ) 
4 55 59 (423 408 -248 ) (423 408 344 ) (411 408 344 ) (411 408 -248 ) 
4 55 56 (411 488 344 ) (411 488 -240 ) (411 408 -240 ) (411 408 344 ) 
4 56 59 (411 408 -240 ) (411 408 344 ) (399 408 344 ) (399 408 -240 ) 
4 56 57 (399 488 344 ) (399 488 -232 ) (399 408 -232 ) (399 408 344 ) 
4 57 62 (387 488 -40 ) (387 488 -224 ) (387 408 -224 ) (387 408 -40 ) 
4 57 61 (387 488 152 ) (387 488 -32 ) (387 408 -32 ) (387 408 152 ) 
4 57 60 (387 488 344 ) (387 488 160 ) (387 408 160 ) (387 408 344 ) 
4 57 59 (387 408 344 ) (387 408 -232 ) (399 408 -232 ) (399 408 344 ) 
4 58 59 (447 408 -264 ) (447 408 -256 ) (435 408 -256 ) (435 408 -264 ) 
4 59 63 (387 408 -240 ) (387 312 -240 ) (387 312 -232 ) (387 408 -232 ) 
4 59 62 (387 312 -224 ) (387 312 -40 ) (387 408 -40 ) (387 408 -224 ) 
4 59 61 (387 312 -32 ) (387 312 152 ) (387 408 152 ) (387 408 -32 ) 
4 59 60 (387 312 160 ) (387 312 344 ) (387 408 344 ) (387 408 160 ) 
4 60 108 (293 312 160 ) (357 312 160 ) (357 312 256 ) (293 312 256 ) 
4 60 78 (293 312 256 ) (357 312 256 ) (357 312 272 ) (293 312 272 ) 
4 64 68 (629 488 -340 ) (645 488 -340 ) (645 312 -340 ) (629 312 -340 ) 
4 65 68 (573 488 -340 ) (621 488 -340 ) (621 312 -340 ) (573 312 -340 ) 
5 66 67 (537 392 -340 ) (565 392 -340 ) (565 392 -328 ) (531 392 -328 ) (525 392 -332 ) 
4 66 68 (537 392 -340 ) (537 488 -340 ) (565 488 -340 ) (565 392 -340 ) 
4 67 68 (537 312 -340 ) (537 392 -340 ) (565 392 -340 ) (565 312 -340 ) 
4 69 77 (253 368 -416 ) (253 368 -304 ) (253 432 -304 ) (253 432 -416 ) 
4 70 151 (0 312 400 ) (0 312 416 ) (0 356 416 ) (0 358 400 ) 
4 70 79 (139.499985 312 416 ) (0 312 416 ) (0 312 400 ) (140.749985 312 400 ) 
4 70 71 (140.750000 312 400 ) (0 312 400 ) (0 358 400 ) (112 358 400 ) 
4 71 152 (0 312 262 ) (0 312 400 ) (0 360 400 ) (0 360 262 ) 
4 71 80 (0 312 400 ) (0 312 262 ) (142 312 262 ) (142 312 400 ) 
4 71 72 (130.750000 312 262 ) (0 312 262 ) (0 350 262 ) (107 350 262 ) 
4 72 154 (0 312 256 ) (0 312 262 ) (0 350 262 ) (0 350 256 ) 
4 72 81 (0 312 262 ) (0 312 256 ) (130.750015 312 256 ) (130.750015 312 262 ) 
4 72 73 (130.750015 312 256 ) (0 312 256 ) (0 350 256 ) (107 350 256 ) 
4 73 156 (0 312 160 ) (0 312 256 ) (0 360 256 ) (0 360 160 ) 
4 73 109 (142 312 256 ) (0 312 256 ) (0 312 160 ) (142 312 160 ) 
4 74 77 (221 368 -288 ) (157 368 -288 ) (157 432 -288 ) (221 432 -288 ) 
4 75 77 (93 368 -288 ) (29 368 -288 ) (29 432 -288 ) (93 432 -288 ) 
4 76 197 (0 472 -300 ) (0 472 -416 ) (0 464 -416 ) (0 464 -300 ) 
4 76 77 (0 464 -416 ) (29 464 -416 ) (29 464 -300 ) (0 464 -300 ) 
4 77 200 (0 336 -288 ) (0 464 -288 ) (0 464 -416 ) (0 336 -416 ) 
4 78 108 (293 312 256 ) (357 312 256 ) (357 304 256 ) (293 304 256 ) 
4 78 85 (296 304 256 ) (352 304 256 ) (352 304 272 ) (296 304 272 ) 
4 79 151 (0 312 416 ) (0 312 400 ) (0 304 400 ) (0 304 416 ) 
4 79 84 (144.500000 304 416 ) (0 304 416 ) (0 304 400 ) (145.750000 304 400 ) 
4 79 80 (0 312 400 ) (140.750000 312 400 ) (145.750000 304 400 ) (0 304 400 ) 
4 80 152 (0 312 400 ) (0 312 262 ) (0 304 262 ) (0 304 400 ) 
4 80 90 (147 304 262 ) (147 304 400 ) (0 304 400 ) (0 304 262 ) 
4 80 81 (0 312 262 ) (130.750000 312 262 ) (135.750000 304 262 ) (0 304 262 ) 
4 81 154 (0 312 262 ) (0 312 256 ) (0 304 256 ) (0 304 262 ) 
4 81 109 (0 312 256 ) (130.750000 312 256 ) (135.750000 304 256 ) (0 304 256 ) 
4 81 91 (0 304 256 ) (135.750000 304 256 ) (135.750000 304 262 ) (0 304 262 ) 
4 82 92 (660 286 416 ) (654 286 416 ) (654 286 400 ) (662 286 400 ) 
4 82 99 (654 286 416 ) (158.249969 286 416 ) (158.250015 286 400 ) (654 286 400 ) 
4 82 89 (290 286 400 ) (158.249969 286 400 ) (153.249069 294.001465 400 ) (290 294.001465 400 ) 
4 82 88 (296 286 400 ) (290 286 400 ) (290 294.001465 400 ) (296 294.001465 400 ) 
4 82 86 (662 286 400 ) (358 286 400 ) (358 294.001465 400 ) (662 294.001465 400 ) 
4 82 87 (358 286 400 ) (296 286 400 ) (296 294.001465 400 ) (358 294.001465 400 ) 
4 82 83 (153.249084 294.001465 400 ) (158.250000 286 400 ) (158.250000 286 416 ) (154.499084 292.001465 416 ) 
4 83 151 (0 286 400 ) (0 286 416 ) (0 292.001465 416 ) (0 294.001465 400 ) 
4 83 99 (158.249969 286 416 ) (0 286 416 ) (0 286 400 ) (158.250015 286 400 ) 
4 83 90 (158.249969 286 400 ) (0 286 400 ) (0 294.001465 400 ) (153.249069 294.001465 400 ) 
4 83 84 (151.998779 294.001953 400 ) (0 294.001953 400 ) (0 292.001953 416 ) (151.998764 292.001953 416 ) 
4 84 151 (0 292.001465 416 ) (0 304 416 ) (0 304 400 ) (0 294.001465 400 ) 
4 84 90 (0 294.001465 400 ) (0 304 400 ) (145.750000 304 400 ) (152 294.001465 400 ) 
4 85 110 (352 296 256 ) (296 296 256 ) (296 304 256 ) (352 304 256 ) 
4 85 87 (296 296 272 ) (296 296 256 ) (352 296 256 ) (352 296 272 ) 
4 86 93 (664 286 262 ) (664 286 400 ) (654 286 400 ) (654 286 262 ) 
4 86 99 (654 286 400 ) (358 286 400 ) (358 286 262 ) (654 286 262 ) 
4 86 87 (358 296 400 ) (358 296 262 ) (358 286 262 ) (358 286 400 ) 
4 87 113 (358 286 256 ) (296 286 256 ) (296 296 256 ) (358 296 256 ) 
4 87 99 (296 286 256 ) (358 286 256 ) (358 286 400 ) (296 286 400 ) 
4 87 88 (296 286 256 ) (296 286 400 ) (296 296 400 ) (296 296 256 ) 
4 88 114 (296 286 256 ) (290 286 256 ) (290 296 256 ) (296 296 256 ) 
4 88 99 (290 286 256 ) (296 286 256 ) (296 286 400 ) (290 286 400 ) 
4 88 89 (290 296 400 ) (290 296 262 ) (290 286 262 ) (290 286 400 ) 
4 89 99 (290 286 262 ) (290 286 400 ) (158.250015 286 400 ) (158.250000 286 262 ) 
4 89 90 (158.249756 286 262 ) (158.249756 286 400 ) (152 296 400 ) (152 296 262 ) 
4 90 152 (0 286 262 ) (0 286 400 ) (0 304 400 ) (0 304 262 ) 
4 90 99 (158.250000 286 262 ) (158.250015 286 400 ) (0 286 400 ) (0 286 262 ) 
4 90 91 (0 304 262 ) (135.750000 304 262 ) (147 286 262 ) (0 286 262 ) 
4 91 154 (0 304 256 ) (0 286 256 ) (0 286 262 ) (0 304 262 ) 
4 91 115 (147 286 256 ) (0 286 256 ) (0 304 256 ) (135.750000 304 256 ) 
4 91 99 (0 286 256 ) (147 286 256 ) (147 286 262 ) (0 286 262 ) 
4 92 101 (660 178 416 ) (654 178 416 ) (654 178 400 ) (662 178 400 ) 
4 92 98 (662 178 400 ) (654 178 400 ) (654 208 400 ) (662 208 400 ) 
4 92 95 (654 210 400 ) (654 260 400 ) (662 260 400 ) (662 210 400 ) 
4 92 93 (654 260 400 ) (654 286 400 ) (662 286 400 ) (662 260 400 ) 
4 92 97 (654 208 400 ) (654 210 400 ) (662 210 400 ) (662 208 400 ) 
4 92 99 (654 286 416 ) (654 286 400 ) (654 178 400 ) (654 178 416 ) 
4 93 94 (664 260 400 ) (663 260 400 ) (663 260 269 ) (664 260 269 ) 
4 93 95 (663 260 400 ) (654 260 400 ) (654 260 262 ) (663 260 262 ) 
4 93 99 (654 286 400 ) (654 286 262 ) (654 260 262 ) (654 260 400 ) 
4 94 95 (663 260 400 ) (663 260 269 ) (663 210 264 ) (663 210 400 ) 
4 94 97 (664 210 400 ) (663 210 400 ) (663 210 264 ) (664 210 264 ) 
4 95 96 (663 210 262 ) (654 210 262 ) (654 257 262 ) (663 257 262 ) 
4 95 97 (663 210 400 ) (654 210 400 ) (654 210 262 ) (663 210 262 ) 
4 95 99 (654 210 262 ) (654 210 400 ) (654 260 400 ) (654 260 262 ) 
4 96 113 (663 210 256 ) (654 210 256 ) (654 257 256 ) (663 257 256 ) 
4 96 99 (654 257 256 ) (654 210 256 ) (654 210 262 ) (654 257 262 ) 
4 96 97 (654 210 262 ) (654 210 256 ) (663 210 256 ) (663 210 262 ) 
4 97 112 (664 210 256 ) (664 208 256 ) (663 208 256 ) (663 210 256 ) 
4 97 113 (663 208 256 ) (654 208 256 ) (654 210 256 ) (663 210 256 ) 
4 97 98 (664 208 400 ) (654 208 400 ) (654 208 262 ) (664 208 262 ) 
4 97 99 (654 210 256 ) (654 208 256 ) (654 208 400 ) (654 210 400 ) 
4 98 102 (664 178 262 ) (664 178 400 ) (654 178 400 ) (654 178 262 ) 
4 98 99 (654 178 262 ) (654 178 400 ) (654 208 400 ) (654 208 262 ) 
4 99 154 (0 286 256 ) (0 178 256 ) (0 178 262 ) (0 286 262 ) 
4 99 151 (0 178 400 ) (0 178 416 ) (0 286 416 ) (0 286 400 ) 
4 99 152 (0 178 262 ) (0 178 400 ) (0 286 400 ) (0 286 262 ) 
4 99 114 (296 178 256 ) (225.749985 178 256 ) (158.250000 286 256 ) (296 286 256 ) 
4 99 115 (225.749985 178 256 ) (0 178 256 ) (0 286 256 ) (158.250000 286 256 ) 
4 99 113 (654 178 256 ) (296 178 256 ) (296 286 256 ) (654 286 256 ) 
4 99 107 (0 178 256 ) (142 178 256 ) (142 178 262 ) (0 178 262 ) 
4 99 106 (350 178 256 ) (466 178 256 ) (466 178 262 ) (350 178 262 ) 
4 99 103 (478 178 400 ) (338 178 400 ) (338 178 356 ) (478 178 356 ) 
4 99 104 (338 178 352 ) (338 178 262 ) (478 178 262 ) (478 178 352 ) 
4 99 102 (654 178 262 ) (654 178 400 ) (478 178 400 ) (478 178 262 ) 
4 99 105 (338 178 400 ) (0 178 400 ) (0 178 262 ) (338 178 262 ) 
4 99 101 (654 178 400 ) (654 178 416 ) (148 178 416 ) (150 178 400 ) 
4 99 100 (148 178 416 ) (0 178 416 ) (0 178 400 ) (150 178 400 ) 
4 100 151 (0 168 400 ) (0 168 416 ) (0 178 416 ) (0 178 400 ) 
4 100 136 (148 168 416 ) (0 168 416 ) (0 168 400 ) (150 168 400 ) 
4 100 105 (0 178 400 ) (150 178 400 ) (150 168 400 ) (0 168 400 ) 
4 100 101 (150 170 400 ) (150 178 400 ) (148 178 416 ) (148 172 416 ) 
4 101 103 (338 178 400 ) (478 178 400 ) (478 170 400 ) (338 170 400 ) 
4 101 102 (478 178 400 ) (662 178 400 ) (662 170 400 ) (478 170 400 ) 
4 101 105 (150 178 400 ) (338 178 400 ) (338 170 400 ) (150 170 400 ) 
4 102 103 (478 168 356 ) (478 168 400 ) (478 178 400 ) (478 178 356 ) 
4 102 104 (478 178 262 ) (478 168 262 ) (478 168 352 ) (478 178 352 ) 
4 103 105 (338 168 356 ) (338 168 400 ) (338 178 400 ) (338 178 356 ) 
4 104 132 (376 168 336 ) (376 168 352 ) (348 168 352 ) (346 168 336 ) 
4 104 134 (344 168 262 ) (376 168 262 ) (376 168 336 ) (344 168 336 ) 
4 104 129 (376 168 262 ) (378 168 262 ) (378 168 310 ) (376 168 310 ) 
4 104 122 (378 168 262 ) (438 168 262 ) (438 168 310 ) (378 168 310 ) 
4 104 121 (438 168 262 ) (440 168 262 ) (440 168 310 ) (438 168 310 ) 
4 104 120 (440 168 310 ) (440 168 312 ) (376 168 312 ) (376 168 310 ) 
4 104 118 (440 168 336 ) (440 168 352 ) (376 168 352 ) (376 168 336 ) 
4 104 119 (440 168 312 ) (440 168 336 ) (376 168 336 ) (376 168 312 ) 
4 104 116 (468 168 352 ) (440 168 352 ) (440 168 336 ) (470 168 336 ) 
4 104 117 (440 168 262 ) (472 168 262 ) (472 168 336 ) (440 168 336 ) 
4 104 106 (350 178 262 ) (466 178 262 ) (466 168 262 ) (350 168 262 ) 
4 104 105 (338 178 262 ) (338 168 262 ) (338 168 352 ) (338 178 352 ) 
4 105 152 (0 168 262 ) (0 168 400 ) (0 178 400 ) (0 178 262 ) 
4 105 137 (152 168 400 ) (142 168 400 ) (142 168 262 ) (152 168 262 ) 
4 105 139 (142 168 400 ) (0 168 400 ) (0 168 262 ) (142 168 262 ) 
4 105 107 (0 178 262 ) (142 178 262 ) (142 168 262 ) (0 168 262 ) 
4 106 134 (376 168 262 ) (350 168 262 ) (350 168 256 ) (376 168 256 ) 
4 106 129 (378 168 262 ) (376 168 262 ) (376 168 256 ) (378 168 256 ) 
4 106 122 (438 168 262 ) (378 168 262 ) (378 168 256 ) (438 168 256 ) 
4 106 121 (440 168 262 ) (438 168 262 ) (438 168 256 ) (440 168 256 ) 
4 106 117 (466 168 262 ) (440 168 262 ) (440 168 256 ) (466 168 256 ) 
4 106 113 (466 168 256 ) (350 168 256 ) (350 178 256 ) (466 178 256 ) 
4 107 154 (0 178 256 ) (0 168 256 ) (0 168 262 ) (0 178 262 ) 
4 107 139 (142 168 262 ) (0 168 262 ) (0 168 256 ) (142 168 256 ) 
4 107 115 (142 168 256 ) (0 168 256 ) (0 178 256 ) (142 178 256 ) 
4 108 110 (296 304 160 ) (352 304 160 ) (352 304 256 ) (296 304 256 ) 
4 109 156 (0 312 256 ) (0 312 160 ) (0 304 160 ) (0 304 256 ) 
4 109 115 (0 304 160 ) (147 304 160 ) (147 304 256 ) (0 304 256 ) 
4 110 113 (296 296 256 ) (296 296 160 ) (352 296 160 ) (352 296 256 ) 
4 111 113 (663 296 256 ) (663 296 160 ) (663 260 160 ) (663 260 256 ) 
4 112 113 (663 210 160 ) (663 168 160 ) (663 168 256 ) (663 210 256 ) 
4 113 134 (344 168 160 ) (376 168 160 ) (376 168 256 ) (344 168 256 ) 
4 113 131 (376 168 160 ) (440 168 160 ) (440 168 184 ) (376 168 184 ) 
4 113 130 (440 168 184 ) (440 168 186 ) (376 168 186 ) (376 168 184 ) 
4 113 129 (378 168 256 ) (376 168 256 ) (376 168 186 ) (378 168 186 ) 
4 113 126 (407 168 186 ) (409 168 186 ) (409 168 227 ) (407 168 227 ) 
4 113 125 (409 168 186 ) (438 168 186 ) (438 168 227 ) (409 168 227 ) 
4 113 128 (378 168 227 ) (378 168 186 ) (407 168 186 ) (407 168 227 ) 
4 113 122 (438 168 256 ) (378 168 256 ) (378 168 227 ) (438 168 227 ) 
4 113 121 (440 168 186 ) (440 168 256 ) (438 168 256 ) (438 168 186 ) 
4 113 117 (440 168 160 ) (472 168 160 ) (472 168 256 ) (440 168 256 ) 
4 113 114 (296 296 160 ) (296 168 160 ) (296 168 256 ) (296 296 256 ) 
4 114 115 (152 296 160 ) (232 168 160 ) (232 168 256 ) (152 296 256 ) 
4 115 156 (0 304 160 ) (0 168 160 ) (0 168 256 ) (0 304 256 ) 
4 115 138 (142 168 160 ) (152 168 160 ) (152 168 256 ) (142 168 256 ) 
4 115 139 (0 168 160 ) (142 168 160 ) (142 168 256 ) (0 168 256 ) 
4 116 118 (440 108 352 ) (440 168 352 ) (440 168 336 ) (440 106 336 ) 
4 116 117 (440 106 336 ) (440 168 336 ) (470 168 336 ) (470 106 336 ) 
4 117 131 (440 168 184 ) (440 168 160 ) (440 104 160 ) (440 104 184 ) 
4 117 130 (440 168 186 ) (440 168 184 ) (440 108 184 ) (440 108 186 ) 
4 117 121 (440 168 310 ) (440 168 186 ) (440 108 186 ) (440 108 310 ) 
4 117 120 (440 168 312 ) (440 168 310 ) (440 108 310 ) (440 108 312 ) 
4 117 119 (440 168 336 ) (440 168 312 ) (440 104 312 ) (440 104 336 ) 
4 118 132 (376 108 352 ) (376 168 352 ) (376 168 336 ) (376 106 336 ) 
4 118 119 (376 106 336 ) (376 168 336 ) (440 168 336 ) (440 106 336 ) 
4 119 134 (376 168 336 ) (376 168 312 ) (376 104 312 ) (376 104 336 ) 
4 119 120 (376 108 312 ) (376 168 312 ) (440 168 312 ) (440 108 312 ) 
4 120 134 (376 108 312 ) (376 168 312 ) (376 168 310 ) (376 108 310 ) 
4 120 129 (376 108 310 ) (376 168 310 ) (378 168 310 ) (378 108 310 ) 
4 120 122 (378 168 310 ) (438 168 310 ) (438 108 310 ) (378 108 310 ) 
4 120 121 (438 168 310 ) (440 168 310 ) (440 108 310 ) (438 108 310 ) 
4 121 130 (438 168 186 ) (440 168 186 ) (440 108 186 ) (438 108 186 ) 
4 121 125 (438 168 186 ) (438 108 186 ) (438 108 227 ) (438 168 227 ) 
4 121 122 (438 108 227 ) (438 108 310 ) (438 168 310 ) (438 168 227 ) 
4 122 129 (378 108 310 ) (378 168 310 ) (378 168 227 ) (378 108 227 ) 
4 122 126 (407 168 227 ) (409 168 227 ) (409 104 227 ) (407 104 227 ) 
4 122 125 (409 168 227 ) (438 168 227 ) (438 104 227 ) (409 104 227 ) 
4 122 128 (378 104 227 ) (378 168 227 ) (407 168 227 ) (407 104 227 ) 
4 122 123 (378 104 310 ) (378 104 229 ) (438 104 229 ) (438 104 310 ) 
4 123 124 (378 100 310 ) (378 100 229 ) (438 100 229 ) (438 100 310 ) 
4 124 135 (438 96 310 ) (378 96 310 ) (378 96 227 ) (438 96 227 ) 
4 124 127 (407 100 227 ) (409 100 227 ) (409 96 227 ) (407 96 227 ) 
4 124 125 (409 100 227 ) (438 100 227 ) (438 96 227 ) (409 96 227 ) 
4 124 128 (378 96 227 ) (378 100 227 ) (407 100 227 ) (407 96 227 ) 
4 125 135 (409 96 186 ) (438 96 186 ) (438 96 227 ) (409 96 227 ) 
4 125 130 (409 168 186 ) (438 168 186 ) (438 108 186 ) (409 108 186 ) 
4 125 126 (409 168 186 ) (409 104 186 ) (409 104 227 ) (409 168 227 ) 
4 125 127 (409 100 186 ) (409 96 186 ) (409 96 227 ) (409 100 227 ) 
4 126 130 (407 168 186 ) (409 168 186 ) (409 108 186 ) (407 108 186 ) 
4 126 128 (407 168 186 ) (407 104 186 ) (407 104 227 ) (407 168 227 ) 
4 127 135 (407 96 186 ) (409 96 186 ) (409 96 227 ) (407 96 227 ) 
4 127 128 (407 100 186 ) (407 96 186 ) (407 96 227 ) (407 100 227 ) 
4 128 135 (378 96 227 ) (378 96 186 ) (407 96 186 ) (407 96 227 ) 
4 128 130 (378 168 186 ) (407 168 186 ) (407 108 186 ) (378 108 186 ) 
4 128 129 (378 168 186 ) (378 108 186 ) (378 108 227 ) (378 168 227 ) 
4 129 134 (376 108 310 ) (376 168 310 ) (376 168 186 ) (376 108 186 ) 
4 129 130 (376 108 186 ) (376 168 186 ) (378 168 186 ) (378 108 186 ) 
4 130 134 (376 108 186 ) (376 168 186 ) (376 168 184 ) (376 108 184 ) 
4 130 131 (376 108 184 ) (376 168 184 ) (440 168 184 ) (440 108 184 ) 
4 131 134 (376 104 184 ) (376 168 184 ) (376 168 160 ) (376 104 160 ) 
4 132 134 (346 106 336 ) (346 168 336 ) (376 168 336 ) (376 106 336 ) 
4 133 134 (346 104 336 ) (344 104 336 ) (344 106 336 ) (346 106 336 ) 
4 135 223 (352 0 168 ) (464 0 168 ) (464 0 328 ) (352 0 328 ) 
4 136 151 (0 168 416 ) (0 168 400 ) (0 42 400 ) (0 44 416 ) 
4 136 140 (0 42 400 ) (0 50 400 ) (150 50 400 ) (150 42 400 ) 
4 136 137 (142 168 400 ) (150 168 400 ) (150 50 400 ) (142 50 400 ) 
4 136 139 (0 50 400 ) (0 168 400 ) (142 168 400 ) (142 50 400 ) 
4 137 140 (152 50 262 ) (152 50 400 ) (142 50 400 ) (142 50 262 ) 
4 137 139 (142 50 262 ) (142 50 400 ) (142 168 400 ) (142 168 262 ) 
4 138 141 (142 50 160 ) (152 50 160 ) (152 50 256 ) (142 50 256 ) 
4 138 139 (142 50 160 ) (142 50 256 ) (142 168 256 ) (142 168 160 ) 
4 139 154 (0 168 262 ) (0 168 256 ) (0 50 256 ) (0 50 262 ) 
4 139 156 (0 168 256 ) (0 168 160 ) (0 50 160 ) (0 50 256 ) 
4 139 152 (0 168 400 ) (0 168 262 ) (0 50 262 ) (0 50 400 ) 
4 139 140 (142 50 262 ) (142 50 400 ) (0 50 400 ) (0 50 262 ) 
4 139 141 (0 50 160 ) (142 50 160 ) (142 50 256 ) (0 50 256 ) 
4 140 152 (0 40 262 ) (0 40 400 ) (0 50 400 ) (0 50 262 ) 
4 141 156 (0 50 160 ) (0 40 160 ) (0 40 256 ) (0 50 256 ) 
4 142 224 (0 0 736 ) (0 0 680 ) (112 0 680 ) (112 0 736 ) 
4 142 158 (0 0 680 ) (0 0 736 ) (0 32 736 ) (0 32 680 ) 
4 143 225 (0 0 672 ) (0 0 160 ) (112 0 160 ) (112 0 672 ) 
4 143 159 (0 0 160 ) (0 0 672 ) (0 32 672 ) (0 32 160 ) 
4 144 147 (-11 1024 -224 ) (-11 1024 -112 ) (-59 1024 -112 ) (-59 1024 -224 ) 
4 145 147 (-11 872 -188 ) (-11 872 -116 ) (-11 968 -116 ) (-11 968 -188 ) 
4 146 147 (-11 768 -188 ) (-11 768 -116 ) (-11 864 -116 ) (-11 864 -188 ) 
4 148 200 (-99 432 -288 ) (-35 432 -288 ) (-35 368 -288 ) (-99 368 -288 ) 
4 149 200 (-227 432 -288 ) (-163 432 -288 ) (-163 368 -288 ) (-227 368 -288 ) 
4 150 153 (-32 360 256 ) (-32 360 262 ) (-128 360 262 ) (-128 360 256 ) 
4 150 156 (-32 360 160 ) (-32 360 256 ) (-128 360 256 ) (-128 360 160 ) 
4 150 152 (-32 360 262 ) (-32 360 268 ) (-128 360 268 ) (-128 360 262 ) 
4 151 152 (-270 358 400 ) (0 358 400 ) (0 42 400 ) (-270 42 400 ) 
4 152 165 (-272 158 262 ) (-272 98 262 ) (-272 98 310 ) (-272 158 310 ) 
4 152 164 (-272 242 262 ) (-272 158 262 ) (-272 158 310 ) (-272 242 310 ) 
4 152 167 (-272 98 262 ) (-272 96 262 ) (-272 96 310 ) (-272 98 310 ) 
4 152 162 (-272 302 262 ) (-272 242 262 ) (-272 242 310 ) (-272 302 310 ) 
4 152 161 (-272 304 310 ) (-272 304 262 ) (-272 302 262 ) (-272 302 310 ) 
4 152 160 (-272 304 312 ) (-272 304 310 ) (-272 96 310 ) (-272 96 312 ) 
4 152 157 (-128 40 262 ) (-32 40 262 ) (-32 40 268 ) (-128 40 268 ) 
4 152 155 (-30 40 262 ) (-130 40 262 ) (-130 50 262 ) (-30 50 262 ) 
4 152 153 (-128 360 262 ) (-28 360 262 ) (-28 350 262 ) (-128 350 262 ) 
4 152 154 (-272 50 262 ) (-272 350 262 ) (0 350 262 ) (0 50 262 ) 
4 153 156 (-128 360 256 ) (-28 360 256 ) (-28 350 256 ) (-128 350 256 ) 
4 153 154 (-128 350 256 ) (-28 350 256 ) (-28 350 262 ) (-128 350 262 ) 
4 154 165 (-272 98 262 ) (-272 158 262 ) (-272 158 256 ) (-272 98 256 ) 
4 154 164 (-272 158 262 ) (-272 242 262 ) (-272 242 256 ) (-272 158 256 ) 
4 154 167 (-272 96 262 ) (-272 98 262 ) (-272 98 256 ) (-272 96 256 ) 
4 154 162 (-272 242 262 ) (-272 302 262 ) (-272 302 256 ) (-272 242 256 ) 
4 154 161 (-272 302 262 ) (-272 304 262 ) (-272 304 256 ) (-272 302 256 ) 
4 154 155 (-130 50 256 ) (-30 50 256 ) (-30 50 262 ) (-130 50 262 ) 
4 154 156 (-272 50 256 ) (-272 350 256 ) (0 350 256 ) (0 50 256 ) 
4 155 157 (-128 40 256 ) (-32 40 256 ) (-32 40 262 ) (-128 40 262 ) 
4 155 156 (-30 40 256 ) (-130 40 256 ) (-130 50 256 ) (-30 50 256 ) 
4 156 169 (-272 304 186 ) (-272 304 184 ) (-272 96 184 ) (-272 96 186 ) 
4 156 165 (-272 98 256 ) (-272 158 256 ) (-272 158 186 ) (-272 98 186 ) 
4 156 164 (-272 158 256 ) (-272 242 256 ) (-272 242 186 ) (-272 158 186 ) 
4 156 167 (-272 96 256 ) (-272 98 256 ) (-272 98 186 ) (-272 96 186 ) 
4 156 162 (-272 242 256 ) (-272 302 256 ) (-272 302 186 ) (-272 242 186 ) 
4 156 161 (-272 302 256 ) (-272 304 256 ) (-272 304 186 ) (-272 302 186 ) 
4 156 157 (-128 40 160 ) (-32 40 160 ) (-32 40 256 ) (-128 40 256 ) 
4 157 159 (-32 32 160 ) (-32 32 268 ) (-128 32 268 ) (-128 32 160 ) 
4 158 230 (0 0 680 ) (0 0 736 ) (-272 0 736 ) (-272 0 680 ) 
4 158 171 (-272 0 680 ) (-272 0 736 ) (-272 32 736 ) (-272 32 680 ) 
4 159 231 (0 0 160 ) (0 0 672 ) (-272 0 672 ) (-272 0 160 ) 
4 160 170 (-280 96 310 ) (-280 96 312 ) (-280 304 312 ) (-280 304 310 ) 
4 160 166 (-275 98 310 ) (-275 158 310 ) (-273 158 310 ) (-273 98 310 ) 
4 160 165 (-273 158 310 ) (-272 158 310 ) (-272 98 310 ) (-273 98 310 ) 
4 160 164 (-275 158 310 ) (-275 242 310 ) (-272 242 310 ) (-272 158 310 ) 
4 160 167 (-272 96 310 ) (-275 96 310 ) (-275 98 310 ) (-272 98 310 ) 
4 160 163 (-275 242 310 ) (-275 302 310 ) (-273 302 310 ) (-273 242 310 ) 
4 160 162 (-273 302 310 ) (-272 302 310 ) (-272 242 310 ) (-273 242 310 ) 
4 160 161 (-275 302 310 ) (-275 304 310 ) (-272 304 310 ) (-272 302 310 ) 
4 160 168 (-275 96 310 ) (-280 96 310 ) (-280 304 310 ) (-275 304 310 ) 
4 161 169 (-275 302 186 ) (-275 304 186 ) (-272 304 186 ) (-272 302 186 ) 
4 161 163 (-275 302 310 ) (-275 302 186 ) (-273 302 186 ) (-273 302 310 ) 
4 161 162 (-273 302 186 ) (-272 302 186 ) (-272 302 310 ) (-273 302 310 ) 
4 161 168 (-275 304 186 ) (-275 302 186 ) (-275 302 310 ) (-275 304 310 ) 
4 162 169 (-273 302 186 ) (-272 302 186 ) (-272 242 186 ) (-273 242 186 ) 
4 162 164 (-273 242 186 ) (-272 242 186 ) (-272 242 310 ) (-273 242 310 ) 
4 162 163 (-273 302 310 ) (-273 302 186 ) (-273 242 186 ) (-273 242 310 ) 
4 163 169 (-275 242 186 ) (-275 302 186 ) (-273 302 186 ) (-273 242 186 ) 
4 163 164 (-275 242 310 ) (-275 242 186 ) (-273 242 186 ) (-273 242 310 ) 
4 163 168 (-275 302 186 ) (-275 242 186 ) (-275 242 310 ) (-275 302 310 ) 
4 164 169 (-275 158 186 ) (-275 242 186 ) (-272 242 186 ) (-272 158 186 ) 
4 164 166 (-275 158 310 ) (-275 158 186 ) (-273 158 186 ) (-273 158 310 ) 
4 164 165 (-273 158 186 ) (-272 158 186 ) (-272 158 310 ) (-273 158 310 ) 
4 164 168 (-275 242 186 ) (-275 158 186 ) (-275 158 310 ) (-275 242 310 ) 
4 165 169 (-273 158 186 ) (-272 158 186 ) (-272 98 186 ) (-273 98 186 ) 
4 165 167 (-273 98 186 ) (-272 98 186 ) (-272 98 310 ) (-273 98 310 ) 
4 165 166 (-273 158 310 ) (-273 158 186 ) (-273 98 186 ) (-273 98 310 ) 
4 166 169 (-275 98 186 ) (-275 158 186 ) (-273 158 186 ) (-273 98 186 ) 
4 166 168 (-275 158 186 ) (-275 98 186 ) (-275 98 310 ) (-275 158 310 ) 
4 166 167 (-275 98 310 ) (-275 98 186 ) (-273 98 186 ) (-273 98 310 ) 
4 167 169 (-272 96 186 ) (-275 96 186 ) (-275 98 186 ) (-272 98 186 ) 
4 167 168 (-275 98 186 ) (-275 96 186 ) (-275 96 310 ) (-275 98 310 ) 
4 168 170 (-280 96 186 ) (-280 96 310 ) (-280 304 310 ) (-280 304 186 ) 
4 168 169 (-275 96 186 ) (-280 96 186 ) (-280 304 186 ) (-275 304 186 ) 
4 169 170 (-280 96 184 ) (-280 96 186 ) (-280 304 186 ) (-280 304 184 ) 
4 171 251 (-804 0 680 ) (-680 0 680 ) (-680 0 736 ) (-804 0 736 ) 
4 171 242 (-680 0 680 ) (-288 0 680 ) (-288 0 736 ) (-680 0 736 ) 
4 171 236 (-288 0 680 ) (-272 0 680 ) (-272 0 736 ) (-288 0 736 ) 
4 172 257 (-1024 0 480 ) (-1024 0 160 ) (-1001 0 160 ) (-1001 0 480 ) 
4 172 254 (-1001 0 160 ) (-808 0 160 ) (-808 0 480 ) (-1001 0 480 ) 
4 172 252 (-808 0 160 ) (-802 0 160 ) (-802 0 480 ) (-808 0 480 ) 
4 172 218 (-1024 0 160 ) (-1024 0 480 ) (-1024 7 480 ) (-1024 7 160 ) 
4 173 180 (-651 464 -280 ) (-523 464 -280 ) (-523 336 -280 ) (-651 336 -280 ) 
4 173 174 (-651 336 -280 ) (-523 336 -280 ) (-523 336 -224 ) (-651 336 -224 ) 
4 174 186 (-907 336 -280 ) (-651 336 -280 ) (-651 208 -280 ) (-907 208 -280 ) 
4 174 180 (-651 336 -280 ) (-523 336 -280 ) (-523 208 -280 ) (-651 208 -280 ) 
4 174 175 (-907 336 -224 ) (-907 336 -280 ) (-907 208 -280 ) (-907 208 -224 ) 
4 175 219 (-1024 336 -32 ) (-1024 336 -280 ) (-1024 80 -280 ) (-1024 80 -32 ) 
4 175 192 (-1024 80 -280 ) (-1024 336 -280 ) (-907 336 -280 ) (-907 80 -280 ) 
4 176 196 (-355 568 -288 ) (-291 568 -288 ) (-291 504 -288 ) (-355 504 -288 ) 
4 177 196 (-483 568 -288 ) (-419 568 -288 ) (-419 504 -288 ) (-483 504 -288 ) 
4 178 200 (-355 432 -288 ) (-291 432 -288 ) (-291 368 -288 ) (-355 368 -288 ) 
4 179 200 (-483 432 -288 ) (-419 432 -288 ) (-419 368 -288 ) (-483 368 -288 ) 
4 180 186 (-651 208 -286 ) (-651 208 -280 ) (-651 336 -280 ) (-651 336 -286 ) 
3 180 182 (-651 336 -286 ) (-651 464 -286 ) (-523 464 -286 ) 
4 180 181 (-523 208 -286 ) (-651 208 -286 ) (-651 336 -286 ) (-523 464 -286 ) 
4 181 188 (-651 208 -287 ) (-651 208 -286 ) (-651 336 -286 ) (-651 336 -287 ) 
4 181 185 (-555 304 -287 ) (-555 240 -287 ) (-619 240 -287 ) (-619 304 -287 ) 
3 181 183 (-619 368 -287 ) (-555 432 -287 ) (-555 368 -287 ) 
4 181 182 (-523 464 -287 ) (-651 336 -287 ) (-651 336 -286 ) (-523 464 -286 ) 
3 182 184 (-555 432 -287 ) (-619 368 -287 ) (-619 432 -287 ) 
3 183 202 (-555 432 -288 ) (-555 368 -288 ) (-619 368 -288 ) 
4 183 184 (-555 432 -287 ) (-555 432 -288 ) (-619 368 -288 ) (-619 368 -287 ) 
3 184 203 (-555 432 -288 ) (-619 368 -288 ) (-619 432 -288 ) 
4 185 208 (-555 240 -288 ) (-619 240 -288 ) (-619 304 -288 ) (-555 304 -288 ) 
4 186 192 (-907 208 -286 ) (-907 208 -280 ) (-907 336 -280 ) (-907 336 -286 ) 
3 186 188 (-651 208 -286 ) (-779 336 -286 ) (-651 336 -286 ) 
4 186 187 (-651 208 -286 ) (-907 208 -286 ) (-907 336 -286 ) (-779 336 -286 ) 
4 187 192 (-907 208 -287 ) (-907 208 -286 ) (-907 336 -286 ) (-907 336 -287 ) 
4 187 191 (-875 240 -287 ) (-875 304 -287 ) (-811 304 -287 ) (-811 240 -287 ) 
3 187 189 (-747 304 -287 ) (-683 240 -287 ) (-747 240 -287 ) 
4 187 188 (-651 208 -287 ) (-779 336 -287 ) (-779 336 -286 ) (-651 208 -286 ) 
3 188 190 (-683 240 -287 ) (-747 304 -287 ) (-683 304 -287 ) 
3 189 209 (-683 240 -288 ) (-747 240 -288 ) (-747 304 -288 ) 
4 189 190 (-683 240 -287 ) (-683 240 -288 ) (-747 304 -288 ) (-747 304 -287 ) 
3 190 210 (-683 304 -288 ) (-683 240 -288 ) (-747 304 -288 ) 
4 191 209 (-811 240 -288 ) (-875 240 -288 ) (-875 304 -288 ) (-811 304 -288 ) 
4 192 219 (-1024 80 -280 ) (-1024 336 -280 ) (-1024 336 -287 ) (-1024 80 -287 ) 
4 192 195 (-939 176 -287 ) (-939 112 -287 ) (-1003 112 -287 ) (-1003 176 -287 ) 
4 192 194 (-1024 209 -287 ) (-1024 336 -287 ) (-908 336 -287 ) (-908 209 -287 ) 
4 192 193 (-908 336 -287 ) (-907 336 -287 ) (-907 304 -287 ) (-908 304 -287 ) 
4 193 212 (-907 336 -288 ) (-907 304 -288 ) (-908 304 -288 ) (-908 336 -288 ) 
4 193 194 (-908 336 -288 ) (-908 304 -288 ) (-908 304 -287 ) (-908 336 -287 ) 
4 194 220 (-1024 209 -287 ) (-1024 336 -287 ) (-1024 336 -288 ) (-1024 209 -288 ) 
4 194 212 (-1024 209 -288 ) (-1024 336 -288 ) (-908 336 -288 ) (-908 209 -288 ) 
4 195 212 (-939 176 -288 ) (-939 112 -288 ) (-1003 112 -288 ) (-1003 176 -288 ) 
4 196 199 (-483 472 -416 ) (-419 472 -416 ) (-419 472 -300 ) (-483 472 -300 ) 
4 196 198 (-275 472 -380 ) (-275 472 -308 ) (-371 472 -308 ) (-371 472 -380 ) 
4 197 200 (-35 464 -416 ) (0 464 -416 ) (0 464 -300 ) (-35 464 -300 ) 
4 198 200 (-275 464 -380 ) (-275 464 -308 ) (-371 464 -308 ) (-371 464 -380 ) 
4 199 200 (-483 464 -416 ) (-419 464 -416 ) (-419 464 -300 ) (-483 464 -300 ) 
4 200 206 (-395 336 -416 ) (-267 336 -416 ) (-267 336 -293 ) (-395 336 -293 ) 
4 200 201 (-515 432 -416 ) (-515 368 -416 ) (-515 368 -300 ) (-515 432 -300 ) 
4 201 202 (-523 432 -416 ) (-523 368 -416 ) (-523 368 -300 ) (-523 432 -300 ) 
4 202 208 (-651 336 -416 ) (-523 336 -416 ) (-523 336 -288 ) (-651 336 -288 ) 
4 202 203 (-523 463.998047 -288 ) (-523 463.998047 -416 ) (-650.998047 336 -416 ) (-650.998047 336 -288 ) 
4 203 204 (-651 352 -416 ) (-651 336 -416 ) (-651 336 -288 ) (-651 352 -288 ) 
4 204 210 (-667 336 -416 ) (-651 336 -416 ) (-651 336 -288 ) (-667 336 -288 ) 
4 205 214 (-939 336 -416 ) (-907 336 -416 ) (-907 336 -415 ) (-939 336 -415 ) 
4 205 212 (-907 336 -415 ) (-907 336 -300 ) (-939 336 -300 ) (-939 336 -415 ) 
4 205 209 (-907 336 -416 ) (-875 336 -416 ) (-875 336 -300 ) (-907 336 -300 ) 
4 206 207 (-395 335 -293 ) (-395 335 -416 ) (-267 335 -416 ) (-267 335 -293 ) 
4 208 211 (-619 208 -416 ) (-555 208 -416 ) (-555 208 -300 ) (-619 208 -300 ) 
4 208 210 (-651 336 -288 ) (-651 336 -416 ) (-651 208 -416 ) (-651 208 -288 ) 
4 209 215 (-907 259.266724 -416 ) (-907 228.202606 -416 ) (-907 228.203598 -415 ) (-907 259.266296 -415 ) 
4 209 214 (-907 336 -415 ) (-907 336 -416 ) (-907 259.266724 -416 ) (-907 259.266296 -415 ) 
4 209 213 (-907 228.202606 -416 ) (-907 208 -416 ) (-907 208 -415 ) (-907 228.203598 -415 ) 
4 209 212 (-907 336 -288 ) (-907 336 -415 ) (-907 208 -415 ) (-907 208 -288 ) 
4 209 210 (-651 208 -288 ) (-651 208 -416 ) (-779 336 -416 ) (-779 336 -288 ) 
4 212 221 (-1024 80 -288 ) (-1024 336 -288 ) (-1024 336 -415 ) (-1024 80 -415 ) 
4 212 217 (-1003 80 -300 ) (-1003 80 -415 ) (-939 80 -415 ) (-939 80 -300 ) 
4 212 216 (-1012.640015 199.899994 -415 ) (-1024 196.856369 -415 ) (-1024 227.910797 -415 ) (-1020.399475 228.875732 -415 ) 
4 212 215 (-907 259.266327 -415 ) (-907 228.203583 -415 ) (-983.659912 207.664490 -415 ) (-991.424011 236.641037 -415 ) 
4 212 214 (-1024 336 -415 ) (-907 336 -415 ) (-907 259.266327 -415 ) (-1024 227.910797 -415 ) 
4 212 213 (-907 228.203583 -415 ) (-907 80 -415 ) (-1024 80 -415 ) (-1024 196.856369 -415 ) 
4 213 221 (-1024 196.855377 -416 ) (-1024 80 -416 ) (-1024 80 -415 ) (-1024 196.856369 -415 ) 
4 213 217 (-1003 80 -416 ) (-939 80 -416 ) (-939 80 -415 ) (-1003 80 -415 ) 
4 213 216 (-1024 196.855957 -415 ) (-1012.639954 199.899597 -415 ) (-1012.639648 199.898666 -416 ) (-1024 196.854950 -416 ) 
4 213 215 (-983.659790 207.664078 -415 ) (-907 228.203125 -415 ) (-907 228.202133 -416 ) (-983.658813 207.663345 -416 ) 
4 214 221 (-1024 336 -415 ) (-1024 336 -416 ) (-1024 227.911224 -416 ) (-1024 227.910797 -415 ) 
4 214 216 (-1020.399780 228.876923 -415 ) (-1024 227.912064 -415 ) (-1024 227.912521 -416 ) (-1020.399841 228.877350 -416 ) 
4 214 215 (-907 259.268036 -416 ) (-907 259.267578 -415 ) (-991.424316 236.642212 -415 ) (-991.423706 236.642838 -416 ) 
4 216 221 (-1024 227.911224 -416 ) (-1024 196.855377 -416 ) (-1024 196.856369 -415 ) (-1024 227.910797 -415 ) 
4 218 280 (-1024 0 160 ) (-1024 0 480 ) (-1104 0 480 ) (-1104 0 160 ) 
4 219 220 (-1035 209 -287 ) (-1035 336 -287 ) (-1024 336 -287 ) (-1024 209 -287 ) 
4 220 221 (-1024 336 -288 ) (-1024 209 -288 ) (-1035 209 -288 ) (-1035 336 -288 ) 
4 221 222 (-1035 304 -300 ) (-1035 304 -416 ) (-1035 240 -416 ) (-1035 240 -300 ) 
4 224 230 (0 0 736 ) (0 0 680 ) (0 -736 680 ) (0 -736 736 ) 
4 225 231 (0 0 672 ) (0 0 160 ) (0 -736 160 ) (0 -736 672 ) 
4 225 227 (0 -736 248 ) (0 -736 160 ) (112 -736 160 ) (112 -736 248 ) 
4 225 226 (0 -736 640 ) (0 -736 288 ) (48 -736 288 ) (48 -736 640 ) 
4 226 232 (0 -752 288 ) (0 -752 640 ) (0 -736 640 ) (0 -736 288 ) 
4 226 228 (0 -752 640 ) (0 -752 288 ) (48 -752 288 ) (48 -752 640 ) 
4 227 234 (0 -752 160 ) (0 -752 248 ) (0 -736 248 ) (0 -736 160 ) 
4 228 235 (0 -1024 288 ) (0 -1024 640 ) (0 -752 640 ) (0 -752 288 ) 
4 228 229 (112 -1024 288 ) (112 -1024 640 ) (0 -1024 640 ) (0 -1024 288 ) 
4 229 281 (0 -1072 288 ) (0 -1072 640 ) (0 -1024 640 ) (0 -1024 288 ) 
4 230 236 (-272 0 736 ) (-272 0 680 ) (-272 -736 680 ) (-272 -736 736 ) 
4 231 275 (-272 -344 160 ) (-272 -232 160 ) (-226 -232 160 ) (-226 -344 160 ) 
4 231 239 (-272 -224 160 ) (-272 -352 160 ) (-272 -352 416 ) (-272 -224 416 ) 
4 231 234 (-272 -736 248 ) (-272 -736 160 ) (0 -736 160 ) (0 -736 248 ) 
4 231 233 (-208 -736 288 ) (-104 -736 288 ) (-104 -736 640 ) (-208 -736 640 ) 
4 231 232 (-56 -736 288 ) (0 -736 288 ) (0 -736 640 ) (-56 -736 640 ) 
4 232 235 (-56 -752 288 ) (0 -752 288 ) (0 -752 640 ) (-56 -752 640 ) 
4 233 235 (-208 -752 288 ) (-104 -752 288 ) (-104 -752 640 ) (-208 -752 640 ) 
4 235 281 (0 -1024 288 ) (0 -1024 640 ) (-272 -1024 640 ) (-272 -1024 288 ) 
4 236 242 (-288 0 736 ) (-288 0 680 ) (-288 -736 680 ) (-288 -736 736 ) 
4 237 239 (-284 -224 416 ) (-284 -224 160 ) (-276 -224 160 ) (-276 -224 416 ) 
4 237 238 (-284 -224 672 ) (-284 -224 544 ) (-280 -224 544 ) (-280 -224 672 ) 
4 238 240 (-284 -352 672 ) (-284 -352 544 ) (-280 -352 544 ) (-280 -352 672 ) 
4 239 241 (-284 -224 160 ) (-284 -352 160 ) (-284 -352 416 ) (-284 -224 416 ) 
4 239 240 (-284 -352 416 ) (-284 -352 160 ) (-276 -352 160 ) (-276 -352 416 ) 
4 241 248 (-288 -224 160 ) (-288 -352 160 ) (-288 -352 416 ) (-288 -224 416 ) 
4 242 259 (-680 -581 680 ) (-680 -736 680 ) (-680 -736 736 ) (-680 -581 736 ) 
4 242 251 (-680 0 736 ) (-680 0 680 ) (-680 -581 680 ) (-680 -581 736 ) 
4 242 245 (-680 -486 680 ) (-680 -218 680 ) (-548 -218 680 ) (-548 -486 680 ) 
4 242 243 (-288 -90 680 ) (-288 -486 680 ) (-548 -486 680 ) (-548 -90 680 ) 
4 243 247 (-420 -486 544 ) (-548 -486 544 ) (-548 -90 544 ) (-420 -90 544 ) 
4 243 246 (-288 -90 544 ) (-288 -486 544 ) (-420 -486 544 ) (-420 -90 544 ) 
4 243 245 (-548 -218 544 ) (-548 -486 544 ) (-548 -486 680 ) (-548 -218 680 ) 
4 244 247 (-548 -720 544 ) (-548 -490 544 ) (-420 -490 544 ) (-420 -720 544 ) 
4 245 249 (-680 -486 544 ) (-680 -218 544 ) (-548 -218 544 ) (-548 -486 544 ) 
4 246 248 (-288 -90 416 ) (-288 -486 416 ) (-420 -486 416 ) (-420 -90 416 ) 
4 246 247 (-420 -90 416 ) (-420 -486 416 ) (-420 -486 544 ) (-420 -90 544 ) 
4 247 249 (-548 -486 544 ) (-548 -218 544 ) (-548 -218 416 ) (-548 -486 416 ) 
4 247 248 (-548 -486 416 ) (-548 -90 416 ) (-420 -90 416 ) (-420 -486 416 ) 
4 248 250 (-548 -218 160 ) (-548 -486 160 ) (-548 -486 416 ) (-548 -218 416 ) 
4 249 250 (-680 -486 416 ) (-680 -218 416 ) (-548 -218 416 ) (-548 -486 416 ) 
4 250 276 (-680 -447 160 ) (-680 -255 160 ) (-674 -255 160 ) (-674 -447 160 ) 
4 250 253 (-680 -249 160 ) (-680 -453 160 ) (-680 -453 416 ) (-680 -249 416 ) 
4 251 263 (-800 -581 736 ) (-804 -581 736 ) (-804 -581 680 ) (-800 -581 680 ) 
4 251 260 (-792 -581 736 ) (-800 -581 736 ) (-800 -581 680 ) (-792 -581 680 ) 
4 251 259 (-680 -581 680 ) (-680 -581 736 ) (-792 -581 736 ) (-792 -581 680 ) 
4 252 254 (-808 0 160 ) (-808 -218 160 ) (-808 -218 480 ) (-808 0 480 ) 
4 253 276 (-680 -255 160 ) (-680 -447 160 ) (-808 -447 160 ) (-808 -255 160 ) 
4 253 255 (-802 -453 224 ) (-802 -453 416 ) (-808 -453 416 ) (-808 -453 224 ) 
4 253 254 (-808 -249 160 ) (-808 -453 160 ) (-808 -453 416 ) (-808 -249 416 ) 
4 254 258 (-1001 -225 160 ) (-1001 -453 160 ) (-1001 -453 480 ) (-1001 -225 480 ) 
4 254 257 (-1001 0 160 ) (-1001 -224 160 ) (-1001 -224 480 ) (-1001 0 480 ) 
4 254 255 (-808 -453 224 ) (-808 -453 480 ) (-809 -453 480 ) (-809 -453 224 ) 
4 254 256 (-1001 -453 480 ) (-1001 -453 160 ) (-809 -453 160 ) (-809 -453 480 ) 
4 255 256 (-809 -581 224 ) (-809 -581 480 ) (-809 -453 480 ) (-809 -453 224 ) 
4 256 268 (-976 -581 160 ) (-832 -581 160 ) (-832 -581 288 ) (-976 -581 288 ) 
4 256 258 (-1001 -453 160 ) (-1001 -581 160 ) (-1001 -581 480 ) (-1001 -453 480 ) 
4 257 280 (-1024 0 480 ) (-1024 0 160 ) (-1024 -224 160 ) (-1024 -224 480 ) 
4 259 260 (-792 -581 680 ) (-792 -592 680 ) (-792 -592 736 ) (-792 -581 736 ) 
4 260 263 (-800 -581 736 ) (-800 -581 680 ) (-800 -584 680 ) (-800 -584 736 ) 
4 261 274 (-804 -736 1152 ) (-808 -736 1152 ) (-808 -736 744 ) (-804 -736 744 ) 
4 261 272 (-800 -736 744 ) (-800 -736 1152 ) (-804 -736 1152 ) (-804 -736 744 ) 
4 261 262 (-808 -736 744 ) (-808 -736 1152 ) (-808 -592 1152 ) (-808 -592 744 ) 
4 262 274 (-808 -736 1152 ) (-832 -736 1152 ) (-832 -736 736 ) (-808 -736 736 ) 
4 262 269 (-832 -592 736 ) (-832 -736 736 ) (-832 -736 1152 ) (-832 -592 1152 ) 
4 262 264 (-832 -736 736 ) (-832 -592 736 ) (-812 -592 736 ) (-812 -736 736 ) 
4 264 274 (-812 -736 736 ) (-832 -736 736 ) (-832 -736 680 ) (-812 -736 680 ) 
4 264 269 (-832 -592 680 ) (-832 -736 680 ) (-832 -736 736 ) (-832 -592 736 ) 
4 264 266 (-832 -736 680 ) (-832 -592 680 ) (-812 -592 680 ) (-812 -736 680 ) 
4 265 273 (-800 -736 288 ) (-800 -736 672 ) (-804 -736 672 ) (-804 -736 288 ) 
4 265 267 (-800 -592 288 ) (-800 -736 288 ) (-804 -736 288 ) (-804 -592 288 ) 
4 265 266 (-804 -592 288 ) (-804 -736 288 ) (-804 -736 672 ) (-804 -592 672 ) 
4 266 274 (-804 -736 680 ) (-832 -736 680 ) (-832 -736 288 ) (-804 -736 288 ) 
4 266 269 (-832 -592 288 ) (-832 -736 288 ) (-832 -736 680 ) (-832 -592 680 ) 
4 266 267 (-832 -736 288 ) (-832 -592 288 ) (-804 -592 288 ) (-804 -736 288 ) 
4 267 278 (-808 -736 160 ) (-832 -736 160 ) (-832 -592 160 ) (-808 -592 160 ) 
4 267 277 (-800 -592 160 ) (-800 -736 160 ) (-808 -736 160 ) (-808 -592 160 ) 
4 267 274 (-832 -736 160 ) (-804 -736 160 ) (-804 -736 288 ) (-832 -736 288 ) 
4 267 273 (-804 -736 160 ) (-800 -736 160 ) (-800 -736 288 ) (-804 -736 288 ) 
4 267 270 (-832 -592 160 ) (-832 -736 160 ) (-832 -736 288 ) (-832 -592 288 ) 
4 268 270 (-976 -584 160 ) (-832 -584 160 ) (-832 -584 288 ) (-976 -584 288 ) 
4 269 274 (-1008 -736 1152 ) (-1008 -736 288 ) (-832 -736 288 ) (-832 -736 1152 ) 
4 269 271 (-976 -736 288 ) (-1008 -736 288 ) (-1008 -592 288 ) (-976 -592 288 ) 
4 269 270 (-832 -592 288 ) (-832 -736 288 ) (-976 -736 288 ) (-976 -592 288 ) 
4 270 278 (-832 -592 160 ) (-832 -736 160 ) (-976 -736 160 ) (-976 -592 160 ) 
4 270 274 (-976 -736 160 ) (-832 -736 160 ) (-832 -736 288 ) (-976 -736 288 ) 
4 270 271 (-976 -736 160 ) (-976 -736 288 ) (-976 -592 288 ) (-976 -592 160 ) 
4 271 278 (-1008 -736 160 ) (-1008 -592 160 ) (-976 -592 160 ) (-976 -736 160 ) 
4 271 274 (-1008 -736 288 ) (-1008 -736 160 ) (-976 -736 160 ) (-976 -736 288 ) 
4 272 274 (-804 -736 1152 ) (-804 -736 736 ) (-804 -740 736 ) (-804 -740 1152 ) 
4 273 277 (-804 -740 160 ) (-804 -736 160 ) (-800 -736 160 ) (-800 -740 160 ) 
4 273 274 (-804 -736 680 ) (-804 -736 160 ) (-804 -740 160 ) (-804 -740 680 ) 
4 274 278 (-1008 -740 160 ) (-1008 -736 160 ) (-808 -736 160 ) (-808 -740 160 ) 
4 274 277 (-808 -736 160 ) (-804 -736 160 ) (-804 -740 160 ) (-808 -740 160 ) 
4 277 279 (-808 -592 -768 ) (-808 -592 -1152 ) (-808 -740 -1152 ) (-808 -740 -768 ) 
4 277 278 (-808 -740 160 ) (-808 -592 160 ) (-808 -592 -768 ) (-808 -740 -768 ) 
4 278 279 (-808 -740 -768 ) (-1008 -740 -768 ) (-1008 -592 -768 ) (-808 -592 -768 ) 
