PRT1
15
18
4 0 3 (124 0 188 ) (0 0 188 ) (0 0 4 ) (124 0 4 ) 
4 0 1 (0 0 4 ) (0 0 188 ) (0 124 188 ) (0 124 4 ) 
4 1 5 (-94 0 188 ) (-124 0 188 ) (-124 0 4 ) (-94 0 4 ) 
4 1 4 (0 0 4 ) (0 0 188 ) (-94 0 188 ) (-94 0 4 ) 
4 3 4 (0 0 188 ) (0 0 4 ) (0 -124 4 ) (0 -124 188 ) 
4 4 5 (-94 0 4 ) (-94 -124 4 ) (-94 -124 188 ) (-94 0 188 ) 
4 6 9 (-1024 0 64 ) (-1024 0 256 ) (-2048 0 256 ) (-2048 0 64 ) 
4 6 7 (-2048 0 64 ) (-2048 0 256 ) (-2048 1024 256 ) (-2048 1024 64 ) 
4 7 10 (-2048 0 64 ) (-2048 0 256 ) (-3072 0 256 ) (-3072 0 64 ) 
4 7 8 (-3072 0 64 ) (-3072 0 256 ) (-3072 1024 256 ) (-3072 1024 64 ) 
4 8 13 (-3072 0 64 ) (-3072 0 256 ) (-4096 0 256 ) (-4096 0 64 ) 
4 9 11 (-1024 -1024 64 ) (-1024 -1024 256 ) (-2048 -1024 256 ) (-2048 -1024 64 ) 
4 9 10 (-2048 -1024 64 ) (-2048 -1024 256 ) (-2048 0 256 ) (-2048 0 64 ) 
4 10 13 (-3072 0 256 ) (-3072 0 64 ) (-3072 -1024 64 ) (-3072 -1024 256 ) 
4 10 12 (-3072 -1024 256 ) (-3072 -1024 64 ) (-2048 -1024 64 ) (-2048 -1024 256 ) 
4 11 12 (-2048 -1024 256 ) (-2048 -1024 64 ) (-2048 -2048 64 ) (-2048 -2048 256 ) 
4 12 14 (-3072 -2048 64 ) (-3072 -2048 256 ) (-3072 -1024 256 ) (-3072 -1024 64 ) 
4 13 14 (-3072 -1024 64 ) (-3072 -1024 256 ) (-4096 -1024 256 ) (-4096 -1024 64 ) 
