PRT1
248
554
4 0 9 (224 160 128 ) (224 96 128 ) (160 96 128 ) (160 160 128 ) 
4 1 93 (480 0 136 ) (480 0 128 ) (544 0 128 ) (544 0 136 ) 
4 1 18 (504 0 128 ) (480 0 128 ) (480 32 128 ) (504 32 128 ) 
4 1 13 (544 0 128 ) (504 0 128 ) (504 32 128 ) (544 32 128 ) 
4 2 102 (384 0 136 ) (384 0 128 ) (448 0 128 ) (448 0 136 ) 
4 2 18 (448 0 128 ) (384 0 128 ) (384 32 128 ) (448 32 128 ) 
4 3 103 (288 0 136 ) (288 0 128 ) (352 0 128 ) (352 0 136 ) 
4 3 18 (352 0 128 ) (288 0 128 ) (288 32 128 ) (352 32 128 ) 
4 4 104 (160 0 136 ) (160 0 128 ) (224 0 128 ) (224 0 136 ) 
4 4 18 (224 0 128 ) (160 0 128 ) (160 32 128 ) (224 32 128 ) 
4 5 6 (16 844 0 ) (16 788 0 ) (16 788 112 ) (16 844 112 ) 
4 6 72 (0 770 0 ) (0 768 0 ) (0 768 108 ) (0 770 108 ) 
4 6 71 (0 788 108 ) (0 788 0 ) (0 770 0 ) (0 770 108 ) 
4 6 68 (0 768 128 ) (0 788 128 ) (0 788 108 ) (0 768 108 ) 
4 6 66 (0 792 0 ) (0 788 0 ) (0 788 108 ) (0 792 108 ) 
4 6 64 (0 840 0 ) (0 792 0 ) (0 792 108 ) (0 840 108 ) 
4 6 62 (0 844 108 ) (0 844 0 ) (0 840 0 ) (0 840 108 ) 
4 6 60 (0 844 112 ) (0 844 108 ) (0 788 108 ) (0 788 112 ) 
4 6 58 (0 788 128 ) (0 844 128 ) (0 844 112 ) (0 788 112 ) 
4 6 56 (0 844 128 ) (0 864 128 ) (0 864 0 ) (0 844 0 ) 
4 7 9 (160 192 0 ) (224 192 0 ) (224 192 116 ) (160 192 116 ) 
4 8 11 (432 88 0 ) (496 88 0 ) (496 88 112 ) (432 88 112 ) 
4 9 12 (128 88 112 ) (128 88 0 ) (256 88 0 ) (256 88 112 ) 
4 9 10 (128 88 128 ) (128 88 112 ) (256 88 112 ) (256 88 128 ) 
4 10 14 (256 80 128 ) (128 80 128 ) (128 80 112 ) (256 80 112 ) 
4 10 12 (256 80 112 ) (128 80 112 ) (128 88 112 ) (256 88 112 ) 
4 11 19 (432 80 0 ) (496 80 0 ) (496 80 112 ) (432 80 112 ) 
4 12 20 (128 80 0 ) (256 80 0 ) (256 80 112 ) (128 80 112 ) 
4 13 116 (576 0 128 ) (504 0 128 ) (504 0 0 ) (576 0 0 ) 
4 13 25 (504 62 0 ) (504 0 0 ) (504 0 112 ) (504 62 112 ) 
4 13 16 (504 62 128 ) (504 64 128 ) (504 64 116 ) (504 62 116 ) 
4 13 17 (504 64 116 ) (504 64 112 ) (504 62 112 ) (504 62 116 ) 
4 13 18 (504 0 112 ) (504 0 128 ) (504 62 128 ) (504 62 112 ) 
4 14 24 (128 64 112 ) (128 72 112 ) (256 72 112 ) (256 64 112 ) 
4 14 20 (128 72 112 ) (128 80 112 ) (256 80 112 ) (256 72 112 ) 
4 14 15 (128 64 128 ) (128 64 116 ) (256 64 116 ) (256 64 128 ) 
4 14 17 (128 64 116 ) (128 64 112 ) (256 64 112 ) (256 64 116 ) 
4 15 16 (462.001648 62 128 ) (458 62 121.998650 ) (458 64 121.998543 ) (462.001953 64 128 ) 
4 15 17 (454 62 116 ) (128 62 116 ) (128 64 116 ) (454 64 116 ) 
4 15 18 (128 62 128 ) (128 62 116 ) (454 62 116 ) (462 62 128 ) 
5 16 18 (462 62 116 ) (504 62 116 ) (504 62 128 ) (462 62 128 ) (458 62 122 ) 
4 16 17 (504 62 116 ) (462 62 116 ) (462 64 116 ) (504 64 116 ) 
4 17 23 (256 64 112 ) (424 64 112 ) (424 62 112 ) (256 62 112 ) 
4 17 24 (128 62 112 ) (128 64 112 ) (256 64 112 ) (256 62 112 ) 
4 17 18 (128 62 116 ) (128 62 112 ) (504 62 112 ) (504 62 116 ) 
4 18 148 (256 0 128 ) (128 0 128 ) (128 0 112 ) (256 0 112 ) 
4 18 147 (440 0 128 ) (256 0 128 ) (256 0 112 ) (440 0 112 ) 
4 18 119 (448 0 128 ) (440 0 128 ) (440 0 112 ) (448 0 112 ) 
4 18 116 (504 0 128 ) (448 0 128 ) (448 0 112 ) (504 0 112 ) 
4 18 25 (128 0 112 ) (128 62 112 ) (504 62 112 ) (504 0 112 ) 
4 19 21 (500 72 108 ) (428 72 108 ) (428 72 1 ) (500 72 1 ) 
4 20 24 (256 72 112 ) (128 72 112 ) (128 72 0 ) (256 72 0 ) 
4 21 22 (428 64 108 ) (428 64 1 ) (500 64 1 ) (500 64 108 ) 
4 22 25 (500 62 108 ) (428 62 108 ) (428 62 0 ) (500 62 0 ) 
4 23 24 (256 64 0 ) (256 62 0 ) (256 62 112 ) (256 64 112 ) 
4 23 25 (424 62 112 ) (256 62 112 ) (256 62 0 ) (424 62 0 ) 
4 24 25 (256 62 112 ) (128 62 112 ) (128 62 0 ) (256 62 0 ) 
4 25 148 (128 0 112 ) (128 0 0 ) (256 0 0 ) (256 0 112 ) 
4 25 147 (256 0 0 ) (440 0 0 ) (440 0 112 ) (256 0 112 ) 
4 25 119 (440 0 0 ) (448 0 0 ) (448 0 112 ) (440 0 112 ) 
4 25 116 (448 0 0 ) (504 0 0 ) (504 0 112 ) (448 0 112 ) 
4 26 40 (-496 1024 128 ) (-496 1024 96 ) (-242 1024 96 ) (-242 1024 128 ) 
4 26 35 (-242 1024 96 ) (-240 1024 96 ) (-240 1024 128 ) (-242 1024 128 ) 
4 26 32 (-496 1056 96 ) (-496 1136 96 ) (-480 1136 96 ) (-480 1056 96 ) 
4 26 33 (-480 1024 96 ) (-496 1024 96 ) (-496 1040 96 ) (-480 1040 96 ) 
4 26 30 (-480 1052 96 ) (-480 1136 96 ) (-384 1136 96 ) (-384 1052 96 ) 
4 26 31 (-384 1024 96 ) (-480 1024 96 ) (-480 1044 96 ) (-384 1044 96 ) 
4 26 29 (-368 1024 96 ) (-384 1024 96 ) (-384 1040 96 ) (-368 1040 96 ) 
4 26 28 (-384 1056 96 ) (-384 1120 96 ) (-368 1120 96 ) (-368 1056 96 ) 
4 26 27 (-240 1024 96 ) (-368 1024 96 ) (-368 1136 96 ) (-240 1136 96 ) 
4 27 40 (-242 1024 96 ) (-368 1024 96 ) (-368 1024 0 ) (-242 1024 0 ) 
4 27 36 (-242 1024 80 ) (-242 1024 40 ) (-240 1024 40 ) (-240 1024 80 ) 
4 27 35 (-240 1024 96 ) (-242 1024 96 ) (-242 1024 80 ) (-240 1024 80 ) 
4 27 39 (-242 1024 40 ) (-242 1024 0 ) (-240 1024 0 ) (-240 1024 40 ) 
4 27 29 (-368 1024 96 ) (-368 1040 96 ) (-368 1040 0 ) (-368 1024 0 ) 
4 27 28 (-368 1056 96 ) (-368 1120 96 ) (-368 1120 0 ) (-368 1056 0 ) 
4 28 30 (-384 1056 96 ) (-384 1120 96 ) (-384 1120 0 ) (-384 1056 0 ) 
4 29 40 (-368 1024 96 ) (-384 1024 96 ) (-384 1024 0 ) (-368 1024 0 ) 
4 29 31 (-384 1024 96 ) (-384 1040 96 ) (-384 1040 0 ) (-384 1024 0 ) 
4 30 32 (-480 1056 96 ) (-480 1136 96 ) (-480 1136 0 ) (-480 1056 0 ) 
4 31 40 (-384 1024 96 ) (-480 1024 96 ) (-480 1024 0 ) (-384 1024 0 ) 
4 31 33 (-480 1024 96 ) (-480 1040 96 ) (-480 1040 0 ) (-480 1024 0 ) 
4 33 40 (-480 1024 96 ) (-496 1024 96 ) (-496 1024 0 ) (-480 1024 0 ) 
4 34 53 (-160 880 0 ) (-96 880 0 ) (-96 880 112 ) (-160 880 112 ) 
4 34 51 (-96 880 112 ) (-96 880 128 ) (-160 880 128 ) (-160 880 112 ) 
4 35 40 (-242 880 80 ) (-242 880 128 ) (-242 1024 128 ) (-242 1024 80 ) 
4 35 37 (-242 917 80 ) (-242 996 80 ) (-240 996 80 ) (-240 917 80 ) 
4 35 38 (-242 880 80 ) (-242 892 80 ) (-240 892 80 ) (-240 880 80 ) 
4 35 36 (-242 1021 80 ) (-242 1024 80 ) (-240 1024 80 ) (-240 1021 80 ) 
4 36 40 (-242 1021 80 ) (-242 1024 80 ) (-242 1024 40 ) (-242 1021 40 ) 
4 36 39 (-242 1021 40 ) (-242 1024 40 ) (-240 1024 40 ) (-240 1021 40 ) 
4 37 40 (-242 917 80 ) (-242 996 80 ) (-242 996 40 ) (-242 917 40 ) 
4 37 39 (-242 917 40 ) (-242 996 40 ) (-240 996 40 ) (-240 917 40 ) 
4 38 40 (-242 880 40 ) (-242 880 80 ) (-242 892 80 ) (-242 892 40 ) 
4 38 39 (-242 880 40 ) (-242 892 40 ) (-240 892 40 ) (-240 880 40 ) 
4 39 40 (-242 1024 0 ) (-242 880 0 ) (-242 880 40 ) (-242 1024 40 ) 
4 40 54 (-364 880 0 ) (-308 880 0 ) (-308 880 112 ) (-364 880 112 ) 
4 41 46 (-864 1008 48 ) (-864 1008 112 ) (-864 1024 112 ) (-864 1024 48 ) 
4 41 45 (-864 1008 112 ) (-864 1008 128 ) (-864 1024 128 ) (-864 1024 112 ) 
4 41 43 (-864 1008 128 ) (-864 1008 48 ) (-832 1008 48 ) (-832 1008 128 ) 
4 41 42 (-832 1008 48 ) (-768 1008 48 ) (-768 1008 128 ) (-832 1008 128 ) 
4 42 55 (-768 880 42 ) (-768 880 112 ) (-832 880 112 ) (-832 880 42 ) 
4 42 52 (-768 880 112 ) (-768 880 128 ) (-832 880 128 ) (-832 880 112 ) 
4 42 44 (-832 1008 42 ) (-768 1008 42 ) (-768 880 42 ) (-832 880 42 ) 
4 42 43 (-832 1008 128 ) (-832 1008 48 ) (-832 880 48 ) (-832 880 128 ) 
4 43 55 (-864 880 112 ) (-864 880 48 ) (-832 880 48 ) (-832 880 112 ) 
4 43 52 (-832 880 128 ) (-864 880 128 ) (-864 880 112 ) (-832 880 112 ) 
4 43 47 (-864 880 48 ) (-864 880 112 ) (-864 1008 112 ) (-864 1008 48 ) 
4 43 45 (-864 880 112 ) (-864 880 128 ) (-864 1008 128 ) (-864 1008 112 ) 
4 44 55 (-848 880 0 ) (-768 880 0 ) (-768 880 42 ) (-848 880 42 ) 
4 45 52 (-864 880 112 ) (-864 880 128 ) (-1008 880 128 ) (-1008 880 112 ) 
4 45 47 (-864 1008 112 ) (-864 880 112 ) (-1008 880 112 ) (-1008 1008 112 ) 
4 45 46 (-1008 1024 112 ) (-864 1024 112 ) (-864 1008 112 ) (-1008 1008 112 ) 
4 46 50 (-864 1024 16 ) (-864 1008 16 ) (-1008 1008 16 ) (-1008 1024 16 ) 
4 46 47 (-1008 1008 16 ) (-864 1008 16 ) (-864 1008 112 ) (-1008 1008 112 ) 
4 47 55 (-864 880 16 ) (-864 880 112 ) (-1008 880 112 ) (-1008 880 16 ) 
4 47 50 (-864 1008 16 ) (-864 880 16 ) (-1008 880 16 ) (-1008 1008 16 ) 
4 47 48 (-1015 1008 112 ) (-1015 1008 16 ) (-1015 880 16 ) (-1015 880 112 ) 
4 48 49 (-1017 1008 112 ) (-1017 1008 16 ) (-1017 880 16 ) (-1017 880 112 ) 
4 49 90 (-1024 1008 16 ) (-1024 880 16 ) (-1024 880 108 ) (-1024 1008 108 ) 
4 49 88 (-1024 880 108 ) (-1024 880 112 ) (-1024 1008 112 ) (-1024 1008 108 ) 
4 50 55 (-1008 880 0 ) (-864 880 0 ) (-864 880 16 ) (-1008 880 16 ) 
4 51 53 (-160 880 112 ) (-96 880 112 ) (-96 872 112 ) (-160 872 112 ) 
4 52 57 (-768 864 128 ) (-1008 864 128 ) (-1008 864 112 ) (-768 864 112 ) 
4 52 55 (-768 864 112 ) (-1008 864 112 ) (-1008 880 112 ) (-768 880 112 ) 
4 53 56 (-160 864 0 ) (-96 864 0 ) (-96 864 112 ) (-160 864 112 ) 
4 54 56 (-364 864 0 ) (-308 864 0 ) (-308 864 112 ) (-364 864 112 ) 
4 55 57 (-1008 864 0 ) (-768 864 0 ) (-768 864 112 ) (-1008 864 112 ) 
4 56 62 (-752 844 0 ) (0 844 0 ) (0 844 108 ) (-752 844 108 ) 
4 56 60 (0 844 108 ) (0 844 112 ) (-752 844 112 ) (-752 844 108 ) 
4 56 58 (0 844 112 ) (0 844 128 ) (-752 844 128 ) (-752 844 112 ) 
4 57 63 (-1008 844 0 ) (-768 844 0 ) (-768 844 108 ) (-1008 844 108 ) 
4 57 61 (-768 844 108 ) (-768 844 112 ) (-1008 844 112 ) (-1008 844 108 ) 
4 57 59 (-768 844 112 ) (-768 844 128 ) (-1008 844 128 ) (-1008 844 112 ) 
4 58 74 (-556 788 128 ) (-752 788 128 ) (-752 788 112 ) (-556 788 112 ) 
4 58 69 (-500 788 128 ) (-556 788 128 ) (-556 788 112 ) (-500 788 112 ) 
4 58 68 (0 788 112 ) (0 788 128 ) (-500 788 128 ) (-500 788 112 ) 
4 58 60 (0 788 112 ) (-752 788 112 ) (-752 844 112 ) (0 844 112 ) 
4 59 75 (-768 788 128 ) (-1008 788 128 ) (-1008 788 112 ) (-768 788 112 ) 
4 59 61 (-768 788 112 ) (-1008 788 112 ) (-1008 844 112 ) (-768 844 112 ) 
4 60 74 (-556 788 112 ) (-752 788 112 ) (-752 788 108 ) (-556 788 108 ) 
4 60 69 (-500 788 112 ) (-556 788 112 ) (-556 788 108 ) (-500 788 108 ) 
4 60 68 (0 788 108 ) (0 788 112 ) (-500 788 112 ) (-500 788 108 ) 
4 60 66 (0 788 108 ) (-758 788 108 ) (-758 792 108 ) (0 792 108 ) 
4 60 64 (-758 792 108 ) (-758 840 108 ) (0 840 108 ) (0 792 108 ) 
4 60 62 (-758 840 108 ) (-758 844 108 ) (0 844 108 ) (0 840 108 ) 
4 61 75 (-768 788 112 ) (-1008 788 112 ) (-1008 788 108 ) (-768 788 108 ) 
4 61 67 (-760 788 108 ) (-1022 788 108 ) (-1022 792 108 ) (-760 792 108 ) 
3 61 65 (-1022 792.664978 108 ) (-1022 840 108 ) (-950.824707 840 108 ) 
5 61 64 (-1022 792 108 ) (-1022 792.664978 108 ) (-950.824707 840 108 ) (-760 840 108 ) (-760 792 108 ) 
4 61 63 (-1022 840 108 ) (-1022 844 108 ) (-760 844 108 ) (-760 840 108 ) 
4 62 64 (-758 840 0 ) (0 840 0 ) (0 840 108 ) (-758 840 108 ) 
4 63 65 (-1022 840 0 ) (-950.824707 840 0 ) (-950.824707 840 108 ) (-1022 840 108 ) 
4 63 64 (-950.824707 840 0 ) (-760 840 0 ) (-760 840 108 ) (-950.824707 840 108 ) 
4 64 67 (-1022 792 0 ) (-760 792 0 ) (-760 792 108 ) (-1022 792 108 ) 
4 64 66 (-758 792 0 ) (0 792 0 ) (0 792 108 ) (-758 792 108 ) 
4 64 65 (-950.824219 840 108 ) (-950.824219 840 0 ) (-1022.169922 792.551880 0 ) (-1022.169861 792.551880 108 ) 
4 65 91 (-1024 840 0 ) (-1024 795.317139 0 ) (-1024 795.317139 108 ) (-1024 840 108 ) 
4 66 74 (-752 788 0 ) (-556 788 0 ) (-556 788 108 ) (-752 788 108 ) 
4 66 71 (-556 788 0 ) (0 788 0 ) (0 788 108 ) (-556 788 108 ) 
4 67 75 (-1008 788 0 ) (-768 788 0 ) (-768 788 108 ) (-1008 788 108 ) 
4 68 72 (0 768 108 ) (-500 768 108 ) (-500 770 108 ) (0 770 108 ) 
4 68 71 (-500 770 108 ) (-500 788 108 ) (0 788 108 ) (0 770 108 ) 
4 68 70 (-500 768 112 ) (-500 768 128 ) (-500 770 128 ) (-500 770 112 ) 
4 68 69 (-500 788 128 ) (-500 788 108 ) (-500 770 108 ) (-500 770 128 ) 
4 69 74 (-556 788 128 ) (-556 788 108 ) (-556 770 108 ) (-556 770 128 ) 
4 69 71 (-556 770 108 ) (-556 788 108 ) (-500 788 108 ) (-500 770 108 ) 
4 69 70 (-556 770 128 ) (-556 770 112 ) (-500 770 112 ) (-500 770 128 ) 
4 70 74 (-556 768 112 ) (-556 768 128 ) (-556 770 128 ) (-556 770 112 ) 
4 71 74 (-556 788 108 ) (-556 788 0 ) (-556 770 0 ) (-556 770 108 ) 
4 71 73 (-504 770 108 ) (-552 770 108 ) (-552 770 0 ) (-504 770 0 ) 
4 71 72 (0 770 108 ) (-500 770 108 ) (-500 770 0 ) (0 770 0 ) 
4 73 76 (-552 768 0 ) (-504 768 0 ) (-504 768 108 ) (-552 768 108 ) 
4 76 78 (-556 752 0 ) (-500 752 0 ) (-500 752 112 ) (-556 752 112 ) 
4 77 78 (-496 712 0 ) (-496 648 0 ) (-496 648 116 ) (-496 712 116 ) 
4 78 82 (-688 496 0 ) (-656 496 0 ) (-656 496 128 ) (-688 496 128 ) 
4 78 79 (-592 496 0 ) (-560 496 0 ) (-560 496 128 ) (-592 496 128 ) 
4 79 80 (-592 488 128 ) (-592 488 0 ) (-560 488 0 ) (-560 488 128 ) 
4 80 81 (-592 486 128 ) (-592 486 0 ) (-560 486 0 ) (-560 486 128 ) 
4 81 85 (-592 480 0 ) (-560 480 0 ) (-560 480 128 ) (-592 480 128 ) 
4 82 83 (-688 488 128 ) (-688 488 0 ) (-656 488 0 ) (-656 488 128 ) 
4 83 84 (-688 486 128 ) (-688 486 0 ) (-656 486 0 ) (-656 486 128 ) 
4 84 85 (-688 480 0 ) (-656 480 0 ) (-656 480 128 ) (-688 480 128 ) 
4 85 86 (-752 224 0 ) (-752 480 0 ) (-496 480 0 ) (-496 224 0 ) 
4 87 92 (-1024 1024 -256 ) (-1024 1024 0 ) (-1664 1024 0 ) (-1664 1024 -256 ) 
4 87 90 (-1024 1024 0 ) (-1024 1024 108 ) (-1177.791504 1024 108 ) (-1177.791504 1024 0 ) 
4 87 89 (-1177.791504 1024 108 ) (-1664 1024 108 ) (-1664 1024 0 ) (-1177.791504 1024 0 ) 
4 87 88 (-1024 1024 108 ) (-1024 1024 512 ) (-1664 1024 512 ) (-1664 1024 108 ) 
3 88 91 (-1024 848.866577 108 ) (-1024 795.317139 108 ) (-1048.660034 832.578003 108 ) 
4 88 90 (-1177.791504 1024 108 ) (-1024 1024 108 ) (-1024 848.866577 108 ) (-1050.329956 831.474976 108 ) 
5 88 89 (-1024 576 108 ) (-1664 576 108 ) (-1664 1024 108 ) (-1177.791504 1024 108 ) (-1024 791.704712 108 ) 
5 89 92 (-1024 576 0 ) (-1664 576 0 ) (-1664 1024 0 ) (-1177.791504 1024 0 ) (-1024 791.704712 0 ) 
4 89 90 (-1050.329346 831.475342 0 ) (-1177.790649 1024 0 ) (-1177.790405 1024 108 ) (-1050.329224 831.475342 108 ) 
4 90 92 (-1177.791504 1024 0 ) (-1024 1024 0 ) (-1024 848.866577 0 ) (-1050.329956 831.474976 0 ) 
4 90 91 (-1048.659058 832.576416 0 ) (-1024 848.864380 0 ) (-1024 848.863281 108 ) (-1048.658936 832.576416 108 ) 
3 91 92 (-1024 848.866577 0 ) (-1024 795.317139 0 ) (-1048.660034 832.578003 0 ) 
4 93 116 (480 -32 128 ) (480 0 128 ) (544 0 128 ) (544 -32 128 ) 
4 94 116 (480 -128 128 ) (480 -64 128 ) (544 -64 128 ) (544 -128 128 ) 
4 95 116 (480 -256 128 ) (480 -192 128 ) (544 -192 128 ) (544 -256 128 ) 
4 96 118 (480 -384 128 ) (480 -320 128 ) (544 -320 128 ) (544 -384 128 ) 
4 97 118 (480 -512 128 ) (480 -448 128 ) (544 -448 128 ) (544 -512 128 ) 
4 98 118 (480 -640 128 ) (480 -576 128 ) (544 -576 128 ) (544 -640 128 ) 
4 99 118 (480 -768 128 ) (480 -704 128 ) (544 -704 128 ) (544 -768 128 ) 
4 100 118 (480 -896 128 ) (480 -832 128 ) (544 -832 128 ) (544 -896 128 ) 
4 101 118 (544 -1024 128 ) (480 -1024 128 ) (480 -960 128 ) (544 -960 128 ) 
4 102 147 (384 0 128 ) (440 0 128 ) (440 -32 128 ) (384 -32 128 ) 
4 102 119 (440 0 128 ) (448 0 128 ) (448 -32 128 ) (440 -32 128 ) 
4 103 147 (288 0 128 ) (352 0 128 ) (352 -32 128 ) (288 -32 128 ) 
4 104 148 (160 0 128 ) (224 0 128 ) (224 -32 128 ) (160 -32 128 ) 
4 105 147 (384 -64 128 ) (440 -64 128 ) (440 -128 128 ) (384 -128 128 ) 
4 105 119 (440 -64 128 ) (448 -64 128 ) (448 -128 128 ) (440 -128 128 ) 
4 106 147 (288 -64 128 ) (352 -64 128 ) (352 -128 128 ) (288 -128 128 ) 
4 107 112 (579.890015 -804.020020 80 ) (579.890015 -812.020020 80 ) (579.890015 -812.020020 96 ) (579.890015 -804.020020 96 ) 
4 107 111 (579.890015 -796.020020 80 ) (579.890015 -804.020020 80 ) (579.890015 -804.020020 96 ) (579.890015 -796.020020 96 ) 
4 107 110 (579.890015 -788.020020 80 ) (579.890015 -796.020020 80 ) (579.890015 -796.020020 96 ) (579.890015 -788.020020 96 ) 
4 107 109 (579.890015 -768 96 ) (579.890015 -768 80 ) (579.890015 -788.020020 80 ) (579.890015 -788.020020 96 ) 
4 107 114 (579.890015 -812.020020 80 ) (579.890015 -832 80 ) (579.890015 -832 96 ) (579.890015 -812.020020 96 ) 
4 107 115 (579.890015 -768 80 ) (579.890015 -768 0 ) (579.890015 -832 0 ) (579.890015 -832 80 ) 
4 107 108 (579.890015 -768 116 ) (579.890015 -768 96 ) (579.890015 -832 96 ) (579.890015 -832 116 ) 
4 108 118 (576 -832 96 ) (576 -832 116 ) (576 -768 116 ) (576 -768 96 ) 
4 108 112 (579.890015 -804.020020 96 ) (579.890015 -812.020020 96 ) (578.890015 -812.020020 96 ) (578.890015 -804.020020 96 ) 
4 108 111 (579.890015 -796.020020 96 ) (579.890015 -804.020020 96 ) (578.890015 -804.020020 96 ) (578.890015 -796.020020 96 ) 
4 108 110 (579.890015 -788.020020 96 ) (579.890015 -796.020020 96 ) (578.890015 -796.020020 96 ) (578.890015 -788.020020 96 ) 
4 108 113 (578.890015 -812.020020 96 ) (576 -812.020020 96 ) (576 -788.020020 96 ) (578.890015 -788.020020 96 ) 
4 108 109 (576 -768 96 ) (579.890015 -768 96 ) (579.890015 -788.020020 96 ) (576 -788.020020 96 ) 
4 108 114 (579.890015 -812.020020 96 ) (579.890015 -832 96 ) (576 -832 96 ) (576 -812.020020 96 ) 
4 109 118 (576 -788.020020 96 ) (576 -768 96 ) (576 -768 80 ) (576 -788.020020 80 ) 
4 109 110 (578.890015 -788.020020 80 ) (579.890015 -788.020020 80 ) (579.890015 -788.020020 96 ) (578.890015 -788.020020 96 ) 
4 109 113 (576 -788.020020 80 ) (578.890015 -788.020020 80 ) (578.890015 -788.020020 96 ) (576 -788.020020 96 ) 
4 109 115 (576 -768 80 ) (579.890015 -768 80 ) (579.890015 -788.020020 80 ) (576 -788.020020 80 ) 
4 110 111 (578.890015 -796.020020 96 ) (578.890015 -796.020020 80 ) (579.890015 -796.020020 80 ) (579.890015 -796.020020 96 ) 
4 110 113 (578.890015 -788.020020 96 ) (578.890015 -788.020020 80 ) (578.890015 -796.020020 80 ) (578.890015 -796.020020 96 ) 
4 110 115 (579.890015 -788.020020 80 ) (579.890015 -796.020020 80 ) (578.890015 -796.020020 80 ) (578.890015 -788.020020 80 ) 
4 111 115 (579.890015 -796.020020 80 ) (579.890015 -804.020020 80 ) (578.890015 -804.020020 80 ) (578.890015 -796.020020 80 ) 
4 111 113 (578.890015 -796.020020 80 ) (578.890015 -804.020020 80 ) (578.890015 -804.020020 96 ) (578.890015 -796.020020 96 ) 
4 111 112 (578.890015 -804.020020 96 ) (578.890015 -804.020020 80 ) (579.890015 -804.020020 80 ) (579.890015 -804.020020 96 ) 
4 112 115 (579.890015 -804.020020 80 ) (579.890015 -812.020020 80 ) (578.890015 -812.020020 80 ) (578.890015 -804.020020 80 ) 
4 112 114 (578.890015 -812.020020 80 ) (579.890015 -812.020020 80 ) (579.890015 -812.020020 96 ) (578.890015 -812.020020 96 ) 
4 112 113 (578.890015 -804.020020 80 ) (578.890015 -812.020020 80 ) (578.890015 -812.020020 96 ) (578.890015 -804.020020 96 ) 
4 113 118 (576 -812.020020 96 ) (576 -788.020020 96 ) (576 -788.020020 80 ) (576 -812.020020 80 ) 
4 113 115 (578.890015 -812.020020 80 ) (576 -812.020020 80 ) (576 -788.020020 80 ) (578.890015 -788.020020 80 ) 
4 113 114 (576 -812.020020 80 ) (578.890015 -812.020020 80 ) (578.890015 -812.020020 96 ) (576 -812.020020 96 ) 
4 114 118 (576 -832 80 ) (576 -832 96 ) (576 -812.020020 96 ) (576 -812.020020 80 ) 
4 114 115 (579.890015 -812.020020 80 ) (579.890015 -832 80 ) (576 -832 80 ) (576 -812.020020 80 ) 
4 115 118 (576 -768 0 ) (576 -832 0 ) (576 -832 80 ) (576 -768 80 ) 
4 116 119 (448 0 0 ) (448 -160 0 ) (448 -160 128 ) (448 0 128 ) 
4 116 117 (480 -288 0 ) (544 -288 0 ) (544 -288 116 ) (480 -288 116 ) 
4 117 118 (480 -304 0 ) (544 -304 0 ) (544 -304 116 ) (480 -304 116 ) 
4 118 157 (448 -1024 0 ) (576 -1024 0 ) (576 -1024 128 ) (448 -1024 128 ) 
4 118 145 (448 -640 0 ) (448 -704 0 ) (448 -704 80 ) (448 -640 80 ) 
4 118 146 (448 -896 0 ) (448 -960 0 ) (448 -960 80 ) (448 -896 80 ) 
4 118 143 (448 -960 96 ) (448 -940.010010 96 ) (448 -940.010010 80 ) (448 -960 80 ) 
4 118 139 (448 -940.010010 96 ) (448 -916.010010 96 ) (448 -916.010010 80 ) (448 -940.010010 80 ) 
4 118 138 (448 -916.010010 96 ) (448 -896 96 ) (448 -896 80 ) (448 -916.010010 80 ) 
4 118 132 (448 -684 96 ) (448 -660 96 ) (448 -660 80 ) (448 -684 80 ) 
4 118 131 (448 -660 96 ) (448 -640 96 ) (448 -640 80 ) (448 -660 80 ) 
4 118 136 (448 -704 96 ) (448 -684 96 ) (448 -684 80 ) (448 -704 80 ) 
4 118 130 (448 -896 116 ) (448 -896 96 ) (448 -960 96 ) (448 -960 116 ) 
4 118 129 (448 -640 116 ) (448 -640 96 ) (448 -704 96 ) (448 -704 116 ) 
4 118 127 (448 -384 0 ) (448 -448 0 ) (448 -448 80 ) (448 -384 80 ) 
4 118 126 (448 -448 96 ) (448 -428.010010 96 ) (448 -428.010010 80 ) (448 -448 80 ) 
4 118 122 (448 -428.010010 96 ) (448 -404.010010 96 ) (448 -404.010010 80 ) (448 -428.010010 80 ) 
4 118 121 (448 -404.010010 96 ) (448 -384 96 ) (448 -384 80 ) (448 -404.010010 80 ) 
4 118 120 (448 -384 116 ) (448 -384 96 ) (448 -448 96 ) (448 -448 116 ) 
4 119 147 (440 0 0 ) (440 -160 0 ) (440 -160 128 ) (440 0 128 ) 
4 120 128 (440 -448 96 ) (440 -384 96 ) (444.080017 -384 96 ) (444.080017 -448 96 ) 
4 120 126 (448 -428.010010 96 ) (448 -448 96 ) (444.080017 -448 96 ) (444.080017 -428.010010 96 ) 
4 120 124 (444.080017 -420.010010 96 ) (444.080017 -412.010010 96 ) (445.080017 -412.010010 96 ) (445.080017 -420.010010 96 ) 
4 120 123 (444.080017 -412.010010 96 ) (444.080017 -404.010010 96 ) (445.080017 -404.010010 96 ) (445.080017 -412.010010 96 ) 
4 120 125 (445.080017 -428.010010 96 ) (444.080017 -428.010010 96 ) (444.080017 -420.010010 96 ) (445.080017 -420.010010 96 ) 
4 120 122 (448 -404.010010 96 ) (448 -428.010010 96 ) (445.080017 -428.010010 96 ) (445.080017 -404.010010 96 ) 
4 120 121 (444.080017 -384 96 ) (448 -384 96 ) (448 -404.010010 96 ) (444.080017 -404.010010 96 ) 
4 121 128 (444.080017 -404.010010 96 ) (444.080017 -384 96 ) (444.080017 -384 80 ) (444.080017 -404.010010 80 ) 
4 121 127 (444.080017 -404.010010 80 ) (444.080017 -384 80 ) (448 -384 80 ) (448 -404.010010 80 ) 
4 121 123 (444.080017 -404.010010 96 ) (444.080017 -404.010010 80 ) (445.080017 -404.010010 80 ) (445.080017 -404.010010 96 ) 
4 121 122 (445.080017 -404.010010 80 ) (448 -404.010010 80 ) (448 -404.010010 96 ) (445.080017 -404.010010 96 ) 
4 122 127 (445.080017 -404.010010 80 ) (448 -404.010010 80 ) (448 -428.010010 80 ) (445.080017 -428.010010 80 ) 
4 122 126 (445.080017 -428.010010 80 ) (448 -428.010010 80 ) (448 -428.010010 96 ) (445.080017 -428.010010 96 ) 
4 122 124 (445.080017 -412.010010 80 ) (445.080017 -420.010010 80 ) (445.080017 -420.010010 96 ) (445.080017 -412.010010 96 ) 
4 122 123 (445.080017 -404.010010 96 ) (445.080017 -404.010010 80 ) (445.080017 -412.010010 80 ) (445.080017 -412.010010 96 ) 
4 122 125 (445.080017 -420.010010 80 ) (445.080017 -428.010010 80 ) (445.080017 -428.010010 96 ) (445.080017 -420.010010 96 ) 
4 123 128 (444.080017 -412.010010 96 ) (444.080017 -404.010010 96 ) (444.080017 -404.010010 80 ) (444.080017 -412.010010 80 ) 
4 123 127 (444.080017 -412.010010 80 ) (444.080017 -404.010010 80 ) (445.080017 -404.010010 80 ) (445.080017 -412.010010 80 ) 
4 123 124 (444.080017 -412.010010 96 ) (444.080017 -412.010010 80 ) (445.080017 -412.010010 80 ) (445.080017 -412.010010 96 ) 
4 124 128 (444.080017 -420.010010 96 ) (444.080017 -412.010010 96 ) (444.080017 -412.010010 80 ) (444.080017 -420.010010 80 ) 
4 124 127 (444.080017 -420.010010 80 ) (444.080017 -412.010010 80 ) (445.080017 -412.010010 80 ) (445.080017 -420.010010 80 ) 
4 124 125 (444.080017 -420.010010 96 ) (444.080017 -420.010010 80 ) (445.080017 -420.010010 80 ) (445.080017 -420.010010 96 ) 
4 125 128 (444.080017 -428.010010 96 ) (444.080017 -420.010010 96 ) (444.080017 -420.010010 80 ) (444.080017 -428.010010 80 ) 
4 125 127 (444.080017 -428.010010 80 ) (444.080017 -420.010010 80 ) (445.080017 -420.010010 80 ) (445.080017 -428.010010 80 ) 
4 125 126 (444.080017 -428.010010 96 ) (444.080017 -428.010010 80 ) (445.080017 -428.010010 80 ) (445.080017 -428.010010 96 ) 
4 126 128 (444.080017 -448 96 ) (444.080017 -428.010010 96 ) (444.080017 -428.010010 80 ) (444.080017 -448 80 ) 
4 126 127 (444.080017 -448 80 ) (444.080017 -428.010010 80 ) (448 -428.010010 80 ) (448 -448 80 ) 
4 127 128 (444.080017 -448 80 ) (444.080017 -384 80 ) (444.080017 -384 0 ) (444.080017 -448 0 ) 
4 129 135 (445.049988 -684 96 ) (444.049988 -684 96 ) (444.049988 -676 96 ) (445.049988 -676 96 ) 
4 129 134 (444.049988 -676 96 ) (444.049988 -668 96 ) (445.049988 -668 96 ) (445.049988 -676 96 ) 
4 129 133 (444.049988 -668 96 ) (444.049988 -660 96 ) (445.049988 -660 96 ) (445.049988 -668 96 ) 
4 129 132 (448 -660 96 ) (448 -684 96 ) (445.049988 -684 96 ) (445.049988 -660 96 ) 
4 129 131 (444.049988 -640 96 ) (448 -640 96 ) (448 -660 96 ) (444.049988 -660 96 ) 
4 129 136 (448 -684 96 ) (448 -704 96 ) (444.049988 -704 96 ) (444.049988 -684 96 ) 
4 129 137 (440 -704 96 ) (440 -640 96 ) (444.049988 -640 96 ) (444.049988 -704 96 ) 
4 130 144 (440 -960 96 ) (440 -916.010010 96 ) (444.130005 -916.010010 96 ) (444.130005 -960 96 ) 
4 130 143 (448 -940.010010 96 ) (448 -960 96 ) (444.130005 -960 96 ) (444.130005 -940.010010 96 ) 
4 130 142 (445.130005 -932.010010 96 ) (445.130005 -940.010010 96 ) (444.130005 -940.010010 96 ) (444.130005 -932.010010 96 ) 
4 130 141 (445.130005 -924.010010 96 ) (445.130005 -932.010010 96 ) (444.130005 -932.010010 96 ) (444.130005 -924.010010 96 ) 
4 130 140 (444.130005 -916.010010 96 ) (445.130005 -916.010010 96 ) (445.130005 -924.010010 96 ) (444.130005 -924.010010 96 ) 
4 130 139 (445.130005 -916.010010 96 ) (448 -916.010010 96 ) (448 -940.010010 96 ) (445.130005 -940.010010 96 ) 
4 130 138 (440 -916.010010 96 ) (440 -896 96 ) (448 -896 96 ) (448 -916.010010 96 ) 
4 131 145 (444.049988 -640 80 ) (448 -640 80 ) (448 -660 80 ) (444.049988 -660 80 ) 
4 131 133 (444.049988 -660 96 ) (444.049988 -660 80 ) (445.049988 -660 80 ) (445.049988 -660 96 ) 
4 131 132 (445.049988 -660 80 ) (448 -660 80 ) (448 -660 96 ) (445.049988 -660 96 ) 
4 131 137 (444.049988 -640 80 ) (444.049988 -660 80 ) (444.049988 -660 96 ) (444.049988 -640 96 ) 
4 132 145 (448 -660 80 ) (448 -684 80 ) (445.049988 -684 80 ) (445.049988 -660 80 ) 
4 132 135 (445.049988 -676 80 ) (445.049988 -684 80 ) (445.049988 -684 96 ) (445.049988 -676 96 ) 
4 132 134 (445.049988 -668 80 ) (445.049988 -676 80 ) (445.049988 -676 96 ) (445.049988 -668 96 ) 
4 132 133 (445.049988 -660 96 ) (445.049988 -660 80 ) (445.049988 -668 80 ) (445.049988 -668 96 ) 
4 132 136 (445.049988 -684 80 ) (448 -684 80 ) (448 -684 96 ) (445.049988 -684 96 ) 
4 133 145 (444.049988 -668 80 ) (444.049988 -660 80 ) (445.049988 -660 80 ) (445.049988 -668 80 ) 
4 133 134 (444.049988 -668 96 ) (444.049988 -668 80 ) (445.049988 -668 80 ) (445.049988 -668 96 ) 
4 133 137 (444.049988 -660 80 ) (444.049988 -668 80 ) (444.049988 -668 96 ) (444.049988 -660 96 ) 
4 134 145 (444.049988 -676 80 ) (444.049988 -668 80 ) (445.049988 -668 80 ) (445.049988 -676 80 ) 
4 134 137 (444.049988 -668 80 ) (444.049988 -676 80 ) (444.049988 -676 96 ) (444.049988 -668 96 ) 
4 134 135 (444.049988 -676 96 ) (444.049988 -676 80 ) (445.049988 -676 80 ) (445.049988 -676 96 ) 
4 135 145 (445.049988 -684 80 ) (444.049988 -684 80 ) (444.049988 -676 80 ) (445.049988 -676 80 ) 
4 135 137 (444.049988 -676 80 ) (444.049988 -684 80 ) (444.049988 -684 96 ) (444.049988 -676 96 ) 
4 135 136 (444.049988 -684 96 ) (444.049988 -684 80 ) (445.049988 -684 80 ) (445.049988 -684 96 ) 
4 136 145 (448 -684 80 ) (448 -704 80 ) (444.049988 -704 80 ) (444.049988 -684 80 ) 
4 136 137 (444.049988 -684 80 ) (444.049988 -704 80 ) (444.049988 -704 96 ) (444.049988 -684 96 ) 
4 137 145 (440 -704 80 ) (440 -640 80 ) (444.049988 -640 80 ) (444.049988 -704 80 ) 
4 138 146 (440 -916.010010 80 ) (440 -896 80 ) (448 -896 80 ) (448 -916.010010 80 ) 
4 138 144 (440 -916.010010 80 ) (444.130005 -916.010010 80 ) (444.130005 -916.010010 96 ) (440 -916.010010 96 ) 
4 138 140 (444.130005 -916.010010 80 ) (445.130005 -916.010010 80 ) (445.130005 -916.010010 96 ) (444.130005 -916.010010 96 ) 
4 138 139 (445.130005 -916.010010 80 ) (448 -916.010010 80 ) (448 -916.010010 96 ) (445.130005 -916.010010 96 ) 
4 139 146 (445.130005 -916.010010 80 ) (448 -916.010010 80 ) (448 -940.010010 80 ) (445.130005 -940.010010 80 ) 
4 139 143 (445.130005 -940.010010 80 ) (448 -940.010010 80 ) (448 -940.010010 96 ) (445.130005 -940.010010 96 ) 
4 139 142 (445.130005 -932.010010 80 ) (445.130005 -940.010010 80 ) (445.130005 -940.010010 96 ) (445.130005 -932.010010 96 ) 
4 139 141 (445.130005 -924.010010 80 ) (445.130005 -932.010010 80 ) (445.130005 -932.010010 96 ) (445.130005 -924.010010 96 ) 
4 139 140 (445.130005 -916.010010 96 ) (445.130005 -916.010010 80 ) (445.130005 -924.010010 80 ) (445.130005 -924.010010 96 ) 
4 140 146 (444.130005 -916.010010 80 ) (445.130005 -916.010010 80 ) (445.130005 -924.010010 80 ) (444.130005 -924.010010 80 ) 
4 140 144 (444.130005 -916.010010 96 ) (444.130005 -916.010010 80 ) (444.130005 -924.010010 80 ) (444.130005 -924.010010 96 ) 
4 140 141 (444.130005 -924.010010 96 ) (444.130005 -924.010010 80 ) (445.130005 -924.010010 80 ) (445.130005 -924.010010 96 ) 
4 141 146 (445.130005 -924.010010 80 ) (445.130005 -932.010010 80 ) (444.130005 -932.010010 80 ) (444.130005 -924.010010 80 ) 
4 141 144 (444.130005 -924.010010 80 ) (444.130005 -932.010010 80 ) (444.130005 -932.010010 96 ) (444.130005 -924.010010 96 ) 
4 141 142 (444.130005 -932.010010 96 ) (444.130005 -932.010010 80 ) (445.130005 -932.010010 80 ) (445.130005 -932.010010 96 ) 
4 142 146 (445.130005 -932.010010 80 ) (445.130005 -940.010010 80 ) (444.130005 -940.010010 80 ) (444.130005 -932.010010 80 ) 
4 142 144 (444.130005 -932.010010 80 ) (444.130005 -940.010010 80 ) (444.130005 -940.010010 96 ) (444.130005 -932.010010 96 ) 
4 142 143 (444.130005 -940.010010 96 ) (444.130005 -940.010010 80 ) (445.130005 -940.010010 80 ) (445.130005 -940.010010 96 ) 
4 143 146 (448 -940.010010 80 ) (448 -960 80 ) (444.130005 -960 80 ) (444.130005 -940.010010 80 ) 
4 143 144 (444.130005 -940.010010 80 ) (444.130005 -960 80 ) (444.130005 -960 96 ) (444.130005 -940.010010 96 ) 
4 144 146 (440 -960 80 ) (440 -916.010010 80 ) (444.130005 -916.010010 80 ) (444.130005 -960 80 ) 
4 147 148 (256 0 0 ) (256 -64 0 ) (256 -64 128 ) (256 0 128 ) 
4 149 159 (480 -1160 768 ) (480 -1096 768 ) (544 -1096 768 ) (544 -1160 768 ) 
4 150 159 (480 -1288 768 ) (480 -1224 768 ) (544 -1224 768 ) (544 -1288 768 ) 
4 151 159 (480 -1416 768 ) (480 -1352 768 ) (544 -1352 768 ) (544 -1416 768 ) 
4 152 159 (480 -1544 768 ) (480 -1480 768 ) (544 -1480 768 ) (544 -1544 768 ) 
4 153 159 (480 -1672 768 ) (480 -1608 768 ) (544 -1608 768 ) (544 -1672 768 ) 
4 154 159 (480 -1800 768 ) (480 -1736 768 ) (544 -1736 768 ) (544 -1800 768 ) 
4 155 159 (480 -1928 768 ) (480 -1864 768 ) (544 -1864 768 ) (544 -1928 768 ) 
4 156 170 (544 -2048 776 ) (480 -2048 776 ) (480 -2048 768 ) (544 -2048 768 ) 
4 156 159 (544 -2048 768 ) (480 -2048 768 ) (480 -1992 768 ) (544 -1992 768 ) 
4 157 158 (480 -1056 116 ) (480 -1056 0 ) (544 -1056 0 ) (544 -1056 116 ) 
4 158 160 (480 -1064 116 ) (480 -1064 0 ) (544 -1064 0 ) (544 -1064 116 ) 
4 159 191 (576 -2048 768 ) (448 -2048 768 ) (448 -2048 640 ) (576 -2048 640 ) 
4 159 160 (448 -1064 640 ) (576 -1064 640 ) (576 -1752 640 ) (448 -1752 640 ) 
4 160 161 (448 -1752 624 ) (448 -1752 0 ) (576 -1752 0 ) (576 -1752 624 ) 
4 161 230 (576 -2048 0 ) (576 -2048 624 ) (448 -2048 624 ) (448 -2048 0 ) 
4 162 163 (276 -2764 836 ) (276 -2564 836 ) (476 -2564 836 ) (476 -2764 836 ) 
4 163 164 (276 -2764 835 ) (276 -2564 835 ) (476 -2564 835 ) (476 -2764 835 ) 
4 164 165 (276 -2564 832 ) (476 -2564 832 ) (476 -2764 832 ) (276 -2764 832 ) 
8 165 184 (568 -2696 776 ) (536 -2776 776 ) (488 -2824 776 ) (408 -2856 776 ) (344 -2856 776 ) (264 -2824 776 ) (216 -2776 776 ) (184 -2696 776 ) 
4 165 182 (568 -2656 776 ) (568 -2696 776 ) (184 -2696 776 ) (184 -2656 776 ) 
4 165 181 (568 -2632 776 ) (568 -2656 776 ) (184 -2656 776 ) (184 -2632 776 ) 
4 165 178 (480 -2592 776 ) (480 -2632 776 ) (184 -2632 776 ) (200 -2592 776 ) 
5 165 176 (480 -2528 776 ) (480 -2592 776 ) (200 -2592 776 ) (216 -2552 776 ) (240 -2528 776 ) 
6 165 175 (344 -2472 776 ) (408 -2472 776 ) (480 -2500.799805 776 ) (480 -2528 776 ) (240 -2528 776 ) (264 -2504 776 ) 
6 165 173 (480 -2500.799805 776 ) (488 -2504 776 ) (536 -2552 776 ) (544 -2572 776 ) (544 -2632 776 ) (480 -2632 776 ) 
3 165 169 (544 -2572 776 ) (568 -2632 776 ) (544 -2632 776 ) 
4 166 187 (800 -2376 768 ) (800 -2440 768 ) (736 -2440 768 ) (736 -2376 768 ) 
4 167 188 (800 -2504 768 ) (800 -2568 768 ) (736 -2568 768 ) (736 -2504 768 ) 
4 168 187 (672 -2376 768 ) (672 -2440 768 ) (608 -2440 768 ) (608 -2376 768 ) 
3 169 190 (568 -2632 768 ) (544 -2632 768 ) (544 -2572 768 ) 
4 169 181 (544 -2632 768 ) (568 -2632 768 ) (568 -2632 776 ) (544 -2632 776 ) 
4 169 173 (544 -2572 768 ) (544 -2632 768 ) (544 -2632 776 ) (544 -2572 776 ) 
4 170 191 (480 -2048 768 ) (544 -2048 768 ) (544 -2056 768 ) (480 -2056 768 ) 
4 171 191 (544 -2120 768 ) (544 -2184 768 ) (480 -2184 768 ) (480 -2120 768 ) 
4 172 191 (544 -2376 768 ) (544 -2440 768 ) (480 -2440 768 ) (480 -2376 768 ) 
6 173 190 (544 -2572 768 ) (544 -2632 768 ) (480 -2632 768 ) (480 -2500.799805 768 ) (488 -2504 768 ) (536 -2552 768 ) 
4 173 181 (480 -2632 768 ) (544 -2632 768 ) (544 -2632 776 ) (480 -2632 776 ) 
4 173 178 (480 -2592 768 ) (480 -2632 768 ) (480 -2632 776 ) (480 -2592 776 ) 
4 173 176 (480 -2528 768 ) (480 -2592 768 ) (480 -2592 776 ) (480 -2528 776 ) 
4 173 175 (480 -2500.799805 768 ) (480 -2528 768 ) (480 -2528 776 ) (480 -2500.799805 776 ) 
4 174 231 (0 -2464 776 ) (0 -2400 776 ) (0 -2400 768 ) (0 -2464 768 ) 
4 174 199 (0 -2464 768 ) (0 -2400 768 ) (48 -2400 768 ) (48 -2464 768 ) 
6 175 192 (344 -2472 768 ) (408 -2472 768 ) (448 -2488 768 ) (448 -2528 768 ) (240 -2528 768 ) (264 -2504 768 ) 
4 175 190 (448 -2488 768 ) (480 -2500.799805 768 ) (480 -2528 768 ) (448 -2528 768 ) 
4 175 176 (240 -2528 768 ) (480 -2528 768 ) (480 -2528 776 ) (240 -2528 776 ) 
6 176 196 (448 -2546 768 ) (448 -2592 768 ) (271.977356 -2592 768 ) (212 -2562 768 ) (216 -2552 768 ) (222 -2546 768 ) 
3 176 193 (271.977356 -2592 768 ) (200 -2592 768 ) (212 -2562 768 ) 
4 176 192 (240 -2528 768 ) (448 -2528 768 ) (448 -2546 768 ) (222 -2546 768 ) 
4 176 190 (448 -2528 768 ) (480 -2528 768 ) (480 -2592 768 ) (448 -2592 768 ) 
4 176 178 (200 -2592 768 ) (480 -2592 768 ) (480 -2592 776 ) (200 -2592 776 ) 
4 177 233 (0 -2592 776 ) (0 -2528 776 ) (0 -2528 768 ) (0 -2592 768 ) 
4 177 199 (0 -2592 768 ) (0 -2528 768 ) (48 -2528 768 ) (48 -2592 768 ) 
4 178 196 (271.977356 -2592 768 ) (448 -2592 768 ) (448 -2632 768 ) (351.947968 -2632 768 ) 
4 178 193 (200 -2592 768 ) (271.977356 -2592 768 ) (351.947968 -2632 768 ) (184 -2632 768 ) 
4 178 190 (448 -2592 768 ) (480 -2592 768 ) (480 -2632 768 ) (448 -2632 768 ) 
4 178 181 (184 -2632 768 ) (480 -2632 768 ) (480 -2632 776 ) (184 -2632 776 ) 
4 179 188 (736 -2632 768 ) (800 -2632 768 ) (800 -2696 768 ) (736 -2696 768 ) 
4 180 189 (608 -2632 768 ) (672 -2632 768 ) (672 -2696 768 ) (608 -2696 768 ) 
4 181 201 (184 -2632 768 ) (568 -2632 768 ) (568 -2656 768 ) (184 -2656 768 ) 
4 181 182 (184 -2656 768 ) (568 -2656 768 ) (568 -2656 776 ) (184 -2656 776 ) 
4 182 201 (184 -2656 768 ) (568 -2656 768 ) (568 -2696 768 ) (184 -2696 768 ) 
4 182 184 (184 -2696 768 ) (568 -2696 768 ) (568 -2696 776 ) (184 -2696 776 ) 
4 183 235 (0 -2696 776 ) (0 -2656 776 ) (0 -2656 768 ) (0 -2696 768 ) 
4 183 202 (0 -2696 768 ) (0 -2656 768 ) (48 -2656 768 ) (48 -2696 768 ) 
4 183 185 (0 -2696 768 ) (48 -2696 768 ) (48 -2696 776 ) (0 -2696 776 ) 
6 184 215 (530 -2782 768 ) (488 -2824 768 ) (408 -2856 768 ) (344 -2856 768 ) (264 -2824 768 ) (222 -2782 768 ) 
3 184 206 (188.667572 -2707.669189 768 ) (184 -2696 768 ) (212.064224 -2696 768 ) 
7 184 205 (216 -2776 768 ) (212 -2766 768 ) (351.897705 -2696 768 ) (568 -2696 768 ) (536 -2776 768 ) (530 -2782 768 ) (222 -2782 768 ) 
4 184 204 (212 -2766 768 ) (188.667572 -2707.669189 768 ) (212.064224 -2696 768 ) (351.897705 -2696 768 ) 
4 185 235 (0 -2720 776 ) (0 -2696 776 ) (0 -2696 768 ) (0 -2720 768 ) 
4 185 217 (0 -2720 768 ) (0 -2696 768 ) (48 -2696 768 ) (48 -2720 768 ) 
4 186 237 (0 -2840 776 ) (0 -2776 776 ) (0 -2776 768 ) (0 -2840 768 ) 
4 186 225 (0 -2840 768 ) (0 -2824 768 ) (48 -2824 768 ) (48 -2840 768 ) 
4 186 218 (0 -2824 768 ) (0 -2776 768 ) (48 -2776 768 ) (48 -2824 768 ) 
4 187 191 (576 -2344 640 ) (576 -2472 640 ) (576 -2472 768 ) (576 -2344 768 ) 
4 187 188 (704 -2472 640 ) (832 -2472 640 ) (832 -2472 768 ) (704 -2472 768 ) 
4 188 189 (704 -2600 640 ) (704 -2728 640 ) (704 -2728 768 ) (704 -2600 768 ) 
4 189 200 (576 -2632 640 ) (576 -2696 640 ) (576 -2696 754 ) (576 -2632 754 ) 
4 190 201 (448 -2632 640 ) (568 -2632 640 ) (568 -2632 768 ) (448 -2632 768 ) 
4 190 196 (448 -2546 640 ) (448 -2632 640 ) (448 -2632 768 ) (448 -2546 768 ) 
4 190 192 (448 -2488 640 ) (448 -2546 640 ) (448 -2546 768 ) (448 -2488 768 ) 
4 192 196 (222 -2546 640 ) (448 -2546 640 ) (448 -2546 768 ) (222 -2546 768 ) 
4 193 201 (184 -2632 640 ) (351.947876 -2632 640 ) (351.947876 -2632 768 ) (184 -2632 768 ) 
4 193 196 (351.947357 -2632 768 ) (351.947357 -2632 640 ) (212.020065 -2562.010254 640 ) (212.020050 -2562.010254 768 ) 
4 193 195 (212.019531 -2562.013672 754 ) (212.019531 -2562.013672 640 ) (188.673050 -2620.329590 640 ) (188.669495 -2620.338623 754 ) 
4 194 202 (88 -2632 640 ) (175.986115 -2632 640 ) (175.995102 -2632 768 ) (88 -2632 768 ) 
4 194 198 (88 -2600 640 ) (88 -2632 640 ) (88 -2632 768 ) (88 -2600 768 ) 
4 194 197 (206.453644 -2559.226074 640 ) (180.011719 -2546 640 ) (180.011719 -2546 768 ) (206.461060 -2559.229736 768 ) 
4 194 195 (182.222778 -2617.105225 640 ) (206.454010 -2559.227051 640 ) (206.460678 -2559.230225 754 ) (182.225708 -2617.117676 754 ) 
4 196 201 (351.947876 -2632 640 ) (448 -2632 640 ) (448 -2632 768 ) (351.947876 -2632 768 ) 
4 198 202 (80 -2632 640 ) (88 -2632 640 ) (88 -2632 768 ) (80 -2632 768 ) 
4 198 199 (80 -2600 640 ) (80 -2632 640 ) (80 -2632 768 ) (80 -2600 768 ) 
4 199 243 (0 -2368 672 ) (0 -2368 640 ) (0 -2632 640 ) (0 -2632 672 ) 
4 199 239 (0 -2632 768 ) (0 -2368 768 ) (0 -2368 672 ) (0 -2632 672 ) 
4 199 202 (0 -2632 640 ) (80 -2632 640 ) (80 -2632 768 ) (0 -2632 768 ) 
4 200 201 (568 -2632 754 ) (568 -2632 640 ) (568 -2696 640 ) (568 -2696 754 ) 
4 201 210 (184 -2696 640 ) (212.063171 -2696 640 ) (212.064270 -2696 754 ) (184 -2696 754 ) 
4 201 209 (351.897705 -2696 640 ) (568 -2696 640 ) (568 -2696 754 ) (351.897400 -2696 754 ) 
4 201 208 (212.063171 -2696 640 ) (351.897705 -2696 640 ) (351.897400 -2696 754 ) (212.064270 -2696 754 ) 
4 201 206 (212.064270 -2696 768 ) (184 -2696 768 ) (184 -2696 754 ) (212.064270 -2696 754 ) 
4 201 205 (568 -2696 754 ) (568 -2696 768 ) (351.897400 -2696 768 ) (351.897400 -2696 754 ) 
4 201 204 (351.897400 -2696 768 ) (212.064270 -2696 768 ) (212.064270 -2696 754 ) (351.897400 -2696 754 ) 
4 202 243 (0 -2632 672 ) (0 -2632 640 ) (0 -2696 640 ) (0 -2696 672 ) 
4 202 239 (0 -2696 768 ) (0 -2632 768 ) (0 -2632 672 ) (0 -2696 672 ) 
4 202 220 (0 -2696 640 ) (78 -2696 640 ) (78 -2696 672 ) (0 -2696 672 ) 
4 202 219 (78 -2696 640 ) (80 -2696 640 ) (80 -2696 672 ) (78 -2696 672 ) 
4 202 217 (80 -2696 672 ) (80 -2696 768 ) (0 -2696 768 ) (0 -2696 672 ) 
4 202 216 (80 -2696 640 ) (88 -2696 640 ) (88 -2696 768 ) (80 -2696 768 ) 
4 202 212 (136 -2696 754 ) (136 -2696 768 ) (88 -2696 768 ) (88 -2696 754 ) 
4 202 213 (88 -2696 640 ) (136 -2696 640 ) (136 -2696 754 ) (88 -2696 754 ) 
4 202 211 (136 -2696 640 ) (176 -2696 640 ) (176 -2696 754 ) (136 -2696 754 ) 
4 202 207 (176 -2696 754 ) (176 -2696 768 ) (136 -2696 768 ) (136 -2696 754 ) 
4 203 212 (161.312485 -2721.312500 754 ) (204.796661 -2764.796631 754 ) (204.802124 -2764.802002 768 ) (161.312485 -2721.312500 768 ) 
3 203 208 (204.796661 -2764.796631 754 ) (161.312485 -2721.312500 754 ) (182.225769 -2710.882080 754 ) 
4 203 207 (182.225052 -2710.880371 754 ) (161.312500 -2721.310547 754 ) (161.312531 -2721.310547 768 ) (182.227722 -2710.879150 768 ) 
4 204 208 (188.664322 -2707.670898 754 ) (212.064270 -2696 754 ) (351.897400 -2696 754 ) (212 -2766 754 ) 
4 204 206 (212.060501 -2696 768 ) (212.060394 -2696 754 ) (188.663651 -2707.669189 754 ) (188.663651 -2707.669189 768 ) 
4 204 205 (212 -2766.001709 754 ) (351.901703 -2696 754 ) (351.901703 -2696 768 ) (212 -2766.001709 768 ) 
4 205 215 (530 -2782 754 ) (530 -2782 768 ) (222 -2782 768 ) (222 -2782 754 ) 
7 205 209 (536 -2776 754 ) (530 -2782 754 ) (222 -2782 754 ) (216 -2776 754 ) (212 -2766 754 ) (351.897400 -2696 754 ) (568 -2696 754 ) 
3 206 210 (184 -2696 754 ) (212.064270 -2696 754 ) (188.664368 -2707.670654 754 ) 
4 207 212 (136 -2696 768 ) (136 -2696 754 ) (161.312485 -2721.312500 754 ) (161.312485 -2721.312500 768 ) 
4 207 211 (161.312485 -2721.312500 754 ) (136 -2696 754 ) (176 -2696 754 ) (182.229095 -2710.880371 754 ) 
4 208 213 (161.312119 -2721.312012 640 ) (208.001007 -2768 640 ) (208 -2768 754 ) (161.312485 -2721.312500 754 ) 
4 208 211 (161.312210 -2721.310303 640 ) (161.312500 -2721.310547 754 ) (182.228439 -2710.878662 754 ) (182.228317 -2710.878418 640 ) 
4 208 210 (188.663696 -2707.669189 754 ) (212.060287 -2696 754 ) (212.059402 -2696 640 ) (188.663544 -2707.668701 640 ) 
4 208 209 (351.902496 -2696 640 ) (351.902496 -2696 754 ) (212 -2766.002197 754 ) (212 -2766.002197 640 ) 
4 209 215 (222 -2782 640 ) (530 -2782 640 ) (530 -2782 754 ) (222 -2782 754 ) 
4 211 213 (136 -2696 754 ) (136 -2696 640 ) (161.312119 -2721.312012 640 ) (161.312485 -2721.312500 754 ) 
4 212 216 (88 -2696 768 ) (88 -2696 754 ) (88 -2728 754 ) (88 -2728 768 ) 
4 212 214 (180.023895 -2782 768 ) (180.023895 -2782 754 ) (206.460968 -2768.771973 754 ) (206.463593 -2768.770752 768 ) 
6 212 213 (206.460907 -2768.771973 754 ) (180.024338 -2782 754 ) (88 -2782 754 ) (88 -2696 754 ) (135.987503 -2696 754 ) (204.806442 -2764.820068 754 ) 
4 213 216 (88 -2696 754 ) (88 -2696 640 ) (88 -2728 640 ) (88 -2728 754 ) 
4 213 214 (180.023895 -2782 754 ) (180.023895 -2782 640 ) (206.462448 -2768.771240 640 ) (206.463928 -2768.770508 754 ) 
4 216 219 (80 -2696 672 ) (80 -2696 640 ) (80 -2728 640 ) (80 -2728 672 ) 
4 216 217 (80 -2696 768 ) (80 -2696 672 ) (80 -2728 672 ) (80 -2728 768 ) 
4 217 239 (0 -2776 768 ) (0 -2696 768 ) (0 -2696 672 ) (0 -2776 672 ) 
4 217 220 (0 -2776 672 ) (0 -2696 672 ) (78 -2696 672 ) (78 -2776 672 ) 
4 217 219 (78 -2696 672 ) (80 -2696 672 ) (80 -2776 672 ) (78 -2776 672 ) 
4 217 218 (80 -2776 676 ) (80 -2776 768 ) (0 -2776 768 ) (0 -2776 676 ) 
4 218 240 (0 -2824 768 ) (0 -2776 768 ) (0 -2776 676 ) (0 -2824 676 ) 
4 218 226 (0 -2824 728 ) (0 -2824 676 ) (64 -2824 676 ) (64 -2824 728 ) 
4 218 225 (64 -2824 768 ) (0 -2824 768 ) (0 -2824 728 ) (64 -2824 728 ) 
4 218 224 (80 -2824 676 ) (80 -2824 768 ) (64 -2824 768 ) (64 -2824 676 ) 
4 219 224 (78 -2824 640 ) (80 -2824 640 ) (80 -2824 672 ) (78 -2824 672 ) 
4 219 222 (78 -2824 640 ) (78 -2824 672 ) (78 -2822 672 ) (78 -2822 640 ) 
4 219 220 (78 -2778 672 ) (78 -2696 672 ) (78 -2696 640 ) (78 -2778 640 ) 
4 219 221 (78 -2818 672 ) (78 -2782 672 ) (78 -2782 640 ) (78 -2818 640 ) 
4 220 243 (0 -2696 672 ) (0 -2696 640 ) (0 -2778 640 ) (0 -2778 672 ) 
4 221 245 (0 -2782 640 ) (0 -2818 640 ) (0 -2818 672 ) (0 -2782 672 ) 
4 221 223 (0 -2818 640 ) (74 -2818 640 ) (74 -2818 672 ) (0 -2818 672 ) 
4 222 224 (74 -2824 640 ) (78 -2824 640 ) (78 -2824 672 ) (74 -2824 672 ) 
4 222 223 (74 -2822 640 ) (74 -2824 640 ) (74 -2824 672 ) (74 -2822 672 ) 
4 223 247 (0 -2822 640 ) (0 -2824 640 ) (0 -2824 672 ) (0 -2822 672 ) 
4 223 245 (0 -2818 640 ) (0 -2822 640 ) (0 -2822 672 ) (0 -2818 672 ) 
4 223 226 (64 -2824 656 ) (64 -2824 672 ) (0 -2824 672 ) (0 -2824 656 ) 
4 223 228 (0 -2824 640 ) (64 -2824 640 ) (64 -2824 656 ) (0 -2824 656 ) 
4 223 224 (64 -2824 640 ) (74 -2824 640 ) (74 -2824 672 ) (64 -2824 672 ) 
4 224 227 (64 -2848 656 ) (64 -2856 656 ) (64 -2856 728 ) (64 -2848 728 ) 
4 224 226 (64 -2824 728 ) (64 -2824 656 ) (64 -2848 656 ) (64 -2848 728 ) 
4 224 225 (64 -2824 768 ) (64 -2824 728 ) (64 -2856 728 ) (64 -2856 768 ) 
4 224 228 (64 -2824 656 ) (64 -2824 640 ) (64 -2856 640 ) (64 -2856 656 ) 
4 224 229 (64 -2856 640 ) (64 -2880 640 ) (64 -2880 768 ) (64 -2856 768 ) 
4 225 242 (0 -2856 768 ) (0 -2824 768 ) (0 -2824 728 ) (0 -2856 728 ) 
4 225 227 (64 -2856 728 ) (0 -2856 728 ) (0 -2848 728 ) (64 -2848 728 ) 
4 225 226 (0 -2848 728 ) (0 -2824 728 ) (64 -2824 728 ) (64 -2848 728 ) 
4 225 229 (64 -2856 728 ) (64 -2856 768 ) (0 -2856 768 ) (0 -2856 728 ) 
4 226 247 (0 -2824 672 ) (0 -2824 656 ) (0 -2848 656 ) (0 -2848 672 ) 
4 226 242 (0 -2824 728 ) (0 -2824 672 ) (0 -2848 672 ) (0 -2848 728 ) 
4 226 228 (0 -2848 656 ) (0 -2824 656 ) (64 -2824 656 ) (64 -2848 656 ) 
4 226 227 (0 -2848 656 ) (64 -2848 656 ) (64 -2848 728 ) (0 -2848 728 ) 
4 227 247 (0 -2848 656 ) (0 -2856 656 ) (0 -2856 672 ) (0 -2848 672 ) 
4 227 242 (0 -2856 672 ) (0 -2856 728 ) (0 -2848 728 ) (0 -2848 672 ) 
4 227 229 (64 -2856 656 ) (64 -2856 728 ) (0 -2856 728 ) (0 -2856 656 ) 
4 227 228 (64 -2856 656 ) (0 -2856 656 ) (0 -2848 656 ) (64 -2848 656 ) 
4 228 247 (0 -2824 656 ) (0 -2824 640 ) (0 -2856 640 ) (0 -2856 656 ) 
4 228 229 (0 -2856 640 ) (64 -2856 640 ) (64 -2856 656 ) (0 -2856 656 ) 
4 229 247 (0 -2856 672 ) (0 -2856 640 ) (0 -2880 640 ) (0 -2880 672 ) 
4 229 242 (0 -2880 768 ) (0 -2856 768 ) (0 -2856 672 ) (0 -2880 672 ) 
4 231 239 (-16 -2400 768 ) (0 -2400 768 ) (0 -2464 768 ) (-16 -2464 768 ) 
4 232 241 (-144 -2400 768 ) (-80 -2400 768 ) (-80 -2464 768 ) (-144 -2464 768 ) 
4 233 239 (-16 -2528 768 ) (0 -2528 768 ) (0 -2592 768 ) (-16 -2592 768 ) 
4 234 241 (-144 -2528 768 ) (-80 -2528 768 ) (-80 -2592 768 ) (-144 -2592 768 ) 
4 235 239 (-16 -2656 768 ) (0 -2656 768 ) (0 -2720 768 ) (-16 -2720 768 ) 
4 236 241 (-144 -2656 768 ) (-80 -2656 768 ) (-80 -2720 768 ) (-144 -2720 768 ) 
4 237 242 (0 -2824 768 ) (0 -2840 768 ) (-16 -2840 768 ) (-16 -2824 768 ) 
4 237 240 (-16 -2776 768 ) (0 -2776 768 ) (0 -2824 768 ) (-16 -2824 768 ) 
4 238 242 (-80 -2824 768 ) (-80 -2840 768 ) (-144 -2840 768 ) (-144 -2824 768 ) 
4 238 241 (-144 -2776 768 ) (-80 -2776 768 ) (-80 -2824 768 ) (-144 -2824 768 ) 
4 239 243 (-16 -2368 672 ) (0 -2368 672 ) (0 -2776 672 ) (-16 -2776 672 ) 
4 239 240 (-16 -2776 768 ) (-16 -2776 676 ) (0 -2776 676 ) (0 -2776 768 ) 
4 239 241 (-16 -2368 768 ) (-16 -2368 672 ) (-16 -2776 672 ) (-16 -2776 768 ) 
4 240 242 (0 -2824 676 ) (0 -2824 768 ) (-16 -2824 768 ) (-16 -2824 676 ) 
4 240 241 (-16 -2824 676 ) (-16 -2824 768 ) (-16 -2776 768 ) (-16 -2776 676 ) 
4 241 247 (-176 -2824 672 ) (-176 -2822 672 ) (-16 -2822 672 ) (-16 -2824 672 ) 
4 241 246 (-176 -2822 672 ) (-176 -2782 672 ) (-16 -2782 672 ) (-16 -2822 672 ) 
4 241 244 (-176 -2782 672 ) (-176 -2778 672 ) (-16 -2778 672 ) (-16 -2782 672 ) 
4 241 243 (-176 -2778 672 ) (-176 -2368 672 ) (-16 -2368 672 ) (-16 -2778 672 ) 
4 241 242 (-176 -2824 768 ) (-176 -2824 672 ) (-16 -2824 672 ) (-16 -2824 768 ) 
4 242 247 (-176 -2880 672 ) (-176 -2824 672 ) (0 -2824 672 ) (0 -2880 672 ) 
4 243 244 (-14 -2778 672 ) (-176 -2778 672 ) (-176 -2778 640 ) (-14 -2778 640 ) 
4 244 246 (-14 -2782 672 ) (-176 -2782 672 ) (-176 -2782 640 ) (-14 -2782 640 ) 
4 245 247 (0 -2822 672 ) (-10 -2822 672 ) (-10 -2822 640 ) (0 -2822 640 ) 
4 246 247 (-14 -2822 672 ) (-176 -2822 672 ) (-176 -2822 640 ) (-14 -2822 640 ) 
