PRT1
356
588
4 0 20 (0 0 1088 ) (0 0 1216 ) (0 32 1216 ) (0 32 1088 ) 
4 0 18 (0 32 1216 ) (0 64 1216 ) (0 64 1088 ) (0 32 1088 ) 
4 0 1 (0 0 1216 ) (0 0 1088 ) (64 0 1088 ) (64 0 1216 ) 
4 1 29 (0 0 1196 ) (0 0 1088 ) (0 -192 1088 ) (0 -192 1196 ) 
4 1 25 (0 -192 1216 ) (0 0 1216 ) (0 0 1196 ) (0 -192 1196 ) 
4 2 3 (-64 96 1216 ) (-64 96 1088 ) (0 96 1088 ) (0 96 1216 ) 
4 3 18 (-64 64 1088 ) (0 64 1088 ) (0 64 1216 ) (-64 64 1216 ) 
4 4 5 (-192 96 1216 ) (-192 96 1088 ) (-128 96 1088 ) (-128 96 1216 ) 
4 5 18 (-192 64 1088 ) (-128 64 1088 ) (-128 64 1216 ) (-192 64 1216 ) 
4 6 7 (-320 96 1216 ) (-320 96 1088 ) (-256 96 1088 ) (-256 96 1216 ) 
4 7 18 (-320 64 1088 ) (-256 64 1088 ) (-256 64 1216 ) (-320 64 1216 ) 
4 8 9 (-448 96 1216 ) (-448 96 1088 ) (-384 96 1088 ) (-384 96 1216 ) 
4 9 18 (-448 64 1088 ) (-384 64 1088 ) (-384 64 1216 ) (-448 64 1216 ) 
4 10 11 (-576 96 1216 ) (-576 96 1088 ) (-512 96 1088 ) (-512 96 1216 ) 
4 11 18 (-576 64 1088 ) (-512 64 1088 ) (-512 64 1216 ) (-576 64 1216 ) 
4 12 13 (-768 96 1216 ) (-768 96 1088 ) (-704 96 1088 ) (-704 96 1216 ) 
4 13 19 (-768 64 1088 ) (-704 64 1088 ) (-704 64 1216 ) (-768 64 1216 ) 
4 14 15 (-896 96 1216 ) (-896 96 1088 ) (-832 96 1088 ) (-832 96 1216 ) 
4 15 19 (-896 64 1088 ) (-832 64 1088 ) (-832 64 1216 ) (-896 64 1216 ) 
4 16 17 (-1024 96 1088 ) (-960 96 1088 ) (-960 96 1216 ) (-1024 96 1216 ) 
4 17 19 (-1024 64 1088 ) (-960 64 1088 ) (-960 64 1216 ) (-1024 64 1216 ) 
4 18 20 (-608 32 1088 ) (0 32 1088 ) (0 32 1216 ) (-608 32 1216 ) 
4 19 69 (-1024 32 1216 ) (-1024 64 1216 ) (-1024 64 1088 ) (-1024 32 1088 ) 
4 19 24 (-1024 32 1088 ) (-640 32 1088 ) (-640 32 1196 ) (-1024 32 1196 ) 
4 19 22 (-640 32 1196 ) (-640 32 1200 ) (-1024 32 1200 ) (-1024 32 1196 ) 
4 19 21 (-640 32 1200 ) (-640 32 1216 ) (-1024 32 1216 ) (-1024 32 1200 ) 
4 20 30 (-606 0 1196 ) (-608 0 1196 ) (-608 0 1088 ) (-606 0 1088 ) 
4 20 29 (0 0 1088 ) (0 0 1196 ) (-606 0 1196 ) (-606 0 1088 ) 
4 20 26 (-606 0 1216 ) (-608 0 1216 ) (-608 0 1196 ) (-606 0 1196 ) 
4 20 25 (0 0 1196 ) (0 0 1216 ) (-606 0 1216 ) (-606 0 1196 ) 
4 20 23 (-608 28 1088 ) (-608 0 1088 ) (-608 0 1196 ) (-608 28 1196 ) 
4 21 71 (-1024 0 1200 ) (-1024 0 1216 ) (-1024 32 1216 ) (-1024 32 1200 ) 
4 21 33 (-640 0 1216 ) (-1024 0 1216 ) (-1024 0 1200 ) (-640 0 1200 ) 
4 21 22 (-1024 0 1200 ) (-1024 32 1200 ) (-640 32 1200 ) (-640 0 1200 ) 
4 22 73 (-1024 0 1196 ) (-1024 0 1200 ) (-1024 32 1200 ) (-1024 32 1196 ) 
4 22 34 (-1024 0 1200 ) (-1024 0 1196 ) (-610 0 1196 ) (-610 0 1200 ) 
4 22 24 (-1024 32 1196 ) (-610 32 1196 ) (-610 0 1196 ) (-1024 0 1196 ) 
4 23 35 (-610 0 1088 ) (-608 0 1088 ) (-608 0 1196 ) (-610 0 1196 ) 
4 23 24 (-610 0 1196 ) (-610 28 1196 ) (-610 28 1088 ) (-610 0 1088 ) 
4 24 76 (-1024 28 1196 ) (-1024 32 1196 ) (-1024 32 1088 ) (-1024 28 1088 ) 
4 24 79 (-1024 0 1088 ) (-1024 0 1196 ) (-1024 28 1196 ) (-1024 28 1088 ) 
4 24 36 (-1024 0 1196 ) (-1024 0 1088 ) (-610 0 1088 ) (-610 0 1196 ) 
4 25 47 (-512 -192 1216 ) (-576 -192 1216 ) (-576 -192 1196 ) (-512 -192 1196 ) 
4 25 45 (-384 -192 1216 ) (-448 -192 1216 ) (-448 -192 1196 ) (-384 -192 1196 ) 
4 25 43 (-256 -192 1216 ) (-320 -192 1216 ) (-320 -192 1196 ) (-256 -192 1196 ) 
4 25 41 (-128 -192 1216 ) (-192 -192 1216 ) (-192 -192 1196 ) (-128 -192 1196 ) 
4 25 39 (0 -192 1196 ) (0 -192 1216 ) (-64 -192 1216 ) (-64 -192 1196 ) 
4 25 29 (0 -192 1196 ) (-606 -192 1196 ) (-606 0 1196 ) (0 0 1196 ) 
4 25 27 (-606 -160 1200 ) (-606 -160 1216 ) (-606 -104 1216 ) (-606 -104 1200 ) 
4 25 26 (-606 0 1196 ) (-606 -104 1196 ) (-606 -104 1216 ) (-606 0 1216 ) 
4 25 28 (-606 -160 1196 ) (-606 -192 1196 ) (-606 -192 1216 ) (-606 -160 1216 ) 
4 26 30 (-608 -104 1196 ) (-608 0 1196 ) (-606 0 1196 ) (-606 -104 1196 ) 
4 26 27 (-608 -104 1216 ) (-608 -104 1200 ) (-606 -104 1200 ) (-606 -104 1216 ) 
4 27 28 (-608 -160 1216 ) (-608 -160 1200 ) (-606 -160 1200 ) (-606 -160 1216 ) 
4 28 32 (-606 -192 1196 ) (-608 -192 1196 ) (-608 -160 1196 ) (-606 -160 1196 ) 
4 29 47 (-576 -192 1088 ) (-512 -192 1088 ) (-512 -192 1196 ) (-576 -192 1196 ) 
4 29 45 (-448 -192 1088 ) (-384 -192 1088 ) (-384 -192 1196 ) (-448 -192 1196 ) 
4 29 43 (-320 -192 1088 ) (-256 -192 1088 ) (-256 -192 1196 ) (-320 -192 1196 ) 
4 29 41 (-192 -192 1088 ) (-128 -192 1088 ) (-128 -192 1196 ) (-192 -192 1196 ) 
4 29 39 (-64 -192 1088 ) (0 -192 1088 ) (0 -192 1196 ) (-64 -192 1196 ) 
4 29 31 (-606 -108 1088 ) (-606 -156 1088 ) (-606 -156 1196 ) (-606 -108 1196 ) 
4 29 32 (-606 -160 1088 ) (-606 -192 1088 ) (-606 -192 1196 ) (-606 -160 1196 ) 
4 29 30 (-606 0 1088 ) (-606 -104 1088 ) (-606 -104 1196 ) (-606 0 1196 ) 
4 30 35 (-608 0 1088 ) (-608 -20 1088 ) (-608 -20 1196 ) (-608 0 1196 ) 
4 31 37 (-608 -108 1088 ) (-608 -156 1088 ) (-608 -156 1196 ) (-608 -108 1196 ) 
4 33 101 (-1024 -24 1216 ) (-1024 0 1216 ) (-1024 0 1200 ) (-1024 -24 1200 ) 
4 33 38 (-640 -24 1216 ) (-1024 -24 1216 ) (-1024 -24 1200 ) (-640 -24 1200 ) 
4 33 34 (-640 -24 1200 ) (-1024 -24 1200 ) (-1024 0 1200 ) (-640 0 1200 ) 
4 34 101 (-1024 0 1200 ) (-1024 0 1196 ) (-1024 -24 1196 ) (-1024 -24 1200 ) 
4 34 38 (-640 -24 1200 ) (-1024 -24 1200 ) (-1024 -24 1196 ) (-640 -24 1196 ) 
4 34 36 (-610 -24 1196 ) (-1024 -24 1196 ) (-1024 0 1196 ) (-610 0 1196 ) 
4 35 36 (-610 0 1088 ) (-610 -20 1088 ) (-610 -20 1196 ) (-610 0 1196 ) 
4 36 105 (-1024 0 1196 ) (-1024 0 1088 ) (-1024 -24 1088 ) (-1024 -24 1196 ) 
4 36 38 (-1024 -24 1088 ) (-640 -24 1088 ) (-640 -24 1196 ) (-1024 -24 1196 ) 
4 37 38 (-640 -104 1088 ) (-640 -160 1088 ) (-640 -160 1200 ) (-640 -104 1200 ) 
4 38 105 (-1024 -24 1196 ) (-1024 -24 1088 ) (-1024 -192 1088 ) (-1024 -192 1196 ) 
4 38 101 (-1024 -192 1216 ) (-1024 -24 1216 ) (-1024 -24 1196 ) (-1024 -192 1196 ) 
4 38 53 (-1024 -192 1088 ) (-960 -192 1088 ) (-960 -192 1216 ) (-1024 -192 1216 ) 
4 38 51 (-896 -192 1088 ) (-832 -192 1088 ) (-832 -192 1216 ) (-896 -192 1216 ) 
4 38 49 (-768 -192 1088 ) (-704 -192 1088 ) (-704 -192 1216 ) (-768 -192 1216 ) 
4 39 40 (-64 -224 1216 ) (-64 -224 1088 ) (0 -224 1088 ) (0 -224 1216 ) 
4 41 42 (-192 -224 1216 ) (-192 -224 1088 ) (-128 -224 1088 ) (-128 -224 1216 ) 
4 43 44 (-320 -224 1216 ) (-320 -224 1088 ) (-256 -224 1088 ) (-256 -224 1216 ) 
4 45 46 (-448 -224 1216 ) (-448 -224 1088 ) (-384 -224 1088 ) (-384 -224 1216 ) 
4 47 48 (-576 -224 1216 ) (-576 -224 1088 ) (-512 -224 1088 ) (-512 -224 1216 ) 
4 49 50 (-768 -224 1216 ) (-768 -224 1088 ) (-704 -224 1088 ) (-704 -224 1216 ) 
4 51 52 (-896 -224 1216 ) (-896 -224 1088 ) (-832 -224 1088 ) (-832 -224 1216 ) 
4 53 54 (-1024 -224 1088 ) (-960 -224 1088 ) (-960 -224 1216 ) (-1024 -224 1216 ) 
4 55 56 (-1152 96 1216 ) (-1152 96 1088 ) (-1088 96 1088 ) (-1088 96 1216 ) 
4 56 69 (-1152 64 1088 ) (-1088 64 1088 ) (-1088 64 1216 ) (-1152 64 1216 ) 
4 57 58 (-1280 96 1216 ) (-1280 96 1088 ) (-1216 96 1088 ) (-1216 96 1216 ) 
4 58 69 (-1280 64 1088 ) (-1216 64 1088 ) (-1216 64 1216 ) (-1280 64 1216 ) 
4 59 60 (-1472 96 1216 ) (-1472 96 1088 ) (-1408 96 1088 ) (-1408 96 1216 ) 
4 60 70 (-1472 64 1088 ) (-1408 64 1088 ) (-1408 64 1216 ) (-1472 64 1216 ) 
4 61 62 (-1600 96 1216 ) (-1600 96 1088 ) (-1536 96 1088 ) (-1536 96 1216 ) 
4 62 70 (-1600 64 1088 ) (-1536 64 1088 ) (-1536 64 1216 ) (-1600 64 1216 ) 
4 63 64 (-1728 96 1216 ) (-1728 96 1088 ) (-1664 96 1088 ) (-1664 96 1216 ) 
4 64 70 (-1728 64 1088 ) (-1664 64 1088 ) (-1664 64 1216 ) (-1728 64 1216 ) 
4 65 66 (-1856 96 1216 ) (-1856 96 1088 ) (-1792 96 1088 ) (-1792 96 1216 ) 
4 66 70 (-1856 64 1088 ) (-1792 64 1088 ) (-1792 64 1216 ) (-1856 64 1216 ) 
4 67 68 (-1984 96 1216 ) (-1984 96 1088 ) (-1920 96 1088 ) (-1920 96 1216 ) 
4 68 70 (-1984 64 1088 ) (-1920 64 1088 ) (-1920 64 1216 ) (-1984 64 1216 ) 
4 69 76 (-1312 32 1088 ) (-1024 32 1088 ) (-1024 32 1196 ) (-1312 32 1196 ) 
4 69 73 (-1024 32 1196 ) (-1024 32 1200 ) (-1312 32 1200 ) (-1312 32 1196 ) 
4 69 71 (-1024 32 1200 ) (-1024 32 1216 ) (-1312 32 1216 ) (-1312 32 1200 ) 
4 70 77 (-2016 32 1088 ) (-1344 32 1088 ) (-1344 32 1196 ) (-2016 32 1196 ) 
4 70 74 (-1344 32 1196 ) (-1344 32 1200 ) (-2016 32 1200 ) (-2016 32 1196 ) 
4 70 72 (-1344 32 1200 ) (-1344 32 1216 ) (-2016 32 1216 ) (-2016 32 1200 ) 
4 71 102 (-1310 0 1216 ) (-1312 0 1216 ) (-1312 0 1200 ) (-1310 0 1200 ) 
4 71 101 (-1024 0 1200 ) (-1024 0 1216 ) (-1310 0 1216 ) (-1310 0 1200 ) 
4 71 73 (-1024 0 1200 ) (-1312 0 1200 ) (-1312 32 1200 ) (-1024 32 1200 ) 
4 72 114 (-2014 0 1216 ) (-2016 0 1216 ) (-2016 0 1200 ) (-2014 0 1200 ) 
4 72 113 (-1344 0 1216 ) (-2014 0 1216 ) (-2014 0 1200 ) (-1344 0 1200 ) 
4 72 74 (-1344 0 1200 ) (-2016 0 1200 ) (-2016 32 1200 ) (-1344 32 1200 ) 
4 73 102 (-1310 0 1200 ) (-1312 0 1200 ) (-1312 0 1196 ) (-1310 0 1196 ) 
4 73 101 (-1024 0 1196 ) (-1024 0 1200 ) (-1310 0 1200 ) (-1310 0 1196 ) 
4 73 76 (-1312 32 1196 ) (-1024 32 1196 ) (-1024 28 1196 ) (-1312 28 1196 ) 
4 73 79 (-1024 28 1196 ) (-1024 0 1196 ) (-1312 0 1196 ) (-1312 28 1196 ) 
4 74 114 (-2014 0 1200 ) (-2016 0 1200 ) (-2016 0 1196 ) (-2014 0 1196 ) 
4 74 113 (-1344 0 1200 ) (-2014 0 1200 ) (-2014 0 1196 ) (-1344 0 1196 ) 
4 74 109 (-1314 0 1200 ) (-1344 0 1200 ) (-1344 0 1196 ) (-1314 0 1196 ) 
4 74 77 (-2016 32 1196 ) (-1314 32 1196 ) (-1314 28 1196 ) (-2016 28 1196 ) 
4 74 79 (-1314 28 1196 ) (-1314 0 1196 ) (-2016 0 1196 ) (-2016 28 1196 ) 
4 75 121 (-2018 0 1200 ) (-2048 0 1200 ) (-2048 0 1196 ) (-2018 0 1196 ) 
4 75 96 (-2048 0 1196 ) (-2048 0 1200 ) (-2048 32 1200 ) (-2048 32 1196 ) 
4 75 78 (-2048 28 1196 ) (-2048 32 1196 ) (-2018 32 1196 ) (-2018 28 1196 ) 
4 75 79 (-2048 0 1196 ) (-2048 28 1196 ) (-2018 28 1196 ) (-2018 0 1196 ) 
4 76 79 (-1312 28 1088 ) (-1024 28 1088 ) (-1024 28 1196 ) (-1312 28 1196 ) 
4 77 79 (-2016 28 1088 ) (-1314 28 1088 ) (-1314 28 1196 ) (-2016 28 1196 ) 
4 78 96 (-2048 28 1196 ) (-2048 32 1196 ) (-2048 32 1088 ) (-2048 28 1088 ) 
4 78 79 (-2048 28 1088 ) (-2018 28 1088 ) (-2018 28 1196 ) (-2048 28 1196 ) 
4 79 122 (-2016 0 1196 ) (-2018 0 1196 ) (-2018 0 1088 ) (-2016 0 1088 ) 
4 79 123 (-2018 0 1196 ) (-2048 0 1196 ) (-2048 0 1088 ) (-2018 0 1088 ) 
4 79 118 (-2014 0 1196 ) (-2016 0 1196 ) (-2016 0 1088 ) (-2014 0 1088 ) 
4 79 117 (-1344 0 1196 ) (-2014 0 1196 ) (-2014 0 1088 ) (-1344 0 1088 ) 
4 79 110 (-1312 0 1196 ) (-1314 0 1196 ) (-1314 0 1088 ) (-1312 0 1088 ) 
4 79 111 (-1314 0 1196 ) (-1344 0 1196 ) (-1344 0 1088 ) (-1314 0 1088 ) 
4 79 106 (-1310 0 1196 ) (-1312 0 1196 ) (-1312 0 1088 ) (-1310 0 1088 ) 
4 79 105 (-1024 0 1088 ) (-1024 0 1196 ) (-1310 0 1196 ) (-1310 0 1088 ) 
4 79 96 (-2048 0 1088 ) (-2048 0 1196 ) (-2048 28 1196 ) (-2048 28 1088 ) 
4 80 81 (-2176 96 1216 ) (-2176 96 1088 ) (-2112 96 1088 ) (-2112 96 1216 ) 
4 81 94 (-2176 64 1088 ) (-2112 64 1088 ) (-2112 64 1216 ) (-2176 64 1216 ) 
4 82 83 (-2304 96 1216 ) (-2304 96 1088 ) (-2240 96 1088 ) (-2240 96 1216 ) 
4 83 94 (-2304 64 1088 ) (-2240 64 1088 ) (-2240 64 1216 ) (-2304 64 1216 ) 
4 84 85 (-2432 96 1216 ) (-2432 96 1088 ) (-2368 96 1088 ) (-2368 96 1216 ) 
4 85 94 (-2432 64 1088 ) (-2368 64 1088 ) (-2368 64 1216 ) (-2432 64 1216 ) 
4 86 87 (-2560 96 1216 ) (-2560 96 1088 ) (-2496 96 1088 ) (-2496 96 1216 ) 
4 87 94 (-2560 64 1088 ) (-2496 64 1088 ) (-2496 64 1216 ) (-2560 64 1216 ) 
4 88 89 (-2688 96 1216 ) (-2688 96 1088 ) (-2624 96 1088 ) (-2624 96 1216 ) 
4 89 94 (-2688 64 1088 ) (-2624 64 1088 ) (-2624 64 1216 ) (-2688 64 1216 ) 
4 90 91 (-2880 96 1216 ) (-2880 96 1088 ) (-2816 96 1088 ) (-2816 96 1216 ) 
4 91 95 (-2880 64 1088 ) (-2816 64 1088 ) (-2816 64 1216 ) (-2880 64 1216 ) 
4 92 93 (-3008 96 1216 ) (-3008 96 1088 ) (-2944 96 1088 ) (-2944 96 1216 ) 
4 93 95 (-3008 64 1088 ) (-2944 64 1088 ) (-2944 64 1216 ) (-3008 64 1216 ) 
4 94 96 (-2720 32 1088 ) (-2048 32 1088 ) (-2048 32 1216 ) (-2720 32 1216 ) 
4 95 183 (-3072 32 1216 ) (-3072 64 1216 ) (-3072 64 1088 ) (-3072 32 1088 ) 
4 95 100 (-3072 32 1088 ) (-2752 32 1088 ) (-2752 32 1196 ) (-3072 32 1196 ) 
4 95 98 (-2752 32 1196 ) (-2752 32 1200 ) (-3072 32 1200 ) (-3072 32 1196 ) 
4 95 97 (-2752 32 1200 ) (-2752 32 1216 ) (-3072 32 1216 ) (-3072 32 1200 ) 
4 96 144 (-2718 0 1196 ) (-2720 0 1196 ) (-2720 0 1088 ) (-2718 0 1088 ) 
4 96 143 (-2048 0 1088 ) (-2048 0 1196 ) (-2718 0 1196 ) (-2718 0 1088 ) 
4 96 140 (-2718 0 1216 ) (-2720 0 1216 ) (-2720 0 1196 ) (-2718 0 1196 ) 
4 96 139 (-2048 0 1196 ) (-2048 0 1216 ) (-2718 0 1216 ) (-2718 0 1196 ) 
4 96 99 (-2720 28 1088 ) (-2720 0 1088 ) (-2720 0 1196 ) (-2720 28 1196 ) 
4 97 185 (-3072 0 1200 ) (-3072 0 1216 ) (-3072 32 1216 ) (-3072 32 1200 ) 
4 97 147 (-2752 0 1216 ) (-3072 0 1216 ) (-3072 0 1200 ) (-2752 0 1200 ) 
4 97 98 (-3072 32 1200 ) (-2752 32 1200 ) (-2752 0 1200 ) (-3072 0 1200 ) 
4 98 185 (-3072 0 1196 ) (-3072 0 1200 ) (-3072 32 1200 ) (-3072 32 1196 ) 
4 98 148 (-3072 0 1200 ) (-3072 0 1196 ) (-2722 0 1196 ) (-2722 0 1200 ) 
4 98 100 (-3072 0 1196 ) (-3072 32 1196 ) (-2722 32 1196 ) (-2722 0 1196 ) 
4 99 149 (-2722 0 1088 ) (-2720 0 1088 ) (-2720 0 1196 ) (-2722 0 1196 ) 
4 99 100 (-2722 0 1196 ) (-2722 28 1196 ) (-2722 28 1088 ) (-2722 0 1088 ) 
4 100 185 (-3072 0 1088 ) (-3072 0 1196 ) (-3072 32 1196 ) (-3072 32 1088 ) 
4 100 150 (-3072 0 1196 ) (-3072 0 1088 ) (-2722 0 1088 ) (-2722 0 1196 ) 
4 101 127 (-1216 -192 1216 ) (-1280 -192 1216 ) (-1280 -192 1196 ) (-1216 -192 1196 ) 
4 101 125 (-1088 -192 1216 ) (-1152 -192 1216 ) (-1152 -192 1196 ) (-1088 -192 1196 ) 
4 101 105 (-1024 -192 1196 ) (-1310 -192 1196 ) (-1310 0 1196 ) (-1024 0 1196 ) 
4 101 103 (-1310 -160 1200 ) (-1310 -160 1216 ) (-1310 -104 1216 ) (-1310 -104 1200 ) 
4 101 102 (-1310 0 1196 ) (-1310 -104 1196 ) (-1310 -104 1216 ) (-1310 0 1216 ) 
4 101 104 (-1310 -160 1196 ) (-1310 -192 1196 ) (-1310 -192 1216 ) (-1310 -160 1216 ) 
4 102 106 (-1312 -104 1196 ) (-1312 0 1196 ) (-1310 0 1196 ) (-1310 -104 1196 ) 
4 102 103 (-1312 -104 1216 ) (-1312 -104 1200 ) (-1310 -104 1200 ) (-1310 -104 1216 ) 
4 103 104 (-1312 -160 1216 ) (-1312 -160 1200 ) (-1310 -160 1200 ) (-1310 -160 1216 ) 
4 104 108 (-1310 -192 1196 ) (-1312 -192 1196 ) (-1312 -160 1196 ) (-1310 -160 1196 ) 
4 105 127 (-1280 -192 1088 ) (-1216 -192 1088 ) (-1216 -192 1196 ) (-1280 -192 1196 ) 
4 105 125 (-1152 -192 1088 ) (-1088 -192 1088 ) (-1088 -192 1196 ) (-1152 -192 1196 ) 
4 105 108 (-1310 -160 1088 ) (-1310 -192 1088 ) (-1310 -192 1196 ) (-1310 -160 1196 ) 
4 105 106 (-1310 0 1088 ) (-1310 -104 1088 ) (-1310 -104 1196 ) (-1310 0 1196 ) 
4 105 107 (-1310 -108 1088 ) (-1310 -156 1088 ) (-1310 -156 1196 ) (-1310 -108 1196 ) 
4 106 110 (-1312 0 1088 ) (-1312 -20 1088 ) (-1312 -20 1196 ) (-1312 0 1196 ) 
4 107 112 (-1312 -108 1088 ) (-1312 -156 1088 ) (-1312 -156 1196 ) (-1312 -108 1196 ) 
4 109 113 (-1344 -24 1196 ) (-1344 -24 1200 ) (-1344 0 1200 ) (-1344 0 1196 ) 
4 109 111 (-1314 -24 1196 ) (-1344 -24 1196 ) (-1344 0 1196 ) (-1314 0 1196 ) 
4 110 111 (-1314 0 1088 ) (-1314 -20 1088 ) (-1314 -20 1196 ) (-1314 0 1196 ) 
4 111 117 (-1344 0 1088 ) (-1344 -24 1088 ) (-1344 -24 1196 ) (-1344 0 1196 ) 
4 112 117 (-1344 -104 1088 ) (-1344 -160 1088 ) (-1344 -160 1196 ) (-1344 -104 1196 ) 
4 112 113 (-1344 -160 1196 ) (-1344 -160 1200 ) (-1344 -104 1200 ) (-1344 -104 1196 ) 
4 113 137 (-1920 -192 1216 ) (-1984 -192 1216 ) (-1984 -192 1196 ) (-1920 -192 1196 ) 
4 113 135 (-1792 -192 1216 ) (-1856 -192 1216 ) (-1856 -192 1196 ) (-1792 -192 1196 ) 
4 113 133 (-1664 -192 1216 ) (-1728 -192 1216 ) (-1728 -192 1196 ) (-1664 -192 1196 ) 
4 113 131 (-1536 -192 1216 ) (-1600 -192 1216 ) (-1600 -192 1196 ) (-1536 -192 1196 ) 
4 113 129 (-1408 -192 1216 ) (-1472 -192 1216 ) (-1472 -192 1196 ) (-1408 -192 1196 ) 
4 113 117 (-2014 0 1196 ) (-1344 0 1196 ) (-1344 -192 1196 ) (-2014 -192 1196 ) 
4 113 115 (-2014 -160 1200 ) (-2014 -160 1216 ) (-2014 -104 1216 ) (-2014 -104 1200 ) 
4 113 114 (-2014 0 1196 ) (-2014 -104 1196 ) (-2014 -104 1216 ) (-2014 0 1216 ) 
4 113 116 (-2014 -160 1196 ) (-2014 -192 1196 ) (-2014 -192 1216 ) (-2014 -160 1216 ) 
4 114 118 (-2016 -104 1196 ) (-2016 0 1196 ) (-2014 0 1196 ) (-2014 -104 1196 ) 
4 114 115 (-2016 -104 1216 ) (-2016 -104 1200 ) (-2014 -104 1200 ) (-2014 -104 1216 ) 
4 115 116 (-2016 -160 1216 ) (-2016 -160 1200 ) (-2014 -160 1200 ) (-2014 -160 1216 ) 
4 116 120 (-2016 -192 1196 ) (-2016 -160 1196 ) (-2014 -160 1196 ) (-2014 -192 1196 ) 
4 117 137 (-1984 -192 1088 ) (-1920 -192 1088 ) (-1920 -192 1196 ) (-1984 -192 1196 ) 
4 117 135 (-1856 -192 1088 ) (-1792 -192 1088 ) (-1792 -192 1196 ) (-1856 -192 1196 ) 
4 117 133 (-1728 -192 1088 ) (-1664 -192 1088 ) (-1664 -192 1196 ) (-1728 -192 1196 ) 
4 117 131 (-1600 -192 1088 ) (-1536 -192 1088 ) (-1536 -192 1196 ) (-1600 -192 1196 ) 
4 117 129 (-1472 -192 1088 ) (-1408 -192 1088 ) (-1408 -192 1196 ) (-1472 -192 1196 ) 
4 117 119 (-2014 -108 1088 ) (-2014 -156 1088 ) (-2014 -156 1196 ) (-2014 -108 1196 ) 
4 117 120 (-2014 -160 1088 ) (-2014 -192 1088 ) (-2014 -192 1196 ) (-2014 -160 1196 ) 
4 117 118 (-2014 0 1088 ) (-2014 -104 1088 ) (-2014 -104 1196 ) (-2014 0 1196 ) 
4 118 122 (-2016 0 1088 ) (-2016 -20 1088 ) (-2016 -20 1196 ) (-2016 0 1196 ) 
4 119 124 (-2016 -108 1088 ) (-2016 -156 1088 ) (-2016 -156 1196 ) (-2016 -108 1196 ) 
4 121 139 (-2048 0 1200 ) (-2048 0 1196 ) (-2048 -24 1196 ) (-2048 -24 1200 ) 
4 121 123 (-2018 -24 1196 ) (-2048 -24 1196 ) (-2048 0 1196 ) (-2018 0 1196 ) 
4 122 123 (-2018 0 1088 ) (-2018 -20 1088 ) (-2018 -20 1196 ) (-2018 0 1196 ) 
4 123 143 (-2048 0 1196 ) (-2048 0 1088 ) (-2048 -24 1088 ) (-2048 -24 1196 ) 
4 124 143 (-2048 -104 1088 ) (-2048 -160 1088 ) (-2048 -160 1196 ) (-2048 -104 1196 ) 
4 124 139 (-2048 -160 1196 ) (-2048 -160 1200 ) (-2048 -104 1200 ) (-2048 -104 1196 ) 
4 125 126 (-1152 -224 1216 ) (-1152 -224 1088 ) (-1088 -224 1088 ) (-1088 -224 1216 ) 
4 127 128 (-1280 -224 1216 ) (-1280 -224 1088 ) (-1216 -224 1088 ) (-1216 -224 1216 ) 
4 129 130 (-1472 -224 1216 ) (-1472 -224 1088 ) (-1408 -224 1088 ) (-1408 -224 1216 ) 
4 131 132 (-1600 -224 1216 ) (-1600 -224 1088 ) (-1536 -224 1088 ) (-1536 -224 1216 ) 
4 133 134 (-1728 -224 1216 ) (-1728 -224 1088 ) (-1664 -224 1088 ) (-1664 -224 1216 ) 
4 135 136 (-1856 -224 1216 ) (-1856 -224 1088 ) (-1792 -224 1088 ) (-1792 -224 1216 ) 
4 137 138 (-1984 -224 1216 ) (-1984 -224 1088 ) (-1920 -224 1088 ) (-1920 -224 1216 ) 
4 139 161 (-2624 -192 1216 ) (-2688 -192 1216 ) (-2688 -192 1196 ) (-2624 -192 1196 ) 
4 139 159 (-2496 -192 1216 ) (-2560 -192 1216 ) (-2560 -192 1196 ) (-2496 -192 1196 ) 
4 139 157 (-2368 -192 1216 ) (-2432 -192 1216 ) (-2432 -192 1196 ) (-2368 -192 1196 ) 
4 139 155 (-2240 -192 1216 ) (-2304 -192 1216 ) (-2304 -192 1196 ) (-2240 -192 1196 ) 
4 139 153 (-2112 -192 1216 ) (-2176 -192 1216 ) (-2176 -192 1196 ) (-2112 -192 1196 ) 
4 139 143 (-2048 -192 1196 ) (-2718 -192 1196 ) (-2718 0 1196 ) (-2048 0 1196 ) 
4 139 141 (-2718 -160 1200 ) (-2718 -160 1216 ) (-2718 -104 1216 ) (-2718 -104 1200 ) 
4 139 140 (-2718 0 1196 ) (-2718 -104 1196 ) (-2718 -104 1216 ) (-2718 0 1216 ) 
4 139 142 (-2718 -160 1196 ) (-2718 -192 1196 ) (-2718 -192 1216 ) (-2718 -160 1216 ) 
4 140 144 (-2720 -104 1196 ) (-2720 0 1196 ) (-2718 0 1196 ) (-2718 -104 1196 ) 
4 140 141 (-2720 -104 1216 ) (-2720 -104 1200 ) (-2718 -104 1200 ) (-2718 -104 1216 ) 
4 141 142 (-2720 -160 1216 ) (-2720 -160 1200 ) (-2718 -160 1200 ) (-2718 -160 1216 ) 
4 142 146 (-2718 -192 1196 ) (-2720 -192 1196 ) (-2720 -160 1196 ) (-2718 -160 1196 ) 
4 143 161 (-2688 -192 1088 ) (-2624 -192 1088 ) (-2624 -192 1196 ) (-2688 -192 1196 ) 
4 143 159 (-2560 -192 1088 ) (-2496 -192 1088 ) (-2496 -192 1196 ) (-2560 -192 1196 ) 
4 143 157 (-2432 -192 1088 ) (-2368 -192 1088 ) (-2368 -192 1196 ) (-2432 -192 1196 ) 
4 143 155 (-2304 -192 1088 ) (-2240 -192 1088 ) (-2240 -192 1196 ) (-2304 -192 1196 ) 
4 143 153 (-2176 -192 1088 ) (-2112 -192 1088 ) (-2112 -192 1196 ) (-2176 -192 1196 ) 
4 143 145 (-2718 -108 1088 ) (-2718 -156 1088 ) (-2718 -156 1196 ) (-2718 -108 1196 ) 
4 143 146 (-2718 -160 1088 ) (-2718 -192 1088 ) (-2718 -192 1196 ) (-2718 -160 1196 ) 
4 143 144 (-2718 0 1088 ) (-2718 -104 1088 ) (-2718 -104 1196 ) (-2718 0 1196 ) 
4 144 149 (-2720 0 1088 ) (-2720 -20 1088 ) (-2720 -20 1196 ) (-2720 0 1196 ) 
4 145 151 (-2720 -108 1088 ) (-2720 -156 1088 ) (-2720 -156 1196 ) (-2720 -108 1196 ) 
4 147 217 (-3072 -24 1216 ) (-3072 0 1216 ) (-3072 0 1200 ) (-3072 -24 1200 ) 
4 147 152 (-2752 -24 1216 ) (-3072 -24 1216 ) (-3072 -24 1200 ) (-2752 -24 1200 ) 
4 147 148 (-2752 -24 1200 ) (-3072 -24 1200 ) (-3072 0 1200 ) (-2752 0 1200 ) 
4 148 217 (-3072 0 1200 ) (-3072 0 1196 ) (-3072 -24 1196 ) (-3072 -24 1200 ) 
4 148 152 (-2752 -24 1200 ) (-3072 -24 1200 ) (-3072 -24 1196 ) (-2752 -24 1196 ) 
4 148 150 (-2722 -24 1196 ) (-3072 -24 1196 ) (-3072 0 1196 ) (-2722 0 1196 ) 
4 149 150 (-2722 0 1088 ) (-2722 -20 1088 ) (-2722 -20 1196 ) (-2722 0 1196 ) 
4 150 221 (-3072 0 1196 ) (-3072 0 1088 ) (-3072 -24 1088 ) (-3072 -24 1196 ) 
4 150 152 (-3072 -24 1088 ) (-2752 -24 1088 ) (-2752 -24 1196 ) (-3072 -24 1196 ) 
4 151 152 (-2752 -104 1088 ) (-2752 -160 1088 ) (-2752 -160 1200 ) (-2752 -104 1200 ) 
4 152 221 (-3072 -24 1196 ) (-3072 -24 1088 ) (-3072 -192 1088 ) (-3072 -192 1196 ) 
4 152 217 (-3072 -192 1216 ) (-3072 -24 1216 ) (-3072 -24 1196 ) (-3072 -192 1196 ) 
4 152 165 (-3008 -192 1088 ) (-2944 -192 1088 ) (-2944 -192 1216 ) (-3008 -192 1216 ) 
4 152 163 (-2880 -192 1088 ) (-2816 -192 1088 ) (-2816 -192 1216 ) (-2880 -192 1216 ) 
4 153 154 (-2176 -224 1216 ) (-2176 -224 1088 ) (-2112 -224 1088 ) (-2112 -224 1216 ) 
4 155 156 (-2304 -224 1216 ) (-2304 -224 1088 ) (-2240 -224 1088 ) (-2240 -224 1216 ) 
4 157 158 (-2432 -224 1216 ) (-2432 -224 1088 ) (-2368 -224 1088 ) (-2368 -224 1216 ) 
4 159 160 (-2560 -224 1216 ) (-2560 -224 1088 ) (-2496 -224 1088 ) (-2496 -224 1216 ) 
4 161 162 (-2688 -224 1216 ) (-2688 -224 1088 ) (-2624 -224 1088 ) (-2624 -224 1216 ) 
4 163 164 (-2880 -224 1216 ) (-2880 -224 1088 ) (-2816 -224 1088 ) (-2816 -224 1216 ) 
4 165 166 (-3008 -224 1216 ) (-3008 -224 1088 ) (-2944 -224 1088 ) (-2944 -224 1216 ) 
4 167 168 (-3136 96 1216 ) (-3136 96 1088 ) (-3072 96 1088 ) (-3072 96 1216 ) 
4 168 183 (-3136 64 1088 ) (-3072 64 1088 ) (-3072 64 1216 ) (-3136 64 1216 ) 
4 169 170 (-3264 96 1216 ) (-3264 96 1088 ) (-3200 96 1088 ) (-3200 96 1216 ) 
4 170 183 (-3264 64 1088 ) (-3200 64 1088 ) (-3200 64 1216 ) (-3264 64 1216 ) 
4 171 172 (-3392 96 1216 ) (-3392 96 1088 ) (-3328 96 1088 ) (-3328 96 1216 ) 
4 172 183 (-3392 64 1088 ) (-3328 64 1088 ) (-3328 64 1216 ) (-3392 64 1216 ) 
4 173 174 (-3584 96 1216 ) (-3584 96 1088 ) (-3520 96 1088 ) (-3520 96 1216 ) 
4 174 184 (-3584 64 1088 ) (-3520 64 1088 ) (-3520 64 1216 ) (-3584 64 1216 ) 
4 175 176 (-3712 96 1216 ) (-3712 96 1088 ) (-3648 96 1088 ) (-3648 96 1216 ) 
4 176 184 (-3712 64 1088 ) (-3648 64 1088 ) (-3648 64 1216 ) (-3712 64 1216 ) 
4 177 178 (-3840 96 1216 ) (-3840 96 1088 ) (-3776 96 1088 ) (-3776 96 1216 ) 
4 178 184 (-3840 64 1088 ) (-3776 64 1088 ) (-3776 64 1216 ) (-3840 64 1216 ) 
4 179 180 (-3968 96 1216 ) (-3968 96 1088 ) (-3904 96 1088 ) (-3904 96 1216 ) 
4 180 184 (-3968 64 1088 ) (-3904 64 1088 ) (-3904 64 1216 ) (-3968 64 1216 ) 
4 181 182 (-4096 96 1088 ) (-4032 96 1088 ) (-4032 96 1216 ) (-4096 96 1216 ) 
4 182 184 (-4096 64 1088 ) (-4032 64 1088 ) (-4032 64 1216 ) (-4096 64 1216 ) 
4 183 185 (-3424 32 1088 ) (-3072 32 1088 ) (-3072 32 1216 ) (-3424 32 1216 ) 
4 184 204 (-4096 64 1088 ) (-4096 32 1088 ) (-4096 32 1216 ) (-4096 64 1216 ) 
4 184 189 (-4096 32 1088 ) (-3456 32 1088 ) (-3456 32 1196 ) (-4096 32 1196 ) 
4 184 187 (-3456 32 1196 ) (-3456 32 1200 ) (-4096 32 1200 ) (-4096 32 1196 ) 
4 184 186 (-3456 32 1200 ) (-3456 32 1216 ) (-4096 32 1216 ) (-4096 32 1200 ) 
4 185 222 (-3422 0 1196 ) (-3424 0 1196 ) (-3424 0 1088 ) (-3422 0 1088 ) 
4 185 221 (-3072 0 1088 ) (-3072 0 1196 ) (-3422 0 1196 ) (-3422 0 1088 ) 
4 185 218 (-3422 0 1216 ) (-3424 0 1216 ) (-3424 0 1196 ) (-3422 0 1196 ) 
4 185 217 (-3072 0 1196 ) (-3072 0 1216 ) (-3422 0 1216 ) (-3422 0 1196 ) 
4 185 188 (-3424 28 1088 ) (-3424 0 1088 ) (-3424 0 1196 ) (-3424 28 1196 ) 
4 186 225 (-3456 0 1216 ) (-4096 0 1216 ) (-4096 0 1200 ) (-3456 0 1200 ) 
4 186 207 (-4096 0 1200 ) (-4096 0 1216 ) (-4096 32 1216 ) (-4096 32 1200 ) 
4 186 187 (-4096 32 1200 ) (-3456 32 1200 ) (-3456 0 1200 ) (-4096 0 1200 ) 
4 187 226 (-4096 0 1200 ) (-4096 0 1196 ) (-3426 0 1196 ) (-3426 0 1200 ) 
4 187 210 (-4096 0 1196 ) (-4096 0 1200 ) (-4096 32 1200 ) (-4096 32 1196 ) 
4 187 189 (-4096 0 1196 ) (-4096 32 1196 ) (-3426 32 1196 ) (-3426 0 1196 ) 
4 188 227 (-3426 0 1088 ) (-3424 0 1088 ) (-3424 0 1196 ) (-3426 0 1196 ) 
4 188 189 (-3426 0 1196 ) (-3426 28 1196 ) (-3426 28 1088 ) (-3426 0 1088 ) 
4 189 228 (-4096 0 1196 ) (-4096 0 1088 ) (-3426 0 1088 ) (-3426 0 1196 ) 
4 189 213 (-4096 32 1088 ) (-4096 28 1088 ) (-4096 28 1196 ) (-4096 32 1196 ) 
4 189 216 (-4096 28 1088 ) (-4096 0 1088 ) (-4096 0 1196 ) (-4096 28 1196 ) 
4 190 191 (-4288 96 1216 ) (-4288 96 1088 ) (-4224 96 1088 ) (-4224 96 1216 ) 
4 191 205 (-4288 64 1088 ) (-4224 64 1088 ) (-4224 64 1216 ) (-4288 64 1216 ) 
4 192 193 (-4416 96 1216 ) (-4416 96 1088 ) (-4352 96 1088 ) (-4352 96 1216 ) 
4 193 205 (-4416 64 1088 ) (-4352 64 1088 ) (-4352 64 1216 ) (-4416 64 1216 ) 
4 194 195 (-4544 96 1216 ) (-4544 96 1088 ) (-4480 96 1088 ) (-4480 96 1216 ) 
4 195 205 (-4544 64 1088 ) (-4480 64 1088 ) (-4480 64 1216 ) (-4544 64 1216 ) 
4 196 197 (-4672 96 1216 ) (-4672 96 1088 ) (-4608 96 1088 ) (-4608 96 1216 ) 
4 197 205 (-4672 64 1088 ) (-4608 64 1088 ) (-4608 64 1216 ) (-4672 64 1216 ) 
4 198 199 (-4800 96 1216 ) (-4800 96 1088 ) (-4736 96 1088 ) (-4736 96 1216 ) 
4 199 205 (-4800 64 1088 ) (-4736 64 1088 ) (-4736 64 1216 ) (-4800 64 1216 ) 
4 200 201 (-4992 96 1216 ) (-4992 96 1088 ) (-4928 96 1088 ) (-4928 96 1216 ) 
4 201 206 (-4992 64 1088 ) (-4928 64 1088 ) (-4928 64 1216 ) (-4992 64 1216 ) 
4 202 203 (-5120 96 1088 ) (-5056 96 1088 ) (-5056 96 1216 ) (-5120 96 1216 ) 
4 203 206 (-5120 64 1088 ) (-5056 64 1088 ) (-5056 64 1216 ) (-5120 64 1216 ) 
4 204 213 (-4128 32 1088 ) (-4096 32 1088 ) (-4096 32 1196 ) (-4128 32 1196 ) 
4 204 210 (-4096 32 1196 ) (-4096 32 1200 ) (-4128 32 1200 ) (-4128 32 1196 ) 
4 204 207 (-4096 32 1200 ) (-4096 32 1216 ) (-4128 32 1216 ) (-4128 32 1200 ) 
4 205 214 (-4832 32 1088 ) (-4160 32 1088 ) (-4160 32 1196 ) (-4832 32 1196 ) 
4 205 211 (-4160 32 1196 ) (-4160 32 1200 ) (-4832 32 1200 ) (-4832 32 1196 ) 
4 205 208 (-4160 32 1200 ) (-4160 32 1216 ) (-4832 32 1216 ) (-4832 32 1200 ) 
4 206 301 (-5120 32 1216 ) (-5120 64 1216 ) (-5120 64 1088 ) (-5120 32 1088 ) 
4 206 215 (-5120 32 1088 ) (-4864 32 1088 ) (-4864 32 1196 ) (-5120 32 1196 ) 
4 206 212 (-4864 32 1196 ) (-4864 32 1200 ) (-5120 32 1200 ) (-5120 32 1196 ) 
4 206 209 (-4864 32 1200 ) (-4864 32 1216 ) (-5120 32 1216 ) (-5120 32 1200 ) 
4 207 248 (-4128 0 1200 ) (-4126 0 1200 ) (-4126 0 1216 ) (-4128 0 1216 ) 
4 207 247 (-4126 0 1200 ) (-4096 0 1200 ) (-4096 0 1216 ) (-4126 0 1216 ) 
4 207 210 (-4128 32 1200 ) (-4096 32 1200 ) (-4096 0 1200 ) (-4128 0 1200 ) 
4 208 260 (-4832 0 1200 ) (-4830 0 1200 ) (-4830 0 1216 ) (-4832 0 1216 ) 
4 208 259 (-4830 0 1200 ) (-4160 0 1200 ) (-4160 0 1216 ) (-4830 0 1216 ) 
4 208 211 (-4832 32 1200 ) (-4160 32 1200 ) (-4160 0 1200 ) (-4832 0 1200 ) 
4 209 303 (-5120 0 1200 ) (-5120 0 1216 ) (-5120 32 1216 ) (-5120 32 1200 ) 
4 209 267 (-5120 0 1216 ) (-5120 0 1200 ) (-4864 0 1200 ) (-4864 0 1216 ) 
4 209 212 (-5120 32 1200 ) (-4864 32 1200 ) (-4864 0 1200 ) (-5120 0 1200 ) 
4 210 248 (-4128 0 1196 ) (-4126 0 1196 ) (-4126 0 1200 ) (-4128 0 1200 ) 
4 210 247 (-4126 0 1196 ) (-4096 0 1196 ) (-4096 0 1200 ) (-4126 0 1200 ) 
4 210 213 (-4128 28 1196 ) (-4128 32 1196 ) (-4096 32 1196 ) (-4096 28 1196 ) 
4 210 216 (-4096 0 1196 ) (-4128 0 1196 ) (-4128 28 1196 ) (-4096 28 1196 ) 
4 211 260 (-4832 0 1196 ) (-4830 0 1196 ) (-4830 0 1200 ) (-4832 0 1200 ) 
4 211 259 (-4830 0 1196 ) (-4160 0 1196 ) (-4160 0 1200 ) (-4830 0 1200 ) 
4 211 255 (-4160 0 1196 ) (-4130 0 1196 ) (-4130 0 1200 ) (-4160 0 1200 ) 
4 211 214 (-4832 28 1196 ) (-4832 32 1196 ) (-4130 32 1196 ) (-4130 28 1196 ) 
4 211 216 (-4130 0 1196 ) (-4832 0 1196 ) (-4832 28 1196 ) (-4130 28 1196 ) 
4 212 303 (-5120 0 1196 ) (-5120 0 1200 ) (-5120 32 1200 ) (-5120 32 1196 ) 
4 212 268 (-5120 0 1200 ) (-5120 0 1196 ) (-4834 0 1196 ) (-4834 0 1200 ) 
4 212 215 (-5120 28 1196 ) (-5120 32 1196 ) (-4834 32 1196 ) (-4834 28 1196 ) 
4 212 216 (-4834 0 1196 ) (-5120 0 1196 ) (-5120 28 1196 ) (-4834 28 1196 ) 
4 213 216 (-4128 28 1088 ) (-4096 28 1088 ) (-4096 28 1196 ) (-4128 28 1196 ) 
4 214 216 (-4832 28 1088 ) (-4130 28 1088 ) (-4130 28 1196 ) (-4832 28 1196 ) 
4 215 303 (-5120 28 1196 ) (-5120 32 1196 ) (-5120 32 1088 ) (-5120 28 1088 ) 
4 215 216 (-5120 28 1088 ) (-4834 28 1088 ) (-4834 28 1196 ) (-5120 28 1196 ) 
4 216 303 (-5120 0 1088 ) (-5120 0 1196 ) (-5120 28 1196 ) (-5120 28 1088 ) 
4 216 269 (-4834 0 1088 ) (-4832 0 1088 ) (-4832 0 1196 ) (-4834 0 1196 ) 
4 216 270 (-5120 0 1196 ) (-5120 0 1088 ) (-4834 0 1088 ) (-4834 0 1196 ) 
4 216 264 (-4832 0 1088 ) (-4830 0 1088 ) (-4830 0 1196 ) (-4832 0 1196 ) 
4 216 263 (-4830 0 1088 ) (-4160 0 1088 ) (-4160 0 1196 ) (-4830 0 1196 ) 
4 216 256 (-4130 0 1088 ) (-4128 0 1088 ) (-4128 0 1196 ) (-4130 0 1196 ) 
4 216 257 (-4160 0 1088 ) (-4130 0 1088 ) (-4130 0 1196 ) (-4160 0 1196 ) 
4 216 252 (-4128 0 1088 ) (-4126 0 1088 ) (-4126 0 1196 ) (-4128 0 1196 ) 
4 216 251 (-4126 0 1088 ) (-4096 0 1088 ) (-4096 0 1196 ) (-4126 0 1196 ) 
4 217 235 (-3328 -192 1216 ) (-3392 -192 1216 ) (-3392 -192 1196 ) (-3328 -192 1196 ) 
4 217 233 (-3200 -192 1216 ) (-3264 -192 1216 ) (-3264 -192 1196 ) (-3200 -192 1196 ) 
4 217 231 (-3072 -192 1196 ) (-3072 -192 1216 ) (-3136 -192 1216 ) (-3136 -192 1196 ) 
4 217 221 (-3072 -192 1196 ) (-3422 -192 1196 ) (-3422 0 1196 ) (-3072 0 1196 ) 
4 217 219 (-3422 -160 1200 ) (-3422 -160 1216 ) (-3422 -104 1216 ) (-3422 -104 1200 ) 
4 217 218 (-3422 0 1196 ) (-3422 -104 1196 ) (-3422 -104 1216 ) (-3422 0 1216 ) 
4 217 220 (-3422 -160 1196 ) (-3422 -192 1196 ) (-3422 -192 1216 ) (-3422 -160 1216 ) 
4 218 222 (-3424 -104 1196 ) (-3424 0 1196 ) (-3422 0 1196 ) (-3422 -104 1196 ) 
4 218 219 (-3424 -104 1216 ) (-3424 -104 1200 ) (-3422 -104 1200 ) (-3422 -104 1216 ) 
4 219 220 (-3424 -160 1216 ) (-3424 -160 1200 ) (-3422 -160 1200 ) (-3422 -160 1216 ) 
4 220 224 (-3422 -192 1196 ) (-3424 -192 1196 ) (-3424 -160 1196 ) (-3422 -160 1196 ) 
4 221 235 (-3392 -192 1088 ) (-3328 -192 1088 ) (-3328 -192 1196 ) (-3392 -192 1196 ) 
4 221 233 (-3264 -192 1088 ) (-3200 -192 1088 ) (-3200 -192 1196 ) (-3264 -192 1196 ) 
4 221 231 (-3136 -192 1088 ) (-3072 -192 1088 ) (-3072 -192 1196 ) (-3136 -192 1196 ) 
4 221 223 (-3422 -108 1088 ) (-3422 -156 1088 ) (-3422 -156 1196 ) (-3422 -108 1196 ) 
4 221 224 (-3422 -160 1088 ) (-3422 -192 1088 ) (-3422 -192 1196 ) (-3422 -160 1196 ) 
4 221 222 (-3422 0 1088 ) (-3422 -104 1088 ) (-3422 -104 1196 ) (-3422 0 1196 ) 
4 222 227 (-3424 0 1088 ) (-3424 -20 1088 ) (-3424 -20 1196 ) (-3424 0 1196 ) 
4 223 229 (-3424 -108 1088 ) (-3424 -156 1088 ) (-3424 -156 1196 ) (-3424 -108 1196 ) 
4 225 247 (-4096 0 1216 ) (-4096 0 1200 ) (-4096 -24 1200 ) (-4096 -24 1216 ) 
4 225 230 (-3456 -24 1216 ) (-4096 -24 1216 ) (-4096 -24 1200 ) (-3456 -24 1200 ) 
4 225 226 (-3456 -24 1200 ) (-4096 -24 1200 ) (-4096 0 1200 ) (-3456 0 1200 ) 
4 226 247 (-4096 0 1200 ) (-4096 0 1196 ) (-4096 -24 1196 ) (-4096 -24 1200 ) 
4 226 230 (-3456 -24 1200 ) (-4096 -24 1200 ) (-4096 -24 1196 ) (-3456 -24 1196 ) 
4 226 228 (-3426 -24 1196 ) (-4096 -24 1196 ) (-4096 0 1196 ) (-3426 0 1196 ) 
4 227 228 (-3426 0 1088 ) (-3426 -20 1088 ) (-3426 -20 1196 ) (-3426 0 1196 ) 
4 228 251 (-4096 0 1196 ) (-4096 0 1088 ) (-4096 -24 1088 ) (-4096 -24 1196 ) 
4 228 230 (-4096 -24 1088 ) (-3456 -24 1088 ) (-3456 -24 1196 ) (-4096 -24 1196 ) 
4 229 230 (-3456 -104 1088 ) (-3456 -160 1088 ) (-3456 -160 1200 ) (-3456 -104 1200 ) 
4 230 251 (-4096 -24 1088 ) (-4096 -192 1088 ) (-4096 -192 1196 ) (-4096 -24 1196 ) 
4 230 247 (-4096 -192 1196 ) (-4096 -192 1216 ) (-4096 -24 1216 ) (-4096 -24 1196 ) 
4 230 245 (-4096 -192 1088 ) (-4032 -192 1088 ) (-4032 -192 1216 ) (-4096 -192 1216 ) 
4 230 243 (-3968 -192 1088 ) (-3904 -192 1088 ) (-3904 -192 1216 ) (-3968 -192 1216 ) 
4 230 241 (-3840 -192 1088 ) (-3776 -192 1088 ) (-3776 -192 1216 ) (-3840 -192 1216 ) 
4 230 239 (-3712 -192 1088 ) (-3648 -192 1088 ) (-3648 -192 1216 ) (-3712 -192 1216 ) 
4 230 237 (-3584 -192 1088 ) (-3520 -192 1088 ) (-3520 -192 1216 ) (-3584 -192 1216 ) 
4 231 232 (-3136 -224 1216 ) (-3136 -224 1088 ) (-3072 -224 1088 ) (-3072 -224 1216 ) 
4 233 234 (-3264 -224 1216 ) (-3264 -224 1088 ) (-3200 -224 1088 ) (-3200 -224 1216 ) 
4 235 236 (-3392 -224 1216 ) (-3392 -224 1088 ) (-3328 -224 1088 ) (-3328 -224 1216 ) 
4 237 238 (-3584 -224 1216 ) (-3584 -224 1088 ) (-3520 -224 1088 ) (-3520 -224 1216 ) 
4 239 240 (-3712 -224 1216 ) (-3712 -224 1088 ) (-3648 -224 1088 ) (-3648 -224 1216 ) 
4 241 242 (-3840 -224 1216 ) (-3840 -224 1088 ) (-3776 -224 1088 ) (-3776 -224 1216 ) 
4 243 244 (-3968 -224 1216 ) (-3968 -224 1088 ) (-3904 -224 1088 ) (-3904 -224 1216 ) 
4 245 246 (-4096 -224 1088 ) (-4032 -224 1088 ) (-4032 -224 1216 ) (-4096 -224 1216 ) 
4 247 251 (-4096 -192 1196 ) (-4126 -192 1196 ) (-4126 0 1196 ) (-4096 0 1196 ) 
4 247 249 (-4126 -160 1200 ) (-4126 -160 1216 ) (-4126 -104 1216 ) (-4126 -104 1200 ) 
4 247 248 (-4126 0 1196 ) (-4126 -104 1196 ) (-4126 -104 1216 ) (-4126 0 1216 ) 
4 247 250 (-4126 -160 1196 ) (-4126 -192 1196 ) (-4126 -192 1216 ) (-4126 -160 1216 ) 
4 248 252 (-4128 -104 1196 ) (-4128 0 1196 ) (-4126 0 1196 ) (-4126 -104 1196 ) 
4 248 249 (-4128 -104 1216 ) (-4128 -104 1200 ) (-4126 -104 1200 ) (-4126 -104 1216 ) 
4 249 250 (-4128 -160 1216 ) (-4128 -160 1200 ) (-4126 -160 1200 ) (-4126 -160 1216 ) 
4 250 254 (-4126 -192 1196 ) (-4128 -192 1196 ) (-4128 -160 1196 ) (-4126 -160 1196 ) 
4 251 254 (-4126 -160 1088 ) (-4126 -192 1088 ) (-4126 -192 1196 ) (-4126 -160 1196 ) 
4 251 252 (-4126 0 1088 ) (-4126 -104 1088 ) (-4126 -104 1196 ) (-4126 0 1196 ) 
4 251 253 (-4126 -108 1088 ) (-4126 -156 1088 ) (-4126 -156 1196 ) (-4126 -108 1196 ) 
4 252 256 (-4128 0 1088 ) (-4128 -20 1088 ) (-4128 -20 1196 ) (-4128 0 1196 ) 
4 253 258 (-4128 -108 1088 ) (-4128 -156 1088 ) (-4128 -156 1196 ) (-4128 -108 1196 ) 
4 255 259 (-4160 -24 1196 ) (-4160 -24 1200 ) (-4160 0 1200 ) (-4160 0 1196 ) 
4 255 257 (-4130 -24 1196 ) (-4160 -24 1196 ) (-4160 0 1196 ) (-4130 0 1196 ) 
4 256 257 (-4130 0 1088 ) (-4130 -20 1088 ) (-4130 -20 1196 ) (-4130 0 1196 ) 
4 257 263 (-4160 0 1088 ) (-4160 -24 1088 ) (-4160 -24 1196 ) (-4160 0 1196 ) 
4 258 263 (-4160 -104 1088 ) (-4160 -160 1088 ) (-4160 -160 1196 ) (-4160 -104 1196 ) 
4 258 259 (-4160 -160 1196 ) (-4160 -160 1200 ) (-4160 -104 1200 ) (-4160 -104 1196 ) 
4 259 281 (-4736 -192 1216 ) (-4800 -192 1216 ) (-4800 -192 1196 ) (-4736 -192 1196 ) 
4 259 279 (-4608 -192 1216 ) (-4672 -192 1216 ) (-4672 -192 1196 ) (-4608 -192 1196 ) 
4 259 277 (-4480 -192 1216 ) (-4544 -192 1216 ) (-4544 -192 1196 ) (-4480 -192 1196 ) 
4 259 275 (-4352 -192 1216 ) (-4416 -192 1216 ) (-4416 -192 1196 ) (-4352 -192 1196 ) 
4 259 273 (-4224 -192 1216 ) (-4288 -192 1216 ) (-4288 -192 1196 ) (-4224 -192 1196 ) 
4 259 263 (-4830 0 1196 ) (-4160 0 1196 ) (-4160 -192 1196 ) (-4830 -192 1196 ) 
4 259 261 (-4830 -160 1200 ) (-4830 -160 1216 ) (-4830 -104 1216 ) (-4830 -104 1200 ) 
4 259 260 (-4830 0 1196 ) (-4830 -104 1196 ) (-4830 -104 1216 ) (-4830 0 1216 ) 
4 259 262 (-4830 -160 1196 ) (-4830 -192 1196 ) (-4830 -192 1216 ) (-4830 -160 1216 ) 
4 260 264 (-4832 -104 1196 ) (-4832 0 1196 ) (-4830 0 1196 ) (-4830 -104 1196 ) 
4 260 261 (-4832 -104 1216 ) (-4832 -104 1200 ) (-4830 -104 1200 ) (-4830 -104 1216 ) 
4 261 262 (-4832 -160 1216 ) (-4832 -160 1200 ) (-4830 -160 1200 ) (-4830 -160 1216 ) 
4 262 266 (-4832 -192 1196 ) (-4832 -160 1196 ) (-4830 -160 1196 ) (-4830 -192 1196 ) 
4 263 281 (-4800 -192 1088 ) (-4736 -192 1088 ) (-4736 -192 1196 ) (-4800 -192 1196 ) 
4 263 279 (-4672 -192 1088 ) (-4608 -192 1088 ) (-4608 -192 1196 ) (-4672 -192 1196 ) 
4 263 277 (-4544 -192 1088 ) (-4480 -192 1088 ) (-4480 -192 1196 ) (-4544 -192 1196 ) 
4 263 275 (-4416 -192 1088 ) (-4352 -192 1088 ) (-4352 -192 1196 ) (-4416 -192 1196 ) 
4 263 273 (-4288 -192 1088 ) (-4224 -192 1088 ) (-4224 -192 1196 ) (-4288 -192 1196 ) 
4 263 265 (-4830 -108 1088 ) (-4830 -156 1088 ) (-4830 -156 1196 ) (-4830 -108 1196 ) 
4 263 266 (-4830 -160 1088 ) (-4830 -192 1088 ) (-4830 -192 1196 ) (-4830 -160 1196 ) 
4 263 264 (-4830 0 1088 ) (-4830 -104 1088 ) (-4830 -104 1196 ) (-4830 0 1196 ) 
4 264 269 (-4832 0 1088 ) (-4832 -20 1088 ) (-4832 -20 1196 ) (-4832 0 1196 ) 
4 265 271 (-4832 -108 1088 ) (-4832 -156 1088 ) (-4832 -156 1196 ) (-4832 -108 1196 ) 
4 267 308 (-5120 -24 1216 ) (-5120 0 1216 ) (-5120 0 1200 ) (-5120 -24 1200 ) 
4 267 272 (-4864 -24 1216 ) (-5120 -24 1216 ) (-5120 -24 1200 ) (-4864 -24 1200 ) 
4 267 268 (-4864 -24 1200 ) (-5120 -24 1200 ) (-5120 0 1200 ) (-4864 0 1200 ) 
4 268 308 (-5120 0 1200 ) (-5120 0 1196 ) (-5120 -24 1196 ) (-5120 -24 1200 ) 
4 268 272 (-4864 -24 1200 ) (-5120 -24 1200 ) (-5120 -24 1196 ) (-4864 -24 1196 ) 
4 268 270 (-4834 -24 1196 ) (-5120 -24 1196 ) (-5120 0 1196 ) (-4834 0 1196 ) 
4 269 270 (-4834 0 1088 ) (-4834 -20 1088 ) (-4834 -20 1196 ) (-4834 0 1196 ) 
4 270 312 (-5120 0 1196 ) (-5120 0 1088 ) (-5120 -24 1088 ) (-5120 -24 1196 ) 
4 270 272 (-5120 -24 1088 ) (-4864 -24 1088 ) (-4864 -24 1196 ) (-5120 -24 1196 ) 
4 271 272 (-4864 -104 1088 ) (-4864 -160 1088 ) (-4864 -160 1200 ) (-4864 -104 1200 ) 
4 272 312 (-5120 -24 1196 ) (-5120 -24 1088 ) (-5120 -192 1088 ) (-5120 -192 1196 ) 
4 272 308 (-5120 -192 1216 ) (-5120 -24 1216 ) (-5120 -24 1196 ) (-5120 -192 1196 ) 
4 272 285 (-5120 -192 1088 ) (-5056 -192 1088 ) (-5056 -192 1216 ) (-5120 -192 1216 ) 
4 272 283 (-4992 -192 1088 ) (-4928 -192 1088 ) (-4928 -192 1216 ) (-4992 -192 1216 ) 
4 273 274 (-4288 -224 1216 ) (-4288 -224 1088 ) (-4224 -224 1088 ) (-4224 -224 1216 ) 
4 275 276 (-4416 -224 1216 ) (-4416 -224 1088 ) (-4352 -224 1088 ) (-4352 -224 1216 ) 
4 277 278 (-4544 -224 1216 ) (-4544 -224 1088 ) (-4480 -224 1088 ) (-4480 -224 1216 ) 
4 279 280 (-4672 -224 1216 ) (-4672 -224 1088 ) (-4608 -224 1088 ) (-4608 -224 1216 ) 
4 281 282 (-4800 -224 1216 ) (-4800 -224 1088 ) (-4736 -224 1088 ) (-4736 -224 1216 ) 
4 283 284 (-4992 -224 1216 ) (-4992 -224 1088 ) (-4928 -224 1088 ) (-4928 -224 1216 ) 
4 285 286 (-5120 -224 1088 ) (-5056 -224 1088 ) (-5056 -224 1216 ) (-5120 -224 1216 ) 
4 287 288 (-5248 96 1216 ) (-5248 96 1088 ) (-5184 96 1088 ) (-5184 96 1216 ) 
4 288 301 (-5248 64 1088 ) (-5184 64 1088 ) (-5184 64 1216 ) (-5248 64 1216 ) 
4 289 290 (-5376 96 1216 ) (-5376 96 1088 ) (-5312 96 1088 ) (-5312 96 1216 ) 
4 290 301 (-5376 64 1088 ) (-5312 64 1088 ) (-5312 64 1216 ) (-5376 64 1216 ) 
4 291 292 (-5504 96 1216 ) (-5504 96 1088 ) (-5440 96 1088 ) (-5440 96 1216 ) 
4 292 301 (-5504 64 1088 ) (-5440 64 1088 ) (-5440 64 1216 ) (-5504 64 1216 ) 
4 293 294 (-5696 96 1216 ) (-5696 96 1088 ) (-5632 96 1088 ) (-5632 96 1216 ) 
4 294 302 (-5696 64 1088 ) (-5632 64 1088 ) (-5632 64 1216 ) (-5696 64 1216 ) 
4 295 296 (-5824 96 1216 ) (-5824 96 1088 ) (-5760 96 1088 ) (-5760 96 1216 ) 
4 296 302 (-5824 64 1088 ) (-5760 64 1088 ) (-5760 64 1216 ) (-5824 64 1216 ) 
4 297 298 (-5952 96 1216 ) (-5952 96 1088 ) (-5888 96 1088 ) (-5888 96 1216 ) 
4 298 302 (-5952 64 1088 ) (-5888 64 1088 ) (-5888 64 1216 ) (-5952 64 1216 ) 
4 299 300 (-6080 96 1216 ) (-6080 96 1088 ) (-6016 96 1088 ) (-6016 96 1216 ) 
4 300 302 (-6080 64 1088 ) (-6016 64 1088 ) (-6016 64 1216 ) (-6080 64 1216 ) 
4 301 303 (-5536 32 1088 ) (-5120 32 1088 ) (-5120 32 1216 ) (-5536 32 1216 ) 
4 302 337 (-6144 32 1216 ) (-6144 64 1216 ) (-6144 64 1088 ) (-6144 32 1088 ) 
4 302 307 (-6144 32 1088 ) (-5568 32 1088 ) (-5568 32 1196 ) (-6144 32 1196 ) 
4 302 305 (-5568 32 1196 ) (-5568 32 1200 ) (-6144 32 1200 ) (-6144 32 1196 ) 
4 302 304 (-5568 32 1200 ) (-5568 32 1216 ) (-6144 32 1216 ) (-6144 32 1200 ) 
4 303 313 (-5534 0 1196 ) (-5536 0 1196 ) (-5536 0 1088 ) (-5534 0 1088 ) 
4 303 312 (-5120 0 1088 ) (-5120 0 1196 ) (-5534 0 1196 ) (-5534 0 1088 ) 
4 303 309 (-5534 0 1216 ) (-5536 0 1216 ) (-5536 0 1196 ) (-5534 0 1196 ) 
4 303 308 (-5120 0 1196 ) (-5120 0 1216 ) (-5534 0 1216 ) (-5534 0 1196 ) 
4 303 306 (-5536 28 1088 ) (-5536 0 1088 ) (-5536 0 1196 ) (-5536 28 1196 ) 
4 304 339 (-6144 0 1200 ) (-6144 0 1216 ) (-6144 32 1216 ) (-6144 32 1200 ) 
4 304 316 (-5568 0 1216 ) (-6144 0 1216 ) (-6144 0 1200 ) (-5568 0 1200 ) 
4 304 305 (-6144 0 1200 ) (-6144 32 1200 ) (-5568 32 1200 ) (-5568 0 1200 ) 
4 305 339 (-6144 0 1196 ) (-6144 0 1200 ) (-6144 32 1200 ) (-6144 32 1196 ) 
4 305 317 (-6144 0 1200 ) (-6144 0 1196 ) (-5538 0 1196 ) (-5538 0 1200 ) 
4 305 307 (-6144 32 1196 ) (-5538 32 1196 ) (-5538 0 1196 ) (-6144 0 1196 ) 
4 306 318 (-5538 0 1088 ) (-5536 0 1088 ) (-5536 0 1196 ) (-5538 0 1196 ) 
4 306 307 (-5538 0 1196 ) (-5538 28 1196 ) (-5538 28 1088 ) (-5538 0 1088 ) 
4 307 339 (-6144 0 1088 ) (-6144 0 1196 ) (-6144 32 1196 ) (-6144 32 1088 ) 
4 307 319 (-6144 0 1196 ) (-6144 0 1088 ) (-5538 0 1088 ) (-5538 0 1196 ) 
4 308 326 (-5440 -192 1216 ) (-5504 -192 1216 ) (-5504 -192 1196 ) (-5440 -192 1196 ) 
4 308 324 (-5312 -192 1216 ) (-5376 -192 1216 ) (-5376 -192 1196 ) (-5312 -192 1196 ) 
4 308 322 (-5184 -192 1216 ) (-5248 -192 1216 ) (-5248 -192 1196 ) (-5184 -192 1196 ) 
4 308 312 (-5120 -192 1196 ) (-5534 -192 1196 ) (-5534 0 1196 ) (-5120 0 1196 ) 
4 308 310 (-5534 -160 1200 ) (-5534 -160 1216 ) (-5534 -104 1216 ) (-5534 -104 1200 ) 
4 308 309 (-5534 0 1196 ) (-5534 -104 1196 ) (-5534 -104 1216 ) (-5534 0 1216 ) 
4 308 311 (-5534 -160 1196 ) (-5534 -192 1196 ) (-5534 -192 1216 ) (-5534 -160 1216 ) 
4 309 313 (-5536 -104 1196 ) (-5536 0 1196 ) (-5534 0 1196 ) (-5534 -104 1196 ) 
4 309 310 (-5536 -104 1216 ) (-5536 -104 1200 ) (-5534 -104 1200 ) (-5534 -104 1216 ) 
4 310 311 (-5536 -160 1216 ) (-5536 -160 1200 ) (-5534 -160 1200 ) (-5534 -160 1216 ) 
4 311 315 (-5534 -192 1196 ) (-5536 -192 1196 ) (-5536 -160 1196 ) (-5534 -160 1196 ) 
4 312 326 (-5504 -192 1088 ) (-5440 -192 1088 ) (-5440 -192 1196 ) (-5504 -192 1196 ) 
4 312 324 (-5376 -192 1088 ) (-5312 -192 1088 ) (-5312 -192 1196 ) (-5376 -192 1196 ) 
4 312 322 (-5248 -192 1088 ) (-5184 -192 1088 ) (-5184 -192 1196 ) (-5248 -192 1196 ) 
4 312 314 (-5534 -108 1088 ) (-5534 -156 1088 ) (-5534 -156 1196 ) (-5534 -108 1196 ) 
4 312 315 (-5534 -160 1088 ) (-5534 -192 1088 ) (-5534 -192 1196 ) (-5534 -160 1196 ) 
4 312 313 (-5534 0 1088 ) (-5534 -104 1088 ) (-5534 -104 1196 ) (-5534 0 1196 ) 
4 313 318 (-5536 0 1088 ) (-5536 -20 1088 ) (-5536 -20 1196 ) (-5536 0 1196 ) 
4 314 320 (-5536 -108 1088 ) (-5536 -156 1088 ) (-5536 -156 1196 ) (-5536 -108 1196 ) 
4 316 343 (-6144 -24 1216 ) (-6144 0 1216 ) (-6144 0 1200 ) (-6144 -24 1200 ) 
4 316 321 (-5568 -24 1216 ) (-6144 -24 1216 ) (-6144 -24 1200 ) (-5568 -24 1200 ) 
4 316 317 (-5568 -24 1200 ) (-6144 -24 1200 ) (-6144 0 1200 ) (-5568 0 1200 ) 
4 317 343 (-6144 0 1200 ) (-6144 0 1196 ) (-6144 -24 1196 ) (-6144 -24 1200 ) 
4 317 321 (-5568 -24 1200 ) (-6144 -24 1200 ) (-6144 -24 1196 ) (-5568 -24 1196 ) 
4 317 319 (-5538 -24 1196 ) (-6144 -24 1196 ) (-6144 0 1196 ) (-5538 0 1196 ) 
4 318 319 (-5538 0 1088 ) (-5538 -20 1088 ) (-5538 -20 1196 ) (-5538 0 1196 ) 
4 319 346 (-6144 0 1196 ) (-6144 0 1088 ) (-6144 -24 1088 ) (-6144 -24 1196 ) 
4 319 321 (-6144 -24 1088 ) (-5568 -24 1088 ) (-5568 -24 1196 ) (-6144 -24 1196 ) 
4 320 321 (-5568 -104 1088 ) (-5568 -160 1088 ) (-5568 -160 1200 ) (-5568 -104 1200 ) 
4 321 349 (-6144 -192 1216 ) (-6144 -160 1216 ) (-6144 -160 1088 ) (-6144 -192 1088 ) 
4 321 346 (-6144 -24 1196 ) (-6144 -24 1088 ) (-6144 -160 1088 ) (-6144 -160 1196 ) 
4 321 343 (-6144 -160 1216 ) (-6144 -24 1216 ) (-6144 -24 1196 ) (-6144 -160 1196 ) 
4 321 334 (-6080 -192 1088 ) (-6016 -192 1088 ) (-6016 -192 1216 ) (-6080 -192 1216 ) 
4 321 332 (-5952 -192 1088 ) (-5888 -192 1088 ) (-5888 -192 1216 ) (-5952 -192 1216 ) 
4 321 330 (-5824 -192 1088 ) (-5760 -192 1088 ) (-5760 -192 1216 ) (-5824 -192 1216 ) 
4 321 328 (-5696 -192 1088 ) (-5632 -192 1088 ) (-5632 -192 1216 ) (-5696 -192 1216 ) 
4 322 323 (-5248 -224 1216 ) (-5248 -224 1088 ) (-5184 -224 1088 ) (-5184 -224 1216 ) 
4 324 325 (-5376 -224 1216 ) (-5376 -224 1088 ) (-5312 -224 1088 ) (-5312 -224 1216 ) 
4 326 327 (-5504 -224 1216 ) (-5504 -224 1088 ) (-5440 -224 1088 ) (-5440 -224 1216 ) 
4 328 329 (-5696 -224 1216 ) (-5696 -224 1088 ) (-5632 -224 1088 ) (-5632 -224 1216 ) 
4 330 331 (-5824 -224 1216 ) (-5824 -224 1088 ) (-5760 -224 1088 ) (-5760 -224 1216 ) 
4 332 333 (-5952 -224 1216 ) (-5952 -224 1088 ) (-5888 -224 1088 ) (-5888 -224 1216 ) 
4 334 335 (-6080 -224 1216 ) (-6080 -224 1088 ) (-6016 -224 1088 ) (-6016 -224 1216 ) 
4 336 337 (-6208 96 1216 ) (-6208 96 1088 ) (-6144 96 1088 ) (-6144 96 1216 ) 
4 337 339 (-6208 32 1088 ) (-6144 32 1088 ) (-6144 32 1216 ) (-6208 32 1216 ) 
4 337 338 (-6208 64 1088 ) (-6208 32 1088 ) (-6208 32 1216 ) (-6208 64 1216 ) 
4 338 339 (-6240 32 1088 ) (-6208 32 1088 ) (-6208 32 1216 ) (-6240 32 1216 ) 
4 339 347 (-6238 0 1196 ) (-6240 0 1196 ) (-6240 0 1088 ) (-6238 0 1088 ) 
4 339 346 (-6144 0 1088 ) (-6144 0 1196 ) (-6238 0 1196 ) (-6238 0 1088 ) 
4 339 344 (-6238 0 1216 ) (-6240 0 1216 ) (-6240 0 1196 ) (-6238 0 1196 ) 
4 339 343 (-6144 0 1196 ) (-6144 0 1216 ) (-6238 0 1216 ) (-6238 0 1196 ) 
4 339 341 (-6240 28 1088 ) (-6240 0 1088 ) (-6240 0 1196 ) (-6240 28 1196 ) 
4 340 353 (-6256 0 1200 ) (-6256 0 1196 ) (-6242 0 1196 ) (-6242 0 1200 ) 
4 340 342 (-6256 0 1196 ) (-6256 32 1196 ) (-6242 32 1196 ) (-6242 0 1196 ) 
4 341 352 (-6242 0 1088 ) (-6240 0 1088 ) (-6240 0 1196 ) (-6242 0 1196 ) 
4 341 342 (-6242 0 1196 ) (-6242 28 1196 ) (-6242 28 1088 ) (-6242 0 1088 ) 
4 342 353 (-6256 0 1196 ) (-6256 0 1088 ) (-6242 0 1088 ) (-6242 0 1196 ) 
4 343 351 (-6238 -160 1196 ) (-6208 -160 1196 ) (-6208 -160 1216 ) (-6238 -160 1216 ) 
4 343 349 (-6208 -160 1196 ) (-6144 -160 1196 ) (-6144 -160 1216 ) (-6208 -160 1216 ) 
4 343 346 (-6144 -160 1196 ) (-6238 -160 1196 ) (-6238 0 1196 ) (-6144 0 1196 ) 
4 343 345 (-6238 -160 1200 ) (-6238 -160 1216 ) (-6238 -104 1216 ) (-6238 -104 1200 ) 
4 343 344 (-6238 0 1196 ) (-6238 -104 1196 ) (-6238 -104 1216 ) (-6238 0 1216 ) 
4 344 347 (-6240 -104 1196 ) (-6240 0 1196 ) (-6238 0 1196 ) (-6238 -104 1196 ) 
4 344 345 (-6240 -104 1216 ) (-6240 -104 1200 ) (-6238 -104 1200 ) (-6238 -104 1216 ) 
4 345 351 (-6240 -160 1216 ) (-6240 -160 1200 ) (-6238 -160 1200 ) (-6238 -160 1216 ) 
4 346 351 (-6238 -160 1088 ) (-6208 -160 1088 ) (-6208 -160 1196 ) (-6238 -160 1196 ) 
4 346 349 (-6208 -160 1088 ) (-6144 -160 1088 ) (-6144 -160 1196 ) (-6208 -160 1196 ) 
4 346 347 (-6238 0 1088 ) (-6238 -104 1088 ) (-6238 -104 1196 ) (-6238 0 1196 ) 
4 346 348 (-6238 -108 1088 ) (-6238 -156 1088 ) (-6238 -156 1196 ) (-6238 -108 1196 ) 
4 347 352 (-6240 0 1088 ) (-6240 -20 1088 ) (-6240 -20 1196 ) (-6240 0 1196 ) 
4 348 354 (-6240 -108 1088 ) (-6240 -156 1088 ) (-6240 -156 1196 ) (-6240 -108 1196 ) 
4 349 351 (-6208 -160 1216 ) (-6208 -160 1088 ) (-6208 -192 1088 ) (-6208 -192 1216 ) 
4 349 350 (-6208 -224 1216 ) (-6208 -224 1088 ) (-6144 -224 1088 ) (-6144 -224 1216 ) 
4 352 353 (-6242 0 1088 ) (-6242 -20 1088 ) (-6242 -20 1196 ) (-6242 0 1196 ) 
