PRT1
296
602
5 1 40 (2048 0 352 ) (2048 0 512 ) (2048 320 512 ) (2048 320 384 ) (2048 256 352 ) 
4 1 9 (2048 0 512 ) (2048 0 352 ) (2432 0 352 ) (2432 0 512 ) 
5 1 5 (2432 0 352 ) (2944 0 352 ) (3008 0 384 ) (3008 0 512 ) (2432 0 512 ) 
4 1 2 (2048 0 352 ) (2048 256 352 ) (2944 256 352 ) (2944 0 352 ) 
4 2 53 (2048 0 96 ) (2048 0 224 ) (2048 256 224 ) (2048 256 96 ) 
4 2 42 (2048 0 224 ) (2048 0 352 ) (2048 256 352 ) (2048 256 224 ) 
4 2 10 (2048 0 224 ) (2048 0 96 ) (2432 0 96 ) (2432 0 224 ) 
4 2 9 (2048 0 352 ) (2048 0 224 ) (2432 0 224 ) (2432 0 352 ) 
4 2 8 (2432 0 96 ) (2496 0 96 ) (2496 0 352 ) (2432 0 352 ) 
4 2 7 (2496 0 96 ) (2944 0 96 ) (2944 0 352 ) (2496 0 352 ) 
4 3 64 (2048 256 96 ) (2048 320 96 ) (2048 320 0 ) (2048 256 0 ) 
4 3 4 (2944 256 0 ) (3008 256 0 ) (3008 256 96 ) (2944 256 96 ) 
4 4 12 (2944 0 0 ) (3008 0 0 ) (3008 0 96 ) (2944 0 96 ) 
5 5 9 (2432 -320 512 ) (2432 0 512 ) (2432 0 352 ) (2432 -256 352 ) (2432 -320 384 ) 
4 5 8 (2432 -256 352 ) (2432 0 352 ) (2496 0 352 ) (2496 -256 352 ) 
4 5 7 (2496 0 352 ) (2944 0 352 ) (2944 -320 352 ) (2496 -320 352 ) 
6 5 6 (2496 -320 352 ) (2944 -320 352 ) (3008 -320 384 ) (3008 -320 512 ) (2432 -320 512 ) (2432 -320 384 ) 
6 6 150 (3008 -1024 512 ) (2432 -1024 512 ) (2432 -1024 384 ) (2496 -1024 352 ) (2944 -1024 352 ) (3008 -1024 384 ) 
4 6 11 (2432 -384 512 ) (2432 -320 512 ) (2432 -320 384 ) (2432 -384 384 ) 
4 6 7 (2496 -320 352 ) (2944 -320 352 ) (2944 -1024 352 ) (2496 -1024 352 ) 
4 7 151 (2944 -1024 352 ) (2496 -1024 352 ) (2496 -1024 96 ) (2944 -1024 96 ) 
4 7 8 (2496 0 96 ) (2496 -256 96 ) (2496 -256 352 ) (2496 0 352 ) 
4 8 10 (2432 0 96 ) (2432 -256 96 ) (2432 -256 352 ) (2432 0 224 ) 
3 8 9 (2432 -256 352 ) (2432 0 352 ) (2432 0 224 ) 
3 9 102 (2048 0 352 ) (2048 0 224 ) (2048 -256 352 ) 
5 9 100 (2048 -320 512 ) (2048 0 512 ) (2048 0 352 ) (2048 -256 352 ) (2048 -320 384 ) 
4 9 11 (2432 -320 384 ) (2432 -320 512 ) (2048 -320 512 ) (2048 -320 384 ) 
4 9 10 (2048 -256 351.998901 ) (2048 0 223.998489 ) (2432 0 223.998474 ) (2432 -256 351.998901 ) 
4 10 102 (2048 0 224 ) (2048 0 96 ) (2048 -256 96 ) (2048 -256 352 ) 
4 11 105 (2048 -320 352 ) (2048 -320 96 ) (2048 -384 96 ) (2048 -384 352 ) 
4 11 101 (2048 -384 512 ) (2048 -320 512 ) (2048 -320 352 ) (2048 -384 352 ) 
4 11 13 (2048 -384 96 ) (2048 -320 96 ) (2432 -320 96 ) (2432 -384 96 ) 
4 12 152 (3008 -1024 96 ) (2944 -1024 96 ) (2944 -1024 0 ) (3008 -1024 0 ) 
4 13 111 (2048 -384 96 ) (2048 -256 96 ) (2048 -256 0 ) (2048 -384 0 ) 
4 13 14 (2432 -384 0 ) (2496 -384 0 ) (2496 -384 96 ) (2432 -384 96 ) 
4 14 153 (2496 -1024 96 ) (2432 -1024 96 ) (2432 -1024 0 ) (2496 -1024 0 ) 
4 15 19 (1024 1520 512 ) (1024 1536 512 ) (1024 1536 256 ) (1024 1520 256 ) 
4 15 16 (1280 1520 256 ) (1280 1520 512 ) (1024 1520 512 ) (1024 1520 256 ) 
4 16 44 (1080 1024 256 ) (1224 1024 256 ) (1224 1024 512 ) (1080 1024 512 ) 
4 16 43 (1224 1024 256 ) (1280 1024 256 ) (1280 1024 512 ) (1224 1024 512 ) 
4 16 45 (1024 1024 512 ) (1024 1024 256 ) (1080 1024 256 ) (1080 1024 512 ) 
4 16 19 (1024 1024 256 ) (1024 1024 512 ) (1024 1520 512 ) (1024 1520 256 ) 
4 17 22 (1024 1302 204 ) (1024 1302 96 ) (1024 1254 96 ) (1024 1254 204 ) 
4 17 18 (1126 1040 96 ) (1174 1040 96 ) (1174 1040 204 ) (1126 1040 204 ) 
4 18 56 (1126 1024 96 ) (1174 1024 96 ) (1174 1024 204 ) (1126 1024 204 ) 
4 19 80 (256 1024 512 ) (240 1024 512 ) (240 1024 256 ) (256 1024 256 ) 
4 19 81 (240 1024 512 ) (0 1024 512 ) (0 1024 256 ) (240 1024 256 ) 
4 19 77 (832 1024 512 ) (824 1024 512 ) (824 1024 256 ) (832 1024 256 ) 
4 19 79 (824 1024 512 ) (640 1024 512 ) (640 1024 256 ) (824 1024 256 ) 
4 19 70 (1024 1024 256 ) (1024 1024 512 ) (832 1024 512 ) (832 1024 256 ) 
4 19 31 (0 1520 512 ) (0 1536 512 ) (0 1536 256 ) (0 1520 256 ) 
4 19 32 (0 1024 256 ) (0 1024 512 ) (0 1520 512 ) (0 1520 256 ) 
4 19 26 (240 1024 256 ) (0 1024 256 ) (0 1040 256 ) (240 1040 256 ) 
4 19 25 (1008 1040 256 ) (0 1040 256 ) (0 1216 256 ) (1008 1216 256 ) 
4 19 24 (1016 1216 256 ) (0 1216 256 ) (0 1254 256 ) (1016 1254 256 ) 
4 19 23 (1016 1254 256 ) (0 1254 256 ) (0 1302 256 ) (1016 1302 256 ) 
4 19 21 (1016 1302 256 ) (0 1302 256 ) (0 1344 256 ) (1016 1344 256 ) 
4 19 20 (1008 1344 256 ) (0 1344 256 ) (0 1520 256 ) (1008 1520 256 ) 
4 20 32 (0 1344 256 ) (0 1520 256 ) (0 1520 96 ) (0 1344 96 ) 
4 20 27 (0 1344 96 ) (0 1408 96 ) (896 1408 96 ) (896 1344 96 ) 
4 20 21 (0 1344 96 ) (1008 1344 96 ) (1008 1344 256 ) (0 1344 256 ) 
4 21 32 (0 1302 256 ) (0 1344 256 ) (0 1344 96 ) (0 1302 96 ) 
4 21 27 (0 1302 96 ) (0 1344 96 ) (896 1344 96 ) (896 1302 96 ) 
4 21 23 (0 1302 96 ) (1016 1302 96 ) (1016 1302 256 ) (0 1302 256 ) 
4 22 23 (1016 1302 204 ) (1016 1302 96 ) (1016 1254 96 ) (1016 1254 204 ) 
4 23 32 (0 1254 256 ) (0 1302 256 ) (0 1302 96 ) (0 1254 96 ) 
4 23 27 (0 1254 96 ) (0 1302 96 ) (896 1302 96 ) (896 1254 96 ) 
4 23 24 (0 1254 96 ) (1016 1254 96 ) (1016 1254 256 ) (0 1254 256 ) 
4 24 32 (0 1216 256 ) (0 1254 256 ) (0 1254 96 ) (0 1216 96 ) 
4 24 27 (0 1216 96 ) (0 1254 96 ) (896 1254 96 ) (896 1216 96 ) 
4 24 25 (0 1216 96 ) (1008 1216 96 ) (1008 1216 256 ) (0 1216 256 ) 
4 25 32 (0 1040 256 ) (0 1216 256 ) (0 1216 96 ) (0 1040 96 ) 
4 25 28 (0 1040 96 ) (0 1152 96 ) (128 1152 96 ) (128 1040 96 ) 
4 25 27 (0 1152 96 ) (0 1216 96 ) (896 1216 96 ) (896 1152 96 ) 
4 25 26 (0 1040 96 ) (240 1040 96 ) (240 1040 256 ) (0 1040 256 ) 
4 26 81 (240 1024 256 ) (0 1024 256 ) (0 1024 96 ) (240 1024 96 ) 
4 26 32 (0 1024 96 ) (0 1024 256 ) (0 1040 256 ) (0 1040 96 ) 
4 26 28 (128 1024 96 ) (0 1024 96 ) (0 1040 96 ) (128 1040 96 ) 
4 27 34 (0 1152 96 ) (0 1408 96 ) (0 1408 80 ) (0 1152 80 ) 
4 27 29 (896 1152 80 ) (0 1152 80 ) (0 1408 80 ) (896 1408 80 ) 
4 27 28 (0 1152 80 ) (128 1152 80 ) (128 1152 96 ) (0 1152 96 ) 
4 28 94 (128 1024 96 ) (0 1024 96 ) (0 1024 80 ) (128 1024 80 ) 
4 28 36 (0 1024 80 ) (0 1024 96 ) (0 1152 96 ) (0 1152 80 ) 
4 28 30 (128 1024 80 ) (0 1024 80 ) (0 1152 80 ) (128 1152 80 ) 
4 29 37 (0 1152 80 ) (0 1408 80 ) (0 1408 64 ) (0 1152 64 ) 
4 29 30 (0 1152 64 ) (128 1152 64 ) (128 1152 80 ) (0 1152 80 ) 
4 30 99 (128 1024 80 ) (0 1024 80 ) (0 1024 64 ) (128 1024 64 ) 
4 30 39 (0 1024 64 ) (0 1024 80 ) (0 1152 80 ) (0 1152 64 ) 
4 31 33 (-240 1520 256 ) (-240 1520 512 ) (-240 1536 512 ) (-240 1536 256 ) 
4 31 32 (-240 1520 512 ) (-240 1520 256 ) (0 1520 256 ) (0 1520 512 ) 
4 32 136 (0 1024 96 ) (0 1024 256 ) (-240 1024 256 ) (-240 1024 96 ) 
4 32 134 (0 1024 256 ) (0 1024 512 ) (-240 1024 512 ) (-240 1024 256 ) 
4 32 36 (0 1152 96 ) (0 1024 96 ) (-128 1024 96 ) (-128 1152 96 ) 
4 32 34 (0 1408 96 ) (0 1152 96 ) (-240 1152 96 ) (-240 1408 96 ) 
4 32 33 (-240 1024 256 ) (-240 1024 512 ) (-240 1520 512 ) (-240 1520 256 ) 
4 33 134 (-240 1024 512 ) (-256 1024 512 ) (-256 1024 256 ) (-240 1024 256 ) 
4 34 37 (0 1408 80 ) (0 1152 80 ) (-240 1152 80 ) (-240 1408 80 ) 
4 34 36 (-128 1152 80 ) (0 1152 80 ) (0 1152 96 ) (-128 1152 96 ) 
4 34 35 (-240 1408 96 ) (-240 1408 80 ) (-240 1152 80 ) (-240 1152 96 ) 
4 35 38 (-240 1152 80 ) (-256 1152 80 ) (-256 1408 80 ) (-240 1408 80 ) 
4 36 141 (0 1024 80 ) (0 1024 96 ) (-128 1024 96 ) (-128 1024 80 ) 
4 36 39 (0 1152 80 ) (0 1024 80 ) (-128 1024 80 ) (-128 1152 80 ) 
4 37 39 (-128 1152 64 ) (0 1152 64 ) (0 1152 80 ) (-128 1152 80 ) 
4 37 38 (-240 1408 80 ) (-240 1408 64 ) (-240 1152 64 ) (-240 1152 80 ) 
4 39 142 (0 1024 64 ) (0 1024 80 ) (-128 1024 80 ) (-128 1024 64 ) 
5 40 100 (2048 0 352 ) (2048 0 512 ) (1344 0 512 ) (1344 0 384 ) (1360 0 352 ) 
4 40 48 (1344 0 384 ) (1344 0 512 ) (1344 320 512 ) (1344 320 384 ) 
4 40 42 (1360 256 352 ) (2048 256 352 ) (2048 0 352 ) (1360 0 352 ) 
4 41 52 (1360 256 224 ) (1344 256 224 ) (1344 320 224 ) (1360 320 224 ) 
4 41 51 (1344 320 224 ) (1344 256 224 ) (1344 256 256 ) (1344 320 256 ) 
4 41 49 (1344 256 256 ) (1344 256 352 ) (1344 320 352 ) (1344 320 256 ) 
4 42 102 (2048 0 224 ) (2048 0 352 ) (1360 0 352 ) (1360 0 224 ) 
4 42 53 (2048 256 224 ) (2048 0 224 ) (1360 0 224 ) (1360 256 224 ) 
4 43 55 (1224 1024 224 ) (1280 1024 224 ) (1280 776 224 ) (1224 776 224 ) 
4 43 46 (1224 776 224 ) (1280 776 224 ) (1280 776 512 ) (1224 776 512 ) 
4 43 44 (1224 776 256 ) (1224 776 512 ) (1224 1024 512 ) (1224 1024 256 ) 
4 44 47 (1224 776 256 ) (1224 776 512 ) (1080 776 512 ) (1080 776 256 ) 
4 44 45 (1080 776 256 ) (1080 776 512 ) (1080 1024 512 ) (1080 1024 256 ) 
4 45 70 (1024 1024 512 ) (1024 1024 224 ) (1024 776 224 ) (1024 776 512 ) 
4 45 57 (1024 776 224 ) (1024 1024 224 ) (1080 1024 224 ) (1080 776 224 ) 
4 45 47 (1080 776 256 ) (1080 776 512 ) (1024 776 512 ) (1024 776 256 ) 
4 46 60 (1280 640 224 ) (1280 320 224 ) (1224 320 224 ) (1224 640 224 ) 
4 46 58 (1280 768 224 ) (1280 640 224 ) (1224 640 224 ) (1224 768 224 ) 
4 46 55 (1224 776 224 ) (1280 776 224 ) (1280 768 224 ) (1224 768 224 ) 
4 46 51 (1224 320 224 ) (1280 320 224 ) (1280 320 256 ) (1224 320 256 ) 
4 46 50 (1280 320 256 ) (1280 320 512 ) (1224 320 512 ) (1224 320 256 ) 
4 46 47 (1224 776 512 ) (1224 776 256 ) (1224 320 256 ) (1224 320 512 ) 
4 47 71 (1024 320 256 ) (1024 320 512 ) (1024 776 512 ) (1024 776 256 ) 
4 47 50 (1224 320 256 ) (1224 320 512 ) (1024 320 512 ) (1024 320 256 ) 
4 48 106 (1344 0 352 ) (1344 0 512 ) (1296 0 512 ) (1296 0 352 ) 
4 48 49 (1296 0 352 ) (1296 256 352 ) (1344 256 352 ) (1344 0 352 ) 
5 48 50 (1296 320 512 ) (1296 320 384 ) (1296 256 352 ) (1296 0 352 ) (1296 0 512 ) 
4 49 106 (1296 0 256 ) (1344 0 256 ) (1344 0 352 ) (1296 0 352 ) 
4 49 51 (1296 320 256 ) (1344 320 256 ) (1344 256 256 ) (1296 256 256 ) 
4 49 50 (1296 320 352 ) (1296 320 256 ) (1296 0 256 ) (1296 0 352 ) 
4 50 106 (1024 0 512 ) (1024 0 256 ) (1296 0 256 ) (1296 0 512 ) 
4 50 82 (1024 0 256 ) (1024 0 512 ) (1024 256 512 ) (1024 256 256 ) 
4 50 71 (1024 256 512 ) (1024 320 512 ) (1024 320 256 ) (1024 256 256 ) 
4 50 51 (1224 320 256 ) (1296 320 256 ) (1296 256 256 ) (1224 256 256 ) 
4 51 62 (1224 320 224 ) (1344 320 224 ) (1344 264 224 ) (1224 264 224 ) 
4 52 65 (1344 256 96 ) (1344 320 96 ) (1360 320 96 ) (1360 256 96 ) 
4 52 62 (1344 320 96 ) (1344 264 96 ) (1344 264 224 ) (1344 320 224 ) 
4 53 102 (2048 0 96 ) (2048 0 224 ) (1360 0 224 ) (1360 0 96 ) 
4 53 54 (1360 23 96 ) (1360 0 96 ) (1360 0 204 ) (1360 23 204 ) 
4 54 103 (1344 0 204 ) (1344 0 96 ) (1360 0 96 ) (1360 0 204 ) 
4 54 65 (1360 0 96 ) (1344 0 96 ) (1344 23 96 ) (1360 23 96 ) 
4 54 63 (1344 23 96 ) (1344 0 96 ) (1344 0 204 ) (1344 23 204 ) 
4 55 67 (1224 1024 96 ) (1280 1024 96 ) (1280 768 96 ) (1224 768 96 ) 
4 55 58 (1224 768 96 ) (1280 768 96 ) (1280 768 224 ) (1224 768 224 ) 
4 56 59 (1088 768 96 ) (1216 768 96 ) (1216 768 224 ) (1088 768 224 ) 
4 57 72 (1024 1024 224 ) (1024 1024 96 ) (1024 776 96 ) (1024 776 224 ) 
4 57 68 (1024 776 96 ) (1024 1024 96 ) (1080 1024 96 ) (1080 776 96 ) 
4 58 67 (1224 768 96 ) (1280 768 96 ) (1280 640 96 ) (1224 640 96 ) 
4 58 60 (1224 640 96 ) (1280 640 96 ) (1280 640 224 ) (1224 640 224 ) 
4 59 73 (1024 768 96 ) (1024 640 96 ) (1024 640 224 ) (1024 768 224 ) 
4 60 67 (1216 640 96 ) (1280 640 96 ) (1280 320 96 ) (1216 320 96 ) 
4 60 62 (1216 320 96 ) (1280 320 96 ) (1280 320 224 ) (1216 320 224 ) 
4 60 61 (1216 632 96 ) (1216 320 96 ) (1216 320 224 ) (1216 632 224 ) 
4 61 75 (1024 632 96 ) (1024 320 96 ) (1024 320 224 ) (1024 632 224 ) 
4 61 69 (1024 320 96 ) (1024 632 96 ) (1216 632 96 ) (1216 320 96 ) 
4 61 62 (1024 320 96 ) (1216 320 96 ) (1216 320 224 ) (1024 320 224 ) 
4 62 75 (1024 320 96 ) (1024 264 96 ) (1024 264 224 ) (1024 320 224 ) 
4 62 69 (1024 264 96 ) (1024 320 96 ) (1216 320 96 ) (1216 264 96 ) 
4 62 66 (1280 320 96 ) (1344 320 96 ) (1344 264 96 ) (1280 264 96 ) 
4 62 67 (1216 320 96 ) (1280 320 96 ) (1280 264 96 ) (1216 264 96 ) 
4 63 107 (1344 0 224 ) (1024 0 224 ) (1024 0 96 ) (1344 0 96 ) 
4 63 83 (1024 256 96 ) (1024 0 96 ) (1024 0 224 ) (1024 256 224 ) 
4 64 65 (1360 320 96 ) (1360 320 0 ) (1360 256 0 ) (1360 256 96 ) 
4 65 110 (1360 0 96 ) (1344 0 96 ) (1344 0 0 ) (1360 0 0 ) 
4 65 66 (1344 320 0 ) (1344 256 0 ) (1344 256 96 ) (1344 320 96 ) 
4 66 67 (1280 320 0 ) (1280 256 0 ) (1280 256 96 ) (1280 320 96 ) 
4 67 69 (1216 640 0 ) (1216 256 0 ) (1216 256 96 ) (1216 640 96 ) 
4 68 95 (1024 1024 80 ) (1024 1024 0 ) (1024 768 0 ) (1024 768 80 ) 
4 68 90 (1024 1024 96 ) (1024 1024 80 ) (1024 768 80 ) (1024 768 96 ) 
4 69 96 (1024 640 0 ) (1024 256 0 ) (1024 256 80 ) (1024 640 80 ) 
4 69 91 (1024 256 80 ) (1024 256 96 ) (1024 640 96 ) (1024 640 80 ) 
4 70 77 (832 776 512 ) (832 1024 512 ) (832 1024 224 ) (832 776 224 ) 
4 70 72 (832 776 224 ) (832 1024 224 ) (1024 1024 224 ) (1024 776 224 ) 
4 70 71 (832 776 512 ) (832 776 256 ) (1024 776 256 ) (1024 776 512 ) 
4 71 82 (1024 256 256 ) (1024 256 512 ) (832 256 512 ) (832 256 256 ) 
4 71 78 (832 256 256 ) (832 256 512 ) (832 768 512 ) (832 768 256 ) 
4 71 77 (832 768 512 ) (832 776 512 ) (832 776 256 ) (832 768 256 ) 
4 72 92 (832 1024 96 ) (960 1024 96 ) (960 776 96 ) (832 776 96 ) 
4 72 90 (960 1024 96 ) (1024 1024 96 ) (1024 776 96 ) (960 776 96 ) 
4 72 77 (832 1024 96 ) (832 776 96 ) (832 776 224 ) (832 1024 224 ) 
4 73 74 (960 640 224 ) (832 640 224 ) (832 640 96 ) (960 640 96 ) 
4 74 76 (960 632 224 ) (832 632 224 ) (832 632 96 ) (960 632 96 ) 
4 75 91 (1024 632 96 ) (1024 264 96 ) (968 264 96 ) (968 632 96 ) 
4 76 85 (832 256 96 ) (960 256 96 ) (960 256 224 ) (832 256 224 ) 
4 77 93 (824 1024 96 ) (832 1024 96 ) (832 768 96 ) (824 768 96 ) 
4 77 78 (824 768 512 ) (824 768 224 ) (832 768 224 ) (832 768 512 ) 
4 77 79 (824 1024 96 ) (824 768 96 ) (824 768 512 ) (824 1024 512 ) 
4 78 82 (832 256 256 ) (832 256 512 ) (824 256 512 ) (824 256 256 ) 
4 78 79 (824 256 224 ) (824 256 512 ) (824 768 512 ) (824 768 224 ) 
4 79 93 (640 1024 96 ) (824 1024 96 ) (824 256 96 ) (640 256 96 ) 
4 79 86 (640 256 96 ) (824 256 96 ) (824 256 512 ) (640 256 512 ) 
4 80 87 (256 256 320 ) (256 256 512 ) (240 256 512 ) (240 256 320 ) 
4 80 81 (240 256 256 ) (240 256 512 ) (240 1024 512 ) (240 1024 256 ) 
4 81 136 (0 1024 256 ) (0 1024 96 ) (0 256 96 ) (0 256 256 ) 
4 81 134 (0 1024 512 ) (0 1024 256 ) (0 256 256 ) (0 256 512 ) 
4 81 94 (0 256 96 ) (0 1024 96 ) (128 1024 96 ) (128 256 96 ) 
4 81 88 (0 256 96 ) (128 256 96 ) (128 256 256 ) (0 256 256 ) 
4 81 87 (240 256 320 ) (240 256 512 ) (0 256 512 ) (0 256 320 ) 
4 82 112 (1024 0 256 ) (1024 0 512 ) (824 0 512 ) (824 0 256 ) 
4 82 86 (824 256 512 ) (824 256 256 ) (824 0 256 ) (824 0 512 ) 
4 83 114 (1024 0 96 ) (1024 0 224 ) (992 0 224 ) (992 0 96 ) 
4 83 84 (992 256 192 ) (992 256 144 ) (992 0 144 ) (992 0 192 ) 
4 84 115 (960 0 192 ) (960 0 144 ) (992 0 144 ) (992 0 192 ) 
4 84 85 (960 256 192 ) (960 256 144 ) (960 0 144 ) (960 0 192 ) 
4 85 119 (960 0 224 ) (832 0 224 ) (832 0 96 ) (960 0 96 ) 
4 86 120 (640 0 256 ) (640 0 96 ) (824 0 96 ) (824 0 256 ) 
4 86 112 (824 0 512 ) (640 0 512 ) (640 0 256 ) (824 0 256 ) 
4 86 93 (824 0 96 ) (640 0 96 ) (640 256 96 ) (824 256 96 ) 
4 87 135 (0 0 320 ) (0 0 512 ) (0 256 512 ) (0 256 320 ) 
4 87 113 (256 0 512 ) (0 0 512 ) (0 0 320 ) (256 0 320 ) 
4 88 137 (0 256 96 ) (0 240 96 ) (0 240 256 ) (0 256 256 ) 
4 88 94 (0 240 96 ) (0 256 96 ) (128 256 96 ) (128 240 96 ) 
4 88 89 (0 240 96 ) (128 240 96 ) (128 240 256 ) (0 240 256 ) 
4 89 140 (0 240 96 ) (0 0 96 ) (0 0 176 ) (0 240 176 ) 
4 89 138 (0 0 176 ) (0 0 256 ) (0 240 256 ) (0 240 176 ) 
4 89 123 (0 0 176 ) (0 0 96 ) (240 0 96 ) (240 0 176 ) 
4 89 121 (0 0 256 ) (0 0 176 ) (240 0 176 ) (240 0 256 ) 
4 89 94 (128 0 96 ) (0 0 96 ) (0 240 96 ) (128 240 96 ) 
4 90 95 (960 1024 80 ) (1024 1024 80 ) (1024 768 80 ) (960 768 80 ) 
4 90 92 (960 1024 80 ) (960 768 80 ) (960 768 96 ) (960 1024 96 ) 
4 91 96 (1024 640 80 ) (1024 256 80 ) (960 256 80 ) (960 640 80 ) 
4 92 97 (832 1024 80 ) (960 1024 80 ) (960 768 80 ) (832 768 80 ) 
4 92 93 (832 1024 80 ) (832 768 80 ) (832 768 96 ) (832 1024 96 ) 
4 93 128 (832 0 96 ) (640 0 96 ) (640 0 80 ) (832 0 80 ) 
4 93 98 (640 1024 80 ) (832 1024 80 ) (832 0 80 ) (640 0 80 ) 
4 94 141 (0 1024 96 ) (0 1024 80 ) (0 0 80 ) (0 0 96 ) 
4 94 129 (128 0 96 ) (0 0 96 ) (0 0 80 ) (128 0 80 ) 
4 94 99 (0 1024 80 ) (128 1024 80 ) (128 0 80 ) (0 0 80 ) 
4 95 97 (960 1024 0 ) (960 768 0 ) (960 768 80 ) (960 1024 80 ) 
4 97 98 (832 1024 0 ) (832 768 0 ) (832 768 80 ) (832 1024 80 ) 
4 98 131 (832 0 80 ) (640 0 80 ) (640 0 0 ) (832 0 0 ) 
4 99 142 (0 1024 80 ) (0 1024 64 ) (0 0 64 ) (0 0 80 ) 
4 99 132 (128 0 80 ) (0 0 80 ) (0 0 64 ) (128 0 64 ) 
4 100 109 (1344 -264 384 ) (1344 -320 384 ) (1344 -320 512 ) (1344 -264 512 ) 
4 100 108 (1344 -256 384 ) (1344 -264 384 ) (1344 -264 512 ) (1344 -256 512 ) 
4 100 106 (1344 0 512 ) (1344 0 384 ) (1344 -256 384 ) (1344 -256 512 ) 
4 100 102 (1360 0 352 ) (2048 0 352 ) (2048 -256 352 ) (1360 -256 352 ) 
4 100 101 (2048 -320 384 ) (2048 -320 512 ) (1344 -320 512 ) (1344 -320 384 ) 
4 101 109 (1344 -320 352 ) (1344 -384 352 ) (1344 -384 512 ) (1344 -320 512 ) 
4 101 105 (1344 -384 352 ) (1344 -320 352 ) (2048 -320 352 ) (2048 -384 352 ) 
4 102 103 (1360 0 96 ) (1360 -25 96 ) (1360 -25 204 ) (1360 0 204 ) 
4 103 110 (1344 0 96 ) (1360 0 96 ) (1360 -25 96 ) (1344 -25 96 ) 
4 103 107 (1344 0 204 ) (1344 0 96 ) (1344 -25 96 ) (1344 -25 204 ) 
4 104 111 (1360 -320 96 ) (1344 -320 96 ) (1344 -256 96 ) (1360 -256 96 ) 
4 104 109 (1344 -264 96 ) (1344 -320 96 ) (1344 -320 352 ) (1344 -264 352 ) 
4 104 108 (1344 -264 224 ) (1344 -264 352 ) (1344 -256 352 ) (1344 -256 224 ) 
4 104 105 (1360 -320 352 ) (1344 -320 352 ) (1344 -320 96 ) (1360 -320 96 ) 
4 105 111 (2048 -320 96 ) (2048 -384 96 ) (1344 -384 96 ) (1344 -320 96 ) 
4 105 109 (1344 -320 96 ) (1344 -384 96 ) (1344 -384 352 ) (1344 -320 352 ) 
4 106 112 (1024 0 512 ) (1024 0 256 ) (1024 -256 256 ) (1024 -256 512 ) 
4 106 108 (1344 -256 256 ) (1344 -256 512 ) (1024 -256 512 ) (1024 -256 256 ) 
4 107 114 (1024 0 224 ) (1024 0 96 ) (1024 -256 96 ) (1024 -256 224 ) 
4 108 124 (1024 -264 224 ) (1024 -264 512 ) (1024 -256 512 ) (1024 -256 224 ) 
4 108 109 (1344 -264 224 ) (1344 -264 512 ) (1024 -264 512 ) (1024 -264 224 ) 
4 109 127 (1024 -264 96 ) (1024 -384 96 ) (1024 -384 512 ) (1024 -264 512 ) 
4 109 111 (1344 -264 96 ) (1344 -384 96 ) (1024 -384 96 ) (1024 -264 96 ) 
4 110 111 (1344 -256 0 ) (1360 -256 0 ) (1360 -256 96 ) (1344 -256 96 ) 
4 111 133 (1024 -256 0 ) (1024 -384 0 ) (1024 -384 80 ) (1024 -256 80 ) 
4 111 130 (1024 -384 80 ) (1024 -384 96 ) (1024 -256 96 ) (1024 -256 80 ) 
4 112 125 (832 -256 512 ) (824 -256 512 ) (824 -256 256 ) (832 -256 256 ) 
4 112 126 (824 -256 512 ) (640 -256 512 ) (640 -256 256 ) (824 -256 256 ) 
4 112 124 (1024 -256 256 ) (1024 -256 512 ) (832 -256 512 ) (832 -256 256 ) 
4 112 120 (824 -256 256 ) (640 -256 256 ) (640 0 256 ) (824 0 256 ) 
4 113 143 (0 0 512 ) (0 0 320 ) (0 -256 320 ) (0 -256 512 ) 
4 114 117 (992 -192 96 ) (992 -240 96 ) (992 -240 204 ) (992 -192 204 ) 
4 114 116 (992 0 96 ) (992 -64 96 ) (992 -64 136 ) (992 0 136 ) 
4 114 115 (992 -128 144 ) (992 -128 192 ) (992 0 192 ) (992 0 144 ) 
4 115 119 (960 -128 144 ) (960 -128 192 ) (960 0 192 ) (960 0 144 ) 
4 115 118 (960 -128 192 ) (960 -128 144 ) (984 -128 144 ) (984 -128 192 ) 
4 116 119 (960 0 96 ) (960 -64 96 ) (960 -64 136 ) (960 0 136 ) 
4 117 118 (984 -192 96 ) (984 -240 96 ) (984 -240 204 ) (984 -192 204 ) 
4 118 119 (960 -128 96 ) (960 -256 96 ) (960 -256 224 ) (960 -128 224 ) 
4 120 128 (640 0 96 ) (824 0 96 ) (824 -256 96 ) (640 -256 96 ) 
4 120 126 (640 -256 96 ) (824 -256 96 ) (824 -256 256 ) (640 -256 256 ) 
4 121 144 (0 0 256 ) (0 0 176 ) (0 -240 176 ) (0 -240 256 ) 
4 121 123 (0 0 176 ) (240 0 176 ) (240 -240 176 ) (0 -240 176 ) 
4 121 122 (32 -240 176 ) (176 -240 176 ) (176 -240 256 ) (32 -240 256 ) 
4 123 147 (0 0 176 ) (0 0 96 ) (0 -240 96 ) (0 -240 176 ) 
4 123 129 (0 -192 96 ) (0 0 96 ) (128 0 96 ) (128 -192 96 ) 
4 124 127 (1024 -264 224 ) (1024 -264 512 ) (832 -264 512 ) (832 -264 224 ) 
4 124 125 (832 -264 224 ) (832 -264 512 ) (832 -256 512 ) (832 -256 224 ) 
4 125 127 (832 -264 224 ) (832 -264 512 ) (824 -264 512 ) (824 -264 224 ) 
4 125 126 (824 -264 224 ) (824 -264 512 ) (824 -256 512 ) (824 -256 224 ) 
4 126 130 (640 -264 96 ) (640 -256 96 ) (824 -256 96 ) (824 -264 96 ) 
4 126 127 (640 -264 512 ) (640 -264 96 ) (824 -264 96 ) (824 -264 512 ) 
4 127 130 (640 -384 96 ) (640 -264 96 ) (1024 -264 96 ) (1024 -384 96 ) 
4 128 131 (832 -256 80 ) (640 -256 80 ) (640 0 80 ) (832 0 80 ) 
4 128 130 (640 -256 80 ) (832 -256 80 ) (832 -256 96 ) (640 -256 96 ) 
4 129 148 (0 -192 96 ) (0 0 96 ) (0 0 80 ) (0 -192 80 ) 
4 129 132 (0 -192 80 ) (0 0 80 ) (128 0 80 ) (128 -192 80 ) 
4 130 133 (1024 -256 80 ) (1024 -384 80 ) (640 -384 80 ) (640 -256 80 ) 
4 131 133 (640 -256 0 ) (832 -256 0 ) (832 -256 80 ) (640 -256 80 ) 
4 132 149 (0 -192 80 ) (0 0 80 ) (0 0 64 ) (0 -192 64 ) 
4 134 136 (-240 1024 256 ) (0 1024 256 ) (0 256 256 ) (-240 256 256 ) 
4 134 135 (0 256 320 ) (0 256 512 ) (-256 256 512 ) (-256 256 320 ) 
4 135 143 (0 0 320 ) (0 0 512 ) (-256 0 512 ) (-256 0 320 ) 
4 136 141 (-128 1024 96 ) (0 1024 96 ) (0 256 96 ) (-128 256 96 ) 
4 136 137 (-128 256 96 ) (0 256 96 ) (0 256 256 ) (-128 256 256 ) 
4 137 141 (-128 256 96 ) (0 256 96 ) (0 240 96 ) (-128 240 96 ) 
4 137 140 (-128 240 96 ) (0 240 96 ) (0 240 176 ) (-128 240 176 ) 
4 137 138 (0 240 176 ) (0 240 256 ) (-128 240 256 ) (-128 240 176 ) 
4 138 144 (0 0 176 ) (0 0 256 ) (-240 0 256 ) (-240 0 176 ) 
4 138 140 (-240 240 176 ) (0 240 176 ) (0 0 176 ) (-240 0 176 ) 
4 138 139 (-240 176 176 ) (-240 32 176 ) (-240 32 256 ) (-240 176 256 ) 
4 140 147 (0 0 96 ) (0 0 176 ) (-240 0 176 ) (-240 0 96 ) 
4 140 141 (-128 240 96 ) (0 240 96 ) (0 0 96 ) (-128 0 96 ) 
4 141 148 (0 0 80 ) (0 0 96 ) (-128 0 96 ) (-128 0 80 ) 
4 141 142 (0 0 80 ) (-128 0 80 ) (-128 1024 80 ) (0 1024 80 ) 
4 142 149 (0 0 64 ) (0 0 80 ) (-128 0 80 ) (-128 0 64 ) 
4 144 147 (-240 0 176 ) (0 0 176 ) (0 -240 176 ) (-240 -240 176 ) 
4 144 146 (-176 -240 176 ) (-32 -240 176 ) (-32 -240 256 ) (-176 -240 256 ) 
4 144 145 (-240 -32 176 ) (-240 -176 176 ) (-240 -176 256 ) (-240 -32 256 ) 
4 147 148 (-128 0 96 ) (0 0 96 ) (0 -192 96 ) (-128 -192 96 ) 
4 148 149 (-128 0 80 ) (0 0 80 ) (0 -192 80 ) (-128 -192 80 ) 
6 150 154 (3008 -2048 512 ) (2432 -2048 512 ) (2432 -2048 384 ) (2496 -2048 352 ) (2944 -2048 352 ) (3008 -2048 384 ) 
4 150 151 (2496 -1024 352 ) (2944 -1024 352 ) (2944 -2048 352 ) (2496 -2048 352 ) 
4 151 159 (2496 -2048 96 ) (2944 -2048 96 ) (2944 -2048 224 ) (2496 -2048 224 ) 
4 151 158 (2944 -2048 224 ) (2944 -2048 352 ) (2496 -2048 352 ) (2496 -2048 224 ) 
4 152 161 (3008 -2048 96 ) (2944 -2048 96 ) (2944 -2048 0 ) (3008 -2048 0 ) 
4 153 162 (2496 -2048 96 ) (2432 -2048 96 ) (2432 -2048 0 ) (2496 -2048 0 ) 
4 154 158 (2496 -2048 352 ) (2944 -2048 352 ) (2944 -2880 352 ) (2496 -2880 352 ) 
4 154 157 (2432 -2944 512 ) (2432 -2944 384 ) (2496 -2944 384 ) (2496 -2944 512 ) 
4 154 156 (2496 -2944 384 ) (2944 -2944 384 ) (2944 -2944 512 ) (2496 -2944 512 ) 
4 154 155 (2944 -2944 384 ) (3008 -2944 384 ) (3008 -2944 512 ) (2944 -2944 512 ) 
4 155 166 (3008 -3072 512 ) (2944 -3072 512 ) (2944 -3072 384 ) (3008 -3072 384 ) 
4 155 156 (2944 -2944 512 ) (2944 -2944 384 ) (2944 -3072 384 ) (2944 -3072 512 ) 
4 156 169 (2624 -3072 512 ) (2496 -3072 512 ) (2496 -3072 384 ) (2624 -3072 384 ) 
4 156 168 (2816 -3072 512 ) (2624 -3072 512 ) (2624 -3072 384 ) (2816 -3072 384 ) 
4 156 166 (2944 -3072 512 ) (2816 -3072 512 ) (2816 -3072 384 ) (2944 -3072 384 ) 
4 156 157 (2496 -2944 512 ) (2496 -2944 384 ) (2496 -3072 384 ) (2496 -3072 512 ) 
4 157 169 (2496 -3072 512 ) (2432 -3072 512 ) (2432 -3072 384 ) (2496 -3072 384 ) 
4 158 159 (2496 -2880 224 ) (2496 -2048 224 ) (2944 -2048 224 ) (2944 -2880 224 ) 
4 159 160 (2816 -2880 224 ) (2624 -2880 224 ) (2624 -2880 96 ) (2816 -2880 96 ) 
4 160 168 (2624 -3072 96 ) (2816 -3072 96 ) (2816 -3072 224 ) (2624 -3072 224 ) 
4 161 167 (3008 -3072 96 ) (2944 -3072 96 ) (2944 -3072 0 ) (3008 -3072 0 ) 
4 162 170 (2496 -3072 96 ) (2432 -3072 96 ) (2432 -3072 0 ) (2496 -3072 0 ) 
4 163 165 (4096 -4096 96 ) (4096 -4096 512 ) (4096 -3136 512 ) (4096 -3136 96 ) 
4 163 164 (5120 -4096 96 ) (5120 -4096 512 ) (4096 -4096 512 ) (4096 -4096 96 ) 
4 164 178 (5120 -5120 96 ) (5120 -5120 512 ) (4096 -5120 512 ) (4096 -5120 96 ) 
4 164 172 (4096 -5120 96 ) (4096 -5120 512 ) (4096 -4096 512 ) (4096 -4096 96 ) 
4 165 172 (4096 -4096 96 ) (4096 -4096 512 ) (3072 -4096 512 ) (3072 -4096 96 ) 
4 165 171 (3072 -4096 96 ) (3072 -4096 512 ) (3072 -3136 512 ) (3072 -3136 96 ) 
4 166 171 (3008 -3136 384 ) (3008 -3136 512 ) (2816 -3136 512 ) (2816 -3136 384 ) 
4 166 168 (2816 -3136 384 ) (2816 -3136 512 ) (2816 -3072 512 ) (2816 -3072 384 ) 
4 168 171 (2816 -3136 96 ) (2816 -3136 512 ) (2624 -3136 512 ) (2624 -3136 96 ) 
4 168 169 (2624 -3136 384 ) (2624 -3136 512 ) (2624 -3072 512 ) (2624 -3072 384 ) 
4 169 171 (2624 -3136 384 ) (2624 -3136 512 ) (2432 -3136 512 ) (2432 -3136 384 ) 
4 171 174 (2048 -4096 96 ) (2048 -4096 512 ) (2048 -3136 512 ) (2048 -3136 96 ) 
4 171 173 (3072 -4096 96 ) (3072 -4096 512 ) (2048 -4096 512 ) (2048 -4096 96 ) 
4 172 180 (4096 -5120 96 ) (4096 -5120 512 ) (3072 -5120 512 ) (3072 -5120 96 ) 
4 172 173 (3072 -4096 512 ) (3072 -4096 96 ) (3072 -5120 96 ) (3072 -5120 512 ) 
4 173 183 (2552 -5120 232 ) (2552 -5120 96 ) (2568 -5120 96 ) (2568 -5120 232 ) 
4 173 182 (3072 -5120 96 ) (3072 -5120 240 ) (2568 -5120 240 ) (2568 -5120 96 ) 
4 173 184 (2552 -5120 240 ) (2048 -5120 240 ) (2048 -5120 96 ) (2552 -5120 96 ) 
4 173 181 (3072 -5120 240 ) (3072 -5120 512 ) (2048 -5120 512 ) (2048 -5120 240 ) 
4 173 176 (2048 -5120 96 ) (2048 -5120 512 ) (2048 -4096 512 ) (2048 -4096 96 ) 
4 174 176 (2048 -4096 96 ) (2048 -4096 512 ) (1024 -4096 512 ) (1024 -4096 96 ) 
4 174 175 (1024 -4096 96 ) (1024 -4096 512 ) (1024 -3136 512 ) (1024 -3136 96 ) 
4 175 177 (1024 -4096 96 ) (1024 -4096 512 ) (0 -4096 512 ) (0 -4096 96 ) 
4 176 231 (2048 -5120 96 ) (2048 -5120 512 ) (1024 -5120 512 ) (1024 -5120 96 ) 
4 176 177 (1024 -4096 512 ) (1024 -4096 96 ) (1024 -5120 96 ) (1024 -5120 512 ) 
4 177 232 (1024 -5120 96 ) (1024 -5120 512 ) (0 -5120 512 ) (0 -5120 96 ) 
4 178 180 (4096 -5120 512 ) (4096 -5120 96 ) (4096 -6144 96 ) (4096 -6144 512 ) 
4 178 179 (5120 -6144 96 ) (5120 -6144 512 ) (4096 -6144 512 ) (4096 -6144 96 ) 
4 179 192 (4096 -7168 96 ) (4096 -7168 512 ) (4096 -6144 512 ) (4096 -6144 96 ) 
4 180 192 (4096 -6144 96 ) (4096 -6144 512 ) (3072 -6144 512 ) (3072 -6144 96 ) 
4 180 185 (3072 -5144 96 ) (3072 -6144 96 ) (3072 -6144 512 ) (3072 -5144 512 ) 
4 180 182 (3072 -5120 240 ) (3072 -5120 96 ) (3072 -5144 96 ) (3072 -5144 240 ) 
4 180 181 (3072 -5120 512 ) (3072 -5120 240 ) (3072 -5144 240 ) (3072 -5144 512 ) 
4 181 231 (2048 -5120 512 ) (2048 -5120 240 ) (2048 -5144 240 ) (2048 -5144 512 ) 
4 181 188 (2480 -5144 240 ) (2544 -5144 240 ) (2544 -5144 512 ) (2480 -5144 512 ) 
4 181 191 (2048 -5144 512 ) (2048 -5144 240 ) (2480 -5144 240 ) (2480 -5144 512 ) 
4 181 186 (2576 -5144 272 ) (2576 -5144 512 ) (2544 -5144 512 ) (2544 -5144 272 ) 
4 181 185 (2576 -5144 240 ) (3072 -5144 240 ) (3072 -5144 512 ) (2576 -5144 512 ) 
4 181 182 (3072 -5144 240 ) (2568 -5144 240 ) (2568 -5120 240 ) (3072 -5120 240 ) 
4 181 184 (2552 -5144 240 ) (2048 -5144 240 ) (2048 -5120 240 ) (2552 -5120 240 ) 
4 182 185 (2576 -5144 96 ) (3072 -5144 96 ) (3072 -5144 240 ) (2576 -5144 240 ) 
4 182 183 (2568 -5120 96 ) (2568 -5144 96 ) (2568 -5144 232 ) (2568 -5120 232 ) 
4 183 184 (2552 -5120 96 ) (2552 -5144 96 ) (2552 -5144 232 ) (2552 -5120 232 ) 
4 184 231 (2048 -5120 240 ) (2048 -5120 96 ) (2048 -5144 96 ) (2048 -5144 240 ) 
4 184 189 (2480 -5144 96 ) (2544 -5144 96 ) (2544 -5144 224 ) (2480 -5144 224 ) 
4 184 191 (2048 -5144 240 ) (2048 -5144 96 ) (2480 -5144 96 ) (2480 -5144 240 ) 
4 185 193 (3072 -6144 96 ) (3072 -6144 512 ) (2576 -6144 512 ) (2576 -6144 96 ) 
4 185 186 (2576 -5184 512 ) (2576 -5144 512 ) (2576 -5144 272 ) (2576 -5184 272 ) 
4 185 187 (2576 -6144 512 ) (2576 -5184 512 ) (2576 -5184 96 ) (2576 -6144 96 ) 
4 186 188 (2544 -5144 512 ) (2544 -5144 272 ) (2544 -5184 272 ) (2544 -5184 512 ) 
4 186 187 (2576 -5184 272 ) (2576 -5184 512 ) (2544 -5184 512 ) (2544 -5184 272 ) 
4 187 193 (2576 -6144 512 ) (2544 -6144 512 ) (2544 -6144 96 ) (2576 -6144 96 ) 
4 187 190 (2544 -5184 96 ) (2544 -6144 96 ) (2544 -6144 512 ) (2544 -5184 512 ) 
4 188 191 (2480 -5184 512 ) (2480 -5144 512 ) (2480 -5144 240 ) (2480 -5184 240 ) 
4 188 190 (2480 -5184 512 ) (2480 -5184 240 ) (2544 -5184 240 ) (2544 -5184 512 ) 
4 189 190 (2480 -5184 224 ) (2480 -5184 96 ) (2544 -5184 96 ) (2544 -5184 224 ) 
4 189 191 (2480 -5144 224 ) (2480 -5144 96 ) (2480 -5184 96 ) (2480 -5184 224 ) 
4 190 193 (2480 -6144 96 ) (2544 -6144 96 ) (2544 -6144 512 ) (2480 -6144 512 ) 
4 190 191 (2480 -6144 512 ) (2480 -5184 512 ) (2480 -5184 96 ) (2480 -6144 96 ) 
4 191 231 (2048 -5144 96 ) (2048 -6144 96 ) (2048 -6144 512 ) (2048 -5144 512 ) 
4 191 193 (2048 -6144 512 ) (2048 -6144 96 ) (2480 -6144 96 ) (2480 -6144 512 ) 
4 192 193 (3072 -6144 512 ) (3072 -6144 96 ) (3072 -7168 96 ) (3072 -7168 512 ) 
4 193 233 (2048 -7168 96 ) (2048 -7168 512 ) (2048 -6144 512 ) (2048 -6144 96 ) 
4 193 206 (2624 -7168 224 ) (2624 -7168 96 ) (2752 -7168 96 ) (2752 -7168 224 ) 
4 193 195 (2848 -7168 512 ) (2528 -7168 512 ) (2528 -7168 352 ) (2848 -7168 352 ) 
4 194 213 (2880 -8192 512 ) (2848 -8192 512 ) (2848 -8192 288 ) (2880 -8192 288 ) 
4 194 197 (2880 -8192 288 ) (2848 -8192 288 ) (2848 -7232 288 ) (2880 -7232 288 ) 
4 194 195 (2848 -8192 352 ) (2848 -8192 512 ) (2848 -7232 512 ) (2848 -7232 352 ) 
4 195 214 (2848 -8192 512 ) (2528 -8192 512 ) (2528 -8192 352 ) (2848 -8192 352 ) 
4 195 196 (2528 -8192 352 ) (2528 -8192 512 ) (2528 -7232 512 ) (2528 -7232 352 ) 
4 196 215 (2528 -8192 512 ) (2496 -8192 512 ) (2496 -8192 288 ) (2528 -8192 288 ) 
4 196 210 (2528 -8192 288 ) (2496 -8192 288 ) (2496 -7232 288 ) (2528 -7232 288 ) 
4 197 228 (2848 -8192 96 ) (2848 -8192 0 ) (2880 -8192 0 ) (2880 -8192 96 ) 
4 197 216 (2880 -8192 288 ) (2848 -8192 288 ) (2848 -8192 96 ) (2880 -8192 96 ) 
4 197 211 (2848 -7232 32 ) (2848 -7232 0 ) (2848 -8192 0 ) (2848 -8192 32 ) 
4 197 204 (2848 -8096 288 ) (2848 -8032 288 ) (2848 -8032 96 ) (2848 -8096 96 ) 
4 197 205 (2848 -8192 288 ) (2848 -8160 288 ) (2848 -8160 96 ) (2848 -8192 96 ) 
4 197 202 (2848 -7840 288 ) (2848 -7776 288 ) (2848 -7776 96 ) (2848 -7840 96 ) 
4 197 203 (2848 -7968 288 ) (2848 -7904 288 ) (2848 -7904 96 ) (2848 -7968 96 ) 
4 197 201 (2848 -7712 288 ) (2848 -7648 288 ) (2848 -7648 96 ) (2848 -7712 96 ) 
4 197 200 (2848 -7584 288 ) (2848 -7520 288 ) (2848 -7520 96 ) (2848 -7584 96 ) 
4 197 198 (2848 -7296 288 ) (2848 -7232 288 ) (2848 -7232 96 ) (2848 -7296 96 ) 
4 197 199 (2848 -7424 288 ) (2848 -7360 288 ) (2848 -7360 96 ) (2848 -7424 96 ) 
4 198 207 (2816 -7232 96 ) (2816 -7296 96 ) (2816 -7296 288 ) (2816 -7232 288 ) 
4 199 207 (2816 -7360 96 ) (2816 -7424 96 ) (2816 -7424 288 ) (2816 -7360 288 ) 
4 200 209 (2816 -7520 96 ) (2816 -7584 96 ) (2816 -7584 288 ) (2816 -7520 288 ) 
4 201 209 (2816 -7648 96 ) (2816 -7712 96 ) (2816 -7712 288 ) (2816 -7648 288 ) 
4 202 209 (2816 -7776 96 ) (2816 -7840 96 ) (2816 -7840 288 ) (2816 -7776 288 ) 
4 203 209 (2816 -7904 96 ) (2816 -7968 96 ) (2816 -7968 288 ) (2816 -7904 288 ) 
4 204 209 (2816 -8032 96 ) (2816 -8096 96 ) (2816 -8096 288 ) (2816 -8032 288 ) 
4 205 217 (2848 -8192 96 ) (2848 -8192 288 ) (2816 -8192 288 ) (2816 -8192 96 ) 
4 205 209 (2816 -8160 96 ) (2816 -8192 96 ) (2816 -8192 288 ) (2816 -8160 288 ) 
4 206 207 (2624 -7200 96 ) (2752 -7200 96 ) (2752 -7200 224 ) (2624 -7200 224 ) 
4 207 208 (2736 -7456 96 ) (2800 -7456 96 ) (2800 -7456 288 ) (2736 -7456 288 ) 
4 208 209 (2736 -7488 96 ) (2800 -7488 96 ) (2800 -7488 288 ) (2736 -7488 288 ) 
4 209 226 (2816 -8192 288 ) (2560 -8192 288 ) (2560 -8192 96 ) (2816 -8192 96 ) 
4 210 227 (2528 -8192 288 ) (2496 -8192 288 ) (2496 -8192 96 ) (2528 -8192 96 ) 
4 210 212 (2528 -8192 96 ) (2496 -8192 96 ) (2496 -7232 96 ) (2528 -7232 96 ) 
4 211 229 (2848 -8192 0 ) (2848 -8192 32 ) (2528 -8192 32 ) (2528 -8192 0 ) 
4 211 212 (2528 -7232 0 ) (2528 -8192 0 ) (2528 -8192 32 ) (2528 -7232 32 ) 
4 212 230 (2528 -8192 96 ) (2496 -8192 96 ) (2496 -8192 0 ) (2528 -8192 0 ) 
4 213 235 (2880 -9216 512 ) (2848 -9216 512 ) (2848 -9216 288 ) (2880 -9216 288 ) 
4 213 216 (2848 -8192 288 ) (2880 -8192 288 ) (2880 -9216 288 ) (2848 -9216 288 ) 
4 213 214 (2848 -9216 352 ) (2848 -9216 512 ) (2848 -8192 512 ) (2848 -8192 352 ) 
4 214 236 (2848 -9216 512 ) (2528 -9216 512 ) (2528 -9216 352 ) (2848 -9216 352 ) 
4 214 215 (2528 -9216 352 ) (2528 -9216 512 ) (2528 -8192 512 ) (2528 -8192 352 ) 
4 215 237 (2528 -9216 512 ) (2496 -9216 512 ) (2496 -9216 288 ) (2528 -9216 288 ) 
4 215 227 (2496 -8192 288 ) (2528 -8192 288 ) (2528 -9216 288 ) (2496 -9216 288 ) 
4 216 238 (2880 -9216 288 ) (2848 -9216 288 ) (2848 -9216 96 ) (2880 -9216 96 ) 
4 216 228 (2880 -9216 96 ) (2848 -9216 96 ) (2848 -8192 96 ) (2880 -8192 96 ) 
4 216 225 (2848 -9184 96 ) (2848 -9216 96 ) (2848 -9216 288 ) (2848 -9184 288 ) 
4 216 224 (2848 -9056 96 ) (2848 -9120 96 ) (2848 -9120 288 ) (2848 -9056 288 ) 
4 216 223 (2848 -8928 96 ) (2848 -8992 96 ) (2848 -8992 288 ) (2848 -8928 288 ) 
4 216 222 (2848 -8800 96 ) (2848 -8864 96 ) (2848 -8864 288 ) (2848 -8800 288 ) 
4 216 220 (2848 -8544 96 ) (2848 -8608 96 ) (2848 -8608 288 ) (2848 -8544 288 ) 
4 216 221 (2848 -8672 96 ) (2848 -8736 96 ) (2848 -8736 288 ) (2848 -8672 288 ) 
4 216 219 (2848 -8416 96 ) (2848 -8480 96 ) (2848 -8480 288 ) (2848 -8416 288 ) 
4 216 218 (2848 -8288 96 ) (2848 -8352 96 ) (2848 -8352 288 ) (2848 -8288 288 ) 
4 216 217 (2848 -8192 96 ) (2848 -8224 96 ) (2848 -8224 288 ) (2848 -8192 288 ) 
4 217 226 (2816 -8192 96 ) (2816 -8224 96 ) (2816 -8224 288 ) (2816 -8192 288 ) 
4 218 226 (2816 -8288 96 ) (2816 -8352 96 ) (2816 -8352 288 ) (2816 -8288 288 ) 
4 219 226 (2816 -8416 96 ) (2816 -8480 96 ) (2816 -8480 288 ) (2816 -8416 288 ) 
4 220 226 (2816 -8544 96 ) (2816 -8608 96 ) (2816 -8608 288 ) (2816 -8544 288 ) 
4 221 226 (2816 -8672 96 ) (2816 -8736 96 ) (2816 -8736 288 ) (2816 -8672 288 ) 
4 222 226 (2816 -8800 96 ) (2816 -8864 96 ) (2816 -8864 288 ) (2816 -8800 288 ) 
4 223 226 (2816 -8928 96 ) (2816 -8992 96 ) (2816 -8992 288 ) (2816 -8928 288 ) 
4 224 226 (2816 -9056 96 ) (2816 -9120 96 ) (2816 -9120 288 ) (2816 -9056 288 ) 
4 225 239 (2848 -9216 288 ) (2816 -9216 288 ) (2816 -9216 96 ) (2848 -9216 96 ) 
4 225 226 (2816 -9184 96 ) (2816 -9216 96 ) (2816 -9216 288 ) (2816 -9184 288 ) 
4 226 249 (2816 -9216 288 ) (2560 -9216 288 ) (2560 -9216 96 ) (2816 -9216 96 ) 
4 227 250 (2528 -9216 288 ) (2496 -9216 288 ) (2496 -9216 96 ) (2528 -9216 96 ) 
4 227 230 (2528 -9216 96 ) (2496 -9216 96 ) (2496 -8192 96 ) (2528 -8192 96 ) 
4 228 251 (2880 -9216 96 ) (2848 -9216 96 ) (2848 -9216 0 ) (2880 -9216 0 ) 
4 228 229 (2848 -8192 0 ) (2848 -9216 0 ) (2848 -9216 32 ) (2848 -8192 32 ) 
4 229 252 (2528 -9216 32 ) (2528 -9216 0 ) (2848 -9216 0 ) (2848 -9216 32 ) 
4 229 230 (2528 -8192 0 ) (2528 -9216 0 ) (2528 -9216 32 ) (2528 -8192 32 ) 
4 230 253 (2528 -9216 96 ) (2496 -9216 96 ) (2496 -9216 0 ) (2528 -9216 0 ) 
4 231 233 (2048 -6144 96 ) (2048 -6144 512 ) (1024 -6144 512 ) (1024 -6144 96 ) 
4 231 232 (1024 -5120 512 ) (1024 -5120 96 ) (1024 -6144 96 ) (1024 -6144 512 ) 
4 232 234 (1024 -6144 96 ) (1024 -6144 512 ) (0 -6144 512 ) (0 -6144 96 ) 
4 233 234 (1024 -6144 512 ) (1024 -6144 96 ) (1024 -7168 96 ) (1024 -7168 512 ) 
4 235 254 (2880 -10240 512 ) (2848 -10240 512 ) (2848 -10240 288 ) (2880 -10240 288 ) 
4 235 243 (2880 -9696 288 ) (2880 -10240 288 ) (2848 -10240 288 ) (2848 -9696 288 ) 
4 235 238 (2848 -9216 288 ) (2880 -9216 288 ) (2880 -9696 288 ) (2848 -9696 288 ) 
4 235 236 (2848 -10240 352 ) (2848 -10240 512 ) (2848 -9216 512 ) (2848 -9216 352 ) 
4 236 255 (2848 -10240 512 ) (2528 -10240 512 ) (2528 -10240 352 ) (2848 -10240 352 ) 
4 236 237 (2528 -10240 352 ) (2528 -10240 512 ) (2528 -9216 512 ) (2528 -9216 352 ) 
4 237 256 (2528 -10240 512 ) (2496 -10240 512 ) (2496 -10240 288 ) (2528 -10240 288 ) 
4 237 250 (2496 -9216 288 ) (2528 -9216 288 ) (2528 -10240 288 ) (2496 -10240 288 ) 
4 238 251 (2848 -9216 96 ) (2880 -9216 96 ) (2880 -9696 96 ) (2848 -9696 96 ) 
4 238 243 (2848 -9696 96 ) (2880 -9696 96 ) (2880 -9696 288 ) (2848 -9696 288 ) 
4 238 242 (2848 -9568 96 ) (2848 -9632 96 ) (2848 -9632 288 ) (2848 -9568 288 ) 
4 238 241 (2848 -9440 96 ) (2848 -9504 96 ) (2848 -9504 288 ) (2848 -9440 288 ) 
4 238 240 (2848 -9312 96 ) (2848 -9376 96 ) (2848 -9376 288 ) (2848 -9312 288 ) 
4 238 239 (2848 -9216 96 ) (2848 -9248 96 ) (2848 -9248 288 ) (2848 -9216 288 ) 
4 239 249 (2816 -9216 96 ) (2816 -9248 96 ) (2816 -9248 288 ) (2816 -9216 288 ) 
4 240 249 (2816 -9312 96 ) (2816 -9376 96 ) (2816 -9376 288 ) (2816 -9312 288 ) 
4 241 249 (2816 -9440 96 ) (2816 -9504 96 ) (2816 -9504 288 ) (2816 -9440 288 ) 
4 242 249 (2816 -9568 96 ) (2816 -9632 96 ) (2816 -9632 288 ) (2816 -9568 288 ) 
4 243 257 (2880 -10240 288 ) (2848 -10240 288 ) (2848 -10240 96 ) (2880 -10240 96 ) 
4 243 251 (2880 -10240 96 ) (2848 -10240 96 ) (2848 -9696 96 ) (2880 -9696 96 ) 
4 243 248 (2848 -10176 96 ) (2848 -10240 96 ) (2848 -10240 288 ) (2848 -10176 288 ) 
4 243 247 (2848 -10048 96 ) (2848 -10112 96 ) (2848 -10112 288 ) (2848 -10048 288 ) 
4 243 245 (2848 -9792 96 ) (2848 -9856 96 ) (2848 -9856 288 ) (2848 -9792 288 ) 
4 243 246 (2848 -9920 96 ) (2848 -9984 96 ) (2848 -9984 288 ) (2848 -9920 288 ) 
4 243 244 (2848 -9696 288 ) (2848 -9696 96 ) (2848 -9760 96 ) (2848 -9760 288 ) 
4 244 249 (2816 -9696 96 ) (2816 -9760 96 ) (2816 -9760 288 ) (2816 -9696 288 ) 
4 245 249 (2816 -9792 96 ) (2816 -9856 96 ) (2816 -9856 288 ) (2816 -9792 288 ) 
4 246 249 (2816 -9920 96 ) (2816 -9984 96 ) (2816 -9984 288 ) (2816 -9920 288 ) 
4 247 249 (2816 -10048 96 ) (2816 -10112 96 ) (2816 -10112 288 ) (2816 -10048 288 ) 
4 248 249 (2816 -10176 96 ) (2816 -10240 96 ) (2816 -10240 288 ) (2816 -10176 288 ) 
4 249 263 (2816 -10240 288 ) (2560 -10240 288 ) (2560 -10240 96 ) (2816 -10240 96 ) 
4 250 264 (2528 -10240 288 ) (2496 -10240 288 ) (2496 -10240 96 ) (2528 -10240 96 ) 
4 250 253 (2528 -10240 96 ) (2496 -10240 96 ) (2496 -9216 96 ) (2528 -9216 96 ) 
4 251 273 (2880 -10240 96 ) (2848 -10240 96 ) (2848 -10240 0 ) (2880 -10240 0 ) 
4 251 252 (2848 -9216 0 ) (2848 -10240 0 ) (2848 -10240 32 ) (2848 -9216 32 ) 
4 252 274 (2528 -10240 32 ) (2528 -10240 0 ) (2848 -10240 0 ) (2848 -10240 32 ) 
4 252 253 (2528 -9216 0 ) (2528 -10240 0 ) (2528 -10240 32 ) (2528 -9216 32 ) 
4 253 275 (2528 -10240 96 ) (2496 -10240 96 ) (2496 -10240 0 ) (2528 -10240 0 ) 
4 254 276 (2880 -11264 512 ) (2848 -11264 512 ) (2848 -11264 288 ) (2880 -11264 288 ) 
4 254 268 (2880 -11008 288 ) (2880 -11264 288 ) (2848 -11264 288 ) (2848 -11008 288 ) 
4 254 265 (2880 -10752 288 ) (2880 -11008 288 ) (2848 -11008 288 ) (2848 -10752 288 ) 
4 254 260 (2880 -10496 288 ) (2880 -10752 288 ) (2848 -10752 288 ) (2848 -10496 288 ) 
4 254 257 (2848 -10240 288 ) (2880 -10240 288 ) (2880 -10496 288 ) (2848 -10496 288 ) 
4 254 255 (2848 -11264 352 ) (2848 -11264 512 ) (2848 -10240 512 ) (2848 -10240 352 ) 
4 255 277 (2848 -11264 512 ) (2528 -11264 512 ) (2528 -11264 352 ) (2848 -11264 352 ) 
4 255 256 (2528 -11264 352 ) (2528 -11264 512 ) (2528 -10240 512 ) (2528 -10240 352 ) 
4 256 279 (2528 -11264 512 ) (2496 -11264 512 ) (2496 -11264 288 ) (2528 -11264 288 ) 
4 256 272 (2528 -10752 288 ) (2528 -11264 288 ) (2496 -11264 288 ) (2496 -10752 288 ) 
4 256 264 (2496 -10240 288 ) (2528 -10240 288 ) (2528 -10752 288 ) (2496 -10752 288 ) 
4 257 273 (2848 -10240 96 ) (2880 -10240 96 ) (2880 -10496 96 ) (2848 -10496 96 ) 
4 257 260 (2848 -10496 96 ) (2880 -10496 96 ) (2880 -10496 288 ) (2848 -10496 288 ) 
4 257 259 (2848 -10432 96 ) (2848 -10496 96 ) (2848 -10496 288 ) (2848 -10432 288 ) 
4 257 258 (2848 -10304 96 ) (2848 -10368 96 ) (2848 -10368 288 ) (2848 -10304 288 ) 
4 258 263 (2816 -10304 96 ) (2816 -10368 96 ) (2816 -10368 288 ) (2816 -10304 288 ) 
4 259 263 (2816 -10432 96 ) (2816 -10496 96 ) (2816 -10496 288 ) (2816 -10432 288 ) 
4 260 273 (2880 -10752 96 ) (2848 -10752 96 ) (2848 -10496 96 ) (2880 -10496 96 ) 
4 260 265 (2848 -10752 96 ) (2880 -10752 96 ) (2880 -10752 288 ) (2848 -10752 288 ) 
4 260 262 (2848 -10688 96 ) (2848 -10752 96 ) (2848 -10752 288 ) (2848 -10688 288 ) 
4 260 261 (2848 -10560 96 ) (2848 -10624 96 ) (2848 -10624 288 ) (2848 -10560 288 ) 
4 261 263 (2816 -10560 96 ) (2816 -10624 96 ) (2816 -10624 288 ) (2816 -10560 288 ) 
4 262 263 (2816 -10688 96 ) (2816 -10752 96 ) (2816 -10752 288 ) (2816 -10688 288 ) 
4 263 271 (2560 -10752 96 ) (2816 -10752 96 ) (2816 -10752 288 ) (2560 -10752 288 ) 
4 264 275 (2496 -10240 96 ) (2528 -10240 96 ) (2528 -10752 96 ) (2496 -10752 96 ) 
4 264 272 (2496 -10752 96 ) (2528 -10752 96 ) (2528 -10752 288 ) (2496 -10752 288 ) 
4 265 273 (2848 -10752 96 ) (2880 -10752 96 ) (2880 -11008 96 ) (2848 -11008 96 ) 
4 265 268 (2848 -11008 96 ) (2880 -11008 96 ) (2880 -11008 288 ) (2848 -11008 288 ) 
4 265 267 (2848 -10944 96 ) (2848 -11008 96 ) (2848 -11008 288 ) (2848 -10944 288 ) 
4 265 266 (2848 -10816 96 ) (2848 -10880 96 ) (2848 -10880 288 ) (2848 -10816 288 ) 
4 266 271 (2816 -10816 96 ) (2816 -10880 96 ) (2816 -10880 288 ) (2816 -10816 288 ) 
4 267 271 (2816 -10944 96 ) (2816 -11008 96 ) (2816 -11008 288 ) (2816 -10944 288 ) 
4 268 280 (2880 -11264 288 ) (2848 -11264 288 ) (2848 -11264 96 ) (2880 -11264 96 ) 
4 268 273 (2880 -11264 96 ) (2848 -11264 96 ) (2848 -11008 96 ) (2880 -11008 96 ) 
4 268 270 (2848 -11200 96 ) (2848 -11264 96 ) (2848 -11264 288 ) (2848 -11200 288 ) 
4 268 269 (2848 -11072 96 ) (2848 -11136 96 ) (2848 -11136 288 ) (2848 -11072 288 ) 
4 269 271 (2816 -11072 96 ) (2816 -11136 96 ) (2816 -11136 288 ) (2816 -11072 288 ) 
4 270 271 (2816 -11200 96 ) (2816 -11264 96 ) (2816 -11264 288 ) (2816 -11200 288 ) 
4 271 288 (2816 -11264 288 ) (2560 -11264 288 ) (2560 -11264 96 ) (2816 -11264 96 ) 
4 272 291 (2528 -11264 288 ) (2496 -11264 288 ) (2496 -11264 96 ) (2528 -11264 96 ) 
4 272 275 (2528 -11264 96 ) (2496 -11264 96 ) (2496 -10752 96 ) (2528 -10752 96 ) 
4 273 292 (2880 -11264 96 ) (2848 -11264 96 ) (2848 -11264 0 ) (2880 -11264 0 ) 
4 273 274 (2848 -10240 0 ) (2848 -11264 0 ) (2848 -11264 32 ) (2848 -10240 32 ) 
4 274 293 (2528 -11264 32 ) (2528 -11264 0 ) (2848 -11264 0 ) (2848 -11264 32 ) 
4 274 275 (2528 -10240 0 ) (2528 -11264 0 ) (2528 -11264 32 ) (2528 -10240 32 ) 
4 275 295 (2528 -11264 96 ) (2496 -11264 96 ) (2496 -11264 0 ) (2528 -11264 0 ) 
4 276 280 (2848 -11264 288 ) (2880 -11264 288 ) (2880 -12096 288 ) (2848 -12096 288 ) 
4 276 277 (2848 -12064 352 ) (2848 -12064 512 ) (2848 -11264 512 ) (2848 -11264 352 ) 
4 276 278 (2848 -12064 288 ) (2848 -12096 288 ) (2848 -12096 512 ) (2848 -12064 512 ) 
4 277 278 (2528 -12064 512 ) (2528 -12064 352 ) (2848 -12064 352 ) (2848 -12064 512 ) 
4 277 279 (2528 -12064 352 ) (2528 -12064 512 ) (2528 -11264 512 ) (2528 -11264 352 ) 
4 278 290 (2560 -12096 288 ) (2528 -12096 288 ) (2528 -12064 288 ) (2560 -12064 288 ) 
4 278 289 (2816 -12096 288 ) (2560 -12096 288 ) (2560 -12064 288 ) (2816 -12064 288 ) 
4 278 287 (2848 -12064 288 ) (2848 -12096 288 ) (2816 -12096 288 ) (2816 -12064 288 ) 
4 278 279 (2528 -12064 288 ) (2528 -12096 288 ) (2528 -12096 512 ) (2528 -12064 512 ) 
4 279 291 (2496 -11264 288 ) (2528 -11264 288 ) (2528 -12096 288 ) (2496 -12096 288 ) 
4 280 292 (2848 -12096 96 ) (2848 -11264 96 ) (2880 -11264 96 ) (2880 -12096 96 ) 
4 280 287 (2848 -12064 96 ) (2848 -12096 96 ) (2848 -12096 288 ) (2848 -12064 288 ) 
4 280 286 (2848 -11968 96 ) (2848 -12032 96 ) (2848 -12032 288 ) (2848 -11968 288 ) 
4 280 284 (2848 -11712 96 ) (2848 -11776 96 ) (2848 -11776 288 ) (2848 -11712 288 ) 
4 280 285 (2848 -11840 96 ) (2848 -11904 96 ) (2848 -11904 288 ) (2848 -11840 288 ) 
4 280 283 (2848 -11584 96 ) (2848 -11648 96 ) (2848 -11648 288 ) (2848 -11584 288 ) 
4 280 282 (2848 -11456 96 ) (2848 -11520 96 ) (2848 -11520 288 ) (2848 -11456 288 ) 
4 280 281 (2848 -11328 96 ) (2848 -11392 96 ) (2848 -11392 288 ) (2848 -11328 288 ) 
4 281 288 (2816 -11328 96 ) (2816 -11392 96 ) (2816 -11392 288 ) (2816 -11328 288 ) 
4 282 288 (2816 -11456 96 ) (2816 -11520 96 ) (2816 -11520 288 ) (2816 -11456 288 ) 
4 283 288 (2816 -11584 96 ) (2816 -11648 96 ) (2816 -11648 288 ) (2816 -11584 288 ) 
4 284 288 (2816 -11712 96 ) (2816 -11776 96 ) (2816 -11776 288 ) (2816 -11712 288 ) 
4 285 288 (2816 -11840 96 ) (2816 -11904 96 ) (2816 -11904 288 ) (2816 -11840 288 ) 
4 286 288 (2816 -11968 96 ) (2816 -12032 96 ) (2816 -12032 288 ) (2816 -11968 288 ) 
4 287 294 (2816 -12096 96 ) (2816 -12064 96 ) (2848 -12064 96 ) (2848 -12096 96 ) 
4 287 289 (2816 -12064 96 ) (2816 -12096 96 ) (2816 -12096 288 ) (2816 -12064 288 ) 
4 289 294 (2816 -12064 96 ) (2816 -12096 96 ) (2560 -12096 96 ) (2560 -12064 96 ) 
4 289 290 (2560 -12064 96 ) (2560 -12096 96 ) (2560 -12096 288 ) (2560 -12064 288 ) 
4 290 294 (2560 -12064 96 ) (2560 -12096 96 ) (2528 -12096 96 ) (2528 -12064 96 ) 
4 290 291 (2528 -12064 96 ) (2528 -12096 96 ) (2528 -12096 288 ) (2528 -12064 288 ) 
4 291 295 (2496 -11264 96 ) (2528 -11264 96 ) (2528 -12096 96 ) (2496 -12096 96 ) 
4 292 293 (2848 -11264 0 ) (2848 -12064 0 ) (2848 -12064 32 ) (2848 -11264 32 ) 
4 292 294 (2848 -12064 0 ) (2848 -12096 0 ) (2848 -12096 96 ) (2848 -12064 96 ) 
4 293 295 (2528 -11264 0 ) (2528 -12064 0 ) (2528 -12064 32 ) (2528 -11264 32 ) 
4 293 294 (2528 -12064 32 ) (2528 -12064 0 ) (2848 -12064 0 ) (2848 -12064 32 ) 
4 294 295 (2528 -12064 0 ) (2528 -12096 0 ) (2528 -12096 96 ) (2528 -12064 96 ) 
