PRT1
115
304
4 0 5 (176 24 96 ) (176 88 96 ) (240 88 96 ) (240 24 96 ) 
4 1 36 (40 408 96 ) (40 472 96 ) (104 472 96 ) (104 408 96 ) 
4 2 36 (40 280 96 ) (40 344 96 ) (104 344 96 ) (104 280 96 ) 
4 3 36 (40 152 96 ) (40 216 96 ) (104 216 96 ) (104 152 96 ) 
4 4 36 (40 24 96 ) (40 88 96 ) (104 88 96 ) (104 24 96 ) 
4 5 82 (270 0 96 ) (269 0 96 ) (269 0 -32 ) (270 0 -32 ) 
4 5 84 (269 0 96 ) (144 0 96 ) (144 0 -32 ) (269 0 -32 ) 
4 5 80 (272 0 96 ) (270 0 96 ) (270 0 -32 ) (272 0 -32 ) 
4 5 32 (144 74 -32 ) (144 12 -32 ) (144 12 48 ) (144 74 48 ) 
4 5 17 (144 12 64 ) (144 74 64 ) (144 74 48 ) (144 12 48 ) 
4 5 8 (144 74 84 ) (144 74 64 ) (144 12 64 ) (144 12 84 ) 
4 6 36 (136 468 80 ) (136 468 64 ) (136 412 64 ) (136 412 80 ) 
4 6 15 (136 412 64 ) (136 428 64 ) (139.880005 428 64 ) (139.880005 412 64 ) 
4 6 13 (139.880005 436 64 ) (139.880005 428 64 ) (138.880005 428 64 ) (138.880005 436 64 ) 
4 6 12 (139.880005 444 64 ) (139.880005 436 64 ) (138.880005 436 64 ) (138.880005 444 64 ) 
4 6 11 (138.880005 452 64 ) (139.880005 452 64 ) (139.880005 444 64 ) (138.880005 444 64 ) 
4 6 14 (136 428 64 ) (136 452 64 ) (138.880005 452 64 ) (138.880005 428 64 ) 
4 6 10 (136 452 64 ) (136 468 64 ) (139.880005 468 64 ) (139.880005 452 64 ) 
4 6 9 (139.880005 468 64 ) (144 468 64 ) (144 412 64 ) (139.880005 412 64 ) 
4 7 36 (136 224 84 ) (136 224 64 ) (136 168 64 ) (136 168 84 ) 
4 7 23 (136 168 64 ) (136 184 64 ) (139.899017 184 64 ) (139.899017 168 64 ) 
4 7 20 (139.899017 200 64 ) (139.899017 192 64 ) (138.899017 192 64 ) (138.899017 200 64 ) 
4 7 19 (138.899017 208 64 ) (139.899017 208 64 ) (139.899017 200 64 ) (138.899017 200 64 ) 
4 7 21 (139.899017 192 64 ) (139.899017 184 64 ) (138.899017 184 64 ) (138.899017 192 64 ) 
4 7 22 (136 184 64 ) (136 208 64 ) (138.899017 208 64 ) (138.899017 184 64 ) 
4 7 18 (136 208 64 ) (136 224 64 ) (139.899017 224 64 ) (139.899017 208 64 ) 
4 7 16 (139.899017 224 64 ) (144 224 64 ) (144 168 64 ) (139.899017 168 64 ) 
4 8 36 (136 74 84 ) (136 74 64 ) (136 12 64 ) (136 12 84 ) 
4 8 29 (136 12 64 ) (136 31 64 ) (139.899017 31 64 ) (139.899017 12 64 ) 
4 8 26 (139.899017 47 64 ) (139.899017 39 64 ) (138.899017 39 64 ) (138.899017 47 64 ) 
4 8 25 (138.899017 55 64 ) (139.899017 55 64 ) (139.899017 47 64 ) (138.899017 47 64 ) 
4 8 27 (139.899017 39 64 ) (139.899017 31 64 ) (138.899017 31 64 ) (138.899017 39 64 ) 
4 8 28 (136 31 64 ) (136 55 64 ) (138.899017 55 64 ) (138.899017 31 64 ) 
4 8 24 (136 55 64 ) (136 74 64 ) (139.899017 74 64 ) (139.899017 55 64 ) 
4 8 17 (139.899017 74 64 ) (144 74 64 ) (144 12 64 ) (139.899017 12 64 ) 
4 9 30 (144 468 48 ) (144 412 48 ) (139.880005 412 48 ) (139.880005 468 48 ) 
4 9 15 (139.880005 428 48 ) (139.880005 412 48 ) (139.880005 412 64 ) (139.880005 428 64 ) 
4 9 13 (139.880005 436 48 ) (139.880005 428 48 ) (139.880005 428 64 ) (139.880005 436 64 ) 
4 9 12 (139.880005 444 48 ) (139.880005 436 48 ) (139.880005 436 64 ) (139.880005 444 64 ) 
4 9 11 (139.880005 452 48 ) (139.880005 444 48 ) (139.880005 444 64 ) (139.880005 452 64 ) 
4 9 10 (139.880005 468 48 ) (139.880005 452 48 ) (139.880005 452 64 ) (139.880005 468 64 ) 
4 10 36 (136 452 64 ) (136 468 64 ) (136 468 48 ) (136 452 48 ) 
4 10 30 (136 452 48 ) (136 468 48 ) (139.880005 468 48 ) (139.880005 452 48 ) 
4 10 11 (138.880005 452 48 ) (139.880005 452 48 ) (139.880005 452 64 ) (138.880005 452 64 ) 
4 10 14 (136 452 48 ) (138.880005 452 48 ) (138.880005 452 64 ) (136 452 64 ) 
4 11 30 (138.880005 452 48 ) (139.880005 452 48 ) (139.880005 444 48 ) (138.880005 444 48 ) 
4 11 12 (138.880005 444 64 ) (138.880005 444 48 ) (139.880005 444 48 ) (139.880005 444 64 ) 
4 11 14 (138.880005 452 64 ) (138.880005 452 48 ) (138.880005 444 48 ) (138.880005 444 64 ) 
4 12 30 (139.880005 444 48 ) (139.880005 436 48 ) (138.880005 436 48 ) (138.880005 444 48 ) 
4 12 14 (138.880005 444 48 ) (138.880005 436 48 ) (138.880005 436 64 ) (138.880005 444 64 ) 
4 12 13 (138.880005 436 64 ) (138.880005 436 48 ) (139.880005 436 48 ) (139.880005 436 64 ) 
4 13 30 (139.880005 436 48 ) (139.880005 428 48 ) (138.880005 428 48 ) (138.880005 436 48 ) 
4 13 15 (138.880005 428 48 ) (139.880005 428 48 ) (139.880005 428 64 ) (138.880005 428 64 ) 
4 13 14 (138.880005 436 48 ) (138.880005 428 48 ) (138.880005 428 64 ) (138.880005 436 64 ) 
4 14 36 (136 428 64 ) (136 452 64 ) (136 452 48 ) (136 428 48 ) 
4 14 30 (136 428 48 ) (136 452 48 ) (138.880005 452 48 ) (138.880005 428 48 ) 
4 14 15 (136 428 48 ) (138.880005 428 48 ) (138.880005 428 64 ) (136 428 64 ) 
4 15 36 (136 412 64 ) (136 428 64 ) (136 428 48 ) (136 412 48 ) 
4 15 30 (136 412 48 ) (136 428 48 ) (139.880005 428 48 ) (139.880005 412 48 ) 
4 16 31 (139.899017 224 48 ) (144 224 48 ) (144 168 48 ) (139.899017 168 48 ) 
4 16 23 (139.899017 184 48 ) (139.899017 168 48 ) (139.899017 168 64 ) (139.899017 184 64 ) 
4 16 20 (139.899017 200 48 ) (139.899017 192 48 ) (139.899017 192 64 ) (139.899017 200 64 ) 
4 16 19 (139.899017 208 48 ) (139.899017 200 48 ) (139.899017 200 64 ) (139.899017 208 64 ) 
4 16 21 (139.899017 192 48 ) (139.899017 184 48 ) (139.899017 184 64 ) (139.899017 192 64 ) 
4 16 18 (139.899017 224 64 ) (139.899017 224 48 ) (139.899017 208 48 ) (139.899017 208 64 ) 
4 17 32 (144 74 48 ) (144 12 48 ) (139.899017 12 48 ) (139.899017 74 48 ) 
4 17 29 (139.899017 31 48 ) (139.899017 12 48 ) (139.899017 12 64 ) (139.899017 31 64 ) 
4 17 26 (139.899017 47 48 ) (139.899017 39 48 ) (139.899017 39 64 ) (139.899017 47 64 ) 
4 17 25 (139.899017 55 48 ) (139.899017 47 48 ) (139.899017 47 64 ) (139.899017 55 64 ) 
4 17 27 (139.899017 39 48 ) (139.899017 31 48 ) (139.899017 31 64 ) (139.899017 39 64 ) 
4 17 24 (139.899017 74 48 ) (139.899017 55 48 ) (139.899017 55 64 ) (139.899017 74 64 ) 
4 18 36 (136 208 64 ) (136 224 64 ) (136 224 48 ) (136 208 48 ) 
4 18 31 (136 208 48 ) (136 224 48 ) (139.899017 224 48 ) (139.899017 208 48 ) 
4 18 19 (138.899017 208 48 ) (139.899017 208 48 ) (139.899017 208 64 ) (138.899017 208 64 ) 
4 18 22 (136 208 48 ) (138.899017 208 48 ) (138.899017 208 64 ) (136 208 64 ) 
4 19 31 (138.899017 208 48 ) (139.899017 208 48 ) (139.899017 200 48 ) (138.899017 200 48 ) 
4 19 22 (138.899017 208 64 ) (138.899017 208 48 ) (138.899017 200 48 ) (138.899017 200 64 ) 
4 19 20 (138.899017 200 64 ) (138.899017 200 48 ) (139.899017 200 48 ) (139.899017 200 64 ) 
4 20 31 (139.899017 200 48 ) (139.899017 192 48 ) (138.899017 192 48 ) (138.899017 200 48 ) 
4 20 21 (138.899017 192 64 ) (138.899017 192 48 ) (139.899017 192 48 ) (139.899017 192 64 ) 
4 20 22 (138.899017 200 48 ) (138.899017 192 48 ) (138.899017 192 64 ) (138.899017 200 64 ) 
4 21 31 (139.899017 192 48 ) (139.899017 184 48 ) (138.899017 184 48 ) (138.899017 192 48 ) 
4 21 23 (138.899017 184 48 ) (139.899017 184 48 ) (139.899017 184 64 ) (138.899017 184 64 ) 
4 21 22 (138.899017 192 48 ) (138.899017 184 48 ) (138.899017 184 64 ) (138.899017 192 64 ) 
4 22 36 (136 184 64 ) (136 208 64 ) (136 208 48 ) (136 184 48 ) 
4 22 31 (136 184 48 ) (136 208 48 ) (138.899017 208 48 ) (138.899017 184 48 ) 
4 22 23 (136 184 48 ) (138.899017 184 48 ) (138.899017 184 64 ) (136 184 64 ) 
4 23 36 (136 168 64 ) (136 184 64 ) (136 184 48 ) (136 168 48 ) 
4 23 31 (136 168 48 ) (136 184 48 ) (139.899017 184 48 ) (139.899017 168 48 ) 
4 24 36 (136 55 64 ) (136 74 64 ) (136 74 48 ) (136 55 48 ) 
4 24 32 (136 55 48 ) (136 74 48 ) (139.899017 74 48 ) (139.899017 55 48 ) 
4 24 25 (138.899017 55 48 ) (139.899017 55 48 ) (139.899017 55 64 ) (138.899017 55 64 ) 
4 24 28 (136 55 48 ) (138.899017 55 48 ) (138.899017 55 64 ) (136 55 64 ) 
4 25 32 (138.899017 55 48 ) (139.899017 55 48 ) (139.899017 47 48 ) (138.899017 47 48 ) 
4 25 28 (138.899017 55 64 ) (138.899017 55 48 ) (138.899017 47 48 ) (138.899017 47 64 ) 
4 25 26 (138.899017 47 64 ) (138.899017 47 48 ) (139.899017 47 48 ) (139.899017 47 64 ) 
4 26 32 (139.899017 47 48 ) (139.899017 39 48 ) (138.899017 39 48 ) (138.899017 47 48 ) 
4 26 27 (138.899017 39 64 ) (138.899017 39 48 ) (139.899017 39 48 ) (139.899017 39 64 ) 
4 26 28 (138.899017 47 48 ) (138.899017 39 48 ) (138.899017 39 64 ) (138.899017 47 64 ) 
4 27 32 (139.899017 39 48 ) (139.899017 31 48 ) (138.899017 31 48 ) (138.899017 39 48 ) 
4 27 29 (138.899017 31 48 ) (139.899017 31 48 ) (139.899017 31 64 ) (138.899017 31 64 ) 
4 27 28 (138.899017 39 48 ) (138.899017 31 48 ) (138.899017 31 64 ) (138.899017 39 64 ) 
4 28 36 (136 31 64 ) (136 55 64 ) (136 55 48 ) (136 31 48 ) 
4 28 32 (136 31 48 ) (136 55 48 ) (138.899017 55 48 ) (138.899017 31 48 ) 
4 28 29 (136 31 48 ) (138.899017 31 48 ) (138.899017 31 64 ) (136 31 64 ) 
4 29 36 (136 12 64 ) (136 31 64 ) (136 31 48 ) (136 12 48 ) 
4 29 32 (136 12 48 ) (136 31 48 ) (139.899017 31 48 ) (139.899017 12 48 ) 
4 30 36 (136 468 -32 ) (136 412 -32 ) (136 412 48 ) (136 468 48 ) 
4 31 36 (136 224 -32 ) (136 168 -32 ) (136 168 48 ) (136 224 48 ) 
4 32 36 (136 74 -32 ) (136 12 -32 ) (136 12 48 ) (136 74 48 ) 
4 33 34 (40 504 -32 ) (104 504 -32 ) (104 504 84 ) (40 504 84 ) 
4 34 37 (4 502 -32 ) (8 502 -32 ) (8 502 96 ) (4 502 96 ) 
4 34 36 (8 502 -32 ) (136 502 -32 ) (136 502 96 ) (8 502 96 ) 
4 34 35 (4 504 96 ) (4 504 15 ) (4 502 15 ) (4 502 96 ) 
4 35 44 (0 502 96 ) (0 504 96 ) (0 504 15 ) (0 502 15 ) 
4 35 37 (4 502 15 ) (4 502 96 ) (0 502 96 ) (0 502 15 ) 
4 36 92 (136 0 96 ) (8 0 96 ) (8 0 -32 ) (136 0 -32 ) 
4 36 37 (8 502 96 ) (8 502 -32 ) (8 120 -32 ) (8 120 96 ) 
4 37 66 (0 120 96 ) (0 121 96 ) (0 121 -32 ) (0 120 -32 ) 
4 37 63 (0 121 96 ) (0 123 96 ) (0 123 -32 ) (0 121 -32 ) 
4 37 46 (0 123 96 ) (0 502 96 ) (0 502 -32 ) (0 123 -32 ) 
4 38 53 (-59 408 96 ) (-88 408 96 ) (-88 472 96 ) (-59 472 96 ) 
4 38 51 (-59 411 96 ) (-59 472 96 ) (-57 472 96 ) (-57 411 96 ) 
4 38 52 (-57 408 96 ) (-59 408 96 ) (-59 411 96 ) (-57 411 96 ) 
4 38 50 (-24 472 96 ) (-24 408 96 ) (-57 408 96 ) (-57 472 96 ) 
4 39 53 (-59 280 96 ) (-88 280 96 ) (-88 344 96 ) (-59 344 96 ) 
4 39 52 (-57 280 96 ) (-59 280 96 ) (-59 344 96 ) (-57 344 96 ) 
4 39 50 (-24 344 96 ) (-24 280 96 ) (-57 280 96 ) (-57 344 96 ) 
4 40 53 (-59 152 96 ) (-88 152 96 ) (-88 216 96 ) (-59 216 96 ) 
4 40 52 (-57 152 96 ) (-59 152 96 ) (-59 216 96 ) (-57 216 96 ) 
4 40 50 (-24 216 96 ) (-24 152 96 ) (-57 152 96 ) (-57 216 96 ) 
4 41 57 (-155 408 96 ) (-216 408 96 ) (-216 472 96 ) (-155 472 96 ) 
4 41 56 (-153 408 96 ) (-155 408 96 ) (-155 472 96 ) (-153 472 96 ) 
4 41 54 (-152 472 96 ) (-152 408 96 ) (-153 408 96 ) (-153 472 96 ) 
4 42 58 (-216 343 96 ) (-216 344 96 ) (-155 344 96 ) (-155 343 96 ) 
4 42 59 (-155 280 96 ) (-216 280 96 ) (-216 343 96 ) (-155 343 96 ) 
4 42 56 (-153 280 96 ) (-155 280 96 ) (-155 344 96 ) (-153 344 96 ) 
4 42 54 (-152 344 96 ) (-152 280 96 ) (-153 280 96 ) (-153 344 96 ) 
4 43 59 (-155 152 96 ) (-216 152 96 ) (-216 216 96 ) (-155 216 96 ) 
4 43 56 (-153 152 96 ) (-155 152 96 ) (-155 216 96 ) (-153 216 96 ) 
4 43 55 (-152 214 96 ) (-152 152 96 ) (-153 152 96 ) (-153 214 96 ) 
4 43 54 (-152 216 96 ) (-152 214 96 ) (-153 214 96 ) (-153 216 96 ) 
4 44 53 (-59 502 96 ) (-120 502 96 ) (-120 502 15 ) (-59 502 15 ) 
4 44 51 (-57 502 96 ) (-59 502 96 ) (-59 502 23 ) (-57 502 23 ) 
4 44 50 (-22 502 96 ) (-57 502 96 ) (-57 502 15 ) (-22 502 15 ) 
4 44 47 (-20 502 96 ) (-22 502 96 ) (-22 502 15 ) (-20 502 15 ) 
4 44 46 (0 502 15 ) (0 502 96 ) (-20 502 96 ) (-20 502 15 ) 
4 44 45 (-120 504 96 ) (-120 504 15 ) (-120 502 15 ) (-120 502 96 ) 
4 45 60 (-248 502 96 ) (-248 502 -32 ) (-246 502 -32 ) (-246 502 96 ) 
4 45 57 (-246 502 -32 ) (-155 502 -32 ) (-155 502 96 ) (-246 502 96 ) 
4 45 56 (-155 502 -32 ) (-153 502 -32 ) (-153 502 96 ) (-155 502 96 ) 
4 45 54 (-153 502 -32 ) (-151 502 -32 ) (-151 502 96 ) (-153 502 96 ) 
4 45 53 (-151 502 -32 ) (-120 502 -32 ) (-120 502 96 ) (-151 502 96 ) 
4 46 63 (-20 123 -32 ) (0 123 -32 ) (0 123 96 ) (-20 123 96 ) 
4 46 48 (-20 245 31 ) (-20 245 96 ) (-20 308 96 ) (-20 308 31 ) 
4 46 47 (-20 502 96 ) (-20 502 -32 ) (-20 308 -32 ) (-20 308 96 ) 
4 46 49 (-20 245 -32 ) (-20 123 -32 ) (-20 123 96 ) (-20 245 96 ) 
4 47 50 (-22 502 96 ) (-22 502 -32 ) (-22 308 -32 ) (-22 308 96 ) 
4 47 48 (-22 308 96 ) (-22 308 31 ) (-20 308 31 ) (-20 308 96 ) 
4 48 50 (-22 245 31 ) (-22 245 96 ) (-22 308 96 ) (-22 308 31 ) 
4 48 49 (-22 245 96 ) (-22 245 31 ) (-20 245 31 ) (-20 245 96 ) 
4 49 63 (-22 123 -32 ) (-20 123 -32 ) (-20 123 96 ) (-22 123 96 ) 
4 49 50 (-22 245 -32 ) (-22 123 -32 ) (-22 123 96 ) (-22 245 96 ) 
4 50 63 (-57 123 -32 ) (-22 123 -32 ) (-22 123 96 ) (-57 123 96 ) 
4 50 51 (-57 502 96 ) (-57 502 23 ) (-57 411 23 ) (-57 411 96 ) 
4 50 52 (-57 411 -32 ) (-57 123 -32 ) (-57 123 96 ) (-57 411 96 ) 
4 51 53 (-59 502 96 ) (-59 502 23 ) (-59 411 23 ) (-59 411 96 ) 
4 51 52 (-59 411 96 ) (-59 411 23 ) (-57 411 23 ) (-57 411 96 ) 
4 52 63 (-59 123 -32 ) (-57 123 -32 ) (-57 123 96 ) (-59 123 96 ) 
4 52 53 (-59 411 -32 ) (-59 123 -32 ) (-59 123 96 ) (-59 411 96 ) 
4 53 64 (-90 123 15 ) (-90 123 96 ) (-151 123 96 ) (-151 123 15 ) 
4 53 63 (-90 123 -32 ) (-59 123 -32 ) (-59 123 96 ) (-90 123 96 ) 
4 53 55 (-151 123 23 ) (-151 123 96 ) (-151 214 96 ) (-151 214 23 ) 
4 53 54 (-151 502 96 ) (-151 502 -32 ) (-151 214 -32 ) (-151 214 96 ) 
4 54 56 (-153 502 96 ) (-153 502 -32 ) (-153 214 -32 ) (-153 214 96 ) 
4 54 55 (-153 214 96 ) (-153 214 23 ) (-151 214 23 ) (-151 214 96 ) 
4 55 64 (-151 123 23 ) (-151 123 96 ) (-153 123 96 ) (-153 123 23 ) 
4 55 56 (-153 123 23 ) (-153 123 96 ) (-153 214 96 ) (-153 214 23 ) 
4 56 64 (-153 123 15 ) (-153 123 96 ) (-155 123 96 ) (-155 123 15 ) 
4 56 58 (-155 343 23 ) (-155 343 96 ) (-155 345 96 ) (-155 345 23 ) 
4 56 57 (-155 502 96 ) (-155 502 -32 ) (-155 345 -32 ) (-155 345 96 ) 
4 56 59 (-155 343 -32 ) (-155 123 -32 ) (-155 123 96 ) (-155 343 96 ) 
4 57 61 (-246 345 15 ) (-246 345 96 ) (-246 406 96 ) (-246 406 15 ) 
4 57 60 (-246 502 96 ) (-246 502 -32 ) (-246 406 -32 ) (-246 406 96 ) 
4 57 58 (-246 345 96 ) (-246 345 23 ) (-155 345 23 ) (-155 345 96 ) 
4 58 61 (-246 343 23 ) (-246 343 96 ) (-246 345 96 ) (-246 345 23 ) 
4 58 59 (-246 343 96 ) (-246 343 23 ) (-155 343 23 ) (-155 343 96 ) 
4 59 64 (-155 123 15 ) (-155 123 96 ) (-214 123 96 ) (-214 123 15 ) 
4 59 65 (-246 123 -32 ) (-214 123 -32 ) (-214 123 96 ) (-246 123 96 ) 
4 59 61 (-246 282 15 ) (-246 282 96 ) (-246 343 96 ) (-246 343 15 ) 
4 59 62 (-246 282 -32 ) (-246 123 -32 ) (-246 123 96 ) (-246 282 96 ) 
4 60 61 (-248 406 96 ) (-248 406 15 ) (-246 406 15 ) (-246 406 96 ) 
4 61 67 (-248 282 15 ) (-248 282 76 ) (-248 336 76 ) (-248 336 15 ) 
4 61 62 (-248 282 96 ) (-248 282 15 ) (-246 282 15 ) (-246 282 96 ) 
4 62 70 (-248 136 4 ) (-248 136 76 ) (-248 232 76 ) (-248 232 4 ) 
4 62 67 (-248 240 4 ) (-248 240 76 ) (-248 282 76 ) (-248 282 4 ) 
4 62 65 (-248 123 96 ) (-248 123 -32 ) (-246 123 -32 ) (-246 123 96 ) 
4 63 66 (-90 121 -32 ) (0 121 -32 ) (0 121 96 ) (-90 121 96 ) 
4 63 64 (-90 123 96 ) (-90 123 15 ) (-90 121 15 ) (-90 121 96 ) 
4 64 66 (-90 121 15 ) (-90 121 96 ) (-214 121 96 ) (-214 121 15 ) 
4 64 65 (-214 123 96 ) (-214 123 15 ) (-214 121 15 ) (-214 121 96 ) 
4 65 66 (-248 121 96 ) (-248 121 -32 ) (-214 121 -32 ) (-214 121 96 ) 
4 67 68 (-250 336 4 ) (-250 240 4 ) (-250 240 76 ) (-250 336 76 ) 
4 68 69 (-251 336 4 ) (-251 240 4 ) (-251 240 76 ) (-251 336 76 ) 
4 69 73 (-264 240 4 ) (-264 240 76 ) (-264 336 76 ) (-264 336 4 ) 
4 70 71 (-250 232 4 ) (-250 136 4 ) (-250 136 76 ) (-250 232 76 ) 
4 71 72 (-251 232 4 ) (-251 136 4 ) (-251 136 76 ) (-251 232 76 ) 
4 72 73 (-264 136 4 ) (-264 136 76 ) (-264 232 76 ) (-264 232 4 ) 
4 74 78 (88 -176 104 ) (152 -176 104 ) (152 -240 104 ) (88 -240 104 ) 
4 75 113 (0 -176 104 ) (0 -240 104 ) (0 -240 112 ) (0 -176 112 ) 
4 75 79 (0 -240 104 ) (0 -176 104 ) (56 -176 104 ) (56 -240 104 ) 
4 76 84 (240 -40 96 ) (240 -104 96 ) (176 -104 96 ) (176 -40 96 ) 
4 77 92 (104 -40 96 ) (104 -104 96 ) (40 -104 96 ) (40 -40 96 ) 
4 78 103 (88 -176 96 ) (152 -176 96 ) (152 -240 96 ) (88 -240 96 ) 
4 79 113 (0 -176 96 ) (0 -240 96 ) (0 -240 104 ) (0 -176 104 ) 
4 79 110 (19 -176 96 ) (21 -176 96 ) (21 -240 96 ) (19 -240 96 ) 
4 79 109 (21 -176 96 ) (41.700203 -176 96 ) (41.700203 -240 96 ) (21 -240 96 ) 
4 79 112 (0 -240 96 ) (0 -176 96 ) (19 -176 96 ) (19 -240 96 ) 
4 79 105 (45.700203 -211.080002 96 ) (45.700203 -240 96 ) (41.700203 -240 96 ) (41.700203 -211.080002 96 ) 
4 79 104 (41.700203 -176 96 ) (45.700203 -176 96 ) (45.700203 -211.080002 96 ) (41.700203 -211.080002 96 ) 
4 79 103 (45.700203 -176 96 ) (56 -176 96 ) (56 -240 96 ) (45.700203 -240 96 ) 
4 80 82 (270 0 -32 ) (270 -35 -32 ) (270 -35 96 ) (270 0 96 ) 
4 80 81 (270 -35 96 ) (270 -35 17 ) (272 -35 17 ) (272 -35 96 ) 
4 81 87 (270 -136 17 ) (270 -136 24 ) (270 -134 24 ) (270 -134 17 ) 
4 81 85 (270 -136 24 ) (270 -136 96 ) (270 -134 96 ) (270 -134 24 ) 
4 81 83 (270 -134 96 ) (270 -133 96 ) (270 -133 17 ) (270 -134 17 ) 
4 81 82 (270 -133 96 ) (270 -35 96 ) (270 -35 17 ) (270 -133 17 ) 
4 82 83 (269 -133 96 ) (269 -133 0 ) (270 -133 0 ) (270 -133 96 ) 
4 82 84 (269 0 -32 ) (269 -133 -32 ) (269 -133 96 ) (269 0 96 ) 
4 83 87 (270 -134 17 ) (270 -134 24 ) (269 -134 24 ) (269 -134 17 ) 
4 83 85 (270 -134 24 ) (270 -134 96 ) (269 -134 96 ) (269 -134 24 ) 
4 83 84 (269 -134 0 ) (269 -134 96 ) (269 -133 96 ) (269 -133 0 ) 
4 84 89 (144 -104 4 ) (144 -104 76 ) (144 -8 76 ) (144 -8 4 ) 
4 84 87 (269 -134 17 ) (269 -134 24 ) (206 -134 24 ) (206 -134 17 ) 
4 84 88 (144 -134 24 ) (144 -134 -32 ) (146 -134 -32 ) (146 -134 24 ) 
4 84 86 (144 -134 96 ) (144 -134 25 ) (206 -134 25 ) (206 -134 96 ) 
4 84 85 (206 -134 24 ) (269 -134 24 ) (269 -134 96 ) (206 -134 96 ) 
4 85 87 (206 -134 24 ) (270 -134 24 ) (270 -136 24 ) (206 -136 24 ) 
4 85 86 (206 -134 96 ) (206 -134 25 ) (206 -136 25 ) (206 -136 96 ) 
4 89 90 (138 -8 4 ) (138 -104 4 ) (138 -104 76 ) (138 -8 76 ) 
4 90 91 (137 -8 4 ) (137 -104 4 ) (137 -104 76 ) (137 -8 76 ) 
4 91 92 (136 -104 4 ) (136 -104 76 ) (136 -8 76 ) (136 -8 4 ) 
4 92 102 (40 -136 -32 ) (104 -136 -32 ) (104 -136 84 ) (40 -136 84 ) 
4 92 100 (8 -20 -32 ) (8 -84 -32 ) (8 -84 48 ) (8 -20 48 ) 
4 92 95 (8 -64 64 ) (8 -40 64 ) (8 -40 48 ) (8 -64 48 ) 
4 92 99 (8 -84 48 ) (8 -84 64 ) (8 -64 64 ) (8 -64 48 ) 
4 92 94 (8 -40 64 ) (8 -20 64 ) (8 -20 48 ) (8 -40 48 ) 
4 92 93 (8 -84 64 ) (8 -84 84 ) (8 -20 84 ) (8 -20 64 ) 
4 93 101 (4.089840 -84 64 ) (0 -84 64 ) (0 -20 64 ) (4.089840 -20 64 ) 
4 93 97 (4.089840 -56 64 ) (4.089840 -48 64 ) (5.089840 -48 64 ) (5.089840 -56 64 ) 
4 93 96 (4.089840 -48 64 ) (4.089840 -40 64 ) (5.089840 -40 64 ) (5.089840 -48 64 ) 
4 93 98 (4.089840 -64 64 ) (4.089840 -56 64 ) (5.089840 -56 64 ) (5.089840 -64 64 ) 
4 93 95 (5.089840 -40 64 ) (8 -40 64 ) (8 -64 64 ) (5.089840 -64 64 ) 
4 93 99 (8 -84 64 ) (4.089840 -84 64 ) (4.089840 -64 64 ) (8 -64 64 ) 
4 93 94 (4.089840 -40 64 ) (4.089840 -20 64 ) (8 -20 64 ) (8 -40 64 ) 
4 94 101 (4.089840 -40 64 ) (4.089840 -20 64 ) (4.089840 -20 48 ) (4.089840 -40 48 ) 
4 94 100 (4.089840 -40 48 ) (4.089840 -20 48 ) (8 -20 48 ) (8 -40 48 ) 
4 94 96 (4.089840 -40 64 ) (4.089840 -40 48 ) (5.089840 -40 48 ) (5.089840 -40 64 ) 
4 94 95 (5.089840 -40 48 ) (8 -40 48 ) (8 -40 64 ) (5.089840 -40 64 ) 
4 95 100 (5.089840 -40 48 ) (8 -40 48 ) (8 -64 48 ) (5.089840 -64 48 ) 
4 95 97 (5.089840 -48 48 ) (5.089840 -56 48 ) (5.089840 -56 64 ) (5.089840 -48 64 ) 
4 95 96 (5.089840 -40 64 ) (5.089840 -40 48 ) (5.089840 -48 48 ) (5.089840 -48 64 ) 
4 95 98 (5.089840 -56 48 ) (5.089840 -64 48 ) (5.089840 -64 64 ) (5.089840 -56 64 ) 
4 95 99 (5.089840 -64 48 ) (8 -64 48 ) (8 -64 64 ) (5.089840 -64 64 ) 
4 96 101 (4.089840 -48 64 ) (4.089840 -40 64 ) (4.089840 -40 48 ) (4.089840 -48 48 ) 
4 96 100 (4.089840 -48 48 ) (4.089840 -40 48 ) (5.089840 -40 48 ) (5.089840 -48 48 ) 
4 96 97 (4.089840 -48 64 ) (4.089840 -48 48 ) (5.089840 -48 48 ) (5.089840 -48 64 ) 
4 97 101 (4.089840 -56 64 ) (4.089840 -48 64 ) (4.089840 -48 48 ) (4.089840 -56 48 ) 
4 97 100 (4.089840 -56 48 ) (4.089840 -48 48 ) (5.089840 -48 48 ) (5.089840 -56 48 ) 
4 97 98 (4.089840 -56 64 ) (4.089840 -56 48 ) (5.089840 -56 48 ) (5.089840 -56 64 ) 
4 98 101 (4.089840 -64 64 ) (4.089840 -56 64 ) (4.089840 -56 48 ) (4.089840 -64 48 ) 
4 98 100 (4.089840 -64 48 ) (4.089840 -56 48 ) (5.089840 -56 48 ) (5.089840 -64 48 ) 
4 98 99 (4.089840 -64 64 ) (4.089840 -64 48 ) (5.089840 -64 48 ) (5.089840 -64 64 ) 
4 99 101 (4.089840 -84 48 ) (4.089840 -84 64 ) (4.089840 -64 64 ) (4.089840 -64 48 ) 
4 99 100 (8 -84 48 ) (4.089840 -84 48 ) (4.089840 -64 48 ) (8 -64 48 ) 
4 100 101 (4.089840 -20 -32 ) (4.089840 -84 -32 ) (4.089840 -84 48 ) (4.089840 -20 48 ) 
4 102 109 (40 -144 -32 ) (41.700203 -144 -32 ) (41.700203 -144 84 ) (40 -144 84 ) 
4 102 104 (41.700203 -144 -32 ) (45.700203 -144 -32 ) (45.700203 -144 84 ) (41.700203 -144 84 ) 
4 102 103 (45.700203 -144 -32 ) (104 -144 -32 ) (104 -144 84 ) (45.700203 -144 84 ) 
4 103 107 (45.700203 -214.048981 0.035202 ) (45.700203 -211.080002 0.035202 ) (45.700203 -211.080002 -0.964802 ) (45.700203 -214.048981 -0.964802 ) 
4 103 106 (45.700203 -272 -0.964802 ) (45.700203 -272 0.035202 ) (45.700203 -214.048981 0.035202 ) (45.700203 -214.048981 -0.964802 ) 
4 103 105 (45.700203 -272 0.035202 ) (45.700203 -272 96 ) (45.700203 -211.080002 96 ) (45.700203 -211.080002 0.035202 ) 
4 103 108 (45.700203 -211.080002 -32 ) (45.700203 -272 -32 ) (45.700203 -272 -0.964802 ) (45.700203 -211.080002 -0.964802 ) 
4 103 104 (45.700203 -144 96 ) (45.700203 -144 -32 ) (45.700203 -211.080002 -32 ) (45.700203 -211.080002 96 ) 
4 104 109 (41.700203 -144 96 ) (41.700203 -144 -32 ) (41.700203 -211.080002 -32 ) (41.700203 -211.080002 96 ) 
4 104 107 (41.700203 -211.080002 0.035202 ) (41.700203 -211.080002 -0.964802 ) (45.700203 -211.080002 -0.964802 ) (45.700203 -211.080002 0.035202 ) 
4 104 105 (41.700203 -211.080002 96 ) (41.700203 -211.080002 0.035202 ) (45.700203 -211.080002 0.035202 ) (45.700203 -211.080002 96 ) 
4 104 108 (41.700203 -211.080002 -0.964802 ) (41.700203 -211.080002 -32 ) (45.700203 -211.080002 -32 ) (45.700203 -211.080002 -0.964802 ) 
4 105 109 (41.700203 -272 0.035202 ) (41.700203 -272 96 ) (41.700203 -211.080002 96 ) (41.700203 -211.080002 0.035202 ) 
4 105 107 (41.700203 -213.349243 0.035202 ) (41.700203 -211.080002 0.035202 ) (45.700203 -211.080002 0.035202 ) (45.700203 -214.048981 0.035202 ) 
4 105 106 (41.700203 -272 0.035202 ) (41.700203 -213.349243 0.035202 ) (45.700203 -214.048981 0.035202 ) (45.700203 -272 0.035202 ) 
4 106 109 (41.700203 -272 -0.964802 ) (41.700203 -272 0.035202 ) (41.700203 -213.349243 0.035202 ) (41.700203 -213.349258 -0.964802 ) 
4 106 108 (41.700203 -272 -0.964802 ) (41.700203 -213.349243 -0.964802 ) (45.700203 -214.048981 -0.964802 ) (45.700203 -272 -0.964802 ) 
4 106 107 (45.700203 -214.049805 -0.964802 ) (41.700203 -213.350098 -0.964802 ) (41.700203 -213.349533 0.035202 ) (45.700203 -214.049271 0.035202 ) 
4 107 109 (41.700203 -213.349243 0.035202 ) (41.700203 -211.080002 0.035202 ) (41.700203 -211.080002 -0.964802 ) (41.700203 -213.349258 -0.964802 ) 
4 107 108 (41.700203 -213.349243 -0.964802 ) (41.700203 -211.080002 -0.964802 ) (45.700203 -211.080002 -0.964802 ) (45.700203 -214.048981 -0.964802 ) 
4 108 109 (41.700203 -211.080002 -32 ) (41.700203 -272 -32 ) (41.700203 -272 -0.964802 ) (41.700203 -211.080002 -0.964802 ) 
4 109 111 (21 -272 24 ) (21 -272 96 ) (21 -270 96 ) (21 -270 24 ) 
4 109 110 (21 -144 96 ) (21 -144 -32 ) (21 -270 -32 ) (21 -270 96 ) 
4 110 111 (19 -270 96 ) (19 -270 24 ) (21 -270 24 ) (21 -270 96 ) 
4 110 112 (19 -144 96 ) (19 -144 -32 ) (19 -270 -32 ) (19 -270 96 ) 
4 111 112 (19 -272 24 ) (19 -272 96 ) (19 -270 96 ) (19 -270 24 ) 
4 112 114 (0 -144 -32 ) (0 -272 -32 ) (0 -272 96 ) (0 -144 96 ) 
4 113 114 (-8 -176 96 ) (0 -176 96 ) (0 -240 96 ) (-8 -240 96 ) 
