PRT1
152
444
4 1 8 (6848 0 352 ) (6336 0 352 ) (6336 0 -160 ) (6848 0 -160 ) 
4 1 6 (6336 0 0 ) (6336 0 128 ) (6336 64 128 ) (6336 64 0 ) 
4 1 7 (6336 64 -160 ) (6336 0 -160 ) (6336 0 -128 ) (6336 64 -128 ) 
4 1 4 (6336 0 320 ) (6336 0 352 ) (6336 64 352 ) (6336 64 320 ) 
4 1 2 (6336 96 352 ) (6336 96 320 ) (6336 64 320 ) (6336 64 352 ) 
4 1 3 (6336 96 -128 ) (6336 96 -160 ) (6336 64 -160 ) (6336 64 -128 ) 
4 2 15 (6144 64 352 ) (6144 96 352 ) (6144 96 320 ) (6144 64 320 ) 
4 2 4 (6336 64 320 ) (6336 64 352 ) (6304 64 352 ) (6304 64 320 ) 
4 2 5 (6304 64 352 ) (6144 64 352 ) (6144 64 320 ) (6304 64 320 ) 
4 3 16 (6144 96 -128 ) (6144 96 -160 ) (6144 64 -160 ) (6144 64 -128 ) 
4 3 7 (6144 64 -160 ) (6336 64 -160 ) (6336 64 -128 ) (6144 64 -128 ) 
4 4 9 (6336 0 352 ) (6304 0 352 ) (6304 0 320 ) (6336 0 320 ) 
4 4 5 (6304 64 352 ) (6304 64 320 ) (6304 0 320 ) (6304 0 352 ) 
4 5 17 (6144 0 128 ) (6144 0 352 ) (6144 64 352 ) (6144 64 128 ) 
4 5 10 (6304 0 352 ) (6144 0 352 ) (6144 0 128 ) (6304 0 128 ) 
4 5 6 (6144 64 128 ) (6304 64 128 ) (6304 0 128 ) (6144 0 128 ) 
4 6 17 (6144 0 0 ) (6144 0 128 ) (6144 64 128 ) (6144 64 0 ) 
4 6 11 (6144 0 128 ) (6144 0 0 ) (6336 0 0 ) (6336 0 128 ) 
4 7 17 (6144 0 -160 ) (6144 0 -128 ) (6144 64 -128 ) (6144 64 -160 ) 
4 7 12 (6144 0 -128 ) (6144 0 -160 ) (6336 0 -160 ) (6336 0 -128 ) 
4 8 13 (6336 -160 320 ) (6336 -160 352 ) (6336 -128 352 ) (6336 -128 320 ) 
4 8 14 (6336 -128 -160 ) (6336 -160 -160 ) (6336 -160 -128 ) (6336 -128 -128 ) 
4 8 11 (6336 -128 0 ) (6336 -128 128 ) (6336 0 128 ) (6336 0 0 ) 
4 8 12 (6336 0 -160 ) (6336 -128 -160 ) (6336 -128 -128 ) (6336 0 -128 ) 
4 8 9 (6336 -128 320 ) (6336 -128 352 ) (6336 0 352 ) (6336 0 320 ) 
4 9 13 (6336 -128 320 ) (6336 -128 352 ) (6304 -128 352 ) (6304 -128 320 ) 
4 9 10 (6304 -128 320 ) (6304 -128 352 ) (6304 0 352 ) (6304 0 320 ) 
4 10 36 (6144 -128 352 ) (6144 0 352 ) (6144 0 128 ) (6144 -128 128 ) 
4 10 13 (6304 -128 352 ) (6144 -128 352 ) (6144 -128 320 ) (6304 -128 320 ) 
4 10 11 (6304 -128 128 ) (6144 -128 128 ) (6144 0 128 ) (6304 0 128 ) 
4 11 36 (6144 0 128 ) (6144 0 0 ) (6144 -128 0 ) (6144 -128 128 ) 
4 12 52 (6144 0 -128 ) (6144 0 -160 ) (6144 -128 -160 ) (6144 -128 -128 ) 
4 12 14 (6144 -128 -160 ) (6336 -128 -160 ) (6336 -128 -128 ) (6144 -128 -128 ) 
4 13 37 (6144 -160 352 ) (6144 -128 352 ) (6144 -128 320 ) (6144 -160 320 ) 
4 14 52 (6144 -128 -128 ) (6144 -128 -160 ) (6144 -160 -160 ) (6144 -160 -128 ) 
4 15 18 (5120 64 320 ) (5120 64 352 ) (5120 96 352 ) (5120 96 320 ) 
4 15 17 (6144 64 320 ) (6144 64 352 ) (5120 64 352 ) (5120 64 320 ) 
4 16 19 (5120 96 -160 ) (5120 64 -160 ) (5120 64 -128 ) (5120 96 -128 ) 
4 16 17 (5120 64 -160 ) (6144 64 -160 ) (6144 64 -128 ) (5120 64 -128 ) 
4 17 52 (6144 0 -160 ) (6144 0 -128 ) (5120 0 -128 ) (5120 0 -160 ) 
4 17 41 (6144 0 -128 ) (6144 0 -16 ) (5120 0 -16 ) (5120 0 -128 ) 
4 17 38 (6144 0 -16 ) (6144 0 -12 ) (5120 0 -12 ) (5120 0 -16 ) 
4 17 36 (6144 0 -12 ) (6144 0 352 ) (5120 0 352 ) (5120 0 -12 ) 
4 17 20 (5120 64 -160 ) (5120 0 -160 ) (5120 0 352 ) (5120 64 352 ) 
4 18 21 (4096 64 352 ) (4096 96 352 ) (4096 96 320 ) (4096 64 320 ) 
4 18 20 (5120 64 320 ) (5120 64 352 ) (4096 64 352 ) (4096 64 320 ) 
4 19 22 (4096 96 -128 ) (4096 96 -160 ) (4096 64 -160 ) (4096 64 -128 ) 
4 19 20 (4096 64 -160 ) (5120 64 -160 ) (5120 64 -128 ) (4096 64 -128 ) 
4 20 69 (5120 0 -160 ) (5120 0 -128 ) (4096 0 -128 ) (4096 0 -160 ) 
4 20 58 (5120 0 -128 ) (5120 0 -16 ) (4096 0 -16 ) (4096 0 -128 ) 
4 20 55 (5120 0 -16 ) (5120 0 -12 ) (4096 0 -12 ) (4096 0 -16 ) 
4 20 53 (5120 0 -12 ) (5120 0 352 ) (4096 0 352 ) (4096 0 -12 ) 
4 20 23 (4096 0 -160 ) (4096 0 352 ) (4096 64 352 ) (4096 64 -160 ) 
4 21 24 (3072 64 320 ) (3072 64 352 ) (3072 96 352 ) (3072 96 320 ) 
4 21 23 (4096 64 320 ) (4096 64 352 ) (3072 64 352 ) (3072 64 320 ) 
4 22 25 (3072 96 -160 ) (3072 64 -160 ) (3072 64 -128 ) (3072 96 -128 ) 
4 22 23 (3072 64 -160 ) (4096 64 -160 ) (4096 64 -128 ) (3072 64 -128 ) 
4 23 87 (4096 0 -160 ) (4096 0 -128 ) (3072 0 -128 ) (3072 0 -160 ) 
4 23 75 (4096 0 -128 ) (4096 0 -16 ) (3072 0 -16 ) (3072 0 -128 ) 
4 23 72 (4096 0 -16 ) (4096 0 -12 ) (3072 0 -12 ) (3072 0 -16 ) 
4 23 70 (4096 0 -12 ) (4096 0 352 ) (3072 0 352 ) (3072 0 -12 ) 
4 23 26 (3072 64 -160 ) (3072 0 -160 ) (3072 0 352 ) (3072 64 352 ) 
4 24 27 (2048 64 352 ) (2048 96 352 ) (2048 96 320 ) (2048 64 320 ) 
4 24 26 (3072 64 320 ) (3072 64 352 ) (2048 64 352 ) (2048 64 320 ) 
4 25 28 (2048 96 -128 ) (2048 96 -160 ) (2048 64 -160 ) (2048 64 -128 ) 
4 25 26 (2048 64 -160 ) (3072 64 -160 ) (3072 64 -128 ) (2048 64 -128 ) 
4 26 105 (3072 0 -160 ) (3072 0 -128 ) (2048 0 -128 ) (2048 0 -160 ) 
4 26 93 (3072 0 -128 ) (3072 0 -16 ) (2048 0 -16 ) (2048 0 -128 ) 
4 26 90 (3072 0 -16 ) (3072 0 -12 ) (2048 0 -12 ) (2048 0 -16 ) 
4 26 88 (3072 0 -12 ) (3072 0 352 ) (2048 0 352 ) (2048 0 -12 ) 
4 26 29 (2048 0 -160 ) (2048 0 352 ) (2048 64 352 ) (2048 64 -160 ) 
4 27 30 (1024 64 320 ) (1024 64 352 ) (1024 96 352 ) (1024 96 320 ) 
4 27 29 (2048 64 320 ) (2048 64 352 ) (1024 64 352 ) (1024 64 320 ) 
4 28 31 (1024 96 -160 ) (1024 64 -160 ) (1024 64 -128 ) (1024 96 -128 ) 
4 28 29 (1024 64 -160 ) (2048 64 -160 ) (2048 64 -128 ) (1024 64 -128 ) 
4 29 123 (2048 0 -160 ) (2048 0 -128 ) (1024 0 -128 ) (1024 0 -160 ) 
4 29 111 (2048 0 -128 ) (2048 0 -16 ) (1024 0 -16 ) (1024 0 -128 ) 
4 29 108 (2048 0 -16 ) (2048 0 -12 ) (1024 0 -12 ) (1024 0 -16 ) 
4 29 106 (2048 0 -12 ) (2048 0 352 ) (1024 0 352 ) (1024 0 -12 ) 
4 29 32 (1024 64 -160 ) (1024 0 -160 ) (1024 0 352 ) (1024 64 352 ) 
4 30 33 (0 64 352 ) (0 96 352 ) (0 96 320 ) (0 64 320 ) 
4 30 32 (1024 64 320 ) (1024 64 352 ) (0 64 352 ) (0 64 320 ) 
4 31 34 (0 96 -128 ) (0 96 -160 ) (0 64 -160 ) (0 64 -128 ) 
4 31 32 (0 64 -160 ) (1024 64 -160 ) (1024 64 -128 ) (0 64 -128 ) 
4 32 141 (1024 0 -160 ) (1024 0 -128 ) (0 0 -128 ) (0 0 -160 ) 
4 32 129 (1024 0 -128 ) (1024 0 -16 ) (0 0 -16 ) (0 0 -128 ) 
4 32 126 (1024 0 -16 ) (1024 0 -12 ) (0 0 -12 ) (0 0 -16 ) 
4 32 124 (1024 0 -12 ) (1024 0 352 ) (0 0 352 ) (0 0 -12 ) 
4 32 35 (0 0 -160 ) (0 0 352 ) (0 64 352 ) (0 64 -160 ) 
4 33 35 (-192 64 352 ) (-192 64 320 ) (0 64 320 ) (0 64 352 ) 
4 34 35 (-192 64 -128 ) (-192 64 -160 ) (0 64 -160 ) (0 64 -128 ) 
4 35 151 (0 0 -160 ) (0 0 -128 ) (-192 0 -128 ) (-192 0 -160 ) 
4 35 147 (0 0 -128 ) (0 0 -16 ) (-192 0 -16 ) (-192 0 -128 ) 
4 35 144 (0 0 -16 ) (0 0 -12 ) (-192 0 -12 ) (-192 0 -16 ) 
4 35 142 (0 0 -12 ) (0 0 352 ) (-192 0 352 ) (-192 0 -12 ) 
4 36 53 (5120 0 352 ) (5120 0 -12 ) (5120 -128 -12 ) (5120 -128 352 ) 
4 36 40 (5120 -128 -12 ) (5120 -56 -12 ) (6144 -56 -12 ) (6144 -128 -12 ) 
4 36 39 (5120 -52 -12 ) (5120 -12 -12 ) (6144 -12 -12 ) (6144 -52 -12 ) 
4 36 38 (5120 -8 -12 ) (5120 0 -12 ) (6144 0 -12 ) (6144 -8 -12 ) 
4 36 37 (6144 -128 320 ) (6144 -128 352 ) (5120 -128 352 ) (5120 -128 320 ) 
4 37 54 (5120 -160 320 ) (5120 -160 352 ) (5120 -128 352 ) (5120 -128 320 ) 
4 38 55 (5120 0 -12 ) (5120 0 -16 ) (5120 -8 -16 ) (5120 -8 -12 ) 
4 38 41 (5120 -8 -16 ) (5120 0 -16 ) (6144 0 -16 ) (6144 -8 -16 ) 
4 39 56 (5120 -12 -16 ) (5120 -52 -16 ) (5120 -52 -12 ) (5120 -12 -12 ) 
4 39 49 (5232 -12 -16 ) (5328 -12 -16 ) (5328 -52 -16 ) (5232 -52 -16 ) 
4 39 50 (5120 -52 -16 ) (5120 -12 -16 ) (5216 -12 -16 ) (5216 -52 -16 ) 
4 39 47 (5456 -12 -16 ) (5552 -12 -16 ) (5552 -52 -16 ) (5456 -52 -16 ) 
4 39 48 (5344 -12 -16 ) (5440 -12 -16 ) (5440 -52 -16 ) (5344 -52 -16 ) 
4 39 46 (5584 -12 -16 ) (5680 -12 -16 ) (5680 -52 -16 ) (5584 -52 -16 ) 
4 39 45 (5696 -12 -16 ) (5792 -12 -16 ) (5792 -52 -16 ) (5696 -52 -16 ) 
4 39 44 (5808 -12 -16 ) (5904 -12 -16 ) (5904 -52 -16 ) (5808 -52 -16 ) 
4 39 42 (6032 -12 -16 ) (6128 -12 -16 ) (6128 -52 -16 ) (6032 -52 -16 ) 
4 39 43 (5920 -12 -16 ) (6016 -12 -16 ) (6016 -52 -16 ) (5920 -52 -16 ) 
4 40 57 (5120 -56 -16 ) (5120 -128 -16 ) (5120 -128 -12 ) (5120 -56 -12 ) 
4 40 51 (5120 -128 -16 ) (5120 -56 -16 ) (6144 -56 -16 ) (6144 -128 -16 ) 
4 41 58 (5120 0 -16 ) (5120 0 -128 ) (5120 -8 -128 ) (5120 -8 -16 ) 
4 41 52 (5120 -8 -128 ) (5120 0 -128 ) (6144 0 -128 ) (6144 -8 -128 ) 
4 41 49 (5232 -8 -128 ) (5328 -8 -128 ) (5328 -8 -16 ) (5232 -8 -16 ) 
4 41 50 (5120 -8 -128 ) (5216 -8 -128 ) (5216 -8 -16 ) (5120 -8 -16 ) 
4 41 47 (5456 -8 -128 ) (5552 -8 -128 ) (5552 -8 -16 ) (5456 -8 -16 ) 
4 41 48 (5344 -8 -128 ) (5440 -8 -128 ) (5440 -8 -16 ) (5344 -8 -16 ) 
4 41 46 (5584 -8 -128 ) (5680 -8 -128 ) (5680 -8 -16 ) (5584 -8 -16 ) 
4 41 45 (5696 -8 -128 ) (5792 -8 -128 ) (5792 -8 -16 ) (5696 -8 -16 ) 
4 41 44 (5808 -8 -128 ) (5904 -8 -128 ) (5904 -8 -16 ) (5808 -8 -16 ) 
4 41 42 (6032 -8 -128 ) (6128 -8 -128 ) (6128 -8 -16 ) (6032 -8 -16 ) 
4 41 43 (5920 -8 -128 ) (6016 -8 -128 ) (6016 -8 -16 ) (5920 -8 -16 ) 
4 42 52 (6032 -8 -128 ) (6128 -8 -128 ) (6128 -56 -128 ) (6032 -56 -128 ) 
4 42 51 (6032 -56 -128 ) (6128 -56 -128 ) (6128 -56 -16 ) (6032 -56 -16 ) 
4 43 52 (5920 -8 -128 ) (6016 -8 -128 ) (6016 -56 -128 ) (5920 -56 -128 ) 
4 43 51 (5920 -56 -128 ) (6016 -56 -128 ) (6016 -56 -16 ) (5920 -56 -16 ) 
4 44 52 (5808 -8 -128 ) (5904 -8 -128 ) (5904 -56 -128 ) (5808 -56 -128 ) 
4 44 51 (5808 -56 -128 ) (5904 -56 -128 ) (5904 -56 -16 ) (5808 -56 -16 ) 
4 45 52 (5696 -8 -128 ) (5792 -8 -128 ) (5792 -56 -128 ) (5696 -56 -128 ) 
4 45 51 (5696 -56 -128 ) (5792 -56 -128 ) (5792 -56 -16 ) (5696 -56 -16 ) 
4 46 52 (5584 -8 -128 ) (5680 -8 -128 ) (5680 -56 -128 ) (5584 -56 -128 ) 
4 46 51 (5584 -56 -128 ) (5680 -56 -128 ) (5680 -56 -16 ) (5584 -56 -16 ) 
4 47 52 (5456 -8 -128 ) (5552 -8 -128 ) (5552 -56 -128 ) (5456 -56 -128 ) 
4 47 51 (5456 -56 -128 ) (5552 -56 -128 ) (5552 -56 -16 ) (5456 -56 -16 ) 
4 48 52 (5344 -8 -128 ) (5440 -8 -128 ) (5440 -56 -128 ) (5344 -56 -128 ) 
4 48 51 (5344 -56 -128 ) (5440 -56 -128 ) (5440 -56 -16 ) (5344 -56 -16 ) 
4 49 52 (5232 -8 -128 ) (5328 -8 -128 ) (5328 -56 -128 ) (5232 -56 -128 ) 
4 49 51 (5232 -56 -128 ) (5328 -56 -128 ) (5328 -56 -16 ) (5232 -56 -16 ) 
4 50 52 (5120 -56 -128 ) (5120 -8 -128 ) (5216 -8 -128 ) (5216 -56 -128 ) 
4 50 51 (5120 -56 -128 ) (5216 -56 -128 ) (5216 -56 -16 ) (5120 -56 -16 ) 
4 51 68 (5120 -56 -128 ) (5120 -128 -128 ) (5120 -128 -16 ) (5120 -56 -16 ) 
4 51 52 (5120 -128 -128 ) (5120 -56 -128 ) (6144 -56 -128 ) (6144 -128 -128 ) 
4 52 69 (5120 0 -128 ) (5120 0 -160 ) (5120 -160 -160 ) (5120 -160 -128 ) 
4 53 70 (4096 0 352 ) (4096 0 -12 ) (4096 -128 -12 ) (4096 -128 352 ) 
4 53 57 (4096 -128 -12 ) (4096 -56 -12 ) (5120 -56 -12 ) (5120 -128 -12 ) 
4 53 55 (4096 -8 -12 ) (4096 0 -12 ) (5120 0 -12 ) (5120 -8 -12 ) 
4 53 56 (4096 -52 -12 ) (4096 -12 -12 ) (5120 -12 -12 ) (5120 -52 -12 ) 
4 53 54 (5120 -128 320 ) (5120 -128 352 ) (4096 -128 352 ) (4096 -128 320 ) 
4 54 71 (4096 -160 320 ) (4096 -160 352 ) (4096 -128 352 ) (4096 -128 320 ) 
4 55 72 (4096 0 -12 ) (4096 0 -16 ) (4096 -8 -16 ) (4096 -8 -12 ) 
4 55 58 (4096 0 -16 ) (5120 0 -16 ) (5120 -8 -16 ) (4096 -8 -16 ) 
4 56 73 (4096 -12 -16 ) (4096 -52 -16 ) (4096 -52 -12 ) (4096 -12 -12 ) 
4 56 67 (4176 -52 -16 ) (4096 -52 -16 ) (4096 -12 -16 ) (4176 -12 -16 ) 
4 56 65 (4400 -52 -16 ) (4304 -52 -16 ) (4304 -12 -16 ) (4400 -12 -16 ) 
4 56 66 (4288 -52 -16 ) (4192 -52 -16 ) (4192 -12 -16 ) (4288 -12 -16 ) 
4 56 63 (4640 -52 -16 ) (4544 -52 -16 ) (4544 -12 -16 ) (4640 -12 -16 ) 
4 56 64 (4528 -52 -16 ) (4432 -52 -16 ) (4432 -12 -16 ) (4528 -12 -16 ) 
4 56 62 (4752 -52 -16 ) (4656 -52 -16 ) (4656 -12 -16 ) (4752 -12 -16 ) 
4 56 61 (4864 -52 -16 ) (4768 -52 -16 ) (4768 -12 -16 ) (4864 -12 -16 ) 
4 56 60 (4976 -52 -16 ) (4880 -52 -16 ) (4880 -12 -16 ) (4976 -12 -16 ) 
4 56 59 (5104 -52 -16 ) (5008 -52 -16 ) (5008 -12 -16 ) (5104 -12 -16 ) 
4 57 74 (4096 -56 -16 ) (4096 -128 -16 ) (4096 -128 -12 ) (4096 -56 -12 ) 
4 57 68 (5120 -56 -16 ) (5120 -128 -16 ) (4096 -128 -16 ) (4096 -56 -16 ) 
4 58 75 (4096 0 -16 ) (4096 0 -128 ) (4096 -8 -128 ) (4096 -8 -16 ) 
4 58 69 (4096 -8 -128 ) (4096 0 -128 ) (5120 0 -128 ) (5120 -8 -128 ) 
4 58 67 (4096 -8 -128 ) (4176 -8 -128 ) (4176 -8 -16 ) (4096 -8 -16 ) 
4 58 65 (4304 -8 -128 ) (4400 -8 -128 ) (4400 -8 -16 ) (4304 -8 -16 ) 
4 58 66 (4192 -8 -128 ) (4288 -8 -128 ) (4288 -8 -16 ) (4192 -8 -16 ) 
4 58 63 (4544 -8 -128 ) (4640 -8 -128 ) (4640 -8 -16 ) (4544 -8 -16 ) 
4 58 64 (4432 -8 -128 ) (4528 -8 -128 ) (4528 -8 -16 ) (4432 -8 -16 ) 
4 58 62 (4656 -8 -128 ) (4752 -8 -128 ) (4752 -8 -16 ) (4656 -8 -16 ) 
4 58 61 (4768 -8 -128 ) (4864 -8 -128 ) (4864 -8 -16 ) (4768 -8 -16 ) 
4 58 60 (4880 -8 -128 ) (4976 -8 -128 ) (4976 -8 -16 ) (4880 -8 -16 ) 
4 58 59 (5008 -8 -128 ) (5104 -8 -128 ) (5104 -8 -16 ) (5008 -8 -16 ) 
4 59 69 (5008 -8 -128 ) (5104 -8 -128 ) (5104 -56 -128 ) (5008 -56 -128 ) 
4 59 68 (5008 -56 -128 ) (5104 -56 -128 ) (5104 -56 -16 ) (5008 -56 -16 ) 
4 60 69 (4880 -8 -128 ) (4976 -8 -128 ) (4976 -56 -128 ) (4880 -56 -128 ) 
4 60 68 (4880 -56 -128 ) (4976 -56 -128 ) (4976 -56 -16 ) (4880 -56 -16 ) 
4 61 69 (4768 -8 -128 ) (4864 -8 -128 ) (4864 -56 -128 ) (4768 -56 -128 ) 
4 61 68 (4768 -56 -128 ) (4864 -56 -128 ) (4864 -56 -16 ) (4768 -56 -16 ) 
4 62 69 (4656 -8 -128 ) (4752 -8 -128 ) (4752 -56 -128 ) (4656 -56 -128 ) 
4 62 68 (4656 -56 -128 ) (4752 -56 -128 ) (4752 -56 -16 ) (4656 -56 -16 ) 
4 63 69 (4544 -8 -128 ) (4640 -8 -128 ) (4640 -56 -128 ) (4544 -56 -128 ) 
4 63 68 (4544 -56 -128 ) (4640 -56 -128 ) (4640 -56 -16 ) (4544 -56 -16 ) 
4 64 69 (4432 -8 -128 ) (4528 -8 -128 ) (4528 -56 -128 ) (4432 -56 -128 ) 
4 64 68 (4432 -56 -128 ) (4528 -56 -128 ) (4528 -56 -16 ) (4432 -56 -16 ) 
4 65 69 (4304 -8 -128 ) (4400 -8 -128 ) (4400 -56 -128 ) (4304 -56 -128 ) 
4 65 68 (4304 -56 -128 ) (4400 -56 -128 ) (4400 -56 -16 ) (4304 -56 -16 ) 
4 66 69 (4192 -8 -128 ) (4288 -8 -128 ) (4288 -56 -128 ) (4192 -56 -128 ) 
4 66 68 (4192 -56 -128 ) (4288 -56 -128 ) (4288 -56 -16 ) (4192 -56 -16 ) 
4 67 76 (4096 -8 -128 ) (4096 -56 -128 ) (4096 -56 -16 ) (4096 -8 -16 ) 
4 67 69 (4096 -56 -128 ) (4096 -8 -128 ) (4176 -8 -128 ) (4176 -56 -128 ) 
4 67 68 (4096 -56 -128 ) (4176 -56 -128 ) (4176 -56 -16 ) (4096 -56 -16 ) 
4 68 86 (4096 -56 -128 ) (4096 -128 -128 ) (4096 -128 -16 ) (4096 -56 -16 ) 
4 68 69 (4096 -128 -128 ) (4096 -56 -128 ) (5120 -56 -128 ) (5120 -128 -128 ) 
4 69 87 (4096 0 -128 ) (4096 0 -160 ) (4096 -160 -160 ) (4096 -160 -128 ) 
4 70 88 (3072 0 352 ) (3072 0 -12 ) (3072 -128 -12 ) (3072 -128 352 ) 
4 70 74 (3072 -128 -12 ) (3072 -56 -12 ) (4096 -56 -12 ) (4096 -128 -12 ) 
4 70 72 (3072 -8 -12 ) (3072 0 -12 ) (4096 0 -12 ) (4096 -8 -12 ) 
4 70 73 (3072 -52 -12 ) (3072 -12 -12 ) (4096 -12 -12 ) (4096 -52 -12 ) 
4 70 71 (4096 -128 320 ) (4096 -128 352 ) (3072 -128 352 ) (3072 -128 320 ) 
4 71 89 (3072 -160 320 ) (3072 -160 352 ) (3072 -128 352 ) (3072 -128 320 ) 
4 72 90 (3072 0 -12 ) (3072 0 -16 ) (3072 -8 -16 ) (3072 -8 -12 ) 
4 72 75 (3072 -8 -16 ) (3072 0 -16 ) (4096 0 -16 ) (4096 -8 -16 ) 
4 73 91 (3072 -12 -16 ) (3072 -52 -16 ) (3072 -52 -12 ) (3072 -12 -12 ) 
4 73 84 (3152 -12 -16 ) (3248 -12 -16 ) (3248 -52 -16 ) (3152 -52 -16 ) 
4 73 85 (3072 -52 -16 ) (3072 -12 -16 ) (3136 -12 -16 ) (3136 -52 -16 ) 
4 73 83 (3280 -12 -16 ) (3376 -12 -16 ) (3376 -52 -16 ) (3280 -52 -16 ) 
4 73 81 (3504 -12 -16 ) (3600 -12 -16 ) (3600 -52 -16 ) (3504 -52 -16 ) 
4 73 82 (3392 -12 -16 ) (3488 -12 -16 ) (3488 -52 -16 ) (3392 -52 -16 ) 
4 73 80 (3616 -12 -16 ) (3712 -12 -16 ) (3712 -52 -16 ) (3616 -52 -16 ) 
4 73 79 (3728 -12 -16 ) (3824 -12 -16 ) (3824 -52 -16 ) (3728 -52 -16 ) 
4 73 77 (3968 -12 -16 ) (4064 -12 -16 ) (4064 -52 -16 ) (3968 -52 -16 ) 
4 73 78 (3856 -12 -16 ) (3952 -12 -16 ) (3952 -52 -16 ) (3856 -52 -16 ) 
4 73 76 (4080 -12 -16 ) (4096 -12 -16 ) (4096 -52 -16 ) (4080 -52 -16 ) 
4 74 92 (3072 -56 -16 ) (3072 -128 -16 ) (3072 -128 -12 ) (3072 -56 -12 ) 
4 74 86 (3072 -128 -16 ) (3072 -56 -16 ) (4096 -56 -16 ) (4096 -128 -16 ) 
4 75 93 (3072 0 -16 ) (3072 0 -128 ) (3072 -8 -128 ) (3072 -8 -16 ) 
4 75 87 (3072 -8 -128 ) (3072 0 -128 ) (4096 0 -128 ) (4096 -8 -128 ) 
4 75 84 (3152 -8 -128 ) (3248 -8 -128 ) (3248 -8 -16 ) (3152 -8 -16 ) 
4 75 85 (3072 -8 -128 ) (3136 -8 -128 ) (3136 -8 -16 ) (3072 -8 -16 ) 
4 75 83 (3280 -8 -128 ) (3376 -8 -128 ) (3376 -8 -16 ) (3280 -8 -16 ) 
4 75 81 (3504 -8 -128 ) (3600 -8 -128 ) (3600 -8 -16 ) (3504 -8 -16 ) 
4 75 82 (3392 -8 -128 ) (3488 -8 -128 ) (3488 -8 -16 ) (3392 -8 -16 ) 
4 75 80 (3616 -8 -128 ) (3712 -8 -128 ) (3712 -8 -16 ) (3616 -8 -16 ) 
4 75 79 (3728 -8 -128 ) (3824 -8 -128 ) (3824 -8 -16 ) (3728 -8 -16 ) 
4 75 77 (3968 -8 -128 ) (4064 -8 -128 ) (4064 -8 -16 ) (3968 -8 -16 ) 
4 75 78 (3856 -8 -128 ) (3952 -8 -128 ) (3952 -8 -16 ) (3856 -8 -16 ) 
4 75 76 (4080 -8 -128 ) (4096 -8 -128 ) (4096 -8 -16 ) (4080 -8 -16 ) 
4 76 87 (4080 -8 -128 ) (4096 -8 -128 ) (4096 -56 -128 ) (4080 -56 -128 ) 
4 76 86 (4080 -56 -128 ) (4096 -56 -128 ) (4096 -56 -16 ) (4080 -56 -16 ) 
4 77 87 (3968 -8 -128 ) (4064 -8 -128 ) (4064 -56 -128 ) (3968 -56 -128 ) 
4 77 86 (3968 -56 -128 ) (4064 -56 -128 ) (4064 -56 -16 ) (3968 -56 -16 ) 
4 78 87 (3856 -8 -128 ) (3952 -8 -128 ) (3952 -56 -128 ) (3856 -56 -128 ) 
4 78 86 (3856 -56 -128 ) (3952 -56 -128 ) (3952 -56 -16 ) (3856 -56 -16 ) 
4 79 87 (3728 -8 -128 ) (3824 -8 -128 ) (3824 -56 -128 ) (3728 -56 -128 ) 
4 79 86 (3728 -56 -128 ) (3824 -56 -128 ) (3824 -56 -16 ) (3728 -56 -16 ) 
4 80 87 (3616 -8 -128 ) (3712 -8 -128 ) (3712 -56 -128 ) (3616 -56 -128 ) 
4 80 86 (3616 -56 -128 ) (3712 -56 -128 ) (3712 -56 -16 ) (3616 -56 -16 ) 
4 81 87 (3504 -8 -128 ) (3600 -8 -128 ) (3600 -56 -128 ) (3504 -56 -128 ) 
4 81 86 (3504 -56 -128 ) (3600 -56 -128 ) (3600 -56 -16 ) (3504 -56 -16 ) 
4 82 87 (3392 -8 -128 ) (3488 -8 -128 ) (3488 -56 -128 ) (3392 -56 -128 ) 
4 82 86 (3392 -56 -128 ) (3488 -56 -128 ) (3488 -56 -16 ) (3392 -56 -16 ) 
4 83 87 (3280 -8 -128 ) (3376 -8 -128 ) (3376 -56 -128 ) (3280 -56 -128 ) 
4 83 86 (3280 -56 -128 ) (3376 -56 -128 ) (3376 -56 -16 ) (3280 -56 -16 ) 
4 84 87 (3152 -8 -128 ) (3248 -8 -128 ) (3248 -56 -128 ) (3152 -56 -128 ) 
4 84 86 (3152 -56 -128 ) (3248 -56 -128 ) (3248 -56 -16 ) (3152 -56 -16 ) 
4 85 94 (3072 -8 -128 ) (3072 -56 -128 ) (3072 -56 -16 ) (3072 -8 -16 ) 
4 85 87 (3072 -56 -128 ) (3072 -8 -128 ) (3136 -8 -128 ) (3136 -56 -128 ) 
4 85 86 (3072 -56 -128 ) (3136 -56 -128 ) (3136 -56 -16 ) (3072 -56 -16 ) 
4 86 104 (3072 -56 -128 ) (3072 -128 -128 ) (3072 -128 -16 ) (3072 -56 -16 ) 
4 86 87 (3072 -128 -128 ) (3072 -56 -128 ) (4096 -56 -128 ) (4096 -128 -128 ) 
4 87 105 (3072 0 -128 ) (3072 0 -160 ) (3072 -160 -160 ) (3072 -160 -128 ) 
4 88 106 (2048 0 352 ) (2048 0 -12 ) (2048 -128 -12 ) (2048 -128 352 ) 
4 88 92 (2048 -128 -12 ) (2048 -56 -12 ) (3072 -56 -12 ) (3072 -128 -12 ) 
4 88 90 (2048 -8 -12 ) (2048 0 -12 ) (3072 0 -12 ) (3072 -8 -12 ) 
4 88 91 (2048 -52 -12 ) (2048 -12 -12 ) (3072 -12 -12 ) (3072 -52 -12 ) 
4 88 89 (3072 -128 320 ) (3072 -128 352 ) (2048 -128 352 ) (2048 -128 320 ) 
4 89 107 (2048 -160 320 ) (2048 -160 352 ) (2048 -128 352 ) (2048 -128 320 ) 
4 90 108 (2048 0 -12 ) (2048 0 -16 ) (2048 -8 -16 ) (2048 -8 -12 ) 
4 90 93 (2048 0 -16 ) (3072 0 -16 ) (3072 -8 -16 ) (2048 -8 -16 ) 
4 91 109 (2048 -12 -16 ) (2048 -52 -16 ) (2048 -52 -12 ) (2048 -12 -12 ) 
4 91 103 (2096 -52 -16 ) (2048 -52 -16 ) (2048 -12 -16 ) (2096 -12 -16 ) 
4 91 102 (2224 -52 -16 ) (2128 -52 -16 ) (2128 -12 -16 ) (2224 -12 -16 ) 
4 91 101 (2336 -52 -16 ) (2240 -52 -16 ) (2240 -12 -16 ) (2336 -12 -16 ) 
4 91 99 (2560 -52 -16 ) (2464 -52 -16 ) (2464 -12 -16 ) (2560 -12 -16 ) 
4 91 100 (2448 -52 -16 ) (2352 -52 -16 ) (2352 -12 -16 ) (2448 -12 -16 ) 
4 91 98 (2672 -52 -16 ) (2576 -52 -16 ) (2576 -12 -16 ) (2672 -12 -16 ) 
4 91 97 (2800 -52 -16 ) (2704 -52 -16 ) (2704 -12 -16 ) (2800 -12 -16 ) 
4 91 95 (3024 -52 -16 ) (2928 -52 -16 ) (2928 -12 -16 ) (3024 -12 -16 ) 
4 91 96 (2912 -52 -16 ) (2816 -52 -16 ) (2816 -12 -16 ) (2912 -12 -16 ) 
4 91 94 (3072 -12 -16 ) (3072 -52 -16 ) (3040 -52 -16 ) (3040 -12 -16 ) 
4 92 110 (2048 -56 -16 ) (2048 -128 -16 ) (2048 -128 -12 ) (2048 -56 -12 ) 
4 92 104 (3072 -56 -16 ) (3072 -128 -16 ) (2048 -128 -16 ) (2048 -56 -16 ) 
4 93 111 (2048 0 -16 ) (2048 0 -128 ) (2048 -8 -128 ) (2048 -8 -16 ) 
4 93 105 (2048 -8 -128 ) (2048 0 -128 ) (3072 0 -128 ) (3072 -8 -128 ) 
4 93 103 (2048 -8 -128 ) (2096 -8 -128 ) (2096 -8 -16 ) (2048 -8 -16 ) 
4 93 102 (2128 -8 -128 ) (2224 -8 -128 ) (2224 -8 -16 ) (2128 -8 -16 ) 
4 93 101 (2240 -8 -128 ) (2336 -8 -128 ) (2336 -8 -16 ) (2240 -8 -16 ) 
4 93 99 (2464 -8 -128 ) (2560 -8 -128 ) (2560 -8 -16 ) (2464 -8 -16 ) 
4 93 100 (2352 -8 -128 ) (2448 -8 -128 ) (2448 -8 -16 ) (2352 -8 -16 ) 
4 93 98 (2576 -8 -128 ) (2672 -8 -128 ) (2672 -8 -16 ) (2576 -8 -16 ) 
4 93 97 (2704 -8 -128 ) (2800 -8 -128 ) (2800 -8 -16 ) (2704 -8 -16 ) 
4 93 95 (2928 -8 -128 ) (3024 -8 -128 ) (3024 -8 -16 ) (2928 -8 -16 ) 
4 93 96 (2816 -8 -128 ) (2912 -8 -128 ) (2912 -8 -16 ) (2816 -8 -16 ) 
4 93 94 (3040 -8 -128 ) (3072 -8 -128 ) (3072 -8 -16 ) (3040 -8 -16 ) 
4 94 105 (3040 -8 -128 ) (3072 -8 -128 ) (3072 -56 -128 ) (3040 -56 -128 ) 
4 94 104 (3040 -56 -128 ) (3072 -56 -128 ) (3072 -56 -16 ) (3040 -56 -16 ) 
4 95 105 (2928 -8 -128 ) (3024 -8 -128 ) (3024 -56 -128 ) (2928 -56 -128 ) 
4 95 104 (2928 -56 -128 ) (3024 -56 -128 ) (3024 -56 -16 ) (2928 -56 -16 ) 
4 96 105 (2816 -8 -128 ) (2912 -8 -128 ) (2912 -56 -128 ) (2816 -56 -128 ) 
4 96 104 (2816 -56 -128 ) (2912 -56 -128 ) (2912 -56 -16 ) (2816 -56 -16 ) 
4 97 105 (2704 -8 -128 ) (2800 -8 -128 ) (2800 -56 -128 ) (2704 -56 -128 ) 
4 97 104 (2704 -56 -128 ) (2800 -56 -128 ) (2800 -56 -16 ) (2704 -56 -16 ) 
4 98 105 (2576 -8 -128 ) (2672 -8 -128 ) (2672 -56 -128 ) (2576 -56 -128 ) 
4 98 104 (2576 -56 -128 ) (2672 -56 -128 ) (2672 -56 -16 ) (2576 -56 -16 ) 
4 99 105 (2464 -8 -128 ) (2560 -8 -128 ) (2560 -56 -128 ) (2464 -56 -128 ) 
4 99 104 (2464 -56 -128 ) (2560 -56 -128 ) (2560 -56 -16 ) (2464 -56 -16 ) 
4 100 105 (2352 -8 -128 ) (2448 -8 -128 ) (2448 -56 -128 ) (2352 -56 -128 ) 
4 100 104 (2352 -56 -128 ) (2448 -56 -128 ) (2448 -56 -16 ) (2352 -56 -16 ) 
4 101 105 (2240 -8 -128 ) (2336 -8 -128 ) (2336 -56 -128 ) (2240 -56 -128 ) 
4 101 104 (2240 -56 -128 ) (2336 -56 -128 ) (2336 -56 -16 ) (2240 -56 -16 ) 
4 102 105 (2128 -8 -128 ) (2224 -8 -128 ) (2224 -56 -128 ) (2128 -56 -128 ) 
4 102 104 (2128 -56 -128 ) (2224 -56 -128 ) (2224 -56 -16 ) (2128 -56 -16 ) 
4 103 112 (2048 -8 -128 ) (2048 -56 -128 ) (2048 -56 -16 ) (2048 -8 -16 ) 
4 103 105 (2048 -56 -128 ) (2048 -8 -128 ) (2096 -8 -128 ) (2096 -56 -128 ) 
4 103 104 (2048 -56 -128 ) (2096 -56 -128 ) (2096 -56 -16 ) (2048 -56 -16 ) 
4 104 122 (2048 -56 -128 ) (2048 -128 -128 ) (2048 -128 -16 ) (2048 -56 -16 ) 
4 104 105 (2048 -128 -128 ) (2048 -56 -128 ) (3072 -56 -128 ) (3072 -128 -128 ) 
4 105 123 (2048 0 -128 ) (2048 0 -160 ) (2048 -160 -160 ) (2048 -160 -128 ) 
4 106 124 (1024 0 352 ) (1024 0 -12 ) (1024 -128 -12 ) (1024 -128 352 ) 
4 106 110 (1024 -128 -12 ) (1024 -56 -12 ) (2048 -56 -12 ) (2048 -128 -12 ) 
4 106 109 (1024 -52 -12 ) (1024 -12 -12 ) (2048 -12 -12 ) (2048 -52 -12 ) 
4 106 108 (1024 -8 -12 ) (1024 0 -12 ) (2048 0 -12 ) (2048 -8 -12 ) 
4 106 107 (2048 -128 320 ) (2048 -128 352 ) (1024 -128 352 ) (1024 -128 320 ) 
4 107 125 (1024 -160 320 ) (1024 -160 352 ) (1024 -128 352 ) (1024 -128 320 ) 
4 108 126 (1024 0 -12 ) (1024 0 -16 ) (1024 -8 -16 ) (1024 -8 -12 ) 
4 108 111 (1024 -8 -16 ) (1024 0 -16 ) (2048 0 -16 ) (2048 -8 -16 ) 
4 109 127 (1024 -12 -16 ) (1024 -52 -16 ) (1024 -52 -12 ) (1024 -12 -12 ) 
4 109 120 (1088 -12 -16 ) (1184 -12 -16 ) (1184 -52 -16 ) (1088 -52 -16 ) 
4 109 121 (1024 -52 -16 ) (1024 -12 -16 ) (1072 -12 -16 ) (1072 -52 -16 ) 
4 109 118 (1312 -12 -16 ) (1408 -12 -16 ) (1408 -52 -16 ) (1312 -52 -16 ) 
4 109 119 (1200 -12 -16 ) (1296 -12 -16 ) (1296 -52 -16 ) (1200 -52 -16 ) 
4 109 117 (1424 -12 -16 ) (1520 -12 -16 ) (1520 -52 -16 ) (1424 -52 -16 ) 
4 109 116 (1552 -12 -16 ) (1648 -12 -16 ) (1648 -52 -16 ) (1552 -52 -16 ) 
4 109 115 (1664 -12 -16 ) (1760 -12 -16 ) (1760 -52 -16 ) (1664 -52 -16 ) 
4 109 113 (1888 -12 -16 ) (1984 -12 -16 ) (1984 -52 -16 ) (1888 -52 -16 ) 
4 109 114 (1776 -12 -16 ) (1872 -12 -16 ) (1872 -52 -16 ) (1776 -52 -16 ) 
4 109 112 (2000 -12 -16 ) (2048 -12 -16 ) (2048 -52 -16 ) (2000 -52 -16 ) 
4 110 128 (1024 -56 -16 ) (1024 -128 -16 ) (1024 -128 -12 ) (1024 -56 -12 ) 
4 110 122 (1024 -128 -16 ) (1024 -56 -16 ) (2048 -56 -16 ) (2048 -128 -16 ) 
4 111 129 (1024 0 -16 ) (1024 0 -128 ) (1024 -8 -128 ) (1024 -8 -16 ) 
4 111 123 (1024 -8 -128 ) (1024 0 -128 ) (2048 0 -128 ) (2048 -8 -128 ) 
4 111 120 (1088 -8 -128 ) (1184 -8 -128 ) (1184 -8 -16 ) (1088 -8 -16 ) 
4 111 121 (1024 -8 -128 ) (1072 -8 -128 ) (1072 -8 -16 ) (1024 -8 -16 ) 
4 111 118 (1312 -8 -128 ) (1408 -8 -128 ) (1408 -8 -16 ) (1312 -8 -16 ) 
4 111 119 (1200 -8 -128 ) (1296 -8 -128 ) (1296 -8 -16 ) (1200 -8 -16 ) 
4 111 117 (1424 -8 -128 ) (1520 -8 -128 ) (1520 -8 -16 ) (1424 -8 -16 ) 
4 111 116 (1552 -8 -128 ) (1648 -8 -128 ) (1648 -8 -16 ) (1552 -8 -16 ) 
4 111 115 (1664 -8 -128 ) (1760 -8 -128 ) (1760 -8 -16 ) (1664 -8 -16 ) 
4 111 113 (1888 -8 -128 ) (1984 -8 -128 ) (1984 -8 -16 ) (1888 -8 -16 ) 
4 111 114 (1776 -8 -128 ) (1872 -8 -128 ) (1872 -8 -16 ) (1776 -8 -16 ) 
4 111 112 (2000 -8 -128 ) (2048 -8 -128 ) (2048 -8 -16 ) (2000 -8 -16 ) 
4 112 123 (2000 -8 -128 ) (2048 -8 -128 ) (2048 -56 -128 ) (2000 -56 -128 ) 
4 112 122 (2000 -56 -128 ) (2048 -56 -128 ) (2048 -56 -16 ) (2000 -56 -16 ) 
4 113 123 (1888 -8 -128 ) (1984 -8 -128 ) (1984 -56 -128 ) (1888 -56 -128 ) 
4 113 122 (1888 -56 -128 ) (1984 -56 -128 ) (1984 -56 -16 ) (1888 -56 -16 ) 
4 114 123 (1776 -8 -128 ) (1872 -8 -128 ) (1872 -56 -128 ) (1776 -56 -128 ) 
4 114 122 (1776 -56 -128 ) (1872 -56 -128 ) (1872 -56 -16 ) (1776 -56 -16 ) 
4 115 123 (1664 -8 -128 ) (1760 -8 -128 ) (1760 -56 -128 ) (1664 -56 -128 ) 
4 115 122 (1664 -56 -128 ) (1760 -56 -128 ) (1760 -56 -16 ) (1664 -56 -16 ) 
4 116 123 (1552 -8 -128 ) (1648 -8 -128 ) (1648 -56 -128 ) (1552 -56 -128 ) 
4 116 122 (1552 -56 -128 ) (1648 -56 -128 ) (1648 -56 -16 ) (1552 -56 -16 ) 
4 117 123 (1424 -8 -128 ) (1520 -8 -128 ) (1520 -56 -128 ) (1424 -56 -128 ) 
4 117 122 (1424 -56 -128 ) (1520 -56 -128 ) (1520 -56 -16 ) (1424 -56 -16 ) 
4 118 123 (1312 -8 -128 ) (1408 -8 -128 ) (1408 -56 -128 ) (1312 -56 -128 ) 
4 118 122 (1312 -56 -128 ) (1408 -56 -128 ) (1408 -56 -16 ) (1312 -56 -16 ) 
4 119 123 (1200 -8 -128 ) (1296 -8 -128 ) (1296 -56 -128 ) (1200 -56 -128 ) 
4 119 122 (1200 -56 -128 ) (1296 -56 -128 ) (1296 -56 -16 ) (1200 -56 -16 ) 
4 120 123 (1088 -8 -128 ) (1184 -8 -128 ) (1184 -56 -128 ) (1088 -56 -128 ) 
4 120 122 (1088 -56 -128 ) (1184 -56 -128 ) (1184 -56 -16 ) (1088 -56 -16 ) 
4 121 130 (1024 -8 -128 ) (1024 -56 -128 ) (1024 -56 -16 ) (1024 -8 -16 ) 
4 121 123 (1024 -56 -128 ) (1024 -8 -128 ) (1072 -8 -128 ) (1072 -56 -128 ) 
4 121 122 (1024 -56 -128 ) (1072 -56 -128 ) (1072 -56 -16 ) (1024 -56 -16 ) 
4 122 140 (1024 -56 -128 ) (1024 -128 -128 ) (1024 -128 -16 ) (1024 -56 -16 ) 
4 122 123 (1024 -128 -128 ) (1024 -56 -128 ) (2048 -56 -128 ) (2048 -128 -128 ) 
4 123 141 (1024 0 -128 ) (1024 0 -160 ) (1024 -160 -160 ) (1024 -160 -128 ) 
4 124 142 (0 0 352 ) (0 0 -12 ) (0 -128 -12 ) (0 -128 352 ) 
4 124 128 (0 -128 -12 ) (0 -56 -12 ) (1024 -56 -12 ) (1024 -128 -12 ) 
4 124 126 (0 -8 -12 ) (0 0 -12 ) (1024 0 -12 ) (1024 -8 -12 ) 
4 124 127 (0 -52 -12 ) (0 -12 -12 ) (1024 -12 -12 ) (1024 -52 -12 ) 
4 124 125 (1024 -128 320 ) (1024 -128 352 ) (0 -128 352 ) (0 -128 320 ) 
4 125 143 (0 -160 320 ) (0 -160 352 ) (0 -128 352 ) (0 -128 320 ) 
4 126 144 (0 0 -12 ) (0 0 -16 ) (0 -8 -16 ) (0 -8 -12 ) 
4 126 129 (0 0 -16 ) (1024 0 -16 ) (1024 -8 -16 ) (0 -8 -16 ) 
4 127 145 (0 -12 -16 ) (0 -52 -16 ) (0 -52 -12 ) (0 -12 -12 ) 
4 127 139 (32 -52 -16 ) (0 -52 -16 ) (0 -12 -16 ) (32 -12 -16 ) 
4 127 137 (256 -52 -16 ) (160 -52 -16 ) (160 -12 -16 ) (256 -12 -16 ) 
4 127 138 (144 -52 -16 ) (48 -52 -16 ) (48 -12 -16 ) (144 -12 -16 ) 
4 127 136 (368 -52 -16 ) (272 -52 -16 ) (272 -12 -16 ) (368 -12 -16 ) 
4 127 135 (496 -52 -16 ) (400 -52 -16 ) (400 -12 -16 ) (496 -12 -16 ) 
4 127 134 (608 -52 -16 ) (512 -52 -16 ) (512 -12 -16 ) (608 -12 -16 ) 
4 127 133 (720 -52 -16 ) (624 -52 -16 ) (624 -12 -16 ) (720 -12 -16 ) 
4 127 131 (944 -52 -16 ) (848 -52 -16 ) (848 -12 -16 ) (944 -12 -16 ) 
4 127 132 (832 -52 -16 ) (736 -52 -16 ) (736 -12 -16 ) (832 -12 -16 ) 
4 127 130 (1024 -12 -16 ) (1024 -52 -16 ) (976 -52 -16 ) (976 -12 -16 ) 
4 128 146 (0 -56 -16 ) (0 -128 -16 ) (0 -128 -12 ) (0 -56 -12 ) 
4 128 140 (1024 -56 -16 ) (1024 -128 -16 ) (0 -128 -16 ) (0 -56 -16 ) 
4 129 147 (0 0 -16 ) (0 0 -128 ) (0 -8 -128 ) (0 -8 -16 ) 
4 129 141 (0 -8 -128 ) (0 0 -128 ) (1024 0 -128 ) (1024 -8 -128 ) 
4 129 139 (0 -8 -128 ) (32 -8 -128 ) (32 -8 -16 ) (0 -8 -16 ) 
4 129 137 (160 -8 -128 ) (256 -8 -128 ) (256 -8 -16 ) (160 -8 -16 ) 
4 129 138 (48 -8 -128 ) (144 -8 -128 ) (144 -8 -16 ) (48 -8 -16 ) 
4 129 136 (272 -8 -128 ) (368 -8 -128 ) (368 -8 -16 ) (272 -8 -16 ) 
4 129 135 (400 -8 -128 ) (496 -8 -128 ) (496 -8 -16 ) (400 -8 -16 ) 
4 129 134 (512 -8 -128 ) (608 -8 -128 ) (608 -8 -16 ) (512 -8 -16 ) 
4 129 133 (624 -8 -128 ) (720 -8 -128 ) (720 -8 -16 ) (624 -8 -16 ) 
4 129 131 (848 -8 -128 ) (944 -8 -128 ) (944 -8 -16 ) (848 -8 -16 ) 
4 129 132 (736 -8 -128 ) (832 -8 -128 ) (832 -8 -16 ) (736 -8 -16 ) 
4 129 130 (976 -8 -128 ) (1024 -8 -128 ) (1024 -8 -16 ) (976 -8 -16 ) 
4 130 141 (976 -8 -128 ) (1024 -8 -128 ) (1024 -56 -128 ) (976 -56 -128 ) 
4 130 140 (976 -56 -128 ) (1024 -56 -128 ) (1024 -56 -16 ) (976 -56 -16 ) 
4 131 141 (848 -8 -128 ) (944 -8 -128 ) (944 -56 -128 ) (848 -56 -128 ) 
4 131 140 (848 -56 -128 ) (944 -56 -128 ) (944 -56 -16 ) (848 -56 -16 ) 
4 132 141 (736 -8 -128 ) (832 -8 -128 ) (832 -56 -128 ) (736 -56 -128 ) 
4 132 140 (736 -56 -128 ) (832 -56 -128 ) (832 -56 -16 ) (736 -56 -16 ) 
4 133 141 (624 -8 -128 ) (720 -8 -128 ) (720 -56 -128 ) (624 -56 -128 ) 
4 133 140 (624 -56 -128 ) (720 -56 -128 ) (720 -56 -16 ) (624 -56 -16 ) 
4 134 141 (512 -8 -128 ) (608 -8 -128 ) (608 -56 -128 ) (512 -56 -128 ) 
4 134 140 (512 -56 -128 ) (608 -56 -128 ) (608 -56 -16 ) (512 -56 -16 ) 
4 135 141 (400 -8 -128 ) (496 -8 -128 ) (496 -56 -128 ) (400 -56 -128 ) 
4 135 140 (400 -56 -128 ) (496 -56 -128 ) (496 -56 -16 ) (400 -56 -16 ) 
4 136 141 (272 -8 -128 ) (368 -8 -128 ) (368 -56 -128 ) (272 -56 -128 ) 
4 136 140 (272 -56 -128 ) (368 -56 -128 ) (368 -56 -16 ) (272 -56 -16 ) 
4 137 141 (160 -8 -128 ) (256 -8 -128 ) (256 -56 -128 ) (160 -56 -128 ) 
4 137 140 (160 -56 -128 ) (256 -56 -128 ) (256 -56 -16 ) (160 -56 -16 ) 
4 138 141 (48 -8 -128 ) (144 -8 -128 ) (144 -56 -128 ) (48 -56 -128 ) 
4 138 140 (48 -56 -128 ) (144 -56 -128 ) (144 -56 -16 ) (48 -56 -16 ) 
4 139 148 (0 -8 -128 ) (0 -56 -128 ) (0 -56 -16 ) (0 -8 -16 ) 
4 139 141 (0 -56 -128 ) (0 -8 -128 ) (32 -8 -128 ) (32 -56 -128 ) 
4 139 140 (0 -56 -128 ) (32 -56 -128 ) (32 -56 -16 ) (0 -56 -16 ) 
4 140 150 (0 -56 -128 ) (0 -128 -128 ) (0 -128 -16 ) (0 -56 -16 ) 
4 140 141 (0 -128 -128 ) (0 -56 -128 ) (1024 -56 -128 ) (1024 -128 -128 ) 
4 141 151 (0 0 -128 ) (0 0 -160 ) (0 -160 -160 ) (0 -160 -128 ) 
4 142 146 (-192 -128 -12 ) (-192 -56 -12 ) (0 -56 -12 ) (0 -128 -12 ) 
4 142 144 (-192 -8 -12 ) (-192 0 -12 ) (0 0 -12 ) (0 -8 -12 ) 
4 142 145 (-192 -52 -12 ) (-192 -12 -12 ) (0 -12 -12 ) (0 -52 -12 ) 
4 142 143 (0 -128 320 ) (0 -128 352 ) (-192 -128 352 ) (-192 -128 320 ) 
4 144 147 (-192 -8 -16 ) (-192 0 -16 ) (0 0 -16 ) (0 -8 -16 ) 
4 145 148 (-64 -12 -16 ) (0 -12 -16 ) (0 -52 -16 ) (-64 -52 -16 ) 
4 145 149 (-176 -12 -16 ) (-80 -12 -16 ) (-80 -52 -16 ) (-176 -52 -16 ) 
4 146 150 (-192 -128 -16 ) (-192 -56 -16 ) (0 -56 -16 ) (0 -128 -16 ) 
4 147 151 (-192 -8 -128 ) (-192 0 -128 ) (0 0 -128 ) (0 -8 -128 ) 
4 147 148 (-64 -8 -128 ) (0 -8 -128 ) (0 -8 -16 ) (-64 -8 -16 ) 
4 147 149 (-176 -8 -128 ) (-80 -8 -128 ) (-80 -8 -16 ) (-176 -8 -16 ) 
4 148 151 (-64 -8 -128 ) (0 -8 -128 ) (0 -56 -128 ) (-64 -56 -128 ) 
4 148 150 (-64 -56 -128 ) (0 -56 -128 ) (0 -56 -16 ) (-64 -56 -16 ) 
4 149 151 (-176 -8 -128 ) (-80 -8 -128 ) (-80 -56 -128 ) (-176 -56 -128 ) 
4 149 150 (-176 -56 -128 ) (-80 -56 -128 ) (-80 -56 -16 ) (-176 -56 -16 ) 
4 150 151 (-192 -128 -128 ) (-192 -56 -128 ) (0 -56 -128 ) (0 -128 -128 ) 
