PRT1
194
557
4 0 4 (1056 126 -126 ) (1056 32 -126 ) (1056 32 638 ) (1056 126 638 ) 
4 0 2 (1056 32 638 ) (1056 32 392 ) (1224 32 392 ) (1224 32 638 ) 
4 0 3 (1056 32 328 ) (1056 32 -126 ) (1224 32 -126 ) (1224 32 328 ) 
4 0 1 (1224 32 -126 ) (1278 32 -126 ) (1278 32 638 ) (1224 32 638 ) 
4 1 9 (1224 0 328 ) (1224 0 -126 ) (1278 0 -126 ) (1278 0 328 ) 
4 1 7 (1278 0 638 ) (1224 0 638 ) (1224 0 328 ) (1278 0 328 ) 
4 1 2 (1224 32 638 ) (1224 32 392 ) (1224 0 392 ) (1224 0 638 ) 
4 1 3 (1224 32 328 ) (1224 32 -126 ) (1224 0 -126 ) (1224 0 328 ) 
4 2 8 (1224 0 638 ) (1056 0 638 ) (1056 0 392 ) (1224 0 392 ) 
4 2 5 (1056 0 392 ) (1056 0 638 ) (1056 32 638 ) (1056 32 392 ) 
4 3 9 (1056 0 328 ) (1056 0 -126 ) (1224 0 -126 ) (1224 0 328 ) 
4 3 6 (1056 32 -126 ) (1056 0 -126 ) (1056 0 8 ) (1056 32 8 ) 
4 4 58 (1024 32 638 ) (1024 88 638 ) (1024 88 -126 ) (1024 32 -126 ) 
4 4 46 (1024 92 -126 ) (1024 88 -126 ) (1024 88 136 ) (1024 92 136 ) 
4 4 37 (1024 126 136 ) (1024 126 -126 ) (1024 92 -126 ) (1024 92 136 ) 
4 4 36 (1024 88 638 ) (1024 126 638 ) (1024 126 136 ) (1024 88 136 ) 
4 4 6 (1024 32 -126 ) (1056 32 -126 ) (1056 32 8 ) (1024 32 8 ) 
4 4 5 (1056 32 392 ) (1056 32 638 ) (1024 32 638 ) (1024 32 392 ) 
4 5 59 (1024 0 392 ) (1024 0 638 ) (1024 32 638 ) (1024 32 392 ) 
4 5 12 (1056 0 638 ) (1024 0 638 ) (1024 0 392 ) (1056 0 392 ) 
4 6 60 (1024 0 -126 ) (1024 0 8 ) (1024 32 8 ) (1024 32 -126 ) 
4 6 13 (1024 0 8 ) (1024 0 -126 ) (1056 0 -126 ) (1056 0 8 ) 
4 7 14 (1278 -96 638 ) (1224 -96 638 ) (1224 -96 328 ) (1278 -96 328 ) 
4 7 10 (1278 -96 328 ) (1224 -96 328 ) (1224 -88 328 ) (1278 -88 328 ) 
4 7 9 (1224 -88 328 ) (1224 0 328 ) (1278 0 328 ) (1278 -88 328 ) 
4 7 8 (1224 -96 392 ) (1224 -96 638 ) (1224 0 638 ) (1224 0 392 ) 
4 8 23 (1216 -96 638 ) (1056 -96 638 ) (1056 -96 392 ) (1216 -96 392 ) 
4 8 15 (1224 -96 638 ) (1216 -96 638 ) (1216 -96 392 ) (1224 -96 392 ) 
4 8 12 (1056 0 638 ) (1056 0 392 ) (1056 -96 392 ) (1056 -96 638 ) 
4 9 13 (1056 0 8 ) (1056 0 -126 ) (1056 -88 -126 ) (1056 -88 8 ) 
4 9 11 (1056 -88 72 ) (1056 -88 -126 ) (1278 -88 -126 ) (1278 -88 72 ) 
4 9 10 (1278 -88 328 ) (1224 -88 328 ) (1224 -88 72 ) (1278 -88 72 ) 
4 10 14 (1278 -96 328 ) (1224 -96 328 ) (1224 -96 72 ) (1278 -96 72 ) 
4 10 11 (1278 -96 72 ) (1224 -96 72 ) (1224 -88 72 ) (1278 -88 72 ) 
4 11 26 (1056 -96 -0.382412 ) (1056 -96 -126 ) (1216 -96 -126 ) (1216 -96 -0.382412 ) 
4 11 24 (1216 -96 72 ) (1056 -96 72 ) (1056 -96 -0.382412 ) (1216 -96 -0.382412 ) 
4 11 22 (1278 -96 72 ) (1216 -96 72 ) (1216 -96 -126 ) (1278 -96 -126 ) 
4 11 13 (1056 -96 -126 ) (1056 -96 8 ) (1056 -88 8 ) (1056 -88 -126 ) 
4 12 98 (1024 -96 392 ) (1024 -96 638 ) (1024 0 638 ) (1024 0 392 ) 
4 12 23 (1056 -96 392 ) (1056 -96 638 ) (1024 -96 638 ) (1024 -96 392 ) 
4 13 116 (1024 -96 -126 ) (1024 -96 -0.382412 ) (1024 0 -0.382412 ) (1024 0 -126 ) 
4 13 114 (1024 -96 -0.382412 ) (1024 -96 7.640080 ) (1024 0 7.640080 ) (1024 0 -0.382412 ) 
4 13 99 (1024 -96 7.640080 ) (1024 -96 8 ) (1024 0 8 ) (1024 0 7.640080 ) 
4 13 26 (1056 -96 -126 ) (1056 -96 -0.382412 ) (1024 -96 -0.382412 ) (1024 -96 -126 ) 
4 14 22 (1224 -96 72 ) (1278 -96 72 ) (1278 -140 72 ) (1224 -140 72 ) 
4 14 16 (1224 -140 72 ) (1278 -140 72 ) (1278 -140 638 ) (1224 -140 638 ) 
4 14 15 (1224 -96 638 ) (1224 -96 392 ) (1224 -140 392 ) (1224 -140 638 ) 
4 15 23 (1216 -96 638 ) (1216 -96 392 ) (1216 -140 392 ) (1216 -140 638 ) 
4 15 17 (1216 -140 638 ) (1216 -140 392 ) (1224 -140 392 ) (1224 -140 638 ) 
4 16 22 (1224 -140 72 ) (1278 -140 72 ) (1278 -180 72 ) (1224 -180 72 ) 
4 16 20 (1224 -180 72 ) (1278 -180 72 ) (1278 -180 638 ) (1224 -180 638 ) 
4 16 17 (1224 -140 638 ) (1224 -140 392 ) (1224 -180 392 ) (1224 -180 638 ) 
4 17 23 (1216 -180 392 ) (1216 -180 638 ) (1216 -140 638 ) (1216 -140 392 ) 
4 17 21 (1216 -180 638 ) (1216 -180 392 ) (1224 -180 392 ) (1224 -180 638 ) 
4 18 24 (1216 -180 234 ) (1216 -180 306 ) (1216 -140 306 ) (1216 -140 234 ) 
4 19 24 (1216 -180 106 ) (1216 -180 178 ) (1216 -140 178 ) (1216 -140 106 ) 
4 20 30 (1224 -224 264 ) (1224 -224 72 ) (1278 -224 72 ) (1278 -224 264 ) 
4 20 27 (1278 -224 638 ) (1224 -224 638 ) (1224 -224 264 ) (1278 -224 264 ) 
4 20 22 (1278 -224 72 ) (1224 -224 72 ) (1224 -180 72 ) (1278 -180 72 ) 
4 20 21 (1224 -180 638 ) (1224 -180 392 ) (1224 -224 392 ) (1224 -224 638 ) 
4 21 28 (1216 -224 638 ) (1216 -224 392 ) (1224 -224 392 ) (1224 -224 638 ) 
4 21 23 (1216 -224 392 ) (1216 -224 638 ) (1216 -180 638 ) (1216 -180 392 ) 
4 22 31 (1216 -224 8 ) (1216 -224 -126 ) (1278 -224 -126 ) (1278 -224 8 ) 
4 22 30 (1278 -224 72 ) (1220 -224 72 ) (1220 -224 8 ) (1278 -224 8 ) 
4 22 26 (1216 -96 -0.382412 ) (1216 -96 -126 ) (1216 -224 -126 ) (1216 -224 -0.382412 ) 
4 22 24 (1216 -96 72 ) (1216 -96 -0.382412 ) (1216 -224 -0.382412 ) (1216 -224 72 ) 
4 23 123 (1024 -224 392 ) (1024 -224 638 ) (1024 -96 638 ) (1024 -96 392 ) 
4 23 28 (1024 -224 638 ) (1024 -224 392 ) (1216 -224 392 ) (1216 -224 638 ) 
4 24 31 (1056 -224 -0.382412 ) (1216 -224 -0.382412 ) (1216 -224 8 ) (1056 -224 8 ) 
4 24 26 (1056 -96 -0.382412 ) (1216 -96 -0.382412 ) (1216 -224 -0.382412 ) (1056 -224 -0.382412 ) 
4 24 25 (1056 -224 8 ) (1056 -224 384 ) (1056 -96 384 ) (1056 -96 8 ) 
4 25 135 (1024 -224 8 ) (1024 -224 128 ) (1024 -216 128 ) (1024 -216 8 ) 
4 25 134 (1024 -216 128 ) (1024 -96 128 ) (1024 -96 8 ) (1024 -216 8 ) 
4 25 133 (1024 -224 128 ) (1024 -224 132 ) (1024 -96 132 ) (1024 -96 128 ) 
4 25 131 (1024 -224 132 ) (1024 -224 136 ) (1024 -96 136 ) (1024 -96 132 ) 
4 25 129 (1024 -224 136 ) (1024 -224 256 ) (1024 -96 256 ) (1024 -96 136 ) 
4 25 127 (1024 -224 256 ) (1024 -224 264 ) (1024 -96 264 ) (1024 -96 256 ) 
4 25 125 (1024 -224 264 ) (1024 -224 384 ) (1024 -96 384 ) (1024 -96 264 ) 
4 26 139 (1024 -224 -126 ) (1024 -224 -0.382412 ) (1024 -96 -0.382412 ) (1024 -96 -126 ) 
4 26 31 (1024 -224 -0.382412 ) (1024 -224 -126 ) (1216 -224 -126 ) (1216 -224 -0.382412 ) 
4 27 30 (1224 -224 264 ) (1278 -224 264 ) (1278 -232 264 ) (1224 -232 264 ) 
4 27 29 (1224 -232 264 ) (1278 -232 264 ) (1278 -232 638 ) (1224 -232 638 ) 
4 27 28 (1224 -232 392 ) (1224 -232 638 ) (1224 -224 638 ) (1224 -224 392 ) 
4 28 140 (1024 -232 638 ) (1024 -224 638 ) (1024 -224 392 ) (1024 -232 392 ) 
4 28 29 (1224 -232 392 ) (1224 -232 638 ) (1024 -232 638 ) (1024 -232 392 ) 
4 29 156 (1024 -510 638 ) (1024 -384 638 ) (1024 -384 264 ) (1024 -510 264 ) 
4 29 146 (1024 -384 638 ) (1024 -232 638 ) (1024 -232 264 ) (1024 -384 264 ) 
4 29 35 (1024 -510 264 ) (1024 -268 264 ) (1278 -268 264 ) (1278 -510 264 ) 
4 29 32 (1220 -232 264 ) (1278 -232 264 ) (1278 -268 264 ) (1220 -268 264 ) 
4 29 34 (1024 -268 264 ) (1024 -232 264 ) (1216 -232 264 ) (1216 -268 264 ) 
4 30 32 (1278 -232 264 ) (1220 -232 264 ) (1220 -232 8 ) (1278 -232 8 ) 
4 30 31 (1278 -232 8 ) (1220 -232 8 ) (1220 -224 8 ) (1278 -224 8 ) 
4 31 174 (1024 -232 -126 ) (1024 -232 8 ) (1024 -224 8 ) (1024 -224 -126 ) 
4 31 33 (1216 -232 -126 ) (1220 -232 -126 ) (1220 -232 8 ) (1216 -232 8 ) 
4 31 32 (1220 -232 -126 ) (1278 -232 -126 ) (1278 -232 8 ) (1220 -232 8 ) 
4 31 34 (1024 -232 8 ) (1024 -232 -126 ) (1216 -232 -126 ) (1216 -232 8 ) 
4 32 35 (1220 -268 -126 ) (1278 -268 -126 ) (1278 -268 264 ) (1220 -268 264 ) 
4 32 33 (1220 -232 8 ) (1220 -232 -126 ) (1220 -268 -126 ) (1220 -268 8 ) 
4 33 35 (1216 -268 -126 ) (1220 -268 -126 ) (1220 -268 8 ) (1216 -268 8 ) 
4 33 34 (1216 -232 8 ) (1216 -232 -126 ) (1216 -268 -126 ) (1216 -268 8 ) 
4 34 174 (1024 -232 8 ) (1024 -232 -126 ) (1024 -268 -126 ) (1024 -268 8 ) 
4 34 167 (1024 -232 128 ) (1024 -232 8 ) (1024 -268 8 ) (1024 -268 128 ) 
4 34 161 (1024 -232 136 ) (1024 -232 128 ) (1024 -268 128 ) (1024 -268 136 ) 
4 34 146 (1024 -268 264 ) (1024 -232 264 ) (1024 -232 192 ) (1024 -268 192 ) 
4 34 155 (1024 -232 192 ) (1024 -232 136 ) (1024 -268 136 ) (1024 -268 192 ) 
4 34 35 (1024 -268 -126 ) (1216 -268 -126 ) (1216 -268 264 ) (1024 -268 264 ) 
4 35 180 (1024 -416 -126 ) (1024 -510 -126 ) (1024 -510 8 ) (1024 -416 8 ) 
4 35 174 (1024 -268 8 ) (1024 -268 -126 ) (1024 -416 -126 ) (1024 -416 8 ) 
4 35 173 (1024 -404 8 ) (1024 -510 8 ) (1024 -510 136 ) (1024 -404 136 ) 
4 35 170 (1024 -400 8 ) (1024 -404 8 ) (1024 -404 136 ) (1024 -400 136 ) 
4 35 167 (1024 -268 128 ) (1024 -268 8 ) (1024 -400 8 ) (1024 -400 128 ) 
4 35 161 (1024 -268 136 ) (1024 -268 128 ) (1024 -400 128 ) (1024 -400 136 ) 
4 35 156 (1024 -510 264 ) (1024 -384 264 ) (1024 -384 136 ) (1024 -510 136 ) 
4 35 146 (1024 -384 264 ) (1024 -268 264 ) (1024 -268 192 ) (1024 -384 192 ) 
4 35 155 (1024 -268 192 ) (1024 -268 136 ) (1024 -384 136 ) (1024 -384 192 ) 
4 36 83 (0 88 136 ) (0 88 638 ) (0 92 638 ) (0 92 136 ) 
4 36 82 (0 92 638 ) (0 126 638 ) (0 126 136 ) (0 92 136 ) 
4 36 79 (0 88 638 ) (0 88 136 ) (160 88 136 ) (160 88 638 ) 
4 36 77 (160 88 136 ) (168 88 136 ) (168 88 638 ) (160 88 638 ) 
4 36 72 (168 88 136 ) (296 88 136 ) (296 88 638 ) (168 88 638 ) 
4 36 69 (296 88 136 ) (360 88 136 ) (360 88 638 ) (296 88 638 ) 
4 36 62 (360 88 136 ) (456 88 136 ) (456 88 638 ) (360 88 638 ) 
4 36 61 (456 88 136 ) (744 88 136 ) (744 88 638 ) (456 88 638 ) 
4 36 58 (744 88 136 ) (1024 88 136 ) (1024 88 638 ) (744 88 638 ) 
4 36 47 (456 88 136 ) (448 88 136 ) (452 92 136 ) (456 92 136 ) 
4 36 46 (1024 88 136 ) (456 88 136 ) (456 92 136 ) (1024 92 136 ) 
4 36 44 (0 92 136 ) (0 96 136 ) (160 96 136 ) (160 92 136 ) 
4 36 43 (0 96 136 ) (0 126 136 ) (160 126 136 ) (160 96 136 ) 
4 36 38 (196 126 136 ) (456 126 136 ) (456 92 136 ) (196 92 136 ) 
4 36 42 (160 126 136 ) (196 126 136 ) (196 92 136 ) (160 92 136 ) 
4 36 37 (456 126 136 ) (1024 126 136 ) (1024 92 136 ) (456 92 136 ) 
4 37 46 (456 92 -126 ) (1024 92 -126 ) (1024 92 136 ) (456 92 136 ) 
4 37 41 (456 96 -126 ) (456 92 -126 ) (456 92 -0.382412 ) (456 96 -0.382412 ) 
4 37 39 (456 126 135.618011 ) (456 126 -126 ) (456 96 -126 ) (456 96 135.618011 ) 
4 37 38 (456 126 136 ) (456 126 135.618011 ) (456 92 135.618011 ) (456 92 136 ) 
4 38 47 (456 92 135.618011 ) (456 92 136 ) (452 92 136 ) (452 92 135.618011 ) 
4 38 40 (196 92 135.618011 ) (196 96 135.618011 ) (456 96 135.618011 ) (452 92 135.618011 ) 
4 38 39 (196 96 135.618011 ) (196 126 135.618011 ) (456 126 135.618011 ) (456 96 135.618011 ) 
4 38 42 (196 126 136 ) (196 126 135.618011 ) (196 92 135.618011 ) (196 92 136 ) 
4 39 40 (456 96 7.640080 ) (456 96 135.618011 ) (196 96 135.618011 ) (196 96 7.640080 ) 
4 39 41 (456 96 -126 ) (456 96 -0.382412 ) (196 96 -0.382412 ) (196 96 -126 ) 
4 39 42 (196 126 135.618011 ) (196 126 -126 ) (196 96 -126 ) (196 96 135.618011 ) 
4 40 51 (244 92 121.960999 ) (244 92 49.758202 ) (284 92 49.758202 ) (284 92 121.960999 ) 
4 40 49 (372 92 121.960999 ) (372 92 49.758202 ) (412 92 49.758202 ) (412 92 121.960999 ) 
4 40 42 (196 92 7.640080 ) (196 92 135.618011 ) (196 96 135.618011 ) (196 96 7.640080 ) 
4 41 55 (196 92 -126 ) (244 92 -126 ) (244 92 -0.382412 ) (196 92 -0.382412 ) 
4 41 52 (244 92 -126 ) (372 92 -126 ) (372 92 -0.382412 ) (244 92 -0.382412 ) 
4 41 50 (372 92 -126 ) (412 92 -126 ) (412 92 -0.382412 ) (372 92 -0.382412 ) 
4 41 48 (412 92 -126 ) (456 92 -126 ) (456 92 -0.382412 ) (412 92 -0.382412 ) 
4 41 42 (196 96 -126 ) (196 92 -126 ) (196 92 -0.382412 ) (196 96 -0.382412 ) 
4 42 53 (196 92 0 ) (196 92 7.640080 ) (160 92 7.640080 ) (160 92 0 ) 
4 42 54 (196 92 -0.382412 ) (196 92 0 ) (160 92 0 ) (160 92 -0.382412 ) 
4 42 55 (160 92 -126 ) (196 92 -126 ) (196 92 -0.382412 ) (160 92 -0.382412 ) 
4 42 44 (160 92 8 ) (160 92 136 ) (160 96 136 ) (160 96 8 ) 
4 42 45 (160 96 -126 ) (160 92 -126 ) (160 92 0 ) (160 96 0 ) 
4 42 43 (160 126 136 ) (160 126 -126 ) (160 96 -126 ) (160 96 136 ) 
4 43 95 (0 126 8 ) (0 126 -126 ) (0 96 -126 ) (0 96 8 ) 
4 43 82 (0 96 136 ) (0 126 136 ) (0 126 8 ) (0 96 8 ) 
4 43 44 (160 96 8 ) (160 96 136 ) (0 96 136 ) (0 96 8 ) 
4 43 45 (0 96 -126 ) (160 96 -126 ) (160 96 0 ) (0 96 0 ) 
4 44 82 (0 92 136 ) (0 96 136 ) (0 96 8 ) (0 92 8 ) 
4 45 96 (0 96 0 ) (0 96 -126 ) (0 92 -126 ) (0 92 0 ) 
4 45 57 (0 92 -126 ) (116 92 -126 ) (116 92 0 ) (0 92 0 ) 
4 45 54 (160 92 -0.382412 ) (160 92 0 ) (116 92 0 ) (116 92 -0.382412 ) 
4 45 55 (116 92 -126 ) (160 92 -126 ) (160 92 -0.382412 ) (116 92 -0.382412 ) 
4 46 61 (456 88 -126 ) (744 88 -126 ) (744 88 136 ) (456 88 136 ) 
4 46 58 (744 88 -126 ) (1024 88 -126 ) (1024 88 136 ) (744 88 136 ) 
4 46 47 (456 92 136 ) (456 92 135.618011 ) (456 88 135.618011 ) (456 88 136 ) 
4 46 48 (456 92 -0.382412 ) (456 92 -126 ) (456 88 -126 ) (456 88 -0.382412 ) 
4 47 62 (456 88 135.618011 ) (456 88 136 ) (448 88 136 ) (448 88 135.618011 ) 
4 48 68 (412 88 -126 ) (448 88 -126 ) (448 88 -0.382412 ) (412 88 -0.382412 ) 
4 48 65 (448 88 -126 ) (456 88 -126 ) (456 88 -0.382412 ) (448 88 -0.382412 ) 
4 48 50 (412 92 -0.382412 ) (412 92 -126 ) (412 88 -126 ) (412 88 -0.382412 ) 
4 49 67 (412 88 49.758202 ) (412 88 121.960999 ) (372 88 121.960999 ) (372 88 49.758202 ) 
4 50 68 (372 88 -126 ) (412 88 -126 ) (412 88 -0.382412 ) (372 88 -0.382412 ) 
4 50 52 (372 92 -0.382412 ) (372 92 -126 ) (372 88 -126 ) (372 88 -0.382412 ) 
4 51 73 (244 88 121.960999 ) (244 88 49.758202 ) (284 88 49.758202 ) (284 88 121.960999 ) 
4 52 75 (244 88 -126 ) (360 88 -126 ) (360 88 -0.382412 ) (244 88 -0.382412 ) 
4 52 68 (360 88 -126 ) (372 88 -126 ) (372 88 -0.382412 ) (360 88 -0.382412 ) 
4 52 55 (244 92 -0.382412 ) (244 92 -126 ) (244 88 -126 ) (244 88 -0.382412 ) 
4 53 78 (160 88 7.640080 ) (160 88 0 ) (168 88 0 ) (168 88 7.640080 ) 
4 53 76 (168 88 0 ) (196 88 0 ) (196 88 7.640080 ) (168 88 7.640080 ) 
4 53 54 (160 92 0 ) (196 92 0 ) (196 88 0 ) (160 88 0 ) 
4 54 81 (116 88 0 ) (116 88 -0.382412 ) (160 88 -0.382412 ) (160 88 0 ) 
4 54 78 (160 88 -0.382412 ) (168 88 -0.382412 ) (168 88 0 ) (160 88 0 ) 
4 54 76 (168 88 -0.382412 ) (196 88 -0.382412 ) (196 88 0 ) (168 88 0 ) 
4 54 57 (116 92 0 ) (116 92 -0.382412 ) (116 88 -0.382412 ) (116 88 0 ) 
4 54 55 (116 88 -0.382412 ) (116 92 -0.382412 ) (196 92 -0.382412 ) (196 88 -0.382412 ) 
4 55 81 (116 88 -126 ) (160 88 -126 ) (160 88 -0.382412 ) (116 88 -0.382412 ) 
4 55 78 (160 88 -126 ) (168 88 -126 ) (168 88 -0.382412 ) (160 88 -0.382412 ) 
4 55 75 (196 88 -126 ) (244 88 -126 ) (244 88 -0.382412 ) (196 88 -0.382412 ) 
4 55 76 (168 88 -126 ) (196 88 -126 ) (196 88 -0.382412 ) (168 88 -0.382412 ) 
4 55 57 (116 92 -0.382412 ) (116 92 -126 ) (116 88 -126 ) (116 88 -0.382412 ) 
4 56 80 (116 88 40 ) (116 88 114 ) (76 88 114 ) (76 88 40 ) 
4 57 96 (0 88 -126 ) (0 88 0 ) (0 92 0 ) (0 92 -126 ) 
4 57 81 (0 88 0 ) (0 88 -126 ) (116 88 -126 ) (116 88 0 ) 
4 58 61 (744 88 638 ) (744 88 -126 ) (744 32 -126 ) (744 32 638 ) 
4 58 60 (744 32 8 ) (744 32 -126 ) (1024 32 -126 ) (1024 32 8 ) 
4 58 59 (744 32 638 ) (744 32 392 ) (1024 32 392 ) (1024 32 638 ) 
4 59 98 (1024 0 392 ) (1024 0 638 ) (744 0 638 ) (744 0 392 ) 
4 59 61 (744 0 392 ) (744 0 638 ) (744 32 638 ) (744 32 392 ) 
4 60 116 (1024 0 -126 ) (1024 0 -0.382412 ) (744 0 -0.382412 ) (744 0 -126 ) 
4 60 114 (1024 0 -0.382412 ) (1024 0 7.640080 ) (744 0 7.640080 ) (744 0 -0.382412 ) 
4 60 99 (1024 0 7.640080 ) (1024 0 8 ) (744 0 8 ) (744 0 7.640080 ) 
4 60 61 (744 32 -126 ) (744 0 -126 ) (744 0 8 ) (744 32 8 ) 
4 61 116 (456 0 -0.382412 ) (456 0 -126 ) (744 0 -126 ) (744 0 -0.382412 ) 
4 61 114 (456 0 7.640080 ) (456 0 -0.382412 ) (744 0 -0.382412 ) (744 0 7.640080 ) 
4 61 100 (456 0 638 ) (456 0 7.640080 ) (744 0 7.640080 ) (744 0 638 ) 
4 61 64 (456 0 132 ) (456 0 135.618011 ) (456 56 135.618011 ) (456 56 132 ) 
4 61 63 (456 56 7.640080 ) (456 56 135.618011 ) (456 64 135.618011 ) (456 64 7.640080 ) 
4 61 65 (456 88 -0.382412 ) (456 88 -126 ) (456 0 -126 ) (456 0 -0.382412 ) 
4 61 62 (456 88 638 ) (456 88 135.618011 ) (456 0 135.618011 ) (456 0 638 ) 
4 62 104 (448 0 638 ) (360 0 638 ) (360 0 135.618011 ) (448 0 135.618011 ) 
4 62 101 (456 0 135.618011 ) (456 0 638 ) (448 0 638 ) (448 0 135.618011 ) 
4 62 70 (360 32 135.618011 ) (360 0 135.618011 ) (360 0 638 ) (360 32 638 ) 
4 62 69 (360 88 638 ) (360 88 135.618011 ) (360 32 135.618011 ) (360 32 638 ) 
4 62 66 (360 0 135.618011 ) (360 88 135.618011 ) (448 88 135.618011 ) (448 0 135.618011 ) 
4 62 64 (456 56 135.618011 ) (456 0 135.618011 ) (448 0 135.618011 ) (448 56 135.618011 ) 
3 62 63 (456 64 135.618011 ) (456 56 135.618011 ) (448 56 135.618011 ) 
4 63 64 (448 56 135.618011 ) (448 56 132 ) (456 56 132 ) (456 56 135.618011 ) 
4 64 101 (456 0 132 ) (456 0 135.618011 ) (448 0 135.618011 ) (448 0 132 ) 
4 64 66 (448 0 132 ) (448 0 135.618011 ) (448 56 135.618011 ) (448 56 132 ) 
4 65 116 (456 0 -126 ) (456 0 -0.382412 ) (448 0 -0.382412 ) (448 0 -126 ) 
4 65 68 (448 88 -126 ) (448 0 -126 ) (448 0 -0.382412 ) (448 88 -0.382412 ) 
4 66 104 (448 0 135.618011 ) (360 0 135.618011 ) (360 0 131.988998 ) (448 0 131.988998 ) 
4 66 70 (360 0 132.371994 ) (360 0 135.618011 ) (360 32 135.618011 ) (360 32 132.371994 ) 
4 66 69 (360 88 135.618011 ) (360 88 131.988998 ) (360 32 131.988998 ) (360 32 135.618011 ) 
4 67 105 (360 0 127.977997 ) (360 0 7.640080 ) (448 0 7.640080 ) (448 0 127.977997 ) 
4 67 73 (360 88 127.977997 ) (360 88 7.640080 ) (360 0 7.640080 ) (360 0 127.977997 ) 
4 68 116 (360 0 -0.382412 ) (360 0 -126 ) (448 0 -126 ) (448 0 -0.382412 ) 
4 68 75 (360 88 -0.382412 ) (360 88 -126 ) (360 0 -126 ) (360 0 -0.382412 ) 
4 69 72 (296 88 638 ) (296 88 131.988998 ) (296 32 131.988998 ) (296 32 638 ) 
4 69 70 (296 32 638 ) (296 32 132.371994 ) (360 32 132.371994 ) (360 32 638 ) 
4 70 104 (296 0 638 ) (296 0 132.371994 ) (360 0 132.371994 ) (360 0 638 ) 
4 70 72 (296 0 132.371994 ) (296 0 638 ) (296 32 638 ) (296 32 132.371994 ) 
4 71 73 (360 32 127.977997 ) (360 0 127.977997 ) (296 0 127.977997 ) (296 32 127.977997 ) 
4 72 104 (168 0 638 ) (168 0 131.988998 ) (296 0 131.988998 ) (296 0 638 ) 
4 72 77 (168 88 638 ) (168 88 131.988998 ) (168 0 131.988998 ) (168 0 638 ) 
4 73 107 (204 0 7.640080 ) (296 0 7.640080 ) (296 0 127.977997 ) (204 0 127.977997 ) 
4 73 106 (296 0 7.640080 ) (360 0 7.640080 ) (360 0 127.977997 ) (296 0 127.977997 ) 
4 74 108 (168 0 127.977997 ) (168 0 7.640080 ) (196 0 7.640080 ) (196 0 127.977997 ) 
4 74 78 (168 88 8 ) (168 88 7.640080 ) (168 0 7.640080 ) (168 0 8 ) 
4 74 76 (168 0 7.640080 ) (168 88 7.640080 ) (196 88 7.640080 ) (196 0 7.640080 ) 
4 75 116 (196 0 -126 ) (360 0 -126 ) (360 0 -0.382412 ) (196 0 -0.382412 ) 
4 75 76 (196 88 -126 ) (196 0 -126 ) (196 0 -0.382412 ) (196 88 -0.382412 ) 
4 76 116 (168 0 -0.382412 ) (168 0 -126 ) (196 0 -126 ) (196 0 -0.382412 ) 
4 76 115 (168 0 7.640080 ) (168 0 -0.382412 ) (196 0 -0.382412 ) (196 0 7.640080 ) 
4 76 78 (168 88 7.640080 ) (168 88 -126 ) (168 0 -126 ) (168 0 7.640080 ) 
4 77 109 (160 0 131.988998 ) (160 0 128 ) (168 0 128 ) (168 0 131.988998 ) 
4 77 104 (160 0 638 ) (160 0 131.988998 ) (168 0 131.988998 ) (168 0 638 ) 
4 77 79 (160 88 638 ) (160 88 132 ) (160 0 132 ) (160 0 638 ) 
4 78 116 (160 0 -0.382412 ) (160 0 -126 ) (168 0 -126 ) (168 0 -0.382412 ) 
4 78 115 (160 0 7.640080 ) (160 0 -0.382412 ) (168 0 -0.382412 ) (168 0 7.640080 ) 
4 78 110 (160 0 8 ) (160 0 7.640080 ) (168 0 7.640080 ) (168 0 8 ) 
4 78 81 (160 88 0 ) (160 88 -126 ) (160 0 -126 ) (160 0 0 ) 
4 79 117 (160 0 132 ) (160 0 638 ) (0 0 638 ) (0 0 132 ) 
4 79 91 (0 0 132 ) (0 0 638 ) (0 88 638 ) (0 88 132 ) 
4 80 118 (160 0 8 ) (160 0 128 ) (0 0 128 ) (0 0 8 ) 
4 80 93 (0 0 8 ) (0 0 128 ) (0 88 128 ) (0 88 8 ) 
4 81 122 (160 0 -126 ) (160 0 0 ) (0 0 0 ) (0 0 -126 ) 
4 81 96 (0 0 -126 ) (0 0 0 ) (0 88 0 ) (0 88 -126 ) 
4 82 95 (0 126 8 ) (0 96 8 ) (-116 96 8 ) (-116 126 8 ) 
4 82 88 (-116 96 8 ) (-116 92 8 ) (-116 92 136 ) (-116 96 136 ) 
4 82 87 (-116 92 136 ) (-116 92 638 ) (-116 96 638 ) (-116 96 136 ) 
4 82 86 (-116 126 8 ) (-116 96 8 ) (-116 96 638 ) (-116 126 638 ) 
4 82 85 (-116 92 114 ) (-116 92 42 ) (-76 92 42 ) (-76 92 114 ) 
4 82 84 (-116 92 638 ) (-116 92 136 ) (-76 92 136 ) (-76 92 638 ) 
4 82 83 (0 92 136 ) (0 92 638 ) (-76 92 638 ) (-76 92 136 ) 
4 83 91 (0 88 136 ) (0 88 638 ) (-76 88 638 ) (-76 88 136 ) 
4 83 84 (-76 92 638 ) (-76 92 136 ) (-76 88 136 ) (-76 88 638 ) 
4 84 91 (-76 88 136 ) (-76 88 638 ) (-116 88 638 ) (-116 88 136 ) 
4 84 87 (-116 88 136 ) (-116 88 638 ) (-116 92 638 ) (-116 92 136 ) 
4 85 93 (-76 88 42 ) (-76 88 114 ) (-116 88 114 ) (-116 88 42 ) 
4 86 95 (-116 126 8 ) (-116 96 8 ) (-152 96 8 ) (-152 126 8 ) 
4 86 97 (-152 96 8 ) (-160 96 8 ) (-160 126 8 ) (-152 126 8 ) 
4 86 89 (-160 96 136 ) (-160 96 128 ) (-152 96 128 ) (-152 96 136 ) 
4 86 88 (-152 96 8 ) (-116 96 8 ) (-116 96 136 ) (-152 96 136 ) 
4 86 87 (-160 96 638 ) (-160 96 136 ) (-116 96 136 ) (-116 96 638 ) 
4 86 90 (-160 126 638 ) (-160 126 8 ) (-160 96 8 ) (-160 96 638 ) 
4 87 91 (-116 88 136 ) (-116 88 638 ) (-160 88 638 ) (-160 88 136 ) 
4 87 89 (-160 92 136 ) (-160 96 136 ) (-152 96 136 ) (-152 92 136 ) 
4 87 88 (-152 96 136 ) (-116 96 136 ) (-116 92 136 ) (-152 92 136 ) 
4 87 90 (-160 88 136 ) (-160 88 638 ) (-160 96 638 ) (-160 96 136 ) 
4 88 89 (-152 92 136 ) (-152 96 136 ) (-152 96 128 ) (-152 92 128 ) 
4 89 90 (-160 92 128 ) (-160 92 136 ) (-160 96 136 ) (-160 96 128 ) 
4 90 97 (-160 88 8 ) (-254 88 8 ) (-254 126 8 ) (-160 126 8 ) 
4 90 94 (-254 88 8 ) (-160 88 8 ) (-160 88 128 ) (-254 88 128 ) 
4 90 92 (-160 88 128 ) (-160 88 132 ) (-254 88 132 ) (-254 88 128 ) 
4 90 91 (-160 88 132 ) (-160 88 638 ) (-254 88 638 ) (-254 88 132 ) 
4 91 181 (0 0 132 ) (0 0 638 ) (-152 0 638 ) (-152 0 132 ) 
4 91 182 (-152 0 638 ) (-254 0 638 ) (-254 0 132 ) (-152 0 132 ) 
4 91 92 (-254 88 132 ) (-152 88 132 ) (-152 0 132 ) (-254 0 132 ) 
4 92 182 (-152 0 132 ) (-254 0 132 ) (-254 0 128 ) (-152 0 128 ) 
4 92 94 (-160 0 128 ) (-254 0 128 ) (-254 88 128 ) (-160 88 128 ) 
4 93 183 (0 0 8 ) (0 0 128 ) (-152 0 128 ) (-152 0 8 ) 
4 94 185 (-160 0 128 ) (-254 0 128 ) (-254 0 8 ) (-160 0 8 ) 
4 94 97 (-160 0 8 ) (-254 0 8 ) (-254 88 8 ) (-160 88 8 ) 
4 95 96 (-152 96 0 ) (-152 96 -126 ) (0 96 -126 ) (0 96 0 ) 
4 95 97 (-152 126 8 ) (-152 126 -126 ) (-152 96 -126 ) (-152 96 8 ) 
4 96 186 (0 0 -126 ) (0 0 0 ) (-152 0 0 ) (-152 0 -126 ) 
4 96 97 (-152 96 -126 ) (-152 0 -126 ) (-152 0 0 ) (-152 96 0 ) 
4 97 187 (-152 0 8 ) (-254 0 8 ) (-254 0 -126 ) (-152 0 -126 ) 
4 98 123 (1024 -96 392 ) (1024 -96 638 ) (744 -96 638 ) (744 -96 392 ) 
4 98 102 (744 -96 392 ) (744 -96 638 ) (744 -88 638 ) (744 -88 392 ) 
4 98 100 (744 -88 638 ) (744 0 638 ) (744 0 392 ) (744 -88 392 ) 
4 99 114 (1024 -96 7.640080 ) (744 -96 7.640080 ) (744 0 7.640080 ) (1024 0 7.640080 ) 
4 99 103 (744 -88 7.640080 ) (744 -96 7.640080 ) (744 -96 8 ) (744 -88 8 ) 
4 99 100 (744 0 7.640080 ) (744 -88 7.640080 ) (744 -88 8 ) (744 0 8 ) 
4 100 114 (456 0 7.640080 ) (744 0 7.640080 ) (744 -88 7.640080 ) (456 -88 7.640080 ) 
4 100 102 (744 -88 128 ) (744 -88 638 ) (456 -88 638 ) (456 -88 128 ) 
4 100 103 (456 -88 7.640080 ) (744 -88 7.640080 ) (744 -88 8 ) (456 -88 8 ) 
4 100 101 (456 -88 132 ) (456 -88 638 ) (456 0 638 ) (456 0 132 ) 
4 101 104 (448 0 638 ) (448 0 132 ) (448 -88 132 ) (448 -88 638 ) 
4 101 102 (448 -88 638 ) (448 -88 132 ) (456 -88 132 ) (456 -88 638 ) 
4 102 132 (448 -96 136 ) (448 -96 132 ) (744 -96 132 ) (744 -96 136 ) 
4 102 130 (448 -96 256 ) (448 -96 136 ) (744 -96 136 ) (744 -96 256 ) 
4 102 128 (448 -96 264 ) (448 -96 256 ) (744 -96 256 ) (744 -96 264 ) 
4 102 126 (448 -96 384 ) (448 -96 264 ) (744 -96 264 ) (744 -96 384 ) 
4 102 124 (448 -96 392 ) (448 -96 384 ) (744 -96 384 ) (744 -96 392 ) 
4 102 123 (448 -96 638 ) (448 -96 392 ) (744 -96 392 ) (744 -96 638 ) 
4 102 104 (448 -96 131.988998 ) (448 -96 638 ) (448 -88 638 ) (448 -88 131.988998 ) 
4 103 114 (744 -96 7.640080 ) (456 -96 7.640080 ) (456 -88 7.640080 ) (744 -88 7.640080 ) 
4 104 132 (160 -96 136 ) (160 -96 131.988998 ) (448 -96 131.988998 ) (448 -96 136 ) 
4 104 130 (160 -96 256 ) (160 -96 136 ) (448 -96 136 ) (448 -96 256 ) 
4 104 128 (160 -96 264 ) (160 -96 256 ) (448 -96 256 ) (448 -96 264 ) 
4 104 126 (160 -96 384 ) (160 -96 264 ) (448 -96 264 ) (448 -96 384 ) 
4 104 124 (160 -96 392 ) (160 -96 384 ) (448 -96 384 ) (448 -96 392 ) 
4 104 123 (160 -96 638 ) (160 -96 392 ) (448 -96 392 ) (448 -96 638 ) 
4 104 119 (160 -88 131.988998 ) (160 -96 131.988998 ) (160 -96 638 ) (160 -88 638 ) 
4 104 117 (160 0 638 ) (160 0 131.988998 ) (160 -88 131.988998 ) (160 -88 638 ) 
4 104 113 (160 -96 131.988998 ) (160 -88 131.988998 ) (168 -88 131.988998 ) (168 -96 131.988998 ) 
4 104 109 (160 -88 131.988998 ) (160 0 131.988998 ) (168 0 131.988998 ) (168 -88 131.988998 ) 
4 105 111 (360 -88 7.640080 ) (400 -88 7.640080 ) (400 -88 115.944000 ) (360 -88 115.944000 ) 
4 105 106 (360 0 7.640080 ) (360 -88 7.640080 ) (360 -88 127.977997 ) (360 0 127.977997 ) 
4 106 112 (352 -88 7.640080 ) (360 -88 7.640080 ) (360 -88 115.944000 ) (352 -88 115.944000 ) 
4 106 107 (296 0 7.640080 ) (296 -88 7.640080 ) (296 -88 127.977997 ) (296 0 127.977997 ) 
4 108 115 (168 0 7.640080 ) (196 0 7.640080 ) (196 -88 7.640080 ) (168 -88 7.640080 ) 
4 108 110 (168 0 7.640080 ) (168 -88 7.640080 ) (168 -88 8 ) (168 0 8 ) 
4 109 113 (168 -88 128 ) (168 -88 131.988998 ) (160 -88 131.988998 ) (160 -88 128 ) 
4 110 115 (160 -88 7.640080 ) (160 0 7.640080 ) (168 0 7.640080 ) (168 -88 7.640080 ) 
4 111 134 (400 -96 8 ) (400 -96 115.944000 ) (360 -96 115.944000 ) (360 -96 8 ) 
4 111 112 (360 -88 115.944000 ) (360 -88 7.640080 ) (360 -96 7.640080 ) (360 -96 115.944000 ) 
4 112 134 (360 -96 8 ) (360 -96 115.944000 ) (352 -96 115.944000 ) (352 -96 8 ) 
4 114 116 (1024 -96 -0.382412 ) (456 -96 -0.382412 ) (456 0 -0.382412 ) (1024 0 -0.382412 ) 
4 115 122 (160 0 0 ) (160 0 -0.382412 ) (160 -96 -0.382412 ) (160 -96 0 ) 
4 115 116 (196 -96 -0.382412 ) (160 -96 -0.382412 ) (160 0 -0.382412 ) (196 0 -0.382412 ) 
4 116 139 (1024 -96 -126 ) (1024 -96 -0.382412 ) (160 -96 -0.382412 ) (160 -96 -126 ) 
4 116 122 (160 0 -0.382412 ) (160 0 -126 ) (160 -96 -126 ) (160 -96 -0.382412 ) 
4 117 181 (0 0 638 ) (0 0 132 ) (0 -88 132 ) (0 -88 638 ) 
4 117 119 (0 -88 638 ) (0 -88 132 ) (160 -88 132 ) (160 -88 638 ) 
4 118 183 (0 0 128 ) (0 0 8 ) (0 -88 8 ) (0 -88 128 ) 
4 118 120 (92 -88 8 ) (140 -88 8 ) (140 -88 116 ) (92 -88 116 ) 
4 118 121 (0 -88 116 ) (0 -88 8 ) (12 -88 8 ) (12 -88 116 ) 
4 119 181 (0 -96 132 ) (0 -96 638 ) (0 -88 638 ) (0 -88 132 ) 
4 119 132 (160 -96 132 ) (160 -96 136 ) (0 -96 136 ) (0 -96 132 ) 
4 119 130 (160 -96 136 ) (160 -96 256 ) (0 -96 256 ) (0 -96 136 ) 
4 119 128 (160 -96 256 ) (160 -96 264 ) (0 -96 264 ) (0 -96 256 ) 
4 119 126 (160 -96 264 ) (160 -96 384 ) (0 -96 384 ) (0 -96 264 ) 
4 119 124 (160 -96 384 ) (160 -96 392 ) (0 -96 392 ) (0 -96 384 ) 
4 119 123 (160 -96 392 ) (160 -96 638 ) (0 -96 638 ) (0 -96 392 ) 
4 120 134 (92 -96 8 ) (140 -96 8 ) (140 -96 116 ) (92 -96 116 ) 
4 121 184 (0 -88 8 ) (0 -96 8 ) (0 -96 116 ) (0 -88 116 ) 
4 121 134 (0 -96 116 ) (0 -96 8 ) (12 -96 8 ) (12 -96 116 ) 
4 122 186 (0 0 0 ) (0 0 -126 ) (0 -96 -126 ) (0 -96 0 ) 
4 122 139 (160 -96 -126 ) (160 -96 -0.382412 ) (0 -96 -0.382412 ) (0 -96 -126 ) 
4 123 188 (0 -224 392 ) (0 -224 638 ) (0 -96 638 ) (0 -96 392 ) 
4 123 140 (0 -224 638 ) (0 -224 392 ) (1024 -224 392 ) (1024 -224 638 ) 
4 123 124 (752 -224 392 ) (0 -224 392 ) (0 -96 392 ) (752 -96 392 ) 
4 124 188 (0 -224 384 ) (0 -224 392 ) (0 -96 392 ) (0 -96 384 ) 
4 124 141 (0 -224 392 ) (0 -224 384 ) (712 -224 384 ) (712 -224 392 ) 
4 124 126 (752 -224 384 ) (0 -224 384 ) (0 -96 384 ) (752 -96 384 ) 
4 125 142 (944 -224 264 ) (992 -224 264 ) (992 -224 372 ) (944 -224 372 ) 
4 125 127 (1024 -224 264 ) (1000 -224 264 ) (1000 -96 264 ) (1024 -96 264 ) 
4 126 188 (0 -224 264 ) (0 -224 384 ) (0 -96 384 ) (0 -96 264 ) 
4 126 143 (0 -224 376 ) (0 -224 264 ) (712 -224 264 ) (712 -224 376 ) 
4 126 141 (0 -224 384 ) (0 -224 376 ) (712 -224 376 ) (712 -224 384 ) 
4 126 128 (752 -224 264 ) (0 -224 264 ) (0 -96 264 ) (752 -96 264 ) 
4 127 129 (1024 -224 256 ) (1000 -224 256 ) (1000 -96 256 ) (1024 -96 256 ) 
4 128 188 (0 -224 256 ) (0 -224 264 ) (0 -96 264 ) (0 -96 256 ) 
4 128 145 (0 -224 264 ) (0 -224 256 ) (752 -224 256 ) (752 -224 264 ) 
4 128 130 (752 -224 256 ) (0 -224 256 ) (0 -96 256 ) (752 -96 256 ) 
4 129 144 (944 -224 136 ) (992 -224 136 ) (992 -224 244 ) (944 -224 244 ) 
4 129 131 (1024 -224 136 ) (1000 -224 136 ) (1000 -96 136 ) (1024 -96 136 ) 
4 130 188 (0 -224 136 ) (0 -224 256 ) (0 -96 256 ) (0 -96 136 ) 
4 130 145 (0 -224 256 ) (0 -224 136 ) (752 -224 136 ) (752 -224 256 ) 
4 130 132 (752 -224 136 ) (0 -224 136 ) (0 -96 136 ) (752 -96 136 ) 
4 131 133 (1024 -224 132 ) (1000 -224 132 ) (1000 -96 132 ) (1024 -96 132 ) 
4 132 188 (0 -224 132 ) (0 -224 136 ) (0 -96 136 ) (0 -96 132 ) 
4 132 162 (0 -224 136 ) (0 -224 132 ) (744 -224 132 ) (744 -224 136 ) 
4 133 135 (1024 -224 128 ) (1000 -224 128 ) (1000 -216 128 ) (1024 -216 128 ) 
4 133 134 (1000 -216 128 ) (1000 -96 128 ) (1024 -96 128 ) (1024 -216 128 ) 
4 134 189 (0 -216 128 ) (0 -96 128 ) (0 -96 8 ) (0 -216 8 ) 
4 134 138 (480 -216 127.618004 ) (480 -216 128 ) (0 -216 128 ) (0 -216 127.618004 ) 
4 134 137 (656 -216 8 ) (704 -216 8 ) (704 -216 116 ) (656 -216 116 ) 
4 134 136 (742.326050 -216 8 ) (744 -216 8 ) (744 -216 128 ) (742.326050 -216 128 ) 
4 134 135 (744 -216 8 ) (1024 -216 8 ) (1024 -216 128 ) (744 -216 128 ) 
4 135 164 (928 -224 8 ) (1008 -224 8 ) (1008 -224 116 ) (928 -224 116 ) 
4 137 165 (656 -224 8 ) (704 -224 8 ) (704 -224 116 ) (656 -224 116 ) 
4 138 190 (0 -224 127.618004 ) (0 -224 128 ) (0 -216 128 ) (0 -216 127.618004 ) 
4 138 166 (0 -224 128 ) (0 -224 127.618004 ) (480 -224 127.618004 ) (480 -224 128 ) 
4 139 191 (0 -224 -126 ) (0 -224 -0.382412 ) (0 -96 -0.382412 ) (0 -96 -126 ) 
4 139 178 (480 -224 -126 ) (740 -224 -126 ) (740 -224 -0.382412 ) (480 -224 -0.382412 ) 
4 139 177 (740 -224 -126 ) (924 -224 -126 ) (924 -224 -0.382412 ) (740 -224 -0.382412 ) 
4 139 179 (0 -224 -0.382412 ) (0 -224 -126 ) (480 -224 -126 ) (480 -224 -0.382412 ) 
4 139 175 (924 -224 -126 ) (1012 -224 -126 ) (1012 -224 -8 ) (924 -224 -8 ) 
4 139 174 (1012 -224 -126 ) (1024 -224 -126 ) (1024 -224 -0.382412 ) (1012 -224 -0.382412 ) 
4 140 193 (0 -224 638 ) (0 -224 392 ) (0 -232 392 ) (0 -232 638 ) 
4 140 153 (930 -232 392 ) (934 -232 392 ) (934 -232 638 ) (930 -232 638 ) 
4 140 152 (934 -232 392 ) (940 -232 392 ) (940 -232 638 ) (934 -232 638 ) 
4 140 154 (0 -232 638 ) (0 -232 392 ) (930 -232 392 ) (930 -232 638 ) 
4 140 149 (940 -232 392 ) (996 -232 392 ) (996 -232 638 ) (940 -232 638 ) 
4 140 148 (996 -232 392 ) (998 -232 392 ) (998 -232 638 ) (996 -232 638 ) 
4 140 147 (998 -232 392 ) (1002 -232 392 ) (1002 -232 638 ) (998 -232 638 ) 
4 140 146 (1002 -232 392 ) (1024 -232 392 ) (1024 -232 638 ) (1002 -232 638 ) 
4 140 141 (712 -232 392 ) (0 -232 392 ) (0 -224 392 ) (712 -224 392 ) 
4 141 193 (0 -224 392 ) (0 -224 376 ) (0 -232 376 ) (0 -232 392 ) 
4 141 154 (0 -232 392 ) (0 -232 376 ) (712 -232 376 ) (712 -232 392 ) 
4 141 143 (712 -232 376 ) (0 -232 376 ) (0 -224 376 ) (712 -224 376 ) 
4 142 150 (944 -232 264 ) (992 -232 264 ) (992 -232 372 ) (944 -232 372 ) 
4 143 193 (0 -224 376 ) (0 -224 264 ) (0 -232 264 ) (0 -232 376 ) 
4 143 154 (0 -232 376 ) (0 -232 264 ) (712 -232 264 ) (712 -232 376 ) 
4 143 145 (712 -232 264 ) (0 -232 264 ) (0 -224 264 ) (712 -224 264 ) 
4 144 150 (992 -232 192 ) (992 -232 244 ) (944 -232 244 ) (944 -232 192 ) 
4 144 155 (944 -232 136 ) (992 -232 136 ) (992 -232 192 ) (944 -232 192 ) 
4 145 193 (0 -224 264 ) (0 -224 136 ) (0 -232 136 ) (0 -232 264 ) 
4 145 162 (0 -232 136 ) (0 -224 136 ) (744 -224 136 ) (744 -232 136 ) 
4 145 154 (0 -232 264 ) (0 -232 192 ) (752 -232 192 ) (752 -232 264 ) 
4 145 155 (0 -232 192 ) (0 -232 136 ) (752 -232 136 ) (752 -232 192 ) 
4 146 156 (1024 -384 192 ) (1024 -384 638 ) (1002 -384 638 ) (1002 -384 192 ) 
4 146 147 (1002 -384 379.579041 ) (1002 -384 638 ) (1002 -232 638 ) (1002 -232 379.579041 ) 
4 146 155 (1024 -384 192 ) (1002 -384 192 ) (1002 -232 192 ) (1024 -232 192 ) 
4 147 157 (1002 -384 638 ) (998 -384 638 ) (998 -384 390 ) (1002 -384 390 ) 
4 147 148 (998 -384 379.579041 ) (998 -384 638 ) (998 -232 638 ) (998 -232 379.579041 ) 
4 148 157 (998 -384 638 ) (996 -384 638 ) (996 -384 390 ) (998 -384 390 ) 
4 148 158 (996 -384 200 ) (996 -384 192 ) (998 -384 192 ) (998 -384 200 ) 
4 148 149 (996 -352 392 ) (996 -352 638 ) (996 -232 638 ) (996 -232 392 ) 
4 148 150 (996 -232 192 ) (996 -352 192 ) (996 -352 376 ) (996 -232 376 ) 
4 148 151 (996 -352 192 ) (996 -384 192 ) (996 -384 638 ) (996 -352 638 ) 
4 148 155 (998 -384 192 ) (996 -384 192 ) (996 -232 192 ) (998 -232 192 ) 
4 149 152 (940 -352 392 ) (940 -352 638 ) (940 -232 638 ) (940 -232 392 ) 
4 149 151 (940 -352 638 ) (940 -352 392 ) (996 -352 392 ) (996 -352 638 ) 
4 150 152 (940 -232 192 ) (940 -352 192 ) (940 -352 376 ) (940 -232 376 ) 
4 150 151 (940 -352 376 ) (940 -352 192 ) (996 -352 192 ) (996 -352 376 ) 
4 150 155 (940 -352 192 ) (940 -232 192 ) (996 -232 192 ) (996 -352 192 ) 
4 151 157 (996 -384 638 ) (940 -384 638 ) (940 -384 390 ) (996 -384 390 ) 
4 151 158 (940 -384 200 ) (940 -384 192 ) (996 -384 192 ) (996 -384 200 ) 
4 151 152 (940 -352 192 ) (940 -384 192 ) (940 -384 638 ) (940 -352 638 ) 
4 151 155 (996 -384 192 ) (940 -384 192 ) (940 -352 192 ) (996 -352 192 ) 
4 152 157 (940 -384 638 ) (934 -384 638 ) (934 -384 390 ) (940 -384 390 ) 
4 152 158 (934 -384 200 ) (934 -384 192 ) (940 -384 192 ) (940 -384 200 ) 
4 152 153 (934 -384 379.579041 ) (934 -384 638 ) (934 -232 638 ) (934 -232 379.579041 ) 
4 152 155 (940 -384 192 ) (934 -384 192 ) (934 -232 192 ) (940 -232 192 ) 
4 153 157 (934 -384 638 ) (930 -384 638 ) (930 -384 390 ) (934 -384 390 ) 
4 153 154 (930 -384 379.579041 ) (930 -384 638 ) (930 -232 638 ) (930 -232 379.579041 ) 
4 154 193 (0 -232 638 ) (0 -232 192 ) (0 -384 192 ) (0 -384 638 ) 
4 154 160 (930 -384 638 ) (0 -384 638 ) (0 -384 192 ) (930 -384 192 ) 
4 154 155 (930 -384 192 ) (0 -384 192 ) (0 -232 192 ) (930 -232 192 ) 
4 155 193 (0 -232 192 ) (0 -232 136 ) (0 -384 136 ) (0 -384 192 ) 
4 155 162 (0 -384 136 ) (0 -232 136 ) (744 -232 136 ) (744 -384 136 ) 
4 155 161 (744 -232 136 ) (1024 -232 136 ) (1024 -384 136 ) (744 -384 136 ) 
4 155 158 (930 -384 136 ) (1002 -384 136 ) (1002 -384 192 ) (930 -384 192 ) 
4 155 156 (1002 -384 136 ) (1024 -384 136 ) (1024 -384 192 ) (1002 -384 192 ) 
4 155 160 (0 -384 136 ) (930 -384 136 ) (930 -384 192 ) (0 -384 192 ) 
4 156 173 (1024 -404 136 ) (1024 -510 136 ) (1002 -510 136 ) (1002 -404 136 ) 
4 156 170 (1024 -400 136 ) (1024 -404 136 ) (1002 -404 136 ) (1002 -400 136 ) 
4 156 161 (1002 -384 136 ) (1024 -384 136 ) (1024 -400 136 ) (1002 -400 136 ) 
4 156 157 (1002 -388 638 ) (1002 -384 638 ) (1002 -384 390 ) (1002 -388 390 ) 
4 156 158 (1002 -384 200 ) (1002 -384 136 ) (1002 -388 136 ) (1002 -388 200 ) 
4 156 159 (1002 -510 136 ) (1002 -510 638 ) (1002 -388 638 ) (1002 -388 136 ) 
4 157 160 (930 -388 638 ) (930 -384 638 ) (930 -384 390 ) (930 -388 390 ) 
4 157 159 (930 -388 638 ) (930 -388 390 ) (1002 -388 390 ) (1002 -388 638 ) 
4 158 161 (930 -384 136 ) (1002 -384 136 ) (1002 -388 136 ) (930 -388 136 ) 
4 158 159 (930 -388 200 ) (930 -388 136 ) (1002 -388 136 ) (1002 -388 200 ) 
4 158 160 (930 -384 200 ) (930 -384 136 ) (930 -388 136 ) (930 -388 200 ) 
4 159 173 (1002 -404 136 ) (1002 -510 136 ) (930 -510 136 ) (930 -404 136 ) 
4 159 170 (1002 -400 136 ) (1002 -404 136 ) (930 -404 136 ) (930 -400 136 ) 
4 159 161 (1002 -388 136 ) (1002 -400 136 ) (930 -400 136 ) (930 -388 136 ) 
4 159 160 (930 -510 136 ) (930 -510 638 ) (930 -388 638 ) (930 -388 136 ) 
4 160 193 (0 -510 638 ) (0 -384 638 ) (0 -384 136 ) (0 -510 136 ) 
4 160 173 (0 -510 136 ) (0 -404 136 ) (930 -404 136 ) (930 -510 136 ) 
4 160 172 (0 -404 136 ) (0 -400 136 ) (488 -400 136 ) (488 -404 136 ) 
4 160 170 (624 -400 136 ) (930 -400 136 ) (930 -404 136 ) (620 -404 136 ) 
4 160 162 (0 -400 136 ) (0 -384 136 ) (744 -384 136 ) (744 -400 136 ) 
4 160 161 (744 -384 136 ) (930 -384 136 ) (930 -400 136 ) (744 -400 136 ) 
4 161 170 (1024 -400 128 ) (1024 -400 136 ) (744 -400 136 ) (744 -400 128 ) 
4 161 167 (1024 -400 128 ) (744 -400 128 ) (744 -232 128 ) (1024 -232 128 ) 
4 161 162 (744 -400 132 ) (744 -400 136 ) (744 -232 136 ) (744 -232 132 ) 
4 162 193 (0 -400 136 ) (0 -224 136 ) (0 -224 132 ) (0 -400 132 ) 
4 162 172 (488 -400 136 ) (0 -400 136 ) (0 -400 132 ) (488 -400 132 ) 
4 162 170 (744 -400 136 ) (624 -400 136 ) (624 -400 132 ) (744 -400 132 ) 
4 162 163 (0 -224 132 ) (488 -224 132 ) (488 -400 132 ) (0 -400 132 ) 
4 163 193 (0 -224 132 ) (0 -224 128 ) (0 -400 128 ) (0 -400 132 ) 
4 163 172 (0 -400 132 ) (0 -400 128 ) (488 -400 128 ) (488 -400 132 ) 
4 163 169 (480 -400 128 ) (0 -400 128 ) (0 -232 128 ) (480 -232 128 ) 
4 163 166 (0 -232 128 ) (0 -224 128 ) (480 -224 128 ) (480 -232 128 ) 
4 164 167 (928 -232 8 ) (1008 -232 8 ) (1008 -232 116 ) (928 -232 116 ) 
4 165 168 (488 -232 8 ) (736 -232 8 ) (736 -232 128 ) (488 -232 128 ) 
4 166 193 (0 -224 128 ) (0 -224 8 ) (0 -232 8 ) (0 -232 128 ) 
4 166 179 (0 -232 8 ) (0 -224 8 ) (480 -224 8 ) (480 -232 8 ) 
4 166 169 (0 -232 8 ) (480 -232 8 ) (480 -232 128 ) (0 -232 128 ) 
4 167 177 (744 -232 8 ) (924 -232 8 ) (924 -400 8 ) (744 -400 8 ) 
4 167 176 (924 -232 8 ) (1012 -232 8 ) (1012 -400 8 ) (924 -400 8 ) 
4 167 174 (1012 -232 8 ) (1024 -232 8 ) (1024 -400 8 ) (1012 -400 8 ) 
4 167 170 (744 -400 8 ) (1024 -400 8 ) (1024 -400 128 ) (744 -400 128 ) 
4 168 171 (572 -400 42 ) (572 -400 114 ) (532 -400 114 ) (532 -400 42 ) 
4 168 170 (624 -400 8 ) (736 -400 8 ) (736 -400 128 ) (624 -400 128 ) 
4 169 193 (0 -232 8 ) (0 -400 8 ) (0 -400 128 ) (0 -232 128 ) 
4 169 179 (0 -400 8 ) (0 -232 8 ) (480 -232 8 ) (480 -400 8 ) 
4 169 172 (0 -400 8 ) (480 -400 8 ) (480 -400 128 ) (0 -400 128 ) 
4 170 177 (740 -400 8 ) (924 -400 8 ) (924 -404 8 ) (740 -404 8 ) 
4 170 176 (924 -400 8 ) (1012 -400 8 ) (1012 -404 8 ) (924 -404 8 ) 
4 170 174 (1012 -400 8 ) (1024 -400 8 ) (1024 -404 8 ) (1012 -404 8 ) 
4 170 173 (620 -404 8 ) (1024 -404 8 ) (1024 -404 136 ) (620 -404 136 ) 
4 171 173 (572 -404 42 ) (572 -404 114 ) (532 -404 114 ) (532 -404 42 ) 
4 172 193 (0 -404 136 ) (0 -400 136 ) (0 -400 8 ) (0 -404 8 ) 
4 172 179 (0 -404 8 ) (0 -400 8 ) (480 -400 8 ) (480 -404 8 ) 
4 172 173 (0 -404 8 ) (488 -404 8 ) (488 -404 136 ) (0 -404 136 ) 
4 173 193 (0 -510 136 ) (0 -404 136 ) (0 -404 8 ) (0 -510 8 ) 
4 173 180 (0 -510 8 ) (0 -416 8 ) (1024 -416 8 ) (1024 -510 8 ) 
4 173 177 (740 -404 8 ) (924 -404 8 ) (924 -416 8 ) (740 -416 8 ) 
4 173 179 (0 -416 8 ) (0 -404 8 ) (480 -404 8 ) (480 -416 8 ) 
4 173 176 (924 -404 8 ) (1012 -404 8 ) (1012 -416 8 ) (924 -416 8 ) 
4 173 174 (1012 -404 8 ) (1024 -404 8 ) (1024 -416 8 ) (1012 -416 8 ) 
4 174 180 (1012 -416 -126 ) (1024 -416 -126 ) (1024 -416 8 ) (1012 -416 8 ) 
4 174 175 (1012 -224 -126 ) (1012 -232 -126 ) (1012 -232 -8 ) (1012 -224 -8 ) 
4 174 176 (1012 -232 -126 ) (1012 -416 -126 ) (1012 -416 8 ) (1012 -232 8 ) 
4 175 177 (924 -224 -126 ) (924 -232 -126 ) (924 -232 -8 ) (924 -224 -8 ) 
4 175 176 (924 -232 -8 ) (924 -232 -126 ) (1012 -232 -126 ) (1012 -232 -8 ) 
4 176 180 (924 -416 -126 ) (1012 -416 -126 ) (1012 -416 8 ) (924 -416 8 ) 
4 176 177 (924 -232 -126 ) (924 -416 -126 ) (924 -416 8 ) (924 -232 8 ) 
4 177 180 (740 -416 -126 ) (924 -416 -126 ) (924 -416 8 ) (740 -416 8 ) 
4 177 178 (740 -224 -126 ) (740 -416 -126 ) (740 -416 -0.022495 ) (740 -224 -0.022495 ) 
4 178 180 (480 -416 -126 ) (740 -416 -126 ) (740 -416 -0.022495 ) (480 -416 -0.022495 ) 
4 178 179 (480 -224 -126 ) (480 -416 -126 ) (480 -416 -0.022495 ) (480 -224 -0.022495 ) 
4 179 193 (0 -416 8 ) (0 -224 8 ) (0 -224 -126 ) (0 -416 -126 ) 
4 179 180 (0 -416 -126 ) (480 -416 -126 ) (480 -416 8 ) (0 -416 8 ) 
4 180 193 (0 -510 8 ) (0 -416 8 ) (0 -416 -126 ) (0 -510 -126 ) 
4 181 188 (0 -96 132 ) (0 -96 638 ) (-152 -96 638 ) (-152 -96 132 ) 
4 181 182 (-152 -96 132 ) (-152 -96 638 ) (-152 0 638 ) (-152 0 132 ) 
4 182 192 (-160 -96 638 ) (-254 -96 638 ) (-254 -96 128 ) (-160 -96 128 ) 
4 182 188 (-152 -96 638 ) (-160 -96 638 ) (-160 -96 132 ) (-152 -96 132 ) 
4 182 185 (-160 -96 128 ) (-254 -96 128 ) (-254 0 128 ) (-160 0 128 ) 
4 183 184 (-36 -88 8 ) (0 -88 8 ) (0 -88 116 ) (-36 -88 116 ) 
4 184 189 (0 -96 8 ) (0 -96 116 ) (-36 -96 116 ) (-36 -96 8 ) 
4 185 192 (-160 -96 128 ) (-254 -96 128 ) (-254 -96 8 ) (-160 -96 8 ) 
4 185 187 (-160 -96 8 ) (-254 -96 8 ) (-254 0 8 ) (-160 0 8 ) 
4 186 191 (0 -96 -126 ) (0 -96 -0.382412 ) (-152 -96 -0.382412 ) (-152 -96 -126 ) 
4 186 187 (-152 0 -126 ) (-152 -96 -126 ) (-152 -96 0 ) (-152 0 0 ) 
4 187 192 (-160 -96 8 ) (-254 -96 8 ) (-254 -96 -126 ) (-160 -96 -126 ) 
4 187 191 (-160 -96 -0.382412 ) (-160 -96 -126 ) (-152 -96 -126 ) (-152 -96 -0.382412 ) 
4 188 193 (0 -224 132 ) (0 -224 638 ) (-160 -224 638 ) (-160 -224 132 ) 
4 188 192 (-160 -224 132 ) (-160 -224 638 ) (-160 -96 638 ) (-160 -96 132 ) 
4 189 190 (-152 -216 128 ) (-152 -216 127.618004 ) (0 -216 127.618004 ) (0 -216 128 ) 
4 190 193 (0 -224 127.618004 ) (0 -224 128 ) (-152 -224 128 ) (-152 -224 127.618004 ) 
4 191 193 (-160 -224 -126 ) (0 -224 -126 ) (0 -224 -0.382412 ) (-160 -224 -0.382412 ) 
4 191 192 (-160 -96 -126 ) (-160 -224 -126 ) (-160 -224 -0.382412 ) (-160 -96 -0.382412 ) 
4 192 193 (-254 -224 -126 ) (-160 -224 -126 ) (-160 -224 638 ) (-254 -224 638 ) 
