PRT1
368
1110
4 0 146 (-1024 1024 -240 ) (-1024 1024 -288 ) (-236.522018 1024 -288 ) (-236.522018 1024 -240 ) 
4 0 143 (-1024 1024 -192 ) (-1024 1024 -240 ) (-708 1024 -240 ) (-708 1024 -192 ) 
4 0 136 (-1024 1024 -64 ) (-1024 1024 -192 ) (-708 1024 -192 ) (-708 1024 -64 ) 
6 0 85 (-717.641724 1024 69.996933 ) (-730.513916 1024 84 ) (-749.805298 1024 80.002251 ) (-762.681763 1024 71.998177 ) (-749.815979 1024 66 ) (-730.502136 1024 66 ) 
4 0 82 (-708 1024 288 ) (-1024 1024 288 ) (-1024 1024 192 ) (-708 1024 192 ) 
4 0 79 (-708 1024 -192 ) (-708 1024 -240 ) (-608 1024 -240 ) (-608 1024 -192 ) 
4 0 78 (-608 1024 -240 ) (-236.522018 1024 -240 ) (-236.522018 1024 -192 ) (-608 1024 -192 ) 
4 0 70 (-708 1024 -64 ) (-708 1024 -192 ) (-672 1024 -192 ) (-672 1024 -64 ) 
4 0 34 (-672 1024 288 ) (-708 1024 288 ) (-708 1024 192 ) (-672 1024 192 ) 
4 0 29 (-672 1024 -64 ) (-672 1024 -192 ) (-608 1024 -192 ) (-608 1024 -64 ) 
4 0 28 (-608 1024 -192 ) (-236.522018 1024 -192 ) (-236.522018 1024 -64 ) (-608 1024 -64 ) 
4 0 26 (-672 1024 -32 ) (-672 1024 -64 ) (-544 1024 -64 ) (-544 1024 -32 ) 
4 0 25 (-544 1024 -64 ) (-236.522018 1024 -64 ) (-236.522018 1024 -32 ) (-544 1024 -32 ) 
4 0 22 (-672 1024 160 ) (-672 1024 -32 ) (-544 1024 -32 ) (-544 1024 160 ) 
4 0 21 (-544 1024 -32 ) (-236.522018 1024 -32 ) (-236.522018 1024 160 ) (-544 1024 160 ) 
4 0 18 (-544 1024 288 ) (-672 1024 288 ) (-672 1024 160 ) (-544 1024 160 ) 
4 0 17 (-236.522018 1024 288 ) (-544 1024 288 ) (-544 1024 160 ) (-236.522018 1024 160 ) 
4 0 12 (-1024 1024 -288 ) (-1024 1024 -224 ) (-1024 1161.849976 -224 ) (-1024 1161.849976 -288 ) 
4 0 5 (-1024 1024 -224 ) (-1024 1024 80 ) (-1024 1161.849976 80 ) (-1024 1161.849976 -224 ) 
4 0 2 (-1024 1024 80 ) (-1024 1024 288 ) (-1024 1080 288 ) (-1024 1080 80 ) 
4 0 1 (-1024 1080 288 ) (-1024 1161.849976 288 ) (-1024 1161.849976 80 ) (-1024 1080 80 ) 
4 1 16 (-2048 1080 288 ) (-2048 1161.849976 288 ) (-2048 1161.849976 80 ) (-2048 1080 80 ) 
4 1 7 (-2048 1080 80 ) (-2048 1161.849976 80 ) (-1456 1161.849976 80 ) (-1456 1080 80 ) 
4 1 6 (-1456 1161.849976 80 ) (-1440 1161.849976 80 ) (-1440 1080 80 ) (-1456 1080 80 ) 
4 1 5 (-1440 1161.849976 80 ) (-1024 1161.849976 80 ) (-1024 1080 80 ) (-1440 1080 80 ) 
4 1 3 (-1456 1080 144 ) (-1456 1080 288 ) (-1632 1080 288 ) (-1632 1080 144 ) 
4 1 2 (-1456 1080 80 ) (-1024 1080 80 ) (-1024 1080 288 ) (-1456 1080 288 ) 
4 1 4 (-2048 1080 80 ) (-1632 1080 80 ) (-1632 1080 288 ) (-2048 1080 288 ) 
4 2 173 (-1296 1024 120 ) (-1456 1024 120 ) (-1456 1024 80 ) (-1296 1024 80 ) 
4 2 166 (-1120 1024 120 ) (-1296 1024 120 ) (-1296 1024 80 ) (-1120 1024 80 ) 
4 2 160 (-1024 1024 80 ) (-1024 1024 120 ) (-1120 1024 120 ) (-1120 1024 80 ) 
4 2 154 (-1456 1024 192 ) (-1456 1024 120 ) (-1296 1024 120 ) (-1296 1024 192 ) 
4 2 151 (-1296 1024 120 ) (-1120 1024 120 ) (-1120 1024 128 ) (-1296 1024 128 ) 
4 2 150 (-1120 1024 128 ) (-1120 1024 192 ) (-1296 1024 192 ) (-1296 1024 128 ) 
4 2 149 (-1120 1024 288 ) (-1456 1024 288 ) (-1456 1024 192 ) (-1120 1024 192 ) 
4 2 148 (-1024 1024 120 ) (-1024 1024 288 ) (-1120 1024 288 ) (-1120 1024 120 ) 
4 2 5 (-1440 1080 80 ) (-1024 1080 80 ) (-1024 1024 80 ) (-1440 1024 80 ) 
4 2 3 (-1456 1080 288 ) (-1456 1080 144 ) (-1456 1024 144 ) (-1456 1024 288 ) 
4 3 155 (-1632 1024 192 ) (-1632 1024 144 ) (-1456 1024 144 ) (-1456 1024 192 ) 
4 3 149 (-1456 1024 288 ) (-1632 1024 288 ) (-1632 1024 192 ) (-1456 1024 192 ) 
4 3 4 (-1632 1080 288 ) (-1632 1080 144 ) (-1632 1024 144 ) (-1632 1024 288 ) 
4 4 174 (-2048 1024 120 ) (-2048 1024 80 ) (-1632 1024 80 ) (-1632 1024 120 ) 
4 4 157 (-2048 1024 192 ) (-2048 1024 120 ) (-1632 1024 120 ) (-1632 1024 192 ) 
4 4 149 (-1632 1024 288 ) (-2048 1024 288 ) (-2048 1024 192 ) (-1632 1024 192 ) 
4 4 16 (-2048 1024 80 ) (-2048 1024 288 ) (-2048 1080 288 ) (-2048 1080 80 ) 
4 4 11 (-2048 1024 80 ) (-2048 1064 80 ) (-1632 1064 80 ) (-1632 1024 80 ) 
4 4 8 (-2048 1064 80 ) (-2048 1080 80 ) (-1632 1080 80 ) (-1632 1064 80 ) 
4 5 340 (-1120 1024 -192 ) (-1296 1024 -192 ) (-1296 1024 -224 ) (-1120 1024 -224 ) 
4 5 339 (-1024 1024 -224 ) (-1024 1024 -192 ) (-1120 1024 -192 ) (-1120 1024 -224 ) 
4 5 343 (-1296 1024 -192 ) (-1440 1024 -192 ) (-1440 1024 -224 ) (-1296 1024 -224 ) 
4 5 177 (-1296 1024 80 ) (-1440 1024 80 ) (-1440 1024 -192 ) (-1296 1024 -192 ) 
4 5 171 (-1296 1024 -176 ) (-1296 1024 -192 ) (-1120 1024 -192 ) (-1120 1024 -176 ) 
4 5 166 (-1120 1024 80 ) (-1296 1024 80 ) (-1296 1024 -176 ) (-1120 1024 -176 ) 
4 5 161 (-1024 1024 -192 ) (-1024 1024 -64 ) (-1120 1024 -64 ) (-1120 1024 -192 ) 
4 5 160 (-1024 1024 -64 ) (-1024 1024 80 ) (-1120 1024 80 ) (-1120 1024 -64 ) 
4 5 12 (-1024 1024 -224 ) (-1440 1024 -224 ) (-1440 1161.849976 -224 ) (-1024 1161.849976 -224 ) 
4 5 6 (-1440 1161.849976 80 ) (-1440 1161.849976 -224 ) (-1440 1080 -224 ) (-1440 1080 80 ) 
4 6 12 (-1456 1080 -224 ) (-1456 1161.849976 -224 ) (-1440 1161.849976 -224 ) (-1440 1080 -224 ) 
4 6 7 (-1456 1161.849976 -224 ) (-1456 1080 -224 ) (-1456 1080 80 ) (-1456 1161.849976 80 ) 
4 7 16 (-2048 1080 80 ) (-2048 1161.849976 80 ) (-2048 1161.849976 -224 ) (-2048 1080 -224 ) 
4 7 13 (-1632 1161.849976 -224 ) (-1456 1161.849976 -224 ) (-1456 1080 -224 ) (-1632 1080 -224 ) 
4 7 15 (-2048 1080 -224 ) (-2048 1161.849976 -224 ) (-1632 1161.849976 -224 ) (-1632 1080 -224 ) 
4 7 8 (-2048 1080 -224 ) (-1632 1080 -224 ) (-1632 1080 80 ) (-2048 1080 80 ) 
4 8 16 (-2048 1064 80 ) (-2048 1080 80 ) (-2048 1080 -224 ) (-2048 1064 -224 ) 
4 8 15 (-2048 1064 -224 ) (-2048 1080 -224 ) (-1632 1080 -224 ) (-1632 1064 -224 ) 
4 8 11 (-2048 1064 -224 ) (-1632 1064 -224 ) (-1632 1064 80 ) (-2048 1064 80 ) 
4 9 346 (-1472 1024 -192 ) (-1472 1024 -224 ) (-1456 1024 -224 ) (-1456 1024 -192 ) 
4 9 179 (-1472 1024 -112 ) (-1472 1024 -192 ) (-1456 1024 -192 ) (-1456 1024 -112 ) 
4 9 14 (-1456 1024 -224 ) (-1472 1024 -224 ) (-1472 1064 -224 ) (-1456 1064 -224 ) 
4 9 10 (-1472 1064 -112 ) (-1472 1064 -224 ) (-1472 1024 -224 ) (-1472 1024 -112 ) 
4 10 347 (-1616 1024 -192 ) (-1616 1024 -224 ) (-1472 1024 -224 ) (-1472 1024 -192 ) 
4 10 180 (-1472 1024 80 ) (-1616 1024 80 ) (-1616 1024 -192 ) (-1472 1024 -192 ) 
4 10 14 (-1472 1024 -224 ) (-1616 1024 -224 ) (-1616 1064 -224 ) (-1472 1064 -224 ) 
4 11 348 (-2048 1024 -192 ) (-2048 1024 -224 ) (-1632 1024 -224 ) (-1632 1024 -192 ) 
4 11 181 (-1632 1024 80 ) (-2048 1024 80 ) (-2048 1024 -192 ) (-1632 1024 -192 ) 
4 11 16 (-2048 1024 -224 ) (-2048 1024 80 ) (-2048 1064 80 ) (-2048 1064 -224 ) 
4 11 15 (-1632 1024 -224 ) (-2048 1024 -224 ) (-2048 1064 -224 ) (-1632 1064 -224 ) 
4 12 344 (-1440 1024 -224 ) (-1456 1024 -224 ) (-1456 1024 -288 ) (-1440 1024 -288 ) 
4 12 340 (-1120 1024 -224 ) (-1296 1024 -224 ) (-1296 1024 -288 ) (-1120 1024 -288 ) 
4 12 339 (-1024 1024 -288 ) (-1024 1024 -224 ) (-1120 1024 -224 ) (-1120 1024 -288 ) 
4 12 343 (-1296 1024 -224 ) (-1440 1024 -224 ) (-1440 1024 -288 ) (-1296 1024 -288 ) 
4 12 14 (-1456 1080 -288 ) (-1456 1024 -288 ) (-1456 1024 -224 ) (-1456 1080 -224 ) 
4 12 13 (-1456 1161.849976 -224 ) (-1456 1161.849976 -288 ) (-1456 1080 -288 ) (-1456 1080 -224 ) 
4 13 15 (-1632 1161.849976 -224 ) (-1632 1161.849976 -288 ) (-1632 1080 -288 ) (-1632 1080 -224 ) 
4 13 14 (-1632 1080 -224 ) (-1632 1080 -288 ) (-1456 1080 -288 ) (-1456 1080 -224 ) 
4 14 350 (-1456 1024 -224 ) (-1632 1024 -224 ) (-1632 1024 -288 ) (-1456 1024 -288 ) 
4 14 15 (-1632 1080 -288 ) (-1632 1024 -288 ) (-1632 1024 -224 ) (-1632 1080 -224 ) 
4 15 352 (-1632 1024 -224 ) (-2048 1024 -224 ) (-2048 1024 -288 ) (-1632 1024 -288 ) 
4 15 16 (-2048 1024 -288 ) (-2048 1024 -224 ) (-2048 1161.849976 -224 ) (-2048 1161.849976 -288 ) 
4 16 365 (-2048 1024 -288 ) (-2048 1024 288 ) (-2195.479980 1024 288 ) (-2195.479980 1024 -288 ) 
4 17 147 (-236.522018 0 288 ) (-544 0 288 ) (-544 0 160 ) (-236.522018 0 160 ) 
4 17 21 (-544 1024 160 ) (-236.522018 1024 160 ) (-236.522018 0 160 ) (-544 0 160 ) 
4 17 19 (-544 576 192 ) (-544 576 288 ) (-544 832 288 ) (-544 832 192 ) 
4 17 18 (-544 1024 160 ) (-544 832 160 ) (-544 832 288 ) (-544 1024 288 ) 
4 17 20 (-544 576 160 ) (-544 0 160 ) (-544 0 288 ) (-544 576 288 ) 
4 18 34 (-672 1024 288 ) (-672 1024 192 ) (-672 832 192 ) (-672 832 288 ) 
4 18 22 (-672 832 160 ) (-672 1024 160 ) (-544 1024 160 ) (-544 832 160 ) 
4 18 19 (-544 832 192 ) (-544 832 288 ) (-672 832 288 ) (-672 832 192 ) 
4 19 34 (-672 576 192 ) (-672 576 288 ) (-672 832 288 ) (-672 832 192 ) 
4 19 20 (-544 576 192 ) (-544 576 288 ) (-672 576 288 ) (-672 576 192 ) 
4 20 147 (-544 0 288 ) (-672 0 288 ) (-672 0 160 ) (-544 0 160 ) 
4 20 36 (-672 278 160 ) (-672 0 160 ) (-672 0 192 ) (-672 278 192 ) 
4 20 35 (-672 448 160 ) (-672 368 160 ) (-672 368 192 ) (-672 448 192 ) 
4 20 34 (-672 0 192 ) (-672 0 288 ) (-672 576 288 ) (-672 576 192 ) 
4 20 24 (-672 0 160 ) (-672 576 160 ) (-544 576 160 ) (-544 0 160 ) 
4 21 147 (-236.522018 0 160 ) (-544 0 160 ) (-544 0 -32 ) (-236.522018 0 -32 ) 
4 21 25 (-236.522018 0 -32 ) (-544 0 -32 ) (-544 1024 -32 ) (-236.522018 1024 -32 ) 
4 21 24 (-544 576 -32 ) (-544 0 -32 ) (-544 0 160 ) (-544 576 160 ) 
4 21 22 (-544 1024 -32 ) (-544 832 -32 ) (-544 832 160 ) (-544 1024 160 ) 
4 22 26 (-672 832 -32 ) (-672 1024 -32 ) (-544 1024 -32 ) (-544 832 -32 ) 
4 23 38 (-672 768 112 ) (-672 768 40 ) (-672 640 40 ) (-672 640 112 ) 
6 23 37 (-672 800 80 ) (-672 800 72 ) (-672 798 68 ) (-672 794 70 ) (-672 794 76 ) (-672 796 78 ) 
4 24 147 (-544 0 160 ) (-672 0 160 ) (-672 0 -32 ) (-544 0 -32 ) 
4 24 68 (-672 448 -32 ) (-672 0 -32 ) (-672 0 0 ) (-672 448 0 ) 
4 24 57 (-672 0 0 ) (-672 0 40 ) (-672 288 40 ) (-672 288 0 ) 
4 24 54 (-672 0 40 ) (-672 0 128 ) (-672 288 128 ) (-672 288 40 ) 
4 24 53 (-672 308 112 ) (-672 308 40 ) (-672 304 40 ) (-672 304 112 ) 
4 24 41 (-672 428 112 ) (-672 428 40 ) (-672 308 40 ) (-672 308 112 ) 
4 24 39 (-672 432 112 ) (-672 432 40 ) (-672 428 40 ) (-672 428 112 ) 
4 24 36 (-672 0 128 ) (-672 0 160 ) (-672 278 160 ) (-672 278 128 ) 
4 24 35 (-672 368 160 ) (-672 448 160 ) (-672 448 157 ) (-672 368 157 ) 
4 24 27 (-544 0 -32 ) (-672 0 -32 ) (-672 576 -32 ) (-544 576 -32 ) 
4 25 147 (-236.522018 0 -32 ) (-544 0 -32 ) (-544 0 -64 ) (-236.522018 0 -64 ) 
4 25 28 (-544 1024 -64 ) (-236.522018 1024 -64 ) (-236.522018 0 -64 ) (-544 0 -64 ) 
4 25 26 (-544 1024 -64 ) (-544 832 -64 ) (-544 832 -32 ) (-544 1024 -32 ) 
4 25 27 (-544 576 -64 ) (-544 0 -64 ) (-544 0 -32 ) (-544 576 -32 ) 
4 26 29 (-672 848 -64 ) (-672 1024 -64 ) (-608 1024 -64 ) (-608 848 -64 ) 
4 26 28 (-608 1024 -64 ) (-544 1024 -64 ) (-544 832 -64 ) (-608 832 -64 ) 
4 27 147 (-544 0 -32 ) (-672 0 -32 ) (-672 0 -64 ) (-544 0 -64 ) 
4 27 68 (-672 448 -64 ) (-672 0 -64 ) (-672 0 -32 ) (-672 448 -32 ) 
4 27 33 (-672 0 -64 ) (-672 576 -64 ) (-608 576 -64 ) (-608 0 -64 ) 
4 27 28 (-608 576 -64 ) (-544 576 -64 ) (-544 0 -64 ) (-608 0 -64 ) 
4 28 147 (-236.522018 0 -64 ) (-608 0 -64 ) (-608 0 -192 ) (-236.522018 0 -192 ) 
4 28 78 (-236.522018 0 -192 ) (-608 0 -192 ) (-608 1024 -192 ) (-236.522018 1024 -192 ) 
4 28 32 (-608 768 -192 ) (-608 752 -192 ) (-608 752 -176 ) (-608 768 -176 ) 
4 28 33 (-608 752 -192 ) (-608 0 -192 ) (-608 0 -64 ) (-608 752 -64 ) 
4 28 31 (-608 832 -192 ) (-608 768 -192 ) (-608 768 -80 ) (-608 832 -80 ) 
4 28 30 (-608 848 -192 ) (-608 832 -192 ) (-608 832 -176 ) (-608 848 -176 ) 
4 28 29 (-608 1024 -192 ) (-608 848 -192 ) (-608 848 -64 ) (-608 1024 -64 ) 
4 29 79 (-672 848 -192 ) (-672 1024 -192 ) (-608 1024 -192 ) (-608 848 -192 ) 
4 29 70 (-672 1024 -64 ) (-672 1024 -192 ) (-672 848 -192 ) (-672 848 -64 ) 
4 29 30 (-608 848 -192 ) (-608 848 -176 ) (-672 848 -176 ) (-672 848 -192 ) 
4 30 79 (-672 832 -192 ) (-672 848 -192 ) (-608 848 -192 ) (-608 832 -192 ) 
4 30 71 (-672 848 -192 ) (-672 832 -192 ) (-672 832 -176 ) (-672 848 -176 ) 
4 30 31 (-608 832 -192 ) (-608 832 -176 ) (-672 832 -176 ) (-672 832 -192 ) 
4 31 80 (-672 768 -192 ) (-672 832 -192 ) (-608 832 -192 ) (-608 768 -192 ) 
4 31 72 (-672 832 -192 ) (-672 768 -192 ) (-672 768 -80 ) (-672 832 -80 ) 
4 31 32 (-608 768 -192 ) (-608 768 -176 ) (-672 768 -176 ) (-672 768 -192 ) 
4 32 81 (-672 752 -192 ) (-672 768 -192 ) (-608 768 -192 ) (-608 752 -192 ) 
4 32 73 (-672 768 -192 ) (-672 752 -192 ) (-672 752 -176 ) (-672 768 -176 ) 
4 32 33 (-608 752 -192 ) (-608 752 -176 ) (-672 752 -176 ) (-672 752 -192 ) 
4 33 147 (-608 0 -64 ) (-672 0 -64 ) (-672 0 -192 ) (-608 0 -192 ) 
4 33 81 (-608 0 -192 ) (-672 0 -192 ) (-672 752 -192 ) (-608 752 -192 ) 
4 33 74 (-672 752 -192 ) (-672 0 -192 ) (-672 0 -64 ) (-672 752 -64 ) 
4 34 147 (-708 0 288 ) (-708 0 192 ) (-672 0 192 ) (-672 0 288 ) 
4 34 82 (-708 1024 288 ) (-708 1024 192 ) (-708 0 192 ) (-708 0 288 ) 
4 34 36 (-708 0 192 ) (-708 278 192 ) (-672 278 192 ) (-672 0 192 ) 
4 34 35 (-704 448 192 ) (-672 448 192 ) (-672 368 192 ) (-704 368 192 ) 
4 36 147 (-708 0 192 ) (-708 0 128 ) (-672 0 128 ) (-672 0 192 ) 
4 36 84 (-708 278 128 ) (-708 0 128 ) (-708 0 192 ) (-708 278 192 ) 
4 36 67 (-708 0 128 ) (-708 278 128 ) (-704 278 128 ) (-704 0 128 ) 
4 36 56 (-704 278 128 ) (-692 278 128 ) (-692 0 128 ) (-704 0 128 ) 
4 36 54 (-692 278 128 ) (-672 278 128 ) (-672 0 128 ) (-692 0 128 ) 
6 37 62 (-704 794 70 ) (-704 794 76 ) (-704 796 78 ) (-704 800 80 ) (-704 800 72 ) (-704 798 68 ) 
4 38 62 (-704 768 112 ) (-704 768 40 ) (-704 640 40 ) (-704 640 112 ) 
4 39 41 (-684 428 40 ) (-672 428 40 ) (-672 428 112 ) (-684 428 112 ) 
4 40 65 (-704 432 112 ) (-704 432 44 ) (-704 428 44 ) (-704 428 112 ) 
4 40 55 (-704 428 112 ) (-704 428 40 ) (-692 428 40 ) (-692 428 112 ) 
4 41 53 (-684 308 40 ) (-672 308 40 ) (-672 308 112 ) (-684 308 112 ) 
4 41 52 (-684 364 44 ) (-684 308 44 ) (-684 308 108 ) (-684 364 108 ) 
3 41 51 (-684 428 104.285736 ) (-684 428 81.428398 ) (-684 412 86 ) 
4 41 50 (-684 428 81.428398 ) (-684 428 44 ) (-684 375.250031 44 ) (-684 412 86 ) 
4 41 49 (-684 384 94 ) (-684 372 97.428619 ) (-684 372 108 ) (-684 426 108 ) 
5 41 48 (-684 428 108 ) (-684 428 104.285736 ) (-684 412 86 ) (-684 384 94 ) (-684 426 108 ) 
6 41 46 (-684 392.272736 63.454544 ) (-684 375.250031 44 ) (-684 372 44 ) (-684 372 90 ) (-684 374.275940 90.758652 ) (-684 382 84 ) 
3 41 45 (-684 374.275940 90.758652 ) (-684 378 92 ) (-684 382 84 ) 
4 41 47 (-684 372 90 ) (-684 372 97.428619 ) (-684 375.833313 96.333374 ) (-684 378 92 ) 
3 41 43 (-684 378 92 ) (-684 375.833313 96.333374 ) (-684 384 94 ) 
5 41 42 (-684 412 86 ) (-684 398 70 ) (-684 382 84 ) (-684 378 92 ) (-684 384 94 ) 
3 41 44 (-684 398 70 ) (-684 392.272736 63.454544 ) (-684 382 84 ) 
5 42 55 (-692 412 86 ) (-692 398 70 ) (-692 382 84 ) (-692 378 92 ) (-692 384 94 ) 
4 42 50 (-692 398 70 ) (-692 412 86 ) (-684 412 86 ) (-684 398 70 ) 
4 42 48 (-684 412.001923 86 ) (-692 412.001923 86 ) (-692 384 94 ) (-684 384 94 ) 
4 42 45 (-684 382 84 ) (-684 378 92 ) (-692 378 92 ) (-692 382 84 ) 
4 42 44 (-684 382.001923 83.998070 ) (-692 382.001923 83.998070 ) (-692 398 70 ) (-684 398 70 ) 
4 42 43 (-684 383.997528 94.001144 ) (-692 383.997528 94.001144 ) (-692 378 92.001266 ) (-684 378 92.001266 ) 
3 43 55 (-692 378 92 ) (-692 375.833313 96.333374 ) (-692 384 94 ) 
4 43 49 (-692 384 94 ) (-692 375.833557 96.332932 ) (-684 375.833557 96.332932 ) (-684 384 94 ) 
4 43 47 (-684 378 92 ) (-684 375.833008 96.334007 ) (-692 375.833008 96.334007 ) (-692 378 92 ) 
3 44 55 (-692 398 70 ) (-692 392.272736 63.454544 ) (-692 382 84 ) 
4 44 50 (-692 392.272827 63.454372 ) (-692 398 70 ) (-684 398 70 ) (-684 392.272827 63.454372 ) 
4 44 46 (-692 392.272125 63.455776 ) (-684 392.272125 63.455776 ) (-684 382 84 ) (-692 382 84 ) 
3 45 55 (-692 374.275940 90.758652 ) (-692 378 92 ) (-692 382 84 ) 
4 45 47 (-684 378.001984 92 ) (-692 378.001984 92 ) (-692 374.275696 90.758888 ) (-684 374.275696 90.758888 ) 
4 45 46 (-684 374.273438 90.761719 ) (-692 374.273438 90.761719 ) (-692 382 84 ) (-684 382 84 ) 
6 46 55 (-692 392.272736 63.454544 ) (-692 375.250031 44 ) (-692 372 44 ) (-692 372 90 ) (-692 374.275940 90.758652 ) (-692 382 84 ) 
4 46 50 (-684 375.250244 44 ) (-692 375.250244 44 ) (-692 392.272827 63.454372 ) (-684 392.272827 63.454372 ) 
4 46 47 (-692 374.275696 90.758888 ) (-692 372 90 ) (-684 372 90 ) (-684 374.275696 90.758888 ) 
4 47 55 (-692 372 90 ) (-692 372 97.428619 ) (-692 375.833313 96.333374 ) (-692 378 92 ) 
4 47 49 (-692 375.833557 96.332932 ) (-692 372 97.428238 ) (-684 372 97.428238 ) (-684 375.833557 96.332932 ) 
5 48 55 (-692 428 108 ) (-692 428 104.285736 ) (-692 412 86 ) (-692 384 94 ) (-692 426 108 ) 
4 48 51 (-692 412 86 ) (-692 428 104.285400 ) (-684 428 104.285400 ) (-684 412 86 ) 
4 48 49 (-684 425.997223 108 ) (-692 425.997223 108 ) (-692 384.003906 94.001953 ) (-684 384.003906 94.001953 ) 
4 49 55 (-692 384 94 ) (-692 372 97.428619 ) (-692 372 108 ) (-692 426 108 ) 
4 50 55 (-692 428 81.428398 ) (-692 428 44 ) (-692 375.250031 44 ) (-692 412 86 ) 
4 50 51 (-692 428 81.428055 ) (-692 412.001923 86 ) (-684 412.001923 86 ) (-684 428 81.428062 ) 
3 51 55 (-692 428 104.285736 ) (-692 428 81.428398 ) (-692 412 86 ) 
4 52 55 (-692 364 44 ) (-692 308 44 ) (-692 308 108 ) (-692 364 108 ) 
4 54 147 (-672 0 40 ) (-672 0 128 ) (-692 0 128 ) (-692 0 40 ) 
4 54 57 (-672 288 40 ) (-672 0 40 ) (-692 0 40 ) (-692 288 40 ) 
4 54 56 (-692 288 40 ) (-692 0 40 ) (-692 0 128 ) (-692 288 128 ) 
4 55 66 (-704 416 40 ) (-704 304 40 ) (-704 304 112 ) (-704 416 112 ) 
4 55 65 (-704 428 112 ) (-704 428 44 ) (-704 416 44 ) (-704 416 112 ) 
4 56 147 (-692 0 128 ) (-704 0 128 ) (-704 0 40 ) (-692 0 40 ) 
4 56 67 (-704 0 40 ) (-704 0 128 ) (-704 278 128 ) (-704 278 40 ) 
4 56 57 (-704 0 40 ) (-704 288 40 ) (-692 288 40 ) (-692 0 40 ) 
4 57 147 (-704 0 0 ) (-672 0 0 ) (-672 0 40 ) (-704 0 40 ) 
4 57 68 (-672 288 0 ) (-672 0 0 ) (-704 0 0 ) (-704 288 0 ) 
4 57 67 (-704 278 0 ) (-704 0 0 ) (-704 0 40 ) (-704 278 40 ) 
4 58 113 (-708 992 0 ) (-708 951.550598 0 ) (-708 986.284851 28.529900 ) (-708 992 28.529900 ) 
3 58 100 (-708 986.284851 28.529900 ) (-708 992 33.224209 ) (-708 992 28.529900 ) 
4 58 59 (-708 951.555908 0 ) (-704 956.853577 0 ) (-704 992 28.868465 ) (-708 992 33.219845 ) 
4 59 113 (-708 986.284851 28.529900 ) (-708 951.550598 0 ) (-708 864 0 ) (-708 864 28.529900 ) 
5 59 100 (-708 992 33.224209 ) (-708 986.284851 28.529900 ) (-708 864 28.529900 ) (-708 864 36 ) (-708 992 36 ) 
4 59 86 (-708 864 36 ) (-708 864 128 ) (-708 992 128 ) (-708 992 36 ) 
4 59 60 (-708 864 0 ) (-704 864 0 ) (-704 864 112 ) (-708 864 112 ) 
4 60 116 (-708 864 0 ) (-708 832 0 ) (-708 832 28.529900 ) (-708 864 28.529900 ) 
4 60 103 (-708 832 28.529900 ) (-708 832 36 ) (-708 864 36 ) (-708 864 28.529900 ) 
4 60 89 (-708 832 36 ) (-708 832 112 ) (-708 864 112 ) (-708 864 36 ) 
4 60 61 (-708 832 0 ) (-704 832 0 ) (-704 832 112 ) (-708 832 112 ) 
4 61 119 (-708 832 0 ) (-708 800 0 ) (-708 800 28 ) (-708 832 28 ) 
4 61 117 (-708 800 28 ) (-708 800 28.529900 ) (-708 832 28.529900 ) (-708 832 28 ) 
4 61 104 (-708 800 28.529900 ) (-708 800 36 ) (-708 832 36 ) (-708 832 28.529900 ) 
4 61 91 (-708 800 36 ) (-708 800 40 ) (-708 832 40 ) (-708 832 36 ) 
4 61 90 (-708 800 40 ) (-708 800 128 ) (-708 832 128 ) (-708 832 40 ) 
4 61 62 (-704 800 40 ) (-704 800 128 ) (-708 800 128 ) (-708 800 40 ) 
4 62 90 (-708 608 40 ) (-708 608 128 ) (-708 800 128 ) (-708 800 40 ) 
4 62 64 (-704 608 40 ) (-704 608 128 ) (-708 608 128 ) (-708 608 40 ) 
4 62 63 (-708 683 40 ) (-708 724 40 ) (-704 724 40 ) (-704 683 40 ) 
4 63 118 (-708 724 28.529900 ) (-708 724 28 ) (-708 683 28 ) (-708 683 28.529900 ) 
4 63 105 (-708 724 36 ) (-708 724 28.529900 ) (-708 683 28.529900 ) (-708 683 36 ) 
4 63 92 (-708 683 40 ) (-708 724 40 ) (-708 724 36 ) (-708 683 36 ) 
4 64 120 (-708 608 0 ) (-708 448 0 ) (-708 448 28.529900 ) (-708 608 28.529900 ) 
4 64 108 (-708 448 28.529900 ) (-708 448 36 ) (-708 464 36 ) (-708 464 28.529900 ) 
4 64 106 (-708 464 36 ) (-708 608 36 ) (-708 608 28.529900 ) (-708 464 28.529900 ) 
4 64 95 (-708 448 36 ) (-708 448 128 ) (-708 464 128 ) (-708 464 36 ) 
4 64 93 (-708 608 40 ) (-708 608 36 ) (-708 464 36 ) (-708 464 40 ) 
4 64 90 (-708 464 128 ) (-708 608 128 ) (-708 608 40 ) (-708 464 40 ) 
4 64 65 (-704 448 44 ) (-704 448 128 ) (-708 448 128 ) (-708 448 44 ) 
4 65 96 (-708 416 44 ) (-708 416 128 ) (-708 448 128 ) (-708 448 44 ) 
4 65 66 (-704 416 44 ) (-704 416 128 ) (-708 416 128 ) (-708 416 44 ) 
4 66 121 (-708 416 0 ) (-708 288 0 ) (-708 288 28.529900 ) (-708 416 28.529900 ) 
4 66 109 (-708 288 28.529900 ) (-708 288 36 ) (-708 416 36 ) (-708 416 28.529900 ) 
4 66 97 (-708 288 36 ) (-708 288 128 ) (-708 416 128 ) (-708 416 36 ) 
4 67 147 (-708 0 128 ) (-708 0 0 ) (-704 0 0 ) (-704 0 128 ) 
4 67 122 (-708 278 0 ) (-708 0 0 ) (-708 0 28.529900 ) (-708 278 28.529900 ) 
4 67 112 (-708 0 28.529900 ) (-708 0 36 ) (-708 278 36 ) (-708 278 28.529900 ) 
4 67 99 (-708 0 36 ) (-708 0 128 ) (-708 278 128 ) (-708 278 36 ) 
4 67 69 (-708 0 0 ) (-708 278 0 ) (-704 278 0 ) (-704 0 0 ) 
4 68 147 (-704 0 -64 ) (-672 0 -64 ) (-672 0 0 ) (-704 0 0 ) 
4 68 74 (-704 448 -64 ) (-672 448 -64 ) (-672 0 -64 ) (-704 0 -64 ) 
4 68 69 (-704 278.010010 -64 ) (-704 0 -64 ) (-704 0 0 ) (-704 278.010010 0 ) 
4 69 147 (-708 0 0 ) (-708 0 -64 ) (-704 0 -64 ) (-704 0 0 ) 
4 69 135 (-708 278.010010 -64 ) (-708 0 -64 ) (-708 0 0 ) (-708 278.010010 0 ) 
4 69 77 (-708 0 -64 ) (-708 278.010010 -64 ) (-704 278.010010 -64 ) (-704 0 -64 ) 
4 70 136 (-708 1024 -64 ) (-708 1024 -192 ) (-708 848 -192 ) (-708 848 -64 ) 
4 70 79 (-708 848 -192 ) (-708 1024 -192 ) (-672 1024 -192 ) (-672 848 -192 ) 
4 70 71 (-708 848 -192 ) (-672 848 -192 ) (-672 848 -176 ) (-708 848 -176 ) 
4 71 137 (-708 848 -192 ) (-708 832 -192 ) (-708 832 -176 ) (-708 848 -176 ) 
4 71 79 (-708 832 -192 ) (-708 848 -192 ) (-672 848 -192 ) (-672 832 -192 ) 
4 71 72 (-708 832 -192 ) (-672 832 -192 ) (-672 832 -176 ) (-708 832 -176 ) 
4 72 138 (-708 832 -192 ) (-708 768 -192 ) (-708 768 -80 ) (-708 832 -80 ) 
4 72 80 (-708 768 -192 ) (-708 832 -192 ) (-672 832 -192 ) (-672 768 -192 ) 
4 72 73 (-708 768 -192 ) (-672 768 -192 ) (-672 768 -176 ) (-708 768 -176 ) 
4 73 139 (-708 768 -192 ) (-708 752 -192 ) (-708 752 -176 ) (-708 768 -176 ) 
4 73 81 (-708 752 -192 ) (-708 768 -192 ) (-672 768 -192 ) (-672 752 -192 ) 
4 73 75 (-708 752 -192 ) (-704 752 -192 ) (-704 752 -176 ) (-708 752 -176 ) 
4 73 74 (-704 752 -192 ) (-672 752 -192 ) (-672 752 -176 ) (-704 752 -176 ) 
4 74 147 (-704 0 -192 ) (-672 0 -192 ) (-672 0 -64 ) (-704 0 -64 ) 
4 74 81 (-672 0 -192 ) (-704 0 -192 ) (-704 752 -192 ) (-672 752 -192 ) 
4 74 76 (-704 448 -192 ) (-704 278.010010 -192 ) (-704 278.010010 -72 ) (-704 448 -72 ) 
4 74 75 (-704 752 -64 ) (-704 752 -192 ) (-704 448 -192 ) (-704 448 -64 ) 
4 74 77 (-704 278.010010 -192 ) (-704 0 -192 ) (-704 0 -64 ) (-704 278.010010 -64 ) 
4 75 140 (-708 752 -192 ) (-708 448 -192 ) (-708 448 -64 ) (-708 752 -64 ) 
4 75 81 (-708 448 -192 ) (-708 752 -192 ) (-704 752 -192 ) (-704 448 -192 ) 
4 75 76 (-708 448 -192 ) (-704 448 -192 ) (-704 448 -72 ) (-708 448 -72 ) 
4 76 141 (-708 448 -192 ) (-708 278.010010 -192 ) (-708 278.010010 -72 ) (-708 448 -72 ) 
4 76 81 (-708 278.010010 -192 ) (-708 448 -192 ) (-704 448 -192 ) (-704 278.010010 -192 ) 
4 76 77 (-708 278.010010 -192 ) (-704 278.010010 -192 ) (-704 278.010010 -72 ) (-708 278.010010 -72 ) 
4 77 147 (-708 0 -64 ) (-708 0 -192 ) (-704 0 -192 ) (-704 0 -64 ) 
4 77 142 (-708 278.010010 -192 ) (-708 0 -192 ) (-708 0 -64 ) (-708 278.010010 -64 ) 
4 77 81 (-704 0 -192 ) (-708 0 -192 ) (-708 278.010010 -192 ) (-704 278.010010 -192 ) 
4 78 147 (-236.522018 0 -192 ) (-608 0 -192 ) (-608 0 -240 ) (-236.522018 0 -240 ) 
4 78 146 (-236.522018 0 -240 ) (-608 0 -240 ) (-608 1024 -240 ) (-236.522018 1024 -240 ) 
4 78 80 (-608 832 -240 ) (-608 768 -240 ) (-608 768 -192 ) (-608 832 -192 ) 
4 78 79 (-608 1024 -240 ) (-608 832 -240 ) (-608 832 -192 ) (-608 1024 -192 ) 
4 78 81 (-608 768 -240 ) (-608 0 -240 ) (-608 0 -192 ) (-608 768 -192 ) 
4 79 146 (-708 832 -240 ) (-708 1024 -240 ) (-608 1024 -240 ) (-608 832 -240 ) 
4 79 143 (-708 1024 -192 ) (-708 1024 -240 ) (-708 832 -240 ) (-708 832 -192 ) 
4 79 80 (-608 832 -240 ) (-608 832 -192 ) (-708 832 -192 ) (-708 832 -240 ) 
4 80 146 (-708 768 -240 ) (-708 832 -240 ) (-608 832 -240 ) (-608 768 -240 ) 
4 80 144 (-708 832 -240 ) (-708 768 -240 ) (-708 768 -192 ) (-708 832 -192 ) 
4 80 81 (-608 768 -240 ) (-608 768 -192 ) (-708 768 -192 ) (-708 768 -240 ) 
4 81 147 (-608 0 -192 ) (-708 0 -192 ) (-708 0 -240 ) (-608 0 -240 ) 
4 81 146 (-608 0 -240 ) (-708 0 -240 ) (-708 768 -240 ) (-608 768 -240 ) 
4 81 145 (-708 768 -240 ) (-708 0 -240 ) (-708 0 -192 ) (-708 768 -192 ) 
4 82 244 (-1024 368 192 ) (-1024 278 192 ) (-1024 278 288 ) (-1024 368 288 ) 
4 82 245 (-1024 278 192 ) (-1024 0 192 ) (-1024 0 288 ) (-1024 278 288 ) 
4 82 233 (-1024 502 192 ) (-1024 368 192 ) (-1024 368 288 ) (-1024 502 288 ) 
4 82 227 (-1024 608 192 ) (-1024 502 192 ) (-1024 502 288 ) (-1024 608 288 ) 
4 82 148 (-1024 1024 288 ) (-1024 1024 192 ) (-1024 608 192 ) (-1024 608 288 ) 
4 82 147 (-1024 0 288 ) (-1024 0 192 ) (-708 0 192 ) (-708 0 288 ) 
4 82 84 (-708 278 192 ) (-708 0 192 ) (-1024 0 192 ) (-1024 278 192 ) 
4 83 240 (-1024 448 128 ) (-1024 368 128 ) (-1024 368 157 ) (-1024 448 157 ) 
4 83 98 (-1024 368 128 ) (-1024 448 128 ) (-988 448 128 ) (-988 368 128 ) 
4 84 245 (-1024 278 128 ) (-1024 0 128 ) (-1024 0 192 ) (-1024 278 192 ) 
4 84 147 (-1024 0 192 ) (-1024 0 128 ) (-708 0 128 ) (-708 0 192 ) 
4 84 99 (-1024 0 128 ) (-1024 278 128 ) (-708 278 128 ) (-708 0 128 ) 
6 85 86 (-741.804077 992 69.997597 ) (-754.675720 992 84 ) (-773.968628 992 80.002045 ) (-786.844543 992 71.998329 ) (-773.978394 992 66 ) (-754.666626 992 66 ) 
4 86 100 (-708 992 36 ) (-708 864 36 ) (-832 864 36 ) (-832 992 36 ) 
4 86 89 (-800 864 36 ) (-708 864 36 ) (-708 864 112 ) (-800 864 112 ) 
4 86 87 (-832 960 36 ) (-832 896 36 ) (-832 896 128 ) (-832 960 128 ) 
4 87 101 (-848 896 36 ) (-848 960 36 ) (-832 960 36 ) (-832 896 36 ) 
4 87 88 (-848 960 36 ) (-848 896 36 ) (-848 896 128 ) (-848 960 128 ) 
4 88 102 (-848 864 36 ) (-1008 864 36 ) (-1008 992 36 ) (-848 992 36 ) 
4 89 103 (-708 864 36 ) (-708 832 36 ) (-800 832 36 ) (-800 864 36 ) 
4 89 94 (-800 832 36 ) (-736 832 36 ) (-736 832 112 ) (-800 832 112 ) 
4 89 91 (-736 832 36 ) (-708 832 36 ) (-708 832 40 ) (-736 832 40 ) 
4 89 90 (-708 832 40 ) (-708 832 112 ) (-736 832 112 ) (-736 832 40 ) 
4 90 95 (-708 464 40 ) (-708 464 128 ) (-736 464 128 ) (-736 464 40 ) 
4 90 94 (-736 832 128 ) (-736 832 40 ) (-736 464 40 ) (-736 464 128 ) 
4 90 93 (-708 464 40 ) (-736 464 40 ) (-736 608 40 ) (-708 608 40 ) 
4 90 92 (-728 724 40 ) (-708 724 40 ) (-708 683 40 ) (-728 683 40 ) 
4 90 91 (-736 800 40 ) (-736 832 40 ) (-708 832 40 ) (-708 800 40 ) 
4 91 104 (-708 832 36 ) (-708 800 36 ) (-736 800 36 ) (-736 832 36 ) 
4 91 94 (-736 832 40 ) (-736 832 36 ) (-736 800 36 ) (-736 800 40 ) 
4 92 105 (-708 724 36 ) (-708 683 36 ) (-728 683 36 ) (-728 724 36 ) 
4 93 106 (-708 608 36 ) (-708 464 36 ) (-736 464 36 ) (-736 608 36 ) 
4 93 95 (-736 464 36 ) (-708 464 36 ) (-708 464 40 ) (-736 464 40 ) 
4 93 94 (-736 608 36 ) (-736 464 36 ) (-736 464 40 ) (-736 608 40 ) 
4 94 107 (-736 464 36 ) (-992 464 36 ) (-992 832 36 ) (-736 832 36 ) 
4 94 95 (-848 464 36 ) (-736 464 36 ) (-736 464 128 ) (-848 464 128 ) 
4 95 108 (-708 464 36 ) (-708 448 36 ) (-848 448 36 ) (-848 464 36 ) 
4 95 96 (-708 448 44 ) (-708 448 128 ) (-736 448 128 ) (-736 448 44 ) 
4 95 98 (-848 448 36 ) (-736 448 36 ) (-736 448 128 ) (-848 448 128 ) 
4 96 97 (-736 416 128 ) (-736 416 44 ) (-708 416 44 ) (-708 416 128 ) 
4 96 98 (-736 448 128 ) (-736 448 44 ) (-736 416 44 ) (-736 416 128 ) 
4 97 109 (-708 416 36 ) (-708 288 36 ) (-736 288 36 ) (-736 416 36 ) 
4 97 98 (-736 416 36 ) (-736 288 36 ) (-736 288 128 ) (-736 416 128 ) 
4 98 265 (-1024 377 36 ) (-1024 368 36 ) (-1024 368 118 ) (-1024 377 118 ) 
4 98 266 (-1024 368 36 ) (-1024 288 36 ) (-1024 288 118 ) (-1024 368 118 ) 
4 98 251 (-1024 448 36 ) (-1024 377 36 ) (-1024 377 118 ) (-1024 448 118 ) 
4 98 246 (-1024 288 118 ) (-1024 288 128 ) (-1024 368 128 ) (-1024 368 118 ) 
4 98 240 (-1024 368 128 ) (-1024 448 128 ) (-1024 448 118 ) (-1024 368 118 ) 
4 98 110 (-1024 368 36 ) (-1024 448 36 ) (-736 448 36 ) (-736 368 36 ) 
4 98 111 (-736 288 36 ) (-1024 288 36 ) (-1024 368 36 ) (-736 368 36 ) 
4 99 267 (-1024 278 36 ) (-1024 0 36 ) (-1024 0 118 ) (-1024 278 118 ) 
4 99 247 (-1024 0 118 ) (-1024 0 128 ) (-1024 278 128 ) (-1024 278 118 ) 
4 99 147 (-1024 0 128 ) (-1024 0 36 ) (-708 0 36 ) (-708 0 128 ) 
4 99 112 (-708 278 36 ) (-708 0 36 ) (-1024 0 36 ) (-1024 278 36 ) 
4 100 113 (-832 992 28.529900 ) (-708 992 28.529900 ) (-708 864 28.529900 ) (-832 864 28.529900 ) 
4 100 103 (-800 864 28.529900 ) (-708 864 28.529900 ) (-708 864 36 ) (-800 864 36 ) 
4 100 101 (-832 960 28.529900 ) (-832 896 28.529900 ) (-832 896 36 ) (-832 960 36 ) 
4 101 114 (-832 960 28.529900 ) (-832 896 28.529900 ) (-848 896 28.529900 ) (-848 960 28.529900 ) 
4 101 102 (-848 960 28.529900 ) (-848 896 28.529900 ) (-848 896 36 ) (-848 960 36 ) 
4 102 115 (-1008 992 28.529900 ) (-848 992 28.529900 ) (-848 864 28.529900 ) (-1008 864 28.529900 ) 
4 103 116 (-708 864 28.529900 ) (-708 832 28.529900 ) (-800 832 28.529900 ) (-800 864 28.529900 ) 
4 103 107 (-800 832 28.529900 ) (-736 832 28.529900 ) (-736 832 36 ) (-800 832 36 ) 
4 103 104 (-736 832 28.529900 ) (-708 832 28.529900 ) (-708 832 36 ) (-736 832 36 ) 
4 104 117 (-736 832 28.529900 ) (-708 832 28.529900 ) (-708 800 28.529900 ) (-736 800 28.529900 ) 
4 104 107 (-736 832 36 ) (-736 832 28.529900 ) (-736 800 28.529900 ) (-736 800 36 ) 
4 105 118 (-708 724 28.529900 ) (-708 683 28.529900 ) (-728 683 28.529900 ) (-728 724 28.529900 ) 
4 106 120 (-708 608 28.529900 ) (-708 464 28.529900 ) (-736 464 28.529900 ) (-736 608 28.529900 ) 
4 106 108 (-736 464 28.529900 ) (-708 464 28.529900 ) (-708 464 36 ) (-736 464 36 ) 
4 106 107 (-736 608 28.529900 ) (-736 464 28.529900 ) (-736 464 36 ) (-736 608 36 ) 
4 107 123 (-992 832 28.529900 ) (-736 832 28.529900 ) (-736 464 28.529900 ) (-992 464 28.529900 ) 
4 107 108 (-848 464 28.529900 ) (-736 464 28.529900 ) (-736 464 36 ) (-848 464 36 ) 
4 108 124 (-848 464 28.529900 ) (-736 464 28.529900 ) (-736 448 28.529900 ) (-848 448 28.529900 ) 
4 108 120 (-736 464 28.529900 ) (-708 464 28.529900 ) (-708 448 28.529900 ) (-736 448 28.529900 ) 
4 108 110 (-848 448 28.529900 ) (-736 448 28.529900 ) (-736 448 36 ) (-848 448 36 ) 
4 109 121 (-708 416 28.529900 ) (-708 288 28.529900 ) (-736 288 28.529900 ) (-736 416 28.529900 ) 
4 109 110 (-736 416 28.529900 ) (-736 368 28.529900 ) (-736 368 36 ) (-736 416 36 ) 
4 109 111 (-736 368 28.529900 ) (-736 288 28.529900 ) (-736 288 36 ) (-736 368 36 ) 
4 110 265 (-1024 368 30.012440 ) (-1024 368 36 ) (-1024 377 36 ) (-1024 377 30.012440 ) 
4 110 251 (-1024 377 36 ) (-1024 448 36 ) (-1024 448 30.012440 ) (-1024 377 30.012440 ) 
4 110 131 (-992 371 28.529900 ) (-992 368 28.529900 ) (-1022.419312 368 28.529900 ) (-1022.419312 371 28.529900 ) 
4 110 130 (-1022.419250 448 28.529900 ) (-992 448 28.529900 ) (-992 371 28.529900 ) (-1022.419312 371 28.529900 ) 
4 110 127 (-992 448 28.529900 ) (-848 448 28.529900 ) (-848 368 28.529900 ) (-992 368 28.529900 ) 
4 110 124 (-848 448 28.529900 ) (-736 448 28.529900 ) (-736 368 28.529900 ) (-848 368 28.529900 ) 
5 110 111 (-1022.419250 368 28.529900 ) (-736 368 28.529900 ) (-736 368 36 ) (-1024 368 36 ) (-1024 368 30.012440 ) 
4 111 266 (-1024 368 28.529900 ) (-1024 288 28.529900 ) (-1024 288 36 ) (-1024 368 36 ) 
4 111 133 (-1024 288 28.529900 ) (-1024 368 28.529900 ) (-736 368 28.529900 ) (-736 288 28.529900 ) 
4 112 267 (-1024 278 28.529900 ) (-1024 0 28.529900 ) (-1024 0 36 ) (-1024 278 36 ) 
4 112 147 (-1024 0 36 ) (-1024 0 28.529900 ) (-708 0 28.529900 ) (-708 0 36 ) 
4 112 134 (-1024 0 28.529900 ) (-1024 278 28.529900 ) (-736 278 28.529900 ) (-736 0 28.529900 ) 
4 112 122 (-736 278 28.529900 ) (-708 278 28.529900 ) (-708 0 28.529900 ) (-736 0 28.529900 ) 
4 113 116 (-800 864 0 ) (-708 864 0 ) (-708 864 28.529900 ) (-800 864 28.529900 ) 
4 113 114 (-832 960 0 ) (-832 896 0 ) (-832 896 28.529900 ) (-832 960 28.529900 ) 
4 114 115 (-848 960 0 ) (-848 896 0 ) (-848 896 28.529900 ) (-848 960 28.529900 ) 
4 116 123 (-800 832 0 ) (-736 832 0 ) (-736 832 28.529900 ) (-800 832 28.529900 ) 
4 116 119 (-736 832 0 ) (-708 832 0 ) (-708 832 28 ) (-736 832 28 ) 
4 116 117 (-708 832 28 ) (-708 832 28.529900 ) (-736 832 28.529900 ) (-736 832 28 ) 
4 117 123 (-736 832 28.529900 ) (-736 832 28 ) (-736 800 28 ) (-736 800 28.529900 ) 
4 117 119 (-736 800 28 ) (-736 832 28 ) (-708 832 28 ) (-708 800 28 ) 
4 119 123 (-736 832 28 ) (-736 832 0 ) (-736 800 0 ) (-736 800 28 ) 
4 120 124 (-736 464 0 ) (-736 448 0 ) (-736 448 28.529900 ) (-736 464 28.529900 ) 
4 120 123 (-736 608 0 ) (-736 464 0 ) (-736 464 28.529900 ) (-736 608 28.529900 ) 
4 121 133 (-736 368 0 ) (-736 288 0 ) (-736 288 28.529900 ) (-736 368 28.529900 ) 
4 121 124 (-736 416 0 ) (-736 368 0 ) (-736 368 28.529900 ) (-736 416 28.529900 ) 
4 122 147 (-736 0 0 ) (-708 0 0 ) (-708 0 28.529900 ) (-736 0 28.529900 ) 
4 122 135 (-708 278 0 ) (-708 0 0 ) (-736 0 0 ) (-736 278 0 ) 
4 122 134 (-736 278 0 ) (-736 0 0 ) (-736 0 28.529900 ) (-736 278 28.529900 ) 
4 123 125 (-992 464 0 ) (-848 464 0 ) (-848 464 0.467438 ) (-992 464 0.467438 ) 
4 123 124 (-848 464 0 ) (-736 464 0 ) (-736 464 28.529900 ) (-848 464 28.529900 ) 
4 124 133 (-848 368 0 ) (-736 368 0 ) (-736 368 28.529900 ) (-848 368 28.529900 ) 
4 124 126 (-848 449 0 ) (-848 448 0 ) (-848 448 0.467438 ) (-848 449 0.467438 ) 
4 124 127 (-848 448 0 ) (-848 368 0 ) (-848 368 28.529900 ) (-848 448 28.529900 ) 
4 124 125 (-848 464 0.467438 ) (-848 464 0 ) (-848 449 0 ) (-848 449 0.467438 ) 
4 125 252 (-1024 464 0 ) (-1024 449 0 ) (-1024 449 0.467438 ) (-1024 464 0.467438 ) 
4 125 128 (-1024 449 0 ) (-1000.144775 449 0 ) (-1000.640930 449 0.467438 ) (-1024 449 0.467438 ) 
4 125 126 (-992 449 0 ) (-848 449 0 ) (-848 449 0.467438 ) (-992 449 0.467438 ) 
4 126 127 (-992 448 0.467438 ) (-992 448 0 ) (-848 448 0 ) (-848 448 0.467438 ) 
4 127 133 (-992 368 0 ) (-848 368 0 ) (-848 368 28.529900 ) (-992 368 28.529900 ) 
4 127 131 (-992 371 0 ) (-992 368 0 ) (-992 368 28.529900 ) (-992 371 28.529900 ) 
4 127 130 (-992 448 0 ) (-992 371 0 ) (-992 371 28.529900 ) (-992 448 28.529900 ) 
4 128 252 (-1024 449 0 ) (-1024 448 0 ) (-1024 448 0.467438 ) (-1024 449 0.467438 ) 
4 128 129 (-1024 448 0 ) (-1000.144775 448 0 ) (-1000.640930 448 0.467438 ) (-1024 448 0.467438 ) 
4 129 262 (-1024 377 0 ) (-1024 371 0 ) (-1024 371 22.473227 ) (-1024 377 22.473227 ) 
4 129 253 (-1024 448 0 ) (-1024 377 0 ) (-1024 377 0.467438 ) (-1024 448 0.467438 ) 
4 129 250 (-1024 377 0.467438 ) (-1024 377 22.473227 ) (-1024 448 22.473227 ) (-1024 448 0.467438 ) 
3 130 131 (-992 371 0 ) (-992 371 28.529900 ) (-1022.419250 371 28.529900 ) 
3 131 133 (-992 368 0 ) (-992 368 28.529900 ) (-1022.419250 368 28.529900 ) 
4 132 264 (-1024 370 0 ) (-1024 368 0 ) (-1024 368 22.473227 ) (-1024 370 22.473227 ) 
3 132 133 (-1024 368 0 ) (-1000.144775 368 0 ) (-1024 368 22.473227 ) 
4 133 266 (-1024 288 22.473227 ) (-1024 288 28.529900 ) (-1024 368 28.529900 ) (-1024 368 22.473227 ) 
4 133 264 (-1024 368 0 ) (-1024 288 0 ) (-1024 288 22.473227 ) (-1024 368 22.473227 ) 
4 134 267 (-1024 278 0 ) (-1024 0 0 ) (-1024 0 28.529900 ) (-1024 278 28.529900 ) 
4 134 147 (-1024 0 28.529900 ) (-1024 0 0 ) (-736 0 0 ) (-736 0 28.529900 ) 
4 134 135 (-736 0 0 ) (-1024 0 0 ) (-1024 278 0 ) (-736 278 0 ) 
4 135 268 (-1024 278.010010 -64 ) (-1024 0 -64 ) (-1024 0 0 ) (-1024 278.010010 0 ) 
4 135 147 (-1024 0 0 ) (-1024 0 -64 ) (-708 0 -64 ) (-708 0 0 ) 
4 135 142 (-1024 0 -64 ) (-1024 278.010010 -64 ) (-708 278.010010 -64 ) (-708 0 -64 ) 
4 136 161 (-1024 1024 -64 ) (-1024 1024 -192 ) (-1024 848 -192 ) (-1024 848 -64 ) 
4 136 143 (-1024 1024 -192 ) (-708 1024 -192 ) (-708 848 -192 ) (-1024 848 -192 ) 
4 136 137 (-1024 848 -192 ) (-708 848 -192 ) (-708 848 -176 ) (-1024 848 -176 ) 
4 137 162 (-1024 848 -192 ) (-1024 832 -192 ) (-1024 832 -176 ) (-1024 848 -176 ) 
4 137 143 (-708 848 -192 ) (-708 832 -192 ) (-1024 832 -192 ) (-1024 848 -192 ) 
4 137 138 (-1024 832 -192 ) (-708 832 -192 ) (-708 832 -176 ) (-1024 832 -176 ) 
4 138 163 (-1024 832 -192 ) (-1024 768 -192 ) (-1024 768 -80 ) (-1024 832 -80 ) 
4 138 144 (-708 832 -192 ) (-708 768 -192 ) (-1024 768 -192 ) (-1024 832 -192 ) 
4 138 139 (-1024 768 -192 ) (-708 768 -192 ) (-708 768 -176 ) (-1024 768 -176 ) 
4 139 164 (-1024 768 -192 ) (-1024 752 -192 ) (-1024 752 -176 ) (-1024 768 -176 ) 
4 139 145 (-708 768 -192 ) (-708 752 -192 ) (-1024 752 -192 ) (-1024 768 -192 ) 
4 139 140 (-1024 752 -192 ) (-708 752 -192 ) (-708 752 -176 ) (-1024 752 -176 ) 
4 140 252 (-1024 448 -72 ) (-1024 448 -64 ) (-1024 492 -64 ) (-1024 492 -72 ) 
4 140 248 (-1024 492 -64 ) (-1024 502 -64 ) (-1024 502 -72 ) (-1024 492 -72 ) 
4 140 269 (-1024 502 -192 ) (-1024 448 -192 ) (-1024 448 -72 ) (-1024 502 -72 ) 
4 140 230 (-1024 608 -192 ) (-1024 502 -192 ) (-1024 502 -64 ) (-1024 608 -64 ) 
4 140 165 (-1024 752 -192 ) (-1024 608 -192 ) (-1024 608 -64 ) (-1024 752 -64 ) 
4 140 145 (-708 752 -192 ) (-708 448 -192 ) (-1024 448 -192 ) (-1024 752 -192 ) 
4 140 141 (-1024 448 -192 ) (-708 448 -192 ) (-708 448 -72 ) (-1024 448 -72 ) 
4 141 269 (-1024 448 -192 ) (-1024 278.010010 -192 ) (-1024 278.010010 -72 ) (-1024 448 -72 ) 
4 141 145 (-708 448 -192 ) (-708 278.010010 -192 ) (-1024 278.010010 -192 ) (-1024 448 -192 ) 
4 141 142 (-1024 278.010010 -192 ) (-708 278.010010 -192 ) (-708 278.010010 -72 ) (-1024 278.010010 -72 ) 
4 142 268 (-1024 0 -72 ) (-1024 0 -64 ) (-1024 278.010010 -64 ) (-1024 278.010010 -72 ) 
4 142 269 (-1024 278.010010 -192 ) (-1024 0 -192 ) (-1024 0 -72 ) (-1024 278.010010 -72 ) 
4 142 147 (-1024 0 -64 ) (-1024 0 -192 ) (-708 0 -192 ) (-708 0 -64 ) 
4 142 145 (-708 278.010010 -192 ) (-708 0 -192 ) (-1024 0 -192 ) (-1024 278.010010 -192 ) 
4 143 339 (-1024 1024 -192 ) (-1024 1024 -240 ) (-1024 832 -240 ) (-1024 832 -192 ) 
4 143 146 (-1024 832 -240 ) (-1024 1024 -240 ) (-708 1024 -240 ) (-708 832 -240 ) 
4 143 144 (-1024 832 -240 ) (-708 832 -240 ) (-708 832 -192 ) (-1024 832 -192 ) 
4 144 353 (-1024 832 -240 ) (-1024 768 -240 ) (-1024 768 -192 ) (-1024 832 -192 ) 
4 144 146 (-1024 768 -240 ) (-1024 832 -240 ) (-708 832 -240 ) (-708 768 -240 ) 
4 144 145 (-1024 768 -240 ) (-708 768 -240 ) (-708 768 -192 ) (-1024 768 -192 ) 
4 145 360 (-1024 768 -240 ) (-1024 0 -240 ) (-1024 0 -192 ) (-1024 768 -192 ) 
4 145 147 (-1024 0 -192 ) (-1024 0 -240 ) (-708 0 -240 ) (-708 0 -192 ) 
4 145 146 (-708 0 -240 ) (-1024 0 -240 ) (-1024 768 -240 ) (-708 768 -240 ) 
4 146 360 (-1024 768 -288 ) (-1024 0 -288 ) (-1024 0 -240 ) (-1024 768 -240 ) 
4 146 359 (-1024 832 -288 ) (-1024 768 -288 ) (-1024 768 -240 ) (-1024 832 -240 ) 
4 146 339 (-1024 1024 -240 ) (-1024 1024 -288 ) (-1024 832 -288 ) (-1024 832 -240 ) 
4 146 147 (-236.522018 0 -240 ) (-1024 0 -240 ) (-1024 0 -288 ) (-236.522018 0 -288 ) 
4 147 366 (-1024 -137.845993 288 ) (-1024 0 288 ) (-1024 0 -288 ) (-1024 -137.845993 -288 ) 
4 148 230 (-1120 608 120 ) (-1024 608 120 ) (-1024 608 128 ) (-1120 608 128 ) 
4 148 227 (-1024 608 128 ) (-1024 608 288 ) (-1120 608 288 ) (-1120 608 128 ) 
4 148 160 (-1024 608 120 ) (-1120 608 120 ) (-1120 1024 120 ) (-1024 1024 120 ) 
4 148 151 (-1120 1024 128 ) (-1120 1024 120 ) (-1120 848 120 ) (-1120 848 128 ) 
4 148 150 (-1120 1024 192 ) (-1120 1024 128 ) (-1120 848 128 ) (-1120 848 192 ) 
4 148 149 (-1120 1024 288 ) (-1120 1024 192 ) (-1120 608 192 ) (-1120 608 288 ) 
4 149 365 (-2048 1024 288 ) (-2048 1024 192 ) (-2048 608 192 ) (-2048 608 288 ) 
4 149 335 (-1968 608 192 ) (-1616 608 192 ) (-1616 608 288 ) (-1968 608 288 ) 
4 149 338 (-2048 608 288 ) (-2048 608 192 ) (-1968 608 192 ) (-1968 608 288 ) 
4 149 315 (-1616 608 192 ) (-1584 608 192 ) (-1584 608 288 ) (-1616 608 288 ) 
4 149 293 (-1584 608 192 ) (-1296 608 192 ) (-1296 608 288 ) (-1584 608 288 ) 
4 149 290 (-1296 608 192 ) (-1294 608 192 ) (-1294 608 288 ) (-1296 608 288 ) 
4 149 228 (-1294 608 192 ) (-1120 608 192 ) (-1120 608 288 ) (-1294 608 288 ) 
4 149 158 (-1296 704 192 ) (-1296 608 192 ) (-1616 608 192 ) (-1616 704 192 ) 
4 149 159 (-1616 608 192 ) (-2048 608 192 ) (-2048 704 192 ) (-1616 704 192 ) 
4 149 155 (-1632 1024 192 ) (-1456 1024 192 ) (-1456 824 192 ) (-1632 824 192 ) 
4 149 156 (-1456 824 192 ) (-1456 704 192 ) (-1632 704 192 ) (-1632 824 192 ) 
4 149 154 (-1456 1024 192 ) (-1296 1024 192 ) (-1296 704 192 ) (-1456 704 192 ) 
4 149 157 (-2048 1024 192 ) (-1632 1024 192 ) (-1632 704 192 ) (-2048 704 192 ) 
4 149 150 (-1296 1024 192 ) (-1120 1024 192 ) (-1120 848 192 ) (-1296 848 192 ) 
4 150 154 (-1296 848 192 ) (-1296 1024 192 ) (-1296 1024 128 ) (-1296 848 128 ) 
4 150 151 (-1296 848 128 ) (-1296 1024 128 ) (-1120 1024 128 ) (-1120 848 128 ) 
4 151 166 (-1296 848 120 ) (-1296 1024 120 ) (-1120 1024 120 ) (-1120 848 120 ) 
4 151 154 (-1296 1024 120 ) (-1296 848 120 ) (-1296 848 128 ) (-1296 1024 128 ) 
4 152 168 (-1280 832 120 ) (-1136 832 120 ) (-1136 704 120 ) (-1280 704 120 ) 
4 152 153 (-1136 704 120 ) (-1136 704 128 ) (-1280 704 128 ) (-1280 704 120 ) 
4 153 208 (-1280 608 120 ) (-1294 608 120 ) (-1294 612 120 ) (-1280 612 120 ) 
4 153 207 (-1136 608 120 ) (-1280 608 120 ) (-1280 612 120 ) (-1136 612 120 ) 
4 153 189 (-1294 612 120 ) (-1294 688 120 ) (-1280 688 120 ) (-1280 612 120 ) 
4 153 188 (-1280 688 120 ) (-1136 688 120 ) (-1136 612 120 ) (-1280 612 120 ) 
4 153 170 (-1294 688 120 ) (-1294 704 120 ) (-1280 704 120 ) (-1280 688 120 ) 
4 153 169 (-1280 704 120 ) (-1136 704 120 ) (-1136 688 120 ) (-1280 688 120 ) 
4 154 175 (-1296 824 120 ) (-1296 704 120 ) (-1456 704 120 ) (-1456 824 120 ) 
4 154 173 (-1456 1024 120 ) (-1296 1024 120 ) (-1296 824 120 ) (-1456 824 120 ) 
4 154 158 (-1296 704 184 ) (-1296 704 192 ) (-1456 704 192 ) (-1456 704 184 ) 
4 154 155 (-1456 824 144 ) (-1456 824 192 ) (-1456 1024 192 ) (-1456 1024 144 ) 
4 154 156 (-1456 824 120 ) (-1456 704 120 ) (-1456 704 192 ) (-1456 824 192 ) 
4 155 156 (-1632 824 192 ) (-1632 824 144 ) (-1456 824 144 ) (-1456 824 192 ) 
4 155 157 (-1632 824 144 ) (-1632 824 192 ) (-1632 1024 192 ) (-1632 1024 144 ) 
4 156 175 (-1456 824 120 ) (-1456 704 120 ) (-1616 704 120 ) (-1616 824 120 ) 
4 156 176 (-1616 704 120 ) (-1632 704 120 ) (-1632 824 120 ) (-1616 824 120 ) 
4 156 158 (-1456 704 184 ) (-1456 704 192 ) (-1616 704 192 ) (-1616 704 184 ) 
4 156 159 (-1632 704 120 ) (-1616 704 120 ) (-1616 704 192 ) (-1632 704 192 ) 
4 156 157 (-1632 824 120 ) (-1632 704 120 ) (-1632 704 192 ) (-1632 824 192 ) 
4 157 365 (-2048 1024 192 ) (-2048 1024 120 ) (-2048 704 120 ) (-2048 704 192 ) 
4 157 176 (-2048 704 120 ) (-2048 824 120 ) (-1632 824 120 ) (-1632 704 120 ) 
4 157 174 (-2048 824 120 ) (-2048 1024 120 ) (-1632 1024 120 ) (-1632 824 120 ) 
4 157 159 (-2048 704 120 ) (-1632 704 120 ) (-1632 704 192 ) (-2048 704 192 ) 
4 158 315 (-1584 608 192 ) (-1616 608 192 ) (-1616 608 184 ) (-1584 608 184 ) 
4 158 293 (-1296 608 184 ) (-1296 608 192 ) (-1584 608 192 ) (-1584 608 184 ) 
4 158 159 (-1616 704 192 ) (-1616 704 184 ) (-1616 608 184 ) (-1616 608 192 ) 
4 159 365 (-2048 704 120 ) (-2048 608 120 ) (-2048 608 192 ) (-2048 704 192 ) 
4 159 335 (-1968 608 120 ) (-1616 608 120 ) (-1616 608 192 ) (-1968 608 192 ) 
4 159 338 (-2048 608 192 ) (-2048 608 120 ) (-1968 608 120 ) (-1968 608 192 ) 
4 159 220 (-1616 608 120 ) (-2048 608 120 ) (-2048 612 120 ) (-1616 612 120 ) 
4 159 206 (-2048 612 120 ) (-2048 684 120 ) (-1616 684 120 ) (-1616 612 120 ) 
4 159 204 (-2048 684 120 ) (-2048 688 120 ) (-1616 688 120 ) (-1616 684 120 ) 
4 159 176 (-2048 688 120 ) (-2048 704 120 ) (-1616 704 120 ) (-1616 688 120 ) 
4 160 230 (-1024 608 -64 ) (-1024 608 120 ) (-1120 608 120 ) (-1120 608 -64 ) 
4 160 166 (-1120 848 120 ) (-1120 1024 120 ) (-1120 1024 -64 ) (-1120 848 -64 ) 
4 160 165 (-1024 608 -64 ) (-1120 608 -64 ) (-1120 752 -64 ) (-1024 752 -64 ) 
4 160 161 (-1120 848 -64 ) (-1120 1024 -64 ) (-1024 1024 -64 ) (-1024 848 -64 ) 
4 161 339 (-1120 1024 -192 ) (-1024 1024 -192 ) (-1024 848 -192 ) (-1120 848 -192 ) 
4 161 171 (-1120 1024 -192 ) (-1120 848 -192 ) (-1120 848 -176 ) (-1120 1024 -176 ) 
4 161 166 (-1120 848 -176 ) (-1120 848 -64 ) (-1120 1024 -64 ) (-1120 1024 -176 ) 
4 161 162 (-1120 848 -176 ) (-1120 848 -192 ) (-1024 848 -192 ) (-1024 848 -176 ) 
4 162 339 (-1024 848 -192 ) (-1024 832 -192 ) (-1120 832 -192 ) (-1120 848 -192 ) 
4 162 172 (-1120 848 -192 ) (-1120 832 -192 ) (-1120 832 -176 ) (-1120 848 -176 ) 
4 162 163 (-1120 832 -176 ) (-1120 832 -192 ) (-1024 832 -192 ) (-1024 832 -176 ) 
4 163 353 (-1024 832 -192 ) (-1024 768 -192 ) (-1120 768 -192 ) (-1120 832 -192 ) 
4 163 172 (-1120 832 -192 ) (-1120 768 -192 ) (-1120 768 -176 ) (-1120 832 -176 ) 
4 163 167 (-1120 768 -176 ) (-1120 768 -80 ) (-1120 832 -80 ) (-1120 832 -176 ) 
4 163 164 (-1120 768 -176 ) (-1120 768 -192 ) (-1024 768 -192 ) (-1024 768 -176 ) 
4 164 360 (-1024 768 -192 ) (-1024 752 -192 ) (-1120 752 -192 ) (-1120 768 -192 ) 
4 164 172 (-1120 768 -192 ) (-1120 752 -192 ) (-1120 752 -176 ) (-1120 768 -176 ) 
4 164 165 (-1120 752 -176 ) (-1120 752 -192 ) (-1024 752 -192 ) (-1024 752 -176 ) 
4 165 360 (-1024 752 -192 ) (-1024 608 -192 ) (-1120 608 -192 ) (-1120 752 -192 ) 
4 165 230 (-1120 608 -192 ) (-1024 608 -192 ) (-1024 608 -64 ) (-1120 608 -64 ) 
4 165 222 (-1120 688 -192 ) (-1120 608 -192 ) (-1120 608 -176 ) (-1120 688 -176 ) 
4 165 172 (-1120 752 -192 ) (-1120 688 -192 ) (-1120 688 -176 ) (-1120 752 -176 ) 
4 166 177 (-1296 1024 80 ) (-1296 1024 -176 ) (-1296 848 -176 ) (-1296 848 80 ) 
4 166 173 (-1296 848 120 ) (-1296 1024 120 ) (-1296 1024 80 ) (-1296 848 80 ) 
4 166 171 (-1296 848 -176 ) (-1296 1024 -176 ) (-1120 1024 -176 ) (-1120 848 -176 ) 
4 167 172 (-1136 832 -176 ) (-1120 832 -176 ) (-1120 768 -176 ) (-1136 768 -176 ) 
4 167 168 (-1136 832 -64 ) (-1136 832 -176 ) (-1136 768 -176 ) (-1136 768 -64 ) 
4 168 172 (-1280 832 -176 ) (-1136 832 -176 ) (-1136 704 -176 ) (-1280 704 -176 ) 
4 168 169 (-1280 704 -176 ) (-1136 704 -176 ) (-1136 704 120 ) (-1280 704 120 ) 
4 169 221 (-1280 688 0 ) (-1280 688 -176 ) (-1136 688 -176 ) (-1136 688 0 ) 
4 169 188 (-1136 688 120 ) (-1280 688 120 ) (-1280 688 0 ) (-1136 688 0 ) 
4 169 172 (-1136 688 -176 ) (-1280 688 -176 ) (-1280 704 -176 ) (-1136 704 -176 ) 
4 169 170 (-1280 704 120 ) (-1280 704 8 ) (-1280 688 8 ) (-1280 688 120 ) 
4 170 189 (-1280 688 120 ) (-1294 688 120 ) (-1294 688 8 ) (-1280 688 8 ) 
4 171 340 (-1296 1024 -192 ) (-1120 1024 -192 ) (-1120 848 -192 ) (-1296 848 -192 ) 
4 171 177 (-1296 1024 -192 ) (-1296 848 -192 ) (-1296 848 -176 ) (-1296 1024 -176 ) 
4 171 172 (-1120 848 -192 ) (-1120 848 -176 ) (-1296 848 -176 ) (-1296 848 -192 ) 
4 172 361 (-1120 768 -192 ) (-1120 688 -192 ) (-1296 688 -192 ) (-1296 768 -192 ) 
4 172 354 (-1120 832 -192 ) (-1120 768 -192 ) (-1296 768 -192 ) (-1296 832 -192 ) 
4 172 341 (-1120 848 -192 ) (-1120 832 -192 ) (-1296 832 -192 ) (-1296 848 -192 ) 
4 172 222 (-1296 688 -192 ) (-1120 688 -192 ) (-1120 688 -176 ) (-1296 688 -176 ) 
4 172 186 (-1296 704 -192 ) (-1296 688 -192 ) (-1296 688 -176 ) (-1296 704 -176 ) 
4 172 182 (-1296 840 -192 ) (-1296 704 -192 ) (-1296 704 -176 ) (-1296 840 -176 ) 
4 172 177 (-1296 848 -192 ) (-1296 840 -192 ) (-1296 840 -176 ) (-1296 848 -176 ) 
4 173 182 (-1296 840 80 ) (-1296 824 80 ) (-1456 824 80 ) (-1456 840 80 ) 
4 173 178 (-1440 920 80 ) (-1440 840 80 ) (-1456 840 80 ) (-1456 920 80 ) 
4 173 177 (-1440 1024 80 ) (-1296 1024 80 ) (-1296 840 80 ) (-1440 840 80 ) 
4 173 175 (-1456 824 80 ) (-1296 824 80 ) (-1296 824 120 ) (-1456 824 120 ) 
4 174 365 (-2048 1024 120 ) (-2048 1024 80 ) (-2048 824 80 ) (-2048 824 120 ) 
4 174 184 (-1632 840 80 ) (-1632 824 80 ) (-2048 824 80 ) (-2048 840 80 ) 
4 174 181 (-2048 1024 80 ) (-1632 1024 80 ) (-1632 840 80 ) (-2048 840 80 ) 
4 174 176 (-2048 824 80 ) (-1632 824 80 ) (-1632 824 120 ) (-2048 824 120 ) 
4 175 183 (-1456 704 80 ) (-1616 704 80 ) (-1616 824 80 ) (-1456 824 80 ) 
4 175 182 (-1296 824 80 ) (-1296 704 80 ) (-1456 704 80 ) (-1456 824 80 ) 
4 175 176 (-1616 824 120 ) (-1616 824 80 ) (-1616 704 80 ) (-1616 704 120 ) 
4 176 365 (-2048 824 80 ) (-2048 688 80 ) (-2048 688 120 ) (-2048 824 120 ) 
4 176 204 (-1616 688 120 ) (-2048 688 120 ) (-2048 688 80 ) (-1616 688 80 ) 
4 176 185 (-1616 688 80 ) (-2048 688 80 ) (-2048 704 80 ) (-1616 704 80 ) 
4 176 183 (-1632 824 80 ) (-1616 824 80 ) (-1616 704 80 ) (-1632 704 80 ) 
4 176 184 (-2048 704 80 ) (-2048 824 80 ) (-1632 824 80 ) (-1632 704 80 ) 
4 177 343 (-1440 1024 -192 ) (-1296 1024 -192 ) (-1296 840 -192 ) (-1440 840 -192 ) 
4 177 182 (-1440 840 -192 ) (-1296 840 -192 ) (-1296 840 80 ) (-1440 840 80 ) 
4 177 178 (-1440 920 -192 ) (-1440 840 -192 ) (-1440 840 80 ) (-1440 920 80 ) 
4 178 345 (-1440 920 -192 ) (-1440 840 -192 ) (-1456 840 -192 ) (-1456 920 -192 ) 
4 178 182 (-1456 840 -192 ) (-1440 840 -192 ) (-1440 840 80 ) (-1456 840 80 ) 
4 179 346 (-1472 1024 -192 ) (-1456 1024 -192 ) (-1456 1000 -192 ) (-1472 1000 -192 ) 
4 179 180 (-1472 1024 -192 ) (-1472 1000 -192 ) (-1472 1000 -112 ) (-1472 1024 -112 ) 
4 180 347 (-1616 1024 -192 ) (-1472 1024 -192 ) (-1472 840 -192 ) (-1616 840 -192 ) 
4 181 365 (-2048 1024 80 ) (-2048 1024 -192 ) (-2048 840 -192 ) (-2048 840 80 ) 
4 181 348 (-2048 840 -192 ) (-2048 1024 -192 ) (-1632 1024 -192 ) (-1632 840 -192 ) 
4 181 184 (-2048 840 -192 ) (-1632 840 -192 ) (-1632 840 80 ) (-2048 840 80 ) 
4 182 364 (-1296 768 -192 ) (-1296 704 -192 ) (-1456 704 -192 ) (-1456 768 -192 ) 
4 182 355 (-1296 832 -192 ) (-1296 768 -192 ) (-1456 768 -192 ) (-1456 832 -192 ) 
4 182 345 (-1456 840 -192 ) (-1440 840 -192 ) (-1440 832 -192 ) (-1456 832 -192 ) 
4 182 343 (-1440 840 -192 ) (-1296 840 -192 ) (-1296 832 -192 ) (-1440 832 -192 ) 
4 182 186 (-1456 704 -192 ) (-1296 704 -192 ) (-1296 704 -64 ) (-1456 704 -64 ) 
4 182 183 (-1456 824 -192 ) (-1456 704 -192 ) (-1456 704 80 ) (-1456 824 80 ) 
4 183 364 (-1456 768 -192 ) (-1456 704 -192 ) (-1632 704 -192 ) (-1632 768 -192 ) 
4 183 357 (-1456 824 -192 ) (-1456 768 -192 ) (-1632 768 -192 ) (-1632 824 -192 ) 
4 183 186 (-1616 704 -192 ) (-1456 704 -192 ) (-1456 704 -64 ) (-1616 704 -64 ) 
4 183 187 (-1632 704 -192 ) (-1616 704 -192 ) (-1616 704 0 ) (-1632 704 0 ) 
4 183 185 (-1616 704 80 ) (-1632 704 80 ) (-1632 704 0 ) (-1616 704 0 ) 
4 183 184 (-1632 824 -192 ) (-1632 704 -192 ) (-1632 704 80 ) (-1632 824 80 ) 
4 184 365 (-2048 840 -192 ) (-2048 704 -192 ) (-2048 704 80 ) (-2048 840 80 ) 
4 184 364 (-2048 704 -192 ) (-2048 768 -192 ) (-1632 768 -192 ) (-1632 704 -192 ) 
4 184 358 (-2048 768 -192 ) (-2048 832 -192 ) (-1632 832 -192 ) (-1632 768 -192 ) 
4 184 349 (-2048 832 -192 ) (-2048 840 -192 ) (-1632 840 -192 ) (-1632 832 -192 ) 
4 184 187 (-2048 704 -192 ) (-1632 704 -192 ) (-1632 704 0 ) (-2048 704 0 ) 
4 184 185 (-1632 704 0 ) (-1632 704 80 ) (-2048 704 80 ) (-2048 704 0 ) 
4 185 365 (-2048 688 0 ) (-2048 688 80 ) (-2048 704 80 ) (-2048 704 0 ) 
4 185 204 (-1616 688 80 ) (-2048 688 80 ) (-2048 688 0 ) (-1616 688 0 ) 
4 185 187 (-2048 704 0 ) (-1616 704 0 ) (-1616 688 0 ) (-2048 688 0 ) 
4 186 364 (-1616 704 -192 ) (-1296 704 -192 ) (-1296 688 -192 ) (-1616 688 -192 ) 
4 186 223 (-1616 688 -192 ) (-1296 688 -192 ) (-1296 688 -64 ) (-1616 688 -64 ) 
4 186 187 (-1616 688 -192 ) (-1616 688 -64 ) (-1616 704 -64 ) (-1616 704 -192 ) 
4 187 365 (-2048 704 -192 ) (-2048 688 -192 ) (-2048 688 0 ) (-2048 704 0 ) 
4 187 364 (-2048 688 -192 ) (-2048 704 -192 ) (-1616 704 -192 ) (-1616 688 -192 ) 
4 187 224 (-1616 688 -36.814400 ) (-1616 688 0 ) (-1968 688 0 ) (-1968 688 -36.814400 ) 
4 187 225 (-1968 688 -192 ) (-1616 688 -192 ) (-1616 688 -68.814407 ) (-1968 688 -68.814407 ) 
4 187 226 (-2048 688 -192 ) (-1968 688 -192 ) (-1968 688 0 ) (-2048 688 0 ) 
4 188 221 (-1280 688 0 ) (-1136 688 0 ) (-1136 612 0 ) (-1280 612 0 ) 
4 188 207 (-1280 612 0 ) (-1136 612 0 ) (-1136 612 120 ) (-1280 612 120 ) 
4 188 189 (-1280 688 120 ) (-1280 688 8 ) (-1280 612 8 ) (-1280 612 120 ) 
4 189 208 (-1280 612 8 ) (-1280 612 120 ) (-1294 612 120 ) (-1294 612 8 ) 
4 189 190 (-1294 684 8 ) (-1294 612 8 ) (-1294 612 120 ) (-1294 684 120 ) 
4 190 191 (-1296 684 8 ) (-1296 612 8 ) (-1296 612 120 ) (-1296 684 120 ) 
4 191 194 (-1298 684 0 ) (-1298 612 0 ) (-1298 612 120 ) (-1298 684 120 ) 
4 192 194 (-1326 684 0 ) (-1298 684 0 ) (-1298 684 120 ) (-1326 684 120 ) 
4 193 194 (-1358 684 0 ) (-1330 684 0 ) (-1330 684 120 ) (-1358 684 120 ) 
4 194 210 (-1358 612 0 ) (-1330 612 0 ) (-1330 612 120 ) (-1358 612 120 ) 
4 194 209 (-1326 612 0 ) (-1298 612 0 ) (-1298 612 120 ) (-1326 612 120 ) 
4 194 195 (-1362 656 32 ) (-1362 656 120 ) (-1362 684 120 ) (-1362 684 32 ) 
4 194 196 (-1362 656 0 ) (-1362 612 0 ) (-1362 612 120 ) (-1362 656 120 ) 
4 195 205 (-1390 684 32 ) (-1390 656 32 ) (-1390 656 120 ) (-1390 684 120 ) 
4 195 196 (-1390 656 120 ) (-1390 656 32 ) (-1362 656 32 ) (-1362 656 120 ) 
4 196 211 (-1390 612 0 ) (-1362 612 0 ) (-1362 612 120 ) (-1390 612 120 ) 
4 196 205 (-1390 656 0 ) (-1390 612 0 ) (-1390 612 120 ) (-1390 656 120 ) 
4 197 205 (-1422 684 0 ) (-1394 684 0 ) (-1394 684 120 ) (-1422 684 120 ) 
4 198 205 (-1454 684 0 ) (-1426 684 0 ) (-1426 684 120 ) (-1454 684 120 ) 
4 199 205 (-1486 684 0 ) (-1458 684 0 ) (-1458 684 120 ) (-1486 684 120 ) 
4 200 205 (-1518 684 0 ) (-1490 684 0 ) (-1490 684 120 ) (-1518 684 120 ) 
4 201 205 (-1550 684 0 ) (-1522 684 0 ) (-1522 684 120 ) (-1550 684 120 ) 
4 202 205 (-1582 684 0 ) (-1554 684 0 ) (-1554 684 120 ) (-1582 684 120 ) 
4 203 205 (-1612 684 0 ) (-1586 684 0 ) (-1586 684 120 ) (-1612 684 120 ) 
4 204 365 (-2048 684 120 ) (-2048 688 120 ) (-2048 688 0 ) (-2048 684 0 ) 
4 204 224 (-1968 688 0 ) (-1616 688 0 ) (-1616 684 0 ) (-1968 684 0 ) 
4 204 226 (-2048 688 0 ) (-1968 688 0 ) (-1968 684 0 ) (-2048 684 0 ) 
4 204 206 (-2048 684 0 ) (-1616 684 0 ) (-1616 684 120 ) (-2048 684 120 ) 
4 205 218 (-1582 612 0 ) (-1554 612 0 ) (-1554 612 120 ) (-1582 612 120 ) 
4 205 219 (-1612 612 0 ) (-1586 612 0 ) (-1586 612 120 ) (-1612 612 120 ) 
4 205 215 (-1490 612 120 ) (-1518 612 120 ) (-1518 612 56 ) (-1490 612 56 ) 
4 205 216 (-1522 612 120 ) (-1550 612 120 ) (-1550 612 56 ) (-1522 612 56 ) 
4 205 214 (-1458 612 56 ) (-1458 612 120 ) (-1486 612 120 ) (-1486 612 56 ) 
4 205 217 (-1550 612 0 ) (-1458 612 0 ) (-1458 612 56 ) (-1550 612 56 ) 
4 205 212 (-1422 612 0 ) (-1394 612 0 ) (-1394 612 120 ) (-1422 612 120 ) 
4 205 213 (-1454 612 0 ) (-1426 612 0 ) (-1426 612 120 ) (-1454 612 120 ) 
4 206 365 (-2048 612 120 ) (-2048 684 120 ) (-2048 684 0 ) (-2048 612 0 ) 
4 206 224 (-1616 612 0 ) (-1968 612 0 ) (-1968 684 0 ) (-1616 684 0 ) 
4 206 226 (-1968 612 0 ) (-2048 612 0 ) (-2048 684 0 ) (-1968 684 0 ) 
4 206 220 (-2048 612 0 ) (-1616 612 0 ) (-1616 612 120 ) (-2048 612 120 ) 
4 207 221 (-1136 608 0 ) (-1280 608 0 ) (-1280 612 0 ) (-1136 612 0 ) 
4 207 208 (-1280 612 120 ) (-1280 612 8 ) (-1280 608 8 ) (-1280 608 120 ) 
4 214 217 (-1486 612 56 ) (-1458 612 56 ) (-1458 608 56 ) (-1486 608 56 ) 
4 215 217 (-1518 612 56 ) (-1490 612 56 ) (-1490 608 56 ) (-1518 608 56 ) 
4 216 217 (-1550 608 56 ) (-1550 612 56 ) (-1522 612 56 ) (-1522 608 56 ) 
4 217 295 (-1536 608 0 ) (-1472 608 0 ) (-1472 608 56 ) (-1536 608 56 ) 
4 220 365 (-2048 608 0 ) (-2048 608 120 ) (-2048 612 120 ) (-2048 612 0 ) 
4 220 335 (-1968 608 0 ) (-1616 608 0 ) (-1616 608 120 ) (-1968 608 120 ) 
4 220 338 (-2048 608 120 ) (-2048 608 0 ) (-1968 608 0 ) (-1968 608 120 ) 
4 220 224 (-1616 608 0 ) (-1968 608 0 ) (-1968 612 0 ) (-1616 612 0 ) 
4 220 226 (-1968 608 0 ) (-2048 608 0 ) (-2048 612 0 ) (-1968 612 0 ) 
4 221 222 (-1280 688 -176 ) (-1136 688 -176 ) (-1136 608 -176 ) (-1280 608 -176 ) 
4 222 361 (-1296 688 -192 ) (-1120 688 -192 ) (-1120 608 -192 ) (-1296 608 -192 ) 
4 222 312 (-1296 608 -192 ) (-1294 608 -192 ) (-1294 608 -176 ) (-1296 608 -176 ) 
4 222 231 (-1294 608 -192 ) (-1120 608 -192 ) (-1120 608 -176 ) (-1294 608 -176 ) 
4 222 223 (-1296 608 -192 ) (-1296 608 -176 ) (-1296 688 -176 ) (-1296 688 -192 ) 
4 223 364 (-1616 688 -192 ) (-1296 688 -192 ) (-1296 608 -192 ) (-1616 608 -192 ) 
4 223 333 (-1616 608 -192 ) (-1584 608 -192 ) (-1584 608 -64 ) (-1616 608 -64 ) 
4 223 311 (-1296 608 -176 ) (-1296 608 -64 ) (-1584 608 -64 ) (-1584 608 -176 ) 
4 223 312 (-1584 608 -192 ) (-1296 608 -192 ) (-1296 608 -176 ) (-1584 608 -176 ) 
4 223 225 (-1616 608 -192 ) (-1616 608 -68.814407 ) (-1616 688 -68.814407 ) (-1616 688 -192 ) 
4 224 335 (-1616 608 -36.814400 ) (-1616 608 0 ) (-1968 608 0 ) (-1968 608 -36.814400 ) 
4 224 226 (-1968 608 -36.814400 ) (-1968 608 0 ) (-1968 688 0 ) (-1968 688 -36.814400 ) 
4 225 364 (-1968 688 -192 ) (-1616 688 -192 ) (-1616 608 -192 ) (-1968 608 -192 ) 
4 225 336 (-1968 608 -192 ) (-1616 608 -192 ) (-1616 608 -68.814407 ) (-1968 608 -68.814407 ) 
4 225 226 (-1968 608 -192 ) (-1968 608 -68.814407 ) (-1968 688 -68.814407 ) (-1968 688 -192 ) 
4 226 365 (-2048 688 -192 ) (-2048 608 -192 ) (-2048 608 0 ) (-2048 688 0 ) 
4 226 364 (-2048 608 -192 ) (-2048 688 -192 ) (-1968 688 -192 ) (-1968 608 -192 ) 
4 226 338 (-2048 608 0 ) (-2048 608 -192 ) (-1968 608 -192 ) (-1968 608 0 ) 
4 227 234 (-1120 502 128 ) (-1024 502 128 ) (-1024 502 192 ) (-1120 502 192 ) 
4 227 233 (-1024 502 192 ) (-1024 502 288 ) (-1120 502 288 ) (-1120 502 192 ) 
4 227 230 (-1024 502 128 ) (-1120 502 128 ) (-1120 608 128 ) (-1024 608 128 ) 
4 227 228 (-1120 592 192 ) (-1120 592 288 ) (-1120 608 288 ) (-1120 608 192 ) 
4 227 229 (-1120 592 128 ) (-1120 502 128 ) (-1120 502 288 ) (-1120 592 288 ) 
4 228 290 (-1294 608 288 ) (-1294 608 192 ) (-1294 592 192 ) (-1294 592 288 ) 
4 228 229 (-1120 592 192 ) (-1120 592 288 ) (-1294 592 288 ) (-1294 592 192 ) 
4 229 291 (-1294 592 128 ) (-1294 502 128 ) (-1294 502 288 ) (-1294 592 288 ) 
4 229 235 (-1294 502 192 ) (-1294 502 184 ) (-1128 502 184 ) (-1128 502 192 ) 
4 229 234 (-1128 502 128 ) (-1120 502 128 ) (-1120 502 192 ) (-1128 502 192 ) 
4 229 233 (-1294 502 288 ) (-1294 502 192 ) (-1120 502 192 ) (-1120 502 288 ) 
4 229 232 (-1120 502 128 ) (-1294 502 128 ) (-1294 592 128 ) (-1120 592 128 ) 
4 230 360 (-1120 608 -192 ) (-1024 608 -192 ) (-1024 502 -192 ) (-1120 502 -192 ) 
4 230 248 (-1024 502 -72 ) (-1024 502 118 ) (-1120 502 118 ) (-1120 502 -72 ) 
4 230 269 (-1120 502 -192 ) (-1024 502 -192 ) (-1024 502 -72 ) (-1120 502 -72 ) 
4 230 234 (-1024 502 118 ) (-1024 502 128 ) (-1120 502 128 ) (-1120 502 118 ) 
4 230 231 (-1120 608 -176 ) (-1120 608 -192 ) (-1120 592 -192 ) (-1120 592 -176 ) 
4 230 232 (-1120 502 -192 ) (-1120 502 128 ) (-1120 592 128 ) (-1120 592 -192 ) 
4 231 363 (-1294 592 -192 ) (-1294 608 -192 ) (-1120 608 -192 ) (-1120 592 -192 ) 
4 231 312 (-1294 608 -176 ) (-1294 608 -192 ) (-1294 592 -192 ) (-1294 592 -176 ) 
4 231 232 (-1120 592 -192 ) (-1120 592 -176 ) (-1294 592 -176 ) (-1294 592 -192 ) 
4 232 363 (-1294 502 -192 ) (-1294 592 -192 ) (-1120 592 -192 ) (-1120 502 -192 ) 
4 232 310 (-1294 502 -176 ) (-1294 502 -64 ) (-1294 592 -64 ) (-1294 592 -176 ) 
4 232 312 (-1294 592 -192 ) (-1294 502 -192 ) (-1294 502 -176 ) (-1294 592 -176 ) 
4 232 296 (-1294 502 0 ) (-1294 502 120 ) (-1294 592 120 ) (-1294 592 0 ) 
4 232 292 (-1294 502 120 ) (-1294 502 128 ) (-1294 592 128 ) (-1294 592 120 ) 
4 232 271 (-1294 502 -2 ) (-1294 502 -10 ) (-1147 502 -10 ) (-1147 502 -2 ) 
4 232 272 (-1294 502 -10 ) (-1294 502 -192 ) (-1147 502 -192 ) (-1147 502 -10 ) 
4 232 258 (-1147 502 -2 ) (-1147 502 -72 ) (-1139 502 -72 ) (-1139 502 -2 ) 
4 232 248 (-1120 502 -72 ) (-1120 502 118 ) (-1139 502 118 ) (-1139 502 -72 ) 
4 232 269 (-1147 502 -192 ) (-1120 502 -192 ) (-1120 502 -72 ) (-1147 502 -72 ) 
4 232 234 (-1128 502 118 ) (-1120 502 118 ) (-1120 502 128 ) (-1128 502 128 ) 
4 233 291 (-1294 502 288 ) (-1294 502 192 ) (-1294 368 192 ) (-1294 368 288 ) 
4 233 244 (-1294 368 288 ) (-1294 368 192 ) (-1024 368 192 ) (-1024 368 288 ) 
4 233 236 (-1152 458 192 ) (-1152 464 192 ) (-1024 464 192 ) (-1024 458 192 ) 
4 233 237 (-1152 368 192 ) (-1294 368 192 ) (-1294 464 192 ) (-1152 464 192 ) 
4 233 235 (-1294 464 192 ) (-1294 502 192 ) (-1128 502 192 ) (-1128 464 192 ) 
4 233 234 (-1128 502 192 ) (-1024 502 192 ) (-1024 464 192 ) (-1128 464 192 ) 
4 234 249 (-1024 492 118 ) (-1024 464 118 ) (-1128 464 118 ) (-1128 492 118 ) 
4 234 248 (-1128 502 118 ) (-1024 502 118 ) (-1024 492 118 ) (-1128 492 118 ) 
4 234 236 (-1024 464 184 ) (-1024 464 192 ) (-1128 464 192 ) (-1128 464 184 ) 
4 234 235 (-1128 464 184 ) (-1128 464 192 ) (-1128 502 192 ) (-1128 502 184 ) 
4 235 291 (-1294 502 192 ) (-1294 502 184 ) (-1294 464 184 ) (-1294 464 192 ) 
4 235 236 (-1128 464 184 ) (-1128 464 192 ) (-1152 464 192 ) (-1152 464 184 ) 
4 235 237 (-1152 464 192 ) (-1294 464 192 ) (-1294 464 184 ) (-1152 464 184 ) 
4 236 237 (-1152 464 192 ) (-1152 464 184 ) (-1152 458 184 ) (-1152 458 192 ) 
4 237 291 (-1294 368 184 ) (-1294 368 192 ) (-1294 464 192 ) (-1294 464 184 ) 
4 237 243 (-1153 368 184 ) (-1294 368 184 ) (-1294 370 184 ) (-1153 370 184 ) 
4 237 238 (-1152 368 184 ) (-1153 368 184 ) (-1153 370 184 ) (-1152 370 184 ) 
4 238 243 (-1153 368 157 ) (-1153 368 184 ) (-1153 370 184 ) (-1153 370 157 ) 
4 238 242 (-1152 368 157 ) (-1153 368 157 ) (-1153 370 157 ) (-1152 370 157 ) 
4 239 262 (-1128 371 118 ) (-1128 377 118 ) (-1125.401123 377 118 ) (-1125.401123 371 118 ) 
4 239 264 (-1125.401123 368 118 ) (-1128 368 118 ) (-1128 370 118 ) (-1125.401123 370 118 ) 
4 239 250 (-1128 377 118 ) (-1128 448 118 ) (-1125.401123 448 118 ) (-1125.401123 377 118 ) 
3 239 246 (-1128 368 118 ) (-1125.401123 368 118 ) (-1128 368 120.448357 ) 
4 239 241 (-1128 370 118 ) (-1128 368 118 ) (-1128 368 120.448357 ) (-1128 370 120.448357 ) 
4 240 265 (-1024 377 118 ) (-1024 368 118 ) (-1117.814575 368 118 ) (-1117.814575 377 118 ) 
4 240 251 (-1024 448 118 ) (-1024 377 118 ) (-1117.814575 377 118 ) (-1117.814575 448 118 ) 
5 240 246 (-1117.814575 368 118 ) (-1024 368 118 ) (-1024 368 128 ) (-1128 368 128 ) (-1128 368 127.552803 ) 
4 240 242 (-1128 368 127.552803 ) (-1128 368 157 ) (-1128 370 157 ) (-1128 370 127.552803 ) 
4 241 286 (-1147 368 118 ) (-1153 368 118 ) (-1153 370 118 ) (-1147 370 118 ) 
4 241 264 (-1128 368 118 ) (-1147 368 118 ) (-1147 370 118 ) (-1128 370 118 ) 
5 241 246 (-1153 368 118 ) (-1128 368 118 ) (-1128 368 120.448357 ) (-1136.015991 368 128 ) (-1153 368 128 ) 
4 241 243 (-1153 368 118 ) (-1153 368 144 ) (-1153 370 144 ) (-1153 370 118 ) 
3 242 246 (-1128 368 127.552803 ) (-1128 368 128 ) (-1128.476807 368 128 ) 
4 242 243 (-1153 368 151 ) (-1153 368 157 ) (-1153 370 157 ) (-1153 370 151 ) 
4 243 292 (-1294 368 120 ) (-1294 368 128 ) (-1294 370 128 ) (-1294 370 120 ) 
4 243 291 (-1294 368 128 ) (-1294 368 184 ) (-1294 370 184 ) (-1294 370 128 ) 
4 243 286 (-1294 368 118 ) (-1294 370 118 ) (-1153 370 118 ) (-1153 368 118 ) 
4 243 246 (-1294 368 128 ) (-1294 368 118 ) (-1153 368 118 ) (-1153 368 128 ) 
4 244 304 (-1294 278 288 ) (-1294 368 288 ) (-1294 368 192 ) (-1294 278 192 ) 
4 244 245 (-1024 278 192 ) (-1024 278 288 ) (-1294 278 288 ) (-1294 278 192 ) 
4 245 366 (-1024 0 128 ) (-1024 0 288 ) (-1294 0 288 ) (-1294 0 128 ) 
4 245 305 (-1294 0 128 ) (-1294 0 288 ) (-1294 278 288 ) (-1294 278 128 ) 
4 245 247 (-1024 0 128 ) (-1294 0 128 ) (-1294 278 128 ) (-1024 278 128 ) 
4 246 306 (-1294 288 128 ) (-1294 368 128 ) (-1294 368 118 ) (-1294 288 118 ) 
4 246 286 (-1294 288 118 ) (-1294 368 118 ) (-1147 368 118 ) (-1147 288 118 ) 
4 246 266 (-1125.401123 368 118 ) (-1024 368 118 ) (-1024 288 118 ) (-1125.401123 288 118 ) 
4 246 264 (-1147 368 118 ) (-1125.401123 368 118 ) (-1125.401123 288 118 ) (-1147 288 118 ) 
4 247 366 (-1024 0 118 ) (-1024 0 128 ) (-1294 0 128 ) (-1294 0 118 ) 
4 247 309 (-1294 0 118 ) (-1294 0 128 ) (-1294 278 128 ) (-1294 278 118 ) 
4 247 287 (-1147 0 118 ) (-1294 0 118 ) (-1294 278 118 ) (-1147 278 118 ) 
4 247 267 (-1024 0 118 ) (-1147 0 118 ) (-1147 278 118 ) (-1024 278 118 ) 
4 248 258 (-1139 502 -72 ) (-1139 492 -72 ) (-1139 492 -2 ) (-1139 502 -2 ) 
4 248 255 (-1139 492 -10 ) (-1139 492 -72 ) (-1136 492 -72 ) (-1136 492 -10 ) 
4 248 254 (-1139 492 118 ) (-1139 492 109 ) (-1136 492 109 ) (-1136 492 118 ) 
4 248 252 (-1136 492 -72 ) (-1024 492 -72 ) (-1024 492 0.467438 ) (-1136 492 0.467438 ) 
4 248 249 (-1024 492 0.467438 ) (-1024 492 118 ) (-1136 492 118 ) (-1136 492 0.467438 ) 
4 248 269 (-1139 502 -72 ) (-1024 502 -72 ) (-1024 492 -72 ) (-1139 492 -72 ) 
4 249 254 (-1136 492 118 ) (-1136 492 109 ) (-1136 464 109 ) (-1136 464 118 ) 
4 249 252 (-1136 464 0.467438 ) (-1136 492 0.467438 ) (-1024 492 0.467438 ) (-1024 464 0.467438 ) 
5 250 262 (-1024 377 0.467438 ) (-1024 377 22.473270 ) (-1125.401123 377 118 ) (-1136 377 118 ) (-1136 377 0.467438 ) 
4 250 256 (-1136 421 0.467438 ) (-1136 377 0.467438 ) (-1136 377 109 ) (-1136 421 109 ) 
4 250 254 (-1136 377 109 ) (-1136 377 118 ) (-1136 448 118 ) (-1136 448 109 ) 
4 250 253 (-1024 377 0.467438 ) (-1136 377 0.467438 ) (-1136 448 0.467438 ) (-1024 448 0.467438 ) 
3 251 265 (-1024 377 30.012417 ) (-1024 377 118 ) (-1117.814575 377 118 ) 
4 252 255 (-1136 492 -10 ) (-1136 492 -72 ) (-1136 448 -72 ) (-1136 448 -10 ) 
4 252 253 (-1024 448 0.467438 ) (-1136 448 0.467438 ) (-1136 448 0 ) (-1024 448 0 ) 
4 252 269 (-1024 492 -72 ) (-1024 448 -72 ) (-1136 448 -72 ) (-1136 492 -72 ) 
4 253 262 (-1024 377 0 ) (-1024 377 0.467438 ) (-1136 377 0.467438 ) (-1136 377 0 ) 
4 253 256 (-1136 377 0 ) (-1136 377 0.467438 ) (-1136 421 0.467438 ) (-1136 421 0 ) 
4 254 262 (-1136 377 109 ) (-1136 377 118 ) (-1139 377 118 ) (-1139 377 109 ) 
4 254 256 (-1139 377 109 ) (-1139 421 109 ) (-1136 421 109 ) (-1136 377 109 ) 
4 255 261 (-1139 484 -72 ) (-1139 448 -72 ) (-1139 448 -10 ) (-1139 484 -10 ) 
4 255 258 (-1139 492 -72 ) (-1139 484 -72 ) (-1139 484 -10 ) (-1139 492 -10 ) 
4 255 269 (-1139 448 -72 ) (-1139 492 -72 ) (-1136 492 -72 ) (-1136 448 -72 ) 
4 256 262 (-1136 377 0 ) (-1136 377 109 ) (-1139 377 109 ) (-1139 377 0 ) 
4 257 273 (-1147 487 43 ) (-1147 484 43 ) (-1147 484 46 ) (-1147 487 46 ) 
4 257 259 (-1147 484 46 ) (-1147 484 43 ) (-1139 484 43 ) (-1139 484 46 ) 
4 258 274 (-1147 501 -72 ) (-1147 484 -72 ) (-1147 484 -2 ) (-1147 501 -2 ) 
4 258 271 (-1147 502 -2 ) (-1147 502 -10 ) (-1147 501 -10 ) (-1147 501 -2 ) 
4 258 272 (-1147 502 -10 ) (-1147 502 -72 ) (-1147 501 -72 ) (-1147 501 -10 ) 
4 258 261 (-1147 484 -2 ) (-1147 484 -72 ) (-1139 484 -72 ) (-1139 484 -2 ) 
4 258 269 (-1147 484 -72 ) (-1147 502 -72 ) (-1139 502 -72 ) (-1139 484 -72 ) 
4 259 275 (-1147 448 1 ) (-1147 428 1 ) (-1147 428 104 ) (-1147 448 104 ) 
4 259 273 (-1147 484 104 ) (-1147 484 1 ) (-1147 448 1 ) (-1147 448 104 ) 
4 259 260 (-1146 428 1 ) (-1147 428 1 ) (-1147 484 1 ) (-1146 484 1 ) 
4 260 275 (-1147 448 0 ) (-1147 428 0 ) (-1147 428 1 ) (-1147 448 1 ) 
4 260 273 (-1147 484 1 ) (-1147 484 0 ) (-1147 448 0 ) (-1147 448 1 ) 
4 261 274 (-1147 484 -2 ) (-1147 484 -72 ) (-1147 448 -72 ) (-1147 448 -2 ) 
4 261 269 (-1147 448 -72 ) (-1147 484 -72 ) (-1139 484 -72 ) (-1139 448 -72 ) 
4 262 279 (-1147 377 38 ) (-1147 377 35 ) (-1147 371 35 ) (-1147 371 38 ) 
4 262 263 (-1037.292969 371 35 ) (-1040.477417 371 38 ) (-1147 371 38 ) (-1147 371 35 ) 
4 263 279 (-1147 371 38 ) (-1147 371 35 ) (-1147 370 35 ) (-1147 370 38 ) 
4 263 264 (-1037.292969 370 35 ) (-1040.477417 370 38 ) (-1147 370 38 ) (-1147 370 35 ) 
4 264 286 (-1147 288 118 ) (-1147 370 118 ) (-1147 370 0 ) (-1147 288 0 ) 
4 264 266 (-1125.401001 288 118 ) (-1024 288 22.473450 ) (-1024 368 22.473473 ) (-1125.400879 368 118 ) 
3 265 266 (-1024 368 30.012390 ) (-1024 368 118 ) (-1117.814575 368 118 ) 
4 267 366 (-1024 0 0 ) (-1024 0 118 ) (-1147 0 118 ) (-1147 0 0 ) 
4 267 287 (-1147 0 118 ) (-1147 278 118 ) (-1147 278 0 ) (-1147 0 0 ) 
4 267 268 (-1024 0 0 ) (-1147 0 0 ) (-1147 278 0 ) (-1024 278 0 ) 
4 268 366 (-1024 0 -72 ) (-1024 0 0 ) (-1147 0 0 ) (-1147 0 -72 ) 
4 268 289 (-1147 278.010010 -72 ) (-1147 0 -72 ) (-1147 0 0 ) (-1147 278.010010 0 ) 
4 268 269 (-1024 0 -72 ) (-1147 0 -72 ) (-1147 278.010010 -72 ) (-1024 278.010010 -72 ) 
4 269 366 (-1024 0 -192 ) (-1024 0 -72 ) (-1147 0 -72 ) (-1147 0 -192 ) 
4 269 363 (-1120 0 -192 ) (-1147 0 -192 ) (-1147 502 -192 ) (-1120 502 -192 ) 
4 269 360 (-1024 0 -192 ) (-1120 0 -192 ) (-1120 502 -192 ) (-1024 502 -192 ) 
4 269 288 (-1147 370 -192 ) (-1147 278.010010 -192 ) (-1147 278.010010 -72 ) (-1147 370 -72 ) 
4 269 289 (-1147 278.010010 -192 ) (-1147 0 -192 ) (-1147 0 -72 ) (-1147 278.010010 -72 ) 
4 269 285 (-1147 378 -192 ) (-1147 370 -192 ) (-1147 370 -72 ) (-1147 378 -72 ) 
4 269 276 (-1147 448 -192 ) (-1147 378 -192 ) (-1147 378 -72 ) (-1147 448 -72 ) 
4 269 274 (-1147 501 -192 ) (-1147 448 -192 ) (-1147 448 -72 ) (-1147 501 -72 ) 
4 269 272 (-1147 502 -72 ) (-1147 502 -192 ) (-1147 501 -192 ) (-1147 501 -72 ) 
4 270 296 (-1294 501 59 ) (-1294 501 67 ) (-1294 502 67 ) (-1294 502 59 ) 
4 271 274 (-1147 501 -10 ) (-1147 501 -2 ) (-1293 501 -2 ) (-1293 501 -10 ) 
4 271 272 (-1147 501 -10 ) (-1293 501 -10 ) (-1294 502 -10 ) (-1147 502 -10 ) 
4 272 363 (-1294 501 -192 ) (-1294 502 -192 ) (-1147 502 -192 ) (-1147 501 -192 ) 
4 272 310 (-1294 501 -176 ) (-1294 501 -64 ) (-1294 502 -64 ) (-1294 502 -176 ) 
4 272 312 (-1294 502 -192 ) (-1294 501 -192 ) (-1294 501 -176 ) (-1294 502 -176 ) 
4 272 277 (-1293 501 -10 ) (-1294 501 -10 ) (-1294 501 -72 ) (-1293 501 -72 ) 
4 272 278 (-1294 501 -72 ) (-1294 501 -192 ) (-1293 501 -192 ) (-1293 501 -72 ) 
4 272 274 (-1147 501 -192 ) (-1147 501 -10 ) (-1293 501 -10 ) (-1293 501 -192 ) 
4 273 275 (-1293 448 118 ) (-1293 448 0 ) (-1147 448 0 ) (-1147 448 118 ) 
4 274 363 (-1293 501 -192 ) (-1147 501 -192 ) (-1147 448 -192 ) (-1293 448 -192 ) 
4 274 277 (-1293 501 -10 ) (-1293 501 -72 ) (-1293 448 -72 ) (-1293 448 -10 ) 
4 274 278 (-1293 501 -72 ) (-1293 501 -192 ) (-1293 448 -192 ) (-1293 448 -72 ) 
4 274 276 (-1293 448 -72 ) (-1293 448 -192 ) (-1147 448 -192 ) (-1147 448 -72 ) 
4 275 284 (-1240 378 38 ) (-1240 378 35 ) (-1225 378 35 ) (-1225 378 38 ) 
4 275 282 (-1221 378 104 ) (-1221 378 0 ) (-1165 378 0 ) (-1165 378 104 ) 
4 275 280 (-1161 378 35 ) (-1152.010010 378 35 ) (-1152.010010 378 38 ) (-1161 378 38 ) 
4 275 279 (-1147 378 35 ) (-1147 378 38 ) (-1152.010010 378 38 ) (-1152.010010 378 35 ) 
4 276 363 (-1147 448 -192 ) (-1147 378 -192 ) (-1293 378 -192 ) (-1293 448 -192 ) 
4 276 285 (-1147 378 -192 ) (-1147 378 -72 ) (-1293 378 -72 ) (-1293 378 -192 ) 
4 276 278 (-1293 448 -192 ) (-1293 378 -192 ) (-1293 378 -72 ) (-1293 448 -72 ) 
4 277 310 (-1294 501 -64 ) (-1294 501 -72 ) (-1294 448 -72 ) (-1294 448 -64 ) 
4 277 278 (-1294 501 -72 ) (-1293 501 -72 ) (-1293 448 -72 ) (-1294 448 -72 ) 
4 278 363 (-1294 378 -192 ) (-1294 501 -192 ) (-1293 501 -192 ) (-1293 378 -192 ) 
4 278 310 (-1294 378 -176 ) (-1294 378 -72 ) (-1294 501 -72 ) (-1294 501 -176 ) 
4 278 312 (-1294 501 -192 ) (-1294 378 -192 ) (-1294 378 -176 ) (-1294 501 -176 ) 
4 278 285 (-1294 378 -72 ) (-1294 378 -192 ) (-1293 378 -192 ) (-1293 378 -72 ) 
4 279 286 (-1147 370 35 ) (-1147 370 38 ) (-1152.010010 370 38 ) (-1152.010010 370 35 ) 
4 279 281 (-1152.010010 371 35 ) (-1152.010010 370 35 ) (-1152.010010 370 38 ) (-1152.010010 371 38 ) 
4 279 280 (-1152.010010 378 38 ) (-1152.010010 378 35 ) (-1152.010010 372 35 ) (-1152.010010 372 38 ) 
4 281 286 (-1161 370 35 ) (-1152.010010 370 35 ) (-1152.010010 370 38 ) (-1161 370 38 ) 
4 283 286 (-1221 370 104 ) (-1221 370 0 ) (-1165 370 0 ) (-1165 370 104 ) 
4 284 286 (-1240 370 38 ) (-1240 370 35 ) (-1225 370 35 ) (-1225 370 38 ) 
4 285 363 (-1294 370 -192 ) (-1294 378 -192 ) (-1147 378 -192 ) (-1147 370 -192 ) 
4 285 310 (-1294 370 -176 ) (-1294 370 -72 ) (-1294 378 -72 ) (-1294 378 -176 ) 
4 285 312 (-1294 378 -192 ) (-1294 370 -192 ) (-1294 370 -176 ) (-1294 378 -176 ) 
4 285 288 (-1147 370 -192 ) (-1147 370 -72 ) (-1294 370 -72 ) (-1294 370 -192 ) 
4 286 307 (-1294 288 118 ) (-1294 368 118 ) (-1294 368 0 ) (-1294 288 0 ) 
4 287 366 (-1147 0 118 ) (-1294 0 118 ) (-1294 0 0 ) (-1147 0 0 ) 
4 287 309 (-1294 0 0 ) (-1294 0 118 ) (-1294 278 118 ) (-1294 278 0 ) 
4 287 289 (-1294 0 0 ) (-1294 278 0 ) (-1147 278 0 ) (-1147 0 0 ) 
4 288 363 (-1294 278.010010 -192 ) (-1294 370 -192 ) (-1147 370 -192 ) (-1147 278.010010 -192 ) 
4 288 313 (-1294 368 -192 ) (-1294 278.010010 -192 ) (-1294 278.010010 -72 ) (-1294 368 -72 ) 
4 288 310 (-1294 368 -176 ) (-1294 368 -72 ) (-1294 370 -72 ) (-1294 370 -176 ) 
4 288 312 (-1294 370 -192 ) (-1294 368 -192 ) (-1294 368 -176 ) (-1294 370 -176 ) 
4 288 289 (-1147 278.010010 -192 ) (-1147 278.010010 -72 ) (-1294 278.010010 -72 ) (-1294 278.010010 -192 ) 
4 289 366 (-1294 0 0 ) (-1294 0 -192 ) (-1147 0 -192 ) (-1147 0 0 ) 
4 289 363 (-1147 0 -192 ) (-1294 0 -192 ) (-1294 278.010010 -192 ) (-1147 278.010010 -192 ) 
4 289 314 (-1294 278.010010 -192 ) (-1294 0 -192 ) (-1294 0 0 ) (-1294 278.010010 0 ) 
4 290 293 (-1296 608 288 ) (-1296 608 192 ) (-1296 592 192 ) (-1296 592 288 ) 
4 290 291 (-1294 592 192 ) (-1294 592 288 ) (-1296 592 288 ) (-1296 592 192 ) 
4 291 304 (-1294 368 192 ) (-1294 368 288 ) (-1296 368 288 ) (-1296 368 192 ) 
4 291 294 (-1296 592 128 ) (-1296 368 128 ) (-1296 368 184 ) (-1296 592 184 ) 
4 291 293 (-1296 368 184 ) (-1296 368 288 ) (-1296 592 288 ) (-1296 592 184 ) 
4 291 292 (-1294 368 128 ) (-1296 368 128 ) (-1296 592 128 ) (-1294 592 128 ) 
4 292 306 (-1296 368 120 ) (-1294 368 120 ) (-1294 368 128 ) (-1296 368 128 ) 
4 292 296 (-1296 384 120 ) (-1296 592 120 ) (-1294 592 120 ) (-1294 384 120 ) 
4 292 294 (-1296 592 120 ) (-1296 368 120 ) (-1296 368 128 ) (-1296 592 128 ) 
4 293 315 (-1584 608 288 ) (-1584 608 184 ) (-1584 368 184 ) (-1584 368 288 ) 
4 293 304 (-1584 368 288 ) (-1584 368 192 ) (-1296 368 192 ) (-1296 368 288 ) 
4 293 294 (-1296 608 184 ) (-1296 368 184 ) (-1312 368 184 ) (-1312 608 184 ) 
4 294 306 (-1312 368 120 ) (-1296 368 120 ) (-1296 368 128 ) (-1312 368 128 ) 
4 295 301 (-1536 592 0 ) (-1472 592 0 ) (-1472 592 56 ) (-1536 592 56 ) 
4 297 298 (-1360 592 120 ) (-1360 592 52 ) (-1360 560 52 ) (-1360 560 120 ) 
4 297 299 (-1360 592 8 ) (-1360 592 0 ) (-1360 560 0 ) (-1360 560 8 ) 
4 297 300 (-1360 560 0 ) (-1360 400 0 ) (-1360 400 120 ) (-1360 560 120 ) 
4 298 301 (-1392 592 120 ) (-1392 592 52 ) (-1392 560 52 ) (-1392 560 120 ) 
4 298 300 (-1392 560 120 ) (-1392 560 52 ) (-1360 560 52 ) (-1360 560 120 ) 
4 299 300 (-1392 560 8 ) (-1392 560 0 ) (-1360 560 0 ) (-1360 560 8 ) 
4 299 301 (-1392 592 8 ) (-1392 592 0 ) (-1392 560 0 ) (-1392 560 8 ) 
4 300 302 (-1392 400 0 ) (-1376 400 0 ) (-1376 400 120 ) (-1392 400 120 ) 
4 300 301 (-1392 560 0 ) (-1392 400 0 ) (-1392 400 120 ) (-1392 560 120 ) 
4 301 329 (-1584 436 104 ) (-1584 436 32 ) (-1584 432 32 ) (-1584 432 104 ) 
4 301 327 (-1584 556 36 ) (-1584 556 32 ) (-1584 436 32 ) (-1584 436 36 ) 
4 301 324 (-1584 492 36 ) (-1584 436 36 ) (-1584 436 100 ) (-1584 492 100 ) 
4 301 323 (-1584 500 36 ) (-1584 492 36 ) (-1584 492 100 ) (-1584 500 100 ) 
4 301 321 (-1584 556 100 ) (-1584 556 36 ) (-1584 500 36 ) (-1584 500 100 ) 
4 301 319 (-1584 556 104 ) (-1584 556 100 ) (-1584 436 100 ) (-1584 436 104 ) 
4 301 317 (-1584 560 104 ) (-1584 560 32 ) (-1584 556 32 ) (-1584 556 104 ) 
4 301 302 (-1584 400 0 ) (-1392 400 0 ) (-1392 400 120 ) (-1584 400 120 ) 
4 302 303 (-1472 384 0 ) (-1408 384 0 ) (-1408 384 120 ) (-1472 384 120 ) 
4 303 307 (-1472 368 0 ) (-1408 368 0 ) (-1408 368 118 ) (-1472 368 118 ) 
4 303 306 (-1408 368 118 ) (-1408 368 120 ) (-1472 368 120 ) (-1472 368 118 ) 
4 304 315 (-1584 278 288 ) (-1584 368 288 ) (-1584 368 192 ) (-1584 278 192 ) 
4 304 305 (-1294 278 192 ) (-1294 278 288 ) (-1584 278 288 ) (-1584 278 192 ) 
4 305 366 (-1584 0 288 ) (-1584 0 128 ) (-1294 0 128 ) (-1294 0 288 ) 
4 305 316 (-1584 0 128 ) (-1584 0 184 ) (-1584 278 184 ) (-1584 278 128 ) 
4 305 315 (-1584 0 184 ) (-1584 0 288 ) (-1584 278 288 ) (-1584 278 184 ) 
4 305 309 (-1584 0 128 ) (-1584 278 128 ) (-1294 278 128 ) (-1294 0 128 ) 
4 306 307 (-1294 288 118 ) (-1582 288 118 ) (-1582 368 118 ) (-1294 368 118 ) 
4 307 308 (-1582 296 118 ) (-1582 360 118 ) (-1582 360 0 ) (-1582 296 0 ) 
4 309 366 (-1584 0 128 ) (-1584 0 0 ) (-1294 0 0 ) (-1294 0 128 ) 
4 309 332 (-1584 278 0 ) (-1584 0 0 ) (-1584 0 32 ) (-1584 278 32 ) 
4 309 331 (-1584 0 32 ) (-1584 0 120 ) (-1584 278 120 ) (-1584 278 32 ) 
4 309 316 (-1584 0 120 ) (-1584 0 128 ) (-1584 278 128 ) (-1584 278 120 ) 
4 309 314 (-1584 0 0 ) (-1584 278 0 ) (-1294 278 0 ) (-1294 0 0 ) 
4 310 313 (-1294 368 -176 ) (-1294 368 -64 ) (-1296 368 -64 ) (-1296 368 -176 ) 
4 310 311 (-1296 592 -176 ) (-1296 368 -176 ) (-1296 368 -64 ) (-1296 592 -64 ) 
4 310 312 (-1294 368 -176 ) (-1296 368 -176 ) (-1296 592 -176 ) (-1294 592 -176 ) 
4 311 333 (-1584 608 -64 ) (-1584 608 -176 ) (-1584 368 -176 ) (-1584 368 -64 ) 
4 311 313 (-1584 368 -64 ) (-1584 368 -176 ) (-1296 368 -176 ) (-1296 368 -64 ) 
4 311 312 (-1296 368 -176 ) (-1584 368 -176 ) (-1584 608 -176 ) (-1296 608 -176 ) 
4 312 363 (-1296 608 -192 ) (-1294 608 -192 ) (-1294 368 -192 ) (-1296 368 -192 ) 
4 312 364 (-1584 368 -192 ) (-1584 608 -192 ) (-1296 608 -192 ) (-1296 368 -192 ) 
4 312 333 (-1584 608 -176 ) (-1584 608 -192 ) (-1584 368 -192 ) (-1584 368 -176 ) 
4 312 313 (-1294 368 -192 ) (-1294 368 -176 ) (-1584 368 -176 ) (-1584 368 -192 ) 
4 313 363 (-1296 368 -192 ) (-1294 368 -192 ) (-1294 278 -192 ) (-1296 278 -192 ) 
4 313 364 (-1584 278 -192 ) (-1584 368 -192 ) (-1296 368 -192 ) (-1296 278 -192 ) 
4 313 334 (-1584 368 -192 ) (-1584 278 -192 ) (-1584 278 -64 ) (-1584 368 -64 ) 
4 313 314 (-1294 278 -192 ) (-1294 278 -64 ) (-1584 278 -64 ) (-1584 278 -192 ) 
4 314 366 (-1584 0 0 ) (-1584 0 -192 ) (-1294 0 -192 ) (-1294 0 0 ) 
4 314 363 (-1294 0 -192 ) (-1296 0 -192 ) (-1296 278 -192 ) (-1294 278 -192 ) 
4 314 364 (-1296 0 -192 ) (-1584 0 -192 ) (-1584 278 -192 ) (-1296 278 -192 ) 
4 314 334 (-1584 278 -192 ) (-1584 0 -192 ) (-1584 0 0 ) (-1584 278 0 ) 
4 315 366 (-1616 0 288 ) (-1616 0 184 ) (-1584 0 184 ) (-1584 0 288 ) 
4 315 335 (-1616 608 288 ) (-1616 608 184 ) (-1616 112 184 ) (-1616 112 288 ) 
4 315 337 (-1616 112 184 ) (-1616 0 184 ) (-1616 0 288 ) (-1616 112 288 ) 
4 315 316 (-1616 0 184 ) (-1616 368 184 ) (-1584 368 184 ) (-1584 0 184 ) 
4 316 366 (-1616 0 184 ) (-1616 0 120 ) (-1584 0 120 ) (-1584 0 184 ) 
4 316 335 (-1616 368 120 ) (-1616 112 120 ) (-1616 112 184 ) (-1616 368 184 ) 
4 316 337 (-1616 112 120 ) (-1616 0 120 ) (-1616 0 184 ) (-1616 112 184 ) 
4 316 331 (-1616 0 120 ) (-1616 368 120 ) (-1584 368 120 ) (-1584 0 120 ) 
4 317 327 (-1596 556 32 ) (-1584 556 32 ) (-1584 556 36 ) (-1596 556 36 ) 
4 317 321 (-1584 556 36 ) (-1584 556 100 ) (-1596 556 100 ) (-1596 556 36 ) 
4 317 319 (-1584 556 100 ) (-1584 556 104 ) (-1596 556 104 ) (-1596 556 100 ) 
4 318 335 (-1616 560 32 ) (-1616 556 32 ) (-1616 556 104 ) (-1616 560 104 ) 
4 318 328 (-1616 556 32 ) (-1604 556 32 ) (-1604 556 36 ) (-1616 556 36 ) 
4 318 326 (-1604 556 36 ) (-1604 556 100 ) (-1616 556 100 ) (-1616 556 36 ) 
4 318 320 (-1604 556 100 ) (-1604 556 104 ) (-1616 556 104 ) (-1616 556 100 ) 
4 319 329 (-1584 436 100 ) (-1584 436 104 ) (-1596 436 104 ) (-1596 436 100 ) 
4 319 324 (-1584 436 100 ) (-1596 436 100 ) (-1596 492 100 ) (-1584 492 100 ) 
4 319 323 (-1596 492 100 ) (-1596 500 100 ) (-1584 500 100 ) (-1584 492 100 ) 
4 319 321 (-1596 500 100 ) (-1596 556 100 ) (-1584 556 100 ) (-1584 500 100 ) 
4 320 335 (-1616 436 100 ) (-1616 436 104 ) (-1616 556 104 ) (-1616 556 100 ) 
4 320 330 (-1604 436 104 ) (-1616 436 104 ) (-1616 436 100 ) (-1604 436 100 ) 
4 320 326 (-1604 436 100 ) (-1616 436 100 ) (-1616 556 100 ) (-1604 556 100 ) 
4 321 327 (-1596 556 36 ) (-1584 556 36 ) (-1584 500 36 ) (-1596 500 36 ) 
4 321 323 (-1596 500 36 ) (-1584 500 36 ) (-1584 500 100 ) (-1596 500 100 ) 
4 321 322 (-1596 556 36 ) (-1596 500 36 ) (-1596 500 100 ) (-1596 556 100 ) 
4 322 326 (-1604 556 36 ) (-1604 500 36 ) (-1604 500 100 ) (-1604 556 100 ) 
4 323 327 (-1596 500 36 ) (-1584 500 36 ) (-1584 492 36 ) (-1596 492 36 ) 
4 323 324 (-1596 492 36 ) (-1584 492 36 ) (-1584 492 100 ) (-1596 492 100 ) 
4 324 329 (-1584 436 36 ) (-1584 436 100 ) (-1596 436 100 ) (-1596 436 36 ) 
4 324 327 (-1584 436 36 ) (-1596 436 36 ) (-1596 492 36 ) (-1584 492 36 ) 
4 324 325 (-1596 492 100 ) (-1596 492 36 ) (-1596 436 36 ) (-1596 436 100 ) 
4 325 326 (-1604 492 36 ) (-1604 436 36 ) (-1604 436 100 ) (-1604 492 100 ) 
4 326 335 (-1616 436 36 ) (-1616 436 100 ) (-1616 556 100 ) (-1616 556 36 ) 
4 326 330 (-1604 436 100 ) (-1616 436 100 ) (-1616 436 36 ) (-1604 436 36 ) 
4 326 328 (-1604 436 36 ) (-1616 436 36 ) (-1616 556 36 ) (-1604 556 36 ) 
4 327 329 (-1596 436 32 ) (-1584 436 32 ) (-1584 436 36 ) (-1596 436 36 ) 
4 328 335 (-1616 556 32 ) (-1616 436 32 ) (-1616 436 36 ) (-1616 556 36 ) 
4 328 330 (-1616 436 32 ) (-1604 436 32 ) (-1604 436 36 ) (-1616 436 36 ) 
4 330 335 (-1616 436 32 ) (-1616 432 32 ) (-1616 432 104 ) (-1616 436 104 ) 
4 331 366 (-1616 0 120 ) (-1616 0 32 ) (-1584 0 32 ) (-1584 0 120 ) 
4 331 335 (-1616 384 32 ) (-1616 112 32 ) (-1616 112 120 ) (-1616 384 120 ) 
4 331 337 (-1616 112 32 ) (-1616 0 32 ) (-1616 0 120 ) (-1616 112 120 ) 
4 331 332 (-1616 0 32 ) (-1616 384 32 ) (-1584 384 32 ) (-1584 0 32 ) 
4 332 366 (-1616 0 32 ) (-1616 0 0 ) (-1584 0 0 ) (-1584 0 32 ) 
4 332 335 (-1616 384 0 ) (-1616 112 0 ) (-1616 112 32 ) (-1616 384 32 ) 
4 332 337 (-1616 112 0 ) (-1616 0 0 ) (-1616 0 32 ) (-1616 112 32 ) 
4 332 334 (-1616 0 0 ) (-1616 368 0 ) (-1584 368 0 ) (-1584 0 0 ) 
4 333 364 (-1616 368 -192 ) (-1616 608 -192 ) (-1584 608 -192 ) (-1584 368 -192 ) 
4 333 336 (-1616 608 -68.814407 ) (-1616 608 -192 ) (-1616 368 -192 ) (-1616 368 -68.814407 ) 
4 333 334 (-1584 368 -192 ) (-1584 368 -64 ) (-1616 368 -64 ) (-1616 368 -192 ) 
4 334 366 (-1616 0 0 ) (-1616 0 -192 ) (-1584 0 -192 ) (-1584 0 0 ) 
4 334 364 (-1584 0 -192 ) (-1616 0 -192 ) (-1616 368 -192 ) (-1584 368 -192 ) 
4 334 335 (-1616 112 -36.814400 ) (-1616 112 0 ) (-1616 368 0 ) (-1616 368 -36.814400 ) 
4 334 336 (-1616 368 -192 ) (-1616 112 -192 ) (-1616 112 -68.814407 ) (-1616 368 -68.814407 ) 
4 334 337 (-1616 112 -192 ) (-1616 0 -192 ) (-1616 0 0 ) (-1616 112 0 ) 
4 335 338 (-1968 112 288 ) (-1968 608 288 ) (-1968 608 -36.814400 ) (-1968 112 -36.814400 ) 
4 335 337 (-1968 112 288 ) (-1968 112 -36.814400 ) (-1616 112 -36.814400 ) (-1616 112 288 ) 
4 336 364 (-1968 112 -192 ) (-1968 608 -192 ) (-1616 608 -192 ) (-1616 112 -192 ) 
4 336 337 (-1968 112 -68.814407 ) (-1968 112 -192 ) (-1616 112 -192 ) (-1616 112 -68.814407 ) 
4 336 338 (-1968 608 -68.814407 ) (-1968 608 -192 ) (-1968 112 -192 ) (-1968 112 -68.814407 ) 
4 337 366 (-1968 0 -192 ) (-1616 0 -192 ) (-1616 0 288 ) (-1968 0 288 ) 
4 337 364 (-1616 0 -192 ) (-1968 0 -192 ) (-1968 112 -192 ) (-1616 112 -192 ) 
4 337 338 (-1968 0 288 ) (-1968 112 288 ) (-1968 112 -192 ) (-1968 0 -192 ) 
4 338 366 (-2048 0 288 ) (-2048 0 -192 ) (-1968 0 -192 ) (-1968 0 288 ) 
4 338 365 (-2048 608 -192 ) (-2048 0 -192 ) (-2048 0 288 ) (-2048 608 288 ) 
4 338 364 (-1968 0 -192 ) (-2048 0 -192 ) (-2048 608 -192 ) (-1968 608 -192 ) 
4 339 359 (-1024 832 -288 ) (-1024 832 -240 ) (-1120 832 -240 ) (-1120 832 -288 ) 
4 339 353 (-1024 832 -240 ) (-1024 832 -192 ) (-1120 832 -192 ) (-1120 832 -240 ) 
4 339 342 (-1120 848 -288 ) (-1120 832 -288 ) (-1120 832 -240 ) (-1120 848 -240 ) 
4 339 341 (-1120 832 -240 ) (-1120 832 -192 ) (-1120 848 -192 ) (-1120 848 -240 ) 
4 339 340 (-1120 1024 -288 ) (-1120 848 -288 ) (-1120 848 -192 ) (-1120 1024 -192 ) 
4 340 342 (-1296 848 -240 ) (-1296 848 -288 ) (-1120 848 -288 ) (-1120 848 -240 ) 
4 340 341 (-1296 848 -192 ) (-1296 848 -240 ) (-1120 848 -240 ) (-1120 848 -192 ) 
4 340 343 (-1296 1024 -288 ) (-1296 848 -288 ) (-1296 848 -192 ) (-1296 1024 -192 ) 
4 341 354 (-1120 832 -192 ) (-1296 832 -192 ) (-1296 832 -240 ) (-1120 832 -240 ) 
4 341 343 (-1296 832 -240 ) (-1296 832 -192 ) (-1296 848 -192 ) (-1296 848 -240 ) 
4 341 342 (-1296 832 -240 ) (-1296 848 -240 ) (-1120 848 -240 ) (-1120 832 -240 ) 
4 342 359 (-1296 832 -240 ) (-1296 832 -288 ) (-1120 832 -288 ) (-1120 832 -240 ) 
4 342 343 (-1296 848 -288 ) (-1296 832 -288 ) (-1296 832 -240 ) (-1296 848 -240 ) 
4 343 359 (-1440 832 -240 ) (-1440 832 -288 ) (-1296 832 -288 ) (-1296 832 -240 ) 
4 343 355 (-1296 832 -192 ) (-1440 832 -192 ) (-1440 832 -240 ) (-1296 832 -240 ) 
4 343 344 (-1440 1024 -288 ) (-1440 920 -288 ) (-1440 920 -224 ) (-1440 1024 -224 ) 
4 343 345 (-1440 920 -288 ) (-1440 832 -288 ) (-1440 832 -192 ) (-1440 920 -192 ) 
4 344 350 (-1456 1024 -224 ) (-1456 1024 -288 ) (-1456 920 -288 ) (-1456 920 -224 ) 
4 344 345 (-1456 920 -224 ) (-1456 920 -288 ) (-1440 920 -288 ) (-1440 920 -224 ) 
4 345 359 (-1456 832 -240 ) (-1456 832 -288 ) (-1440 832 -288 ) (-1440 832 -240 ) 
4 345 355 (-1440 832 -192 ) (-1456 832 -192 ) (-1456 832 -240 ) (-1440 832 -240 ) 
4 345 351 (-1456 832 -288 ) (-1456 832 -224 ) (-1456 840 -224 ) (-1456 840 -288 ) 
4 345 350 (-1456 840 -224 ) (-1456 920 -224 ) (-1456 920 -288 ) (-1456 840 -288 ) 
4 346 350 (-1456 1024 -224 ) (-1456 1000 -224 ) (-1472 1000 -224 ) (-1472 1024 -224 ) 
4 346 347 (-1472 1024 -224 ) (-1472 1000 -224 ) (-1472 1000 -192 ) (-1472 1024 -192 ) 
4 347 350 (-1472 840 -224 ) (-1616 840 -224 ) (-1616 1024 -224 ) (-1472 1024 -224 ) 
4 348 365 (-2048 1024 -192 ) (-2048 1024 -224 ) (-2048 840 -224 ) (-2048 840 -192 ) 
4 348 352 (-1632 840 -224 ) (-2048 840 -224 ) (-2048 1024 -224 ) (-1632 1024 -224 ) 
4 348 349 (-2048 840 -224 ) (-1632 840 -224 ) (-1632 840 -192 ) (-2048 840 -192 ) 
4 349 365 (-2048 840 -224 ) (-2048 832 -224 ) (-2048 832 -192 ) (-2048 840 -192 ) 
4 349 358 (-1632 832 -192 ) (-2048 832 -192 ) (-2048 832 -224 ) (-1632 832 -224 ) 
4 349 352 (-1632 832 -224 ) (-2048 832 -224 ) (-2048 840 -224 ) (-1632 840 -224 ) 
4 350 352 (-1632 1024 -288 ) (-1632 840 -288 ) (-1632 840 -224 ) (-1632 1024 -224 ) 
4 350 351 (-1632 840 -224 ) (-1632 840 -288 ) (-1456 840 -288 ) (-1456 840 -224 ) 
4 351 359 (-1456 832 -288 ) (-1456 832 -240 ) (-1632 832 -240 ) (-1632 832 -288 ) 
4 351 356 (-1456 832 -240 ) (-1456 832 -224 ) (-1632 832 -224 ) (-1632 832 -240 ) 
4 351 352 (-1632 840 -288 ) (-1632 832 -288 ) (-1632 832 -224 ) (-1632 840 -224 ) 
4 352 365 (-2048 1024 -224 ) (-2048 1024 -288 ) (-2048 832 -288 ) (-2048 832 -224 ) 
4 352 359 (-2048 832 -240 ) (-2048 832 -288 ) (-1632 832 -288 ) (-1632 832 -240 ) 
4 352 358 (-1632 832 -224 ) (-2048 832 -224 ) (-2048 832 -240 ) (-1632 832 -240 ) 
4 353 360 (-1024 768 -192 ) (-1120 768 -192 ) (-1120 768 -240 ) (-1024 768 -240 ) 
4 353 359 (-1024 768 -240 ) (-1120 768 -240 ) (-1120 832 -240 ) (-1024 832 -240 ) 
4 353 354 (-1120 832 -192 ) (-1120 832 -240 ) (-1120 768 -240 ) (-1120 768 -192 ) 
4 354 361 (-1120 768 -192 ) (-1296 768 -192 ) (-1296 768 -240 ) (-1120 768 -240 ) 
4 354 359 (-1120 768 -240 ) (-1296 768 -240 ) (-1296 832 -240 ) (-1120 832 -240 ) 
4 354 355 (-1296 832 -192 ) (-1296 832 -240 ) (-1296 768 -240 ) (-1296 768 -192 ) 
4 355 364 (-1296 768 -192 ) (-1456 768 -192 ) (-1456 768 -240 ) (-1296 768 -240 ) 
4 355 359 (-1296 768 -240 ) (-1456 768 -240 ) (-1456 832 -240 ) (-1296 832 -240 ) 
4 355 356 (-1456 832 -224 ) (-1456 832 -240 ) (-1456 824 -240 ) (-1456 824 -224 ) 
4 355 357 (-1456 824 -240 ) (-1456 768 -240 ) (-1456 768 -192 ) (-1456 824 -192 ) 
4 356 359 (-1632 824 -240 ) (-1632 832 -240 ) (-1456 832 -240 ) (-1456 824 -240 ) 
4 356 357 (-1632 824 -224 ) (-1632 824 -240 ) (-1456 824 -240 ) (-1456 824 -224 ) 
4 356 358 (-1632 832 -224 ) (-1632 832 -240 ) (-1632 824 -240 ) (-1632 824 -224 ) 
4 357 364 (-1456 768 -192 ) (-1632 768 -192 ) (-1632 768 -240 ) (-1456 768 -240 ) 
4 357 359 (-1456 768 -240 ) (-1632 768 -240 ) (-1632 824 -240 ) (-1456 824 -240 ) 
4 357 358 (-1632 824 -240 ) (-1632 768 -240 ) (-1632 768 -192 ) (-1632 824 -192 ) 
4 358 365 (-2048 768 -240 ) (-2048 768 -192 ) (-2048 832 -192 ) (-2048 832 -240 ) 
4 358 364 (-1632 768 -192 ) (-2048 768 -192 ) (-2048 768 -240 ) (-1632 768 -240 ) 
4 358 359 (-1632 768 -240 ) (-2048 768 -240 ) (-2048 832 -240 ) (-1632 832 -240 ) 
4 359 365 (-2048 768 -288 ) (-2048 768 -240 ) (-2048 832 -240 ) (-2048 832 -288 ) 
4 359 362 (-1296 768 -288 ) (-1120 768 -288 ) (-1120 768 -240 ) (-1296 768 -240 ) 
4 359 360 (-1120 768 -288 ) (-1024 768 -288 ) (-1024 768 -240 ) (-1120 768 -240 ) 
4 359 364 (-2048 768 -240 ) (-2048 768 -288 ) (-1296 768 -288 ) (-1296 768 -240 ) 
4 360 366 (-1024 0 -288 ) (-1024 0 -192 ) (-1120 0 -192 ) (-1120 0 -288 ) 
4 360 362 (-1120 768 -240 ) (-1120 768 -288 ) (-1120 608 -288 ) (-1120 608 -240 ) 
4 360 361 (-1120 768 -192 ) (-1120 768 -240 ) (-1120 608 -240 ) (-1120 608 -192 ) 
4 360 363 (-1120 608 -288 ) (-1120 0 -288 ) (-1120 0 -192 ) (-1120 608 -192 ) 
4 361 363 (-1296 608 -192 ) (-1296 608 -240 ) (-1120 608 -240 ) (-1120 608 -192 ) 
4 361 364 (-1296 768 -192 ) (-1296 768 -240 ) (-1296 608 -240 ) (-1296 608 -192 ) 
4 361 362 (-1120 608 -240 ) (-1296 608 -240 ) (-1296 768 -240 ) (-1120 768 -240 ) 
4 362 363 (-1296 608 -240 ) (-1296 608 -288 ) (-1120 608 -288 ) (-1120 608 -240 ) 
4 362 364 (-1296 768 -240 ) (-1296 768 -288 ) (-1296 608 -288 ) (-1296 608 -240 ) 
4 363 366 (-1120 0 -192 ) (-1296 0 -192 ) (-1296 0 -288 ) (-1120 0 -288 ) 
4 363 364 (-1296 608 -288 ) (-1296 0 -288 ) (-1296 0 -192 ) (-1296 608 -192 ) 
4 364 366 (-1296 0 -192 ) (-2048 0 -192 ) (-2048 0 -288 ) (-1296 0 -288 ) 
4 364 365 (-2048 0 -288 ) (-2048 0 -192 ) (-2048 768 -192 ) (-2048 768 -288 ) 
4 365 367 (-2048 0 -288 ) (-2048 0 288 ) (-2195.479980 0 288 ) (-2195.479980 0 -288 ) 
4 366 367 (-2048 0 288 ) (-2048 0 -288 ) (-2048 -137.845993 -288 ) (-2048 -137.845993 288 ) 
