PRT1
175
482
4 1 3 (3136 2048 0 ) (3136 2048 960 ) (3072 2048 960 ) (3072 2048 0 ) 
4 1 2 (3072 3072 960 ) (3072 3072 0 ) (3072 2048 0 ) (3072 2048 960 ) 
4 2 9 (2048 3072 960 ) (2048 3072 0 ) (2048 2048 0 ) (2048 2048 960 ) 
4 2 4 (3072 2048 0 ) (3072 2048 960 ) (2048 2048 960 ) (2048 2048 0 ) 
4 3 5 (3136 1024 0 ) (3136 1024 960 ) (3072 1024 960 ) (3072 1024 0 ) 
4 3 4 (3072 2048 960 ) (3072 2048 0 ) (3072 1024 0 ) (3072 1024 960 ) 
4 4 11 (2048 1024 0 ) (2048 1024 960 ) (2048 2048 960 ) (2048 2048 0 ) 
4 4 6 (3072 1024 0 ) (3072 1024 960 ) (2048 1024 960 ) (2048 1024 0 ) 
4 5 7 (3136 0 0 ) (3136 0 960 ) (3072 0 960 ) (3072 0 0 ) 
4 5 6 (3072 1024 960 ) (3072 1024 0 ) (3072 0 0 ) (3072 0 960 ) 
4 6 17 (2048 0 0 ) (2048 0 960 ) (2048 1024 960 ) (2048 1024 0 ) 
4 6 8 (3072 0 0 ) (3072 0 960 ) (2048 0 960 ) (2048 0 0 ) 
4 7 25 (3136 -1024 0 ) (3136 -1024 960 ) (3072 -1024 960 ) (3072 -1024 0 ) 
4 7 8 (3072 0 960 ) (3072 0 0 ) (3072 -1024 0 ) (3072 -1024 960 ) 
4 8 26 (3072 -1024 0 ) (3072 -1024 960 ) (2048 -1024 960 ) (2048 -1024 0 ) 
4 8 19 (2048 -1024 0 ) (2048 -1024 960 ) (2048 0 960 ) (2048 0 0 ) 
4 9 11 (2048 2048 0 ) (2048 2048 960 ) (1024 2048 960 ) (1024 2048 0 ) 
4 9 10 (1024 3072 960 ) (1024 3072 0 ) (1024 2048 0 ) (1024 2048 960 ) 
4 10 13 (0 3072 960 ) (0 3072 0 ) (0 2048 0 ) (0 2048 960 ) 
4 10 12 (1024 2048 0 ) (1024 2048 960 ) (0 2048 960 ) (0 2048 0 ) 
4 11 17 (2048 1024 0 ) (2048 1024 960 ) (1024 1024 960 ) (1024 1024 0 ) 
4 11 12 (1024 2048 960 ) (1024 2048 0 ) (1024 1024 0 ) (1024 1024 960 ) 
4 12 18 (1024 1024 0 ) (1024 1024 960 ) (0 1024 960 ) (0 1024 0 ) 
4 12 15 (0 1024 0 ) (0 1024 960 ) (0 2048 960 ) (0 2048 0 ) 
4 13 15 (0 2048 0 ) (0 2048 960 ) (-1024 2048 960 ) (-1024 2048 0 ) 
4 13 14 (-1024 3072 960 ) (-1024 3072 0 ) (-1024 2048 0 ) (-1024 2048 960 ) 
4 14 157 (-2048 2048 0 ) (-2048 2048 960 ) (-2048 3072 960 ) (-2048 3072 0 ) 
4 14 16 (-2048 2048 960 ) (-2048 2048 0 ) (-1024 2048 0 ) (-1024 2048 960 ) 
4 15 21 (0 1024 0 ) (0 1024 960 ) (-1024 1024 960 ) (-1024 1024 0 ) 
4 15 16 (-1024 2048 960 ) (-1024 2048 0 ) (-1024 1024 0 ) (-1024 1024 960 ) 
4 16 159 (-2048 1024 0 ) (-2048 1024 960 ) (-2048 2048 960 ) (-2048 2048 0 ) 
4 16 22 (-2048 1024 960 ) (-2048 1024 0 ) (-1024 1024 0 ) (-1024 1024 960 ) 
4 17 19 (2048 0 0 ) (2048 0 960 ) (1024 0 960 ) (1024 0 0 ) 
4 17 18 (1024 1024 960 ) (1024 1024 0 ) (1024 0 0 ) (1024 0 960 ) 
4 18 21 (0 1024 960 ) (0 1024 0 ) (0 0 0 ) (0 0 960 ) 
4 18 20 (1024 0 0 ) (1024 0 960 ) (0 0 960 ) (0 0 0 ) 
4 19 36 (1984 -1024 960 ) (1024 -1024 960 ) (1024 -1024 0 ) (1984 -1024 0 ) 
4 19 35 (2048 -1024 0 ) (2048 -1024 960 ) (1984 -1024 960 ) (1984 -1024 0 ) 
4 19 20 (1024 0 960 ) (1024 0 0 ) (1024 -1024 0 ) (1024 -1024 960 ) 
4 20 37 (1024 -1024 0 ) (1024 -1024 960 ) (0 -1024 960 ) (0 -1024 0 ) 
4 20 23 (0 -1024 0 ) (0 -1024 960 ) (0 0 960 ) (0 0 0 ) 
4 21 23 (0 0 0 ) (0 0 960 ) (-1024 0 960 ) (-1024 0 0 ) 
4 21 22 (-1024 1024 960 ) (-1024 1024 0 ) (-1024 0 0 ) (-1024 0 960 ) 
4 22 161 (-2048 0 0 ) (-2048 0 960 ) (-2048 1024 960 ) (-2048 1024 0 ) 
4 22 24 (-2048 0 960 ) (-2048 0 0 ) (-1024 0 0 ) (-1024 0 960 ) 
4 23 142 (0 -1024 0 ) (0 -1024 960 ) (-1024 -1024 960 ) (-1024 -1024 0 ) 
4 23 24 (-1024 0 960 ) (-1024 0 0 ) (-1024 -1024 0 ) (-1024 -1024 960 ) 
4 24 163 (-2048 -1024 0 ) (-2048 -1024 960 ) (-2048 0 960 ) (-2048 0 0 ) 
4 24 143 (-1024 -1024 0 ) (-1024 -1024 960 ) (-2048 -1024 960 ) (-2048 -1024 0 ) 
4 25 27 (3136 -2048 0 ) (3136 -2048 960 ) (3072 -2048 960 ) (3072 -2048 0 ) 
4 25 26 (3072 -1024 960 ) (3072 -1024 0 ) (3072 -2048 0 ) (3072 -2048 960 ) 
4 26 35 (2048 -2048 0 ) (2048 -2048 960 ) (2048 -1024 960 ) (2048 -1024 0 ) 
4 26 28 (3072 -2048 0 ) (3072 -2048 960 ) (2048 -2048 960 ) (2048 -2048 0 ) 
4 27 29 (3136 -3072 128 ) (3136 -3072 960 ) (3072 -3072 960 ) (3072 -3072 128 ) 
4 27 28 (3072 -2048 960 ) (3072 -2048 0 ) (3072 -3072 0 ) (3072 -3072 960 ) 
4 28 38 (2048 -3072 0 ) (2048 -3072 960 ) (2048 -2048 960 ) (2048 -2048 0 ) 
4 28 32 (3072 -3072 128 ) (3072 -3072 960 ) (2048 -3072 960 ) (2048 -3072 128 ) 
4 29 32 (3072 -3072 960 ) (3072 -3072 128 ) (3072 -3088 128 ) (3072 -3088 960 ) 
4 29 30 (3136 -3088 128 ) (3136 -3088 960 ) (3072 -3088 960 ) (3072 -3088 128 ) 
4 30 34 (3072 -3088 0 ) (3072 -3776 0 ) (3072 -3776 960 ) (3072 -3088 960 ) 
4 30 31 (3136 -3088 0 ) (3136 -3776 0 ) (3072 -3776 0 ) (3072 -3088 0 ) 
4 31 33 (3072 -3072 0 ) (3072 -3072 -304 ) (3072 -3088 -304 ) (3072 -3088 0 ) 
4 31 34 (3072 -3088 -304 ) (3072 -3776 -304 ) (3072 -3776 0 ) (3072 -3088 0 ) 
4 32 52 (2048 -3088 960 ) (2048 -3072 960 ) (2048 -3072 128 ) (2048 -3088 128 ) 
4 32 34 (3072 -3088 128 ) (3072 -3088 960 ) (2048 -3088 960 ) (2048 -3088 128 ) 
4 33 53 (2048 -3072 0 ) (2048 -3072 -304 ) (2048 -3088 -304 ) (2048 -3088 0 ) 
4 33 34 (2048 -3088 -304 ) (3072 -3088 -304 ) (3072 -3088 0 ) (2048 -3088 0 ) 
4 34 54 (2048 -3776 -304 ) (2048 -3776 128 ) (2048 -3088 128 ) (2048 -3088 -304 ) 
4 34 52 (2048 -3776 128 ) (2048 -3776 960 ) (2048 -3088 960 ) (2048 -3088 128 ) 
4 35 38 (2048 -2048 0 ) (2048 -2048 960 ) (1984 -2048 960 ) (1984 -2048 0 ) 
4 35 36 (1984 -1024 0 ) (1984 -2048 0 ) (1984 -2048 960 ) (1984 -1024 960 ) 
4 36 38 (1024 -2048 960 ) (1024 -2048 0 ) (1984 -2048 0 ) (1984 -2048 960 ) 
4 36 37 (1024 -1024 960 ) (1024 -1024 0 ) (1024 -2048 0 ) (1024 -2048 960 ) 
4 37 142 (0 -1024 960 ) (0 -1024 0 ) (0 -2048 0 ) (0 -2048 960 ) 
4 37 50 (753 -2048 160 ) (465.987244 -2048 160 ) (465.987213 -2048 73 ) (753 -2048 73 ) 
4 37 51 (465.987213 -2048 73 ) (465.987213 -2048 0 ) (753 -2048 0 ) (753 -2048 73 ) 
4 37 47 (788 -2048 160 ) (753 -2048 160 ) (753 -2048 0 ) (788 -2048 0 ) 
4 37 46 (1024 -2048 0 ) (1024 -2048 160 ) (788 -2048 160 ) (788 -2048 0 ) 
4 37 40 (465.987244 -2048 160 ) (0 -2048 160 ) (0 -2048 73 ) (465.987213 -2048 73 ) 
4 37 45 (0 -2048 73 ) (0 -2048 0 ) (465.987213 -2048 0 ) (465.987213 -2048 73 ) 
4 37 39 (1024 -2048 160 ) (1024 -2048 960 ) (0 -2048 960 ) (0 -2048 160 ) 
4 38 52 (2048 -3072 128 ) (2048 -3072 960 ) (1024 -3072 960 ) (1024 -3072 128 ) 
4 38 46 (1024 -3072 0 ) (1024 -3072 160 ) (1024 -2048 160 ) (1024 -2048 0 ) 
4 38 39 (1024 -3072 160 ) (1024 -3072 960 ) (1024 -2048 960 ) (1024 -2048 160 ) 
4 39 144 (0 -3072 160 ) (0 -3072 960 ) (0 -2048 960 ) (0 -2048 160 ) 
4 39 119 (0 -3072 960 ) (0 -3072 384 ) (256 -3072 384 ) (256 -3072 960 ) 
4 39 110 (513 -3072 160 ) (516 -3072 160 ) (516 -3072 192.048019 ) (513 -3072 192.048019 ) 
4 39 109 (273 -3072 249.154999 ) (273 -3072 192.048019 ) (497 -3072 192.048019 ) (497 -3072 249.154999 ) 
4 39 107 (513 -3072 384 ) (512 -3072 384 ) (512 -3072 256 ) (513 -3072 256 ) 
4 39 106 (516 -3072 192.048019 ) (516 -3072 384 ) (513 -3072 384 ) (513 -3072 192.048019 ) 
4 39 90 (516 -3072 160 ) (628 -3072 160 ) (628 -3072 256 ) (516 -3072 256 ) 
4 39 87 (628 -3072 160 ) (652 -3072 160 ) (652 -3072 256 ) (628 -3072 256 ) 
4 39 86 (652 -3072 160 ) (691.249023 -3072 160 ) (691.249023 -3072 256 ) (652 -3072 256 ) 
4 39 82 (691.249023 -3072 160 ) (726.249023 -3072 160 ) (726.249023 -3072 256 ) (691.249023 -3072 256 ) 
4 39 81 (726.249023 -3072 160 ) (752 -3072 160 ) (752 -3072 256 ) (726.249023 -3072 256 ) 
4 39 80 (628 -3072 384 ) (516 -3072 384 ) (516 -3072 256 ) (628 -3072 256 ) 
4 39 75 (752 -3072 256 ) (752 -3072 384 ) (628 -3072 384 ) (628 -3072 256 ) 
4 39 70 (652 -3072 386 ) (628 -3072 386 ) (628 -3072 384 ) (652 -3072 384 ) 
4 39 69 (752 -3072 384 ) (752 -3072 386 ) (652 -3072 386 ) (652 -3072 384 ) 
4 39 74 (628 -3072 386 ) (256 -3072 386 ) (256 -3072 384 ) (628 -3072 384 ) 
4 39 58 (752 -3072 160 ) (1024 -3072 160 ) (1024 -3072 386 ) (752 -3072 386 ) 
4 39 57 (1024 -3072 386 ) (1024 -3072 960 ) (256 -3072 960 ) (256 -3072 386 ) 
5 39 50 (465.987213 -2048 160 ) (753 -2048 160 ) (753 -3072 160 ) (224.256531 -3072 160 ) (193.607956 -3063.790039 160 ) 
3 39 49 (208.812805 -3072 160 ) (191.406555 -3072 160 ) (192.573044 -3067.649658 160 ) 
4 39 47 (753 -2048 160 ) (788 -2048 160 ) (788 -3072 160 ) (753 -3072 160 ) 
4 39 46 (788 -2048 160 ) (1024 -2048 160 ) (1024 -3072 160 ) (788 -3072 160 ) 
4 39 44 (57.840134 -3042.530029 160 ) (0 -2603.156006 160 ) (0 -2572.453857 160 ) (61.805927 -3042.010254 160 ) 
3 39 43 (61.719608 -3072 160 ) (0 -3072 160 ) (0 -2603.156006 160 ) 
4 39 42 (193.750549 -3063.258545 160 ) (191.406555 -3072 160 ) (130.830231 -3072 160 ) (140.566879 -3044.500000 160 ) 
4 39 41 (126.586006 -3072 160 ) (65.753380 -3072 160 ) (58.314995 -3015.488525 160 ) (136.796021 -3043.169922 160 ) 
5 39 40 (0 -2048 160 ) (465.987213 -2048 160 ) (193.750549 -3063.258545 160 ) (58.314995 -3015.488525 160 ) (0 -2572.453857 160 ) 
4 40 144 (0 -2572.453857 160 ) (0 -2048 160 ) (0 -2048 73 ) (0 -2572.453857 73 ) 
4 40 50 (465.987946 -2048 73 ) (465.988831 -2048 160 ) (193.752075 -3063.259033 160 ) (193.751068 -3063.258789 73 ) 
4 40 44 (0 -2572.456787 73 ) (58.314548 -3015.488525 73 ) (58.314312 -3015.488525 160 ) (0 -2572.458984 160 ) 
4 40 42 (140.567368 -3044.498779 73 ) (193.750870 -3063.257080 73 ) (193.750870 -3063.257080 160 ) (140.567368 -3044.498779 160 ) 
4 40 41 (58.312508 -3015.486328 160 ) (58.312504 -3015.486328 73 ) (136.796509 -3043.168701 73 ) (136.796509 -3043.168701 160 ) 
5 40 45 (465.986328 -2048 73 ) (193.749573 -3063.258301 73 ) (58.315002 -3015.488525 73 ) (0 -2572.453857 73 ) (0 -2048 73 ) 
4 41 136 (65.753380 -3072 73 ) (126.585999 -3072 73 ) (126.586006 -3072 160 ) (65.753380 -3072 160 ) 
4 41 44 (58.314548 -3015.488525 73 ) (61.805492 -3042.010254 73 ) (61.805275 -3042.010254 160 ) (58.314312 -3015.488525 160 ) 
4 41 45 (126.586006 -3072 73 ) (65.753387 -3072 73 ) (58.315002 -3015.488525 73 ) (136.796066 -3043.169922 73 ) 
4 42 50 (193.752075 -3063.259033 160 ) (193.609604 -3063.790283 160 ) (193.608597 -3063.790039 73 ) (193.751068 -3063.258789 73 ) 
4 42 49 (192.574600 -3067.650146 160 ) (191.408203 -3072 160 ) (191.407135 -3072 73 ) (192.573593 -3067.649902 73 ) 
4 42 45 (193.749573 -3063.258301 73 ) (191.405518 -3072 73 ) (130.830231 -3072 73 ) (140.566910 -3044.500000 73 ) 
4 43 144 (0 -3072 73 ) (0 -3072 160 ) (0 -2603.156006 160 ) (0 -2603.156006 73 ) 
4 43 44 (57.840427 -3042.530029 73 ) (0 -2603.153809 73 ) (0 -2603.152344 160 ) (57.840515 -3042.530029 160 ) 
3 43 45 (61.719616 -3072 73 ) (0 -3072 73 ) (0 -2603.156006 73 ) 
4 44 144 (0 -2603.156006 160 ) (0 -2572.453857 160 ) (0 -2572.453857 73 ) (0 -2603.156006 73 ) 
4 44 45 (57.840141 -3042.530029 73 ) (0 -2603.156006 73 ) (0 -2572.453857 73 ) (61.805935 -3042.010254 73 ) 
4 45 144 (0 -3072 0 ) (0 -3072 73 ) (0 -2048 73 ) (0 -2048 0 ) 
4 45 51 (191.406250 -3072 0 ) (465.987183 -2048 0 ) (465.987946 -2048 73 ) (191.407135 -3072 73 ) 
4 46 59 (1024 -3072 128 ) (1024 -3072 142 ) (788 -3072 142 ) (788 -3072 128 ) 
4 46 58 (1024 -3072 142 ) (1024 -3072 160 ) (788 -3072 160 ) (788 -3072 142 ) 
3 46 48 (788 -3030 0 ) (788 -3072 0 ) (788 -3072 142 ) 
5 46 47 (788 -2048 0 ) (788 -3030 0 ) (788 -3072 142 ) (788 -3072 160 ) (788 -2048 160 ) 
4 47 58 (788 -3072 142 ) (788 -3072 160 ) (753 -3072 160 ) (753 -3072 142 ) 
5 47 50 (753 -3051.591553 73 ) (753 -3072 142 ) (753 -3072 160 ) (753 -2048 160 ) (753 -2048 73 ) 
4 47 51 (753 -2048 0 ) (753 -3030 0 ) (753 -3051.591553 73 ) (753 -2048 73 ) 
4 47 48 (753 -3072 142 ) (753 -3030 0 ) (788 -3030 0 ) (788 -3072 141.996597 ) 
4 48 61 (788 -3072 128 ) (788 -3072 142 ) (753 -3072 142 ) (753 -3072 128 ) 
3 48 50 (753 -3072 73 ) (753 -3072 142 ) (753 -3051.591553 73 ) 
4 48 51 (753 -3030 0 ) (753 -3072 0 ) (753 -3072 73 ) (753 -3051.591553 73 ) 
4 49 123 (208.812805 -3072 160 ) (192 -3072 160 ) (192 -3072 73 ) (208.812775 -3072 73 ) 
3 49 51 (191.406250 -3072 73 ) (192.572739 -3067.649658 73 ) (208.812500 -3072 73 ) 
4 50 115 (256 -3072 128 ) (256 -3072 73 ) (512 -3072 73 ) (512 -3072 128 ) 
4 50 111 (513 -3072 128 ) (516 -3072 128 ) (516 -3072 144.048004 ) (513 -3072 144.048004 ) 
4 50 112 (256 -3072 144.048004 ) (256 -3072 128 ) (257 -3072 128 ) (257 -3072 144.048004 ) 
4 50 110 (516 -3072 160 ) (513 -3072 160 ) (513 -3072 144.048004 ) (516 -3072 144.048004 ) 
4 50 90 (628 -3072 160 ) (516 -3072 160 ) (516 -3072 128 ) (628 -3072 128 ) 
4 50 87 (652 -3072 160 ) (628 -3072 160 ) (628 -3072 128 ) (652 -3072 128 ) 
4 50 86 (691.249023 -3072 160 ) (652 -3072 160 ) (652 -3072 128 ) (691.249023 -3072 128 ) 
4 50 84 (691.249023 -3072 143.419006 ) (691.249023 -3072 128 ) (726.249023 -3072 128 ) (726.249023 -3072 143.419006 ) 
4 50 82 (726.249023 -3072 160 ) (691.249023 -3072 160 ) (691.249023 -3072 143.419006 ) (726.249023 -3072 143.419006 ) 
4 50 81 (752 -3072 160 ) (726.249023 -3072 160 ) (726.249023 -3072 128 ) (752 -3072 128 ) 
4 50 62 (753 -3072 128 ) (753 -3072 142 ) (752 -3072 142 ) (752 -3072 128 ) 
4 50 58 (753 -3072 142 ) (753 -3072 160 ) (752 -3072 160 ) (752 -3072 142 ) 
5 50 51 (193.607712 -3063.789795 73 ) (465.986572 -2048 73 ) (753 -2048 73 ) (753 -3072 73 ) (224.256226 -3072 73 ) 
4 51 115 (256 -3072 0 ) (512 -3072 0 ) (512 -3072 73 ) (256 -3072 73 ) 
4 52 117 (1024 -3456.010254 128 ) (1024 -3776 128 ) (1024 -3776 960 ) (1024 -3456.010254 960 ) 
4 52 68 (1024 -3440 128 ) (1024 -3456.010254 128 ) (1024 -3456.010254 256 ) (1024 -3440 256 ) 
4 52 67 (1024 -3344 128 ) (1024 -3440 128 ) (1024 -3440 256 ) (1024 -3344 256 ) 
4 52 65 (1024 -3088 128 ) (1024 -3344 128 ) (1024 -3344 256 ) (1024 -3088 256 ) 
4 52 64 (1024 -3456.010254 256 ) (1024 -3456.010254 384 ) (1024 -3088 384 ) (1024 -3088 256 ) 
4 52 63 (1024 -3456.010254 384 ) (1024 -3456.010254 386 ) (1024 -3088 386 ) (1024 -3088 384 ) 
4 52 59 (1024 -3072 142 ) (1024 -3072 128 ) (1024 -3088 128 ) (1024 -3088 142 ) 
4 52 58 (1024 -3072 386 ) (1024 -3072 142 ) (1024 -3088 142 ) (1024 -3088 386 ) 
4 52 57 (1024 -3072 960 ) (1024 -3072 386 ) (1024 -3456.010254 386 ) (1024 -3456.010254 960 ) 
4 52 56 (1040 -3776 128 ) (1024 -3776 128 ) (1024 -3456 128 ) (1040 -3456 128 ) 
4 52 54 (2048 -3776 128 ) (1040 -3776 128 ) (1040 -3088 128 ) (2048 -3088 128 ) 
4 53 118 (1024 -3072 -64 ) (1024 -3072 -304 ) (1024 -3088 -304 ) (1024 -3088 -64 ) 
4 53 55 (1024 -3088 -64 ) (1024 -3088 -304 ) (1040 -3088 -304 ) (1040 -3088 -64 ) 
4 53 54 (1040 -3088 -304 ) (2048 -3088 -304 ) (2048 -3088 0 ) (1040 -3088 0 ) 
4 54 55 (1040 -3088 -64 ) (1040 -3088 -304 ) (1040 -3456 -304 ) (1040 -3456 -64 ) 
4 54 56 (1040 -3456 -304 ) (1040 -3776 -304 ) (1040 -3776 128 ) (1040 -3456 128 ) 
4 55 118 (1024 -3088 -64 ) (1024 -3088 -304 ) (1024 -3456 -304 ) (1024 -3456 -64 ) 
4 55 56 (1024 -3456 -304 ) (1040 -3456 -304 ) (1040 -3456 -64 ) (1024 -3456 -64 ) 
4 56 118 (1024 -3776 -304 ) (1024 -3776 -64 ) (1024 -3456 -64 ) (1024 -3456 -304 ) 
4 56 117 (1024 -3776 -64 ) (1024 -3776 128 ) (1024 -3456 128 ) (1024 -3456 -64 ) 
4 57 119 (256 -3456.010254 960 ) (256 -3072 960 ) (256 -3072 386 ) (256 -3456.010254 386 ) 
4 57 117 (1024 -3456.010254 386 ) (1024 -3456.010254 960 ) (256 -3456.010254 960 ) (256 -3456.010254 386 ) 
5 57 72 (628 -3270 386 ) (628 -3242 386 ) (636 -3242 386 ) (652 -3264 386 ) (652 -3270 386 ) 
3 57 71 (636 -3242 386 ) (652 -3242 386 ) (652 -3264 386 ) 
4 57 70 (628 -3242 386 ) (628 -3072 386 ) (652 -3072 386 ) (652 -3242 386 ) 
4 57 73 (652 -3456.010254 386 ) (628 -3456.010254 386 ) (628 -3270 386 ) (652 -3270 386 ) 
4 57 69 (752 -3456.010254 386 ) (652 -3456.010254 386 ) (652 -3072 386 ) (752 -3072 386 ) 
4 57 74 (628 -3456.010254 386 ) (256 -3456.010254 386 ) (256 -3072 386 ) (628 -3072 386 ) 
4 57 63 (1024 -3456.010254 386 ) (752 -3456.010254 386 ) (752 -3088 386 ) (1024 -3088 386 ) 
4 57 58 (752 -3088 386 ) (752 -3072 386 ) (1024 -3072 386 ) (1024 -3088 386 ) 
4 58 81 (752 -3088 142 ) (752 -3088 256 ) (752 -3072 256 ) (752 -3072 142 ) 
4 58 75 (752 -3088 256 ) (752 -3088 384 ) (752 -3072 384 ) (752 -3072 256 ) 
4 58 69 (752 -3088 384 ) (752 -3088 386 ) (752 -3072 386 ) (752 -3072 384 ) 
4 58 66 (752 -3088 256 ) (752 -3088 142 ) (784 -3088 142 ) (784 -3088 256 ) 
4 58 65 (784 -3088 142 ) (1024 -3088 142 ) (1024 -3088 256 ) (784 -3088 256 ) 
4 58 64 (752 -3088 384 ) (752 -3088 256 ) (1024 -3088 256 ) (1024 -3088 384 ) 
4 58 63 (752 -3088 386 ) (752 -3088 384 ) (1024 -3088 384 ) (1024 -3088 386 ) 
4 58 61 (753 -3076 142 ) (753 -3072 142 ) (788 -3072 142 ) (788 -3076 142 ) 
4 58 60 (788 -3088 142 ) (753 -3088 142 ) (753 -3076 142 ) (788 -3076 142 ) 
4 58 62 (753 -3088 142 ) (752 -3088 142 ) (752 -3072 142 ) (753 -3072 142 ) 
4 58 59 (1024 -3088 142 ) (788 -3088 142 ) (788 -3072 142 ) (1024 -3072 142 ) 
4 59 65 (1024 -3088 128 ) (1024 -3088 142 ) (788 -3088 142 ) (788 -3088 128 ) 
4 59 61 (788 -3076 142 ) (788 -3072 142 ) (788 -3072 128 ) (788 -3075.605713 128 ) 
4 59 60 (788 -3088 128 ) (788 -3088 142 ) (788 -3076 142 ) (788 -3075.605713 128 ) 
4 60 66 (753 -3088 128 ) (784 -3088 128 ) (784 -3088 142 ) (753 -3088 142 ) 
4 60 65 (784 -3088 128 ) (788 -3088 128 ) (788 -3088 142 ) (784 -3088 142 ) 
4 60 62 (753 -3075.605713 128 ) (753 -3088 128 ) (753 -3088 142 ) (753 -3076 142 ) 
4 60 61 (788 -3076 142 ) (788 -3075.605713 128 ) (753 -3075.605713 128 ) (753 -3076 142 ) 
4 61 62 (753 -3072 128 ) (753 -3075.605713 128 ) (753 -3076 142 ) (753 -3072 142 ) 
4 62 81 (752 -3088 128 ) (752 -3088 142 ) (752 -3072 142 ) (752 -3072 128 ) 
4 62 66 (752 -3088 142 ) (752 -3088 128 ) (753 -3088 128 ) (753 -3088 142 ) 
4 63 117 (1024 -3456.010254 384 ) (1024 -3456.010254 386 ) (752 -3456.010254 386 ) (752 -3456.010254 384 ) 
4 63 69 (752 -3456.010254 384 ) (752 -3456.010254 386 ) (752 -3088 386 ) (752 -3088 384 ) 
5 63 64 (1024 -3456.010254 384 ) (768.006714 -3456.010254 384 ) (752 -3432 384 ) (752 -3088 384 ) (1024 -3088 384 ) 
4 64 117 (1024 -3456.010254 256 ) (1024 -3456.010254 384 ) (768.006714 -3456.010254 384 ) (768.006653 -3456.010254 256 ) 
4 64 76 (752 -3432 384 ) (752 -3242 384 ) (752 -3242 256 ) (752 -3432 256 ) 
4 64 75 (752 -3242 384 ) (752 -3088 384 ) (752 -3088 256 ) (752 -3242 256 ) 
4 64 68 (1024 -3456.010254 256 ) (768.981262 -3456.010254 256 ) (757.892700 -3440 256 ) (1024 -3440 256 ) 
5 64 67 (752 -3431.491943 256 ) (752 -3344 256 ) (1024 -3344 256 ) (1024 -3440 256 ) (757.892700 -3440 256 ) 
4 64 66 (752 -3344 256 ) (752 -3088 256 ) (784 -3088 256 ) (784 -3344 256 ) 
4 64 65 (784 -3088 256 ) (1024 -3088 256 ) (1024 -3344 256 ) (784 -3344 256 ) 
4 65 67 (1024 -3344 256 ) (784 -3344 256 ) (784 -3344 0 ) (1024 -3344 0 ) 
4 65 66 (784 -3344 128 ) (784 -3344 256 ) (784 -3088 256 ) (784 -3088 128 ) 
4 66 97 (752 -3344 128 ) (752 -3344 256 ) (752 -3270 256 ) (752 -3270 128 ) 
4 66 81 (752 -3270 256 ) (752 -3088 256 ) (752 -3088 128 ) (752 -3270 128 ) 
4 66 67 (784 -3344 256 ) (752 -3344 256 ) (752 -3344 128 ) (784 -3344 128 ) 
4 67 100 (752 -3431.491943 0 ) (752 -3431.491943 128 ) (752 -3374.742432 128 ) (752 -3374.742432 0 ) 
4 67 99 (752 -3431.491943 128 ) (752 -3431.491943 256 ) (752 -3374.742432 256 ) (752 -3374.742432 128 ) 
4 67 97 (752 -3374.742432 256 ) (752 -3344 256 ) (752 -3344 128 ) (752 -3374.742432 128 ) 
4 67 98 (752 -3344 128 ) (752 -3344 0 ) (752 -3374.742432 0 ) (752 -3374.742432 128 ) 
4 67 68 (1024 -3440 256 ) (757.892639 -3440 256 ) (757.892639 -3440 128 ) (1024 -3440 128 ) 
4 68 117 (1024 -3456.010254 128 ) (1024 -3456.010254 256 ) (768.981201 -3456.010254 256 ) (768.981201 -3456.010254 128 ) 
4 69 117 (752 -3456.010254 384 ) (752 -3456.010254 386 ) (652 -3456.010254 386 ) (652 -3456.010254 384 ) 
4 69 76 (752 -3242 384 ) (752 -3432 384 ) (652 -3282 384 ) (652 -3242 384 ) 
4 69 75 (752 -3072 384 ) (752 -3242 384 ) (652 -3242 384 ) (652 -3072 384 ) 
4 69 72 (652 -3264 384 ) (652 -3270 384 ) (652 -3270 386 ) (652 -3264 386 ) 
4 69 71 (652 -3242 384 ) (652 -3264 384 ) (652 -3264 386 ) (652 -3242 386 ) 
4 69 70 (652 -3072 384 ) (652 -3242 384 ) (652 -3242 386 ) (652 -3072 386 ) 
4 69 73 (652 -3270 384 ) (652 -3456.010254 384 ) (652 -3456.010254 386 ) (652 -3270 386 ) 
4 70 75 (628 -3242 384 ) (628 -3072 384 ) (652 -3072 384 ) (652 -3242 384 ) 
4 70 72 (628 -3242 386 ) (628 -3242 384 ) (636 -3242 384 ) (636 -3242 386 ) 
4 70 71 (636 -3242 384 ) (652 -3242 384 ) (652 -3242 386 ) (636 -3242 386 ) 
4 70 74 (628 -3072 384 ) (628 -3242 384 ) (628 -3242 386 ) (628 -3072 386 ) 
3 71 77 (636 -3242 384 ) (652 -3242 384 ) (652 -3264 384 ) 
4 71 72 (636 -3242 386 ) (636 -3242 384 ) (652 -3264 384 ) (652 -3264 386 ) 
6 72 78 (628 -3246 384 ) (628 -3242 384 ) (636 -3242 384 ) (652 -3264 384 ) (652 -3270 384 ) (644 -3270 384 ) 
4 72 74 (628 -3242 384 ) (628 -3270 384 ) (628 -3270 386 ) (628 -3242 386 ) 
4 72 73 (628 -3270 386 ) (628 -3270 384 ) (652 -3270 384 ) (652 -3270 386 ) 
4 73 117 (652 -3456.010254 386 ) (628 -3456.010254 386 ) (628 -3456.010254 384 ) (652 -3456.010254 384 ) 
3 73 79 (644 -3270 384 ) (652 -3270 384 ) (652 -3282 384 ) 
4 73 74 (628 -3270 384 ) (628 -3456.010254 384 ) (628 -3456.010254 386 ) (628 -3270 386 ) 
4 74 119 (256 -3072 386 ) (256 -3072 384 ) (256 -3456.010254 384 ) (256 -3456.010254 386 ) 
4 74 117 (628 -3456.010254 386 ) (256 -3456.010254 386 ) (256 -3456.010254 384 ) (628 -3456.010254 384 ) 
4 74 108 (513 -3072 384 ) (516 -3076.519287 384 ) (516 -3078 384 ) (512.238831 -3072.358154 384 ) 
3 74 107 (512 -3072 384 ) (513 -3072 384 ) (512.238831 -3072.358154 384 ) 
3 74 106 (513 -3072 384 ) (516 -3072 384 ) (516 -3076.519287 384 ) 
4 74 80 (516 -3078 384 ) (516 -3072 384 ) (628 -3072 384 ) (628 -3246 384 ) 
4 75 87 (628 -3242 256 ) (628 -3072 256 ) (652 -3072 256 ) (652 -3242 256 ) 
4 75 86 (652 -3072 256 ) (691.249023 -3072 256 ) (691.249023 -3242 256 ) (652 -3242 256 ) 
4 75 82 (691.249023 -3072 256 ) (726.249023 -3072 256 ) (726.249023 -3242 256 ) (691.249023 -3242 256 ) 
4 75 81 (726.249023 -3072 256 ) (752 -3072 256 ) (752 -3242 256 ) (726.249023 -3242 256 ) 
4 75 80 (628 -3072 256 ) (628 -3242 256 ) (628 -3242 384 ) (628 -3072 384 ) 
4 75 78 (628 -3242 384 ) (628 -3242 256 ) (636 -3242 256 ) (636 -3242 384 ) 
4 75 77 (636 -3242 256 ) (652 -3242 256 ) (652 -3242 384 ) (636 -3242 384 ) 
4 75 76 (652 -3242 256 ) (752 -3242 256 ) (752 -3242 384 ) (652 -3242 384 ) 
4 76 99 (752 -3374.742432 256 ) (752 -3431.491943 256 ) (743.435303 -3419.125732 256 ) (725.581787 -3392.231201 256 ) 
5 76 97 (652 -3281.388428 256 ) (652 -3270 256 ) (752 -3270 256 ) (752 -3374.742432 256 ) (725.581787 -3392.231201 256 ) 
4 76 86 (652 -3270 256 ) (652 -3242 256 ) (691.249023 -3242 256 ) (691.249023 -3270 256 ) 
4 76 82 (691.249023 -3242 256 ) (726.249023 -3242 256 ) (726.249023 -3270 256 ) (691.249023 -3270 256 ) 
4 76 81 (726.249023 -3242 256 ) (752 -3242 256 ) (752 -3270 256 ) (726.249023 -3270 256 ) 
4 76 79 (652 -3270 256 ) (652 -3282 256 ) (652 -3282 384 ) (652 -3270 384 ) 
4 76 78 (652 -3264 256 ) (652 -3270 256 ) (652 -3270 384 ) (652 -3264 384 ) 
4 76 77 (652 -3242 384 ) (652 -3242 256 ) (652 -3264 256 ) (652 -3264 384 ) 
3 77 88 (636 -3242 256 ) (652 -3242 256 ) (652 -3264 256 ) 
4 77 78 (635.997498 -3242 384 ) (635.997498 -3242 256 ) (652 -3264.003418 256 ) (652 -3264.003418 384 ) 
6 78 89 (628 -3245.235107 256 ) (628 -3242 256 ) (636 -3242 256 ) (652 -3264 256 ) (652 -3270 256 ) (644.439880 -3270 256 ) 
4 78 80 (628 -3242 256 ) (628 -3246 256 ) (628 -3246 384 ) (628 -3242 384 ) 
4 78 79 (644 -3270 256 ) (652 -3270 256 ) (652 -3270 384 ) (644 -3270 384 ) 
3 79 97 (644.439880 -3270 256 ) (652 -3270 256 ) (652 -3281.388428 256 ) 
4 80 108 (516 -3078 384 ) (516 -3076.519287 384 ) (516 -3076.519287 256 ) (516 -3078 256 ) 
4 80 106 (516 -3076.519287 384 ) (516 -3072 384 ) (516 -3072 256 ) (516 -3076.519287 256 ) 
4 80 90 (516 -3076.519287 256 ) (516 -3072 256 ) (628 -3072 256 ) (628 -3245.235107 256 ) 
4 81 97 (726.249023 -3270 128 ) (752 -3270 128 ) (752 -3270 256 ) (726.249023 -3270 256 ) 
4 81 91 (752 -3270 128 ) (726.249023 -3270 128 ) (726.249023 -3088 128 ) (752 -3088 128 ) 
4 81 85 (726.249023 -3086.584229 128 ) (726.249023 -3094.710449 128 ) (726.249023 -3090.149902 143.419006 ) (726.249023 -3086.149902 143.419006 ) 
4 81 84 (726.249023 -3072 128 ) (726.249023 -3086.584229 128 ) (726.249023 -3086.149902 143.419006 ) (726.249023 -3072 143.419006 ) 
4 81 83 (726.249023 -3094.710449 128 ) (726.249023 -3270 128 ) (726.249023 -3270 143.419006 ) (726.249023 -3090.149902 143.419006 ) 
4 81 82 (726.249023 -3270 143.419006 ) (726.249023 -3270 256 ) (726.249023 -3072 256 ) (726.249023 -3072 143.419006 ) 
4 82 97 (726.249023 -3270 143.419006 ) (726.249023 -3270 256 ) (691.249023 -3270 256 ) (691.249023 -3270 143.419006 ) 
4 82 86 (691.249023 -3270 143.419006 ) (691.249023 -3270 256 ) (691.249023 -3072 256 ) (691.249023 -3072 143.419006 ) 
4 82 85 (691.249023 -3090.149902 143.419006 ) (691.249023 -3086.149902 143.419006 ) (726.249023 -3086.149902 143.419006 ) (726.249023 -3090.149902 143.419006 ) 
4 82 84 (691.249023 -3086.149902 143.419006 ) (691.249023 -3072 143.419006 ) (726.249023 -3072 143.419006 ) (726.249023 -3086.149902 143.419006 ) 
4 82 83 (691.249023 -3270 143.419006 ) (691.249023 -3090.149902 143.419006 ) (726.249023 -3090.149902 143.419006 ) (726.249023 -3270 143.419006 ) 
4 83 97 (691.249023 -3270 128 ) (726.249023 -3270 128 ) (726.249023 -3270 143.419006 ) (691.249023 -3270 143.419006 ) 
4 83 92 (726.249023 -3270 128 ) (691.249023 -3270 128 ) (691.249023 -3094.710449 128 ) (726.249023 -3094.710449 128 ) 
4 83 86 (691.249023 -3094.710449 128 ) (691.249023 -3270 128 ) (691.249023 -3270 143.419006 ) (691.249023 -3090.149902 143.419006 ) 
4 83 85 (691.249023 -3094.710938 128 ) (691.249023 -3090.149902 143.419006 ) (726.249023 -3090.149902 143.419006 ) (726.249023 -3094.710449 128 ) 
4 84 86 (691.249023 -3072 128 ) (691.249023 -3086.584229 128 ) (691.249023 -3086.149902 143.419006 ) (691.249023 -3072 143.419006 ) 
4 84 85 (726.249023 -3086.584473 128 ) (726.249023 -3086.149902 143.419006 ) (691.249023 -3086.149902 143.419006 ) (691.249023 -3086.584229 128 ) 
4 85 94 (691.249023 -3094.710449 128 ) (691.249023 -3088 128 ) (726.249023 -3088 128 ) (726.249023 -3094.710449 128 ) 
4 85 86 (691.249023 -3086.584229 128 ) (691.249023 -3094.710449 128 ) (691.249023 -3090.149902 143.419006 ) (691.249023 -3086.149902 143.419006 ) 
4 86 97 (652 -3270 128 ) (691.249023 -3270 128 ) (691.249023 -3270 256 ) (652 -3270 256 ) 
4 86 95 (691.249023 -3270 128 ) (652 -3270 128 ) (652 -3088 128 ) (691.249023 -3088 128 ) 
4 86 89 (652 -3264 128 ) (652 -3270 128 ) (652 -3270 256 ) (652 -3264 256 ) 
4 86 88 (652 -3242 128 ) (652 -3264 128 ) (652 -3264 256 ) (652 -3242 256 ) 
4 86 87 (652 -3072 128 ) (652 -3242 128 ) (652 -3242 256 ) (652 -3072 256 ) 
4 87 95 (628 -3242 128 ) (628 -3088 128 ) (652 -3088 128 ) (652 -3242 128 ) 
4 87 90 (628 -3072 128 ) (628 -3242 128 ) (628 -3242 256 ) (628 -3072 256 ) 
4 87 89 (628 -3242 256 ) (628 -3242 128 ) (636 -3242 128 ) (636 -3242 256 ) 
4 87 88 (636 -3242 128 ) (652 -3242 128 ) (652 -3242 256 ) (636 -3242 256 ) 
3 88 95 (636 -3242 128 ) (652 -3242 128 ) (652 -3264 128 ) 
4 88 89 (636 -3242 256 ) (636 -3242 128 ) (652 -3264 128 ) (652 -3264 256 ) 
4 89 97 (644.439880 -3270 128 ) (652 -3270 128 ) (652 -3270 256 ) (644.439880 -3270 256 ) 
6 89 95 (652 -3270 128 ) (644.439880 -3270 128 ) (628 -3245.235107 128 ) (628 -3242 128 ) (636 -3242 128 ) (652 -3264 128 ) 
4 89 90 (628 -3242 128 ) (628 -3245.235107 128 ) (628 -3245.235107 256 ) (628 -3242 256 ) 
4 90 111 (516 -3072 144.048004 ) (516 -3072 128 ) (516 -3076.519043 128 ) (516 -3076.519043 144.048004 ) 
4 90 110 (516 -3072 192.048019 ) (516 -3072 144.048004 ) (516 -3076.519043 144.048004 ) (516 -3076.519043 192.048019 ) 
4 90 106 (516 -3076.519043 256 ) (516 -3072 256 ) (516 -3072 192.048019 ) (516 -3076.519043 192.048019 ) 
3 90 95 (628 -3088 128 ) (628 -3245.235107 128 ) (523.621460 -3088 128 ) 
4 91 98 (726.249023 -3270 1.419310 ) (752 -3270 1.419310 ) (752 -3270 128 ) (726.249023 -3270 128 ) 
4 91 96 (752 -3270 1.419310 ) (726.249023 -3270 1.419310 ) (726.249023 -3088 1.419310 ) (752 -3088 1.419310 ) 
5 91 94 (726.249023 -3090.149902 1.419310 ) (726.249023 -3132.149902 1.419310 ) (726.249023 -3094.710693 128 ) (726.249023 -3088 128 ) (726.249023 -3088 77.737091 ) 
3 91 93 (726.249023 -3088 1.419310 ) (726.249023 -3090.149902 1.419310 ) (726.249023 -3088 77.737091 ) 
4 91 92 (726.249023 -3132.149902 1.419310 ) (726.249023 -3270 1.419310 ) (726.249023 -3270 128 ) (726.249023 -3094.710693 128 ) 
4 92 98 (691.249023 -3270 1.419310 ) (726.249023 -3270 1.419310 ) (726.249023 -3270 128 ) (691.249023 -3270 128 ) 
4 92 96 (726.249023 -3270 1.419310 ) (691.249023 -3270 1.419310 ) (691.249023 -3132.149902 1.419310 ) (726.249023 -3132.149902 1.419310 ) 
4 92 95 (691.249023 -3132.149902 1.419310 ) (691.249023 -3270 1.419310 ) (691.249023 -3270 128 ) (691.249023 -3094.710693 128 ) 
4 92 94 (691.249023 -3132.150391 1.419310 ) (691.249023 -3094.710938 128 ) (726.249023 -3094.710938 128 ) (726.249023 -3132.150391 1.419310 ) 
4 93 96 (691.249023 -3090.149902 1.419310 ) (691.249023 -3088 1.419310 ) (726.249023 -3088 1.419310 ) (726.249023 -3090.149902 1.419310 ) 
3 93 95 (691.249023 -3088 1.419310 ) (691.249023 -3090.149902 1.419310 ) (691.249023 -3088 77.737091 ) 
4 93 94 (726.249023 -3090.149902 1.419310 ) (726.249023 -3088 77.743813 ) (691.249023 -3088 77.743813 ) (691.249023 -3090.149902 1.419310 ) 
4 94 96 (691.249023 -3132.149902 1.419310 ) (691.249023 -3090.149902 1.419310 ) (726.249023 -3090.149902 1.419310 ) (726.249023 -3132.149902 1.419310 ) 
5 94 95 (691.249023 -3090.149902 1.419310 ) (691.249023 -3132.149902 1.419310 ) (691.249023 -3094.710693 128 ) (691.249023 -3088 128 ) (691.249023 -3088 77.737091 ) 
4 95 102 (516 -3105.661377 128 ) (516 -3105.677002 1.419310 ) (624.749756 -3270 1.419310 ) (624.760071 -3270 128 ) 
4 95 98 (624.758423 -3270 128 ) (624.748108 -3270 1.419310 ) (691.249023 -3270 1.419310 ) (691.249023 -3270 128 ) 
5 95 96 (691.249023 -3270 1.419310 ) (624.750000 -3270 1.419310 ) (516 -3105.676758 1.419310 ) (516 -3088 1.419310 ) (691.249023 -3088 1.419310 ) 
4 96 102 (516 -3105.677002 1.419310 ) (516 -3105.677246 0 ) (624.749634 -3270 0 ) (624.749756 -3270 1.419310 ) 
4 96 98 (624.748108 -3270 1.419310 ) (624.747986 -3270 0 ) (752 -3270 0 ) (752 -3270 1.419310 ) 
4 97 99 (725.581787 -3392.231445 128 ) (752 -3374.742920 128 ) (752 -3374.742920 256 ) (725.581726 -3392.231445 256 ) 
4 97 98 (752 -3374.739502 128 ) (725.580322 -3392.229248 128 ) (644.439819 -3270 128 ) (752 -3270 128 ) 
4 98 105 (667.566467 -3334.697021 0 ) (711.717224 -3401.409668 0 ) (711.723145 -3401.405762 104 ) (667.571045 -3334.691162 104 ) 
4 98 102 (624.760071 -3270 128 ) (624.749634 -3270 0 ) (667.566467 -3334.697021 0 ) (667.572083 -3334.689697 128 ) 
4 98 100 (725.070068 -3392.570068 0 ) (752 -3374.742920 0 ) (752 -3374.742920 128 ) (725.070129 -3392.570312 128 ) 
4 99 100 (725.582947 -3392.233154 128 ) (752 -3374.745361 128 ) (752 -3431.455566 128 ) (742.840027 -3418.229004 128 ) 
4 101 103 (732.430298 -3440 128 ) (516 -3440 128 ) (516 -3434.829102 128 ) (664.293091 -3336.856445 128 ) 
3 101 102 (516 -3434.829102 128 ) (516 -3110.445312 128 ) (664.599670 -3336.653809 128 ) 
4 102 105 (664.295593 -3336.860107 0 ) (667.566406 -3334.699219 0 ) (667.566406 -3334.692871 104 ) (664.292664 -3336.855713 104 ) 
4 102 104 (516 -3434.835938 0 ) (664.295593 -3336.860107 0 ) (664.292664 -3336.855713 104 ) (516 -3434.828369 104 ) 
4 102 103 (664.292053 -3336.854736 128 ) (516 -3434.826660 128 ) (516 -3434.828369 104 ) (664.292664 -3336.855713 104 ) 
4 103 104 (516 -3434.828369 104 ) (664.293213 -3336.856445 104 ) (732.430237 -3440 104 ) (516 -3440 104 ) 
4 104 105 (708.391418 -3403.611084 0 ) (664.294312 -3336.857422 0 ) (664.292969 -3336.855469 104 ) (708.391846 -3403.610840 104 ) 
3 106 110 (513 -3072 192.048019 ) (516 -3072 192.048019 ) (516 -3076.519287 192.048019 ) 
4 106 108 (516 -3076.523682 256 ) (516 -3076.523682 384 ) (512.997009 -3072 384 ) (512.997009 -3072 256 ) 
4 107 108 (512.239258 -3072.358887 256 ) (513 -3072 256 ) (513 -3072 384 ) (512.239258 -3072.358887 384 ) 
4 109 113 (273 -3080 249.154999 ) (273 -3080 192.048019 ) (496 -3080 192.048019 ) (496 -3080 249.154999 ) 
3 110 111 (513 -3072 144.048004 ) (516 -3072 144.048004 ) (516 -3076.519287 144.048004 ) 
4 112 115 (257 -3080 128 ) (256 -3080 128 ) (256 -3072 128 ) (257 -3072 128 ) 
4 112 114 (256 -3080 128 ) (257 -3080 128 ) (257 -3080 144.048004 ) (256 -3080 144.048004 ) 
4 113 114 (256 -3080 144.048004 ) (257 -3080 144.048004 ) (257 -3448 144.048004 ) (256 -3448 144.048004 ) 
4 114 117 (257 -3456.010254 144.048004 ) (256 -3456.010254 144.048004 ) (256 -3456.010254 128 ) (257 -3456.010254 128 ) 
4 114 116 (257 -3456.010254 128 ) (256 -3456.010254 128 ) (256 -3088 128 ) (257 -3088 128 ) 
4 114 115 (256 -3088 128 ) (256 -3080 128 ) (257 -3080 128 ) (257 -3088 128 ) 
4 115 116 (256 -3088 0 ) (512 -3088 0 ) (512 -3088 128 ) (256 -3088 128 ) 
4 116 117 (512 -3456.010254 128 ) (256 -3456.010254 128 ) (256 -3456.010254 0 ) (512 -3456.010254 0 ) 
4 117 132 (256 -3456.010254 0 ) (256 -3456.010254 -64 ) (256 -3776 -64 ) (256 -3776 0 ) 
4 117 131 (256 -3456.010254 73 ) (256 -3456.010254 0 ) (256 -3776 0 ) (256 -3776 73 ) 
4 117 126 (256 -3456.010254 160 ) (256 -3456.010254 73 ) (256 -3604.391357 73 ) (256 -3604.391357 160 ) 
4 117 122 (256 -3604.391357 73 ) (256 -3776 73 ) (256 -3776 160 ) (256 -3604.391357 160 ) 
4 117 121 (256 -3456.010254 256 ) (256 -3456.010254 160 ) (256 -3776 160 ) (256 -3776 256 ) 
4 117 120 (256 -3776 960 ) (256 -3456.010254 960 ) (256 -3456.010254 256 ) (256 -3776 256 ) 
4 117 118 (256 -3776 -64 ) (256 -3456.010254 -64 ) (1024 -3456.010254 -64 ) (1024 -3776 -64 ) 
4 118 133 (256 -3776 -304 ) (256 -3776 -64 ) (256 -3072 -64 ) (256 -3072 -304 ) 
4 119 146 (0 -3456 960 ) (0 -3072 960 ) (0 -3072 384 ) (0 -3456 384 ) 
4 119 120 (256 -3456 384 ) (256 -3456 960 ) (0 -3456 960 ) (0 -3456 384 ) 
4 120 149 (0 -3776 960 ) (0 -3456 960 ) (0 -3456 256 ) (0 -3776 256 ) 
4 120 141 (128 -3776 256 ) (0 -3776 256 ) (0 -3456 256 ) (128 -3456 256 ) 
4 120 135 (160 -3776 256 ) (128 -3776 256 ) (128 -3456 256 ) (160 -3456 256 ) 
4 120 121 (256 -3456 256 ) (256 -3776 256 ) (160 -3776 256 ) (160 -3456 256 ) 
4 121 135 (160 -3776 256 ) (160 -3456 256 ) (160 -3456 160 ) (160 -3776 160 ) 
4 121 129 (173.381516 -3456 160 ) (192 -3456 160 ) (192 -3458.772705 160 ) (191.185959 -3461.439697 160 ) 
3 121 128 (160 -3563.616211 160 ) (160 -3456.088867 160 ) (190.016907 -3465.270020 160 ) 
4 121 127 (160 -3776 160 ) (160 -3563.616211 160 ) (192 -3458.772705 160 ) (192 -3776 160 ) 
4 121 126 (224.431442 -3456 160 ) (256 -3456 160 ) (256 -3604.391602 160 ) (195.580017 -3468.840332 160 ) 
4 121 123 (192 -3456 160 ) (214.587097 -3456 160 ) (193.952820 -3465.189697 160 ) (192 -3460.808594 160 ) 
4 121 122 (256 -3604.391602 160 ) (256 -3776 160 ) (192 -3776 160 ) (192 -3460.808594 160 ) 
4 122 131 (256 -3604.391602 73 ) (256 -3776 73 ) (192 -3776 73 ) (192 -3460.808350 73 ) 
4 122 127 (192 -3460.808350 73 ) (192 -3776 73 ) (192 -3776 160 ) (192 -3460.808350 160 ) 
4 122 126 (256 -3604.393311 73 ) (195.579330 -3468.840576 73 ) (195.579330 -3468.840576 160 ) (256 -3604.393311 160 ) 
4 122 123 (193.952225 -3465.190186 73 ) (192 -3460.810303 73 ) (192 -3460.810303 160 ) (193.952225 -3465.190186 160 ) 
4 123 131 (214.586746 -3456 73 ) (193.952911 -3465.189697 73 ) (192 -3460.808350 73 ) (192 -3456 73 ) 
4 123 129 (192 -3076 73 ) (192 -3458.773193 73 ) (192 -3458.773193 160 ) (192 -3076 160 ) 
4 123 127 (192 -3458.773193 73 ) (192 -3460.808350 73 ) (192 -3460.808350 160 ) (192 -3458.773193 160 ) 
4 123 125 (223.186981 -3452.169678 73 ) (224 -3451.807617 73 ) (224 -3451.808105 160 ) (223.187180 -3452.170166 160 ) 
4 123 124 (224 -3076.068359 160 ) (224 -3076.068359 73 ) (223.482956 -3075.929932 73 ) (223.482956 -3075.929932 160 ) 
4 126 131 (256 -3456 73 ) (256 -3604.391602 73 ) (195.580109 -3468.840332 73 ) (224.431580 -3456 73 ) 
4 127 135 (160 -3563.616211 73 ) (160 -3776 73 ) (160 -3776 160 ) (160 -3563.616211 160 ) 
4 127 131 (160 -3776 73 ) (160 -3563.616211 73 ) (192 -3458.772949 73 ) (192 -3776 73 ) 
4 127 129 (192 -3458.772949 160 ) (192 -3458.772949 73 ) (191.186020 -3461.439941 73 ) (191.186005 -3461.439941 160 ) 
4 127 128 (190.016983 -3465.270020 73 ) (160 -3563.616211 73 ) (160 -3563.613281 160 ) (190.016922 -3465.270020 160 ) 
4 128 135 (160 -3456.088867 73 ) (160 -3563.616211 73 ) (160 -3563.616211 160 ) (160 -3456.088867 160 ) 
3 128 131 (160 -3563.616211 73 ) (160 -3456.088867 73 ) (190.016983 -3465.270020 73 ) 
4 129 131 (192 -3456 73 ) (192 -3458.772949 73 ) (191.186020 -3461.439941 73 ) (173.382111 -3456 73 ) 
4 129 130 (160 -3451.912109 73 ) (160.584885 -3452.090820 73 ) (160.584885 -3452.090820 160 ) (160 -3451.912109 160 ) 
4 131 135 (160 -3456 0 ) (160 -3776 0 ) (160 -3776 73 ) (160 -3456 73 ) 
4 131 132 (160 -3776 0 ) (160 -3456 0 ) (256 -3456 0 ) (256 -3776 0 ) 
4 132 135 (160 -3456 -64 ) (160 -3776 -64 ) (160 -3776 0 ) (160 -3456 0 ) 
4 132 133 (256 -3776 -64 ) (160 -3776 -64 ) (160 -3456 -64 ) (256 -3456 -64 ) 
4 133 135 (160 -3456 -304 ) (160 -3776 -304 ) (160 -3776 -64 ) (160 -3456 -64 ) 
4 133 134 (160 -3072 -64 ) (160 -3072 -304 ) (160 -3456 -304 ) (160 -3456 -64 ) 
4 134 139 (128 -3456 -304 ) (128 -3456 -64 ) (128 -3072 -64 ) (128 -3072 -304 ) 
4 134 135 (128 -3456 -64 ) (128 -3456 -304 ) (160 -3456 -304 ) (160 -3456 -64 ) 
4 135 141 (128 -3776 -304 ) (128 -3776 256 ) (128 -3456 256 ) (128 -3456 -304 ) 
4 136 138 (65.982819 -3073.739990 73 ) (82.237114 -3197.228760 73 ) (82.236977 -3197.229492 160 ) (65.982506 -3073.739990 160 ) 
4 136 137 (82.236328 -3197.230469 160 ) (82.236328 -3197.230469 73 ) (126.114769 -3073.330078 73 ) (126.115021 -3073.330322 160 ) 
4 137 138 (82.237114 -3197.228760 73 ) (115.771484 -3452 73 ) (115.771484 -3452 160 ) (82.236977 -3197.229492 160 ) 
4 139 141 (128 -3456 -304 ) (128 -3456 -64 ) (64 -3456 -64 ) (64 -3456 -304 ) 
4 139 140 (64 -3456 -304 ) (64 -3456 -64 ) (64 -3072 -64 ) (64 -3072 -304 ) 
4 140 153 (0 -3456 -304 ) (0 -3456 -64 ) (0 -3072 -64 ) (0 -3072 -304 ) 
4 140 141 (64 -3456 -304 ) (64 -3456 -64 ) (0 -3456 -64 ) (0 -3456 -304 ) 
4 141 153 (0 -3776 -304 ) (0 -3776 -64 ) (0 -3456 -64 ) (0 -3456 -304 ) 
4 141 152 (0 -3776 -64 ) (0 -3776 0 ) (0 -3456 0 ) (0 -3456 -64 ) 
4 141 151 (0 -3776 0 ) (0 -3776 128 ) (0 -3456 128 ) (0 -3456 0 ) 
4 141 149 (0 -3776 128 ) (0 -3776 256 ) (0 -3456 256 ) (0 -3456 128 ) 
4 142 144 (0 -2048 0 ) (0 -2048 960 ) (-1024 -2048 960 ) (-1024 -2048 0 ) 
4 142 143 (-1024 -1024 960 ) (-1024 -1024 0 ) (-1024 -2048 0 ) (-1024 -2048 960 ) 
4 143 165 (-2048 -2048 0 ) (-2048 -2048 960 ) (-2048 -1024 960 ) (-2048 -1024 0 ) 
4 143 145 (-1024 -2048 0 ) (-1024 -2048 960 ) (-2048 -2048 960 ) (-2048 -2048 0 ) 
4 144 148 (-256 -3072 256 ) (-1024 -3072 256 ) (-1024 -3072 128 ) (-256 -3072 128 ) 
4 144 147 (-256 -3072 384 ) (-1024 -3072 384 ) (-1024 -3072 256 ) (-256 -3072 256 ) 
4 144 146 (0 -3072 384 ) (0 -3072 960 ) (-1024 -3072 960 ) (-1024 -3072 384 ) 
4 144 145 (-1024 -3072 0 ) (-1024 -3072 960 ) (-1024 -2048 960 ) (-1024 -2048 0 ) 
4 145 167 (-2048 -3072 0 ) (-2048 -3072 960 ) (-2048 -2048 960 ) (-2048 -2048 0 ) 
4 145 154 (-2048 -3072 960 ) (-2048 -3072 128 ) (-1024 -3072 128 ) (-1024 -3072 960 ) 
4 146 154 (-1024 -3072 960 ) (-1024 -3072 384 ) (-1024 -3088 384 ) (-1024 -3088 960 ) 
4 146 155 (-1024 -3088 384 ) (-1024 -3456 384 ) (-1024 -3456 960 ) (-1024 -3088 960 ) 
4 146 149 (0 -3456 384 ) (0 -3456 960 ) (-1024 -3456 960 ) (-1024 -3456 384 ) 
4 146 147 (-768 -3456 384 ) (-1024 -3456 384 ) (-1024 -3072 384 ) (-256 -3072 384 ) 
4 147 154 (-1024 -3072 384 ) (-1024 -3072 256 ) (-1024 -3088 256 ) (-1024 -3088 384 ) 
4 147 155 (-1024 -3088 256 ) (-1024 -3456 256 ) (-1024 -3456 384 ) (-1024 -3088 384 ) 
4 147 149 (-768 -3456 384 ) (-1024 -3456 384 ) (-1024 -3456 256 ) (-768 -3456 256 ) 
4 147 148 (-768 -3456 256 ) (-1024 -3456 256 ) (-1024 -3072 256 ) (-256 -3072 256 ) 
4 148 154 (-1024 -3072 256 ) (-1024 -3072 128 ) (-1024 -3088 128 ) (-1024 -3088 256 ) 
4 148 155 (-1024 -3088 128 ) (-1024 -3456 128 ) (-1024 -3456 256 ) (-1024 -3088 256 ) 
4 148 150 (-1024 -3456 128 ) (-1024 -3088 128 ) (-277.333435 -3088 128 ) (-768 -3456 128 ) 
4 148 149 (-1024 -3456 128 ) (-768 -3456 128 ) (-768 -3456 256 ) (-1024 -3456 256 ) 
4 149 155 (-1024 -3456 128 ) (-1024 -3776 128 ) (-1024 -3776 960 ) (-1024 -3456 960 ) 
4 149 151 (-1024 -3776 128 ) (-1024 -3456 128 ) (0 -3456 128 ) (0 -3776 128 ) 
4 150 155 (-1024 -3088 0 ) (-1024 -3456 0 ) (-1024 -3456 128 ) (-1024 -3088 128 ) 
4 150 151 (-1024 -3456 0 ) (-768 -3456 0 ) (-768 -3456 128 ) (-1024 -3456 128 ) 
4 151 155 (-1024 -3456 0 ) (-1024 -3776 0 ) (-1024 -3776 128 ) (-1024 -3456 128 ) 
4 151 152 (-1024 -3776 0 ) (-1024 -3456 0 ) (0 -3456 0 ) (0 -3776 0 ) 
4 152 156 (-1024 -3456 -64 ) (-1024 -3776 -64 ) (-1024 -3776 0 ) (-1024 -3456 0 ) 
4 152 153 (0 -3776 -64 ) (-1024 -3776 -64 ) (-1024 -3456 -64 ) (0 -3456 -64 ) 
4 153 156 (-1024 -3072 -64 ) (-1024 -3072 -304 ) (-1024 -3776 -304 ) (-1024 -3776 -64 ) 
4 154 169 (-2048 -3088 960 ) (-2048 -3072 960 ) (-2048 -3072 128 ) (-2048 -3088 128 ) 
4 154 155 (-1024 -3088 128 ) (-1024 -3088 960 ) (-2048 -3088 960 ) (-2048 -3088 128 ) 
4 155 170 (-2048 -3776 0 ) (-2048 -3776 960 ) (-2048 -3088 960 ) (-2048 -3088 0 ) 
4 155 156 (-1024 -3776 0 ) (-2048 -3776 0 ) (-2048 -3088 0 ) (-1024 -3088 0 ) 
4 156 171 (-2048 -3776 -304 ) (-2048 -3776 0 ) (-2048 -3072 0 ) (-2048 -3072 -304 ) 
4 157 159 (-2048 2048 0 ) (-2048 2048 960 ) (-3072 2048 960 ) (-3072 2048 0 ) 
4 157 158 (-3072 2048 0 ) (-3072 2048 960 ) (-3072 3072 960 ) (-3072 3072 0 ) 
4 158 160 (-3072 2048 0 ) (-3072 2048 960 ) (-3136 2048 960 ) (-3136 2048 0 ) 
4 159 161 (-2048 1024 0 ) (-2048 1024 960 ) (-3072 1024 960 ) (-3072 1024 0 ) 
4 159 160 (-3072 2048 960 ) (-3072 2048 0 ) (-3072 1024 0 ) (-3072 1024 960 ) 
4 160 162 (-3072 1024 0 ) (-3072 1024 960 ) (-3136 1024 960 ) (-3136 1024 0 ) 
4 161 163 (-2048 0 0 ) (-2048 0 960 ) (-3072 0 960 ) (-3072 0 0 ) 
4 161 162 (-3072 1024 960 ) (-3072 1024 0 ) (-3072 0 0 ) (-3072 0 960 ) 
4 162 164 (-3072 0 0 ) (-3072 0 960 ) (-3136 0 960 ) (-3136 0 0 ) 
4 163 165 (-2048 -1024 0 ) (-2048 -1024 960 ) (-3072 -1024 960 ) (-3072 -1024 0 ) 
4 163 164 (-3072 0 960 ) (-3072 0 0 ) (-3072 -1024 0 ) (-3072 -1024 960 ) 
4 164 166 (-3072 -1024 0 ) (-3072 -1024 960 ) (-3136 -1024 960 ) (-3136 -1024 0 ) 
4 165 167 (-2048 -2048 0 ) (-2048 -2048 960 ) (-3072 -2048 960 ) (-3072 -2048 0 ) 
4 165 166 (-3072 -1024 960 ) (-3072 -1024 0 ) (-3072 -2048 0 ) (-3072 -2048 960 ) 
4 166 168 (-3072 -2048 0 ) (-3072 -2048 960 ) (-3136 -2048 960 ) (-3136 -2048 0 ) 
4 167 169 (-2048 -3072 128 ) (-2048 -3072 960 ) (-3072 -3072 960 ) (-3072 -3072 128 ) 
4 167 168 (-3072 -3072 0 ) (-3072 -3072 960 ) (-3072 -2048 960 ) (-3072 -2048 0 ) 
4 168 172 (-3072 -3072 128 ) (-3072 -3072 960 ) (-3136 -3072 960 ) (-3136 -3072 128 ) 
4 169 172 (-3072 -3072 960 ) (-3072 -3072 128 ) (-3072 -3088 128 ) (-3072 -3088 960 ) 
4 169 170 (-2048 -3088 128 ) (-2048 -3088 960 ) (-3072 -3088 960 ) (-3072 -3088 128 ) 
4 170 174 (-3072 -3088 0 ) (-3072 -3776 0 ) (-3072 -3776 960 ) (-3072 -3088 960 ) 
4 170 171 (-2048 -3776 0 ) (-3072 -3776 0 ) (-3072 -3088 0 ) (-2048 -3088 0 ) 
4 171 173 (-3072 -3072 0 ) (-3072 -3072 -304 ) (-3072 -3088 -304 ) (-3072 -3088 0 ) 
4 171 174 (-3072 -3088 -304 ) (-3072 -3776 -304 ) (-3072 -3776 0 ) (-3072 -3088 0 ) 
4 172 174 (-3136 -3088 960 ) (-3136 -3088 128 ) (-3072 -3088 128 ) (-3072 -3088 960 ) 
4 173 174 (-3136 -3088 0 ) (-3136 -3088 -304 ) (-3072 -3088 -304 ) (-3072 -3088 0 ) 
