PRT1
154
436
4 1 3 (3136 0 960 ) (3072 0 960 ) (3072 0 -64 ) (3136 0 -64 ) 
4 1 2 (3072 0 -64 ) (3072 0 960 ) (3072 1024 960 ) (3072 1024 -64 ) 
4 2 5 (2048 0 -64 ) (2048 0 960 ) (2048 1024 960 ) (2048 1024 -64 ) 
4 2 4 (3072 0 -64 ) (3072 0 960 ) (2048 0 960 ) (2048 0 -64 ) 
4 3 13 (3136 -1024 960 ) (3072 -1024 960 ) (3072 -1024 -64 ) (3136 -1024 -64 ) 
4 3 4 (3072 0 960 ) (3072 0 -64 ) (3072 -1024 -64 ) (3072 -1024 960 ) 
4 4 15 (3072 -1024 -64 ) (3072 -1024 960 ) (2048 -1024 960 ) (2048 -1024 -64 ) 
4 4 7 (2048 -1024 -64 ) (2048 -1024 960 ) (2048 0 960 ) (2048 0 -64 ) 
4 5 7 (2048 0 -64 ) (2048 0 960 ) (1024 0 960 ) (1024 0 -64 ) 
4 5 6 (1024 1024 960 ) (1024 1024 -64 ) (1024 0 -64 ) (1024 0 960 ) 
4 6 9 (0 1024 960 ) (0 1024 -64 ) (0 0 -64 ) (0 0 960 ) 
4 6 8 (1024 0 -64 ) (1024 0 960 ) (0 0 960 ) (0 0 -64 ) 
4 7 27 (2048 -1024 -64 ) (2048 -1024 0 ) (1024 -1024 0 ) (1024 -1024 -64 ) 
4 7 26 (1984 -1024 960 ) (1024 -1024 960 ) (1024 -1024 0 ) (1984 -1024 0 ) 
4 7 25 (2048 -1024 0 ) (2048 -1024 960 ) (1984 -1024 960 ) (1984 -1024 0 ) 
4 7 8 (1024 0 960 ) (1024 0 -64 ) (1024 -1024 -64 ) (1024 -1024 960 ) 
4 8 29 (1024 -1024 -64 ) (1024 -1024 0 ) (0 -1024 0 ) (0 -1024 -64 ) 
4 8 28 (1024 -1024 0 ) (1024 -1024 960 ) (0 -1024 960 ) (0 -1024 0 ) 
4 8 11 (0 -1024 -64 ) (0 -1024 960 ) (0 0 960 ) (0 0 -64 ) 
4 9 11 (0 0 -64 ) (0 0 960 ) (-1024 0 960 ) (-1024 0 -64 ) 
4 9 10 (-1024 1024 960 ) (-1024 1024 -64 ) (-1024 0 -64 ) (-1024 0 960 ) 
4 10 138 (-2048 0 -64 ) (-2048 0 960 ) (-2048 1024 960 ) (-2048 1024 -64 ) 
4 10 12 (-2048 0 960 ) (-2048 0 -64 ) (-1024 0 -64 ) (-1024 0 960 ) 
4 11 122 (0 -1024 -64 ) (0 -1024 0 ) (-1024 -1024 0 ) (-1024 -1024 -64 ) 
4 11 121 (0 -1024 0 ) (0 -1024 960 ) (-1024 -1024 960 ) (-1024 -1024 0 ) 
4 11 12 (-1024 0 960 ) (-1024 0 -64 ) (-1024 -1024 -64 ) (-1024 -1024 960 ) 
4 12 140 (-2048 -1024 -64 ) (-2048 -1024 960 ) (-2048 0 960 ) (-2048 0 -64 ) 
4 12 124 (-1024 -1024 -64 ) (-1024 -1024 0 ) (-2048 -1024 0 ) (-2048 -1024 -64 ) 
4 12 123 (-1024 -1024 0 ) (-1024 -1024 960 ) (-2048 -1024 960 ) (-2048 -1024 0 ) 
4 13 15 (3072 -1024 960 ) (3072 -1024 -64 ) (3072 -1856 -64 ) (3072 -1856 960 ) 
4 13 14 (3136 -1856 0 ) (3136 -1856 960 ) (3072 -1856 960 ) (3072 -1856 0 ) 
4 14 17 (3136 -2048 960 ) (3072 -2048 960 ) (3072 -2048 0 ) (3136 -2048 0 ) 
4 14 16 (3072 -2048 0 ) (3072 -2048 960 ) (3072 -1856 960 ) (3072 -1856 0 ) 
4 15 27 (2048 -1024 0 ) (2048 -1024 -64 ) (2048 -1856 -64 ) (2048 -1856 0 ) 
4 15 25 (2048 -1856 960 ) (2048 -1024 960 ) (2048 -1024 0 ) (2048 -1856 0 ) 
4 15 16 (3072 -1856 0 ) (3072 -1856 960 ) (2048 -1856 960 ) (2048 -1856 0 ) 
4 16 25 (2048 -2048 0 ) (2048 -2048 960 ) (2048 -1856 960 ) (2048 -1856 0 ) 
4 16 18 (3072 -2048 0 ) (3072 -2048 960 ) (2048 -2048 960 ) (2048 -2048 0 ) 
4 17 19 (3136 -3072 960 ) (3072 -3072 960 ) (3072 -3072 128 ) (3136 -3072 128 ) 
4 17 18 (3072 -2048 960 ) (3072 -2048 0 ) (3072 -3072 0 ) (3072 -3072 960 ) 
4 18 30 (2048 -3072 0 ) (2048 -3072 960 ) (2048 -2048 960 ) (2048 -2048 0 ) 
4 18 22 (3072 -3072 128 ) (3072 -3072 960 ) (2048 -3072 960 ) (2048 -3072 128 ) 
4 19 22 (3072 -3072 960 ) (3072 -3072 128 ) (3072 -3088 128 ) (3072 -3088 960 ) 
4 19 20 (3136 -3088 128 ) (3136 -3088 960 ) (3072 -3088 960 ) (3072 -3088 128 ) 
4 20 24 (3072 -3088 0 ) (3072 -3776 0 ) (3072 -3776 960 ) (3072 -3088 960 ) 
4 20 21 (3136 -3088 0 ) (3136 -3776 0 ) (3072 -3776 0 ) (3072 -3088 0 ) 
4 21 23 (3072 -3072 0 ) (3072 -3072 -304 ) (3072 -3088 -304 ) (3072 -3088 0 ) 
4 21 24 (3072 -3088 -304 ) (3072 -3776 -304 ) (3072 -3776 0 ) (3072 -3088 0 ) 
4 22 45 (2048 -3088 960 ) (2048 -3072 960 ) (2048 -3072 128 ) (2048 -3088 128 ) 
4 22 24 (3072 -3088 128 ) (3072 -3088 960 ) (2048 -3088 960 ) (2048 -3088 128 ) 
4 23 46 (2048 -3072 0 ) (2048 -3072 -304 ) (2048 -3088 -304 ) (2048 -3088 0 ) 
4 23 24 (2048 -3088 -304 ) (3072 -3088 -304 ) (3072 -3088 0 ) (2048 -3088 0 ) 
4 24 47 (2048 -3776 -304 ) (2048 -3776 128 ) (2048 -3088 128 ) (2048 -3088 -304 ) 
4 24 45 (2048 -3776 128 ) (2048 -3776 960 ) (2048 -3088 960 ) (2048 -3088 128 ) 
4 25 30 (2048 -2048 0 ) (2048 -2048 960 ) (1984 -2048 960 ) (1984 -2048 0 ) 
4 25 27 (1984 -1856 0 ) (1984 -1024 0 ) (2048 -1024 0 ) (2048 -1856 0 ) 
4 25 26 (1984 -1024 0 ) (1984 -2048 0 ) (1984 -2048 960 ) (1984 -1024 960 ) 
4 26 31 (1024 -2048 960 ) (1024 -2048 0 ) (1984 -2048 0 ) (1984 -2048 960 ) 
4 26 28 (1024 -1024 960 ) (1024 -1024 0 ) (1024 -2048 0 ) (1024 -2048 960 ) 
4 26 27 (1024 -1856 0 ) (1024 -1024 0 ) (1984 -1024 0 ) (1984 -1856 0 ) 
4 27 29 (1024 -1024 0 ) (1024 -1024 -64 ) (1024 -1856 -64 ) (1024 -1856 0 ) 
4 28 121 (0 -1024 960 ) (0 -1024 0 ) (0 -2048 0 ) (0 -2048 960 ) 
4 28 43 (753 -2048 160 ) (465.987244 -2048 160 ) (465.987213 -2048 73 ) (753 -2048 73 ) 
4 28 44 (465.987213 -2048 73 ) (465.987213 -2048 0 ) (753 -2048 0 ) (753 -2048 73 ) 
4 28 40 (788 -2048 160 ) (753 -2048 160 ) (753 -2048 0 ) (788 -2048 0 ) 
4 28 39 (1024 -2048 0 ) (1024 -2048 160 ) (788 -2048 160 ) (788 -2048 0 ) 
4 28 33 (465.987244 -2048 160 ) (0 -2048 160 ) (0 -2048 73 ) (465.987213 -2048 73 ) 
4 28 38 (0 -2048 73 ) (0 -2048 0 ) (465.987213 -2048 0 ) (465.987213 -2048 73 ) 
4 28 32 (1024 -2048 160 ) (1024 -2048 960 ) (0 -2048 960 ) (0 -2048 160 ) 
4 28 29 (0 -1024 0 ) (1024 -1024 0 ) (1024 -1856 0 ) (0 -1856 0 ) 
4 29 122 (0 -1024 0 ) (0 -1024 -64 ) (0 -1856 -64 ) (0 -1856 0 ) 
4 30 45 (2048 -3072 128 ) (2048 -3072 960 ) (1984 -3072 960 ) (1984 -3072 128 ) 
4 30 31 (1984 -2048 0 ) (1984 -3072 0 ) (1984 -3072 960 ) (1984 -2048 960 ) 
4 31 45 (1024 -3072 960 ) (1024 -3072 128 ) (1984 -3072 128 ) (1984 -3072 960 ) 
4 31 39 (1024 -3072 0 ) (1024 -3072 160 ) (1024 -2048 160 ) (1024 -2048 0 ) 
4 31 32 (1024 -3072 160 ) (1024 -3072 960 ) (1024 -2048 960 ) (1024 -2048 160 ) 
4 32 125 (0 -3072 160 ) (0 -3072 960 ) (0 -2048 960 ) (0 -2048 160 ) 
4 32 112 (0 -3072 960 ) (0 -3072 384 ) (224 -3072 384 ) (224 -3072 960 ) 
4 32 109 (256 -3072 384 ) (256 -3072 960 ) (224 -3072 960 ) (224 -3072 384 ) 
4 32 102 (513 -3072 160 ) (516 -3072 160 ) (516 -3072 192.048019 ) (513 -3072 192.048019 ) 
4 32 101 (273 -3072 249.154999 ) (273 -3072 192.048019 ) (497 -3072 192.048019 ) (497 -3072 249.154999 ) 
4 32 99 (513 -3072 384 ) (512 -3072 384 ) (512 -3072 256.048035 ) (513 -3072 256.048035 ) 
4 32 98 (516 -3072 192.048019 ) (516 -3072 384 ) (513 -3072 384 ) (513 -3072 192.048019 ) 
4 32 86 (516 -3072 160 ) (628 -3072 160 ) (628 -3072 256 ) (516 -3072 256 ) 
4 32 83 (628 -3072 160 ) (652 -3072 160 ) (652 -3072 256 ) (628 -3072 256 ) 
4 32 82 (652 -3072 160 ) (691.249023 -3072 160 ) (691.249023 -3072 256 ) (652 -3072 256 ) 
4 32 74 (691.249023 -3072 160 ) (752 -3072 160 ) (752 -3072 256 ) (691.249023 -3072 256 ) 
4 32 73 (628 -3072 384 ) (516 -3072 384 ) (516 -3072 256 ) (628 -3072 256 ) 
4 32 68 (752 -3072 256 ) (752 -3072 384 ) (628 -3072 384 ) (628 -3072 256 ) 
4 32 63 (652 -3072 386 ) (628 -3072 386 ) (628 -3072 384 ) (652 -3072 384 ) 
4 32 62 (752 -3072 384 ) (752 -3072 386 ) (652 -3072 386 ) (652 -3072 384 ) 
4 32 67 (628 -3072 386 ) (256 -3072 386 ) (256 -3072 384 ) (628 -3072 384 ) 
4 32 51 (752 -3072 160 ) (1024 -3072 160 ) (1024 -3072 386 ) (752 -3072 386 ) 
4 32 50 (1024 -3072 386 ) (1024 -3072 960 ) (256 -3072 960 ) (256 -3072 386 ) 
5 32 43 (465.987213 -2048 160 ) (753 -2048 160 ) (753 -3072 160 ) (224.256531 -3072 160 ) (193.607956 -3063.790039 160 ) 
3 32 42 (208.812805 -3072 160 ) (191.406555 -3072 160 ) (192.573044 -3067.649658 160 ) 
4 32 40 (753 -2048 160 ) (788 -2048 160 ) (788 -3072 160 ) (753 -3072 160 ) 
4 32 39 (788 -2048 160 ) (1024 -2048 160 ) (1024 -3072 160 ) (788 -3072 160 ) 
4 32 37 (57.840134 -3042.530029 160 ) (0 -2603.156006 160 ) (0 -2572.453857 160 ) (61.805927 -3042.010254 160 ) 
3 32 36 (61.719608 -3072 160 ) (0 -3072 160 ) (0 -2603.156006 160 ) 
4 32 35 (193.750549 -3063.258545 160 ) (191.406555 -3072 160 ) (130.830231 -3072 160 ) (140.566879 -3044.500000 160 ) 
4 32 34 (126.586006 -3072 160 ) (65.753380 -3072 160 ) (58.314995 -3015.488525 160 ) (136.796021 -3043.169922 160 ) 
5 32 33 (0 -2048 160 ) (465.987213 -2048 160 ) (193.750549 -3063.258545 160 ) (58.314995 -3015.488525 160 ) (0 -2572.453857 160 ) 
4 33 125 (0 -2572.453857 160 ) (0 -2048 160 ) (0 -2048 73 ) (0 -2572.453857 73 ) 
4 33 43 (465.987946 -2048 73 ) (465.988831 -2048 160 ) (193.752075 -3063.259033 160 ) (193.751068 -3063.258789 73 ) 
4 33 37 (0 -2572.456787 73 ) (58.314548 -3015.488525 73 ) (58.314312 -3015.488525 160 ) (0 -2572.458984 160 ) 
4 33 35 (140.567368 -3044.498779 73 ) (193.750870 -3063.257080 73 ) (193.750870 -3063.257080 160 ) (140.567368 -3044.498779 160 ) 
4 33 34 (58.312508 -3015.486328 160 ) (58.312504 -3015.486328 73 ) (136.796509 -3043.168701 73 ) (136.796509 -3043.168701 160 ) 
5 33 38 (465.986328 -2048 73 ) (193.749573 -3063.258301 73 ) (58.315002 -3015.488525 73 ) (0 -2572.453857 73 ) (0 -2048 73 ) 
4 34 116 (65.753380 -3072 73 ) (126.585999 -3072 73 ) (126.586006 -3072 160 ) (65.753380 -3072 160 ) 
4 34 37 (58.314548 -3015.488525 73 ) (61.805492 -3042.010254 73 ) (61.805275 -3042.010254 160 ) (58.314312 -3015.488525 160 ) 
4 34 38 (126.586006 -3072 73 ) (65.753387 -3072 73 ) (58.315002 -3015.488525 73 ) (136.796066 -3043.169922 73 ) 
4 35 43 (193.752075 -3063.259033 160 ) (193.609604 -3063.790283 160 ) (193.608597 -3063.790039 73 ) (193.751068 -3063.258789 73 ) 
4 35 42 (192.574600 -3067.650146 160 ) (191.408203 -3072 160 ) (191.407135 -3072 73 ) (192.573593 -3067.649902 73 ) 
4 35 38 (193.749573 -3063.258301 73 ) (191.405518 -3072 73 ) (130.830231 -3072 73 ) (140.566910 -3044.500000 73 ) 
4 36 125 (0 -3072 73 ) (0 -3072 160 ) (0 -2603.156006 160 ) (0 -2603.156006 73 ) 
4 36 37 (57.840427 -3042.530029 73 ) (0 -2603.153809 73 ) (0 -2603.152344 160 ) (57.840515 -3042.530029 160 ) 
3 36 38 (61.719616 -3072 73 ) (0 -3072 73 ) (0 -2603.156006 73 ) 
4 37 125 (0 -2603.156006 160 ) (0 -2572.453857 160 ) (0 -2572.453857 73 ) (0 -2603.156006 73 ) 
4 37 38 (57.840141 -3042.530029 73 ) (0 -2603.156006 73 ) (0 -2572.453857 73 ) (61.805935 -3042.010254 73 ) 
4 38 125 (0 -3072 0 ) (0 -3072 73 ) (0 -2048 73 ) (0 -2048 0 ) 
4 38 44 (191.406250 -3072 0 ) (465.987183 -2048 0 ) (465.987946 -2048 73 ) (191.407135 -3072 73 ) 
4 39 52 (1024 -3072 128 ) (1024 -3072 142 ) (788 -3072 142 ) (788 -3072 128 ) 
4 39 51 (1024 -3072 142 ) (1024 -3072 160 ) (788 -3072 160 ) (788 -3072 142 ) 
3 39 41 (788 -3030 0 ) (788 -3072 0 ) (788 -3072 142 ) 
5 39 40 (788 -2048 0 ) (788 -3030 0 ) (788 -3072 142 ) (788 -3072 160 ) (788 -2048 160 ) 
4 40 51 (788 -3072 142 ) (788 -3072 160 ) (753 -3072 160 ) (753 -3072 142 ) 
5 40 43 (753 -3051.591553 73 ) (753 -3072 142 ) (753 -3072 160 ) (753 -2048 160 ) (753 -2048 73 ) 
4 40 44 (753 -2048 0 ) (753 -3030 0 ) (753 -3051.591553 73 ) (753 -2048 73 ) 
4 40 41 (753 -3072 142 ) (753 -3030 0 ) (788 -3030 0 ) (788 -3072 141.996597 ) 
4 41 54 (788 -3072 128 ) (788 -3072 142 ) (753 -3072 142 ) (753 -3072 128 ) 
3 41 43 (753 -3072 73 ) (753 -3072 142 ) (753 -3051.591553 73 ) 
4 41 44 (753 -3030 0 ) (753 -3072 0 ) (753 -3072 73 ) (753 -3051.591553 73 ) 
4 42 113 (208.812805 -3072 160 ) (192 -3072 160 ) (192 -3072 73 ) (208.812775 -3072 73 ) 
3 42 44 (191.406250 -3072 73 ) (192.572739 -3067.649658 73 ) (208.812500 -3072 73 ) 
4 43 107 (256 -3072 128 ) (256 -3072 73 ) (512 -3072 73 ) (512 -3072 128 ) 
4 43 103 (513 -3072 128 ) (516 -3072 128 ) (516 -3072 144.048004 ) (513 -3072 144.048004 ) 
4 43 104 (256 -3072 144.048004 ) (256 -3072 128 ) (257 -3072 128 ) (257 -3072 144.048004 ) 
4 43 102 (516 -3072 160 ) (513 -3072 160 ) (513 -3072 144.048004 ) (516 -3072 144.048004 ) 
4 43 86 (628 -3072 160 ) (516 -3072 160 ) (516 -3072 128 ) (628 -3072 128 ) 
4 43 83 (652 -3072 160 ) (628 -3072 160 ) (628 -3072 128 ) (652 -3072 128 ) 
4 43 82 (691.249023 -3072 160 ) (652 -3072 160 ) (652 -3072 128 ) (691.249023 -3072 128 ) 
4 43 77 (691.249023 -3072 143.419006 ) (691.249023 -3072 128 ) (726.249023 -3072 128 ) (726.249023 -3072 143.419006 ) 
4 43 76 (752 -3072 128 ) (752 -3072 143.419006 ) (726.249023 -3072 143.419006 ) (726.249023 -3072 128 ) 
4 43 74 (752 -3072 160 ) (691.249023 -3072 160 ) (691.249023 -3072 143.419006 ) (752 -3072 143.419006 ) 
4 43 55 (753 -3072 128 ) (753 -3072 142 ) (752 -3072 142 ) (752 -3072 128 ) 
4 43 51 (753 -3072 142 ) (753 -3072 160 ) (752 -3072 160 ) (752 -3072 142 ) 
5 43 44 (193.607712 -3063.789795 73 ) (465.986572 -2048 73 ) (753 -2048 73 ) (753 -3072 73 ) (224.256226 -3072 73 ) 
4 44 107 (256 -3072 0 ) (512 -3072 0 ) (512 -3072 73 ) (256 -3072 73 ) 
4 45 110 (1024 -3456.010254 128 ) (1024 -3776 128 ) (1024 -3776 960 ) (1024 -3456.010254 960 ) 
4 45 61 (1024 -3440 128 ) (1024 -3456.010254 128 ) (1024 -3456.010254 255.967010 ) (1024 -3440 255.967010 ) 
4 45 60 (1024 -3344 128 ) (1024 -3440 128 ) (1024 -3440 255.967010 ) (1024 -3344 255.967010 ) 
4 45 58 (1024 -3088 128 ) (1024 -3344 128 ) (1024 -3344 255.967010 ) (1024 -3088 255.967010 ) 
4 45 57 (1024 -3456.010254 255.967010 ) (1024 -3456.010254 384 ) (1024 -3088 384 ) (1024 -3088 255.967010 ) 
4 45 56 (1024 -3456.010254 384 ) (1024 -3456.010254 386 ) (1024 -3088 386 ) (1024 -3088 384 ) 
4 45 52 (1024 -3072 142 ) (1024 -3072 128 ) (1024 -3088 128 ) (1024 -3088 142 ) 
4 45 51 (1024 -3072 386 ) (1024 -3072 142 ) (1024 -3088 142 ) (1024 -3088 386 ) 
4 45 50 (1024 -3072 960 ) (1024 -3072 386 ) (1024 -3456.010254 386 ) (1024 -3456.010254 960 ) 
4 45 49 (1040 -3776 128 ) (1024 -3776 128 ) (1024 -3456 128 ) (1040 -3456 128 ) 
4 45 47 (2048 -3776 128 ) (1040 -3776 128 ) (1040 -3088 128 ) (2048 -3088 128 ) 
4 46 111 (1024 -3072 -64 ) (1024 -3072 -304 ) (1024 -3088 -304 ) (1024 -3088 -64 ) 
4 46 48 (1024 -3088 -61.546398 ) (1024 -3088 -304 ) (1040 -3088 -304 ) (1040 -3088 -61.546398 ) 
4 46 47 (1040 -3088 -304 ) (2048 -3088 -304 ) (2048 -3088 0 ) (1040 -3088 0 ) 
4 47 48 (1040 -3088 -61.546398 ) (1040 -3088 -304 ) (1040 -3456 -304 ) (1040 -3456 -61.546398 ) 
4 47 49 (1040 -3456 -304 ) (1040 -3776 -304 ) (1040 -3776 128 ) (1040 -3456 128 ) 
4 48 111 (1024 -3088 -64 ) (1024 -3088 -304 ) (1024 -3456 -304 ) (1024 -3456 -64 ) 
4 48 49 (1024 -3456 -304 ) (1040 -3456 -304 ) (1040 -3456 -61.546398 ) (1024 -3456 -61.546398 ) 
4 49 111 (1024 -3776 -304 ) (1024 -3776 -64 ) (1024 -3456 -64 ) (1024 -3456 -304 ) 
4 49 110 (1024 -3776 -64 ) (1024 -3776 128 ) (1024 -3456 128 ) (1024 -3456 -64 ) 
4 50 110 (1024 -3456.010254 386 ) (1024 -3456.010254 960 ) (256 -3456.010254 960 ) (256 -3456.010254 386 ) 
4 50 109 (256 -3456.010254 386 ) (256 -3456.010254 960 ) (256 -3072 960 ) (256 -3072 386 ) 
5 50 65 (628 -3270 386 ) (628 -3242 386 ) (636 -3242 386 ) (652 -3264 386 ) (652 -3270 386 ) 
3 50 64 (636 -3242 386 ) (652 -3242 386 ) (652 -3264 386 ) 
4 50 63 (628 -3242 386 ) (628 -3072 386 ) (652 -3072 386 ) (652 -3242 386 ) 
4 50 66 (652 -3456.010254 386 ) (628 -3456.010254 386 ) (628 -3270 386 ) (652 -3270 386 ) 
4 50 62 (752 -3456.010254 386 ) (652 -3456.010254 386 ) (652 -3072 386 ) (752 -3072 386 ) 
4 50 67 (628 -3456.010254 386 ) (256 -3456.010254 386 ) (256 -3072 386 ) (628 -3072 386 ) 
4 50 56 (1024 -3456.010254 386 ) (752 -3456.010254 386 ) (752 -3088 386 ) (1024 -3088 386 ) 
4 50 51 (752 -3088 386 ) (752 -3072 386 ) (1024 -3072 386 ) (1024 -3088 386 ) 
4 51 76 (752 -3088 142 ) (752 -3088 143.419006 ) (752 -3072 143.419006 ) (752 -3072 142 ) 
4 51 74 (752 -3088 143.419006 ) (752 -3088 256 ) (752 -3072 256 ) (752 -3072 143.419006 ) 
4 51 68 (752 -3088 256 ) (752 -3088 384 ) (752 -3072 384 ) (752 -3072 256 ) 
4 51 62 (752 -3088 384 ) (752 -3088 386 ) (752 -3072 386 ) (752 -3072 384 ) 
4 51 59 (752 -3088 255.967010 ) (752 -3088 142 ) (784 -3088 142 ) (784 -3088 255.967010 ) 
4 51 58 (784 -3088 142 ) (1024 -3088 142 ) (1024 -3088 255.967010 ) (784 -3088 255.967010 ) 
4 51 57 (752 -3088 384 ) (752 -3088 255.967010 ) (1024 -3088 255.967010 ) (1024 -3088 384 ) 
4 51 56 (752 -3088 386 ) (752 -3088 384 ) (1024 -3088 384 ) (1024 -3088 386 ) 
4 51 55 (753 -3088 142 ) (752 -3088 142 ) (752 -3072 142 ) (753 -3072 142 ) 
4 51 54 (753 -3076 142 ) (753 -3072 142 ) (788 -3072 142 ) (788 -3076 142 ) 
4 51 53 (788 -3088 142 ) (753 -3088 142 ) (753 -3076 142 ) (788 -3076 142 ) 
4 51 52 (1024 -3088 142 ) (788 -3088 142 ) (788 -3072 142 ) (1024 -3072 142 ) 
4 52 58 (1024 -3088 128 ) (1024 -3088 142 ) (788 -3088 142 ) (788 -3088 128 ) 
4 52 54 (788 -3076 142 ) (788 -3072 142 ) (788 -3072 128 ) (788 -3075.605713 128 ) 
4 52 53 (788 -3088 128 ) (788 -3088 142 ) (788 -3076 142 ) (788 -3075.605713 128 ) 
4 53 59 (784 -3088 142 ) (753 -3088 142 ) (753 -3088 128 ) (784 -3088 128 ) 
4 53 58 (788 -3088 128 ) (788 -3088 142 ) (784 -3088 142 ) (784 -3088 128 ) 
4 53 55 (753 -3088 128 ) (753 -3088 142 ) (753 -3076 142 ) (753 -3075.605713 128 ) 
4 53 54 (788 -3076 142 ) (788 -3075.605713 128 ) (753 -3075.605713 128 ) (753 -3076 142 ) 
4 54 55 (753 -3076 142 ) (753 -3072 142 ) (753 -3072 128 ) (753 -3075.605713 128 ) 
4 55 76 (752 -3088 128 ) (752 -3088 142 ) (752 -3072 142 ) (752 -3072 128 ) 
4 55 59 (752 -3088 142 ) (752 -3088 128 ) (753 -3088 128 ) (753 -3088 142 ) 
4 56 110 (1024 -3456.010254 384 ) (1024 -3456.010254 386 ) (752 -3456.010254 386 ) (752 -3456.010254 384 ) 
4 56 62 (752 -3456.010254 384 ) (752 -3456.010254 386 ) (752 -3088 386 ) (752 -3088 384 ) 
5 56 57 (1024 -3456.010254 384 ) (768.006714 -3456.010254 384 ) (752 -3432 384 ) (752 -3088 384 ) (1024 -3088 384 ) 
4 57 110 (1024 -3456.010254 255.967010 ) (1024 -3456.010254 384 ) (768.006714 -3456.010254 384 ) (768.006653 -3456.010254 255.967010 ) 
4 57 69 (752 -3432 384 ) (752 -3242 384 ) (752 -3242 255.967010 ) (752 -3432 255.967010 ) 
4 57 68 (752 -3242 384 ) (752 -3088 384 ) (752 -3088 255.967010 ) (752 -3242 255.967010 ) 
4 57 61 (1024 -3456.010254 255.967010 ) (768.981262 -3456.010254 255.967010 ) (757.892700 -3440 255.967010 ) (1024 -3440 255.967010 ) 
5 57 60 (752 -3431.491943 255.967010 ) (752 -3344 255.967010 ) (1024 -3344 255.967010 ) (1024 -3440 255.967010 ) (757.892700 -3440 255.967010 ) 
4 57 59 (752 -3344 255.967010 ) (752 -3088 255.967010 ) (784 -3088 255.967010 ) (784 -3344 255.967010 ) 
4 57 58 (784 -3088 255.967010 ) (1024 -3088 255.967010 ) (1024 -3344 255.967010 ) (784 -3344 255.967010 ) 
4 58 60 (1024 -3344 255.967010 ) (784 -3344 255.967010 ) (784 -3344 0 ) (1024 -3344 0 ) 
4 58 59 (784 -3344 128 ) (784 -3344 255.967010 ) (784 -3088 255.967010 ) (784 -3088 128 ) 
4 59 89 (752 -3344 128 ) (752 -3344 255.967010 ) (752 -3270 255.967010 ) (752 -3270 128 ) 
4 59 79 (752 -3088 143.419006 ) (752 -3088 128 ) (752 -3094.710693 128 ) (752 -3090.150146 143.419006 ) 
4 59 75 (752 -3094.710693 128 ) (752 -3270 128 ) (752 -3270 143.419006 ) (752 -3090.150146 143.419006 ) 
4 59 74 (752 -3270 255.967010 ) (752 -3088 255.967010 ) (752 -3088 143.419006 ) (752 -3270 143.419006 ) 
4 59 60 (784 -3344 255.967010 ) (752 -3344 255.967010 ) (752 -3344 128 ) (784 -3344 128 ) 
4 60 92 (752 -3431.491943 0 ) (752 -3431.491943 128 ) (752 -3374.742432 128 ) (752 -3374.742432 0 ) 
4 60 91 (752 -3431.491943 128 ) (752 -3431.491943 255.967010 ) (752 -3374.742432 255.967010 ) (752 -3374.742432 128 ) 
4 60 89 (752 -3374.742432 255.967010 ) (752 -3344 255.967010 ) (752 -3344 128 ) (752 -3374.742432 128 ) 
4 60 90 (752 -3344 128 ) (752 -3344 0 ) (752 -3374.742432 0 ) (752 -3374.742432 128 ) 
4 60 61 (1024 -3440 255.967010 ) (757.892639 -3440 255.967010 ) (757.892639 -3440 128 ) (1024 -3440 128 ) 
4 61 110 (1024 -3456.010254 128 ) (1024 -3456.010254 255.967010 ) (768.981201 -3456.010254 255.967010 ) (768.981201 -3456.010254 128 ) 
4 62 110 (752 -3456.010254 384 ) (752 -3456.010254 386 ) (652 -3456.010254 386 ) (652 -3456.010254 384 ) 
4 62 69 (752 -3242 384 ) (752 -3432 384 ) (652 -3282 384 ) (652 -3242 384 ) 
4 62 68 (652 -3072 384 ) (752 -3072 384 ) (752 -3242 384 ) (652 -3242 384 ) 
4 62 65 (652 -3264 384 ) (652 -3270 384 ) (652 -3270 386 ) (652 -3264 386 ) 
4 62 64 (652 -3242 384 ) (652 -3264 384 ) (652 -3264 386 ) (652 -3242 386 ) 
4 62 63 (652 -3072 384 ) (652 -3242 384 ) (652 -3242 386 ) (652 -3072 386 ) 
4 62 66 (652 -3270 384 ) (652 -3456.010254 384 ) (652 -3456.010254 386 ) (652 -3270 386 ) 
4 63 68 (628 -3072 384 ) (652 -3072 384 ) (652 -3242 384 ) (628 -3242 384 ) 
4 63 65 (628 -3242 386 ) (628 -3242 384 ) (636 -3242 384 ) (636 -3242 386 ) 
4 63 64 (636 -3242 384 ) (652 -3242 384 ) (652 -3242 386 ) (636 -3242 386 ) 
4 63 67 (628 -3072 384 ) (628 -3242 384 ) (628 -3242 386 ) (628 -3072 386 ) 
3 64 70 (652 -3242 384 ) (652 -3264 384 ) (636 -3242 384 ) 
4 64 65 (636 -3242 386 ) (636 -3242 384 ) (652 -3264 384 ) (652 -3264 386 ) 
6 65 71 (652 -3264 384 ) (652 -3270 384 ) (644 -3270 384 ) (628 -3246 384 ) (628 -3242 384 ) (636 -3242 384 ) 
4 65 67 (628 -3242 384 ) (628 -3270 384 ) (628 -3270 386 ) (628 -3242 386 ) 
4 65 66 (628 -3270 386 ) (628 -3270 384 ) (652 -3270 384 ) (652 -3270 386 ) 
4 66 110 (652 -3456.010254 386 ) (628 -3456.010254 386 ) (628 -3456.010254 384 ) (652 -3456.010254 384 ) 
3 66 72 (652 -3270 384 ) (652 -3282 384 ) (644 -3270 384 ) 
4 66 67 (628 -3270 384 ) (628 -3456.010254 384 ) (628 -3456.010254 386 ) (628 -3270 386 ) 
4 67 110 (628 -3456.010254 386 ) (256 -3456.010254 386 ) (256 -3456.010254 384 ) (628 -3456.010254 384 ) 
4 67 109 (256 -3456.010254 384 ) (256 -3456.010254 386 ) (256 -3072 386 ) (256 -3072 384 ) 
4 67 100 (513 -3072 384 ) (516 -3076.519287 384 ) (516 -3078 384 ) (512.238831 -3072.358154 384 ) 
3 67 99 (512 -3072 384 ) (513 -3072 384 ) (512.238831 -3072.358154 384 ) 
3 67 98 (513 -3072 384 ) (516 -3072 384 ) (516 -3076.519287 384 ) 
4 67 73 (516 -3072 384 ) (628 -3072 384 ) (628 -3246 384 ) (516 -3078 384 ) 
4 68 83 (628 -3242 256 ) (628 -3072 256 ) (652 -3072 256 ) (652 -3242 256 ) 
4 68 82 (652 -3072 256 ) (691.249023 -3072 256 ) (691.249023 -3242 256 ) (652 -3242 256 ) 
4 68 74 (691.249023 -3072 256 ) (752 -3072 256 ) (752 -3242 256 ) (691.249023 -3242 256 ) 
4 68 73 (628 -3072 256 ) (628 -3242 256 ) (628 -3242 384 ) (628 -3072 384 ) 
4 68 71 (628 -3242 384 ) (628 -3242 256 ) (636 -3242 256 ) (636 -3242 384 ) 
4 68 70 (636 -3242 256 ) (652 -3242 256 ) (652 -3242 384 ) (636 -3242 384 ) 
4 68 69 (652 -3242 256 ) (752 -3242 256 ) (752 -3242 384 ) (652 -3242 384 ) 
4 69 91 (752 -3374.742432 256 ) (752 -3431.491943 256 ) (743.435303 -3419.125732 256 ) (725.581787 -3392.231201 256 ) 
5 69 89 (652 -3281.388428 256 ) (652 -3270 256 ) (752 -3270 256 ) (752 -3374.742432 256 ) (725.581787 -3392.231201 256 ) 
4 69 82 (652 -3270 256 ) (652 -3242 256 ) (691.249023 -3242 256 ) (691.249023 -3270 256 ) 
4 69 74 (691.249023 -3242 256 ) (752 -3242 256 ) (752 -3270 256 ) (691.249023 -3270 256 ) 
4 69 72 (652 -3270 256 ) (652 -3282 256 ) (652 -3282 384 ) (652 -3270 384 ) 
4 69 71 (652 -3264 256 ) (652 -3270 256 ) (652 -3270 384 ) (652 -3264 384 ) 
4 69 70 (652 -3242 384 ) (652 -3242 256 ) (652 -3264 256 ) (652 -3264 384 ) 
3 70 84 (636 -3242 256 ) (652 -3242 256 ) (652 -3264 256 ) 
4 70 71 (635.997864 -3242 384 ) (635.997864 -3242 256 ) (652 -3264.002197 256 ) (652 -3264.002197 384 ) 
6 71 85 (628 -3245.235107 256 ) (628 -3242 256 ) (636 -3242 256 ) (652 -3264 256 ) (652 -3270 256 ) (644.439880 -3270 256 ) 
4 71 73 (628 -3242 256 ) (628 -3246 256 ) (628 -3246 384 ) (628 -3242 384 ) 
4 71 72 (644 -3270 256 ) (652 -3270 256 ) (652 -3270 384 ) (644 -3270 384 ) 
3 72 89 (644.439880 -3270 256 ) (652 -3270 256 ) (652 -3281.388428 256 ) 
4 73 100 (516 -3078 384 ) (516 -3076.519287 384 ) (516 -3076.519287 256 ) (516 -3078 256 ) 
4 73 98 (516 -3076.519287 384 ) (516 -3072 384 ) (516 -3072 256 ) (516 -3076.519287 256 ) 
4 73 86 (516 -3076.519287 256 ) (516 -3072 256 ) (628 -3072 256 ) (628 -3245.235107 256 ) 
4 74 89 (752 -3270 143.419006 ) (752 -3270 256 ) (691.249023 -3270 256 ) (691.249023 -3270 143.419006 ) 
4 74 82 (691.249023 -3270 143.419006 ) (691.249023 -3270 256 ) (691.249023 -3072 256 ) (691.249023 -3072 143.419006 ) 
4 74 81 (691.249023 -3090.149902 143.419006 ) (691.249023 -3088 143.419006 ) (726.249023 -3088 143.419006 ) (726.249023 -3090.149902 143.419006 ) 
4 74 79 (726.249023 -3088 143.419006 ) (752 -3088 143.419006 ) (752 -3090.149902 143.419006 ) (726.249023 -3090.149902 143.419006 ) 
4 74 78 (691.249023 -3088 143.419006 ) (691.249023 -3086.149902 143.419006 ) (726.249023 -3086.149902 143.419006 ) (726.249023 -3088 143.419006 ) 
4 74 77 (691.249023 -3086.149902 143.419006 ) (691.249023 -3072 143.419006 ) (726.249023 -3072 143.419006 ) (726.249023 -3086.149902 143.419006 ) 
4 74 76 (726.249023 -3072 143.419006 ) (752 -3072 143.419006 ) (752 -3088 143.419006 ) (726.249023 -3088 143.419006 ) 
4 74 75 (752 -3270 143.419006 ) (691.249023 -3270 143.419006 ) (691.249023 -3090.149902 143.419006 ) (752 -3090.149902 143.419006 ) 
4 75 89 (752 -3270 128 ) (752 -3270 143.419006 ) (691.249023 -3270 143.419006 ) (691.249023 -3270 128 ) 
4 75 90 (691.249023 -3270 1.419310 ) (752 -3270 1.419310 ) (752 -3270 128 ) (691.249023 -3270 128 ) 
4 75 88 (752 -3270 1.419310 ) (691.249023 -3270 1.419310 ) (691.249023 -3132.149902 1.419310 ) (752 -3132.149902 1.419310 ) 
4 75 87 (691.249023 -3132.149902 1.419310 ) (691.249023 -3270 1.419310 ) (691.249023 -3270 128 ) (691.249023 -3094.710449 128 ) 
4 75 82 (691.249023 -3270 128 ) (691.249023 -3270 143.419006 ) (691.249023 -3090.149902 143.419006 ) (691.249023 -3094.710449 128 ) 
4 75 81 (726.249023 -3132.150391 1.419310 ) (691.249023 -3132.150391 1.419310 ) (691.249023 -3090.149902 143.419006 ) (726.249023 -3090.149902 143.419006 ) 
4 75 79 (752 -3132.150391 1.419310 ) (726.249023 -3132.150391 1.419310 ) (726.249023 -3090.149902 143.419006 ) (752 -3090.149902 143.419006 ) 
4 76 79 (752 -3088 143.419006 ) (726.249023 -3088 143.419006 ) (726.249023 -3088 128 ) (752 -3088 128 ) 
4 76 78 (726.249023 -3088 128 ) (726.249023 -3088 143.419006 ) (726.249023 -3086.149902 143.419006 ) (726.249023 -3086.584229 128 ) 
4 76 77 (726.249023 -3086.149902 143.419006 ) (726.249023 -3072 143.419006 ) (726.249023 -3072 128 ) (726.249023 -3086.584229 128 ) 
4 77 82 (691.249023 -3086.149902 143.419006 ) (691.249023 -3072 143.419006 ) (691.249023 -3072 128 ) (691.249023 -3086.584229 128 ) 
4 77 78 (691.249023 -3086.584229 128 ) (726.249023 -3086.584229 128 ) (726.249023 -3086.149902 143.419006 ) (691.249023 -3086.149902 143.419006 ) 
4 78 82 (691.249023 -3088 128 ) (691.249023 -3088 143.419006 ) (691.249023 -3086.149902 143.419006 ) (691.249023 -3086.584229 128 ) 
4 78 81 (726.249023 -3088 143.419006 ) (691.249023 -3088 143.419006 ) (691.249023 -3088 128 ) (726.249023 -3088 128 ) 
4 79 88 (726.249023 -3088 1.419310 ) (752 -3088 1.419310 ) (752 -3132.149902 1.419310 ) (726.249023 -3132.149902 1.419310 ) 
5 79 81 (726.249023 -3088 143.419006 ) (726.249023 -3088 77.738617 ) (726.249023 -3090.149902 1.419310 ) (726.249023 -3132.152344 1.419310 ) (726.249023 -3090.152344 143.419006 ) 
3 79 80 (726.249023 -3088 77.738617 ) (726.249023 -3088 1.419310 ) (726.249023 -3090.149902 1.419310 ) 
4 80 88 (691.249023 -3090.149902 1.419310 ) (691.249023 -3088 1.419310 ) (726.249023 -3088 1.419310 ) (726.249023 -3090.149902 1.419310 ) 
3 80 87 (691.249023 -3088 1.419310 ) (691.249023 -3090.149902 1.419310 ) (691.249023 -3088 77.738617 ) 
4 80 81 (726.249023 -3090.149902 1.419310 ) (726.249023 -3088 77.742188 ) (691.249023 -3088 77.742188 ) (691.249023 -3090.149902 1.419310 ) 
4 81 88 (691.249023 -3132.149902 1.419310 ) (691.249023 -3090.149902 1.419310 ) (726.249023 -3090.149902 1.419310 ) (726.249023 -3132.149902 1.419310 ) 
5 81 87 (691.249023 -3090.149902 1.419310 ) (691.249023 -3132.149902 1.419310 ) (691.249023 -3094.710449 128 ) (691.249023 -3088 128 ) (691.249023 -3088 77.738617 ) 
4 81 82 (691.249023 -3094.710449 128 ) (691.249023 -3090.149902 143.419006 ) (691.249023 -3088 143.419006 ) (691.249023 -3088 128 ) 
4 82 89 (652 -3270 128 ) (691.249023 -3270 128 ) (691.249023 -3270 256 ) (652 -3270 256 ) 
4 82 87 (691.249023 -3088 128 ) (691.249023 -3270 128 ) (652 -3270 128 ) (652 -3088 128 ) 
4 82 85 (652 -3264 128 ) (652 -3270 128 ) (652 -3270 256 ) (652 -3264 256 ) 
4 82 84 (652 -3242 128 ) (652 -3264 128 ) (652 -3264 256 ) (652 -3242 256 ) 
4 82 83 (652 -3072 128 ) (652 -3242 128 ) (652 -3242 256 ) (652 -3072 256 ) 
4 83 87 (628 -3242 128 ) (628 -3088 128 ) (652 -3088 128 ) (652 -3242 128 ) 
4 83 86 (628 -3072 128 ) (628 -3242 128 ) (628 -3242 256 ) (628 -3072 256 ) 
4 83 85 (628 -3242 256 ) (628 -3242 128 ) (636 -3242 128 ) (636 -3242 256 ) 
4 83 84 (636 -3242 128 ) (652 -3242 128 ) (652 -3242 256 ) (636 -3242 256 ) 
3 84 87 (636 -3242 128 ) (652 -3242 128 ) (652 -3264 128 ) 
4 84 85 (635.996948 -3242 256 ) (635.996948 -3242 128 ) (652 -3264.003418 128 ) (652 -3264.003418 256 ) 
4 85 89 (644.439880 -3270 128 ) (652 -3270 128 ) (652 -3270 256 ) (644.439880 -3270 256 ) 
6 85 87 (652 -3270 128 ) (644.439880 -3270 128 ) (628 -3245.235107 128 ) (628 -3242 128 ) (636 -3242 128 ) (652 -3264 128 ) 
4 85 86 (628 -3242 128 ) (628 -3245.235107 128 ) (628 -3245.235107 256 ) (628 -3242 256 ) 
4 86 103 (516 -3072 144.048004 ) (516 -3072 128 ) (516 -3076.519043 128 ) (516 -3076.519043 144.048004 ) 
4 86 102 (516 -3072 192.048019 ) (516 -3072 144.048004 ) (516 -3076.519043 144.048004 ) (516 -3076.519043 192.048019 ) 
4 86 98 (516 -3076.519043 256 ) (516 -3072 256 ) (516 -3072 192.048019 ) (516 -3076.519043 192.048019 ) 
3 86 87 (628 -3088 128 ) (628 -3245.235107 128 ) (523.621460 -3088 128 ) 
4 87 94 (516 -3105.661377 128 ) (516 -3105.677002 1.419310 ) (624.749756 -3270 1.419310 ) (624.760071 -3270 128 ) 
4 87 90 (624.758423 -3270 128 ) (624.748108 -3270 1.419310 ) (691.249023 -3270 1.419310 ) (691.249023 -3270 128 ) 
5 87 88 (691.249023 -3270 1.419310 ) (624.750000 -3270 1.419310 ) (516 -3105.676758 1.419310 ) (516 -3088 1.419310 ) (691.249023 -3088 1.419310 ) 
4 88 94 (516 -3105.677002 1.419310 ) (516 -3105.677246 0 ) (624.749634 -3270 0 ) (624.749756 -3270 1.419310 ) 
4 88 90 (624.748108 -3270 1.419310 ) (624.747986 -3270 0 ) (752 -3270 0 ) (752 -3270 1.419310 ) 
4 89 91 (725.581787 -3392.231445 128 ) (752 -3374.742920 128 ) (752 -3374.742920 256 ) (725.581726 -3392.231445 256 ) 
4 89 90 (752 -3374.739502 128 ) (725.580322 -3392.229248 128 ) (644.439819 -3270 128 ) (752 -3270 128 ) 
4 90 97 (667.566467 -3334.697021 0 ) (711.717224 -3401.409668 0 ) (711.723145 -3401.405762 104 ) (667.571045 -3334.691162 104 ) 
4 90 94 (624.760071 -3270 128 ) (624.749634 -3270 0 ) (667.566467 -3334.697021 0 ) (667.572083 -3334.689697 128 ) 
4 90 92 (725.051453 -3392.582520 0 ) (752 -3374.742920 0 ) (752 -3374.742920 128 ) (725.051575 -3392.582520 128 ) 
4 91 92 (725.582947 -3392.233154 128 ) (752 -3374.745361 128 ) (752 -3431.491943 128 ) (743.437561 -3419.129150 128 ) 
4 93 95 (732.477844 -3440 128 ) (516 -3440 128 ) (516 -3434.829102 128 ) (664.228394 -3336.899170 128 ) 
3 93 94 (516 -3434.829102 128 ) (516 -3110.445312 128 ) (664.599670 -3336.653809 128 ) 
4 94 97 (664.295593 -3336.860107 0 ) (667.566406 -3334.699219 0 ) (667.566406 -3334.692871 104 ) (664.292664 -3336.855713 104 ) 
4 94 96 (516 -3434.835938 0 ) (664.295593 -3336.860107 0 ) (664.292664 -3336.855713 104 ) (516 -3434.828369 104 ) 
4 94 95 (664.227234 -3336.897461 128 ) (516 -3434.826660 128 ) (516 -3434.828369 104 ) (664.228088 -3336.898438 104 ) 
4 95 96 (516 -3434.828369 104 ) (664.228516 -3336.899170 104 ) (732.477722 -3440 104 ) (516 -3440 104 ) 
4 96 97 (708.391418 -3403.611084 0 ) (664.294312 -3336.857422 0 ) (664.292969 -3336.855469 104 ) (708.391846 -3403.610840 104 ) 
3 98 102 (513 -3072 192.048019 ) (516 -3072 192.048019 ) (516 -3076.519287 192.048019 ) 
4 98 100 (516 -3076.523682 256 ) (516 -3076.523682 384 ) (512.997009 -3072 384 ) (512.997009 -3072 256 ) 
4 99 100 (512.239258 -3072.358887 256.048035 ) (513 -3072 256.048035 ) (513 -3072 384 ) (512.239258 -3072.358887 384 ) 
4 101 105 (273 -3080 249.154999 ) (273 -3080 192.048019 ) (496 -3080 192.048019 ) (496 -3080 249.154999 ) 
3 102 103 (513 -3072 144.048004 ) (516 -3072 144.048004 ) (516 -3076.519287 144.048004 ) 
4 104 107 (256 -3080 128 ) (256 -3072 128 ) (257 -3072 128 ) (257 -3080 128 ) 
4 104 106 (256 -3080 128 ) (257 -3080 128 ) (257 -3080 144.048004 ) (256 -3080 144.048004 ) 
4 105 106 (256 -3448 144.048004 ) (256 -3080 144.048004 ) (257 -3080 144.048004 ) (257 -3448 144.048004 ) 
4 106 110 (257 -3456.010254 144.048004 ) (256 -3456.010254 144.048004 ) (256 -3456.010254 128 ) (257 -3456.010254 128 ) 
4 106 108 (256 -3456.010254 128 ) (256 -3088 128 ) (257 -3088 128 ) (257 -3456.010254 128 ) 
4 106 107 (256 -3088 128 ) (256 -3080 128 ) (257 -3080 128 ) (257 -3088 128 ) 
4 107 108 (256 -3088 0 ) (512 -3088 0 ) (512 -3088 128 ) (256 -3088 128 ) 
4 108 110 (512 -3456.010254 128 ) (256 -3456.010254 128 ) (256 -3456.010254 0 ) (512 -3456.010254 0 ) 
4 109 112 (224 -3456.010254 960 ) (224 -3072 960 ) (224 -3072 384 ) (224 -3456.010254 384 ) 
4 109 110 (256 -3456.010254 384 ) (256 -3456.010254 960 ) (224 -3456.010254 960 ) (224 -3456.010254 384 ) 
4 110 120 (224 -3776 960 ) (224 -3456.010254 960 ) (224 -3456.010254 -64 ) (224 -3776 -64 ) 
4 110 111 (224 -3776 -64 ) (224 -3456.010254 -64 ) (1024 -3456.010254 -64 ) (1024 -3776 -64 ) 
4 111 120 (224 -3776 -304 ) (224 -3776 -64 ) (224 -3456 -64 ) (224 -3456 -304 ) 
4 111 119 (224 -3456 -64 ) (224 -3072 -64 ) (224 -3072 -304 ) (224 -3456 -304 ) 
4 112 127 (0 -3456 384 ) (0 -3456 960 ) (0 -3072 960 ) (0 -3072 384 ) 
4 112 120 (224 -3456 384 ) (224 -3456 960 ) (0 -3456 960 ) (0 -3456 384 ) 
4 113 115 (192 -3076 73 ) (192 -3452 73 ) (192 -3452 160 ) (192 -3076 160 ) 
4 113 114 (224 -3076.068115 73 ) (223.483017 -3075.929688 73 ) (223.483017 -3075.929688 160 ) (224 -3076.068115 160 ) 
4 116 118 (82.236717 -3197.228516 73 ) (126.114349 -3073.330078 73 ) (126.114349 -3073.330078 160 ) (82.236717 -3197.228516 160 ) 
4 116 117 (65.982727 -3073.739990 73 ) (82.237549 -3197.232422 73 ) (82.237549 -3197.232422 160 ) (65.982727 -3073.739746 160 ) 
4 117 118 (64 -3248.723877 160 ) (64 -3248.723877 73 ) (82.236717 -3197.228516 73 ) (82.236717 -3197.228516 160 ) 
4 119 134 (0 -3456 -304 ) (0 -3456 -64 ) (0 -3072 -64 ) (0 -3072 -304 ) 
4 119 120 (224 -3456 -304 ) (224 -3456 -64 ) (0 -3456 -64 ) (0 -3456 -304 ) 
4 120 134 (0 -3776 -304 ) (0 -3776 -64 ) (0 -3456 -64 ) (0 -3456 -304 ) 
4 120 133 (0 -3776 -64 ) (0 -3776 0 ) (0 -3456 0 ) (0 -3456 -64 ) 
4 120 132 (0 -3776 0 ) (0 -3776 128 ) (0 -3456 128 ) (0 -3456 0 ) 
4 120 130 (0 -3776 128 ) (0 -3776 960 ) (0 -3456 960 ) (0 -3456 128 ) 
4 121 125 (0 -2048 0 ) (0 -2048 960 ) (-1024 -2048 960 ) (-1024 -2048 0 ) 
4 121 123 (-1024 -1024 960 ) (-1024 -1024 0 ) (-1024 -2048 0 ) (-1024 -2048 960 ) 
4 121 122 (-1024 -1856 0 ) (-1024 -1024 0 ) (0 -1024 0 ) (0 -1856 0 ) 
4 122 124 (-1024 -1024 0 ) (-1024 -1024 -64 ) (-1024 -1856 -64 ) (-1024 -1856 0 ) 
4 123 142 (-2048 -2048 0 ) (-2048 -2048 960 ) (-2048 -1024 960 ) (-2048 -1024 0 ) 
4 123 126 (-1024 -2048 0 ) (-1024 -2048 960 ) (-2048 -2048 960 ) (-2048 -2048 0 ) 
4 123 124 (-1024 -1024 0 ) (-1024 -1856 0 ) (-2048 -1856 0 ) (-2048 -1024 0 ) 
4 124 143 (-2048 -1856 0 ) (-2048 -1024 0 ) (-2048 -1024 -64 ) (-2048 -1856 -64 ) 
4 125 129 (-256 -3072 256 ) (-1024 -3072 256 ) (-1024 -3072 128 ) (-256 -3072 128 ) 
4 125 128 (-256 -3072 384 ) (-1024 -3072 384 ) (-1024 -3072 256 ) (-256 -3072 256 ) 
4 125 127 (0 -3072 384 ) (0 -3072 960 ) (-1024 -3072 960 ) (-1024 -3072 384 ) 
4 125 126 (-1024 -3072 0 ) (-1024 -3072 960 ) (-1024 -2048 960 ) (-1024 -2048 0 ) 
4 126 146 (-2048 -3072 0 ) (-2048 -3072 960 ) (-2048 -2048 960 ) (-2048 -2048 0 ) 
4 126 135 (-2048 -3072 960 ) (-2048 -3072 128 ) (-1024 -3072 128 ) (-1024 -3072 960 ) 
4 127 135 (-1024 -3072 960 ) (-1024 -3072 384 ) (-1024 -3088 384 ) (-1024 -3088 960 ) 
4 127 136 (-1024 -3088 384 ) (-1024 -3456 384 ) (-1024 -3456 960 ) (-1024 -3088 960 ) 
4 127 130 (0 -3456 384 ) (0 -3456 960 ) (-1024 -3456 960 ) (-1024 -3456 384 ) 
4 127 128 (-768 -3456 384 ) (-1024 -3456 384 ) (-1024 -3072 384 ) (-256 -3072 384 ) 
4 128 135 (-1024 -3072 384 ) (-1024 -3072 256 ) (-1024 -3088 256 ) (-1024 -3088 384 ) 
4 128 136 (-1024 -3088 256 ) (-1024 -3456 256 ) (-1024 -3456 384 ) (-1024 -3088 384 ) 
4 128 130 (-768 -3456 384 ) (-1024 -3456 384 ) (-1024 -3456 256 ) (-768 -3456 256 ) 
4 128 129 (-768 -3456 256 ) (-1024 -3456 256 ) (-1024 -3072 256 ) (-256 -3072 256 ) 
4 129 135 (-1024 -3072 256 ) (-1024 -3072 128 ) (-1024 -3088 128 ) (-1024 -3088 256 ) 
4 129 136 (-1024 -3088 128 ) (-1024 -3456 128 ) (-1024 -3456 256 ) (-1024 -3088 256 ) 
4 129 131 (-1024 -3456 128 ) (-1024 -3088 128 ) (-277.333435 -3088 128 ) (-768 -3456 128 ) 
4 129 130 (-1024 -3456 128 ) (-768 -3456 128 ) (-768 -3456 256 ) (-1024 -3456 256 ) 
4 130 136 (-1024 -3456 128 ) (-1024 -3776 128 ) (-1024 -3776 960 ) (-1024 -3456 960 ) 
4 130 132 (-1024 -3776 128 ) (-1024 -3456 128 ) (0 -3456 128 ) (0 -3776 128 ) 
4 131 136 (-1024 -3088 0 ) (-1024 -3456 0 ) (-1024 -3456 128 ) (-1024 -3088 128 ) 
4 131 132 (-1024 -3456 0 ) (-768 -3456 0 ) (-768 -3456 128 ) (-1024 -3456 128 ) 
4 132 136 (-1024 -3456 0 ) (-1024 -3776 0 ) (-1024 -3776 128 ) (-1024 -3456 128 ) 
4 132 133 (-1024 -3776 0 ) (-1024 -3456 0 ) (0 -3456 0 ) (0 -3776 0 ) 
4 133 137 (-1024 -3456 -64 ) (-1024 -3776 -64 ) (-1024 -3776 0 ) (-1024 -3456 0 ) 
4 133 134 (0 -3776 -64 ) (-1024 -3776 -64 ) (-1024 -3456 -64 ) (0 -3456 -64 ) 
4 134 137 (-1024 -3072 -64 ) (-1024 -3072 -304 ) (-1024 -3776 -304 ) (-1024 -3776 -64 ) 
4 135 148 (-2048 -3088 960 ) (-2048 -3072 960 ) (-2048 -3072 128 ) (-2048 -3088 128 ) 
4 135 136 (-1024 -3088 128 ) (-1024 -3088 960 ) (-2048 -3088 960 ) (-2048 -3088 128 ) 
4 136 149 (-2048 -3776 0 ) (-2048 -3776 960 ) (-2048 -3088 960 ) (-2048 -3088 0 ) 
4 136 137 (-1024 -3776 0 ) (-2048 -3776 0 ) (-2048 -3088 0 ) (-1024 -3088 0 ) 
4 137 150 (-2048 -3776 -304 ) (-2048 -3776 0 ) (-2048 -3072 0 ) (-2048 -3072 -304 ) 
4 138 140 (-2048 0 -64 ) (-2048 0 960 ) (-3072 0 960 ) (-3072 0 -64 ) 
4 138 139 (-3072 1024 960 ) (-3072 1024 -64 ) (-3072 0 -64 ) (-3072 0 960 ) 
4 139 141 (-3072 0 -64 ) (-3072 0 960 ) (-3136 0 960 ) (-3136 0 -64 ) 
4 140 143 (-2048 -1024 -64 ) (-2048 -1024 0 ) (-3072 -1024 0 ) (-3072 -1024 -64 ) 
4 140 142 (-2048 -1024 0 ) (-2048 -1024 960 ) (-3072 -1024 960 ) (-3072 -1024 0 ) 
4 140 141 (-3072 0 960 ) (-3072 0 -64 ) (-3072 -1024 -64 ) (-3072 -1024 960 ) 
4 141 144 (-3072 -1024 -64 ) (-3072 -1024 960 ) (-3136 -1024 960 ) (-3136 -1024 -64 ) 
4 142 146 (-2048 -2048 0 ) (-2048 -2048 960 ) (-3072 -2048 960 ) (-3072 -2048 0 ) 
4 142 145 (-3072 -1856 0 ) (-3072 -2048 0 ) (-3072 -2048 960 ) (-3072 -1856 960 ) 
4 142 144 (-3072 -1024 960 ) (-3072 -1024 0 ) (-3072 -1856 0 ) (-3072 -1856 960 ) 
4 142 143 (-3072 -1856 0 ) (-3072 -1024 0 ) (-2048 -1024 0 ) (-2048 -1856 0 ) 
4 143 144 (-3072 -1024 0 ) (-3072 -1024 -64 ) (-3072 -1856 -64 ) (-3072 -1856 0 ) 
4 144 145 (-3136 -1856 960 ) (-3136 -1856 0 ) (-3072 -1856 0 ) (-3072 -1856 960 ) 
4 145 147 (-3072 -2048 0 ) (-3072 -2048 960 ) (-3136 -2048 960 ) (-3136 -2048 0 ) 
4 146 148 (-2048 -3072 128 ) (-2048 -3072 960 ) (-3072 -3072 960 ) (-3072 -3072 128 ) 
4 146 147 (-3072 -3072 0 ) (-3072 -3072 960 ) (-3072 -2048 960 ) (-3072 -2048 0 ) 
4 147 151 (-3072 -3072 128 ) (-3072 -3072 960 ) (-3136 -3072 960 ) (-3136 -3072 128 ) 
4 148 151 (-3072 -3072 960 ) (-3072 -3072 128 ) (-3072 -3088 128 ) (-3072 -3088 960 ) 
4 148 149 (-2048 -3088 128 ) (-2048 -3088 960 ) (-3072 -3088 960 ) (-3072 -3088 128 ) 
4 149 153 (-3072 -3088 0 ) (-3072 -3776 0 ) (-3072 -3776 960 ) (-3072 -3088 960 ) 
4 149 150 (-2048 -3776 0 ) (-3072 -3776 0 ) (-3072 -3088 0 ) (-2048 -3088 0 ) 
4 150 152 (-3072 -3072 0 ) (-3072 -3072 -304 ) (-3072 -3088 -304 ) (-3072 -3088 0 ) 
4 150 153 (-3072 -3088 -304 ) (-3072 -3776 -304 ) (-3072 -3776 0 ) (-3072 -3088 0 ) 
4 151 153 (-3136 -3088 960 ) (-3136 -3088 128 ) (-3072 -3088 128 ) (-3072 -3088 960 ) 
4 152 153 (-3136 -3088 0 ) (-3136 -3088 -304 ) (-3072 -3088 -304 ) (-3072 -3088 0 ) 
