PRT1
140
348
4 0 3 (5536.620117 4096 984.353027 ) (5120 4096 984.353027 ) (5120 4096 -284.352997 ) (5536.620117 4096 -284.352997 ) 
4 0 2 (5120 4096 -284.352997 ) (5120 4096 984.353027 ) (5120 4237.580078 984.353027 ) (5120 4237.580078 -284.352997 ) 
4 2 9 (4096 4096 -284.352997 ) (4096 4096 984.353027 ) (4096 4237.580078 984.353027 ) (4096 4237.580078 -284.352997 ) 
4 2 4 (5120 4096 -284.352997 ) (5120 4096 984.353027 ) (4096 4096 984.353027 ) (4096 4096 -284.352997 ) 
4 3 5 (5536.620117 3072 984.353027 ) (5120 3072 984.353027 ) (5120 3072 -284.352997 ) (5536.620117 3072 -284.352997 ) 
4 3 4 (5120 4096 984.353027 ) (5120 4096 -284.352997 ) (5120 3072 -284.352997 ) (5120 3072 984.353027 ) 
4 4 12 (4096 3072 -284.352997 ) (4096 3072 984.353027 ) (4096 4096 984.353027 ) (4096 4096 -284.352997 ) 
4 4 6 (4096 3072 984.353027 ) (4096 3072 -284.352997 ) (5120 3072 -284.352997 ) (5120 3072 984.353027 ) 
4 5 7 (5536.620117 2048 984.353027 ) (5120 2048 984.353027 ) (5120 2048 -284.352997 ) (5536.620117 2048 -284.352997 ) 
4 5 6 (5120 3072 984.353027 ) (5120 3072 -284.352997 ) (5120 2048 -284.352997 ) (5120 2048 984.353027 ) 
4 6 15 (4096 2048 -284.352997 ) (4096 2048 984.353027 ) (4096 3072 984.353027 ) (4096 3072 -284.352997 ) 
4 6 8 (4096 2048 984.353027 ) (4096 2048 -284.352997 ) (5120 2048 -284.352997 ) (5120 2048 984.353027 ) 
4 7 21 (5536.620117 1024 984.353027 ) (5120 1024 984.353027 ) (5120 1024 -284.352997 ) (5536.620117 1024 -284.352997 ) 
4 7 8 (5120 2048 984.353027 ) (5120 2048 -284.352997 ) (5120 1024 -284.352997 ) (5120 1024 984.353027 ) 
4 8 22 (5120 1024 -284.352997 ) (5120 1024 984.353027 ) (4096 1024 984.353027 ) (4096 1024 -284.352997 ) 
4 8 16 (4096 1024 -284.352997 ) (4096 1024 984.353027 ) (4096 2048 984.353027 ) (4096 2048 -284.352997 ) 
4 9 12 (4096 4096 -284.352997 ) (4096 4096 984.353027 ) (3072 4096 984.353027 ) (3072 4096 -284.352997 ) 
4 9 10 (3072 4096 -284.352997 ) (3072 4096 984.353027 ) (3072 4237.580078 984.353027 ) (3072 4237.580078 -284.352997 ) 
4 10 13 (3072 4096 -284.352997 ) (3072 4096 984.353027 ) (2048 4096 984.353027 ) (2048 4096 -284.352997 ) 
4 10 11 (2048 4096 -284.352997 ) (2048 4096 984.353027 ) (2048 4237.580078 984.353027 ) (2048 4237.580078 -284.352997 ) 
4 11 41 (1024 4096 -284.352997 ) (1024 4096 984.353027 ) (1024 4237.580078 984.353027 ) (1024 4237.580078 -284.352997 ) 
4 11 14 (2048 4096 -284.352997 ) (2048 4096 984.353027 ) (1024 4096 984.353027 ) (1024 4096 -284.352997 ) 
4 12 15 (4096 3072 -284.352997 ) (4096 3072 984.353027 ) (3072 3072 984.353027 ) (3072 3072 -284.352997 ) 
4 12 13 (3072 3072 -284.352997 ) (3072 3072 984.353027 ) (3072 4096 984.353027 ) (3072 4096 -284.352997 ) 
4 13 17 (3072 3072 -284.352997 ) (3072 3072 984.353027 ) (2048 3072 984.353027 ) (2048 3072 -284.352997 ) 
4 13 14 (2048 4096 984.353027 ) (2048 4096 -284.352997 ) (2048 3072 -284.352997 ) (2048 3072 984.353027 ) 
4 14 48 (1024 3072 -284.352997 ) (1024 3072 984.353027 ) (1024 4096 984.353027 ) (1024 4096 -284.352997 ) 
4 14 18 (1024 3072 984.353027 ) (1024 3072 -284.352997 ) (2048 3072 -284.352997 ) (2048 3072 984.353027 ) 
4 15 17 (3072 3072 984.353027 ) (3072 3072 -284.352997 ) (3072 2048 -284.352997 ) (3072 2048 984.353027 ) 
4 15 16 (4096 2048 -284.352997 ) (4096 2048 984.353027 ) (3072 2048 984.353027 ) (3072 2048 -284.352997 ) 
4 16 29 (4096 1024 -284.352997 ) (4096 1024 984.353027 ) (3072 1024 984.353027 ) (3072 1024 -284.352997 ) 
4 16 19 (3072 1024 -284.352997 ) (3072 1024 984.353027 ) (3072 2048 984.353027 ) (3072 2048 -284.352997 ) 
4 17 19 (3072 2048 -284.352997 ) (3072 2048 984.353027 ) (2048 2048 984.353027 ) (2048 2048 -284.352997 ) 
4 17 18 (2048 3072 984.353027 ) (2048 3072 -284.352997 ) (2048 2048 -284.352997 ) (2048 2048 984.353027 ) 
4 18 54 (1024 2048 -284.352997 ) (1024 2048 984.353027 ) (1024 3072 984.353027 ) (1024 3072 -284.352997 ) 
4 18 20 (1024 2048 984.353027 ) (1024 2048 -284.352997 ) (2048 2048 -284.352997 ) (2048 2048 984.353027 ) 
4 19 31 (3072 1024 -284.352997 ) (3072 1024 984.353027 ) (2048 1024 984.353027 ) (2048 1024 -284.352997 ) 
4 19 20 (2048 2048 984.353027 ) (2048 2048 -284.352997 ) (2048 1024 -284.352997 ) (2048 1024 984.353027 ) 
4 20 55 (1024 1024 -284.352997 ) (1024 1024 984.353027 ) (1024 2048 984.353027 ) (1024 2048 -284.352997 ) 
4 20 32 (2048 1024 -284.352997 ) (2048 1024 984.353027 ) (1024 1024 984.353027 ) (1024 1024 -284.352997 ) 
4 21 23 (5536.620117 0 984.353027 ) (5120 0 984.353027 ) (5120 0 -284.352997 ) (5536.620117 0 -284.352997 ) 
4 21 22 (5120 1024 984.353027 ) (5120 1024 -284.352997 ) (5120 0 -284.352997 ) (5120 0 984.353027 ) 
4 22 29 (4096 1024 984.353027 ) (4096 1024 -284.352997 ) (4096 0 -284.352997 ) (4096 0 984.353027 ) 
4 22 24 (5120 0 -284.352997 ) (5120 0 984.353027 ) (4096 0 984.353027 ) (4096 0 -284.352997 ) 
4 23 25 (5536.620117 -1024 984.353027 ) (5120 -1024 984.353027 ) (5120 -1024 -284.352997 ) (5536.620117 -1024 -284.352997 ) 
4 23 24 (5120 0 984.353027 ) (5120 0 -284.352997 ) (5120 -1024 -284.352997 ) (5120 -1024 984.353027 ) 
4 24 30 (4096 -1024 -284.352997 ) (4096 -1024 984.353027 ) (4096 0 984.353027 ) (4096 0 -284.352997 ) 
4 24 26 (5120 -1024 -284.352997 ) (5120 -1024 984.353027 ) (4096 -1024 984.353027 ) (4096 -1024 -284.352997 ) 
4 25 27 (5536.620117 -2048 984.353027 ) (5120 -2048 984.353027 ) (5120 -2048 -284.352997 ) (5536.620117 -2048 -284.352997 ) 
4 25 26 (5120 -1024 984.353027 ) (5120 -1024 -284.352997 ) (5120 -2048 -284.352997 ) (5120 -2048 984.353027 ) 
4 26 35 (4096 -2048 -284.352997 ) (4096 -2048 984.353027 ) (4096 -1024 984.353027 ) (4096 -1024 -284.352997 ) 
4 26 28 (4096 -2048 984.353027 ) (4096 -2048 -284.352997 ) (5120 -2048 -284.352997 ) (5120 -2048 984.353027 ) 
4 27 28 (5120 -2048 984.353027 ) (5120 -2048 -284.352997 ) (5120 -2301.580078 -284.352997 ) (5120 -2301.580078 984.353027 ) 
4 28 38 (4096 -2301.580078 984.353027 ) (4096 -2048 984.353027 ) (4096 -2048 -284.352997 ) (4096 -2301.580078 -284.352997 ) 
4 29 31 (3072 1024 984.353027 ) (3072 1024 -284.352997 ) (3072 0 -284.352997 ) (3072 0 984.353027 ) 
4 29 30 (4096 0 -284.352997 ) (4096 0 984.353027 ) (3072 0 984.353027 ) (3072 0 -284.352997 ) 
4 30 35 (4096 -1024 -284.352997 ) (4096 -1024 984.353027 ) (3072 -1024 984.353027 ) (3072 -1024 -284.352997 ) 
4 30 33 (3072 -1024 -284.352997 ) (3072 -1024 984.353027 ) (3072 0 984.353027 ) (3072 0 -284.352997 ) 
4 31 33 (3072 0 -284.352997 ) (3072 0 984.353027 ) (2048 0 984.353027 ) (2048 0 -284.352997 ) 
4 31 32 (2048 1024 984.353027 ) (2048 1024 -284.352997 ) (2048 0 -284.352997 ) (2048 0 984.353027 ) 
4 32 90 (1024 0 -284.352997 ) (1024 0 984.353027 ) (1024 1024 984.353027 ) (1024 1024 -284.352997 ) 
4 32 34 (2048 0 -284.352997 ) (2048 0 984.353027 ) (1024 0 984.353027 ) (1024 0 -284.352997 ) 
4 33 36 (3072 -1024 -284.352997 ) (3072 -1024 984.353027 ) (2048 -1024 984.353027 ) (2048 -1024 -284.352997 ) 
4 33 34 (2048 0 984.353027 ) (2048 0 -284.352997 ) (2048 -1024 -284.352997 ) (2048 -1024 984.353027 ) 
4 34 91 (1024 -1024 -284.352997 ) (1024 -1024 984.353027 ) (1024 0 984.353027 ) (1024 0 -284.352997 ) 
4 34 37 (2048 -1024 -284.352997 ) (2048 -1024 984.353027 ) (1024 -1024 984.353027 ) (1024 -1024 -284.352997 ) 
4 35 38 (4096 -2048 -284.352997 ) (4096 -2048 984.353027 ) (3072 -2048 984.353027 ) (3072 -2048 -284.352997 ) 
4 35 36 (3072 -2048 -284.352997 ) (3072 -2048 984.353027 ) (3072 -1024 984.353027 ) (3072 -1024 -284.352997 ) 
4 36 39 (3072 -2048 -284.352997 ) (3072 -2048 984.353027 ) (2048 -2048 984.353027 ) (2048 -2048 -284.352997 ) 
4 36 37 (2048 -1024 984.353027 ) (2048 -1024 -284.352997 ) (2048 -2048 -284.352997 ) (2048 -2048 984.353027 ) 
4 37 119 (1024 -2048 -284.352997 ) (1024 -2048 984.353027 ) (1024 -1024 984.353027 ) (1024 -1024 -284.352997 ) 
4 37 40 (1024 -2048 984.353027 ) (1024 -2048 -284.352997 ) (2048 -2048 -284.352997 ) (2048 -2048 984.353027 ) 
4 38 39 (3072 -2048 984.353027 ) (3072 -2048 -284.352997 ) (3072 -2301.580078 -284.352997 ) (3072 -2301.580078 984.353027 ) 
4 39 40 (2048 -2048 984.353027 ) (2048 -2048 -284.352997 ) (2048 -2301.580078 -284.352997 ) (2048 -2301.580078 984.353027 ) 
4 40 125 (1024 -2301.580078 984.353027 ) (1024 -2048 984.353027 ) (1024 -2048 -284.352997 ) (1024 -2301.580078 -284.352997 ) 
4 41 48 (1024 4096 -284.352997 ) (1024 4096 984.353027 ) (0 4096 984.353027 ) (0 4096 -284.352997 ) 
4 41 42 (0 4096 -284.352997 ) (0 4096 984.353027 ) (0 4237.580078 984.353027 ) (0 4237.580078 -284.352997 ) 
4 42 49 (0 4096 -284.352997 ) (0 4096 984.353027 ) (-1024 4096 984.353027 ) (-1024 4096 -284.352997 ) 
4 42 44 (-1024 4096 -284.352997 ) (-1024 4096 984.353027 ) (-1024 4237 984.353027 ) (-1024 4237 -284.352997 ) 
4 42 43 (-1024 4237 984.353027 ) (-1024 4237.580078 984.353027 ) (-1024 4237.580078 -284.352997 ) (-1024 4237 -284.352997 ) 
4 43 78 (-2048 4237 984.353027 ) (-2048 4237.580078 984.353027 ) (-2048 4237.580078 -284.352997 ) (-2048 4237 -284.352997 ) 
4 43 45 (-1952 4237 128 ) (-1952 4237 984.353027 ) (-1968 4237 984.353027 ) (-1968 4237 128 ) 
4 43 46 (-1968 4237 -284.352997 ) (-1952 4237 -284.352997 ) (-1952 4237 0 ) (-1968 4237 0 ) 
4 43 44 (-1952 4237 -284.352997 ) (-1024 4237 -284.352997 ) (-1024 4237 984.353027 ) (-1952 4237 984.353027 ) 
4 43 47 (-2048 4237 -284.352997 ) (-1968 4237 -284.352997 ) (-1968 4237 984.353027 ) (-2048 4237 984.353027 ) 
4 44 51 (-1024 4096 -284.352997 ) (-1024 4096 128 ) (-1952 4096 128 ) (-1952 4096 -284.352997 ) 
4 44 50 (-1024 4096 128 ) (-1024 4096 984.353027 ) (-1952 4096 984.353027 ) (-1952 4096 128 ) 
4 44 45 (-1952 4237 984.353027 ) (-1952 4237 128 ) (-1952 4096 128 ) (-1952 4096 984.353027 ) 
4 44 46 (-1952 4237 0 ) (-1952 4237 -284.352997 ) (-1952 4096 -284.352997 ) (-1952 4096 0 ) 
4 45 50 (-1952 4096 984.353027 ) (-1968 4096 984.353027 ) (-1968 4096 128 ) (-1952 4096 128 ) 
4 45 47 (-1968 4237 984.353027 ) (-1968 4237 128 ) (-1968 4096 128 ) (-1968 4096 984.353027 ) 
4 46 52 (-1968 4096 0 ) (-1968 4096 -284.352997 ) (-1952 4096 -284.352997 ) (-1952 4096 0 ) 
4 46 47 (-1968 4237 0 ) (-1968 4237 -284.352997 ) (-1968 4096 -284.352997 ) (-1968 4096 0 ) 
4 47 78 (-2048 4096 -284.352997 ) (-2048 4096 984.353027 ) (-2048 4237 984.353027 ) (-2048 4237 -284.352997 ) 
4 47 53 (-2048 4096 128 ) (-2048 4096 -284.352997 ) (-1968 4096 -284.352997 ) (-1968 4096 128 ) 
4 47 50 (-1968 4096 984.353027 ) (-2048 4096 984.353027 ) (-2048 4096 128 ) (-1968 4096 128 ) 
4 48 54 (1024 3072 -284.352997 ) (1024 3072 984.353027 ) (0 3072 984.353027 ) (0 3072 -284.352997 ) 
4 48 49 (0 3072 -284.352997 ) (0 3072 984.353027 ) (0 4096 984.353027 ) (0 4096 -284.352997 ) 
4 49 56 (0 3072 -284.352997 ) (0 3072 984.353027 ) (-1024 3072 984.353027 ) (-1024 3072 -284.352997 ) 
4 49 51 (-1024 4096 128 ) (-1024 4096 -284.352997 ) (-1024 3072 -284.352997 ) (-1024 3072 128 ) 
4 49 50 (-1024 4096 984.353027 ) (-1024 4096 128 ) (-1024 3072 128 ) (-1024 3072 984.353027 ) 
4 50 81 (-2048 3072 128 ) (-2048 3072 984.353027 ) (-2048 4096 984.353027 ) (-2048 4096 128 ) 
4 50 57 (-2048 3072 984.353027 ) (-2048 3072 128 ) (-1024 3072 128 ) (-1024 3072 984.353027 ) 
4 50 51 (-1952 4096 128 ) (-1024 4096 128 ) (-1024 3072 128 ) (-1952 3072 128 ) 
4 50 53 (-2048 3072 128 ) (-2048 4096 128 ) (-1968 4096 128 ) (-1968 3072 128 ) 
4 51 62 (-1952 3072 -284.352997 ) (-1024 3072 -284.352997 ) (-1024 3072 0 ) (-1952 3072 0 ) 
4 51 60 (-1422.820068 3072 128 ) (-1952 3072 128 ) (-1952 3072 0 ) (-1422.820068 3072 0 ) 
4 51 59 (-1406.820068 3072 128 ) (-1422.820068 3072 128 ) (-1422.820068 3072 0 ) (-1406.820068 3072 0 ) 
4 51 58 (-1024 3072 0 ) (-1024 3072 128 ) (-1406.820068 3072 128 ) (-1406.820068 3072 0 ) 
4 51 52 (-1952 4096 -284.352997 ) (-1952 3072 -284.352997 ) (-1952 3072 0 ) (-1952 4096 0 ) 
4 52 62 (-1968 3072 -284.352997 ) (-1952 3072 -284.352997 ) (-1952 3072 0 ) (-1968 3072 0 ) 
4 52 53 (-1968 4096 -284.352997 ) (-1968 3072 -284.352997 ) (-1968 3072 0 ) (-1968 4096 0 ) 
4 53 81 (-2048 3072 -284.352997 ) (-2048 3072 128 ) (-2048 4096 128 ) (-2048 4096 -284.352997 ) 
4 53 62 (-2048 3072 0 ) (-2048 3072 -284.352997 ) (-1968 3072 -284.352997 ) (-1968 3072 0 ) 
4 53 61 (-2048 3072 128 ) (-2048 3072 0 ) (-1968 3072 0 ) (-1968 3072 128 ) 
4 54 56 (0 3072 984.353027 ) (0 3072 -284.352997 ) (0 2048 -284.352997 ) (0 2048 984.353027 ) 
4 54 55 (1024 2048 -284.352997 ) (1024 2048 984.353027 ) (0 2048 984.353027 ) (0 2048 -284.352997 ) 
4 55 90 (1024 1024 -284.352997 ) (1024 1024 984.353027 ) (0 1024 984.353027 ) (0 1024 -284.352997 ) 
4 55 63 (0 1024 -284.352997 ) (0 1024 984.353027 ) (0 2048 984.353027 ) (0 2048 -284.352997 ) 
4 56 63 (0 2048 -284.352997 ) (0 2048 984.353027 ) (-1024 2048 984.353027 ) (-1024 2048 -284.352997 ) 
4 56 62 (-1024 3072 0 ) (-1024 3072 -284.352997 ) (-1024 2048 -284.352997 ) (-1024 2048 0 ) 
4 56 58 (-1024 3072 128 ) (-1024 3072 0 ) (-1024 2048 0 ) (-1024 2048 128 ) 
4 56 57 (-1024 3072 984.353027 ) (-1024 3072 128 ) (-1024 2048 128 ) (-1024 2048 984.353027 ) 
4 57 83 (-2048 2048 128 ) (-2048 2048 984.353027 ) (-2048 3072 984.353027 ) (-2048 3072 128 ) 
4 57 69 (-1792 2048 128 ) (-1784 2048 128 ) (-1784 2048 256 ) (-1792 2048 256 ) 
4 57 68 (-1784 2048 128 ) (-1024 2048 128 ) (-1024 2048 256 ) (-1784 2048 256 ) 
4 57 71 (-2048 2048 256 ) (-2048 2048 128 ) (-1792 2048 128 ) (-1792 2048 256 ) 
4 57 66 (-1792 2048 256 ) (-1408 2048 256 ) (-1408 2048 384 ) (-1792 2048 384 ) 
4 57 65 (-1408 2048 256 ) (-1024 2048 256 ) (-1024 2048 384 ) (-1408 2048 384 ) 
4 57 67 (-2048 2048 384 ) (-2048 2048 256 ) (-1792 2048 256 ) (-1792 2048 384 ) 
4 57 64 (-2048 2048 984.353027 ) (-2048 2048 384 ) (-1024 2048 384 ) (-1024 2048 984.353027 ) 
4 57 60 (-1422.820068 2048 128 ) (-1952 2048 128 ) (-1952 3072 128 ) (-1422.820068 3072 128 ) 
4 57 61 (-1968 2048 128 ) (-2048 2048 128 ) (-2048 3072 128 ) (-1968 3072 128 ) 
4 57 59 (-1422.820068 2048.750000 128 ) (-1422.820068 3072 128 ) (-1406.820068 3072 128 ) (-1406.820068 2048.750000 128 ) 
4 57 58 (-1024 3072 128 ) (-1024 2048 128 ) (-1406.820068 2048 128 ) (-1406.820068 3072 128 ) 
4 58 72 (-1406.820068 2048 0 ) (-1024 2048 0 ) (-1024 2048 128 ) (-1406.820068 2048 128 ) 
4 58 62 (-1024 2048 0 ) (-1406.820068 2048 0 ) (-1406.820068 3072 0 ) (-1024 3072 0 ) 
4 58 59 (-1406.820068 3072 0 ) (-1406.820068 2048.750000 0 ) (-1406.820068 2048.750000 128 ) (-1406.820068 3072 128 ) 
4 59 62 (-1422.820068 2048.750000 0 ) (-1422.820068 3072 0 ) (-1406.820068 3072 0 ) (-1406.820068 2048.750000 0 ) 
4 59 60 (-1422.820068 3072 0 ) (-1422.820068 2048.750000 0 ) (-1422.820068 2048.750000 128 ) (-1422.820068 3072 128 ) 
4 60 74 (-1424 2048 0 ) (-1422.820068 2048 0 ) (-1422.820068 2048 128 ) (-1424 2048 128 ) 
4 60 62 (-1422.820068 2048 0 ) (-1952 2048 0 ) (-1952 3072 0 ) (-1422.820068 3072 0 ) 
4 61 83 (-2048 2048 0 ) (-2048 2048 128 ) (-2048 3072 128 ) (-2048 3072 0 ) 
4 61 62 (-1968 2048 0 ) (-2048 2048 0 ) (-2048 3072 0 ) (-1968 3072 0 ) 
4 62 83 (-2048 2048 -284.352997 ) (-2048 2048 0 ) (-2048 3072 0 ) (-2048 3072 -284.352997 ) 
4 62 77 (-2048 2048 0 ) (-2048 2048 -284.352997 ) (-1024 2048 -284.352997 ) (-1024 2048 0 ) 
4 63 92 (0 1024 -284.352997 ) (0 1024 984.353027 ) (-1024 1024 984.353027 ) (-1024 1024 -284.352997 ) 
4 63 77 (-1024 2048 0 ) (-1024 2048 -284.352997 ) (-1024 1024 -284.352997 ) (-1024 1024 0 ) 
4 63 72 (-1024 2048 128 ) (-1024 2048 0 ) (-1024 1024 0 ) (-1024 1024 128 ) 
4 63 68 (-1024 2048 256 ) (-1024 2048 128 ) (-1024 1024 128 ) (-1024 1024 256 ) 
4 63 65 (-1024 2048 384 ) (-1024 2048 256 ) (-1024 1024 256 ) (-1024 1024 384 ) 
4 63 64 (-1024 2048 984.353027 ) (-1024 2048 384 ) (-1024 1024 384 ) (-1024 1024 984.353027 ) 
4 64 93 (-1024 1024 384 ) (-1024 1024 984.353027 ) (-2048 1024 984.353027 ) (-2048 1024 384 ) 
4 64 85 (-2048 1024 384 ) (-2048 1024 984.353027 ) (-2048 2048 984.353027 ) (-2048 2048 384 ) 
3 64 66 (-1792 2048 384 ) (-1408 2048 384 ) (-1408 1536 384 ) 
4 64 65 (-1408 2048 384 ) (-1024 2048 384 ) (-1024 1024 384 ) (-1408 1024 384 ) 
4 64 67 (-2048 1024 384 ) (-2048 2048 384 ) (-1792 2048 384 ) (-1792 1024 384 ) 
4 65 94 (-1024 1024 256 ) (-1024 1024 384 ) (-1408 1024 384 ) (-1408 1024 256 ) 
4 65 68 (-1024 1024 256 ) (-1408 1024 256 ) (-1408 2048 256 ) (-1024 2048 256 ) 
4 65 66 (-1408 2048 256 ) (-1408 1536 256 ) (-1408 1536 384 ) (-1408 2048 384 ) 
3 66 69 (-1792 2048 256 ) (-1784 2048 256 ) (-1784 2037.333374 256 ) 
4 66 68 (-1784 2048 256 ) (-1408 2048 256 ) (-1408 1536 256 ) (-1784 2037.333374 256 ) 
4 67 96 (-1792 1024 384 ) (-2048 1024 384 ) (-2048 1024 256 ) (-1792 1024 256 ) 
4 67 85 (-2048 1024 256 ) (-2048 1024 384 ) (-2048 2048 384 ) (-2048 2048 256 ) 
4 67 71 (-1792 1024 256 ) (-2048 1024 256 ) (-2048 2048 256 ) (-1792 2048 256 ) 
4 68 101 (-1416 1024 256 ) (-1784 1024 256 ) (-1784 1024 144 ) (-1416 1024 144 ) 
4 68 97 (-1024 1024 128 ) (-1024 1024 256 ) (-1408 1024 256 ) (-1408 1024 128 ) 
4 68 75 (-1424 2032 128 ) (-1424 1024 128 ) (-1784 1024 128 ) (-1784 2032 128 ) 
4 68 73 (-1406.820068 1536.750000 128 ) (-1406.820068 1024 128 ) (-1422.820068 1024 128 ) (-1422.820068 1536.750000 128 ) 
4 68 72 (-1406.820068 2048 128 ) (-1024 2048 128 ) (-1024 1024 128 ) (-1406.820068 1024 128 ) 
4 68 74 (-1424 2048 128 ) (-1422.820068 2048 128 ) (-1422.820068 1024 128 ) (-1424 1024 128 ) 
4 68 70 (-1784 1025 128 ) (-1784 1024 128 ) (-1784 1024 144 ) (-1784 1025 144 ) 
4 68 69 (-1784 2048 128 ) (-1784 1025 128 ) (-1784 1025 256 ) (-1784 2048 256 ) 
4 69 75 (-1784 2032 128 ) (-1784 1025 128 ) (-1792 1025 128 ) (-1792 2032 128 ) 
4 69 70 (-1792 1025 144 ) (-1792 1025 128 ) (-1784 1025 128 ) (-1784 1025 144 ) 
4 69 71 (-1792 2048 128 ) (-1792 1025 128 ) (-1792 1025 256 ) (-1792 2048 256 ) 
4 70 75 (-1784 1025 128 ) (-1784 1024 128 ) (-1792 1024 128 ) (-1792 1025 128 ) 
4 70 71 (-1792 1025 128 ) (-1792 1024 128 ) (-1792 1024 144 ) (-1792 1025 144 ) 
4 71 105 (-2048 1024 144 ) (-2048 1024 128 ) (-1792 1024 128 ) (-1792 1024 144 ) 
4 71 103 (-1792 1024 256 ) (-2048 1024 256 ) (-2048 1024 144 ) (-1792 1024 144 ) 
4 71 85 (-2048 1024 128 ) (-2048 1024 256 ) (-2048 2048 256 ) (-2048 2048 128 ) 
4 71 75 (-1952 2032 128 ) (-1792 2032 128 ) (-1792 1024 128 ) (-1952 1024 128 ) 
4 71 76 (-2048 1024 128 ) (-2048 2032 128 ) (-1968 2032 128 ) (-1968 1024 128 ) 
4 72 106 (-1024 1024 0 ) (-1024 1024 128 ) (-1406.820068 1024 128 ) (-1406.820068 1024 0 ) 
4 72 77 (-1024 1024 0 ) (-1406.820068 1024 0 ) (-1406.820068 2048 0 ) (-1024 2048 0 ) 
4 72 73 (-1406.820068 1536.750000 0 ) (-1406.820068 1024 0 ) (-1406.820068 1024 128 ) (-1406.820068 1536.750000 128 ) 
4 73 107 (-1408 1024 128 ) (-1422.820068 1024 128 ) (-1422.820068 1024 0 ) (-1408 1024 0 ) 
4 73 106 (-1406.820068 1024 128 ) (-1408 1024 128 ) (-1408 1024 0 ) (-1406.820068 1024 0 ) 
4 73 77 (-1406.820068 1024 0 ) (-1422.820068 1024 0 ) (-1422.820068 1536.750000 0 ) (-1406.820068 1536.750000 0 ) 
4 73 74 (-1422.820068 1536.750000 0 ) (-1422.820068 1024 0 ) (-1422.820068 1024 128 ) (-1422.820068 1536.750000 128 ) 
4 74 107 (-1422.820068 1024 128 ) (-1424 1024 128 ) (-1424 1024 0 ) (-1422.820068 1024 0 ) 
4 74 77 (-1422.820068 1024 0 ) (-1424 1024 0 ) (-1424 2048 0 ) (-1422.820068 2048 0 ) 
4 74 75 (-1424 2032 0 ) (-1424 1024 0 ) (-1424 1024 128 ) (-1424 2032 128 ) 
4 75 109 (-1424 1024 128 ) (-1952 1024 128 ) (-1952 1024 0 ) (-1424 1024 0 ) 
4 75 77 (-1424 1024 0 ) (-1952 1024 0 ) (-1952 2032 0 ) (-1424 2032 0 ) 
4 76 110 (-1968 1024 128 ) (-2048 1024 128 ) (-2048 1024 0 ) (-1968 1024 0 ) 
4 76 85 (-2048 1024 0 ) (-2048 1024 128 ) (-2048 2032 128 ) (-2048 2032 0 ) 
4 76 77 (-1968 1024 0 ) (-2048 1024 0 ) (-2048 2032 0 ) (-1968 2032 0 ) 
4 77 113 (-1024 1024 -284.352997 ) (-1024 1024 0 ) (-2048 1024 0 ) (-2048 1024 -284.352997 ) 
4 77 85 (-2048 1024 -284.352997 ) (-2048 1024 0 ) (-2048 2048 0 ) (-2048 2048 -284.352997 ) 
4 78 81 (-2048 4096 -284.352997 ) (-2048 4096 984.353027 ) (-3072 4096 984.353027 ) (-3072 4096 -284.352997 ) 
4 78 79 (-3072 4096 -284.352997 ) (-3072 4096 984.353027 ) (-3072 4237.580078 984.353027 ) (-3072 4237.580078 -284.352997 ) 
4 79 82 (-3072 4096 -284.352997 ) (-3072 4096 984.353027 ) (-4096 4096 984.353027 ) (-4096 4096 -284.352997 ) 
4 79 80 (-4096 4096 -284.352997 ) (-4096 4096 984.353027 ) (-4096 4237.580078 984.353027 ) (-4096 4237.580078 -284.352997 ) 
4 80 87 (-4096 4096 -284.352997 ) (-4096 4096 984.353027 ) (-4443.610352 4096 984.353027 ) (-4443.610352 4096 -284.352997 ) 
4 81 83 (-2048 3072 -284.352997 ) (-2048 3072 984.353027 ) (-3072 3072 984.353027 ) (-3072 3072 -284.352997 ) 
4 81 82 (-3072 4096 984.353027 ) (-3072 4096 -284.352997 ) (-3072 3072 -284.352997 ) (-3072 3072 984.353027 ) 
4 82 87 (-4096 4096 984.353027 ) (-4096 4096 -284.352997 ) (-4096 3072 -284.352997 ) (-4096 3072 984.353027 ) 
4 82 84 (-3072 3072 -284.352997 ) (-3072 3072 984.353027 ) (-4096 3072 984.353027 ) (-4096 3072 -284.352997 ) 
4 83 85 (-2048 2048 -284.352997 ) (-2048 2048 984.353027 ) (-3072 2048 984.353027 ) (-3072 2048 -284.352997 ) 
4 83 84 (-3072 2048 -284.352997 ) (-3072 2048 984.353027 ) (-3072 3072 984.353027 ) (-3072 3072 -284.352997 ) 
4 84 88 (-4096 2048 -284.352997 ) (-4096 2048 984.353027 ) (-4096 3072 984.353027 ) (-4096 3072 -284.352997 ) 
4 84 86 (-4096 2048 984.353027 ) (-4096 2048 -284.352997 ) (-3072 2048 -284.352997 ) (-3072 2048 984.353027 ) 
4 85 128 (-2048 1024 -284.352997 ) (-2048 1024 984.353027 ) (-3072 1024 984.353027 ) (-3072 1024 -284.352997 ) 
4 85 86 (-3072 2048 984.353027 ) (-3072 2048 -284.352997 ) (-3072 1024 -284.352997 ) (-3072 1024 984.353027 ) 
4 86 129 (-3072 1024 -284.352997 ) (-3072 1024 984.353027 ) (-4096 1024 984.353027 ) (-4096 1024 -284.352997 ) 
4 86 89 (-4096 1024 -284.352997 ) (-4096 1024 984.353027 ) (-4096 2048 984.353027 ) (-4096 2048 -284.352997 ) 
4 87 88 (-4096 3072 -284.352997 ) (-4096 3072 984.353027 ) (-4443.610352 3072 984.353027 ) (-4443.610352 3072 -284.352997 ) 
4 88 89 (-4096 2048 -284.352997 ) (-4096 2048 984.353027 ) (-4443.610352 2048 984.353027 ) (-4443.610352 2048 -284.352997 ) 
4 89 132 (-4096 1024 -284.352997 ) (-4096 1024 984.353027 ) (-4443.610352 1024 984.353027 ) (-4443.610352 1024 -284.352997 ) 
4 90 92 (0 1024 984.353027 ) (0 1024 -284.352997 ) (0 0 -284.352997 ) (0 0 984.353027 ) 
4 90 91 (1024 0 -284.352997 ) (1024 0 984.353027 ) (0 0 984.353027 ) (0 0 -284.352997 ) 
4 91 119 (1024 -1024 -284.352997 ) (1024 -1024 984.353027 ) (0 -1024 984.353027 ) (0 -1024 -284.352997 ) 
4 91 114 (0 -1024 -284.352997 ) (0 -1024 984.353027 ) (0 0 984.353027 ) (0 0 -284.352997 ) 
4 92 114 (0 0 -284.352997 ) (0 0 984.353027 ) (-1024 0 984.353027 ) (-1024 0 -284.352997 ) 
4 92 113 (-1024 1024 0 ) (-1024 1024 -284.352997 ) (-1024 0 -284.352997 ) (-1024 0 0 ) 
4 92 106 (-1024 1024 128 ) (-1024 1024 0 ) (-1024 0 0 ) (-1024 0 128 ) 
4 92 97 (-1024 1024 256 ) (-1024 1024 128 ) (-1024 0 128 ) (-1024 0 256 ) 
4 92 94 (-1024 1024 384 ) (-1024 1024 256 ) (-1024 0 256 ) (-1024 0 384 ) 
4 92 93 (-1024 1024 984.353027 ) (-1024 1024 384 ) (-1024 0 384 ) (-1024 0 984.353027 ) 
4 93 128 (-2048 1024 984.353027 ) (-2048 1024 384 ) (-2048 0 384 ) (-2048 0 984.353027 ) 
4 93 115 (-1024 0 384 ) (-1024 0 984.353027 ) (-2048 0 984.353027 ) (-2048 0 384 ) 
4 93 95 (-1408 768 384 ) (-1408 0 384 ) (-1792 0 384 ) (-1792 512.001038 384 ) 
4 93 94 (-1408 1024 384 ) (-1024 1024 384 ) (-1024 0 384 ) (-1408 0 384 ) 
4 93 96 (-2048 1024 384 ) (-1792 1024 384 ) (-1792 0 384 ) (-2048 0 384 ) 
4 94 115 (-1024 0 256 ) (-1024 0 384 ) (-1408 0 384 ) (-1408 0 256 ) 
4 94 97 (-1408 1024 256 ) (-1024 1024 256 ) (-1024 0 256 ) (-1408 0 256 ) 
4 94 95 (-1408 768 256 ) (-1408 0 256 ) (-1408 0 384 ) (-1408 768 384 ) 
4 95 115 (-1408 0 384 ) (-1792 0 384 ) (-1792 0 256 ) (-1408 0 256 ) 
4 95 102 (-1784 0 256 ) (-1792 0 256 ) (-1792 512.001038 256 ) (-1784 517.334351 256 ) 
4 95 101 (-1416 0 256 ) (-1784 0 256 ) (-1784 517.334351 256 ) (-1416 762.667664 256 ) 
4 95 99 (-1408 768 256 ) (-1408 0 256 ) (-1416 0 256 ) (-1416 762.667664 256 ) 
4 95 96 (-1792 512.001099 256 ) (-1792 0 256 ) (-1792 0 384 ) (-1792 512.001038 384 ) 
4 96 128 (-2048 1024 384 ) (-2048 1024 256 ) (-2048 0 256 ) (-2048 0 384 ) 
4 96 115 (-1792 0 384 ) (-2048 0 384 ) (-2048 0 256 ) (-1792 0 256 ) 
4 96 103 (-2048 1024 256 ) (-1792 1024 256 ) (-1792 0 256 ) (-2048 0 256 ) 
4 97 115 (-1024 0 128 ) (-1024 0 256 ) (-1408 0 256 ) (-1408 0 128 ) 
4 97 106 (-1024 0 128 ) (-1408 0 128 ) (-1408 1024 128 ) (-1024 1024 128 ) 
4 97 104 (-1408 768 128 ) (-1408 0 128 ) (-1408 0 144 ) (-1408 768 144 ) 
4 97 100 (-1408 0 144 ) (-1408 0 192 ) (-1408 768 192 ) (-1408 768 144 ) 
4 97 99 (-1408 0 192 ) (-1408 0 256 ) (-1408 768 256 ) (-1408 768 192 ) 
4 97 98 (-1408 1008 249.106995 ) (-1408 1008 192 ) (-1408 784 192 ) (-1408 784 249.106995 ) 
4 98 101 (-1416 1008 249.106995 ) (-1416 1008 192 ) (-1416 784 192 ) (-1416 784 249.106995 ) 
4 99 115 (-1408 0 256 ) (-1416 0 256 ) (-1416 0 192 ) (-1408 0 192 ) 
4 99 101 (-1416 0 192 ) (-1416 0 256 ) (-1416 768 256 ) (-1416 768 192 ) 
4 99 100 (-1416 0 192 ) (-1416 768 192 ) (-1408 768 192 ) (-1408 0 192 ) 
4 100 115 (-1416 0 192 ) (-1416 0 144 ) (-1408 0 144 ) (-1408 0 192 ) 
4 100 104 (-1408 768 144 ) (-1408 0 144 ) (-1416 0 144 ) (-1416 768 144 ) 
4 100 101 (-1416 768 144 ) (-1416 0 144 ) (-1416 0 192 ) (-1416 768 192 ) 
4 101 115 (-1416 0 256 ) (-1784 0 256 ) (-1784 0 144 ) (-1416 0 144 ) 
4 101 104 (-1416 768 144 ) (-1416 0 144 ) (-1784 0 144 ) (-1784 768 144 ) 
4 101 102 (-1784 769 144 ) (-1784 0 144 ) (-1784 0 256 ) (-1784 769 256 ) 
4 102 115 (-1784 0 256 ) (-1792 0 256 ) (-1792 0 144 ) (-1784 0 144 ) 
4 102 104 (-1784 768 144 ) (-1784 0 144 ) (-1792 0 144 ) (-1792 768 144 ) 
4 102 103 (-1792 769 144 ) (-1792 0 144 ) (-1792 0 256 ) (-1792 769 256 ) 
4 103 128 (-2048 1024 256 ) (-2048 1024 144 ) (-2048 0 144 ) (-2048 0 256 ) 
4 103 115 (-1792 0 256 ) (-2048 0 256 ) (-2048 0 144 ) (-1792 0 144 ) 
4 103 105 (-2048 0 144 ) (-2048 1024 144 ) (-1792 1024 144 ) (-1792 0 144 ) 
4 104 115 (-1792 0 128 ) (-1408 0 128 ) (-1408 0 144 ) (-1792 0 144 ) 
4 104 111 (-1424 0 128 ) (-1792 0 128 ) (-1792 256 128 ) (-1424 256 128 ) 
4 104 109 (-1792 272 128 ) (-1792 768 128 ) (-1424 768 128 ) (-1424 272 128 ) 
4 104 108 (-1408 0 128 ) (-1424 0 128 ) (-1424 256 128 ) (-1408 256 128 ) 
4 104 105 (-1792 768 128 ) (-1792 0 128 ) (-1792 0 144 ) (-1792 768 144 ) 
4 105 128 (-2048 1024 144 ) (-2048 1024 128 ) (-2048 0 128 ) (-2048 0 144 ) 
4 105 115 (-2048 0 144 ) (-2048 0 128 ) (-1792 0 128 ) (-1792 0 144 ) 
4 105 111 (-1792 0 128 ) (-1952 0 128 ) (-1952 256 128 ) (-1792 256 128 ) 
4 105 112 (-1968 0 128 ) (-2048 0 128 ) (-2048 256 128 ) (-1968 256 128 ) 
4 105 110 (-2048 272 128 ) (-2048 1024 128 ) (-1968 1024 128 ) (-1968 272 128 ) 
4 105 109 (-1952 1024 128 ) (-1792 1024 128 ) (-1792 272 128 ) (-1952 272 128 ) 
4 106 116 (-1024 0 0 ) (-1024 0 128 ) (-1408 0 128 ) (-1408 0 0 ) 
4 106 113 (-1408 1024 0 ) (-1024 1024 0 ) (-1024 0 0 ) (-1408 0 0 ) 
4 106 107 (-1408 1024 0 ) (-1408 768 0 ) (-1408 768 128 ) (-1408 1024 128 ) 
4 106 108 (-1408 256 0 ) (-1408 0 0 ) (-1408 0 128 ) (-1408 256 128 ) 
4 107 113 (-1424 1024 0 ) (-1408 1024 0 ) (-1408 768 0 ) (-1424 768 0 ) 
4 107 109 (-1424 1024 0 ) (-1424 768 0 ) (-1424 768 128 ) (-1424 1024 128 ) 
4 108 116 (-1408 0 128 ) (-1424 0 128 ) (-1424 0 0 ) (-1408 0 0 ) 
4 108 113 (-1408 256 0 ) (-1408 0 0 ) (-1424 0 0 ) (-1424 256 0 ) 
4 108 111 (-1424 256 0 ) (-1424 0 0 ) (-1424 0 128 ) (-1424 256 128 ) 
4 109 113 (-1952 1024 0 ) (-1424 1024 0 ) (-1424 272 0 ) (-1952 272 0 ) 
4 110 128 (-2048 1024 128 ) (-2048 1024 0 ) (-2048 272 0 ) (-2048 272 128 ) 
4 110 113 (-2048 1024 0 ) (-1968 1024 0 ) (-1968 272 0 ) (-2048 272 0 ) 
4 111 116 (-1424 0 128 ) (-1952 0 128 ) (-1952 0 0 ) (-1424 0 0 ) 
4 111 113 (-1424 256 0 ) (-1424 0 0 ) (-1952 0 0 ) (-1952 256 0 ) 
4 112 128 (-2048 256 0 ) (-2048 0 0 ) (-2048 0 128 ) (-2048 256 128 ) 
4 112 118 (-1968 0 128 ) (-2048 0 128 ) (-2048 0 0 ) (-1968 0 0 ) 
4 112 113 (-1968 0 0 ) (-2048 0 0 ) (-2048 256 0 ) (-1968 256 0 ) 
4 113 128 (-2048 1024 0 ) (-2048 1024 -284.352997 ) (-2048 0 -284.352997 ) (-2048 0 0 ) 
4 113 117 (-1952 0 0 ) (-1968 0 0 ) (-1968 0 -284.352997 ) (-1952 0 -284.352997 ) 
4 113 116 (-1024 0 -284.352997 ) (-1024 0 0 ) (-1952 0 0 ) (-1952 0 -284.352997 ) 
4 113 118 (-1968 0 0 ) (-2048 0 0 ) (-2048 0 -284.352997 ) (-1968 0 -284.352997 ) 
4 114 120 (0 -1024 -284.352997 ) (0 -1024 984.353027 ) (-1024 -1024 984.353027 ) (-1024 -1024 -284.352997 ) 
4 114 116 (-1024 0 128 ) (-1024 0 -284.352997 ) (-1024 -1024 -284.352997 ) (-1024 -1024 128 ) 
4 114 115 (-1024 0 984.353027 ) (-1024 0 128 ) (-1024 -1024 128 ) (-1024 -1024 984.353027 ) 
4 115 130 (-2048 -1024 128 ) (-2048 -1024 984.353027 ) (-2048 0 984.353027 ) (-2048 0 128 ) 
4 115 121 (-1024 -1024 128 ) (-1024 -1024 984.353027 ) (-2048 -1024 984.353027 ) (-2048 -1024 128 ) 
4 115 116 (-1024 0 128 ) (-1024 -1024 128 ) (-1952 -1024 128 ) (-1952 0 128 ) 
4 115 118 (-1968 -1024 128 ) (-2048 -1024 128 ) (-2048 0 128 ) (-1968 0 128 ) 
4 116 122 (-1024 -1024 -284.352997 ) (-1024 -1024 128 ) (-1952 -1024 128 ) (-1952 -1024 -284.352997 ) 
4 116 117 (-1952 0 -284.352997 ) (-1952 -1024 -284.352997 ) (-1952 -1024 0 ) (-1952 0 0 ) 
4 117 123 (-1968 -1024 0 ) (-1968 -1024 -284.352997 ) (-1952 -1024 -284.352997 ) (-1952 -1024 0 ) 
4 117 118 (-1968 0 -284.352997 ) (-1968 -1024 -284.352997 ) (-1968 -1024 0 ) (-1968 0 0 ) 
4 118 130 (-2048 -1024 -284.352997 ) (-2048 -1024 128 ) (-2048 0 128 ) (-2048 0 -284.352997 ) 
4 118 124 (-1968 -1024 128 ) (-2048 -1024 128 ) (-2048 -1024 -284.352997 ) (-1968 -1024 -284.352997 ) 
4 119 125 (1024 -2048 -284.352997 ) (1024 -2048 984.353027 ) (0 -2048 984.353027 ) (0 -2048 -284.352997 ) 
4 119 120 (0 -2048 -284.352997 ) (0 -2048 984.353027 ) (0 -1024 984.353027 ) (0 -1024 -284.352997 ) 
4 120 126 (0 -2048 -284.352997 ) (0 -2048 984.353027 ) (-1024 -2048 984.353027 ) (-1024 -2048 -284.352997 ) 
4 120 122 (-1024 -1024 128 ) (-1024 -1024 -284.352997 ) (-1024 -2048 -284.352997 ) (-1024 -2048 128 ) 
4 120 121 (-1024 -1024 984.353027 ) (-1024 -1024 128 ) (-1024 -2048 128 ) (-1024 -2048 984.353027 ) 
4 121 134 (-2048 -2048 128 ) (-2048 -2048 984.353027 ) (-2048 -1024 984.353027 ) (-2048 -1024 128 ) 
4 121 127 (-2048 -2048 984.353027 ) (-2048 -2048 128 ) (-1024 -2048 128 ) (-1024 -2048 984.353027 ) 
4 121 122 (-1952 -1024 128 ) (-1024 -1024 128 ) (-1024 -2048 128 ) (-1952 -2048 128 ) 
4 121 124 (-2048 -2048 128 ) (-2048 -1024 128 ) (-1968 -1024 128 ) (-1968 -2048 128 ) 
4 122 127 (-1952 -2048 -284.352997 ) (-1024 -2048 -284.352997 ) (-1024 -2048 128 ) (-1952 -2048 128 ) 
4 122 123 (-1952 -1024 -284.352997 ) (-1952 -2048 -284.352997 ) (-1952 -2048 0 ) (-1952 -1024 0 ) 
4 123 127 (-1968 -2048 -284.352997 ) (-1952 -2048 -284.352997 ) (-1952 -2048 0 ) (-1968 -2048 0 ) 
4 123 124 (-1968 -1024 -284.352997 ) (-1968 -2048 -284.352997 ) (-1968 -2048 0 ) (-1968 -1024 0 ) 
4 124 134 (-2048 -2048 -284.352997 ) (-2048 -2048 128 ) (-2048 -1024 128 ) (-2048 -1024 -284.352997 ) 
4 124 127 (-2048 -2048 128 ) (-2048 -2048 -284.352997 ) (-1968 -2048 -284.352997 ) (-1968 -2048 128 ) 
4 125 126 (0 -2048 984.353027 ) (0 -2048 -284.352997 ) (0 -2301.580078 -284.352997 ) (0 -2301.580078 984.353027 ) 
4 126 127 (-1024 -2048 984.353027 ) (-1024 -2048 -284.352997 ) (-1024 -2301.580078 -284.352997 ) (-1024 -2301.580078 984.353027 ) 
4 127 136 (-2048 -2301.580078 984.353027 ) (-2048 -2048 984.353027 ) (-2048 -2048 -284.352997 ) (-2048 -2301.580078 -284.352997 ) 
4 128 130 (-2048 0 -284.352997 ) (-2048 0 984.353027 ) (-3072 0 984.353027 ) (-3072 0 -284.352997 ) 
4 128 129 (-3072 1024 984.353027 ) (-3072 1024 -284.352997 ) (-3072 0 -284.352997 ) (-3072 0 984.353027 ) 
4 129 132 (-4096 1024 984.353027 ) (-4096 1024 -284.352997 ) (-4096 0 -284.352997 ) (-4096 0 984.353027 ) 
4 129 131 (-3072 0 -284.352997 ) (-3072 0 984.353027 ) (-4096 0 984.353027 ) (-4096 0 -284.352997 ) 
4 130 134 (-2048 -1024 -284.352997 ) (-2048 -1024 984.353027 ) (-3072 -1024 984.353027 ) (-3072 -1024 -284.352997 ) 
4 130 131 (-3072 0 984.353027 ) (-3072 0 -284.352997 ) (-3072 -1024 -284.352997 ) (-3072 -1024 984.353027 ) 
4 131 135 (-3072 -1024 -284.352997 ) (-3072 -1024 984.353027 ) (-4096 -1024 984.353027 ) (-4096 -1024 -284.352997 ) 
4 131 133 (-4096 -1024 -284.352997 ) (-4096 -1024 984.353027 ) (-4096 0 984.353027 ) (-4096 0 -284.352997 ) 
4 132 133 (-4096 0 -284.352997 ) (-4096 0 984.353027 ) (-4443.610352 0 984.353027 ) (-4443.610352 0 -284.352997 ) 
4 133 138 (-4096 -1024 -284.352997 ) (-4096 -1024 984.353027 ) (-4443.610352 -1024 984.353027 ) (-4443.610352 -1024 -284.352997 ) 
4 134 136 (-2048 -2048 -284.352997 ) (-2048 -2048 984.353027 ) (-3072 -2048 984.353027 ) (-3072 -2048 -284.352997 ) 
4 134 135 (-3072 -1024 984.353027 ) (-3072 -1024 -284.352997 ) (-3072 -2048 -284.352997 ) (-3072 -2048 984.353027 ) 
4 135 138 (-4096 -1024 984.353027 ) (-4096 -1024 -284.352997 ) (-4096 -2048 -284.352997 ) (-4096 -2048 984.353027 ) 
4 135 137 (-3072 -2048 -284.352997 ) (-3072 -2048 984.353027 ) (-4096 -2048 984.353027 ) (-4096 -2048 -284.352997 ) 
4 136 137 (-3072 -2301.580078 984.353027 ) (-3072 -2048 984.353027 ) (-3072 -2048 -284.352997 ) (-3072 -2301.580078 -284.352997 ) 
4 137 139 (-4096 -2301.580078 984.353027 ) (-4096 -2048 984.353027 ) (-4096 -2048 -284.352997 ) (-4096 -2301.580078 -284.352997 ) 
4 138 139 (-4096 -2048 -284.352997 ) (-4096 -2048 984.353027 ) (-4443.610352 -2048 984.353027 ) (-4443.610352 -2048 -284.352997 ) 
