PRT1
76
226
4 0 3 (2027.750000 4096 28.823002 ) (1024 4096 28.823002 ) (1024 4096 -1011.530029 ) (2027.750000 4096 -1011.530029 ) 
4 0 1 (1024 4096 -1011.530029 ) (1024 4096 28.823002 ) (1024 4697.770508 28.823002 ) (1024 4697.770508 -1011.530029 ) 
4 1 5 (1024 4096 -1011.530029 ) (1024 4096 28.823002 ) (0 4096 28.823002 ) (0 4096 -1011.530029 ) 
4 1 2 (0 4697.770508 -1011.530029 ) (0 4096 -1011.530029 ) (0 4096 28.823002 ) (0 4697.770508 28.823002 ) 
4 2 9 (-1024 4096 -1011.530029 ) (-1024 4096 28.823002 ) (-1024 4697.770508 28.823002 ) (-1024 4697.770508 -1011.530029 ) 
4 2 6 (0 4096 -1011.530029 ) (0 4096 28.823002 ) (-1024 4096 28.823002 ) (-1024 4096 -1011.530029 ) 
4 3 5 (1024 4096 28.823002 ) (1024 4096 -1011.530029 ) (1024 3072 -1011.530029 ) (1024 3072 28.823002 ) 
4 3 4 (2027.750000 3072 28.823002 ) (1024 3072 28.823002 ) (1024 3072 -1011.530029 ) (2027.750000 3072 -1011.530029 ) 
4 4 21 (2027.750000 2048 28.823002 ) (1024 2048 28.823002 ) (1024 2048 -1011.530029 ) (2027.750000 2048 -1011.530029 ) 
4 4 7 (1024 2048 -1011.530029 ) (1024 2048 28.823002 ) (1024 3072 28.823002 ) (1024 3072 -1011.530029 ) 
4 5 7 (1024 3072 -1011.530029 ) (1024 3072 28.823002 ) (0 3072 28.823002 ) (0 3072 -1011.530029 ) 
4 5 6 (0 4096 28.823002 ) (0 4096 -1011.530029 ) (0 3072 -1011.530029 ) (0 3072 28.823002 ) 
4 6 11 (-1024 3072 -1011.530029 ) (-1024 3072 28.823002 ) (-1024 4096 28.823002 ) (-1024 4096 -1011.530029 ) 
4 6 8 (0 3072 -1011.530029 ) (0 3072 28.823002 ) (-1024 3072 28.823002 ) (-1024 3072 -1011.530029 ) 
4 7 22 (1024 2048 -1011.530029 ) (1024 2048 28.823002 ) (0 2048 28.823002 ) (0 2048 -1011.530029 ) 
4 7 8 (0 3072 28.823002 ) (0 3072 -1011.530029 ) (0 2048 -1011.530029 ) (0 2048 28.823002 ) 
4 8 23 (0 2048 -1011.530029 ) (0 2048 28.823002 ) (-1024 2048 28.823002 ) (-1024 2048 -1011.530029 ) 
4 8 13 (-1024 2048 -1011.530029 ) (-1024 2048 28.823002 ) (-1024 3072 28.823002 ) (-1024 3072 -1011.530029 ) 
4 9 11 (-1024 4096 -1011.530029 ) (-1024 4096 28.823002 ) (-2048 4096 28.823002 ) (-2048 4096 -1011.530029 ) 
4 9 10 (-2048 4096 -1011.530029 ) (-2048 4096 28.823002 ) (-2048 4697.770508 28.823002 ) (-2048 4697.770508 -1011.530029 ) 
4 10 15 (-3072 4096 -1011.530029 ) (-3072 4096 28.823002 ) (-3072 4697.770508 28.823002 ) (-3072 4697.770508 -1011.530029 ) 
4 10 12 (-2048 4096 -1011.530029 ) (-2048 4096 28.823002 ) (-3072 4096 28.823002 ) (-3072 4096 -1011.530029 ) 
4 11 13 (-1024 3072 -1011.530029 ) (-1024 3072 28.823002 ) (-2048 3072 28.823002 ) (-2048 3072 -1011.530029 ) 
4 11 12 (-2048 3072 -1011.530029 ) (-2048 3072 28.823002 ) (-2048 4096 28.823002 ) (-2048 4096 -1011.530029 ) 
4 12 17 (-3072 3072 -1011.530029 ) (-3072 3072 28.823002 ) (-3072 4096 28.823002 ) (-3072 4096 -1011.530029 ) 
4 12 14 (-3072 3072 28.823002 ) (-3072 3072 -1011.530029 ) (-2048 3072 -1011.530029 ) (-2048 3072 28.823002 ) 
4 13 43 (-1024 2048 -1011.530029 ) (-1024 2048 28.823002 ) (-2048 2048 28.823002 ) (-2048 2048 -1011.530029 ) 
4 13 14 (-2048 3072 28.823002 ) (-2048 3072 -1011.530029 ) (-2048 2048 -1011.530029 ) (-2048 2048 28.823002 ) 
4 14 44 (-2048 2048 -1011.530029 ) (-2048 2048 28.823002 ) (-3072 2048 28.823002 ) (-3072 2048 -1011.530029 ) 
4 14 18 (-3072 2048 -1011.530029 ) (-3072 2048 28.823002 ) (-3072 3072 28.823002 ) (-3072 3072 -1011.530029 ) 
4 15 17 (-3072 4096 -1011.530029 ) (-3072 4096 28.823002 ) (-4096 4096 28.823002 ) (-4096 4096 -1011.530029 ) 
4 15 16 (-4096 4096 -1011.530029 ) (-4096 4096 28.823002 ) (-4096 4697.770508 28.823002 ) (-4096 4697.770508 -1011.530029 ) 
4 16 19 (-4096 4096 -1011.530029 ) (-4096 4096 28.823002 ) (-4113.830078 4096 28.823002 ) (-4113.830078 4096 -1011.530029 ) 
4 17 19 (-4096 4096 28.823002 ) (-4096 4096 -1011.530029 ) (-4096 3072 -1011.530029 ) (-4096 3072 28.823002 ) 
4 17 18 (-3072 3072 -1011.530029 ) (-3072 3072 28.823002 ) (-4096 3072 28.823002 ) (-4096 3072 -1011.530029 ) 
4 18 49 (-3072 2048 -1011.530029 ) (-3072 2048 28.823002 ) (-4096 2048 28.823002 ) (-4096 2048 -1011.530029 ) 
4 18 20 (-4096 2048 -1011.530029 ) (-4096 2048 28.823002 ) (-4096 3072 28.823002 ) (-4096 3072 -1011.530029 ) 
4 19 20 (-4096 3072 -1011.530029 ) (-4096 3072 28.823002 ) (-4113.830078 3072 28.823002 ) (-4113.830078 3072 -1011.530029 ) 
4 20 50 (-4096 2048 -1011.530029 ) (-4096 2048 28.823002 ) (-4113.830078 2048 28.823002 ) (-4113.830078 2048 -1011.530029 ) 
4 21 24 (2027.750000 1024 28.823002 ) (1024 1024 28.823002 ) (1024 1024 -1011.530029 ) (2027.750000 1024 -1011.530029 ) 
4 21 22 (1024 2048 28.823002 ) (1024 2048 -1011.530029 ) (1024 1024 -1011.530029 ) (1024 1024 28.823002 ) 
4 22 26 (1024 1024 -1011.530029 ) (1024 1024 28.823002 ) (0 1024 28.823002 ) (0 1024 -1011.530029 ) 
4 22 23 (0 1024 -1011.530029 ) (0 1024 28.823002 ) (0 2048 28.823002 ) (0 2048 -1011.530029 ) 
4 23 43 (-1024 2048 28.823002 ) (-1024 2048 -1011.530029 ) (-1024 1024 -1011.530029 ) (-1024 1024 28.823002 ) 
4 23 27 (0 1024 -1011.530029 ) (0 1024 28.823002 ) (-1024 1024 28.823002 ) (-1024 1024 -1011.530029 ) 
4 24 26 (1024 1024 28.823002 ) (1024 1024 -1011.530029 ) (1024 0 -1011.530029 ) (1024 0 28.823002 ) 
4 24 25 (2027.750000 0 28.823002 ) (1024 0 28.823002 ) (1024 0 -1011.530029 ) (2027.750000 0 -1011.530029 ) 
4 25 31 (1988 -1024 28.823002 ) (1024 -1024 28.823002 ) (1024 -1024 -1011.530029 ) (1988 -1024 -1011.530029 ) 
4 25 30 (2027.750000 -1024 28.823002 ) (1988 -1024 28.823002 ) (1988 -1024 -1011.530029 ) (2027.750000 -1024 -1011.530029 ) 
4 25 28 (1024 -1024 -1011.530029 ) (1024 -1024 28.823002 ) (1024 0 28.823002 ) (1024 0 -1011.530029 ) 
4 26 28 (1024 0 -1011.530029 ) (1024 0 28.823002 ) (0 0 28.823002 ) (0 0 -1011.530029 ) 
4 26 27 (0 1024 28.823002 ) (0 1024 -1011.530029 ) (0 0 -1011.530029 ) (0 0 28.823002 ) 
4 27 45 (-1024 0 -1011.530029 ) (-1024 0 28.823002 ) (-1024 1024 28.823002 ) (-1024 1024 -1011.530029 ) 
4 27 29 (0 0 -1011.530029 ) (0 0 28.823002 ) (-1024 0 28.823002 ) (-1024 0 -1011.530029 ) 
4 28 30 (1024 -1024 -1011.530029 ) (1024 -1024 -955.530029 ) (0 -1024 -955.530029 ) (0 -1024 -1011.530029 ) 
4 28 32 (1024 -1024 -955.530029 ) (1024 -1024 28.823002 ) (0 -1024 28.823002 ) (0 -1024 -955.530029 ) 
4 28 29 (0 0 28.823002 ) (0 0 -1011.530029 ) (0 -1024 -1011.530029 ) (0 -1024 28.823002 ) 
4 29 47 (-1024 -1024 -1011.530029 ) (-1024 -1024 28.823002 ) (-1024 0 28.823002 ) (-1024 0 -1011.530029 ) 
4 29 40 (-785 -1024 -955.530029 ) (-1024 -1024 -955.530029 ) (-1024 -1024 -1011.530029 ) (-785 -1024 -1011.530029 ) 
4 29 30 (0 -1024 -1011.530029 ) (0 -1024 -955.530029 ) (-785 -1024 -955.530029 ) (-785 -1024 -1011.530029 ) 
4 29 39 (-785.833008 -1024 -811.530029 ) (-1024 -1024 -811.530029 ) (-1024 -1024 -955.530029 ) (-785.833008 -1024 -955.530029 ) 
4 29 38 (0 -1024 -955.530029 ) (0 -1024 -811.530029 ) (-785.833008 -1024 -811.530029 ) (-785.833008 -1024 -955.530029 ) 
4 29 37 (-1024 -1024 -763.530029 ) (-1024 -1024 -811.530029 ) (-785.833008 -1024 -811.530029 ) (-785.833008 -1024 -763.530029 ) 
4 29 36 (-801.833008 -1024 -699.530029 ) (-1024 -1024 -699.530029 ) (-1024 -1024 -763.530029 ) (-801.833008 -1024 -763.530029 ) 
4 29 35 (-785.833008 -1024 -699.530029 ) (-801.833008 -1024 -699.530029 ) (-801.833008 -1024 -763.530029 ) (-785.833008 -1024 -763.530029 ) 
4 29 34 (0 -1024 -811.530029 ) (0 -1024 -699.530029 ) (-785.833008 -1024 -699.530029 ) (-785.833008 -1024 -811.530029 ) 
4 29 33 (0 -1024 -699.530029 ) (0 -1024 28.823002 ) (-1024 -1024 28.823002 ) (-1024 -1024 -699.530029 ) 
4 30 31 (1988 -1024 -1011.530029 ) (1988 -1829.829956 -1011.530029 ) (1988 -1829.829956 28.823002 ) (1988 -1024 28.823002 ) 
4 30 34 (0 -1829.829956 -699.530029 ) (0 -1829.829956 -811.530029 ) (0 -1837 -811.530029 ) (0 -1837 -699.530029 ) 
4 30 55 (-1024 -2048 -571.530029 ) (-1024 -2048 28.823002 ) (-1024 -1829.829956 28.823002 ) (-1024 -1829.829956 -571.530029 ) 
4 30 34 (-781.053040 -1837 -699.530029 ) (-785.833069 -1829.829956 -699.530029 ) (0 -1829.829956 -699.530029 ) (0 -1837 -699.530029 ) 
4 30 40 (-785 -1024 -1011.530029 ) (-785 -1829.790039 -1011.530029 ) (-785 -1829.790039 -955.530029 ) (-785 -1024 -955.530029 ) 
4 30 41 (0 -2469.830078 -955.530029 ) (0 -2637.430176 -955.530029 ) (0 -2637.430176 -811.530029 ) (0 -2469.830078 -811.530029 ) 
4 30 41 (0 -2469.830078 -811.530029 ) (0 -2637.430176 -811.530029 ) (-1024 -2637.430176 -811.530029 ) (-1024 -2469.830078 -811.530029 ) 
4 30 41 (0 -2469.830078 -827.530029 ) (0 -2469.830078 -811.530029 ) (-783 -2469.830078 -811.530029 ) (-783 -2469.830078 -827.530029 ) 
4 30 41 (-783 -2469.830078 -811.530029 ) (-1024 -2469.830078 -811.530029 ) (-1024 -2469.830078 -827.530029 ) (-783 -2469.830078 -827.530029 ) 
4 30 41 (-273.830017 -2469.830078 -955.530029 ) (0 -2469.830078 -955.530029 ) (0 -2469.830078 -827.530029 ) (-273.830017 -2469.830078 -827.530029 ) 
4 30 41 (-1024 -2469.830078 -955.530029 ) (-289.830017 -2469.830078 -955.530029 ) (-289.830017 -2469.830078 -827.530029 ) (-1024 -2469.830078 -827.530029 ) 
4 30 60 (-2048 -1846 -699.530029 ) (-2048 -1829.829956 -699.530029 ) (-1553.829956 -1829.829956 -699.530029 ) (-1575.390015 -1846 -699.530029 ) 
4 30 60 (-1057.829956 -1837.780029 -706.400085 ) (-1057.829956 -1837.780029 -699.530029 ) (-1057.829956 -1829.780029 -699.530029 ) (-1057.829956 -1829.780029 -706.400085 ) 
4 30 62 (-1057.829956 -1837 -763.530029 ) (-1057.829956 -1829.780029 -763.530029 ) (-1042 -1829.780029 -763.530029 ) (-1042 -1837 -763.530029 ) 
4 30 60 (-1057.829956 -1829.780029 -763.530029 ) (-1057.829956 -1837.780029 -763.530029 ) (-1057.829956 -1837.780029 -706.400085 ) (-1057.829956 -1829.780029 -706.400085 ) 
4 30 60 (-1057.829956 -1837.780029 -763.530029 ) (-1057.829956 -1846 -763.530029 ) (-1057.829956 -1846 -699.530029 ) (-1057.829956 -1837.780029 -699.530029 ) 
4 30 64 (-2048 -1828.650146 -827.530029 ) (-2048 -1024 -827.530029 ) (-1554.579956 -1024 -827.530029 ) (-1554.579956 -1828.650146 -827.530029 ) 
4 30 65 (-1554.579956 -1829.790039 -955.530029 ) (-1554.579956 -1024 -955.530029 ) (-1024 -1024 -955.530029 ) (-1024 -1829.790039 -955.530029 ) 
4 30 64 (-1554.579956 -1024 -955.530029 ) (-1554.579956 -1828.650146 -955.530029 ) (-1554.579956 -1828.650146 -827.530029 ) (-1554.579956 -1024 -827.530029 ) 
4 30 70 (-3072 -1024 28.823002 ) (-3072 -1024 -827.530029 ) (-3072 -1828.650146 -827.530029 ) (-3072 -1828.650146 28.823002 ) 
4 30 66 (-3072 -1828.650146 -827.530029 ) (-3072 -1024 -827.530029 ) (-2048 -1024 -827.530029 ) (-2048 -1828.650146 -827.530029 ) 
4 30 68 (-2048 -2637.430176 -827.530029 ) (-2048 -2469.830078 -827.530029 ) (-2048 -2469.830078 -955.530029 ) (-2048 -2637.430176 -955.530029 ) 
4 30 68 (-2048 -2469.830078 -827.530029 ) (-2048 -2637.430176 -827.530029 ) (-3072 -2637.430176 -827.530029 ) (-3072 -2469.830078 -827.530029 ) 
4 30 68 (-2049.830078 -2469.830078 -955.530029 ) (-2048 -2469.830078 -955.530029 ) (-2048 -2469.830078 -827.530029 ) (-2049.830078 -2469.830078 -827.530029 ) 
4 30 68 (-3072 -2469.830078 -955.530029 ) (-2065.838135 -2469.830078 -955.530029 ) (-2065.838135 -2469.830078 -827.530029 ) (-3072 -2469.830078 -827.530029 ) 
4 30 71 (-4096 -1024 28.823002 ) (-4096 -1024 -955.530029 ) (-4096 -2048 -955.530029 ) (-4096 -2048 28.823002 ) 
4 30 71 (-4096 -1024 -955.530029 ) (-4096 -1024 -1011.530029 ) (-4096 -2048 -1011.530029 ) (-4096 -2048 -955.530029 ) 
4 30 72 (-4096 -2373.830078 28.823002 ) (-4096 -2213.830078 28.823002 ) (-4096 -2213.830078 -1239.880127 ) (-4096 -2373.830078 -1239.880127 ) 
4 30 73 (-4096 -2389.830078 28.823002 ) (-4096 -2373.830078 28.823002 ) (-4096 -2373.830078 -827.530029 ) (-4096 -2389.830078 -827.530029 ) 
4 30 74 (-4096 -2373.830078 -955.530029 ) (-4096 -2373.830078 -1239.880127 ) (-4096 -2389.830078 -1239.880127 ) (-4096 -2389.830078 -955.530029 ) 
4 30 75 (-4096 -2637.430176 28.823002 ) (-4096 -2389.830078 28.823002 ) (-4096 -2389.830078 -1239.880127 ) (-4096 -2637.430176 -1239.880127 ) 
4 30 72 (-4096 -2213.830078 -1011.530029 ) (-4096 -2213.830078 28.823002 ) (-4113.830078 -2213.830078 28.823002 ) (-4113.830078 -2213.830078 -1011.530029 ) 
4 31 30 (1024 -1024 -955.530029 ) (1024 -1024 -1011.530029 ) (1024 -1829.829956 -1011.530029 ) (1024 -1829.829956 -955.530029 ) 
4 31 32 (1024 -1024 28.823002 ) (1024 -1024 -955.530029 ) (1024 -1829.829956 -955.530029 ) (1024 -1829.829956 28.823002 ) 
4 31 30 (1988 -1829.829956 -827.530029 ) (1988 -1829.829956 28.823002 ) (1024 -1829.829956 28.823002 ) (1024 -1829.829956 -827.530029 ) 
4 31 30 (1024 -1829.829956 -1011.530029 ) (1988 -1829.829956 -1011.530029 ) (1988 -1829.829956 -955.530029 ) (1024 -1829.829956 -955.530029 ) 
4 32 38 (0 -1024 -811.530029 ) (0 -1024 -955.530029 ) (0 -1829.829956 -955.530029 ) (0 -1829.829956 -811.530029 ) 
4 32 34 (0 -1024 -699.530029 ) (0 -1024 -811.530029 ) (0 -1829.829956 -811.530029 ) (0 -1829.829956 -699.530029 ) 
4 32 33 (0 -1829.829956 28.823002 ) (0 -1024 28.823002 ) (0 -1024 -699.530029 ) (0 -1829.829956 -699.530029 ) 
4 32 30 (0 -1829.829956 -955.530029 ) (0 -1024 -955.530029 ) (1024 -1024 -955.530029 ) (1024 -1829.829956 -955.530029 ) 
4 32 30 (1024 -1829.829956 -827.530029 ) (1024 -1829.829956 28.823002 ) (0 -1829.829956 28.823002 ) (0 -1829.829956 -827.530029 ) 
4 33 56 (-1024 -1024 -571.530029 ) (-1024 -1024 -699.530029 ) (-1024 -1829.829956 -699.530029 ) (-1024 -1829.829956 -571.530029 ) 
4 33 55 (-1024 -1829.829956 28.823002 ) (-1024 -1024 28.823002 ) (-1024 -1024 -571.530029 ) (-1024 -1829.829956 -571.530029 ) 
4 33 36 (-1024 -1829.829956 -699.530029 ) (-1024 -1024 -699.530029 ) (-801.833008 -1024 -699.530029 ) (-801.833008 -1829.829956 -699.530029 ) 
4 33 35 (-801.833008 -1024 -699.530029 ) (-785.833008 -1024 -699.530029 ) (-785.833008 -1829.829956 -699.530029 ) (-801.833008 -1829.829956 -699.530029 ) 
4 33 34 (-785.833008 -1024 -699.530029 ) (0 -1024 -699.530029 ) (0 -1829.829956 -699.530029 ) (-785.833008 -1829.829956 -699.530029 ) 
4 33 30 (-785.833069 -1829.829956 -699.530029 ) (0 -1829.829956 -699.530029 ) (0 -1829.829956 -571.530029 ) (-785.833069 -1829.829956 -571.530029 ) 
4 33 30 (0 -1829.829956 -571.530029 ) (0 -1829.829956 28.823002 ) (-1024 -1829.829956 28.823002 ) (-1024 -1829.829956 -571.530029 ) 
4 34 30 (0 -1829.829956 -811.530029 ) (0 -1837 -811.530029 ) (-785.833008 -1837 -811.530029 ) (-785.833008 -1829.829956 -811.530029 ) 
4 34 38 (-785.833008 -1024 -811.530029 ) (0 -1024 -811.530029 ) (0 -1829.829956 -811.530029 ) (-785.833008 -1829.829956 -811.530029 ) 
4 34 30 (-785 -1837 -811.530029 ) (0 -1837 -811.530029 ) (0 -1837 -699.530029 ) (-785 -1837 -699.530029 ) 
4 34 37 (-785.833008 -1024 -811.530029 ) (-785.833008 -1829.829956 -811.530029 ) (-785.833008 -1829.829956 -763.530029 ) (-785.833008 -1024 -763.530029 ) 
4 34 35 (-785.833008 -1829.829956 -699.530029 ) (-785.833008 -1024 -699.530029 ) (-785.833008 -1024 -763.530029 ) (-785.833008 -1829.829956 -763.530029 ) 
4 35 37 (-801.833008 -1024 -763.530029 ) (-785.833008 -1024 -763.530029 ) (-785.833008 -1829.829956 -763.530029 ) (-801.833008 -1829.829956 -763.530029 ) 
4 35 36 (-801.833008 -1024 -763.530029 ) (-801.833008 -1829.829956 -763.530029 ) (-801.833008 -1829.829956 -699.530029 ) (-801.833008 -1024 -699.530029 ) 
4 36 57 (-1024 -1829.780029 -699.530029 ) (-1024 -1024 -699.530029 ) (-1024 -1024 -763.530029 ) (-1024 -1829.780029 -763.530029 ) 
4 36 37 (-1024 -1024 -763.530029 ) (-801.833008 -1024 -763.530029 ) (-801.833008 -1829.780029 -763.530029 ) (-1024 -1829.780029 -763.530029 ) 
4 36 30 (-1024 -1829.780029 -763.530029 ) (-801.833008 -1829.780029 -763.530029 ) (-801.833008 -1829.780029 -706.423035 ) (-1024 -1829.780029 -706.423035 ) 
4 37 61 (-1024 -1024 -763.530029 ) (-1024 -1024 -811.530029 ) (-1024 -1829.829956 -811.530029 ) (-1024 -1829.829956 -763.530029 ) 
4 37 39 (-1024 -1829.829956 -811.530029 ) (-1024 -1024 -811.530029 ) (-785.833008 -1024 -811.530029 ) (-785.833008 -1829.829956 -811.530029 ) 
4 38 40 (-785.833008 -1829.829956 -955.530029 ) (-785.833008 -1024 -955.530029 ) (-785 -1024 -955.530029 ) (-785 -1829.829956 -955.530029 ) 
4 38 30 (-785 -1024 -955.530029 ) (0 -1024 -955.530029 ) (0 -1829.829956 -955.530029 ) (-785 -1829.829956 -955.530029 ) 
4 38 39 (-785.833008 -1024 -955.530029 ) (-785.833008 -1829.829956 -955.530029 ) (-785.833008 -1829.829956 -811.530029 ) (-785.833008 -1024 -811.530029 ) 
4 38 30 (-785.833008 -1829.829956 -811.530029 ) (-785.833008 -1829.829956 -827.530029 ) (0 -1829.829956 -827.530029 ) (0 -1829.829956 -811.530029 ) 
4 39 30 (-1024 -1024 -827.530029 ) (-1024 -1024 -955.530029 ) (-1024 -1829.829956 -955.530029 ) (-1024 -1829.829956 -827.530029 ) 
4 39 63 (-1024 -1829.829956 -811.530029 ) (-1024 -1024 -811.530029 ) (-1024 -1024 -827.530029 ) (-1024 -1829.829956 -827.530029 ) 
4 39 40 (-1024 -1829.829956 -955.530029 ) (-1024 -1024 -955.530029 ) (-785.833008 -1024 -955.530029 ) (-785.833008 -1829.829956 -955.530029 ) 
4 39 30 (-1024 -1829.829956 -955.530029 ) (-785.833008 -1829.829956 -955.530029 ) (-785.833008 -1829.829956 -827.530029 ) (-1024 -1829.829956 -827.530029 ) 
4 40 65 (-1024 -1829.790039 -955.530029 ) (-1024 -1024 -955.530029 ) (-1024 -1024 -1011.530029 ) (-1024 -1829.790039 -1011.530029 ) 
4 41 30 (-1024 -2469.830078 -827.530029 ) (-1024 -2469.830078 -955.530029 ) (-1024 -2637.430176 -955.530029 ) (-1024 -2637.430176 -827.530029 ) 
4 41 30 (-1024 -2637.430176 -811.530029 ) (-1024 -2469.830078 -811.530029 ) (-1024 -2469.830078 -827.530029 ) (-1024 -2637.430176 -827.530029 ) 
4 41 30 (0 -2469.830078 -955.530029 ) (0 -2637.430176 -955.530029 ) (-1024 -2637.430176 -955.530029 ) (-1024 -2469.830078 -955.530029 ) 
4 42 30 (-785 -2214 -1239.880127 ) (0 -2214 -1239.880127 ) (0 -2214 -1011.530029 ) (-785 -2214 -1011.530029 ) 
4 43 45 (-1024 1024 -1011.530029 ) (-1024 1024 28.823002 ) (-2048 1024 28.823002 ) (-2048 1024 -1011.530029 ) 
4 43 44 (-2048 2048 28.823002 ) (-2048 2048 -1011.530029 ) (-2048 1024 -1011.530029 ) (-2048 1024 28.823002 ) 
4 44 49 (-3072 2048 28.823002 ) (-3072 2048 -1011.530029 ) (-3072 1024 -1011.530029 ) (-3072 1024 28.823002 ) 
4 44 46 (-2048 1024 -1011.530029 ) (-2048 1024 28.823002 ) (-3072 1024 28.823002 ) (-3072 1024 -1011.530029 ) 
4 45 47 (-1024 0 -1011.530029 ) (-1024 0 28.823002 ) (-2048 0 28.823002 ) (-2048 0 -1011.530029 ) 
4 45 46 (-2048 0 -1011.530029 ) (-2048 0 28.823002 ) (-2048 1024 28.823002 ) (-2048 1024 -1011.530029 ) 
4 46 51 (-3072 0 -1011.530029 ) (-3072 0 28.823002 ) (-3072 1024 28.823002 ) (-3072 1024 -1011.530029 ) 
4 46 48 (-3072 0 28.823002 ) (-3072 0 -1011.530029 ) (-2048 0 -1011.530029 ) (-2048 0 28.823002 ) 
4 47 65 (-1024 -1024 -1011.530029 ) (-1024 -1024 -955.530029 ) (-2048 -1024 -955.530029 ) (-2048 -1024 -1011.530029 ) 
4 47 64 (-1554.579956 -1024 -827.530029 ) (-2048 -1024 -827.530029 ) (-2048 -1024 -955.530029 ) (-1554.579956 -1024 -955.530029 ) 
4 47 30 (-1024 -1024 -955.530029 ) (-1024 -1024 -827.530029 ) (-1554.579956 -1024 -827.530029 ) (-1554.579956 -1024 -955.530029 ) 
4 47 63 (-1024 -1024 -827.530029 ) (-1024 -1024 -811.530029 ) (-1041.829956 -1024 -811.530029 ) (-1041.829956 -1024 -827.530029 ) 
4 47 30 (-1041.829956 -1024 -811.530029 ) (-2048 -1024 -811.530029 ) (-2048 -1024 -827.530029 ) (-1041.829956 -1024 -827.530029 ) 
4 47 61 (-1024 -1024 -811.530029 ) (-1024 -1024 -763.530029 ) (-1041.829956 -1024 -763.530029 ) (-1041.829956 -1024 -811.530029 ) 
4 47 62 (-1041.829956 -1024 -763.530029 ) (-2048 -1024 -763.530029 ) (-2048 -1024 -811.530029 ) (-1041.829956 -1024 -811.530029 ) 
4 47 59 (-1042 -1024 -699.530029 ) (-1057.829956 -1024 -699.530029 ) (-1057.829956 -1024 -763.530029 ) (-1042 -1024 -763.530029 ) 
4 47 60 (-1057.829956 -1024 -699.530029 ) (-2048 -1024 -699.530029 ) (-2048 -1024 -763.530029 ) (-1057.829956 -1024 -763.530029 ) 
4 47 58 (-1025.829956 -1024 -699.530029 ) (-1042 -1024 -699.530029 ) (-1042 -1024 -763.530029 ) (-1025.829956 -1024 -763.530029 ) 
4 47 57 (-1024 -1024 -763.530029 ) (-1024 -1024 -699.530029 ) (-1025.829956 -1024 -699.530029 ) (-1025.829956 -1024 -763.530029 ) 
4 47 56 (-1024 -1024 -699.530029 ) (-1024 -1024 -571.530029 ) (-2048 -1024 -571.530029 ) (-2048 -1024 -699.530029 ) 
4 47 55 (-1024 -1024 -571.530029 ) (-1024 -1024 28.823002 ) (-2048 -1024 28.823002 ) (-2048 -1024 -571.530029 ) 
4 47 48 (-2048 0 28.823002 ) (-2048 0 -1011.530029 ) (-2048 -1024 -1011.530029 ) (-2048 -1024 28.823002 ) 
4 48 67 (-2048 -1024 -1011.530029 ) (-2048 -1024 -955.530029 ) (-2066 -1024 -955.530029 ) (-2066 -1024 -1011.530029 ) 
4 48 30 (-2066 -1024 -955.530029 ) (-3072 -1024 -955.530029 ) (-3072 -1024 -1011.530029 ) (-2066 -1024 -1011.530029 ) 
4 48 66 (-2048 -1024 -955.530029 ) (-2048 -1024 -827.530029 ) (-3072 -1024 -827.530029 ) (-3072 -1024 -955.530029 ) 
4 48 30 (-2048 -1024 -827.530029 ) (-2048 -1024 28.823002 ) (-3072 -1024 28.823002 ) (-3072 -1024 -827.530029 ) 
4 48 52 (-3072 -1024 -1011.530029 ) (-3072 -1024 28.823002 ) (-3072 0 28.823002 ) (-3072 0 -1011.530029 ) 
4 49 51 (-3072 1024 -1011.530029 ) (-3072 1024 28.823002 ) (-4096 1024 28.823002 ) (-4096 1024 -1011.530029 ) 
4 49 50 (-4096 2048 28.823002 ) (-4096 2048 -1011.530029 ) (-4096 1024 -1011.530029 ) (-4096 1024 28.823002 ) 
4 50 53 (-4096 1024 -1011.530029 ) (-4096 1024 28.823002 ) (-4113.830078 1024 28.823002 ) (-4113.830078 1024 -1011.530029 ) 
4 51 53 (-4096 1024 28.823002 ) (-4096 1024 -1011.530029 ) (-4096 0 -1011.530029 ) (-4096 0 28.823002 ) 
4 51 52 (-3072 0 -1011.530029 ) (-3072 0 28.823002 ) (-4096 0 28.823002 ) (-4096 0 -1011.530029 ) 
4 52 30 (-3072 -1024 -1011.530029 ) (-3072 -1024 -955.530029 ) (-4096 -1024 -955.530029 ) (-4096 -1024 -1011.530029 ) 
4 52 70 (-3072 -1024 -955.530029 ) (-3072 -1024 28.823002 ) (-4088 -1024 28.823002 ) (-4088 -1024 -955.530029 ) 
4 52 30 (-4088 -1024 28.823002 ) (-4096 -1024 28.823002 ) (-4096 -1024 -955.530029 ) (-4088 -1024 -955.530029 ) 
4 52 54 (-4096 -1024 -1011.530029 ) (-4096 -1024 28.823002 ) (-4096 0 28.823002 ) (-4096 0 -1011.530029 ) 
4 53 54 (-4096 0 -1011.530029 ) (-4096 0 28.823002 ) (-4113.830078 0 28.823002 ) (-4113.830078 0 -1011.530029 ) 
4 54 71 (-4096 -1024 -1011.530029 ) (-4096 -1024 28.823002 ) (-4113.830078 -1024 28.823002 ) (-4113.830078 -1024 -1011.530029 ) 
4 55 30 (-1024 -2048 -571.530029 ) (-1024 -2048 28.823002 ) (-2048 -2048 28.823002 ) (-2048 -2048 -571.530029 ) 
4 55 30 (-2048 -1024 28.823002 ) (-2048 -1024 -571.530029 ) (-2048 -2048 -571.530029 ) (-2048 -2048 28.823002 ) 
4 55 30 (-2048 -2048 -571.530029 ) (-2048 -1829.829956 -571.530029 ) (-1553.829956 -1829.829956 -571.530029 ) (-1844.723267 -2048 -571.530029 ) 
4 55 56 (-2048 -1829.829956 -571.530029 ) (-2048 -1024 -571.530029 ) (-1024 -1024 -571.530029 ) (-1024 -1829.829956 -571.530029 ) 
4 56 30 (-2048 -1024 -571.530029 ) (-2048 -1024 -699.530029 ) (-2048 -1829.829956 -699.530029 ) (-2048 -1829.829956 -571.530029 ) 
4 56 59 (-1057.829956 -1024 -699.530029 ) (-1042 -1024 -699.530029 ) (-1042 -1829.829956 -699.530029 ) (-1057.829956 -1829.829956 -699.530029 ) 
4 56 60 (-2048 -1829.829956 -699.530029 ) (-2048 -1024 -699.530029 ) (-1057.829956 -1024 -699.530029 ) (-1057.829956 -1829.829956 -699.530029 ) 
4 56 58 (-1042 -1024 -699.530029 ) (-1025.829956 -1024 -699.530029 ) (-1025.829956 -1829.829956 -699.530029 ) (-1042 -1829.829956 -699.530029 ) 
4 56 57 (-1025.829956 -1024 -699.530029 ) (-1024 -1024 -699.530029 ) (-1024 -1829.829956 -699.530029 ) (-1025.829956 -1829.829956 -699.530029 ) 
4 56 30 (-2048 -1829.829956 -699.530029 ) (-1553.829956 -1829.829956 -699.530029 ) (-1553.829956 -1829.829956 -571.530029 ) (-2048 -1829.829956 -571.530029 ) 
4 57 61 (-1025.829956 -1829.780029 -763.530029 ) (-1025.829956 -1024 -763.530029 ) (-1024 -1024 -763.530029 ) (-1024 -1829.780029 -763.530029 ) 
4 57 58 (-1025.829956 -1024 -763.530029 ) (-1025.829956 -1829.780029 -763.530029 ) (-1025.829956 -1829.780029 -699.530029 ) (-1025.829956 -1024 -699.530029 ) 
4 57 30 (-1025.829956 -1829.780029 -706.423035 ) (-1025.829956 -1829.780029 -763.530029 ) (-1024 -1829.780029 -763.530029 ) (-1024 -1829.780029 -706.423035 ) 
4 58 61 (-1042 -1829.780029 -763.530029 ) (-1042 -1024 -763.530029 ) (-1025.829956 -1024 -763.530029 ) (-1025.829956 -1829.780029 -763.530029 ) 
4 58 59 (-1042 -1024 -763.530029 ) (-1042 -1829.780029 -763.530029 ) (-1042 -1829.780029 -699.530029 ) (-1042 -1024 -699.530029 ) 
4 59 62 (-1057.829956 -1829.780029 -763.530029 ) (-1057.829956 -1024 -763.530029 ) (-1042 -1024 -763.530029 ) (-1042 -1829.780029 -763.530029 ) 
4 59 30 (-1057.829956 -1829.780029 -706.400085 ) (-1057.829956 -1829.780029 -763.530029 ) (-1042 -1829.780029 -763.530029 ) (-1042 -1829.780029 -706.400085 ) 
4 59 30 (-1057.829956 -1829.780029 -699.530029 ) (-1057.829956 -1829.780029 -706.400085 ) (-1042 -1829.780029 -706.400085 ) (-1042 -1829.780029 -699.530029 ) 
4 59 60 (-1057.829956 -1024 -763.530029 ) (-1057.829956 -1829.780029 -763.530029 ) (-1057.829956 -1829.780029 -699.530029 ) (-1057.829956 -1024 -699.530029 ) 
4 60 30 (-2048 -1024 -699.530029 ) (-2048 -1024 -763.530029 ) (-2048 -1846 -763.530029 ) (-2048 -1846 -699.530029 ) 
4 60 30 (-1057.829956 -1846 -763.530029 ) (-2048 -1846 -763.530029 ) (-2048 -1837 -763.530029 ) (-1057.829956 -1837 -763.530029 ) 
4 60 62 (-2048 -1837 -763.530029 ) (-2048 -1024 -763.530029 ) (-1057.829956 -1024 -763.530029 ) (-1057.829956 -1837 -763.530029 ) 
4 60 30 (-1057.829956 -1846 -699.530029 ) (-2048 -1846 -699.530029 ) (-2048 -1846 -763.530029 ) (-1057.829956 -1846 -763.530029 ) 
4 61 63 (-1041.829956 -1024 -811.530029 ) (-1024 -1024 -811.530029 ) (-1024 -1829.829956 -811.530029 ) (-1041.829956 -1829.829956 -811.530029 ) 
4 61 62 (-1041.829956 -1024 -811.530029 ) (-1041.829956 -1829.829956 -811.530029 ) (-1041.829956 -1829.829956 -763.530029 ) (-1041.829956 -1024 -763.530029 ) 
4 62 30 (-2048 -1024 -763.530029 ) (-2048 -1024 -811.530029 ) (-2048 -1837 -811.530029 ) (-2048 -1837 -763.530029 ) 
4 62 30 (-2048 -1837 -811.530029 ) (-2048 -1024 -811.530029 ) (-1041.829956 -1024 -811.530029 ) (-1041.829956 -1837 -811.530029 ) 
4 62 30 (-2048 -1837 -811.530029 ) (-1041.829956 -1837 -811.530029 ) (-1041.829956 -1837 -763.530029 ) (-2048 -1837 -763.530029 ) 
4 63 30 (-1041.829956 -1024 -827.530029 ) (-1024 -1024 -827.530029 ) (-1024 -1829.829956 -827.530029 ) (-1041.829956 -1829.829956 -827.530029 ) 
4 63 30 (-1041.829956 -1024 -827.530029 ) (-1041.829956 -1829.829956 -827.530029 ) (-1041.829956 -1829.829956 -811.530029 ) (-1041.829956 -1024 -811.530029 ) 
4 64 66 (-2048 -1024 -827.530029 ) (-2048 -1024 -955.530029 ) (-2048 -1828.650146 -955.530029 ) (-2048 -1828.650146 -827.530029 ) 
4 64 65 (-2048 -1828.650146 -955.530029 ) (-2048 -1024 -955.530029 ) (-1554.579956 -1024 -955.530029 ) (-1554.579956 -1828.650146 -955.530029 ) 
4 65 67 (-2048 -1024 -955.530029 ) (-2048 -1024 -1011.530029 ) (-2048 -1829.790039 -1011.530029 ) (-2048 -1829.790039 -955.530029 ) 
4 66 70 (-3072 -1024 -827.530029 ) (-3072 -1024 -955.530029 ) (-3072 -1828.650146 -955.530029 ) (-3072 -1828.650146 -827.530029 ) 
4 66 67 (-2066 -1024 -955.530029 ) (-2048 -1024 -955.530029 ) (-2048 -1828.650146 -955.530029 ) (-2066 -1828.650146 -955.530029 ) 
4 66 30 (-3072 -1024 -955.530029 ) (-2066 -1024 -955.530029 ) (-2066 -1828.650146 -955.530029 ) (-3072 -1828.650146 -955.530029 ) 
4 67 30 (-2066 -1024 -1011.530029 ) (-2066 -1829.790039 -1011.530029 ) (-2066 -1829.790039 -955.530029 ) (-2066 -1024 -955.530029 ) 
4 68 30 (-3072 -2637.430176 -827.530029 ) (-3072 -2469.830078 -827.530029 ) (-3072 -2469.830078 -955.530029 ) (-3072 -2637.430176 -955.530029 ) 
4 68 30 (-2048 -2469.830078 -955.530029 ) (-2048 -2637.430176 -955.530029 ) (-3072 -2637.430176 -955.530029 ) (-3072 -2469.830078 -955.530029 ) 
4 69 30 (-3072 -2214 -1239.880127 ) (-2066 -2214 -1239.880127 ) (-2066 -2214 -1011.530029 ) (-3072 -2214 -1011.530029 ) 
4 70 30 (-4088 -1828.650146 -955.530029 ) (-4088 -1024 -955.530029 ) (-3072 -1024 -955.530029 ) (-3072 -1828.650146 -955.530029 ) 
4 70 30 (-4088 -1828.650146 28.823002 ) (-4088 -1828.650146 -827.530029 ) (-3072 -1828.650146 -827.530029 ) (-3072 -1828.650146 28.823002 ) 
4 70 30 (-4088 -1024 -955.530029 ) (-4088 -1828.650146 -955.530029 ) (-4088 -1828.650146 28.823002 ) (-4088 -1024 28.823002 ) 
4 71 30 (-4096 -2048 -1011.530029 ) (-4096 -2048 28.823002 ) (-4113.830078 -2048 28.823002 ) (-4113.830078 -2048 -1011.530029 ) 
4 72 73 (-4113.830078 -2373.830078 28.823002 ) (-4113.830078 -2373.830078 -827.530029 ) (-4096 -2373.830078 -827.530029 ) (-4096 -2373.830078 28.823002 ) 
4 72 74 (-4113.830078 -2373.830078 -955.530029 ) (-4113.830078 -2373.830078 -1239.880127 ) (-4096 -2373.830078 -1239.880127 ) (-4096 -2373.830078 -955.530029 ) 
4 73 75 (-4113.830078 -2389.830078 28.823002 ) (-4113.830078 -2389.830078 -827.530029 ) (-4096 -2389.830078 -827.530029 ) (-4096 -2389.830078 28.823002 ) 
4 74 75 (-4113.830078 -2389.830078 -955.530029 ) (-4113.830078 -2389.830078 -1239.880127 ) (-4096 -2389.830078 -1239.880127 ) (-4096 -2389.830078 -955.530029 ) 
