PRT1
72
189
4 0 3 (5536.620117 4096 984.353027 ) (5120 4096 984.353027 ) (5120 4096 -284.352997 ) (5536.620117 4096 -284.352997 ) 
4 0 2 (5120 4096 -284.352997 ) (5120 4096 984.353027 ) (5120 4237.580078 984.353027 ) (5120 4237.580078 -284.352997 ) 
4 2 9 (4096 4096 -284.352997 ) (4096 4096 984.353027 ) (4096 4237.580078 984.353027 ) (4096 4237.580078 -284.352997 ) 
4 2 4 (5120 4096 -284.352997 ) (5120 4096 984.353027 ) (4096 4096 984.353027 ) (4096 4096 -284.352997 ) 
4 3 5 (5536.620117 3072 984.353027 ) (5120 3072 984.353027 ) (5120 3072 -284.352997 ) (5536.620117 3072 -284.352997 ) 
4 3 4 (5120 4096 984.353027 ) (5120 4096 -284.352997 ) (5120 3072 -284.352997 ) (5120 3072 984.353027 ) 
4 4 12 (4096 3072 -284.352997 ) (4096 3072 984.353027 ) (4096 4096 984.353027 ) (4096 4096 -284.352997 ) 
4 4 6 (4096 3072 984.353027 ) (4096 3072 -284.352997 ) (5120 3072 -284.352997 ) (5120 3072 984.353027 ) 
4 5 7 (5536.620117 2048 984.353027 ) (5120 2048 984.353027 ) (5120 2048 -284.352997 ) (5536.620117 2048 -284.352997 ) 
4 5 6 (5120 3072 984.353027 ) (5120 3072 -284.352997 ) (5120 2048 -284.352997 ) (5120 2048 984.353027 ) 
4 6 15 (4096 2048 -284.352997 ) (4096 2048 984.353027 ) (4096 3072 984.353027 ) (4096 3072 -284.352997 ) 
4 6 8 (4096 2048 984.353027 ) (4096 2048 -284.352997 ) (5120 2048 -284.352997 ) (5120 2048 984.353027 ) 
4 7 21 (5536.620117 1024 984.353027 ) (5120 1024 984.353027 ) (5120 1024 -284.352997 ) (5536.620117 1024 -284.352997 ) 
4 7 8 (5120 2048 984.353027 ) (5120 2048 -284.352997 ) (5120 1024 -284.352997 ) (5120 1024 984.353027 ) 
4 8 22 (5120 1024 -284.352997 ) (5120 1024 984.353027 ) (4096 1024 984.353027 ) (4096 1024 -284.352997 ) 
4 8 16 (4096 1024 -284.352997 ) (4096 1024 984.353027 ) (4096 2048 984.353027 ) (4096 2048 -284.352997 ) 
4 9 12 (4096 4096 -284.352997 ) (4096 4096 984.353027 ) (3072 4096 984.353027 ) (3072 4096 -284.352997 ) 
4 9 10 (3072 4096 -284.352997 ) (3072 4096 984.353027 ) (3072 4237.580078 984.353027 ) (3072 4237.580078 -284.352997 ) 
4 10 13 (3072 4096 -284.352997 ) (3072 4096 984.353027 ) (2048 4096 984.353027 ) (2048 4096 -284.352997 ) 
4 10 11 (2048 4096 -284.352997 ) (2048 4096 984.353027 ) (2048 4237.580078 984.353027 ) (2048 4237.580078 -284.352997 ) 
4 11 41 (1024 4096 -284.352997 ) (1024 4096 984.353027 ) (1024 4237.580078 984.353027 ) (1024 4237.580078 -284.352997 ) 
4 11 14 (2048 4096 -284.352997 ) (2048 4096 984.353027 ) (1024 4096 984.353027 ) (1024 4096 -284.352997 ) 
4 12 15 (4096 3072 -284.352997 ) (4096 3072 984.353027 ) (3072 3072 984.353027 ) (3072 3072 -284.352997 ) 
4 12 13 (3072 3072 -284.352997 ) (3072 3072 984.353027 ) (3072 4096 984.353027 ) (3072 4096 -284.352997 ) 
4 13 17 (3072 3072 -284.352997 ) (3072 3072 984.353027 ) (2048 3072 984.353027 ) (2048 3072 -284.352997 ) 
4 13 14 (2048 4096 984.353027 ) (2048 4096 -284.352997 ) (2048 3072 -284.352997 ) (2048 3072 984.353027 ) 
4 14 46 (1024 3072 -284.352997 ) (1024 3072 984.353027 ) (1024 4096 984.353027 ) (1024 4096 -284.352997 ) 
4 14 18 (1024 3072 984.353027 ) (1024 3072 -284.352997 ) (2048 3072 -284.352997 ) (2048 3072 984.353027 ) 
4 15 17 (3072 3072 984.353027 ) (3072 3072 -284.352997 ) (3072 2048 -284.352997 ) (3072 2048 984.353027 ) 
4 15 16 (4096 2048 -284.352997 ) (4096 2048 984.353027 ) (3072 2048 984.353027 ) (3072 2048 -284.352997 ) 
4 16 29 (4096 1024 -284.352997 ) (4096 1024 984.353027 ) (3072 1024 984.353027 ) (3072 1024 -284.352997 ) 
4 16 19 (3072 1024 -284.352997 ) (3072 1024 984.353027 ) (3072 2048 984.353027 ) (3072 2048 -284.352997 ) 
4 17 19 (3072 2048 -284.352997 ) (3072 2048 984.353027 ) (2048 2048 984.353027 ) (2048 2048 -284.352997 ) 
4 17 18 (2048 3072 984.353027 ) (2048 3072 -284.352997 ) (2048 2048 -284.352997 ) (2048 2048 984.353027 ) 
4 18 49 (1024 2048 -284.352997 ) (1024 2048 984.353027 ) (1024 3072 984.353027 ) (1024 3072 -284.352997 ) 
4 18 20 (1024 2048 984.353027 ) (1024 2048 -284.352997 ) (2048 2048 -284.352997 ) (2048 2048 984.353027 ) 
4 19 31 (3072 1024 -284.352997 ) (3072 1024 984.353027 ) (2048 1024 984.353027 ) (2048 1024 -284.352997 ) 
4 19 20 (2048 2048 984.353027 ) (2048 2048 -284.352997 ) (2048 1024 -284.352997 ) (2048 1024 984.353027 ) 
4 20 50 (1024 1024 -284.352997 ) (1024 1024 984.353027 ) (1024 2048 984.353027 ) (1024 2048 -284.352997 ) 
4 20 32 (2048 1024 -284.352997 ) (2048 1024 984.353027 ) (1024 1024 984.353027 ) (1024 1024 -284.352997 ) 
4 21 23 (5536.620117 0 984.353027 ) (5120 0 984.353027 ) (5120 0 -284.352997 ) (5536.620117 0 -284.352997 ) 
4 21 22 (5120 1024 984.353027 ) (5120 1024 -284.352997 ) (5120 0 -284.352997 ) (5120 0 984.353027 ) 
4 22 29 (4096 1024 984.353027 ) (4096 1024 -284.352997 ) (4096 0 -284.352997 ) (4096 0 984.353027 ) 
4 22 24 (5120 0 -284.352997 ) (5120 0 984.353027 ) (4096 0 984.353027 ) (4096 0 -284.352997 ) 
4 23 25 (5536.620117 -1024 984.353027 ) (5120 -1024 984.353027 ) (5120 -1024 -284.352997 ) (5536.620117 -1024 -284.352997 ) 
4 23 24 (5120 0 984.353027 ) (5120 0 -284.352997 ) (5120 -1024 -284.352997 ) (5120 -1024 984.353027 ) 
4 24 30 (4096 -1024 -284.352997 ) (4096 -1024 984.353027 ) (4096 0 984.353027 ) (4096 0 -284.352997 ) 
4 24 26 (5120 -1024 -284.352997 ) (5120 -1024 984.353027 ) (4096 -1024 984.353027 ) (4096 -1024 -284.352997 ) 
4 25 27 (5536.620117 -2048 984.353027 ) (5120 -2048 984.353027 ) (5120 -2048 -284.352997 ) (5536.620117 -2048 -284.352997 ) 
4 25 26 (5120 -1024 984.353027 ) (5120 -1024 -284.352997 ) (5120 -2048 -284.352997 ) (5120 -2048 984.353027 ) 
4 26 35 (4096 -2048 -284.352997 ) (4096 -2048 984.353027 ) (4096 -1024 984.353027 ) (4096 -1024 -284.352997 ) 
4 26 28 (4096 -2048 984.353027 ) (4096 -2048 -284.352997 ) (5120 -2048 -284.352997 ) (5120 -2048 984.353027 ) 
4 27 28 (5120 -2048 984.353027 ) (5120 -2048 -284.352997 ) (5120 -2301.580078 -284.352997 ) (5120 -2301.580078 984.353027 ) 
4 28 38 (4096 -2301.580078 984.353027 ) (4096 -2048 984.353027 ) (4096 -2048 -284.352997 ) (4096 -2301.580078 -284.352997 ) 
4 29 31 (3072 1024 984.353027 ) (3072 1024 -284.352997 ) (3072 0 -284.352997 ) (3072 0 984.353027 ) 
4 29 30 (4096 0 -284.352997 ) (4096 0 984.353027 ) (3072 0 984.353027 ) (3072 0 -284.352997 ) 
4 30 35 (4096 -1024 -284.352997 ) (4096 -1024 984.353027 ) (3072 -1024 984.353027 ) (3072 -1024 -284.352997 ) 
4 30 33 (3072 -1024 -284.352997 ) (3072 -1024 984.353027 ) (3072 0 984.353027 ) (3072 0 -284.352997 ) 
4 31 33 (3072 0 -284.352997 ) (3072 0 984.353027 ) (2048 0 984.353027 ) (2048 0 -284.352997 ) 
4 31 32 (2048 1024 984.353027 ) (2048 1024 -284.352997 ) (2048 0 -284.352997 ) (2048 0 984.353027 ) 
4 32 58 (1024 0 -284.352997 ) (1024 0 984.353027 ) (1024 1024 984.353027 ) (1024 1024 -284.352997 ) 
4 32 34 (2048 0 -284.352997 ) (2048 0 984.353027 ) (1024 0 984.353027 ) (1024 0 -284.352997 ) 
4 33 36 (3072 -1024 -284.352997 ) (3072 -1024 984.353027 ) (2048 -1024 984.353027 ) (2048 -1024 -284.352997 ) 
4 33 34 (2048 0 984.353027 ) (2048 0 -284.352997 ) (2048 -1024 -284.352997 ) (2048 -1024 984.353027 ) 
4 34 59 (1024 -1024 -284.352997 ) (1024 -1024 984.353027 ) (1024 0 984.353027 ) (1024 0 -284.352997 ) 
4 34 37 (2048 -1024 -284.352997 ) (2048 -1024 984.353027 ) (1024 -1024 984.353027 ) (1024 -1024 -284.352997 ) 
4 35 38 (4096 -2048 -284.352997 ) (4096 -2048 984.353027 ) (3072 -2048 984.353027 ) (3072 -2048 -284.352997 ) 
4 35 36 (3072 -2048 -284.352997 ) (3072 -2048 984.353027 ) (3072 -1024 984.353027 ) (3072 -1024 -284.352997 ) 
4 36 39 (3072 -2048 -284.352997 ) (3072 -2048 984.353027 ) (2048 -2048 984.353027 ) (2048 -2048 -284.352997 ) 
4 36 37 (2048 -1024 984.353027 ) (2048 -1024 -284.352997 ) (2048 -2048 -284.352997 ) (2048 -2048 984.353027 ) 
4 37 67 (1024 -2048 -284.352997 ) (1024 -2048 984.353027 ) (1024 -1024 984.353027 ) (1024 -1024 -284.352997 ) 
4 37 40 (1024 -2048 984.353027 ) (1024 -2048 -284.352997 ) (2048 -2048 -284.352997 ) (2048 -2048 984.353027 ) 
4 38 39 (3072 -2048 984.353027 ) (3072 -2048 -284.352997 ) (3072 -2301.580078 -284.352997 ) (3072 -2301.580078 984.353027 ) 
4 39 40 (2048 -2048 984.353027 ) (2048 -2048 -284.352997 ) (2048 -2301.580078 -284.352997 ) (2048 -2301.580078 984.353027 ) 
4 40 70 (1024 -2301.580078 984.353027 ) (1024 -2048 984.353027 ) (1024 -2048 -284.352997 ) (1024 -2301.580078 -284.352997 ) 
4 41 46 (1024 4096 -284.352997 ) (1024 4096 984.353027 ) (0 4096 984.353027 ) (0 4096 -284.352997 ) 
4 41 42 (0 4096 -284.352997 ) (0 4096 984.353027 ) (0 4237.580078 984.353027 ) (0 4237.580078 -284.352997 ) 
4 42 47 (0 4096 -284.352997 ) (0 4096 984.353027 ) (-1024 4096 984.353027 ) (-1024 4096 -284.352997 ) 
4 42 44 (-1024 4096 -284.352997 ) (-1024 4096 984.353027 ) (-1024 4237 984.353027 ) (-1024 4237 -284.352997 ) 
4 42 43 (-1024 4237 984.353027 ) (-1024 4237.580078 984.353027 ) (-1024 4237.580078 -284.352997 ) (-1024 4237 -284.352997 ) 
4 43 44 (-2048 4237 984.353027 ) (-2048 4237.580078 984.353027 ) (-2048 4237.580078 -284.352997 ) (-2048 4237 -284.352997 ) 
4 43 44 (-1952 4237 128 ) (-1952 4237 984.353027 ) (-1968 4237 984.353027 ) (-1968 4237 128 ) 
4 43 45 (-1968 4237 -284.352997 ) (-1952 4237 -284.352997 ) (-1952 4237 0 ) (-1968 4237 0 ) 
4 43 44 (-1952 4237 -284.352997 ) (-1024 4237 -284.352997 ) (-1024 4237 984.353027 ) (-1952 4237 984.353027 ) 
4 43 44 (-2048 4237 -284.352997 ) (-1968 4237 -284.352997 ) (-1968 4237 984.353027 ) (-2048 4237 984.353027 ) 
4 44 45 (-1952 4237 0 ) (-1952 4237 -284.352997 ) (-1952 4096 -284.352997 ) (-1952 4096 0 ) 
4 44 53 (-1952 3072 -284.352997 ) (-1024 3072 -284.352997 ) (-1024 3072 0 ) (-1952 3072 0 ) 
4 44 52 (-1024 3072 0 ) (-1024 3072 128 ) (-1406.820068 3072 128 ) (-1406.820068 3072 0 ) 
4 44 48 (-1952 4096 -284.352997 ) (-1952 3072 -284.352997 ) (-1952 3072 0 ) (-1952 4096 0 ) 
4 44 53 (-2048 3072 0 ) (-2048 3072 -284.352997 ) (-1968 3072 -284.352997 ) (-1968 3072 0 ) 
4 44 55 (-1408 2048 256 ) (-1024 2048 256 ) (-1024 2048 384 ) (-1408 2048 384 ) 
4 44 52 (-1024 3072 128 ) (-1024 2048 128 ) (-1406.820068 2048 128 ) (-1406.820068 3072 128 ) 
4 44 53 (-1422.820068 2048.750000 0 ) (-1422.820068 3072 0 ) (-1406.820068 3072 0 ) (-1406.820068 2048.750000 0 ) 
4 44 53 (-1422.820068 2048 0 ) (-1952 2048 0 ) (-1952 3072 0 ) (-1422.820068 3072 0 ) 
4 44 53 (-1968 2048 0 ) (-2048 2048 0 ) (-2048 3072 0 ) (-1968 3072 0 ) 
4 44 55 (-1408 2048 384 ) (-1024 2048 384 ) (-1024 1024 384 ) (-1408 1024 384 ) 
4 44 62 (-1024 1024 128 ) (-1024 1024 256 ) (-1408 1024 256 ) (-1408 1024 128 ) 
4 44 56 (-1406.820068 2048 128 ) (-1024 2048 128 ) (-1024 1024 128 ) (-1406.820068 1024 128 ) 
4 44 63 (-1406.820068 1024 128 ) (-1408 1024 128 ) (-1408 1024 0 ) (-1406.820068 1024 0 ) 
4 44 57 (-1406.820068 1024 0 ) (-1422.820068 1024 0 ) (-1422.820068 1536.750000 0 ) (-1406.820068 1536.750000 0 ) 
4 44 57 (-1422.820068 1024 0 ) (-1424 1024 0 ) (-1424 2048 0 ) (-1422.820068 2048 0 ) 
4 44 57 (-1424 1024 0 ) (-1952 1024 0 ) (-1952 2032 0 ) (-1424 2032 0 ) 
4 44 57 (-1968 1024 0 ) (-2048 1024 0 ) (-2048 2032 0 ) (-1968 2032 0 ) 
4 44 61 (-1408 1024 384 ) (-1024 1024 384 ) (-1024 0 384 ) (-1408 0 384 ) 
4 44 64 (-1424 1024 0 ) (-1408 1024 0 ) (-1408 768 0 ) (-1424 768 0 ) 
4 44 64 (-1408 256 0 ) (-1408 0 0 ) (-1424 0 0 ) (-1424 256 0 ) 
4 44 64 (-1952 1024 0 ) (-1424 1024 0 ) (-1424 272 0 ) (-1952 272 0 ) 
4 44 64 (-2048 1024 0 ) (-1968 1024 0 ) (-1968 272 0 ) (-2048 272 0 ) 
4 44 64 (-1424 256 0 ) (-1424 0 0 ) (-1952 0 0 ) (-1952 256 0 ) 
4 44 64 (-1968 0 0 ) (-2048 0 0 ) (-2048 256 0 ) (-1968 256 0 ) 
4 44 66 (-1952 0 -284.352997 ) (-1952 -1024 -284.352997 ) (-1952 -1024 0 ) (-1952 0 0 ) 
4 44 69 (-1952 -1024 -284.352997 ) (-1952 -2048 -284.352997 ) (-1952 -2048 0 ) (-1952 -1024 0 ) 
4 45 48 (-1968 4096 0 ) (-1968 4096 -284.352997 ) (-1952 4096 -284.352997 ) (-1952 4096 0 ) 
4 45 44 (-1968 4237 0 ) (-1968 4237 -284.352997 ) (-1968 4096 -284.352997 ) (-1968 4096 0 ) 
4 46 49 (1024 3072 -284.352997 ) (1024 3072 984.353027 ) (0 3072 984.353027 ) (0 3072 -284.352997 ) 
4 46 47 (0 3072 -284.352997 ) (0 3072 984.353027 ) (0 4096 984.353027 ) (0 4096 -284.352997 ) 
4 47 51 (0 3072 -284.352997 ) (0 3072 984.353027 ) (-1024 3072 984.353027 ) (-1024 3072 -284.352997 ) 
4 47 44 (-1024 4096 128 ) (-1024 4096 -284.352997 ) (-1024 3072 -284.352997 ) (-1024 3072 128 ) 
4 47 44 (-1024 4096 984.353027 ) (-1024 4096 128 ) (-1024 3072 128 ) (-1024 3072 984.353027 ) 
4 48 53 (-1968 3072 -284.352997 ) (-1952 3072 -284.352997 ) (-1952 3072 0 ) (-1968 3072 0 ) 
4 48 44 (-1968 4096 -284.352997 ) (-1968 3072 -284.352997 ) (-1968 3072 0 ) (-1968 4096 0 ) 
4 49 51 (0 3072 984.353027 ) (0 3072 -284.352997 ) (0 2048 -284.352997 ) (0 2048 984.353027 ) 
4 49 50 (1024 2048 -284.352997 ) (1024 2048 984.353027 ) (0 2048 984.353027 ) (0 2048 -284.352997 ) 
4 50 58 (1024 1024 -284.352997 ) (1024 1024 984.353027 ) (0 1024 984.353027 ) (0 1024 -284.352997 ) 
4 50 54 (0 1024 -284.352997 ) (0 1024 984.353027 ) (0 2048 984.353027 ) (0 2048 -284.352997 ) 
4 51 54 (0 2048 -284.352997 ) (0 2048 984.353027 ) (-1024 2048 984.353027 ) (-1024 2048 -284.352997 ) 
4 51 53 (-1024 3072 0 ) (-1024 3072 -284.352997 ) (-1024 2048 -284.352997 ) (-1024 2048 0 ) 
4 51 52 (-1024 3072 128 ) (-1024 3072 0 ) (-1024 2048 0 ) (-1024 2048 128 ) 
4 51 44 (-1024 3072 984.353027 ) (-1024 3072 128 ) (-1024 2048 128 ) (-1024 2048 984.353027 ) 
4 52 56 (-1406.820068 2048 0 ) (-1024 2048 0 ) (-1024 2048 128 ) (-1406.820068 2048 128 ) 
4 52 53 (-1024 2048 0 ) (-1406.820068 2048 0 ) (-1406.820068 3072 0 ) (-1024 3072 0 ) 
4 52 44 (-1406.820068 3072 0 ) (-1406.820068 2048.750000 0 ) (-1406.820068 2048.750000 128 ) (-1406.820068 3072 128 ) 
4 53 44 (-2048 2048 -284.352997 ) (-2048 2048 0 ) (-2048 3072 0 ) (-2048 3072 -284.352997 ) 
4 53 57 (-2048 2048 0 ) (-2048 2048 -284.352997 ) (-1024 2048 -284.352997 ) (-1024 2048 0 ) 
4 54 60 (0 1024 -284.352997 ) (0 1024 984.353027 ) (-1024 1024 984.353027 ) (-1024 1024 -284.352997 ) 
4 54 57 (-1024 2048 0 ) (-1024 2048 -284.352997 ) (-1024 1024 -284.352997 ) (-1024 1024 0 ) 
4 54 56 (-1024 2048 128 ) (-1024 2048 0 ) (-1024 1024 0 ) (-1024 1024 128 ) 
4 54 44 (-1024 2048 256 ) (-1024 2048 128 ) (-1024 1024 128 ) (-1024 1024 256 ) 
4 54 55 (-1024 2048 384 ) (-1024 2048 256 ) (-1024 1024 256 ) (-1024 1024 384 ) 
4 54 44 (-1024 2048 984.353027 ) (-1024 2048 384 ) (-1024 1024 384 ) (-1024 1024 984.353027 ) 
4 55 61 (-1024 1024 256 ) (-1024 1024 384 ) (-1408 1024 384 ) (-1408 1024 256 ) 
4 55 44 (-1024 1024 256 ) (-1408 1024 256 ) (-1408 2048 256 ) (-1024 2048 256 ) 
4 55 44 (-1408 2048 256 ) (-1408 1536 256 ) (-1408 1536 384 ) (-1408 2048 384 ) 
4 56 63 (-1024 1024 0 ) (-1024 1024 128 ) (-1406.820068 1024 128 ) (-1406.820068 1024 0 ) 
4 56 57 (-1024 1024 0 ) (-1406.820068 1024 0 ) (-1406.820068 2048 0 ) (-1024 2048 0 ) 
4 56 44 (-1406.820068 1536.750000 0 ) (-1406.820068 1024 0 ) (-1406.820068 1024 128 ) (-1406.820068 1536.750000 128 ) 
4 57 64 (-1024 1024 -284.352997 ) (-1024 1024 0 ) (-2048 1024 0 ) (-2048 1024 -284.352997 ) 
4 57 44 (-2048 1024 -284.352997 ) (-2048 1024 0 ) (-2048 2048 0 ) (-2048 2048 -284.352997 ) 
4 58 60 (0 1024 984.353027 ) (0 1024 -284.352997 ) (0 0 -284.352997 ) (0 0 984.353027 ) 
4 58 59 (1024 0 -284.352997 ) (1024 0 984.353027 ) (0 0 984.353027 ) (0 0 -284.352997 ) 
4 59 67 (1024 -1024 -284.352997 ) (1024 -1024 984.353027 ) (0 -1024 984.353027 ) (0 -1024 -284.352997 ) 
4 59 65 (0 -1024 -284.352997 ) (0 -1024 984.353027 ) (0 0 984.353027 ) (0 0 -284.352997 ) 
4 60 65 (0 0 -284.352997 ) (0 0 984.353027 ) (-1024 0 984.353027 ) (-1024 0 -284.352997 ) 
4 60 64 (-1024 1024 0 ) (-1024 1024 -284.352997 ) (-1024 0 -284.352997 ) (-1024 0 0 ) 
4 60 63 (-1024 1024 128 ) (-1024 1024 0 ) (-1024 0 0 ) (-1024 0 128 ) 
4 60 62 (-1024 1024 256 ) (-1024 1024 128 ) (-1024 0 128 ) (-1024 0 256 ) 
4 60 61 (-1024 1024 384 ) (-1024 1024 256 ) (-1024 0 256 ) (-1024 0 384 ) 
4 60 44 (-1024 1024 984.353027 ) (-1024 1024 384 ) (-1024 0 384 ) (-1024 0 984.353027 ) 
4 61 44 (-1024 0 256 ) (-1024 0 384 ) (-1408 0 384 ) (-1408 0 256 ) 
4 61 62 (-1408 1024 256 ) (-1024 1024 256 ) (-1024 0 256 ) (-1408 0 256 ) 
4 61 44 (-1408 768 256 ) (-1408 0 256 ) (-1408 0 384 ) (-1408 768 384 ) 
4 62 44 (-1024 0 128 ) (-1024 0 256 ) (-1408 0 256 ) (-1408 0 128 ) 
4 62 63 (-1024 0 128 ) (-1408 0 128 ) (-1408 1024 128 ) (-1024 1024 128 ) 
4 62 44 (-1408 768 128 ) (-1408 0 128 ) (-1408 0 144 ) (-1408 768 144 ) 
4 62 44 (-1408 0 144 ) (-1408 0 192 ) (-1408 768 192 ) (-1408 768 144 ) 
4 62 44 (-1408 0 192 ) (-1408 0 256 ) (-1408 768 256 ) (-1408 768 192 ) 
4 62 44 (-1408 1008 249.106995 ) (-1408 1008 192 ) (-1408 784 192 ) (-1408 784 249.106995 ) 
4 63 44 (-1024 0 0 ) (-1024 0 128 ) (-1408 0 128 ) (-1408 0 0 ) 
4 63 64 (-1408 1024 0 ) (-1024 1024 0 ) (-1024 0 0 ) (-1408 0 0 ) 
4 63 44 (-1408 1024 0 ) (-1408 768 0 ) (-1408 768 128 ) (-1408 1024 128 ) 
4 63 44 (-1408 256 0 ) (-1408 0 0 ) (-1408 0 128 ) (-1408 256 128 ) 
4 64 44 (-2048 1024 0 ) (-2048 1024 -284.352997 ) (-2048 0 -284.352997 ) (-2048 0 0 ) 
4 64 66 (-1952 0 0 ) (-1968 0 0 ) (-1968 0 -284.352997 ) (-1952 0 -284.352997 ) 
4 64 44 (-1024 0 -284.352997 ) (-1024 0 0 ) (-1952 0 0 ) (-1952 0 -284.352997 ) 
4 64 44 (-1968 0 0 ) (-2048 0 0 ) (-2048 0 -284.352997 ) (-1968 0 -284.352997 ) 
4 65 68 (0 -1024 -284.352997 ) (0 -1024 984.353027 ) (-1024 -1024 984.353027 ) (-1024 -1024 -284.352997 ) 
4 65 44 (-1024 0 128 ) (-1024 0 -284.352997 ) (-1024 -1024 -284.352997 ) (-1024 -1024 128 ) 
4 65 44 (-1024 0 984.353027 ) (-1024 0 128 ) (-1024 -1024 128 ) (-1024 -1024 984.353027 ) 
4 66 69 (-1968 -1024 0 ) (-1968 -1024 -284.352997 ) (-1952 -1024 -284.352997 ) (-1952 -1024 0 ) 
4 66 44 (-1968 0 -284.352997 ) (-1968 -1024 -284.352997 ) (-1968 -1024 0 ) (-1968 0 0 ) 
4 67 70 (1024 -2048 -284.352997 ) (1024 -2048 984.353027 ) (0 -2048 984.353027 ) (0 -2048 -284.352997 ) 
4 67 68 (0 -2048 -284.352997 ) (0 -2048 984.353027 ) (0 -1024 984.353027 ) (0 -1024 -284.352997 ) 
4 68 71 (0 -2048 -284.352997 ) (0 -2048 984.353027 ) (-1024 -2048 984.353027 ) (-1024 -2048 -284.352997 ) 
4 68 44 (-1024 -1024 128 ) (-1024 -1024 -284.352997 ) (-1024 -2048 -284.352997 ) (-1024 -2048 128 ) 
4 68 44 (-1024 -1024 984.353027 ) (-1024 -1024 128 ) (-1024 -2048 128 ) (-1024 -2048 984.353027 ) 
4 69 44 (-1968 -2048 -284.352997 ) (-1952 -2048 -284.352997 ) (-1952 -2048 0 ) (-1968 -2048 0 ) 
4 69 44 (-1968 -1024 -284.352997 ) (-1968 -2048 -284.352997 ) (-1968 -2048 0 ) (-1968 -1024 0 ) 
4 70 71 (0 -2048 984.353027 ) (0 -2048 -284.352997 ) (0 -2301.580078 -284.352997 ) (0 -2301.580078 984.353027 ) 
4 71 44 (-1024 -2048 984.353027 ) (-1024 -2048 -284.352997 ) (-1024 -2301.580078 -284.352997 ) (-1024 -2301.580078 984.353027 ) 
