PRT1
115
352
4 1 4 (4096 3072 -56 ) (4096 3072 984.353027 ) (4096 4096 984.353027 ) (4096 4096 -56 ) 
4 1 2 (4096 3072 984.353027 ) (4096 3072 -56 ) (5119.600586 3072 -56 ) (5119.600586 3072 984.353027 ) 
4 2 7 (4096 2048 -56 ) (4096 2048 984.353027 ) (4096 3072 984.353027 ) (4096 3072 -56 ) 
4 2 3 (4096 2048 984.353027 ) (4096 2048 -56 ) (5119.600586 2048 -56 ) (5119.600586 2048 984.353027 ) 
4 3 13 (5119.600586 1024 984.353027 ) (4096 1024 984.353027 ) (4096 1024 -56 ) (5119.600586 1024 -56 ) 
4 3 8 (4096 1024 -56 ) (4096 1024 984.353027 ) (4096 2048 984.353027 ) (4096 2048 -56 ) 
4 4 7 (4096 3072 -56 ) (4096 3072 984.353027 ) (3072 3072 984.353027 ) (3072 3072 -56 ) 
4 4 5 (3072 3072 -56 ) (3072 3072 984.353027 ) (3072 4096 984.353027 ) (3072 4096 -56 ) 
4 5 9 (3072 3072 -56 ) (3072 3072 984.353027 ) (2048 3072 984.353027 ) (2048 3072 -56 ) 
4 5 6 (2048 4096 984.353027 ) (2048 4096 -56 ) (2048 3072 -56 ) (2048 3072 984.353027 ) 
4 6 25 (1024 3072 -56 ) (1024 3072 984.353027 ) (1024 4096 984.353027 ) (1024 4096 -56 ) 
4 6 10 (1024 3072 984.353027 ) (1024 3072 -56 ) (2048 3072 -56 ) (2048 3072 984.353027 ) 
4 7 9 (3072 3072 984.353027 ) (3072 3072 -56 ) (3072 2048 -56 ) (3072 2048 984.353027 ) 
4 7 8 (4096 2048 -56 ) (4096 2048 984.353027 ) (3072 2048 984.353027 ) (3072 2048 -56 ) 
4 8 16 (4096 1024 -56 ) (4096 1024 984.353027 ) (3072 1024 984.353027 ) (3072 1024 -56 ) 
4 8 11 (3072 1024 -56 ) (3072 1024 984.353027 ) (3072 2048 984.353027 ) (3072 2048 -56 ) 
4 9 11 (3072 2048 -56 ) (3072 2048 984.353027 ) (2048 2048 984.353027 ) (2048 2048 -56 ) 
4 9 10 (2048 3072 984.353027 ) (2048 3072 -56 ) (2048 2048 -56 ) (2048 2048 984.353027 ) 
4 10 32 (1024 2048 -56 ) (1024 2048 984.353027 ) (1024 3072 984.353027 ) (1024 3072 -56 ) 
4 10 12 (1024 2048 984.353027 ) (1024 2048 -56 ) (2048 2048 -56 ) (2048 2048 984.353027 ) 
4 11 18 (3072 1024 -56 ) (3072 1024 984.353027 ) (2048 1024 984.353027 ) (2048 1024 -56 ) 
4 11 12 (2048 2048 984.353027 ) (2048 2048 -56 ) (2048 1024 -56 ) (2048 1024 984.353027 ) 
4 12 33 (1024 1024 -56 ) (1024 1024 984.353027 ) (1024 2048 984.353027 ) (1024 2048 -56 ) 
4 12 19 (2048 1024 -56 ) (2048 1024 984.353027 ) (1024 1024 984.353027 ) (1024 1024 -56 ) 
4 13 16 (4096 1024 984.353027 ) (4096 1024 -56 ) (4096 0 -56 ) (4096 0 984.353027 ) 
4 13 14 (5119.600586 0 984.353027 ) (4096 0 984.353027 ) (4096 0 -56 ) (5119.600586 0 -56 ) 
4 14 17 (4096 -1024 -56 ) (4096 -1024 984.353027 ) (4096 0 984.353027 ) (4096 0 -56 ) 
4 14 15 (5119.600586 -1024 984.353027 ) (4096 -1024 984.353027 ) (4096 -1024 -56 ) (5119.600586 -1024 -56 ) 
4 15 22 (4096 -2045.579956 984.353027 ) (4096 -1024 984.353027 ) (4096 -1024 -56 ) (4096 -2045.579956 -56 ) 
4 16 18 (3072 1024 984.353027 ) (3072 1024 -56 ) (3072 0 -56 ) (3072 0 984.353027 ) 
4 16 17 (4096 0 -56 ) (4096 0 984.353027 ) (3072 0 984.353027 ) (3072 0 -56 ) 
4 17 22 (4096 -1024 -56 ) (4096 -1024 984.353027 ) (3072 -1024 984.353027 ) (3072 -1024 -56 ) 
4 17 20 (3072 -1024 -56 ) (3072 -1024 984.353027 ) (3072 0 984.353027 ) (3072 0 -56 ) 
4 18 20 (3072 0 -56 ) (3072 0 984.353027 ) (2048 0 984.353027 ) (2048 0 -56 ) 
4 18 19 (2048 1024 984.353027 ) (2048 1024 -56 ) (2048 0 -56 ) (2048 0 984.353027 ) 
4 19 62 (1024 0 -56 ) (1024 0 984.353027 ) (1024 1024 984.353027 ) (1024 1024 -56 ) 
4 19 21 (2048 0 -56 ) (2048 0 984.353027 ) (1024 0 984.353027 ) (1024 0 -56 ) 
4 20 23 (3072 -1024 -56 ) (3072 -1024 984.353027 ) (2048 -1024 984.353027 ) (2048 -1024 -56 ) 
4 20 21 (2048 0 984.353027 ) (2048 0 -56 ) (2048 -1024 -56 ) (2048 -1024 984.353027 ) 
4 21 63 (1024 -1024 -56 ) (1024 -1024 984.353027 ) (1024 0 984.353027 ) (1024 0 -56 ) 
4 21 24 (2048 -1024 -56 ) (2048 -1024 984.353027 ) (1024 -1024 984.353027 ) (1024 -1024 -56 ) 
4 22 23 (3072 -2045.579956 984.353027 ) (3072 -1024 984.353027 ) (3072 -1024 -56 ) (3072 -2045.579956 -56 ) 
4 23 24 (2048 -1024 984.353027 ) (2048 -1024 -56 ) (2048 -2045.579956 -56 ) (2048 -2045.579956 984.353027 ) 
4 24 105 (1024 -2045.579956 984.353027 ) (1024 -1024 984.353027 ) (1024 -1024 -56 ) (1024 -2045.579956 -56 ) 
4 25 32 (1024 3072 -56 ) (1024 3072 984.353027 ) (0 3072 984.353027 ) (0 3072 -56 ) 
4 25 26 (0 3072 -56 ) (0 3072 984.353027 ) (0 4096 984.353027 ) (0 4096 -56 ) 
4 26 34 (0 3072 -56 ) (0 3072 984.353027 ) (-1024 3072 984.353027 ) (-1024 3072 -56 ) 
4 26 28 (-1024 4096 128 ) (-1024 4096 -56 ) (-1024 3072 -56 ) (-1024 3072 128 ) 
4 26 27 (-1024 4096 984.353027 ) (-1024 4096 128 ) (-1024 3072 128 ) (-1024 3072 984.353027 ) 
4 27 59 (-2048 3072 128 ) (-2048 3072 984.353027 ) (-2048 4096 984.353027 ) (-2048 4096 128 ) 
4 27 35 (-2048 3072 984.353027 ) (-2048 3072 128 ) (-1024 3072 128 ) (-1024 3072 984.353027 ) 
4 27 29 (-1952 4096 128 ) (-1792 4096 128 ) (-1792 3072 128 ) (-1952 3072 128 ) 
4 27 30 (-2048 3072 128 ) (-2048 4096 128 ) (-1968 4096 128 ) (-1968 3072 128 ) 
4 27 28 (-1792 4096 128 ) (-1024 4096 128 ) (-1024 3072 128 ) (-1792 3072 128 ) 
4 28 39 (-1024 3072 -56 ) (-1024 3072 0 ) (-1792 3072 0 ) (-1792 3072 -56 ) 
4 28 37 (-1406.820068 3072 128 ) (-1422.820068 3072 128 ) (-1422.820068 3072 0 ) (-1406.820068 3072 0 ) 
4 28 36 (-1024 3072 0 ) (-1024 3072 128 ) (-1406.820068 3072 128 ) (-1406.820068 3072 0 ) 
4 28 38 (-1422.820068 3072 128 ) (-1792 3072 128 ) (-1792 3072 0 ) (-1422.820068 3072 0 ) 
4 28 31 (-1792 3072 -56 ) (-1792 3072 0 ) (-1792 4096 0 ) (-1792 4096 -56 ) 
4 28 29 (-1792 3072 0 ) (-1792 3072 128 ) (-1792 4096 128 ) (-1792 4096 0 ) 
4 29 40 (-1952 3072 0 ) (-1792 3072 0 ) (-1792 3072 128 ) (-1952 3072 128 ) 
4 29 31 (-1952 4096 0 ) (-1792 4096 0 ) (-1792 3072 0 ) (-1952 3072 0 ) 
4 30 59 (-2048 3072 0 ) (-2048 3072 128 ) (-2048 4096 128 ) (-2048 4096 0 ) 
4 30 41 (-2048 3072 128 ) (-2048 3072 0 ) (-1968 3072 0 ) (-1968 3072 128 ) 
4 30 31 (-2048 3072 0 ) (-2048 4096 0 ) (-1968 4096 0 ) (-1968 3072 0 ) 
4 31 59 (-2048 3072 -284.352997 ) (-2048 3072 0 ) (-2048 4096 0 ) (-2048 4096 -284.352997 ) 
4 31 42 (-2048 3072 0 ) (-2048 3072 -284.352997 ) (-1792 3072 -284.352997 ) (-1792 3072 0 ) 
4 32 34 (0 3072 984.353027 ) (0 3072 -56 ) (0 2048 -56 ) (0 2048 984.353027 ) 
4 32 33 (1024 2048 -56 ) (1024 2048 984.353027 ) (0 2048 984.353027 ) (0 2048 -56 ) 
4 33 62 (1024 1024 -56 ) (1024 1024 984.353027 ) (0 1024 984.353027 ) (0 1024 -56 ) 
4 33 43 (0 1024 -56 ) (0 1024 984.353027 ) (0 2048 984.353027 ) (0 2048 -56 ) 
4 34 43 (0 2048 -56 ) (0 2048 984.353027 ) (-1024 2048 984.353027 ) (-1024 2048 -56 ) 
4 34 39 (-1024 3072 0 ) (-1024 3072 -56 ) (-1024 2048 -56 ) (-1024 2048 0 ) 
4 34 36 (-1024 3072 128 ) (-1024 3072 0 ) (-1024 2048 0 ) (-1024 2048 128 ) 
4 34 35 (-1024 3072 984.353027 ) (-1024 3072 128 ) (-1024 2048 128 ) (-1024 2048 984.353027 ) 
4 35 60 (-2048 2048 128 ) (-2048 2048 984.353027 ) (-2048 3072 984.353027 ) (-2048 3072 128 ) 
4 35 49 (-1792 2048 128 ) (-1784 2048 128 ) (-1784 2048 256 ) (-1792 2048 256 ) 
4 35 48 (-1784 2048 128 ) (-1024 2048 128 ) (-1024 2048 256 ) (-1784 2048 256 ) 
4 35 51 (-2048 2048 256 ) (-2048 2048 128 ) (-1792 2048 128 ) (-1792 2048 256 ) 
4 35 46 (-1792 2048 256 ) (-1408 2048 256 ) (-1408 2048 384 ) (-1792 2048 384 ) 
4 35 45 (-1408 2048 256 ) (-1024 2048 256 ) (-1024 2048 384 ) (-1408 2048 384 ) 
4 35 47 (-2048 2048 384 ) (-2048 2048 256 ) (-1792 2048 256 ) (-1792 2048 384 ) 
4 35 44 (-2048 2048 984.353027 ) (-2048 2048 384 ) (-1024 2048 384 ) (-1024 2048 984.353027 ) 
4 35 40 (-1792 2048 128 ) (-1952 2048 128 ) (-1952 3072 128 ) (-1792 3072 128 ) 
4 35 41 (-1968 2048 128 ) (-2048 2048 128 ) (-2048 3072 128 ) (-1968 3072 128 ) 
4 35 37 (-1422.820068 2048.750000 128 ) (-1422.820068 3072 128 ) (-1406.820068 3072 128 ) (-1406.820068 2048.750000 128 ) 
4 35 36 (-1024 3072 128 ) (-1024 2048 128 ) (-1406.820068 2048 128 ) (-1406.820068 3072 128 ) 
4 35 38 (-1422.820068 2048 128 ) (-1792 2048 128 ) (-1792 3072 128 ) (-1422.820068 3072 128 ) 
4 36 52 (-1024 2048 0 ) (-1024 2048 128 ) (-1406.820068 2048 128 ) (-1406.820068 2048 0 ) 
4 36 39 (-1406.820068 3072 0 ) (-1024 3072 0 ) (-1024 2048 0 ) (-1406.820068 2048 0 ) 
4 36 37 (-1406.820068 3072 0 ) (-1406.820068 2048.750000 0 ) (-1406.820068 2048.750000 128 ) (-1406.820068 3072 128 ) 
4 37 39 (-1422.820068 3072 0 ) (-1406.820068 3072 0 ) (-1406.820068 2048.750000 0 ) (-1422.820068 2048.750000 0 ) 
4 37 38 (-1422.820068 3072 0 ) (-1422.820068 2048.750000 0 ) (-1422.820068 2048.750000 128 ) (-1422.820068 3072 128 ) 
4 38 54 (-1422.820068 2048 128 ) (-1424 2048 128 ) (-1424 2048 0 ) (-1422.820068 2048 0 ) 
4 38 40 (-1792 2048 128 ) (-1792 3072 128 ) (-1792 3072 0 ) (-1792 2048 0 ) 
4 38 39 (-1792 2048 0 ) (-1792 3072 0 ) (-1422.820068 3072 0 ) (-1422.820068 2048 0 ) 
4 39 57 (-1024 2048 -56 ) (-1024 2048 0 ) (-1792 2048 0 ) (-1792 2048 -56 ) 
4 39 42 (-1792 3072 0 ) (-1792 3072 -56 ) (-1792 2048 -56 ) (-1792 2048 0 ) 
4 40 42 (-1792 3072 0 ) (-1792 2048 0 ) (-1952 2048 0 ) (-1952 3072 0 ) 
4 41 60 (-2048 2048 0 ) (-2048 2048 128 ) (-2048 3072 128 ) (-2048 3072 0 ) 
4 41 42 (-1968 2048 0 ) (-2048 2048 0 ) (-2048 3072 0 ) (-1968 3072 0 ) 
4 42 60 (-2048 2048 -284.352997 ) (-2048 2048 0 ) (-2048 3072 0 ) (-2048 3072 -284.352997 ) 
4 42 58 (-2048 2048 0 ) (-2048 2048 -284.352997 ) (-1792 2048 -284.352997 ) (-1792 2048 0 ) 
4 43 64 (0 1024 -56 ) (0 1024 984.353027 ) (-1024 1024 984.353027 ) (-1024 1024 -56 ) 
4 43 57 (-1024 2048 0 ) (-1024 2048 -56 ) (-1024 1024 -56 ) (-1024 1024 0 ) 
4 43 52 (-1024 2048 128 ) (-1024 2048 0 ) (-1024 1024 0 ) (-1024 1024 128 ) 
4 43 48 (-1024 2048 256 ) (-1024 2048 128 ) (-1024 1024 128 ) (-1024 1024 256 ) 
4 43 45 (-1024 2048 384 ) (-1024 2048 256 ) (-1024 1024 256 ) (-1024 1024 384 ) 
4 43 44 (-1024 2048 984.353027 ) (-1024 2048 384 ) (-1024 1024 384 ) (-1024 1024 984.353027 ) 
4 44 65 (-1024 1024 384 ) (-1024 1024 984.353027 ) (-2048 1024 984.353027 ) (-2048 1024 384 ) 
4 44 61 (-2048 1024 384 ) (-2048 1024 984.353027 ) (-2048 2048 984.353027 ) (-2048 2048 384 ) 
3 44 46 (-1792 2048 384 ) (-1408 2048 384 ) (-1408 1536 384 ) 
4 44 45 (-1408 2048 384 ) (-1024 2048 384 ) (-1024 1024 384 ) (-1408 1024 384 ) 
4 44 47 (-2048 1024 384 ) (-2048 2048 384 ) (-1792 2048 384 ) (-1792 1024 384 ) 
4 45 66 (-1024 1024 256 ) (-1024 1024 384 ) (-1408 1024 384 ) (-1408 1024 256 ) 
4 45 48 (-1024 1024 256 ) (-1408 1024 256 ) (-1408 2048 256 ) (-1024 2048 256 ) 
4 45 46 (-1408 2048 256 ) (-1408 1536 256 ) (-1408 1536 384 ) (-1408 2048 384 ) 
3 46 49 (-1792 2048 256 ) (-1784 2048 256 ) (-1784 2037.333374 256 ) 
4 46 48 (-1784 2048 256 ) (-1408 2048 256 ) (-1408 1536 256 ) (-1784 2037.333374 256 ) 
4 47 68 (-1792 1024 384 ) (-2048 1024 384 ) (-2048 1024 256 ) (-1792 1024 256 ) 
4 47 61 (-2048 1024 256 ) (-2048 1024 384 ) (-2048 2048 384 ) (-2048 2048 256 ) 
4 47 51 (-1792 1024 256 ) (-2048 1024 256 ) (-2048 2048 256 ) (-1792 2048 256 ) 
4 48 73 (-1416 1024 256 ) (-1784 1024 256 ) (-1784 1024 144 ) (-1416 1024 144 ) 
4 48 69 (-1024 1024 128 ) (-1024 1024 256 ) (-1408 1024 256 ) (-1408 1024 128 ) 
4 48 55 (-1424 2032 128 ) (-1424 1024 128 ) (-1784 1024 128 ) (-1784 2032 128 ) 
4 48 53 (-1406.820068 1536.750000 128 ) (-1406.820068 1024 128 ) (-1422.820068 1024 128 ) (-1422.820068 1536.750000 128 ) 
4 48 52 (-1406.820068 2048 128 ) (-1024 2048 128 ) (-1024 1024 128 ) (-1406.820068 1024 128 ) 
4 48 54 (-1424 2048 128 ) (-1422.820068 2048 128 ) (-1422.820068 1024 128 ) (-1424 1024 128 ) 
4 48 50 (-1784 1025 128 ) (-1784 1024 128 ) (-1784 1024 144 ) (-1784 1025 144 ) 
4 48 49 (-1784 2048 128 ) (-1784 1025 128 ) (-1784 1025 256 ) (-1784 2048 256 ) 
4 49 55 (-1784 2032 128 ) (-1784 1025 128 ) (-1792 1025 128 ) (-1792 2032 128 ) 
4 49 50 (-1792 1025 144 ) (-1792 1025 128 ) (-1784 1025 128 ) (-1784 1025 144 ) 
4 49 51 (-1792 2048 128 ) (-1792 1025 128 ) (-1792 1025 256 ) (-1792 2048 256 ) 
4 50 55 (-1784 1025 128 ) (-1784 1024 128 ) (-1792 1024 128 ) (-1792 1025 128 ) 
4 50 51 (-1792 1025 128 ) (-1792 1024 128 ) (-1792 1024 144 ) (-1792 1025 144 ) 
4 51 86 (-1968 1024 128 ) (-1952 1024 128 ) (-1952 1024 144 ) (-1968 1024 144 ) 
4 51 85 (-1952 1024 128 ) (-1792 1024 128 ) (-1792 1024 144 ) (-1952 1024 144 ) 
4 51 87 (-2048 1024 144 ) (-2048 1024 128 ) (-1968 1024 128 ) (-1968 1024 144 ) 
4 51 75 (-1792 1024 256 ) (-2048 1024 256 ) (-2048 1024 144 ) (-1792 1024 144 ) 
4 51 61 (-2048 1024 128 ) (-2048 1024 256 ) (-2048 2048 256 ) (-2048 2048 128 ) 
4 51 55 (-1952 2032 128 ) (-1792 2032 128 ) (-1792 1024 128 ) (-1952 1024 128 ) 
4 51 56 (-2048 1024 128 ) (-2048 2032 128 ) (-1968 2032 128 ) (-1968 1024 128 ) 
4 52 69 (-1024 1024 0 ) (-1024 1024 128 ) (-1406.820068 1024 128 ) (-1406.820068 1024 0 ) 
4 52 57 (-1024 1024 0 ) (-1406.820068 1024 0 ) (-1406.820068 2048 0 ) (-1024 2048 0 ) 
4 52 53 (-1406.820068 1536.750000 0 ) (-1406.820068 1024 0 ) (-1406.820068 1024 128 ) (-1406.820068 1536.750000 128 ) 
4 53 76 (-1408 1024 128 ) (-1422.820068 1024 128 ) (-1422.820068 1024 0 ) (-1408 1024 0 ) 
4 53 69 (-1406.820068 1024 128 ) (-1408 1024 128 ) (-1408 1024 0 ) (-1406.820068 1024 0 ) 
4 53 57 (-1406.820068 1024 0 ) (-1422.820068 1024 0 ) (-1422.820068 1536.750000 0 ) (-1406.820068 1536.750000 0 ) 
4 53 54 (-1422.820068 1536.750000 0 ) (-1422.820068 1024 0 ) (-1422.820068 1024 128 ) (-1422.820068 1536.750000 128 ) 
4 54 76 (-1422.820068 1024 128 ) (-1424 1024 128 ) (-1424 1024 0 ) (-1422.820068 1024 0 ) 
4 54 57 (-1422.820068 1024 0 ) (-1424 1024 0 ) (-1424 2048 0 ) (-1422.820068 2048 0 ) 
4 54 55 (-1424 2032 0 ) (-1424 1024 0 ) (-1424 1024 128 ) (-1424 2032 128 ) 
4 55 85 (-1792 1024 128 ) (-1952 1024 128 ) (-1952 1024 0 ) (-1792 1024 0 ) 
4 55 79 (-1424 1024 128 ) (-1792 1024 128 ) (-1792 1024 0 ) (-1424 1024 0 ) 
4 55 58 (-1792 1024 0 ) (-1952 1024 0 ) (-1952 2032 0 ) (-1792 2032 0 ) 
4 55 57 (-1424 1024 0 ) (-1792 1024 0 ) (-1792 2032 0 ) (-1424 2032 0 ) 
4 56 87 (-1968 1024 128 ) (-2048 1024 128 ) (-2048 1024 0 ) (-1968 1024 0 ) 
4 56 61 (-2048 1024 0 ) (-2048 1024 128 ) (-2048 2032 128 ) (-2048 2032 0 ) 
4 56 58 (-1968 1024 0 ) (-2048 1024 0 ) (-2048 2032 0 ) (-1968 2032 0 ) 
4 57 97 (-1408 1024 0 ) (-1792 1024 0 ) (-1792 1024 -56 ) (-1408 1024 -56 ) 
4 57 69 (-1024 1024 -56 ) (-1024 1024 0 ) (-1408 1024 0 ) (-1408 1024 -56 ) 
4 57 58 (-1792 1024 -56 ) (-1792 1024 0 ) (-1792 2048 0 ) (-1792 2048 -56 ) 
4 58 98 (-1792 1024 -284.352997 ) (-1792 1024 0 ) (-2048 1024 0 ) (-2048 1024 -284.352997 ) 
4 58 61 (-2048 1024 -284.352997 ) (-2048 1024 0 ) (-2048 2048 0 ) (-2048 2048 -284.352997 ) 
4 59 60 (-2048 3072 -284.352997 ) (-2048 3072 984.353027 ) (-2215.600098 3072 984.353027 ) (-2215.600098 3072 -284.352997 ) 
4 60 61 (-2048 2048 -284.352997 ) (-2048 2048 984.353027 ) (-2215.600098 2048 984.353027 ) (-2215.600098 2048 -284.352997 ) 
4 61 112 (-2048 1024 -284.352997 ) (-2048 1024 984.353027 ) (-2215.600098 1024 984.353027 ) (-2215.600098 1024 -284.352997 ) 
4 62 64 (0 1024 984.353027 ) (0 1024 -56 ) (0 0 -56 ) (0 0 984.353027 ) 
4 62 63 (1024 0 -56 ) (1024 0 984.353027 ) (0 0 984.353027 ) (0 0 -56 ) 
4 63 105 (1024 -1024 -56 ) (1024 -1024 984.353027 ) (0 -1024 984.353027 ) (0 -1024 -56 ) 
4 63 99 (0 -1024 -56 ) (0 -1024 984.353027 ) (0 0 984.353027 ) (0 0 -56 ) 
4 64 99 (0 0 -56 ) (0 0 984.353027 ) (-1024 0 984.353027 ) (-1024 0 -56 ) 
4 64 69 (-1024 1024 256 ) (-1024 1024 -56 ) (-1024 0 -56 ) (-1024 0 256 ) 
4 64 66 (-1024 1024 384 ) (-1024 1024 256 ) (-1024 0 256 ) (-1024 0 384 ) 
4 64 65 (-1024 1024 984.353027 ) (-1024 1024 384 ) (-1024 0 384 ) (-1024 0 984.353027 ) 
4 65 112 (-2048 1024 984.353027 ) (-2048 1024 384 ) (-2048 0 384 ) (-2048 0 984.353027 ) 
4 65 100 (-1024 0 384 ) (-1024 0 984.353027 ) (-2048 0 984.353027 ) (-2048 0 384 ) 
4 65 67 (-1408 768 384 ) (-1408 0 384 ) (-1792 0 384 ) (-1792 512.001038 384 ) 
4 65 66 (-1408 1024 384 ) (-1024 1024 384 ) (-1024 0 384 ) (-1408 0 384 ) 
4 65 68 (-2048 1024 384 ) (-1792 1024 384 ) (-1792 0 384 ) (-2048 0 384 ) 
4 66 100 (-1024 0 256 ) (-1024 0 384 ) (-1408 0 384 ) (-1408 0 256 ) 
4 66 69 (-1408 1024 256 ) (-1024 1024 256 ) (-1024 0 256 ) (-1408 0 256 ) 
4 66 67 (-1408 768 256 ) (-1408 0 256 ) (-1408 0 384 ) (-1408 768 384 ) 
4 67 100 (-1408 0 384 ) (-1792 0 384 ) (-1792 0 256 ) (-1408 0 256 ) 
4 67 74 (-1784 0 256 ) (-1792 0 256 ) (-1792 512.001038 256 ) (-1784 517.334351 256 ) 
4 67 73 (-1416 0 256 ) (-1784 0 256 ) (-1784 517.334351 256 ) (-1416 762.667664 256 ) 
4 67 71 (-1408 768 256 ) (-1408 0 256 ) (-1416 0 256 ) (-1416 762.667664 256 ) 
4 67 68 (-1792 512.001099 256 ) (-1792 0 256 ) (-1792 0 384 ) (-1792 512.001038 384 ) 
4 68 112 (-2048 1024 384 ) (-2048 1024 256 ) (-2048 0 256 ) (-2048 0 384 ) 
4 68 100 (-1792 0 384 ) (-2048 0 384 ) (-2048 0 256 ) (-1792 0 256 ) 
4 68 75 (-2048 1024 256 ) (-1792 1024 256 ) (-1792 0 256 ) (-2048 0 256 ) 
4 69 101 (-1024 0 -56 ) (-1024 0 128 ) (-1408 0 128 ) (-1408 0 -56 ) 
4 69 100 (-1024 0 128 ) (-1024 0 256 ) (-1408 0 256 ) (-1408 0 128 ) 
4 69 97 (-1408 1024 0 ) (-1408 1024 -56 ) (-1408 0 -56 ) (-1408 0 0 ) 
4 69 77 (-1408 256 128 ) (-1408 256 144 ) (-1408 768 144 ) (-1408 768 128 ) 
4 69 78 (-1408 256 0 ) (-1408 0 0 ) (-1408 0 144 ) (-1408 256 144 ) 
4 69 76 (-1408 1024 128 ) (-1408 1024 0 ) (-1408 768 0 ) (-1408 768 128 ) 
4 69 72 (-1408 768 144 ) (-1408 0 144 ) (-1408 0 192 ) (-1408 768 192 ) 
4 69 71 (-1408 0 256 ) (-1408 768 256 ) (-1408 768 192 ) (-1408 0 192 ) 
4 69 70 (-1408 1008 249.106995 ) (-1408 1008 192 ) (-1408 784 192 ) (-1408 784 249.106995 ) 
4 70 73 (-1416 1008 249.106995 ) (-1416 1008 192 ) (-1416 784 192 ) (-1416 784 249.106995 ) 
4 71 100 (-1408 0 192 ) (-1408 0 256 ) (-1416 0 256 ) (-1416 0 192 ) 
4 71 73 (-1416 0 192 ) (-1416 0 256 ) (-1416 768 256 ) (-1416 768 192 ) 
4 71 72 (-1416 0 192 ) (-1416 768 192 ) (-1408 768 192 ) (-1408 0 192 ) 
4 72 100 (-1408 0 144 ) (-1408 0 192 ) (-1416 0 192 ) (-1416 0 144 ) 
4 72 77 (-1408 768 144 ) (-1408 256 144 ) (-1416 256 144 ) (-1416 768 144 ) 
4 72 78 (-1408 256 144 ) (-1408 0 144 ) (-1416 0 144 ) (-1416 256 144 ) 
4 72 73 (-1416 768 144 ) (-1416 0 144 ) (-1416 0 192 ) (-1416 768 192 ) 
4 73 100 (-1416 0 256 ) (-1784 0 256 ) (-1784 0 144 ) (-1416 0 144 ) 
4 73 88 (-1424 272 144 ) (-1424 0 144 ) (-1784 0 144 ) (-1784 272 144 ) 
4 73 82 (-1432 272 144 ) (-1464 272 144 ) (-1464 288 144 ) (-1432 288 144 ) 
4 73 81 (-1424 288 144 ) (-1424 272 144 ) (-1432 272 144 ) (-1432 288 144 ) 
4 73 84 (-1464 272 144 ) (-1784 272 144 ) (-1784 288 144 ) (-1464 288 144 ) 
4 73 80 (-1424 768 144 ) (-1424 288 144 ) (-1784 288 144 ) (-1784 768 144 ) 
4 73 77 (-1416 768 144 ) (-1416 256 144 ) (-1424 256 144 ) (-1424 768 144 ) 
4 73 78 (-1416 256 144 ) (-1416 0 144 ) (-1424 0 144 ) (-1424 256 144 ) 
4 73 74 (-1784 768 144 ) (-1784 0 144 ) (-1784 0 256 ) (-1784 768 256 ) 
4 74 100 (-1784 0 256 ) (-1792 0 256 ) (-1792 0 144 ) (-1784 0 144 ) 
4 74 88 (-1784 272 144 ) (-1784 0 144 ) (-1792 0 144 ) (-1792 272 144 ) 
4 74 84 (-1784 288 144 ) (-1784 272 144 ) (-1792 272 144 ) (-1792 288 144 ) 
4 74 80 (-1784 768 144 ) (-1784 288 144 ) (-1792 288 144 ) (-1792 768 144 ) 
4 74 75 (-1792 768 144 ) (-1792 0 144 ) (-1792 0 256 ) (-1792 768 256 ) 
4 75 112 (-2048 1024 256 ) (-2048 1024 144 ) (-2048 0 144 ) (-2048 0 256 ) 
4 75 100 (-1792 0 256 ) (-2048 0 256 ) (-2048 0 144 ) (-1792 0 144 ) 
4 75 88 (-1792 272 144 ) (-1792 0 144 ) (-2048 0 144 ) (-2048 272 144 ) 
4 75 86 (-1968 1024 144 ) (-1952 1024 144 ) (-1952 272 144 ) (-1968 272 144 ) 
4 75 85 (-1952 1024 144 ) (-1792 1024 144 ) (-1792 272 144 ) (-1952 272 144 ) 
4 75 87 (-2048 1024 144 ) (-1968 1024 144 ) (-1968 272 144 ) (-2048 272 144 ) 
4 76 97 (-1424 1024 0 ) (-1408 1024 0 ) (-1408 768 0 ) (-1424 768 0 ) 
4 76 79 (-1424 1024 0 ) (-1424 768 0 ) (-1424 768 128 ) (-1424 1024 128 ) 
4 77 89 (-1424 256 128 ) (-1424 256 129.281006 ) (-1424 272 129.281006 ) (-1424 272 128 ) 
4 77 88 (-1424 256 129.281006 ) (-1424 256 144 ) (-1424 272 144 ) (-1424 272 129.281006 ) 
4 77 81 (-1424 272 144 ) (-1424 288 144 ) (-1424 288 128 ) (-1424 272 128 ) 
4 77 80 (-1424 288 144 ) (-1424 768 144 ) (-1424 768 128 ) (-1424 288 128 ) 
4 77 78 (-1424 256 144 ) (-1424 256 128 ) (-1408 256 128 ) (-1408 256 144 ) 
4 78 101 (-1408 0 0 ) (-1408 0 128 ) (-1424 0 128 ) (-1424 0 0 ) 
4 78 100 (-1408 0 128 ) (-1408 0 144 ) (-1424 0 144 ) (-1424 0 128 ) 
4 78 97 (-1408 256 0 ) (-1408 0 0 ) (-1424 0 0 ) (-1424 256 0 ) 
4 78 90 (-1424 256 0 ) (-1424 0 0 ) (-1424 0 129.281006 ) (-1424 256 129.281006 ) 
4 78 88 (-1424 0 129.281006 ) (-1424 0 144 ) (-1424 256 144 ) (-1424 256 129.281006 ) 
4 79 97 (-1792 1024 0 ) (-1424 1024 0 ) (-1424 768 0 ) (-1792 768 0 ) 
4 79 85 (-1792 1024 0 ) (-1792 768 0 ) (-1792 768 128 ) (-1792 1024 128 ) 
4 79 80 (-1792 768 128 ) (-1792 768 0 ) (-1424 768 0 ) (-1424 768 128 ) 
4 80 97 (-1424 768 0 ) (-1424 288 0 ) (-1792 288 0 ) (-1792 768 0 ) 
4 80 85 (-1792 768 0 ) (-1792 288 0 ) (-1792 288 144 ) (-1792 768 144 ) 
4 80 83 (-1464 288 0 ) (-1432 288 0 ) (-1432 288 128.561996 ) (-1464 288 128.561996 ) 
4 80 82 (-1432 288 128.561996 ) (-1432 288 144 ) (-1464 288 144 ) (-1464 288 128.561996 ) 
4 80 81 (-1432 288 0 ) (-1424 288 0 ) (-1424 288 144 ) (-1432 288 144 ) 
4 80 84 (-1792 288 144 ) (-1792 288 0 ) (-1464 288 0 ) (-1464 288 144 ) 
4 81 97 (-1424 288 0 ) (-1424 272 0 ) (-1432 272 0 ) (-1432 288 0 ) 
4 81 89 (-1424 272 128 ) (-1424 272 129.281006 ) (-1432 272 129.281006 ) (-1432 272 128 ) 
4 81 88 (-1424 272 129.281006 ) (-1424 272 144 ) (-1432 272 144 ) (-1432 272 129.281006 ) 
4 81 83 (-1432 288 128.561996 ) (-1432 288 0 ) (-1432 272 0 ) (-1432 272 128.561996 ) 
4 81 82 (-1432 288 144 ) (-1432 288 128.561996 ) (-1432 272 128.561996 ) (-1432 272 144 ) 
4 82 89 (-1432 272 128.561996 ) (-1432 272 129.281006 ) (-1464 272 129.281006 ) (-1464 272 128.561996 ) 
4 82 88 (-1432 272 129.281006 ) (-1432 272 144 ) (-1464 272 144 ) (-1464 272 129.281006 ) 
4 82 84 (-1464 288 144 ) (-1464 288 128.561996 ) (-1464 272 128.561996 ) (-1464 272 144 ) 
4 82 83 (-1464 272 128.561996 ) (-1464 288 128.561996 ) (-1432 288 128.561996 ) (-1432 272 128.561996 ) 
4 83 97 (-1432 272 0 ) (-1464 272 0 ) (-1464 288 0 ) (-1432 288 0 ) 
4 83 89 (-1432 272 128 ) (-1432 272 128.561996 ) (-1464 272 128.561996 ) (-1464 272 128 ) 
4 83 84 (-1464 288 128.561996 ) (-1464 288 0 ) (-1464 272 0 ) (-1464 272 128.561996 ) 
4 84 97 (-1464 272 0 ) (-1792 272 0 ) (-1792 288 0 ) (-1464 288 0 ) 
4 84 94 (-1464 272 128 ) (-1464 272 129.281006 ) (-1792 272 129.281006 ) (-1792 272 128 ) 
4 84 88 (-1464 272 129.281006 ) (-1464 272 144 ) (-1792 272 144 ) (-1792 272 129.281006 ) 
4 84 85 (-1792 288 0 ) (-1792 272 0 ) (-1792 272 144 ) (-1792 288 144 ) 
4 85 98 (-1952 1024 0 ) (-1792 1024 0 ) (-1792 272 0 ) (-1952 272 0 ) 
4 85 94 (-1792 272 128 ) (-1792 272 129.281006 ) (-1952 272 129.281006 ) (-1952 272 128 ) 
4 85 88 (-1792 272 129.281006 ) (-1792 272 144 ) (-1952 272 144 ) (-1952 272 129.281006 ) 
4 85 86 (-1952 272 128 ) (-1952 272 144 ) (-1952 1024 144 ) (-1952 1024 128 ) 
4 86 94 (-1952 272 128 ) (-1952 272 129.281006 ) (-1968 272 129.281006 ) (-1968 272 128 ) 
4 86 88 (-1952 272 129.281006 ) (-1952 272 144 ) (-1968 272 144 ) (-1968 272 129.281006 ) 
4 86 87 (-1968 272 128 ) (-1968 272 144 ) (-1968 1024 144 ) (-1968 1024 128 ) 
4 87 112 (-2048 1024 144 ) (-2048 1024 0 ) (-2048 272 0 ) (-2048 272 144 ) 
4 87 98 (-2048 272 0 ) (-2048 1024 0 ) (-1968 1024 0 ) (-1968 272 0 ) 
4 87 94 (-1968 272 128 ) (-1968 272 129.281006 ) (-2048 272 129.281006 ) (-2048 272 128 ) 
4 87 88 (-1968 272 129.281006 ) (-1968 272 144 ) (-2048 272 144 ) (-2048 272 129.281006 ) 
4 88 112 (-2048 0 129.281006 ) (-2048 0 144 ) (-2048 272 144 ) (-2048 272 129.281006 ) 
4 88 100 (-1424 0 144 ) (-2048 0 144 ) (-2048 0 129.281006 ) (-1424 0 129.281006 ) 
4 88 94 (-2048 272 129.281006 ) (-1464 272 129.281006 ) (-1464 0 129.281006 ) (-2048 0 129.281006 ) 
4 88 91 (-1464 240 129.281006 ) (-1464 256 129.281006 ) (-1432 256 129.281006 ) (-1432 240 129.281006 ) 
4 88 93 (-1432 0 129.281006 ) (-1464 0 129.281006 ) (-1464 240 129.281006 ) (-1432 240 129.281006 ) 
4 88 90 (-1424 256 129.281006 ) (-1424 0 129.281006 ) (-1432 0 129.281006 ) (-1432 256 129.281006 ) 
4 88 89 (-1464 272 129.281006 ) (-1424 272 129.281006 ) (-1424 256 129.281006 ) (-1464 256 129.281006 ) 
4 89 94 (-1464 256 129.281006 ) (-1464 272 129.281006 ) (-1464 272 128 ) (-1464 256 128 ) 
4 89 91 (-1464 256 129.281006 ) (-1464 256 128 ) (-1432 256 128 ) (-1432 256 129.281006 ) 
4 89 90 (-1432 256 128 ) (-1424 256 128 ) (-1424 256 129.281006 ) (-1432 256 129.281006 ) 
4 90 101 (-1432 0 0 ) (-1424 0 0 ) (-1424 0 128 ) (-1432 0 128 ) 
4 90 100 (-1424 0 128 ) (-1424 0 129.281006 ) (-1432 0 129.281006 ) (-1432 0 128 ) 
4 90 97 (-1424 256 0 ) (-1424 0 0 ) (-1432 0 0 ) (-1432 256 0 ) 
4 90 92 (-1432 256 0.718750 ) (-1432 256 0 ) (-1432 240 0 ) (-1432 240 0.718750 ) 
4 90 91 (-1432 256 129.281006 ) (-1432 256 0.718750 ) (-1432 240 0.718750 ) (-1432 240 129.281006 ) 
4 90 93 (-1432 240 0 ) (-1432 0 0 ) (-1432 0 129.281006 ) (-1432 240 129.281006 ) 
4 91 95 (-1464 256 128 ) (-1464 256 0.718750 ) (-1464 240 0.718750 ) (-1464 240 128 ) 
4 91 94 (-1464 240 129.281006 ) (-1464 256 129.281006 ) (-1464 256 128 ) (-1464 240 128 ) 
4 91 93 (-1464 240 129.281006 ) (-1464 240 0.718750 ) (-1432 240 0.718750 ) (-1432 240 129.281006 ) 
4 91 92 (-1432 240 0.718750 ) (-1464 240 0.718750 ) (-1464 256 0.718750 ) (-1432 256 0.718750 ) 
4 92 97 (-1464 240 0 ) (-1464 256 0 ) (-1432 256 0 ) (-1432 240 0 ) 
4 92 95 (-1464 256 0.718750 ) (-1464 256 0 ) (-1464 240 0 ) (-1464 240 0.718750 ) 
4 92 93 (-1464 240 0.718750 ) (-1464 240 0 ) (-1432 240 0 ) (-1432 240 0.718750 ) 
4 93 101 (-1464 0 0 ) (-1432 0 0 ) (-1432 0 128 ) (-1464 0 128 ) 
4 93 100 (-1432 0 128 ) (-1432 0 129.281006 ) (-1464 0 129.281006 ) (-1464 0 128 ) 
4 93 97 (-1432 0 0 ) (-1464 0 0 ) (-1464 240 0 ) (-1432 240 0 ) 
4 93 95 (-1464 240 128 ) (-1464 240 0 ) (-1464 0 0 ) (-1464 0 128 ) 
4 93 94 (-1464 0 129.281006 ) (-1464 240 129.281006 ) (-1464 240 128 ) (-1464 0 128 ) 
4 94 112 (-2048 0 128 ) (-2048 0 129.281006 ) (-2048 272 129.281006 ) (-2048 272 128 ) 
4 94 100 (-2048 0 129.281006 ) (-2048 0 128 ) (-1464 0 128 ) (-1464 0 129.281006 ) 
4 94 96 (-1968 256 128 ) (-1968 0 128 ) (-2048 0 128 ) (-2048 256 128 ) 
4 94 95 (-1464 256 128 ) (-1464 0 128 ) (-1952 0 128 ) (-1952 256 128 ) 
4 95 102 (-1952 0 0 ) (-1792 0 0 ) (-1792 0 128 ) (-1952 0 128 ) 
4 95 101 (-1792 0 0 ) (-1464 0 0 ) (-1464 0 128 ) (-1792 0 128 ) 
4 95 98 (-1792 0 0 ) (-1952 0 0 ) (-1952 256 0 ) (-1792 256 0 ) 
4 95 97 (-1464 256 0 ) (-1464 0 0 ) (-1792 0 0 ) (-1792 256 0 ) 
4 96 112 (-2048 256 0 ) (-2048 0 0 ) (-2048 0 128 ) (-2048 256 128 ) 
4 96 103 (-2048 0 128 ) (-2048 0 0 ) (-1968 0 0 ) (-1968 0 128 ) 
4 96 98 (-2048 0 0 ) (-2048 256 0 ) (-1968 256 0 ) (-1968 0 0 ) 
4 97 101 (-1408 0 -56 ) (-1408 0 0 ) (-1792 0 0 ) (-1792 0 -56 ) 
4 97 98 (-1792 0 -56 ) (-1792 0 0 ) (-1792 1024 0 ) (-1792 1024 -56 ) 
4 98 112 (-2048 1024 0 ) (-2048 1024 -284.352997 ) (-2048 0 -284.352997 ) (-2048 0 0 ) 
4 98 104 (-1792 0 -284.352997 ) (-1792 0 0 ) (-2048 0 0 ) (-2048 0 -284.352997 ) 
4 99 106 (0 -1024 -56 ) (0 -1024 984.353027 ) (-1024 -1024 984.353027 ) (-1024 -1024 -56 ) 
4 99 101 (-1024 0 128 ) (-1024 0 -56 ) (-1024 -1024 -56 ) (-1024 -1024 128 ) 
4 99 100 (-1024 0 984.353027 ) (-1024 0 128 ) (-1024 -1024 128 ) (-1024 -1024 984.353027 ) 
4 100 113 (-2048 -1024 128 ) (-2048 -1024 984.353027 ) (-2048 0 984.353027 ) (-2048 0 128 ) 
4 100 109 (-1952 -1024 984.353027 ) (-1968 -1024 984.353027 ) (-1968 -1024 128 ) (-1952 -1024 128 ) 
4 100 108 (-1792 -1024 984.353027 ) (-1952 -1024 984.353027 ) (-1952 -1024 128 ) (-1792 -1024 128 ) 
4 100 111 (-1968 -1024 984.353027 ) (-2048 -1024 984.353027 ) (-2048 -1024 128 ) (-1968 -1024 128 ) 
4 100 107 (-1024 -1024 128 ) (-1024 -1024 984.353027 ) (-1792 -1024 984.353027 ) (-1792 -1024 128 ) 
4 100 102 (-1792 -1024 128 ) (-1952 -1024 128 ) (-1952 0 128 ) (-1792 0 128 ) 
4 100 103 (-1968 -1024 128 ) (-2048 -1024 128 ) (-2048 0 128 ) (-1968 0 128 ) 
4 100 101 (-1024 0 128 ) (-1024 -1024 128 ) (-1792 -1024 128 ) (-1792 0 128 ) 
4 101 107 (-1024 -1024 -56 ) (-1024 -1024 128 ) (-1792 -1024 128 ) (-1792 -1024 -56 ) 
4 101 104 (-1792 0 0 ) (-1792 0 -56 ) (-1792 -1024 -56 ) (-1792 -1024 0 ) 
4 101 102 (-1792 -1024 128 ) (-1792 0 128 ) (-1792 0 0 ) (-1792 -1024 0 ) 
4 102 108 (-1792 -1024 0 ) (-1792 -1024 128 ) (-1952 -1024 128 ) (-1952 -1024 0 ) 
4 102 104 (-1792 0 0 ) (-1792 -1024 0 ) (-1952 -1024 0 ) (-1952 0 0 ) 
4 103 113 (-2048 -1024 0 ) (-2048 -1024 128 ) (-2048 0 128 ) (-2048 0 0 ) 
4 103 111 (-1968 -1024 128 ) (-2048 -1024 128 ) (-2048 -1024 0 ) (-1968 -1024 0 ) 
4 103 104 (-1968 -1024 0 ) (-2048 -1024 0 ) (-2048 0 0 ) (-1968 0 0 ) 
4 104 113 (-2048 -1024 -284.352997 ) (-2048 -1024 0 ) (-2048 0 0 ) (-2048 0 -284.352997 ) 
4 104 110 (-1952 -1024 0 ) (-1968 -1024 0 ) (-1968 -1024 -284.352997 ) (-1952 -1024 -284.352997 ) 
4 104 108 (-1792 -1024 -284.352997 ) (-1792 -1024 0 ) (-1952 -1024 0 ) (-1952 -1024 -284.352997 ) 
4 104 111 (-1968 -1024 0 ) (-2048 -1024 0 ) (-2048 -1024 -284.352997 ) (-1968 -1024 -284.352997 ) 
4 105 106 (0 -2045.579956 984.353027 ) (0 -1024 984.353027 ) (0 -1024 -56 ) (0 -2045.579956 -56 ) 
4 106 107 (-1024 -1024 984.353027 ) (-1024 -1024 -56 ) (-1024 -2045.579956 -56 ) (-1024 -2045.579956 984.353027 ) 
4 107 108 (-1792 -2045.579956 984.353027 ) (-1792 -1024 984.353027 ) (-1792 -1024 -56 ) (-1792 -2045.579956 -56 ) 
4 108 109 (-1952 -2045.579956 128 ) (-1952 -2045.579956 984.353027 ) (-1952 -1024 984.353027 ) (-1952 -1024 128 ) 
4 108 110 (-1952 -1024 -284.352997 ) (-1952 -2045.579956 -284.352997 ) (-1952 -2045.579956 0 ) (-1952 -1024 0 ) 
4 109 111 (-1968 -2045.579956 128 ) (-1968 -2045.579956 984.353027 ) (-1968 -1024 984.353027 ) (-1968 -1024 128 ) 
4 110 111 (-1968 -1024 -284.352997 ) (-1968 -2045.579956 -284.352997 ) (-1968 -2045.579956 0 ) (-1968 -1024 0 ) 
4 111 114 (-2048 -2045.579956 984.353027 ) (-2048 -1024 984.353027 ) (-2048 -1024 -284.352997 ) (-2048 -2045.579956 -284.352997 ) 
4 112 113 (-2048 0 -284.352997 ) (-2048 0 984.353027 ) (-2215.600098 0 984.353027 ) (-2215.600098 0 -284.352997 ) 
4 113 114 (-2048 -1024 -284.352997 ) (-2048 -1024 984.353027 ) (-2215.600098 -1024 984.353027 ) (-2215.600098 -1024 -284.352997 ) 
