PRT1
235
650
4 0 16 (1024 798 72 ) (1024 798 -56 ) (1024 64 -56 ) (1024 64 72 ) 
4 0 14 (1024 64 262 ) (1024 798 262 ) (1024 798 72 ) (1024 64 72 ) 
4 0 12 (1024 64 -56 ) (1024 798 -56 ) (1456 798 -56 ) (1456 64 -56 ) 
4 0 11 (1456 798 -56 ) (1565.989990 798 -56 ) (1565.989990 64 -56 ) (1456 64 -56 ) 
4 0 2 (1456 64 72.565002 ) (1456 64 262 ) (1168 64 262 ) (1168 64 72.565002 ) 
4 0 1 (1456 64 -56 ) (1565.989990 64 -56 ) (1565.989990 64 262 ) (1456 64 262 ) 
4 0 3 (1024 64 -56 ) (1168 64 -56 ) (1168 64 262 ) (1024 64 262 ) 
4 1 11 (1456 64 -56 ) (1565.989990 64 -56 ) (1565.989990 56 -56 ) (1456 56 -56 ) 
4 1 6 (1456 56 -56 ) (1565.989990 56 -56 ) (1565.989990 56 72 ) (1456 56 72 ) 
4 1 4 (1565.989990 56 72 ) (1565.989990 56 262 ) (1456 56 262 ) (1456 56 72 ) 
4 1 2 (1456 64 262 ) (1456 64 72.565002 ) (1456 56 72.565002 ) (1456 56 262 ) 
4 2 5 (1456 56 88 ) (1456 56 262 ) (1168 56 262 ) (1168 56 88 ) 
4 2 3 (1168 64 262 ) (1168 64 72.565002 ) (1168 56 72.565002 ) (1168 56 262 ) 
4 3 16 (1024 64 72 ) (1024 64 -56 ) (1024 56 -56 ) (1024 56 72 ) 
4 3 14 (1024 56 262 ) (1024 64 262 ) (1024 64 72 ) (1024 56 72 ) 
4 3 5 (1168 56 88 ) (1168 56 262 ) (1024 56 262 ) (1024 56 88 ) 
4 4 20 (1565.989990 0 262 ) (1456 0 262 ) (1456 0 72 ) (1565.989990 0 72 ) 
4 4 6 (1456 56 72 ) (1565.989990 56 72 ) (1565.989990 0 72 ) (1456 0 72 ) 
4 4 5 (1456 56 262 ) (1456 56 88 ) (1456 0 88 ) (1456 0 262 ) 
4 5 21 (1456 0 262 ) (1024 0 262 ) (1024 0 88 ) (1456 0 88 ) 
4 5 15 (1024 0 88 ) (1024 0 262 ) (1024 56 262 ) (1024 56 88 ) 
4 6 20 (1565.989990 0 72 ) (1456 0 72 ) (1456 0 -56 ) (1565.989990 0 -56 ) 
4 6 11 (1565.989990 0 -56 ) (1456 0 -56 ) (1456 56 -56 ) (1565.989990 56 -56 ) 
4 6 7 (1456 0 72 ) (1456 40 72 ) (1456 40 -56 ) (1456 0 -56 ) 
4 7 22 (1456 0 72 ) (1440 0 72 ) (1440 0 -56 ) (1456 0 -56 ) 
4 7 8 (1440 0 72 ) (1440 40 72 ) (1440 40 -56 ) (1440 0 -56 ) 
4 8 23 (1440 0 72 ) (1184 0 72 ) (1184 0 -56 ) (1440 0 -56 ) 
4 8 9 (1184 0 72 ) (1184 40 72 ) (1184 40 -56 ) (1184 0 -56 ) 
4 9 23 (1184 0 72 ) (1168 0 72 ) (1168 0 -56 ) (1184 0 -56 ) 
4 9 10 (1168 40 -56 ) (1168 0 -56 ) (1168 0 72 ) (1168 40 72 ) 
4 10 24 (1168 0 72 ) (1128 0 72 ) (1128 0 -56 ) (1168 0 -56 ) 
4 10 27 (1128 0 72 ) (1024 0 72 ) (1024 0 -56 ) (1128 0 -56 ) 
4 10 17 (1024 0 -56 ) (1024 0 72 ) (1024 48 72 ) (1024 48 -56 ) 
4 11 20 (1565.989990 0 -56 ) (1456 0 -56 ) (1456 0 -254 ) (1565.989990 0 -254 ) 
4 11 13 (1456 64 -254 ) (1456 0 -254 ) (1456 0 -88 ) (1456 64 -88 ) 
4 11 12 (1456 798 -56 ) (1456 798 -254 ) (1456 64 -254 ) (1456 64 -56 ) 
4 12 18 (1024 64 -56 ) (1024 798 -56 ) (1024 798 -254 ) (1024 64 -254 ) 
4 12 13 (1024 64 -254 ) (1456 64 -254 ) (1456 64 -88 ) (1024 64 -88 ) 
4 13 28 (1024 0 -88 ) (1024 0 -254 ) (1456 0 -254 ) (1456 0 -88 ) 
4 13 19 (1024 0 -254 ) (1024 0 -88 ) (1024 64 -88 ) (1024 64 -254 ) 
4 14 78 (0 96 88 ) (0 96 72 ) (0 56 72 ) (0 56 88 ) 
4 14 74 (0 56 262 ) (0 96 262 ) (0 96 88 ) (0 56 88 ) 
4 14 64 (0 104 88 ) (0 104 72 ) (0 96 72 ) (0 96 88 ) 
4 14 63 (0 96 262 ) (0 104 262 ) (0 104 88 ) (0 96 88 ) 
4 14 54 (0 240 88 ) (0 240 72 ) (0 104 72 ) (0 104 88 ) 
4 14 51 (0 104 262 ) (0 240 262 ) (0 240 88 ) (0 104 88 ) 
4 14 48 (0 240 262 ) (0 798 262 ) (0 798 72 ) (0 240 72 ) 
4 14 16 (1024 798 72 ) (1024 56 72 ) (0 56 72 ) (0 798 72 ) 
4 14 15 (1024 56 88 ) (1024 56 262 ) (0 56 262 ) (0 56 88 ) 
4 15 74 (0 0 88 ) (0 0 262 ) (0 56 262 ) (0 56 88 ) 
4 15 38 (1024 0 88 ) (1024 0 262 ) (0 0 262 ) (0 0 88 ) 
4 16 79 (0 56 72 ) (0 96 72 ) (0 96 -56 ) (0 56 -56 ) 
4 16 67 (0 96 72 ) (0 104 72 ) (0 104 -56 ) (0 96 -56 ) 
4 16 54 (0 104 72 ) (0 240 72 ) (0 240 -56 ) (0 104 -56 ) 
4 16 48 (0 240 72 ) (0 798 72 ) (0 798 -56 ) (0 240 -56 ) 
4 16 18 (0 64 -56 ) (0 798 -56 ) (1024 798 -56 ) (1024 64 -56 ) 
4 17 80 (0 0 -56 ) (0 0 72 ) (0 48 72 ) (0 48 -56 ) 
4 17 45 (1024 0 -56 ) (1024 0 -32 ) (0 0 -32 ) (0 0 -56 ) 
4 17 41 (1024 0 -32 ) (1024 0 32 ) (0 0 32 ) (0 0 -32 ) 
4 17 40 (1024 0 32 ) (1024 0 72 ) (0 0 72 ) (0 0 32 ) 
4 18 103 (0 798 -88 ) (0 798 -254 ) (0 64 -254 ) (0 64 -88 ) 
4 18 102 (0 64 -56 ) (0 104 -56 ) (0 104 -88 ) (0 64 -88 ) 
4 18 101 (0 104 -56 ) (0 240 -56 ) (0 240 -88 ) (0 104 -88 ) 
4 18 100 (0 240 -56 ) (0 798 -56 ) (0 798 -88 ) (0 240 -88 ) 
4 18 19 (0 64 -254 ) (1024 64 -254 ) (1024 64 -88 ) (0 64 -88 ) 
4 19 103 (0 0 -254 ) (0 0 -88 ) (0 64 -88 ) (0 64 -254 ) 
4 19 46 (1024 0 -254 ) (1024 0 -88 ) (0 0 -88 ) (0 0 -254 ) 
4 20 35 (1456 -40 -56 ) (1456 -40 -254 ) (1565.989990 -40 -254 ) (1565.989990 -40 -56 ) 
4 20 34 (1456 -40 -32 ) (1456 -40 -56 ) (1565.989990 -40 -56 ) (1565.989990 -40 -32 ) 
4 20 31 (1456 -40 32 ) (1456 -40 -32 ) (1565.989990 -40 -32 ) (1565.989990 -40 32 ) 
4 20 30 (1456 -40 72 ) (1456 -40 32 ) (1565.989990 -40 32 ) (1565.989990 -40 72 ) 
4 20 29 (1565.989990 -40 262 ) (1456 -40 262 ) (1456 -40 72 ) (1565.989990 -40 72 ) 
4 20 28 (1456 -40 -254 ) (1456 -40 -88 ) (1456 0 -88 ) (1456 0 -254 ) 
4 20 22 (1456 -32 72 ) (1456 0 72 ) (1456 0 -56 ) (1456 -32 -56 ) 
4 20 21 (1456 -40 88 ) (1456 -40 262 ) (1456 0 262 ) (1456 0 88 ) 
4 21 38 (1024 0 262 ) (1024 0 88 ) (1024 -40 88 ) (1024 -40 262 ) 
4 21 29 (1024 -40 262 ) (1024 -40 88 ) (1456 -40 88 ) (1456 -40 262 ) 
4 22 23 (1440 0 -56 ) (1440 -32 -56 ) (1440 -32 72 ) (1440 0 72 ) 
4 23 32 (1376 -40 32 ) (1248 -40 32 ) (1248 -40 -32 ) (1376 -40 -32 ) 
4 23 25 (1168 -40 32 ) (1168 -40 72 ) (1168 -38 72 ) (1168 -38 32 ) 
4 23 26 (1168 -38 -56 ) (1168 -40 -56 ) (1168 -40 -24 ) (1168 -38 -24 ) 
4 23 24 (1168 0 -56 ) (1168 -38 -56 ) (1168 -38 72 ) (1168 0 72 ) 
4 24 25 (1128 -38 72 ) (1128 -38 32 ) (1168 -38 32 ) (1168 -38 72 ) 
4 24 26 (1128 -38 -24 ) (1128 -38 -56 ) (1168 -38 -56 ) (1168 -38 -24 ) 
4 24 27 (1128 0 -56 ) (1128 -38 -56 ) (1128 -38 72 ) (1128 0 72 ) 
4 25 27 (1128 -40 32 ) (1128 -40 72 ) (1128 -38 72 ) (1128 -38 32 ) 
4 26 27 (1128 -38 -56 ) (1128 -40 -56 ) (1128 -40 -24 ) (1128 -38 -24 ) 
4 27 45 (1024 0 -32 ) (1024 0 -56 ) (1024 -40 -56 ) (1024 -40 -32 ) 
4 27 41 (1024 0 32 ) (1024 0 -32 ) (1024 -40 -32 ) (1024 -40 32 ) 
4 27 40 (1024 0 72 ) (1024 0 32 ) (1024 -40 32 ) (1024 -40 72 ) 
4 27 33 (1024 -40 32 ) (1024 -40 -32 ) (1056 -40 -32 ) (1056 -40 32 ) 
4 28 46 (1024 0 -88 ) (1024 0 -254 ) (1024 -40 -254 ) (1024 -40 -88 ) 
4 28 36 (1024 -40 -88 ) (1024 -40 -254 ) (1456 -40 -254 ) (1456 -40 -88 ) 
4 29 39 (1024 -56 72 ) (1024 -56 88 ) (1024 -40 88 ) (1024 -40 72 ) 
4 29 38 (1024 -56 88 ) (1024 -56 262 ) (1024 -40 262 ) (1024 -40 88 ) 
4 29 37 (1565.989990 -56 262 ) (1024 -56 262 ) (1024 -56 72 ) (1565.989990 -56 72 ) 
4 29 30 (1440 -40 72 ) (1565.989990 -40 72 ) (1565.989990 -56 72 ) (1440 -56 72 ) 
4 30 37 (1440 -56 32 ) (1565.989990 -56 32 ) (1565.989990 -56 72 ) (1440 -56 72 ) 
4 30 31 (1565.989990 -56 32 ) (1440 -56 32 ) (1440 -40 32 ) (1565.989990 -40 32 ) 
4 31 37 (1565.989990 -56 32 ) (1440 -56 32 ) (1440 -56 -32 ) (1565.989990 -56 -32 ) 
4 31 34 (1565.989990 -56 -32 ) (1440 -56 -32 ) (1440 -40 -32 ) (1565.989990 -40 -32 ) 
4 32 37 (1376 -56 32 ) (1248 -56 32 ) (1248 -56 -32 ) (1376 -56 -32 ) 
4 33 42 (1024 -56 -32 ) (1024 -56 32 ) (1024 -40 32 ) (1024 -40 -32 ) 
4 33 37 (1056 -56 32 ) (1024 -56 32 ) (1024 -56 -32 ) (1056 -56 -32 ) 
4 34 37 (1565.989990 -56 -32 ) (1440 -56 -32 ) (1440 -56 -56 ) (1565.989990 -56 -56 ) 
4 34 35 (1565.989990 -56 -56 ) (1456 -56 -56 ) (1456 -40 -56 ) (1565.989990 -40 -56 ) 
4 35 37 (1565.989990 -56 -56 ) (1456 -56 -56 ) (1456 -56 -254 ) (1565.989990 -56 -254 ) 
4 35 36 (1456 -40 -254 ) (1456 -56 -254 ) (1456 -56 -88 ) (1456 -40 -88 ) 
4 36 46 (1024 -56 -254 ) (1024 -56 -88 ) (1024 -40 -88 ) (1024 -40 -254 ) 
4 36 37 (1024 -56 -88 ) (1024 -56 -254 ) (1456 -56 -254 ) (1456 -56 -88 ) 
4 37 47 (1024 -334 262 ) (1024 -56 262 ) (1024 -56 -254 ) (1024 -334 -254 ) 
4 38 151 (0 -56 88 ) (0 -56 262 ) (0 0 262 ) (0 0 88 ) 
4 38 47 (1024 -56 88 ) (1024 -56 262 ) (0 -56 262 ) (0 -56 88 ) 
4 38 39 (1024 -56 88 ) (0 -56 88 ) (0 -40 88 ) (1024 -40 88 ) 
4 39 155 (0 -56 72 ) (0 -56 88 ) (0 -40 88 ) (0 -40 72 ) 
4 39 47 (1024 -56 72 ) (1024 -56 88 ) (0 -56 88 ) (0 -56 72 ) 
4 40 169 (0 -40 72 ) (0 0 72 ) (0 0 32 ) (0 -40 32 ) 
4 40 41 (0 -40 32 ) (0 0 32 ) (1024 0 32 ) (1024 -40 32 ) 
4 41 169 (0 -40 32 ) (0 0 32 ) (0 0 -32 ) (0 -40 -32 ) 
4 41 45 (0 -40 -32 ) (0 0 -32 ) (1024 0 -32 ) (1024 -40 -32 ) 
4 41 44 (160 -40 -32 ) (288 -40 -32 ) (288 -40 32 ) (160 -40 32 ) 
4 41 42 (928 -40 -32 ) (1024 -40 -32 ) (1024 -40 32 ) (928 -40 32 ) 
4 41 43 (480 -40 -32 ) (608 -40 -32 ) (608 -40 32 ) (480 -40 32 ) 
4 42 47 (1024 -56 -32 ) (1024 -56 32 ) (928 -56 32 ) (928 -56 -32 ) 
4 43 47 (608 -56 32 ) (480 -56 32 ) (480 -56 -32 ) (608 -56 -32 ) 
4 44 47 (288 -56 32 ) (160 -56 32 ) (160 -56 -32 ) (288 -56 -32 ) 
4 45 169 (0 -40 -32 ) (0 0 -32 ) (0 0 -56 ) (0 -40 -56 ) 
4 46 186 (0 -56 -254 ) (0 -56 -88 ) (0 0 -88 ) (0 0 -254 ) 
4 46 47 (1024 -56 -254 ) (1024 -56 -88 ) (0 -56 -88 ) (0 -56 -254 ) 
4 47 229 (0 -240 -56 ) (0 -240 -254 ) (0 -334 -254 ) (0 -334 -56 ) 
4 47 216 (0 -334 262 ) (0 -240 262 ) (0 -240 -56 ) (0 -334 -56 ) 
4 47 214 (0 -104 -88 ) (0 -104 -254 ) (0 -240 -254 ) (0 -240 -88 ) 
4 47 212 (0 -104 -56 ) (0 -104 -88 ) (0 -240 -88 ) (0 -240 -56 ) 
4 47 204 (0 -104 88 ) (0 -104 -56 ) (0 -240 -56 ) (0 -240 88 ) 
4 47 203 (0 -240 262 ) (0 -104 262 ) (0 -104 88 ) (0 -240 88 ) 
4 47 197 (0 -96 -254 ) (0 -104 -254 ) (0 -104 -88 ) (0 -96 -88 ) 
4 47 196 (0 -104 -88 ) (0 -104 -56 ) (0 -96 -56 ) (0 -96 -88 ) 
4 47 191 (0 -104 -56 ) (0 -104 72 ) (0 -96 72 ) (0 -96 -56 ) 
4 47 187 (0 -56 -56 ) (0 -56 -254 ) (0 -96 -254 ) (0 -96 -56 ) 
4 47 170 (0 -56 72 ) (0 -56 -56 ) (0 -96 -56 ) (0 -96 72 ) 
4 47 155 (0 -56 88 ) (0 -56 72 ) (0 -104 72 ) (0 -104 88 ) 
4 47 151 (0 -104 262 ) (0 -56 262 ) (0 -56 88 ) (0 -104 88 ) 
4 48 106 (-640 798 -56 ) (-360 798 -56 ) (-360 240 -56 ) (-640 240 -56 ) 
4 48 100 (-360 798 -56 ) (0 798 -56 ) (0 240 -56 ) (-360 240 -56 ) 
4 48 62 (-424 240 -56 ) (-360 240 -56 ) (-360 240 88 ) (-424 240 88 ) 
4 48 61 (-352 240 -56 ) (-344 240 -56 ) (-344 240 72 ) (-352 240 72 ) 
4 48 57 (-344 240 -56 ) (-336 240 -56 ) (-336 240 -8 ) (-344 240 -8 ) 
4 48 56 (-336 240 -8 ) (-336 240 72 ) (-344 240 72 ) (-344 240 -8 ) 
4 48 55 (-336 240 -56 ) (-232 240 -56 ) (-232 240 72 ) (-336 240 72 ) 
4 48 54 (-224 240 -56 ) (0 240 -56 ) (0 240 88 ) (-224 240 88 ) 
4 48 51 (0 240 88 ) (0 240 262 ) (-312 240 262 ) (-312 240 88 ) 
4 48 52 (-456 240 262 ) (-640 240 262 ) (-640 240 88 ) (-456 240 88 ) 
4 48 50 (-640 240 208 ) (-640 240 262 ) (-640 472 262 ) (-640 472 208 ) 
4 48 49 (-640 798 262 ) (-640 798 -56 ) (-640 472 -56 ) (-640 472 262 ) 
4 49 119 (-672 760 56 ) (-672 760 -56 ) (-672 472 -56 ) (-672 472 56 ) 
4 49 116 (-672 472 262 ) (-672 760 262 ) (-672 760 216 ) (-672 472 216 ) 
4 49 114 (-672 760 262 ) (-672 768 262 ) (-672 768 232 ) (-672 760 232 ) 
4 49 115 (-672 768 56 ) (-672 768 -56 ) (-672 760 -56 ) (-672 760 56 ) 
4 49 113 (-672 768 262 ) (-672 798 262 ) (-672 798 -56 ) (-672 768 -56 ) 
4 49 108 (-672 472 -56 ) (-672 798 -56 ) (-640 798 -56 ) (-640 472 -56 ) 
4 49 50 (-640 472 208 ) (-640 472 262 ) (-672 472 262 ) (-672 472 208 ) 
4 50 120 (-672 240 262 ) (-672 472 262 ) (-672 472 208 ) (-672 240 208 ) 
4 50 53 (-640 240 208 ) (-640 240 262 ) (-672 240 262 ) (-672 240 208 ) 
4 51 63 (0 104 88 ) (0 104 262 ) (-312 104 262 ) (-312 104 88 ) 
4 51 54 (0 104 88 ) (-224 104 88 ) (-224 240 88 ) (0 240 88 ) 
5 52 65 (-456 104 262 ) (-640 104 262 ) (-640 104 187.851868 ) (-481.411743 104 88 ) (-456 104 88 ) 
4 52 53 (-640 240 262 ) (-640 240 208 ) (-640 104 208 ) (-640 104 262 ) 
4 53 120 (-672 104 262 ) (-672 240 262 ) (-672 240 208 ) (-672 104 208 ) 
4 53 66 (-640 104 262 ) (-672 104 262 ) (-672 104 208 ) (-640 104 208 ) 
4 54 101 (-224 240 -56 ) (0 240 -56 ) (0 104 -56 ) (-224 104 -56 ) 
4 54 68 (-168 104 -56 ) (-104 104 -56 ) (-104 104 72 ) (-168 104 72 ) 
4 54 67 (-104 104 -56 ) (0 104 -56 ) (0 104 72 ) (-104 104 72 ) 
4 54 69 (-224 104 -56 ) (-168 104 -56 ) (-168 104 72 ) (-224 104 72 ) 
4 54 64 (0 104 72 ) (0 104 88 ) (-96 104 88 ) (-96 104 72 ) 
4 55 71 (-336 104 -56 ) (-304 104 -56 ) (-304 104 72 ) (-336 104 72 ) 
4 55 70 (-304 104 -56 ) (-256 104 -56 ) (-256 104 52 ) (-304 104 52 ) 
4 55 69 (-256 104 -56 ) (-232 104 -56 ) (-232 104 72 ) (-256 104 72 ) 
4 55 59 (-336 142 -8 ) (-336 149 -8 ) (-336 149 -56 ) (-336 142 -56 ) 
4 55 60 (-336 104 -56 ) (-336 104 -8 ) (-336 112 -8 ) (-336 112 -56 ) 
4 55 58 (-336 179 -8 ) (-336 186 -8 ) (-336 186 -56 ) (-336 179 -56 ) 
4 55 57 (-336 216 -8 ) (-336 240 -8 ) (-336 240 -56 ) (-336 216 -56 ) 
4 55 56 (-336 104 -8 ) (-336 104 72 ) (-336 240 72 ) (-336 240 -8 ) 
4 56 71 (-336 104 -8 ) (-336 104 72 ) (-344 104 72 ) (-344 104 -8 ) 
4 56 61 (-344 104 -8 ) (-344 104 72 ) (-344 240 72 ) (-344 240 -8 ) 
4 56 59 (-344 142 -8 ) (-344 149 -8 ) (-336 149 -8 ) (-336 142 -8 ) 
4 56 60 (-344 104 -8 ) (-344 112 -8 ) (-336 112 -8 ) (-336 104 -8 ) 
4 56 58 (-344 179 -8 ) (-344 186 -8 ) (-336 186 -8 ) (-336 179 -8 ) 
4 56 57 (-344 216 -8 ) (-344 240 -8 ) (-336 240 -8 ) (-336 216 -8 ) 
4 57 61 (-344 216 -8 ) (-344 240 -8 ) (-344 240 -56 ) (-344 216 -56 ) 
4 58 61 (-344 179 -8 ) (-344 186 -8 ) (-344 186 -56 ) (-344 179 -56 ) 
4 59 61 (-344 142 -8 ) (-344 149 -8 ) (-344 149 -56 ) (-344 142 -56 ) 
4 60 71 (-344 104 -56 ) (-336 104 -56 ) (-336 104 -8 ) (-344 104 -8 ) 
4 60 61 (-344 104 -56 ) (-344 104 -8 ) (-344 112 -8 ) (-344 112 -56 ) 
4 61 71 (-352 104 -56 ) (-344 104 -56 ) (-344 104 72 ) (-352 104 72 ) 
4 62 107 (-424 240 -56 ) (-360 240 -56 ) (-360 104 -56 ) (-424 104 -56 ) 
4 62 72 (-424 104 -56 ) (-360 104 -56 ) (-360 104 72 ) (-424 104 72 ) 
4 63 74 (0 96 88 ) (0 96 262 ) (-312 96 262 ) (-312 96 88 ) 
4 63 64 (0 96 88 ) (-96 96 88 ) (-96 104 88 ) (0 104 88 ) 
4 64 78 (0 96 72 ) (0 96 88 ) (-96 96 88 ) (-96 96 72 ) 
4 64 67 (0 96 72 ) (-96 96 72 ) (-96 104 72 ) (0 104 72 ) 
4 65 96 (-576 96 262 ) (-640 96 262 ) (-640 96 187.851868 ) (-576 96 147.555573 ) 
4 65 90 (-456 96 262 ) (-576 96 262 ) (-576 96 147.555573 ) (-456 96 72 ) 
4 65 66 (-640 104 262 ) (-640 104 208 ) (-640 96 208 ) (-640 96 262 ) 
4 66 120 (-672 96 262 ) (-672 104 262 ) (-672 104 208 ) (-672 96 208 ) 
4 66 96 (-640 96 262 ) (-672 96 262 ) (-672 96 208 ) (-640 96 208 ) 
4 67 102 (-96 104 -56 ) (0 104 -56 ) (0 96 -56 ) (-96 96 -56 ) 
4 67 85 (-102.171127 96 -56 ) (-96 96 -56 ) (-96 96 -16 ) (-102.171127 96 -16 ) 
4 67 84 (-104 96 -56 ) (-102.171127 96 -56 ) (-102.171127 96 -16 ) (-104 96 -16 ) 
4 67 81 (-96 96 -16 ) (-96 96 72 ) (-104 96 72 ) (-104 96 -16 ) 
4 67 79 (-96 96 -56 ) (0 96 -56 ) (0 96 72 ) (-96 96 72 ) 
4 67 68 (-104 96 -56 ) (-104 96 72 ) (-104 104 72 ) (-104 104 -56 ) 
4 68 84 (-168 96 -56 ) (-104 96 -56 ) (-104 96 -16 ) (-168 96 -16 ) 
4 68 81 (-104 96 -16 ) (-104 96 72 ) (-168 96 72 ) (-168 96 -16 ) 
4 68 69 (-168 96 -56 ) (-168 96 72 ) (-168 104 72 ) (-168 104 -56 ) 
4 69 84 (-256 96 -56 ) (-168 96 -56 ) (-168 96 -16 ) (-256 96 -16 ) 
4 69 81 (-168 96 -16 ) (-168 96 72 ) (-256 96 72 ) (-256 96 -16 ) 
4 69 70 (-256 96 -56 ) (-256 96 52 ) (-256 104 52 ) (-256 104 -56 ) 
4 70 84 (-260.238098 96 -56 ) (-256 96 -56 ) (-256 96 -16 ) (-260.238098 96 -16 ) 
4 70 83 (-304 96 -56 ) (-260.238098 96 -56 ) (-260.238098 96 -16 ) (-304 96 -16 ) 
4 70 81 (-256 96 -16 ) (-256 96 52 ) (-304 96 52 ) (-304 96 -16 ) 
4 70 71 (-304 96 -56 ) (-304 96 52 ) (-304 104 52 ) (-304 104 -56 ) 
4 71 83 (-339.761902 96 -56 ) (-304 96 -56 ) (-304 96 -16 ) (-339.761902 96 -16 ) 
4 71 82 (-360 96 -56 ) (-339.761902 96 -56 ) (-339.761902 96 -16 ) (-360 96 -16 ) 
4 71 81 (-304 96 -16 ) (-304 96 72 ) (-360 96 72 ) (-360 96 -16 ) 
4 71 72 (-360 96 -56 ) (-360 96 72 ) (-360 104 72 ) (-360 104 -56 ) 
4 72 82 (-424 96 -56 ) (-360 96 -56 ) (-360 96 -16 ) (-424 96 -16 ) 
4 72 81 (-360 96 -16 ) (-360 96 72 ) (-424 96 72 ) (-424 96 -16 ) 
4 72 73 (-424 96 -56 ) (-424 96 72 ) (-424 104 72 ) (-424 104 -56 ) 
4 73 88 (-448 96 -24 ) (-448 96 64 ) (-456 96 64 ) (-456 96 -24 ) 
4 73 87 (-424 96 -40 ) (-424 96 72 ) (-448 96 72 ) (-448 96 -40 ) 
4 74 151 (0 0 88 ) (0 0 262 ) (-312 0 262 ) (-312 0 88 ) 
4 74 78 (-96 96 88 ) (0 96 88 ) (0 56 88 ) (-96 56 88 ) 
4 74 76 (-312 40 88 ) (-312 0 88 ) (-312 0 228 ) (-312 40 228 ) 
4 74 75 (-312 72 88 ) (-312 40 88 ) (-312 40 262 ) (-312 72 262 ) 
4 75 77 (-320 40 120 ) (-320 40 248 ) (-320 64 248 ) (-320 64 120 ) 
4 75 76 (-320 40 228 ) (-320 40 88 ) (-312 40 88 ) (-312 40 228 ) 
4 76 152 (-320 0 228 ) (-320 0 88 ) (-312 0 88 ) (-312 0 228 ) 
4 76 77 (-320 0 120 ) (-320 0 228 ) (-320 40 228 ) (-320 40 120 ) 
4 77 154 (-456 0 248 ) (-456 0 120 ) (-320 0 120 ) (-320 0 248 ) 
4 77 90 (-456 0 120 ) (-456 0 248 ) (-456 64 248 ) (-456 64 120 ) 
4 78 79 (-96 56 72 ) (-96 96 72 ) (0 96 72 ) (0 56 72 ) 
4 79 102 (-96 64 -56 ) (-96 96 -56 ) (0 96 -56 ) (0 64 -56 ) 
4 79 85 (-96 96 -16 ) (-96 96 -56 ) (-96 56 -56 ) (-96 56 -16 ) 
4 79 81 (-96 56 72 ) (-96 96 72 ) (-96 96 -16 ) (-96 56 -16 ) 
4 80 169 (0 0 -56 ) (0 0 72 ) (-96 0 72 ) (-96 0 -56 ) 
4 80 85 (-96 48 -16 ) (-96 48 -56 ) (-96 0 -56 ) (-96 0 -16 ) 
4 80 81 (-96 0 72 ) (-96 48 72 ) (-96 48 -16 ) (-96 0 -16 ) 
4 81 171 (-96 0 72 ) (-424 0 72 ) (-424 0 -16 ) (-96 0 -16 ) 
4 81 87 (-424 0 72 ) (-424 96 72 ) (-424 96 -16 ) (-424 0 -16 ) 
3 81 86 (-218.057053 0 -16 ) (-252 0 -16 ) (-259.028992 16.970596 -16 ) 
5 81 85 (-102.171127 96 -16 ) (-96 96 -16 ) (-96 0 -16 ) (-218.057053 0 -16 ) (-276 24 -16 ) 
3 81 84 (-260.238098 96 -16 ) (-102.171127 96 -16 ) (-292.971008 16.970604 -16 ) 
3 81 83 (-339.761902 96 -16 ) (-260.238098 96 -16 ) (-300 0 -16 ) 
4 81 82 (-424 0 -16 ) (-424 96 -16 ) (-339.761902 96 -16 ) (-300 0 -16 ) 
4 82 173 (-333.942963 0 -56 ) (-300 0 -56 ) (-300 0 -16 ) (-333.942963 0 -16 ) 
4 82 172 (-424 0 -16 ) (-424 0 -56 ) (-333.942963 0 -56 ) (-333.942963 0 -16 ) 
4 82 87 (-424 96 -16 ) (-424 96 -40 ) (-424 0 -40 ) (-424 0 -16 ) 
4 82 83 (-339.761597 96 -56 ) (-339.761597 96 -16 ) (-300 0 -16 ) (-300 0 -56 ) 
4 83 84 (-292.971405 16.970442 -56 ) (-260.238342 96 -56 ) (-260.238342 96 -16 ) (-292.971375 16.970444 -16 ) 
4 84 85 (-276 24 -56 ) (-102.172485 96 -56 ) (-102.172485 96 -16 ) (-276 24 -16 ) 
4 85 174 (-218.057068 0 -56 ) (-96 0 -56 ) (-96 0 -16 ) (-218.057053 0 -16 ) 
4 85 86 (-259.028870 16.970352 -56 ) (-218.057755 0 -56 ) (-218.057739 0 -16 ) (-259.028870 16.970352 -16 ) 
4 86 174 (-252 0 -56 ) (-218.057068 0 -56 ) (-218.057053 0 -16 ) (-252 0 -16 ) 
4 87 176 (-424 0 72 ) (-448 0 72 ) (-448 0 -40 ) (-424 0 -40 ) 
4 87 88 (-448 96 64 ) (-448 96 -24 ) (-448 0 -24 ) (-448 0 64 ) 
4 88 177 (-456 0 64 ) (-456 0 -24 ) (-448 0 -24 ) (-448 0 64 ) 
4 88 92 (-456 96 24 ) (-456 96 -24 ) (-456 0 -24 ) (-456 0 24 ) 
4 88 89 (-456 96 64 ) (-456 96 24 ) (-456 0 24 ) (-456 0 64 ) 
4 89 182 (-576 0 72 ) (-576 0 24 ) (-544 0 24 ) (-544 0 72 ) 
4 89 181 (-544 0 24 ) (-512 0 24 ) (-512 0 72 ) (-544 0 72 ) 
4 89 180 (-512 0 24 ) (-480 0 24 ) (-480 0 72 ) (-512 0 72 ) 
5 89 178 (-480 0 24 ) (-456 0 24 ) (-456 0 64 ) (-468.705872 0 72 ) (-480 0 72 ) 
3 89 156 (-576 0 139.555542 ) (-576 0 72 ) (-468.705872 0 72 ) 
4 89 98 (-576 96 72 ) (-576 96 40 ) (-576 0 40 ) (-576 0 72 ) 
4 89 95 (-576 96 139.555542 ) (-576 96 72 ) (-576 0 72 ) (-576 0 139.555542 ) 
4 89 94 (-544 96 24 ) (-512 96 24 ) (-512 0 24 ) (-544 0 24 ) 
4 89 93 (-512 96 24 ) (-480 96 24 ) (-480 0 24 ) (-512 0 24 ) 
4 89 92 (-480 96 24 ) (-456 96 24 ) (-456 0 24 ) (-480 0 24 ) 
4 89 91 (-576 96 139.553238 ) (-576 0 139.553238 ) (-456 0 63.997543 ) (-456 96 63.997540 ) 
4 90 157 (-456 0 262 ) (-576 0 262 ) (-576 0 147.555542 ) (-456 0 72 ) 
4 90 96 (-576 96 262 ) (-576 96 147.555542 ) (-576 0 147.555542 ) (-576 0 262 ) 
4 90 91 (-576 0 147.558014 ) (-576 96 147.558014 ) (-456 96 72.002106 ) (-456 0 72.002106 ) 
3 91 179 (-468.705872 0 72 ) (-456 0 64 ) (-456 0 72 ) 
4 91 158 (-576 0 147.555542 ) (-576 0 139.555542 ) (-468.705872 0 72 ) (-456 0 72 ) 
4 91 97 (-576 96 147.555542 ) (-576 96 139.555542 ) (-576 0 139.555542 ) (-576 0 147.555542 ) 
4 92 178 (-456 0 -24 ) (-456 0 24 ) (-480 0 24 ) (-480 0 -24 ) 
4 92 93 (-480 0 24 ) (-480 96 24 ) (-480 96 -8 ) (-480 0 -8 ) 
4 93 180 (-480 0 -8 ) (-480 0 24 ) (-512 0 24 ) (-512 0 -8 ) 
4 93 94 (-512 0 24 ) (-512 96 24 ) (-512 96 8 ) (-512 0 8 ) 
4 94 181 (-512 0 8 ) (-512 0 24 ) (-544 0 24 ) (-544 0 8 ) 
4 95 156 (-672 0 200 ) (-672 0 72 ) (-576 0 72 ) (-576 0 139.555542 ) 
4 95 121 (-672 0 72 ) (-672 0 200 ) (-672 96 200 ) (-672 96 72 ) 
4 95 99 (-640 96 72 ) (-608 96 72 ) (-608 0 72 ) (-640 0 72 ) 
4 95 98 (-608 96 72 ) (-576 96 72 ) (-576 0 72 ) (-608 0 72 ) 
4 95 97 (-576 0 139.554764 ) (-576 96 139.554764 ) (-672 96 200 ) (-672 0 200 ) 
4 96 157 (-576 0 262 ) (-672 0 262 ) (-672 0 208 ) (-576 0 147.555542 ) 
4 96 120 (-672 0 208 ) (-672 0 262 ) (-672 96 262 ) (-672 96 208 ) 
4 96 97 (-672 0 208 ) (-672 96 208 ) (-576 96 147.556351 ) (-576 0 147.556351 ) 
4 97 158 (-672 0 208 ) (-672 0 200 ) (-576 0 139.555542 ) (-576 0 147.555542 ) 
4 98 183 (-576 0 40 ) (-576 0 72 ) (-608 0 72 ) (-608 0 40 ) 
4 98 99 (-608 0 72 ) (-608 96 72 ) (-608 96 56 ) (-608 0 56 ) 
4 99 184 (-608 0 56 ) (-608 0 72 ) (-640 0 72 ) (-640 0 56 ) 
4 100 106 (-360 240 -56 ) (-360 798 -56 ) (-360 798 -88 ) (-360 240 -88 ) 
4 100 104 (-360 240 -88 ) (-360 798 -88 ) (-224 798 -88 ) (-224 240 -88 ) 
4 100 103 (-224 798 -88 ) (0 798 -88 ) (0 240 -88 ) (-224 240 -88 ) 
4 100 101 (-224 240 -88 ) (0 240 -88 ) (0 240 -56 ) (-224 240 -56 ) 
4 101 103 (-224 240 -88 ) (0 240 -88 ) (0 104 -88 ) (-224 104 -88 ) 
4 101 102 (-96 104 -88 ) (0 104 -88 ) (0 104 -56 ) (-96 104 -56 ) 
4 102 103 (-96 104 -88 ) (0 104 -88 ) (0 64 -88 ) (-96 64 -88 ) 
4 103 188 (-96 0 -88 ) (-224 0 -88 ) (-224 0 -254 ) (-96 0 -254 ) 
4 103 186 (0 0 -254 ) (0 0 -88 ) (-96 0 -88 ) (-96 0 -254 ) 
4 103 104 (-224 798 -88 ) (-224 798 -254 ) (-224 240 -254 ) (-224 240 -88 ) 
4 103 105 (-224 96 -254 ) (-224 0 -254 ) (-224 0 -88 ) (-224 96 -88 ) 
4 104 106 (-360 798 -254 ) (-360 240 -254 ) (-360 240 -88 ) (-360 798 -88 ) 
4 105 188 (-224 0 -88 ) (-360 0 -88 ) (-360 0 -254 ) (-224 0 -254 ) 
4 105 109 (-360 96 -254 ) (-360 0 -254 ) (-360 0 -88 ) (-360 96 -88 ) 
4 106 108 (-640 798 -254 ) (-640 472 -254 ) (-640 472 -56 ) (-640 798 -56 ) 
4 106 107 (-424 240 -254 ) (-360 240 -254 ) (-360 240 -56 ) (-424 240 -56 ) 
4 107 109 (-424 104 -254 ) (-360 104 -254 ) (-360 104 -88 ) (-424 104 -88 ) 
4 108 119 (-672 472 -56 ) (-672 760 -56 ) (-672 760 -254 ) (-672 472 -254 ) 
4 108 115 (-672 760 -56 ) (-672 768 -56 ) (-672 768 -254 ) (-672 760 -254 ) 
4 108 113 (-672 768 -56 ) (-672 798 -56 ) (-672 798 -254 ) (-672 768 -254 ) 
4 109 188 (-456 0 -88 ) (-456 0 -254 ) (-360 0 -254 ) (-360 0 -88 ) 
4 109 110 (-456 104 -88 ) (-456 104 -254 ) (-456 96 -254 ) (-456 96 -88 ) 
4 109 111 (-456 96 -254 ) (-456 0 -254 ) (-456 0 -88 ) (-456 96 -88 ) 
4 110 111 (-640 96 -88 ) (-640 96 -254 ) (-456 96 -254 ) (-456 96 -88 ) 
4 111 189 (-456 0 -56 ) (-640 0 -56 ) (-640 0 -254 ) (-456 0 -254 ) 
4 111 112 (-640 96 -254 ) (-640 0 -254 ) (-640 0 -56 ) (-640 96 -56 ) 
4 112 189 (-640 0 -56 ) (-672 0 -56 ) (-672 0 -254 ) (-640 0 -254 ) 
4 113 127 (-800 798 -254 ) (-800 768 -254 ) (-800 768 262 ) (-800 798 262 ) 
4 113 114 (-672 768 232 ) (-672 768 262 ) (-800 768 262 ) (-800 768 232 ) 
4 113 115 (-800 768 -254 ) (-672 768 -254 ) (-672 768 56 ) (-800 768 56 ) 
4 114 127 (-800 760 232 ) (-800 760 262 ) (-800 768 262 ) (-800 768 232 ) 
4 114 116 (-800 760 262 ) (-800 760 232 ) (-672 760 232 ) (-672 760 262 ) 
4 115 127 (-800 768 -254 ) (-800 760 -254 ) (-800 760 56 ) (-800 768 56 ) 
4 115 119 (-800 760 56 ) (-800 760 -254 ) (-672 760 -254 ) (-672 760 56 ) 
4 116 127 (-800 472 216 ) (-800 472 262 ) (-800 760 262 ) (-800 760 216 ) 
4 116 120 (-800 472 262 ) (-800 472 216 ) (-672 472 216 ) (-672 472 262 ) 
4 116 117 (-704 472 216 ) (-768 472 216 ) (-768 760 216 ) (-704 760 216 ) 
4 117 120 (-704 472 208 ) (-704 472 216 ) (-768 472 216 ) (-768 472 208 ) 
4 118 121 (-768 472 72 ) (-704 472 72 ) (-704 472 192 ) (-768 472 192 ) 
4 119 127 (-800 472 -254 ) (-800 472 56 ) (-800 760 56 ) (-800 760 -254 ) 
4 120 160 (-672 0 208 ) (-672 0 262 ) (-800 0 262 ) (-800 0 208 ) 
4 120 141 (-800 0 208 ) (-800 0 262 ) (-800 160 262 ) (-800 160 208 ) 
4 120 131 (-800 160 262 ) (-800 284 262 ) (-800 284 216 ) (-800 160 216 ) 
4 120 128 (-800 288 262 ) (-800 472 262 ) (-800 472 208 ) (-800 288 208 ) 
4 120 129 (-800 284 262 ) (-800 288 262 ) (-800 288 208 ) (-800 284 208 ) 
4 121 163 (-704 0 200 ) (-768 0 200 ) (-768 0 72 ) (-704 0 72 ) 
4 121 162 (-672 0 72 ) (-672 0 200 ) (-704 0 200 ) (-704 0 72 ) 
4 121 165 (-768 0 200 ) (-792 0 200 ) (-792 0 72 ) (-768 0 72 ) 
4 121 125 (-792 128 72 ) (-792 64 72 ) (-792 64 200 ) (-792 128 200 ) 
4 121 124 (-792 192 72 ) (-792 128 72 ) (-792 128 200 ) (-792 192 200 ) 
4 121 126 (-792 64 72 ) (-792 0 72 ) (-792 0 200 ) (-792 64 200 ) 
4 121 123 (-792 252 72 ) (-792 192 72 ) (-792 192 180 ) (-792 252 180 ) 
4 121 122 (-792 472 72 ) (-792 252 72 ) (-792 252 200 ) (-792 472 200 ) 
4 122 136 (-800 252 200 ) (-800 264.350037 200 ) (-800 264.350037 72 ) (-800 252 72 ) 
4 122 132 (-800 264.350037 200 ) (-800 284 200 ) (-800 284 72 ) (-800 264.350037 72 ) 
4 122 129 (-800 284 200 ) (-800 288 200 ) (-800 288 72 ) (-800 284 72 ) 
4 122 123 (-800 252 72 ) (-792 252 72 ) (-792 252 180 ) (-800 252 180 ) 
4 123 136 (-800 252 180 ) (-800 252 72 ) (-800 192 72 ) (-800 192 180 ) 
4 123 124 (-800 192 72 ) (-792 192 72 ) (-792 192 180 ) (-800 192 180 ) 
4 124 141 (-800 128 200 ) (-800 160 200 ) (-800 160 72 ) (-800 128 72 ) 
4 124 137 (-800 160 200 ) (-800 168 200 ) (-800 168 72 ) (-800 160 72 ) 
4 124 136 (-800 168 200 ) (-800 192 200 ) (-800 192 72 ) (-800 168 72 ) 
4 124 125 (-800 128 72 ) (-792 128 72 ) (-792 128 200 ) (-800 128 200 ) 
4 125 141 (-800 64 200 ) (-800 128 200 ) (-800 128 72 ) (-800 64 72 ) 
4 125 126 (-800 64 72 ) (-792 64 72 ) (-792 64 200 ) (-800 64 200 ) 
4 126 166 (-792 0 200 ) (-800 0 200 ) (-800 0 72 ) (-792 0 72 ) 
4 126 141 (-800 0 72 ) (-800 0 200 ) (-800 64 200 ) (-800 64 72 ) 
4 127 142 (-1024 798 -254 ) (-1024 472 -254 ) (-1024 472 262 ) (-1024 798 262 ) 
4 127 128 (-800 472 207.679993 ) (-800 472 262 ) (-832 472 262 ) (-832 472 207.679993 ) 
4 127 130 (-1024 472 -254 ) (-832 472 -254 ) (-832 472 262 ) (-1024 472 262 ) 
4 128 129 (-832 288 262 ) (-832 288 207.679993 ) (-800 288 207.679993 ) (-800 288 262 ) 
4 128 130 (-832 472 262 ) (-832 472 207.679993 ) (-832 288 207.679993 ) (-832 288 262 ) 
4 129 132 (-800 284 72 ) (-800 284 200 ) (-832 284 200 ) (-832 284 72 ) 
4 129 131 (-800 284 216 ) (-800 284 262 ) (-832 284 262 ) (-832 284 216 ) 
4 129 130 (-832 288 -254 ) (-832 284 -254 ) (-832 284 262 ) (-832 288 262 ) 
4 130 142 (-1024 472 -254 ) (-1024 284 -254 ) (-1024 284 262 ) (-1024 472 262 ) 
4 130 133 (-985.174011 284 200 ) (-1015.170044 284 200 ) (-1015.170044 284 72 ) (-985.174011 284 72 ) 
4 130 132 (-832 284 72 ) (-832 284 200 ) (-985.174011 284 200 ) (-985.174011 284 72 ) 
4 130 135 (-1015.170044 284 200 ) (-1024 284 200 ) (-1024 284 72 ) (-1015.170044 284 72 ) 
4 130 131 (-832 284 216 ) (-832 284 262 ) (-1024 284 262 ) (-1024 284 216 ) 
4 131 143 (-1024 160 216 ) (-1024 160 262 ) (-1024 284 262 ) (-1024 284 216 ) 
4 131 141 (-800 160 216 ) (-800 160 262 ) (-1024 160 262 ) (-1024 160 216 ) 
4 132 136 (-985.174011 264.350037 72 ) (-800 264.350037 72 ) (-800 264.350037 200 ) (-985.174011 264.350037 200 ) 
4 132 134 (-985.174011 264.350037 120 ) (-985.174011 264.350037 200 ) (-985.174011 272.350037 200 ) (-985.174011 272.350037 120 ) 
4 132 133 (-985.174011 284 72 ) (-985.174011 272.350037 72 ) (-985.174011 272.350037 200 ) (-985.174011 284 200 ) 
4 133 134 (-1015.170044 272.350037 200 ) (-1015.170044 272.350037 120 ) (-985.174011 272.350037 120 ) (-985.174011 272.350037 200 ) 
4 133 135 (-1015.170044 284 72 ) (-1015.170044 272.350037 72 ) (-1015.170044 272.350037 200 ) (-1015.170044 284 200 ) 
4 134 136 (-985.174011 264.350037 120 ) (-985.174011 264.350037 200 ) (-1015.170044 264.350037 200 ) (-1015.170044 264.350037 120 ) 
4 134 135 (-1015.170044 264.350037 120 ) (-1015.170044 264.350037 200 ) (-1015.170044 272.350037 200 ) (-1015.170044 272.350037 120 ) 
4 135 145 (-1024 264.350037 200 ) (-1024 284 200 ) (-1024 284 72 ) (-1024 264.350037 72 ) 
4 135 136 (-1024 264.350037 72 ) (-1015.170044 264.350037 72 ) (-1015.170044 264.350037 200 ) (-1024 264.350037 200 ) 
4 136 145 (-1024 168 200 ) (-1024 264.350037 200 ) (-1024 264.350037 72 ) (-1024 168 72 ) 
4 136 140 (-1024 168 72 ) (-960 168 72 ) (-960 168 200 ) (-1024 168 200 ) 
4 136 139 (-960 168 72 ) (-896 168 72 ) (-896 168 200 ) (-960 168 200 ) 
4 136 138 (-896 168 72 ) (-832 168 72 ) (-832 168 200 ) (-896 168 200 ) 
4 136 137 (-832 168 72 ) (-800 168 72 ) (-800 168 200 ) (-832 168 200 ) 
4 137 141 (-800 160 72 ) (-800 160 200 ) (-832 160 200 ) (-832 160 72 ) 
4 137 138 (-832 168 200 ) (-832 168 72 ) (-832 160 72 ) (-832 160 200 ) 
4 138 141 (-832 160 200 ) (-896 160 200 ) (-896 160 72 ) (-832 160 72 ) 
4 138 139 (-896 168 200 ) (-896 168 72 ) (-896 160 72 ) (-896 160 200 ) 
4 139 141 (-896 160 200 ) (-960 160 200 ) (-960 160 72 ) (-896 160 72 ) 
4 139 140 (-960 168 200 ) (-960 168 72 ) (-960 160 72 ) (-960 160 200 ) 
4 140 145 (-1024 160 72 ) (-1024 160 200 ) (-1024 168 200 ) (-1024 168 72 ) 
4 140 141 (-960 160 200 ) (-1024 160 200 ) (-1024 160 72 ) (-960 160 72 ) 
4 141 190 (-800 0 -254 ) (-800 0 -56 ) (-1024 0 -56 ) (-1024 0 -254 ) 
4 141 185 (-800 0 -56 ) (-800 0 72 ) (-1024 0 72 ) (-1024 0 -56 ) 
4 141 168 (-800 0 72 ) (-800 0 200 ) (-1024 0 200 ) (-1024 0 72 ) 
4 141 161 (-800 0 200 ) (-800 0 262 ) (-1024 0 262 ) (-1024 0 200 ) 
4 141 149 (-1024 0 -254 ) (-1024 0 72 ) (-1024 160 72 ) (-1024 160 -254 ) 
4 141 145 (-1024 0 72 ) (-1024 0 200 ) (-1024 160 200 ) (-1024 160 72 ) 
4 141 144 (-1024 0 200 ) (-1024 0 262 ) (-1024 160 262 ) (-1024 160 200 ) 
4 142 150 (-1056 798 -254 ) (-1056 284 -254 ) (-1056 284 262 ) (-1056 798 262 ) 
4 142 146 (-1056 284 200 ) (-1056 284 72 ) (-1048 284 72 ) (-1048 284 200 ) 
4 142 145 (-1048 284 72 ) (-1024 284 72 ) (-1024 284 200 ) (-1048 284 200 ) 
4 142 143 (-1056 284 262 ) (-1056 284 216 ) (-1024 284 216 ) (-1024 284 262 ) 
4 143 150 (-1056 160 262 ) (-1056 284 262 ) (-1056 284 216 ) (-1056 160 216 ) 
4 143 144 (-1056 160 262 ) (-1056 160 216 ) (-1024 160 216 ) (-1024 160 262 ) 
4 144 234 (-1024 0 200 ) (-1024 0 262 ) (-1056 0 262 ) (-1056 0 200 ) 
4 144 150 (-1056 0 200 ) (-1056 0 262 ) (-1056 160 262 ) (-1056 160 200 ) 
4 144 148 (-1048 0 200 ) (-1056 0 200 ) (-1056 160 200 ) (-1048 160 200 ) 
4 144 145 (-1024 0 200 ) (-1048 0 200 ) (-1048 160 200 ) (-1024 160 200 ) 
4 145 234 (-1024 0 72 ) (-1024 0 200 ) (-1048 0 200 ) (-1048 0 72 ) 
4 145 149 (-1024 160 72 ) (-1024 0 72 ) (-1048 0 72 ) (-1048 160 72 ) 
4 145 147 (-1048 256 72 ) (-1048 192 72 ) (-1048 192 200 ) (-1048 256 200 ) 
4 145 146 (-1048 284 72 ) (-1048 256 72 ) (-1048 256 200 ) (-1048 284 200 ) 
4 145 148 (-1048 192 72 ) (-1048 0 72 ) (-1048 0 200 ) (-1048 192 200 ) 
4 146 150 (-1056 256 200 ) (-1056 284 200 ) (-1056 284 72 ) (-1056 256 72 ) 
4 146 147 (-1056 256 72 ) (-1048 256 72 ) (-1048 256 200 ) (-1056 256 200 ) 
4 147 150 (-1056 192 200 ) (-1056 256 200 ) (-1056 256 72 ) (-1056 192 72 ) 
4 147 148 (-1056 192 72 ) (-1048 192 72 ) (-1048 192 200 ) (-1056 192 200 ) 
4 148 234 (-1048 0 200 ) (-1056 0 200 ) (-1056 0 72 ) (-1048 0 72 ) 
4 148 150 (-1056 0 72 ) (-1056 0 200 ) (-1056 192 200 ) (-1056 192 72 ) 
4 148 149 (-1056 0 72 ) (-1056 160 72 ) (-1048 160 72 ) (-1048 0 72 ) 
4 149 234 (-1024 0 -254 ) (-1024 0 72 ) (-1056 0 72 ) (-1056 0 -254 ) 
4 149 150 (-1056 160 -254 ) (-1056 0 -254 ) (-1056 0 72 ) (-1056 160 72 ) 
4 150 234 (-1056 0 262 ) (-1065.989990 0 262 ) (-1065.989990 0 -254 ) (-1056 0 -254 ) 
4 151 203 (0 -104 88 ) (0 -104 262 ) (-312 -104 262 ) (-312 -104 88 ) 
4 151 155 (0 -104 88 ) (-96 -104 88 ) (-96 -40 88 ) (0 -40 88 ) 
4 151 153 (-312 -8 88 ) (-312 -64 88 ) (-312 -64 262 ) (-312 -8 262 ) 
4 151 152 (-312 0 88 ) (-312 -8 88 ) (-312 -8 228 ) (-312 0 228 ) 
4 152 154 (-320 -8 120 ) (-320 -8 228 ) (-320 0 228 ) (-320 0 120 ) 
4 152 153 (-320 -8 228 ) (-320 -8 88 ) (-312 -8 88 ) (-312 -8 228 ) 
4 153 154 (-320 -8 248 ) (-320 -8 120 ) (-320 -56 120 ) (-320 -56 248 ) 
4 154 157 (-456 0 248 ) (-456 0 120 ) (-456 -56 120 ) (-456 -56 248 ) 
4 155 204 (-88 -104 72 ) (0 -104 72 ) (0 -104 88 ) (-88 -104 88 ) 
4 155 191 (0 -104 72 ) (-88 -104 72 ) (-88 -96 72 ) (0 -96 72 ) 
4 155 170 (-88 -56 72 ) (0 -56 72 ) (0 -96 72 ) (-88 -96 72 ) 
4 156 184 (-640 0 72 ) (-608 0 72 ) (-608 -96 72 ) (-640 -96 72 ) 
4 156 183 (-608 0 72 ) (-576 0 72 ) (-576 -96 72 ) (-608 -96 72 ) 
4 156 182 (-576 0 72 ) (-544 0 72 ) (-544 -96 72 ) (-576 -96 72 ) 
4 156 181 (-544 0 72 ) (-512 0 72 ) (-512 -96 72 ) (-544 -96 72 ) 
4 156 180 (-512 0 72 ) (-480 0 72 ) (-480 -96 72 ) (-512 -96 72 ) 
4 156 178 (-480 0 72 ) (-468.705872 0 72 ) (-468.705872 -96 72 ) (-480 -96 72 ) 
4 156 162 (-672 0 72 ) (-672 -96 72 ) (-672 -96 200 ) (-672 0 200 ) 
4 156 158 (-672 0 200 ) (-672 -96 200 ) (-468.705994 -96 72 ) (-468.705994 0 72 ) 
4 157 160 (-672 -96 208 ) (-672 -96 262 ) (-672 0 262 ) (-672 0 208 ) 
4 157 159 (-672 -96 262 ) (-672 -96 208 ) (-456 -96 72 ) (-456 -96 262 ) 
4 157 158 (-456 -96 72 ) (-672 -96 208 ) (-672 0 208 ) (-456 0 72 ) 
4 158 179 (-468.705872 0 72 ) (-456 0 72 ) (-456 -96 72 ) (-468.705872 -96 72 ) 
3 159 211 (-456 -104 72 ) (-456 -104 88 ) (-481.411743 -104 88 ) 
5 159 203 (-456 -104 88 ) (-456 -104 262 ) (-672 -104 262 ) (-672 -104 208 ) (-481.411743 -104 88 ) 
4 159 160 (-672 -104 208 ) (-672 -104 262 ) (-672 -96 262 ) (-672 -96 208 ) 
4 160 203 (-672 -104 208 ) (-672 -104 262 ) (-800 -104 262 ) (-800 -104 208 ) 
4 160 161 (-800 -104 208 ) (-800 -104 262 ) (-800 0 262 ) (-800 0 208 ) 
4 161 234 (-1024 0 262 ) (-1024 0 200 ) (-1024 -104 200 ) (-1024 -104 262 ) 
4 161 203 (-1024 -104 262 ) (-1024 -104 200 ) (-800 -104 200 ) (-800 -104 262 ) 
4 161 168 (-800 -104 200 ) (-1024 -104 200 ) (-1024 0 200 ) (-800 0 200 ) 
4 162 211 (-704 -104 72 ) (-672 -104 72 ) (-672 -104 88 ) (-704 -104 88 ) 
4 162 203 (-672 -104 88 ) (-672 -104 200 ) (-704 -104 200 ) (-704 -104 88 ) 
4 162 164 (-704 -96 72 ) (-704 -104 72 ) (-704 -104 200 ) (-704 -96 200 ) 
4 162 163 (-704 0 72 ) (-704 -96 72 ) (-704 -96 200 ) (-704 0 200 ) 
4 163 165 (-768 0 72 ) (-768 -96 72 ) (-768 -96 200 ) (-768 0 200 ) 
4 163 164 (-768 -96 200 ) (-768 -96 72 ) (-704 -96 72 ) (-704 -96 200 ) 
4 164 211 (-768 -104 72 ) (-704 -104 72 ) (-704 -104 88 ) (-768 -104 88 ) 
4 164 203 (-704 -104 88 ) (-704 -104 200 ) (-768 -104 200 ) (-768 -104 88 ) 
4 164 165 (-768 -96 72 ) (-768 -104 72 ) (-768 -104 200 ) (-768 -96 200 ) 
4 165 211 (-792 -104 72 ) (-768 -104 72 ) (-768 -104 88 ) (-792 -104 88 ) 
4 165 203 (-768 -104 88 ) (-768 -104 200 ) (-792 -104 200 ) (-792 -104 88 ) 
4 165 167 (-792 -64 72 ) (-792 -104 72 ) (-792 -104 200 ) (-792 -64 200 ) 
4 165 166 (-792 0 72 ) (-792 -64 72 ) (-792 -64 200 ) (-792 0 200 ) 
4 166 168 (-800 0 72 ) (-800 -64 72 ) (-800 -64 200 ) (-800 0 200 ) 
4 166 167 (-800 -64 200 ) (-800 -64 72 ) (-792 -64 72 ) (-792 -64 200 ) 
4 167 211 (-800 -104 72 ) (-792 -104 72 ) (-792 -104 88 ) (-800 -104 88 ) 
4 167 203 (-792 -104 88 ) (-792 -104 200 ) (-800 -104 200 ) (-800 -104 88 ) 
4 167 168 (-800 -64 72 ) (-800 -104 72 ) (-800 -104 200 ) (-800 -64 200 ) 
4 168 234 (-1024 0 200 ) (-1024 0 72 ) (-1024 -104 72 ) (-1024 -104 200 ) 
4 168 211 (-1024 -104 88 ) (-1024 -104 72 ) (-800 -104 72 ) (-800 -104 88 ) 
4 168 203 (-1024 -104 200 ) (-1024 -104 88 ) (-800 -104 88 ) (-800 -104 200 ) 
4 168 202 (-800 -104 72 ) (-1024 -104 72 ) (-1024 -96 72 ) (-800 -96 72 ) 
4 168 185 (-1024 -96 72 ) (-1024 0 72 ) (-800 0 72 ) (-800 -96 72 ) 
4 169 174 (-96 0 -56 ) (-96 -40 -56 ) (-96 -40 -16 ) (-96 0 -16 ) 
4 169 171 (-96 -40 -16 ) (-96 -40 72 ) (-96 0 72 ) (-96 0 -16 ) 
4 170 191 (0 -96 72 ) (-88 -96 72 ) (-88 -96 -56 ) (0 -96 -56 ) 
4 170 187 (0 -96 -56 ) (-88 -96 -56 ) (-88 -56 -56 ) (0 -56 -56 ) 
4 171 198 (-360 -96 72 ) (-424 -96 72 ) (-424 -96 -16 ) (-360 -96 -16 ) 
4 171 193 (-192 -96 72 ) (-280 -96 72 ) (-280 -96 52 ) (-192 -96 52 ) 
4 171 194 (-328 -96 72 ) (-360 -96 72 ) (-360 -96 52 ) (-328 -96 52 ) 
4 171 192 (-96 -96 72 ) (-144 -96 72 ) (-144 -96 52 ) (-96 -96 52 ) 
4 171 195 (-360 -96 52 ) (-360 -96 -16 ) (-96 -96 -16 ) (-96 -96 52 ) 
4 171 176 (-424 -96 -16 ) (-424 -96 72 ) (-424 0 72 ) (-424 0 -16 ) 
3 171 175 (-259.028961 -16.970598 -16 ) (-264 -28.970703 -16 ) (-276 -24 -16 ) 
5 171 174 (-252 0 -16 ) (-96 0 -16 ) (-96 -96 -16 ) (-102.171135 -96 -16 ) (-264 -28.970703 -16 ) 
3 171 173 (-333.942932 0 -16 ) (-300 0 -16 ) (-292.970978 -16.970596 -16 ) 
4 171 172 (-424 -96 -16 ) (-424 0 -16 ) (-333.942932 0 -16 ) (-102.171135 -96 -16 ) 
4 172 198 (-424 -96 -16 ) (-424 -96 -56 ) (-360 -96 -56 ) (-360 -96 -16 ) 
4 172 195 (-360 -96 -56 ) (-102.171143 -96 -56 ) (-102.171135 -96 -16 ) (-360 -96 -16 ) 
4 172 176 (-424 -96 -40 ) (-424 -96 -16 ) (-424 0 -16 ) (-424 0 -40 ) 
4 172 175 (-276.001068 -24 -16 ) (-264 -28.971474 -16 ) (-264 -28.971474 -56 ) (-276.001068 -24 -56 ) 
4 172 174 (-264 -28.971474 -16 ) (-102.173279 -96 -16 ) (-102.173279 -96 -56 ) (-264 -28.971474 -56 ) 
4 172 173 (-333.945099 0 -16 ) (-292.970581 -16.971670 -16 ) (-292.970581 -16.971664 -56 ) (-333.945099 0 -56 ) 
4 174 195 (-102.171143 -96 -56 ) (-96 -96 -56 ) (-96 -96 -16 ) (-102.171135 -96 -16 ) 
4 174 175 (-264 -28.971647 -56 ) (-264 -28.971647 -16 ) (-259.029083 -16.970636 -16 ) (-259.029083 -16.970636 -56 ) 
4 176 199 (-424 -96 72 ) (-448 -96 72 ) (-448 -96 -40 ) (-424 -96 -40 ) 
4 176 177 (-448 -96 -24 ) (-448 -96 64 ) (-448 0 64 ) (-448 0 -24 ) 
4 177 199 (-456 -96 64 ) (-456 -96 -24 ) (-448 -96 -24 ) (-448 -96 64 ) 
4 177 178 (-456 -96 -24 ) (-456 -96 64 ) (-456 0 64 ) (-456 0 -24 ) 
4 178 180 (-480 -96 -8 ) (-480 -96 72 ) (-480 0 72 ) (-480 0 -8 ) 
4 178 179 (-468.709259 0 72 ) (-468.709259 -96 72 ) (-456 -96 63.998329 ) (-456 0 63.998333 ) 
4 180 181 (-512 -96 8 ) (-512 -96 72 ) (-512 0 72 ) (-512 0 8 ) 
4 181 182 (-544 -96 24 ) (-544 -96 72 ) (-544 0 72 ) (-544 0 24 ) 
4 182 183 (-576 -96 40 ) (-576 -96 72 ) (-576 0 72 ) (-576 0 40 ) 
4 183 184 (-608 -96 56 ) (-608 -96 72 ) (-608 0 72 ) (-608 0 56 ) 
4 185 234 (-1024 0 72 ) (-1024 0 -56 ) (-1024 -96 -56 ) (-1024 -96 72 ) 
4 185 202 (-800 -96 72 ) (-1024 -96 72 ) (-1024 -96 -56 ) (-800 -96 -56 ) 
4 185 190 (-800 -96 -56 ) (-1024 -96 -56 ) (-1024 0 -56 ) (-800 0 -56 ) 
4 186 188 (-96 0 -254 ) (-96 -56 -254 ) (-96 -56 -88 ) (-96 0 -88 ) 
4 186 187 (-96 -56 -88 ) (-96 -56 -254 ) (0 -56 -254 ) (0 -56 -88 ) 
4 187 197 (-88 -96 -254 ) (0 -96 -254 ) (0 -96 -88 ) (-88 -96 -88 ) 
4 187 196 (0 -96 -88 ) (0 -96 -56 ) (-96 -96 -56 ) (-96 -96 -88 ) 
4 187 188 (-96 -56 -254 ) (-96 -96 -254 ) (-96 -96 -88 ) (-96 -56 -88 ) 
4 188 200 (-456 -96 -254 ) (-360 -96 -254 ) (-360 -96 -88 ) (-456 -96 -88 ) 
4 188 189 (-456 0 -254 ) (-456 -96 -254 ) (-456 -96 -88 ) (-456 0 -88 ) 
4 189 201 (-672 -96 -254 ) (-456 -96 -254 ) (-456 -96 -88 ) (-672 -96 -88 ) 
4 190 234 (-1024 0 -56 ) (-1024 0 -254 ) (-1024 -96 -254 ) (-1024 -96 -56 ) 
4 190 202 (-1024 -96 -56 ) (-1024 -96 -254 ) (-800 -96 -254 ) (-800 -96 -56 ) 
4 191 204 (0 -104 -56 ) (0 -104 72 ) (-88 -104 72 ) (-88 -104 -56 ) 
4 191 196 (0 -104 -56 ) (-88 -104 -56 ) (-88 -96 -56 ) (0 -96 -56 ) 
4 192 206 (-141 -104 72 ) (-144 -104 72 ) (-144 -104 52 ) (-141 -104 52 ) 
4 192 205 (-96 -104 72 ) (-141 -104 72 ) (-141 -104 52 ) (-96 -104 52 ) 
4 192 195 (-144 -96 52 ) (-96 -96 52 ) (-96 -104 52 ) (-144 -104 52 ) 
4 193 210 (-232 -104 72 ) (-280 -104 72 ) (-280 -104 52 ) (-232 -104 52 ) 
4 193 209 (-192 -104 72 ) (-216 -104 72 ) (-216 -104 52 ) (-192 -104 52 ) 
4 193 195 (-280 -96 52 ) (-192 -96 52 ) (-192 -104 52 ) (-280 -104 52 ) 
4 194 210 (-328 -104 72 ) (-352 -104 72 ) (-352 -104 52 ) (-328 -104 52 ) 
4 194 198 (-360 -96 72 ) (-360 -96 52 ) (-360 -104 52 ) (-360 -104 72 ) 
4 194 195 (-360 -104 52 ) (-360 -96 52 ) (-328 -96 52 ) (-328 -104 52 ) 
4 195 210 (-352 -104 -56 ) (-232 -104 -56 ) (-232 -104 52 ) (-352 -104 52 ) 
4 195 206 (-171 -104 -56 ) (-141 -104 -56 ) (-141 -104 52 ) (-171 -104 52 ) 
4 195 205 (-141 -104 -56 ) (-96 -104 -56 ) (-96 -104 52 ) (-141 -104 52 ) 
4 195 209 (-216 -104 -56 ) (-171 -104 -56 ) (-171 -104 52 ) (-216 -104 52 ) 
4 195 198 (-360 -96 52 ) (-360 -96 -56 ) (-360 -104 -56 ) (-360 -104 52 ) 
4 196 212 (0 -104 -88 ) (0 -104 -56 ) (-88 -104 -56 ) (-88 -104 -88 ) 
4 196 197 (0 -104 -88 ) (-88 -104 -88 ) (-88 -96 -88 ) (0 -96 -88 ) 
4 197 214 (0 -104 -254 ) (0 -104 -88 ) (-88 -104 -88 ) (-88 -104 -254 ) 
4 198 211 (-360 -104 -56 ) (-360 -104 72 ) (-424 -104 72 ) (-424 -104 -56 ) 
4 198 199 (-424 -96 72 ) (-424 -96 -56 ) (-424 -104 -56 ) (-424 -104 72 ) 
4 199 211 (-424 -104 72 ) (-456 -104 72 ) (-456 -104 -56 ) (-424 -104 -56 ) 
4 200 215 (-456 -104 -254 ) (-360 -104 -254 ) (-360 -104 -88 ) (-456 -104 -88 ) 
4 200 201 (-456 -96 -88 ) (-456 -96 -254 ) (-456 -104 -254 ) (-456 -104 -88 ) 
4 201 215 (-672 -104 -254 ) (-456 -104 -254 ) (-456 -104 -88 ) (-672 -104 -88 ) 
4 202 234 (-1024 -104 -254 ) (-1024 -104 72 ) (-1024 -96 72 ) (-1024 -96 -254 ) 
4 202 215 (-1024 -104 -88 ) (-1024 -104 -254 ) (-800 -104 -254 ) (-800 -104 -88 ) 
4 202 213 (-1024 -104 -56 ) (-1024 -104 -88 ) (-800 -104 -88 ) (-800 -104 -56 ) 
4 202 211 (-1024 -104 72 ) (-1024 -104 -56 ) (-800 -104 -56 ) (-800 -104 72 ) 
4 203 234 (-1024 -240 88 ) (-1024 -240 262 ) (-1024 -104 262 ) (-1024 -104 88 ) 
4 203 225 (-312 -240 262 ) (-314 -240 262 ) (-314 -240 88 ) (-312 -240 88 ) 
4 203 227 (-314 -240 262 ) (-1024 -240 262 ) (-1024 -240 88 ) (-314 -240 88 ) 
4 203 222 (-264 -240 262 ) (-312 -240 262 ) (-312 -240 88 ) (-264 -240 88 ) 
4 203 219 (-262 -240 262 ) (-264 -240 262 ) (-264 -240 88 ) (-262 -240 88 ) 
4 203 218 (-100 -240 262 ) (-262 -240 262 ) (-262 -240 88 ) (-100 -240 88 ) 
4 203 217 (-88 -240 262 ) (-100 -240 262 ) (-100 -240 88 ) (-88 -240 88 ) 
4 203 216 (0 -240 88 ) (0 -240 262 ) (-88 -240 262 ) (-88 -240 88 ) 
4 203 211 (-360 -240 88 ) (-1024 -240 88 ) (-1024 -104 88 ) (-360 -104 88 ) 
4 203 204 (0 -240 88 ) (-88 -240 88 ) (-88 -104 88 ) (0 -104 88 ) 
4 204 216 (0 -240 -56 ) (0 -240 88 ) (-88 -240 88 ) (-88 -240 -56 ) 
4 204 212 (0 -240 -56 ) (-88 -240 -56 ) (-88 -104 -56 ) (0 -104 -56 ) 
4 205 218 (-141 -240 -56 ) (-100 -240 -56 ) (-100 -240 72 ) (-141 -240 72 ) 
4 205 207 (-141 -184 -8 ) (-141 -184 72 ) (-141 -176 72 ) (-141 -176 -8 ) 
4 205 206 (-141 -104 -56 ) (-141 -176 -56 ) (-141 -176 72 ) (-141 -104 72 ) 
4 205 208 (-141 -184 -56 ) (-141 -240 -56 ) (-141 -240 72 ) (-141 -184 72 ) 
4 206 207 (-171 -176 72 ) (-171 -176 -8 ) (-141 -176 -8 ) (-141 -176 72 ) 
4 206 209 (-171 -104 -56 ) (-171 -176 -56 ) (-171 -176 72 ) (-171 -104 72 ) 
4 207 209 (-171 -184 -8 ) (-171 -184 72 ) (-171 -176 72 ) (-171 -176 -8 ) 
4 207 208 (-171 -184 72 ) (-171 -184 -8 ) (-141 -184 -8 ) (-141 -184 72 ) 
4 208 218 (-171 -240 -56 ) (-141 -240 -56 ) (-141 -240 72 ) (-171 -240 72 ) 
4 208 209 (-171 -184 -56 ) (-171 -240 -56 ) (-171 -240 72 ) (-171 -184 72 ) 
4 209 218 (-216 -240 72 ) (-216 -240 -56 ) (-171 -240 -56 ) (-171 -240 72 ) 
4 210 226 (-314 -240 -56 ) (-312 -240 -56 ) (-312 -240 -12 ) (-314 -240 -12 ) 
4 210 225 (-312 -240 -12 ) (-312 -240 72 ) (-314 -240 72 ) (-314 -240 -12 ) 
4 210 227 (-352 -240 72 ) (-352 -240 -56 ) (-314 -240 -56 ) (-314 -240 72 ) 
4 210 222 (-312 -240 -56 ) (-264 -240 -56 ) (-264 -240 72 ) (-312 -240 72 ) 
4 210 220 (-264 -240 -56 ) (-262 -240 -56 ) (-262 -240 -12 ) (-264 -240 -12 ) 
4 210 219 (-262 -240 -12 ) (-262 -240 72 ) (-264 -240 72 ) (-264 -240 -12 ) 
4 210 218 (-262 -240 -56 ) (-232 -240 -56 ) (-232 -240 72 ) (-262 -240 72 ) 
4 211 234 (-1024 -240 -56 ) (-1024 -240 88 ) (-1024 -104 88 ) (-1024 -104 -56 ) 
4 211 227 (-360 -240 88 ) (-1024 -240 88 ) (-1024 -240 -56 ) (-360 -240 -56 ) 
4 211 213 (-360 -240 -56 ) (-1024 -240 -56 ) (-1024 -104 -56 ) (-360 -104 -56 ) 
4 212 229 (0 -240 -88 ) (0 -240 -56 ) (-88 -240 -56 ) (-88 -240 -88 ) 
4 212 214 (0 -240 -88 ) (-88 -240 -88 ) (-88 -104 -88 ) (0 -104 -88 ) 
4 213 234 (-1024 -240 -88 ) (-1024 -240 -56 ) (-1024 -104 -56 ) (-1024 -104 -88 ) 
4 213 232 (-360 -240 -56 ) (-1024 -240 -56 ) (-1024 -240 -88 ) (-360 -240 -88 ) 
4 213 215 (-360 -240 -88 ) (-1024 -240 -88 ) (-1024 -104 -88 ) (-360 -104 -88 ) 
4 214 229 (0 -240 -254 ) (0 -240 -88 ) (-88 -240 -88 ) (-88 -240 -254 ) 
4 215 234 (-1024 -240 -254 ) (-1024 -240 -88 ) (-1024 -104 -88 ) (-1024 -104 -254 ) 
4 215 232 (-360 -240 -88 ) (-1024 -240 -88 ) (-1024 -240 -254 ) (-360 -240 -254 ) 
4 216 229 (-88 -240 -56 ) (0 -240 -56 ) (0 -334 -56 ) (-88 -334 -56 ) 
4 216 217 (-88 -334 88 ) (-88 -334 262 ) (-88 -240 262 ) (-88 -240 88 ) 
4 217 218 (-100 -334 88 ) (-100 -334 262 ) (-100 -240 262 ) (-100 -240 88 ) 
4 218 233 (-100 -288 -56 ) (-100 -334 -56 ) (-262 -334 -56 ) (-262 -288 -56 ) 
4 218 230 (-262 -240 -56 ) (-100 -240 -56 ) (-100 -288 -56 ) (-262 -288 -56 ) 
4 218 220 (-262 -240 -56 ) (-262 -288 -56 ) (-262 -288 -12 ) (-262 -240 -12 ) 
4 218 219 (-262 -288 -12 ) (-262 -288 262 ) (-262 -240 262 ) (-262 -240 -12 ) 
4 218 221 (-262 -288 -56 ) (-262 -334 -56 ) (-262 -334 262 ) (-262 -288 262 ) 
4 219 223 (-264 -288 -12 ) (-264 -288 262 ) (-264 -284 262 ) (-264 -284 -12 ) 
4 219 222 (-264 -284 262 ) (-264 -240 262 ) (-264 -240 -12 ) (-264 -284 -12 ) 
4 219 221 (-264 -288 262 ) (-264 -288 -12 ) (-262 -288 -12 ) (-262 -288 262 ) 
4 219 220 (-262 -288 -12 ) (-264 -288 -12 ) (-264 -240 -12 ) (-262 -240 -12 ) 
4 220 224 (-264 -284 -56 ) (-264 -288 -56 ) (-264 -288 -12 ) (-264 -284 -12 ) 
4 220 222 (-264 -240 -56 ) (-264 -284 -56 ) (-264 -284 -12 ) (-264 -240 -12 ) 
4 220 221 (-264 -288 -12 ) (-264 -288 -56 ) (-262 -288 -56 ) (-262 -288 -12 ) 
4 221 233 (-262 -288 -56 ) (-262 -334 -56 ) (-264 -334 -56 ) (-264 -288 -56 ) 
4 221 228 (-264 -288 -56 ) (-264 -334 -56 ) (-264 -334 262 ) (-264 -288 262 ) 
4 222 226 (-312 -240 -56 ) (-312 -284 -56 ) (-312 -284 -12 ) (-312 -240 -12 ) 
4 222 225 (-312 -284 -12 ) (-312 -284 262 ) (-312 -240 262 ) (-312 -240 -12 ) 
4 222 224 (-312 -284 -12 ) (-312 -284 -56 ) (-264 -284 -56 ) (-264 -284 -12 ) 
4 222 223 (-312 -284 262 ) (-312 -284 -12 ) (-264 -284 -12 ) (-264 -284 262 ) 
4 223 228 (-264 -288 -12 ) (-264 -288 262 ) (-312 -288 262 ) (-312 -288 -12 ) 
4 223 225 (-312 -288 -12 ) (-312 -288 262 ) (-312 -284 262 ) (-312 -284 -12 ) 
4 223 224 (-264 -288 -12 ) (-312 -288 -12 ) (-312 -284 -12 ) (-264 -284 -12 ) 
4 224 228 (-312 -288 -56 ) (-264 -288 -56 ) (-264 -288 -12 ) (-312 -288 -12 ) 
4 224 226 (-312 -284 -56 ) (-312 -288 -56 ) (-312 -288 -12 ) (-312 -284 -12 ) 
4 225 228 (-312 -288 -12 ) (-312 -288 262 ) (-314 -288 262 ) (-314 -288 -12 ) 
4 225 227 (-314 -288 -12 ) (-314 -288 262 ) (-314 -240 262 ) (-314 -240 -12 ) 
4 225 226 (-314 -288 -12 ) (-314 -240 -12 ) (-312 -240 -12 ) (-312 -288 -12 ) 
4 226 228 (-314 -288 -56 ) (-312 -288 -56 ) (-312 -288 -12 ) (-314 -288 -12 ) 
4 226 227 (-314 -240 -56 ) (-314 -288 -56 ) (-314 -288 -12 ) (-314 -240 -12 ) 
4 227 234 (-1024 -288 262 ) (-1024 -240 262 ) (-1024 -240 -56 ) (-1024 -288 -56 ) 
4 227 232 (-1024 -288 -56 ) (-1024 -240 -56 ) (-314 -240 -56 ) (-314 -288 -56 ) 
4 227 228 (-1024 -288 -56 ) (-314 -288 -56 ) (-314 -288 262 ) (-1024 -288 262 ) 
4 228 234 (-1024 -334 262 ) (-1024 -288 262 ) (-1024 -288 -56 ) (-1024 -334 -56 ) 
4 228 233 (-1024 -334 -56 ) (-1024 -288 -56 ) (-264 -288 -56 ) (-264 -334 -56 ) 
4 230 233 (-262 -288 -254 ) (-100 -288 -254 ) (-100 -288 -56 ) (-262 -288 -56 ) 
4 230 231 (-262 -240 -254 ) (-262 -288 -254 ) (-262 -288 -88 ) (-262 -240 -88 ) 
4 231 233 (-314 -288 -254 ) (-262 -288 -254 ) (-262 -288 -88 ) (-314 -288 -88 ) 
4 231 232 (-314 -240 -254 ) (-314 -288 -254 ) (-314 -288 -88 ) (-314 -240 -88 ) 
4 232 234 (-1024 -288 -56 ) (-1024 -240 -56 ) (-1024 -240 -254 ) (-1024 -288 -254 ) 
4 232 233 (-1024 -288 -254 ) (-314 -288 -254 ) (-314 -288 -56 ) (-1024 -288 -56 ) 
4 233 234 (-1024 -334 -56 ) (-1024 -288 -56 ) (-1024 -288 -254 ) (-1024 -334 -254 ) 
