PRT1
61
165
4 1 4 (960 0 1024 ) (0 0 1024 ) (0 0 0 ) (960 0 0 ) 
4 1 2 (0 960 0 ) (0 0 0 ) (0 0 1024 ) (0 960 1024 ) 
4 2 34 (-1024 0 0 ) (-1024 0 1024 ) (-1024 960 1024 ) (-1024 960 0 ) 
5 2 12 (0 0 0 ) (0 0 1024 ) (-1024 0 1024 ) (-1024 0 165.676514 ) (-498.622253 0 0 ) 
3 2 11 (-1024 0 165.676514 ) (-1024 0 0 ) (-498.622253 0 0 ) 
4 3 32 (960 -1024 0 ) (960 -1024 1024 ) (0 -1024 1024 ) (0 -1024 0 ) 
5 3 17 (0 -1024 0 ) (0 -1024 1024 ) (0 -938.147522 1024 ) (0 -721.557129 673.483032 ) (0 -733.299927 0 ) 
3 3 12 (0 -938.147522 1024 ) (0 -715.445557 1024 ) (0 -721.557129 673.483032 ) 
4 3 10 (307.150757 -723.322693 572.331543 ) (0 -721.632446 669.161316 ) (0 -721.557068 673.483032 ) (308.390228 -723.254150 576.262817 ) 
4 3 9 (0 -721.557068 673.483032 ) (0 -715.445496 1024 ) (449.554840 -715.448303 1024 ) (308.390228 -723.254150 576.262817 ) 
4 3 8 (960 -715.451538 1024 ) (960 -726.915344 366.519836 ) (307.150757 -723.322693 572.331543 ) (449.554840 -715.448303 1024 ) 
4 3 5 (960 -726.915344 366.519836 ) (960 -733.305969 0 ) (0 -733.299927 0 ) (0 -721.632446 669.161316 ) 
4 4 12 (0 0 1024 ) (0 0 0 ) (0 -221.222031 0 ) (0 -203.366455 1024 ) 
4 4 9 (452.418182 -203.369141 1024 ) (0 -203.366470 1024 ) (0 -221.222031 0 ) (129.566635 -221.222794 0 ) 
4 4 8 (960 -221.227707 0 ) (960 -203.372147 1024 ) (452.418182 -203.369141 1024 ) (129.566635 -221.222794 0 ) 
4 5 25 (0 -733.299927 0 ) (0 -721.632507 669.161438 ) (0 -475.290222 266.358307 ) (0 -653.013794 0 ) 
4 5 10 (0 -475.291595 266.356201 ) (0 -721.631897 669.155029 ) (307.148895 -723.322144 572.325928 ) (192.922729 -476.353333 205.537155 ) 
5 5 8 (307.148895 -723.322144 572.325928 ) (960 -726.914734 366.513672 ) (960 -502.765442 0 ) (844.902405 -479.941406 0 ) (192.922729 -476.353333 205.537155 ) 
3 5 7 (192.922592 -476.353455 205.536743 ) (844.900696 -479.941559 0 ) (127.298035 -626.937622 0 ) 
3 6 23 (0 -472.684204 262.097107 ) (0 -312.393494 0 ) (0 -645.824341 0 ) 
3 6 8 (191.714294 -473.740570 201.656830 ) (831.384644 -477.260803 0 ) (128.913879 -337.959595 0 ) 
3 6 7 (127.336800 -620.006836 0 ) (831.394531 -477.258789 0 ) (191.715210 -473.738525 201.659683 ) 
4 7 8 (192.922729 -476.353333 205.537140 ) (844.902405 -479.941406 0 ) (831.384644 -477.260803 0 ) (191.714294 -473.740570 201.656845 ) 
4 8 10 (192.923737 -476.353699 205.536255 ) (307.150360 -723.322876 572.326416 ) (308.391388 -723.254272 576.262634 ) (194.121399 -473.605530 209.287354 ) 
5 8 9 (452.419617 -203.372879 1024 ) (129.567902 -221.226562 0 ) (128.952805 -331.229889 0 ) (308.391388 -723.254272 576.262634 ) (449.556122 -715.448425 1024 ) 
5 9 12 (0 -721.557129 673.483032 ) (0 -715.445557 1024 ) (0 -203.366455 1024 ) (0 -221.222031 0 ) (0 -305.400421 0 ) 
4 9 10 (194.118729 -473.604095 209.290237 ) (308.389343 -723.254150 576.267456 ) (0 -721.557068 673.487305 ) (0 -472.535919 270.486267 ) 
4 10 26 (0 -721.632507 669.161438 ) (0 -721.557129 673.483032 ) (0 -472.537262 270.484222 ) (0 -475.290222 266.358276 ) 
4 11 43 (-1024 -1024 0 ) (-1024 -1024 183.549225 ) (-1024 -603.717896 176.213699 ) (-1024 -659.276489 0 ) 
4 11 40 (-1024 -603.717896 176.213699 ) (-1024 -189.404663 168.982346 ) (-1024 -242.685043 0 ) (-1024 -659.276489 0 ) 
5 11 39 (-1024 -189.404663 168.982346 ) (-1024 0 165.676514 ) (-1024 0 0 ) (-1024 -221.734299 0 ) (-1024 -240.790634 6.008240 ) 
3 11 38 (-1024 -221.734299 0 ) (-1024 -242.685043 0 ) (-1024 -240.790634 6.008240 ) 
3 11 33 (-441.946075 -1024 0 ) (-1024 -1024 183.549194 ) (-1024 -1024 0 ) 
5 11 27 (-1024 -218.260651 169.485275 ) (-1024 -730.182617 178.420288 ) (-475.503296 -733.200989 5.505722 ) (-475.503174 -417.759521 0 ) (-486.381317 -221.219116 0 ) 
4 11 16 (-475.503784 -1024 10.581451 ) (-441.948914 -1024 0 ) (-458.038757 -733.297119 0 ) (-475.502899 -733.200989 5.505605 ) 
4 11 15 (-1024 -730.182617 178.420288 ) (-1024 -1024 183.548538 ) (-475.503784 -1024 10.581451 ) (-475.502899 -733.200989 5.505605 ) 
4 11 13 (-1024 -204.875046 169.251648 ) (-1024 -218.260651 169.485275 ) (-486.381317 -221.219116 0 ) (-487.122437 -207.828979 0 ) 
4 11 12 (-498.625397 0 0 ) (-1024 0 165.675781 ) (-1024 -204.875046 169.251648 ) (-487.122437 -207.828979 0 ) 
3 12 43 (-1024 -733.038696 1024 ) (-1024 -336.418915 1024 ) (-1024 -470.419617 598.993042 ) 
6 12 40 (-1024 -336.418915 1024 ) (-1024 0 1024 ) (-1024 0 769.692444 ) (-1024 -189.404678 168.982361 ) (-1024 -204.875504 169.252380 ) (-1024 -470.419617 598.993042 ) 
3 12 39 (-1024 0 769.692444 ) (-1024 0 165.676514 ) (-1024 -189.404678 168.982361 ) 
4 12 26 (0 -472.537323 270.484070 ) (0 -721.557129 673.483032 ) (-240.910538 -720.231384 749.430176 ) (-355.220398 -470.582520 382.467468 ) 
4 12 24 (-240.910538 -720.231384 749.430176 ) (-1024 -715.922119 996.299561 ) (-1024 -464.295654 589.082153 ) (-356.416992 -467.969238 378.626129 ) 
4 12 22 (-356.417419 -467.969238 378.626282 ) (-1024 -464.295654 589.082153 ) (-1024 -217.897278 190.325562 ) (-469.525574 -220.948486 15.527130 ) 
4 12 17 (0 -721.557129 673.483032 ) (0 -938.147461 1024 ) (-155.381256 -907.024353 1024 ) (-240.910522 -720.231384 749.430176 ) 
4 12 15 (-155.381256 -907.024353 1024 ) (-1024 -733.038696 1024 ) (-1024 -715.922119 996.299561 ) (-240.910522 -720.231384 749.430176 ) 
4 12 14 (-469.525574 -220.948486 15.527129 ) (-1024 -217.897278 190.325562 ) (-1024 -210.116501 177.733597 ) (-473.097412 -213.147720 4.060684 ) 
4 12 13 (-1024 -204.876617 169.253662 ) (-487.115417 -207.830750 0 ) (-460.216705 -213.218597 0 ) (-1024 -210.116501 177.733597 ) 
4 13 40 (-1024 -210.116196 177.733597 ) (-1024 -204.875504 169.252380 ) (-1024 -218.260635 169.486008 ) (-1024 -218.114410 177.872574 ) 
5 13 27 (-1024 -218.260605 169.487793 ) (-486.372559 -221.219147 0 ) (-474.421509 -221.219223 0 ) (-473.097015 -221.146011 4.199506 ) (-1024 -218.114410 177.872559 ) 
4 13 14 (-1024 -218.117676 177.874084 ) (-473.096619 -221.149323 4.200851 ) (-473.097015 -213.148254 4.061947 ) (-1024 -210.117035 177.734985 ) 
3 14 40 (-1024 -217.897278 190.326050 ) (-1024 -210.116196 177.733597 ) (-1024 -218.114410 177.872574 ) 
4 14 22 (-469.524536 -220.948486 15.530405 ) (-1024 -217.897217 190.330078 ) (-1024 -218.114410 177.872559 ) (-473.096985 -221.146011 4.199509 ) 
5 15 43 (-1024 -1024 183.549225 ) (-1024 -1024 1024 ) (-1024 -733.038696 1024 ) (-1024 -715.922119 996.299622 ) (-1024 -730.182617 178.420990 ) 
4 15 33 (-156.025299 -1024 1024 ) (-1024 -1024 1024 ) (-1024 -1024 183.549194 ) (-475.503601 -1024 10.582275 ) 
4 15 27 (-475.502136 -733.200928 5.508209 ) (-1024 -730.182556 178.422974 ) (-1024 -730.036377 186.807755 ) (-473.097046 -733.067932 13.135071 ) 
4 15 24 (-1024 -730.036377 186.807755 ) (-1024 -715.922058 996.303528 ) (-240.909363 -720.231384 749.433838 ) (-473.097046 -733.067932 13.135071 ) 
6 15 17 (-469.525665 -732.872681 24.459440 ) (-240.908203 -720.233521 749.437500 ) (-155.381226 -907.021545 1024 ) (-156.025269 -1024 1024 ) (-473.093689 -1024 18.225708 ) (-473.096741 -741.067017 13.274715 ) 
4 15 16 (-475.502838 -1024 10.583618 ) (-475.501953 -733.203125 5.507812 ) (-473.096832 -733.070129 13.134779 ) (-473.093689 -1024 18.225708 ) 
4 16 33 (-415.298004 -1024 0 ) (-473.093994 -1024 18.225769 ) (-475.503601 -1024 10.582275 ) (-441.946075 -1024 0 ) 
4 16 17 (-473.099487 -741.067261 13.275365 ) (-473.096466 -1024 18.226315 ) (-415.298950 -1024 0 ) (-430.989075 -741.298950 0 ) 
5 17 33 (0 -1024 0 ) (0 -1024 1024 ) (-156.025299 -1024 1024 ) (-473.093994 -1024 18.225769 ) (-415.298004 -1024 0 ) 
4 17 26 (-242.149994 -720.299988 745.499634 ) (-240.909363 -720.231384 749.433838 ) (0 -721.557068 673.487000 ) (0 -721.632507 669.161438 ) 
5 17 25 (-469.525024 -732.870483 24.462509 ) (-242.149994 -720.299988 745.499634 ) (0 -721.632507 669.161438 ) (0 -733.299988 0 ) (-391.927979 -733.297485 0 ) 
3 18 43 (-1024 -642.486572 319.339355 ) (-1024 -481.989197 562.297852 ) (-1024 -559.050903 317.882935 ) 
4 18 40 (-1024 -481.989197 562.297852 ) (-1024 -467.048920 584.914246 ) (-1024 -300.985840 313.378265 ) (-1024 -559.050903 317.882935 ) 
4 18 24 (-357.625946 -470.716187 374.839172 ) (-1024 -467.049011 584.914429 ) (-1024 -642.486816 319.339386 ) (-434.611267 -645.627930 133.688736 ) 
4 18 22 (-434.611328 -304.322723 127.731087 ) (-1024 -300.982239 313.378204 ) (-1024 -467.043793 584.911865 ) (-357.626831 -470.710968 374.836395 ) 
4 18 21 (-373.570282 -507.307007 112.039108 ) (-373.570251 -645.954590 114.459274 ) (-375.477631 -645.944397 115.060074 ) (-375.477661 -507.297058 112.639915 ) 
4 18 20 (-375.477661 -304.657288 109.102737 ) (-373.570312 -304.668091 108.501953 ) (-373.570282 -443.317017 110.922134 ) (-375.477661 -443.307068 111.522942 ) 
4 18 19 (-1024 -300.981812 313.375977 ) (-375.477661 -304.657288 109.102737 ) (-375.477631 -645.944397 115.060074 ) (-1024 -642.487976 319.337158 ) 
4 19 43 (-1024 -601.087463 184.556946 ) (-1024 -730.036377 186.807755 ) (-1024 -642.486572 319.339355 ) (-1024 -559.050964 317.882935 ) 
4 19 40 (-1024 -218.114426 177.872147 ) (-1024 -601.087463 184.556946 ) (-1024 -559.050964 317.882935 ) (-1024 -300.985840 313.378265 ) 
4 19 27 (-473.096680 -733.070862 13.136108 ) (-1024 -730.039307 186.808594 ) (-1024 -218.116318 177.872681 ) (-473.096863 -221.147919 4.199951 ) 
4 19 24 (-1024 -730.036987 186.807312 ) (-473.097229 -733.068604 13.134506 ) (-434.611237 -645.627930 133.688721 ) (-1024 -642.486816 319.339386 ) 
4 19 22 (-473.095520 -221.145920 4.204185 ) (-1024 -218.114319 177.877670 ) (-1024 -300.982239 313.378204 ) (-434.611267 -304.322723 127.731094 ) 
4 19 21 (-375.476593 -507.297028 112.641197 ) (-375.476624 -645.943420 115.061348 ) (-412.208771 -729.399902 0 ) (-410.998077 -509.263611 0 ) 
4 19 20 (-409.468750 -231.199219 0 ) (-375.476593 -304.664062 109.104126 ) (-375.476593 -443.307037 111.524216 ) (-410.646027 -445.253265 0 ) 
4 22 40 (-1024 -464.295532 589.082275 ) (-1024 -217.897278 190.326050 ) (-1024 -218.114426 177.872147 ) (-1024 -467.048920 584.914246 ) 
4 22 24 (-356.417358 -467.969238 378.626556 ) (-1024 -464.295654 589.082458 ) (-1024 -467.049011 584.914429 ) (-357.625916 -470.716187 374.839172 ) 
4 24 43 (-1024 -715.922119 996.299622 ) (-1024 -470.419556 598.993042 ) (-1024 -481.989227 562.297791 ) (-1024 -730.036377 186.807755 ) 
3 24 40 (-1024 -470.419556 598.993042 ) (-1024 -464.295532 589.082275 ) (-1024 -481.989227 562.297791 ) 
4 24 26 (-240.908203 -720.231445 749.429688 ) (-242.147736 -720.299988 745.498962 ) (-356.416046 -473.328735 378.718811 ) (-355.219238 -470.582489 382.467224 ) 
3 24 25 (-242.147736 -720.299988 745.498962 ) (-469.523834 -732.870544 24.462158 ) (-356.416046 -473.328735 378.718811 ) 
4 25 26 (-356.422943 -473.329773 378.719391 ) (-242.156219 -720.299988 745.498413 ) (0 -721.632507 669.158325 ) (0 -475.291260 266.356689 ) 
4 27 43 (-1024 -603.717957 176.213699 ) (-1024 -730.182617 178.420990 ) (-1024 -730.036377 186.807755 ) (-1024 -601.087463 184.556946 ) 
4 27 40 (-1024 -218.114426 177.872147 ) (-1024 -218.260635 169.486008 ) (-1024 -603.717957 176.213699 ) (-1024 -601.087463 184.556946 ) 
4 28 29 (2112 -2560 -192 ) (2560 -2560 -192 ) (2560 -2560 -64 ) (2112 -2560 -64 ) 
4 29 31 (2048 -2560 -192 ) (2048 -2688 -192 ) (2048 -2688 -64 ) (2048 -2560 -64 ) 
4 29 30 (2112 -2688 -192 ) (2560 -2688 -192 ) (2560 -2688 -64 ) (2112 -2688 -64 ) 
4 32 33 (0 -1024 1024 ) (0 -1024 0 ) (0 -1984 0 ) (0 -1984 1024 ) 
4 33 59 (-1024 -1984 1024 ) (-1024 -1024 1024 ) (-1024 -1024 0 ) (-1024 -1984 0 ) 
3 34 40 (-1024 0 769.692444 ) (-1024 0 1024 ) (-1208.776001 0 1024 ) 
5 34 39 (-1024 0 0 ) (-1024 0 769.692444 ) (-1208.776001 0 1024 ) (-1458.153564 0 1024 ) (-1330.804077 0 0 ) 
4 34 36 (-1458.153564 0 1024 ) (-1512 0 1024 ) (-1512 0 0 ) (-1330.804077 0 0 ) 
4 34 37 (-1512 0 1024 ) (-1984 0 1024 ) (-1984 0 0 ) (-1512 0 0 ) 
3 35 38 (-1509.660889 -453.437500 0 ) (-1418.266846 -221.734329 0 ) (-1509.660522 -432.486267 66.447693 ) 
4 35 36 (-1512 -221.738281 0 ) (-1512 -430.251892 65.742477 ) (-1508.690796 -430.251892 65.742500 ) (-1418.266968 -221.736465 0 ) 
3 35 37 (-1512 -221.734329 0 ) (-1512 -459.375000 0 ) (-1512 -437.887726 68.150665 ) 
5 36 56 (-1512 -421.043335 121.553101 ) (-1512 -433.513245 82.002197 ) (-1511.253540 -432.777344 78.333405 ) (-1509.660522 -429.359406 76.364769 ) (-1509.660156 -414.797180 122.549385 ) 
4 36 55 (-1509.653931 -130.565887 1024 ) (-1512 -136.513779 1024 ) (-1512 -421.043335 121.553101 ) (-1509.660156 -414.797180 122.549385 ) 
3 36 47 (-1511.253540 -432.777344 78.333405 ) (-1509.660522 -431.207092 70.504761 ) (-1509.660522 -429.359406 76.364769 ) 
6 36 39 (-1418.266846 -221.734329 0 ) (-1330.804932 0 0 ) (-1458.152832 0 1024 ) (-1509.653931 -130.565887 1024 ) (-1509.660522 -431.207092 70.504761 ) (-1508.691650 -430.252014 65.743256 ) 
6 36 37 (-1512 0 0 ) (-1512 -221.734329 0 ) (-1512 -430.252075 65.743225 ) (-1512 -433.516083 82.016106 ) (-1512 -136.517334 1024 ) (-1512 0 1024 ) 
4 37 59 (-1862.064697 -1024 1024 ) (-1984 -1024 1024 ) (-1984 -1024 0 ) (-1734.715332 -1024 0 ) 
4 37 58 (-1734.716309 -1024 0 ) (-1512 -459.367493 0 ) (-1512 -136.513779 1024 ) (-1862.064453 -1024 1024 ) 
4 38 41 (-1504.002319 -450.980255 0 ) (-1496 -447.507660 0 ) (-1496 -427.092773 64.747192 ) (-1504.003174 -430.251709 65.743172 ) 
4 38 40 (-1496 -447.507660 0 ) (-1024 -242.683365 0 ) (-1024 -240.789108 6.007752 ) (-1496 -427.092773 64.747192 ) 
5 38 39 (-1418.267578 -221.738281 0 ) (-1508.690552 -430.251770 65.741867 ) (-1503.993286 -430.251770 65.741867 ) (-1024 -240.793030 6.007725 ) (-1024 -221.738327 0 ) 
4 39 56 (-1509.659668 -414.795135 122.549744 ) (-1509.659912 -429.357727 76.363770 ) (-1504.004150 -427.280640 75.167496 ) (-1504.004761 -412.211243 122.961823 ) 
4 39 55 (-1509.655151 -130.564453 1024 ) (-1509.659668 -414.795135 122.549744 ) (-1504.004761 -412.211243 122.961823 ) (-1504.015137 -128.117004 1024 ) 
4 39 47 (-1509.659912 -429.357727 76.363770 ) (-1509.659912 -431.206329 70.500854 ) (-1504.004028 -430.252075 65.743279 ) (-1504.004150 -427.280640 75.167496 ) 
4 39 42 (-1504.004028 -430.252075 65.743279 ) (-1496 -427.092804 64.747192 ) (-1496 -124.638840 1024 ) (-1504.015137 -128.117004 1024 ) 
5 39 40 (-1496 -427.092804 64.747192 ) (-1024 -240.789108 6.007752 ) (-1024 0 769.686279 ) (-1208.780640 0 1024 ) (-1496 -124.638840 1024 ) 
4 40 43 (-1496 -454.454010 0 ) (-1024 -659.277649 0 ) (-1024 -336.419922 1024 ) (-1496 -131.596191 1024 ) 
5 40 42 (-1496 -124.638672 1024 ) (-1496 -427.092896 64.747192 ) (-1496 -430.252045 65.743233 ) (-1496 -431.603882 72.482803 ) (-1496 -131.599426 1024 ) 
4 40 41 (-1496 -427.092896 64.747192 ) (-1496 -447.507812 0 ) (-1496 -454.457031 0 ) (-1496 -433.414429 66.740295 ) 
4 41 44 (-1498.339233 -453.438904 0 ) (-1496 -454.454010 0 ) (-1496 -433.411682 66.739418 ) (-1498.338867 -432.488525 66.448334 ) 
3 41 42 (-1496 -430.251648 65.741211 ) (-1496 -427.094849 64.745911 ) (-1503.998291 -430.251709 65.741493 ) 
4 42 56 (-1504.006104 -412.211090 122.961853 ) (-1504.005493 -427.280487 75.167419 ) (-1498.338867 -429.361572 76.366013 ) (-1498.338623 -414.800659 122.548813 ) 
4 42 55 (-1504.017090 -128.117188 1024 ) (-1504.006104 -412.211090 122.961853 ) (-1498.338623 -414.800659 122.548813 ) (-1498.333862 -130.583405 1024 ) 
4 42 47 (-1504.005493 -427.280487 75.167419 ) (-1504.005371 -430.251923 65.743103 ) (-1498.338867 -431.208038 70.509598 ) (-1498.338867 -429.361572 76.366013 ) 
4 42 45 (-1498.338867 -431.208038 70.509598 ) (-1496 -431.602692 72.476974 ) (-1496 -131.596191 1024 ) (-1498.333862 -130.583405 1024 ) 
4 43 59 (-1024 -1024 0 ) (-1024 -1024 1024 ) (-1145.931641 -1024 1024 ) (-1273.285156 -1024 0 ) 
4 43 46 (-1496 -459.370941 0 ) (-1273.285767 -1024 0 ) (-1145.933594 -1024 1024 ) (-1496 -136.501892 1024 ) 
4 43 45 (-1496 -131.593750 1024 ) (-1496 -431.601593 72.471558 ) (-1496 -433.515717 82.014442 ) (-1496 -136.506104 1024 ) 
4 43 44 (-1496 -433.409119 66.738647 ) (-1496 -454.451172 0 ) (-1496 -459.375000 0 ) (-1496 -437.887054 68.150444 ) 
5 45 56 (-1498.338257 -414.803253 122.548462 ) (-1498.338501 -429.363678 76.367188 ) (-1496.747437 -432.777405 78.333420 ) (-1496 -433.514160 82.006516 ) (-1496 -421.045135 121.552849 ) 
4 45 55 (-1498.333496 -130.585938 1024 ) (-1498.338257 -414.803253 122.548462 ) (-1496 -421.045135 121.552849 ) (-1496 -136.501892 1024 ) 
3 45 47 (-1498.338501 -429.363678 76.367188 ) (-1498.338501 -431.209015 70.514343 ) (-1496.747437 -432.777405 78.333420 ) 
4 46 59 (-1145.931641 -1024 1024 ) (-1496 -1024 1024 ) (-1496 -1024 0 ) (-1273.285156 -1024 0 ) 
3 46 57 (-1496 -455.266937 116.094589 ) (-1496 -440.813904 118.399803 ) (-1496 -437.997528 104.358704 ) 
3 46 56 (-1496 -421.049377 121.552185 ) (-1496 -433.515717 82.014389 ) (-1496 -440.813904 118.399803 ) 
5 46 55 (-1496 -136.505859 1024 ) (-1496 -421.049377 121.552185 ) (-1496 -488.997864 110.714615 ) (-1496 -1024 418.858154 ) (-1496 -1024 1024 ) 
4 46 54 (-1496 -1024 155.694763 ) (-1496 -1024 418.858154 ) (-1496 -488.997925 110.714630 ) (-1496 -498.674927 109.171165 ) 
4 46 49 (-1496 -445.511963 70.554497 ) (-1496 -595.068481 117.707932 ) (-1496 -484.072937 107.877991 ) (-1496 -453.902496 90.500824 ) 
5 46 48 (-1496 -437.887024 68.150444 ) (-1496 -459.375000 0 ) (-1496 -1024 0 ) (-1496 -1024 155.694763 ) (-1496 -595.068481 117.707932 ) 
5 47 56 (-1496.748535 -432.776886 78.330894 ) (-1498.340820 -429.360474 76.363159 ) (-1504.001343 -427.281616 75.165810 ) (-1509.659546 -429.359619 76.362671 ) (-1511.252197 -432.776886 78.330902 ) 
4 48 59 (-1512 -1024 155.694794 ) (-1512 -1024 0 ) (-1496 -1024 0 ) (-1496 -1024 155.694763 ) 
4 48 54 (-1512 -595.069092 117.708115 ) (-1512 -1024 155.694916 ) (-1496 -1024 155.694885 ) (-1496 -595.068970 117.708107 ) 
4 48 50 (-1512 -499.919922 0 ) (-1512 -474.765472 79.777786 ) (-1498.343384 -443.279236 69.850548 ) (-1498.343018 -465.302307 0 ) 
5 48 49 (-1499.307007 -445.511230 70.552643 ) (-1512 -474.776306 79.779587 ) (-1512 -595.075623 117.708557 ) (-1496 -595.075623 117.708557 ) (-1496 -445.511230 70.552643 ) 
5 48 58 (-1512 -499.925903 0 ) (-1512 -1024 0 ) (-1512 -1024 155.694763 ) (-1512 -595.068481 117.707932 ) (-1512 -474.771545 79.779701 ) 
4 49 54 (-1512 -498.674347 109.171249 ) (-1512 -595.069092 117.708115 ) (-1496 -595.068970 117.708107 ) (-1496 -498.674347 109.171249 ) 
4 49 53 (-1512 -474.765472 79.777786 ) (-1512 -468.697754 99.021690 ) (-1505.102905 -453.902222 90.500221 ) (-1499.311768 -445.511993 70.554504 ) 
4 49 58 (-1512 -595.068481 117.707932 ) (-1512 -484.072937 107.877991 ) (-1512 -468.703339 99.025612 ) (-1512 -474.771545 79.779701 ) 
4 50 53 (-1512 -474.775482 79.779556 ) (-1499.307129 -445.511230 70.552719 ) (-1503.996948 -445.511230 70.552719 ) (-1512 -448.670105 71.548691 ) 
4 50 51 (-1512 -471.228516 0 ) (-1512 -448.669556 71.550079 ) (-1504 -445.511536 70.554382 ) (-1504 -467.756989 0 ) 
4 50 58 (-1512 -471.228760 0 ) (-1512 -499.925903 0 ) (-1512 -474.771545 79.779701 ) (-1512 -448.669678 71.550079 ) 
3 51 53 (-1512 -445.511230 70.552719 ) (-1512 -448.670105 71.548691 ) (-1504 -445.512024 70.552963 ) 
4 51 52 (-1509.660889 -465.298340 0 ) (-1512 -464.283203 0 ) (-1512 -442.351654 69.558891 ) (-1509.660645 -443.274963 69.850021 ) 
4 51 58 (-1512 -464.285400 0 ) (-1512 -471.228760 0 ) (-1512 -448.669678 71.550079 ) (-1512 -442.353516 69.558662 ) 
4 52 58 (-1512 -437.887756 68.150665 ) (-1512 -459.375000 0 ) (-1512 -464.285400 0 ) (-1512 -442.353516 69.558662 ) 
4 53 58 (-1512 -445.511963 70.554489 ) (-1512 -474.771545 79.779701 ) (-1512 -468.703339 99.025612 ) (-1512 -453.902435 90.500793 ) 
4 54 59 (-1512 -1024 418.858093 ) (-1512 -1024 155.694794 ) (-1496 -1024 155.694763 ) (-1496 -1024 418.858154 ) 
4 54 55 (-1496 -1024 418.856201 ) (-1496 -489 110.714111 ) (-1512 -489 110.714127 ) (-1512 -1024 418.855896 ) 
4 54 58 (-1512 -1024 155.694763 ) (-1512 -1024 418.858154 ) (-1512 -488.997925 110.714630 ) (-1512 -498.674927 109.171165 ) 
4 55 59 (-1496 -1024 1024 ) (-1512 -1024 1024 ) (-1512 -1024 418.858093 ) (-1496 -1024 418.858154 ) 
4 55 57 (-1512 -455.267029 116.094643 ) (-1512 -440.813934 118.399849 ) (-1496 -440.813934 118.399933 ) (-1496 -455.267090 116.094688 ) 
7 55 56 (-1512 -440.813934 118.399849 ) (-1512 -421.045074 121.552902 ) (-1509.660156 -414.798950 122.549141 ) (-1503.996094 -412.210938 122.961914 ) (-1498.341797 -414.792969 122.549805 ) (-1496 -421.046875 121.552734 ) (-1496 -440.813934 118.399933 ) 
5 55 58 (-1512 -136.517578 1024 ) (-1512 -421.050812 121.551941 ) (-1512 -488.997894 110.714615 ) (-1512 -1024 418.858154 ) (-1512 -1024 1024 ) 
4 56 57 (-1496 -437.997498 104.358688 ) (-1496 -440.813965 118.400345 ) (-1512 -440.813965 118.400345 ) (-1512 -437.997498 104.358704 ) 
3 56 58 (-1512 -421.050812 121.551941 ) (-1512 -433.516083 82.016205 ) (-1512 -440.813904 118.399796 ) 
3 57 58 (-1512 -455.266937 116.094589 ) (-1512 -440.813904 118.399796 ) (-1512 -437.997528 104.358711 ) 
4 58 59 (-1512 -1024 1024 ) (-1862.064697 -1024 1024 ) (-1734.715332 -1024 0 ) (-1512 -1024 0 ) 
