PRT1
51
115
4 1 7 (3058.659912 1024 989.663025 ) (2048 1024 989.663025 ) (2048 1024 229.663010 ) (3058.659912 1024 229.663010 ) 
4 1 4 (2048 1621.619995 229.663010 ) (2048 1024 229.663010 ) (2048 1024 989.663025 ) (2048 1621.619995 989.663025 ) 
4 1 2 (2048 1024 229.663010 ) (2048 1621.619995 229.663010 ) (3058.659912 1621.619995 229.663010 ) (3058.659912 1024 229.663010 ) 
4 2 8 (3058.659912 1024 229.663010 ) (2048 1024 229.663010 ) (2048 1024 133.662994 ) (3058.659912 1024 133.662994 ) 
4 2 5 (2048 1621.619995 133.662994 ) (2048 1024 133.662994 ) (2048 1024 229.663010 ) (2048 1621.619995 229.663010 ) 
4 2 3 (3058.659912 1024 133.662994 ) (2048 1024 133.662994 ) (2048 1621.619995 133.662994 ) (3058.659912 1621.619995 133.662994 ) 
4 3 9 (3058.659912 1024 133.662994 ) (2048 1024 133.662994 ) (2048 1024 77.663101 ) (3058.659912 1024 77.663101 ) 
4 3 6 (2048 1621.619995 77.663101 ) (2048 1024 77.663101 ) (2048 1024 133.662994 ) (2048 1621.619995 133.662994 ) 
4 4 21 (1024 1024 229.663010 ) (1024 1024 989.663025 ) (1024 1621.619995 989.663025 ) (1024 1621.619995 229.663010 ) 
4 4 10 (2048 1024 229.663010 ) (2048 1024 989.663025 ) (1024 1024 989.663025 ) (1024 1024 229.663010 ) 
4 4 5 (2048 1024 229.663010 ) (1024 1024 229.663010 ) (1024 1621.619995 229.663010 ) (2048 1621.619995 229.663010 ) 
4 5 22 (1024 1024 133.662994 ) (1024 1024 229.663010 ) (1024 1621.619995 229.663010 ) (1024 1621.619995 133.662994 ) 
4 5 11 (2048 1024 133.662994 ) (2048 1024 229.663010 ) (1024 1024 229.663010 ) (1024 1024 133.662994 ) 
4 5 6 (2048 1621.619995 133.662994 ) (2048 1024 133.662994 ) (1024 1024 133.662994 ) (1024 1621.619995 133.662994 ) 
4 6 23 (1024 1024 77.663101 ) (1024 1024 133.662994 ) (1024 1621.619995 133.662994 ) (1024 1621.619995 77.663101 ) 
4 6 12 (2048 1024 77.663101 ) (2048 1024 133.662994 ) (1024 1024 133.662994 ) (1024 1024 77.663101 ) 
4 7 13 (3058.659912 0 989.663025 ) (2048 0 989.663025 ) (2048 0 229.663010 ) (3058.659912 0 229.663010 ) 
4 7 10 (2048 1024 989.663025 ) (2048 1024 229.663010 ) (2048 0 229.663010 ) (2048 0 989.663025 ) 
4 7 8 (3058.659912 0 229.663010 ) (2048 0 229.663010 ) (2048 1024 229.663010 ) (3058.659912 1024 229.663010 ) 
4 8 14 (3058.659912 0 229.663010 ) (2048 0 229.663010 ) (2048 0 133.662994 ) (3058.659912 0 133.662994 ) 
4 8 11 (2048 1024 229.663010 ) (2048 1024 133.662994 ) (2048 0 133.662994 ) (2048 0 229.663010 ) 
4 8 9 (2048 1024 133.662994 ) (3058.659912 1024 133.662994 ) (3058.659912 0 133.662994 ) (2048 0 133.662994 ) 
4 9 15 (3058.659912 0 133.662994 ) (2048 0 133.662994 ) (2048 0 77.663101 ) (3058.659912 0 77.663101 ) 
4 9 12 (2048 1024 133.662994 ) (2048 1024 77.663101 ) (2048 0 77.663101 ) (2048 0 133.662994 ) 
4 10 27 (1024 0 229.663010 ) (1024 0 989.663025 ) (1024 1024 989.663025 ) (1024 1024 229.663010 ) 
4 10 17 (2048 0 229.663010 ) (2048 0 989.663025 ) (1024 0 989.663025 ) (1024 0 229.663010 ) 
4 10 11 (2048 0 229.663010 ) (1024 0 229.663010 ) (1024 1024 229.663010 ) (2048 1024 229.663010 ) 
4 11 28 (1024 0 133.662994 ) (1024 0 229.663010 ) (1024 1024 229.663010 ) (1024 1024 133.662994 ) 
4 11 18 (2048 0 133.662994 ) (2048 0 229.663010 ) (1024 0 229.663010 ) (1024 0 133.662994 ) 
4 11 12 (2048 1024 133.662994 ) (2048 0 133.662994 ) (1024 0 133.662994 ) (1024 1024 133.662994 ) 
4 12 29 (1024 0 77.663101 ) (1024 0 133.662994 ) (1024 1024 133.662994 ) (1024 1024 77.663101 ) 
4 12 19 (2048 0 77.663101 ) (2048 0 133.662994 ) (1024 0 133.662994 ) (1024 0 77.663101 ) 
4 13 17 (2048 0 989.663025 ) (2048 0 229.663010 ) (2048 -424 229.663010 ) (2048 -424 989.663025 ) 
4 13 16 (3058.659912 -424 989.663025 ) (2048 -424 989.663025 ) (2048 -424 229.663010 ) (3058.659912 -424 229.663010 ) 
4 13 14 (3058.659912 -424 229.663010 ) (2048 -424 229.663010 ) (2048 0 229.663010 ) (3058.659912 0 229.663010 ) 
4 14 18 (2048 0 229.663010 ) (2048 0 133.662994 ) (2048 -424 133.662994 ) (2048 -424 229.663010 ) 
4 14 16 (3058.659912 -424 229.663010 ) (2048 -424 229.663010 ) (2048 -424 133.662994 ) (3058.659912 -424 133.662994 ) 
4 14 15 (3058.659912 -424 133.662994 ) (2048 -424 133.662994 ) (2048 0 133.662994 ) (3058.659912 0 133.662994 ) 
4 15 19 (2048 0 133.662994 ) (2048 0 77.663101 ) (2048 -424 77.663101 ) (2048 -424 133.662994 ) 
4 15 16 (3058.659912 -424 133.662994 ) (2048 -424 133.662994 ) (2048 -424 77.663101 ) (3058.659912 -424 77.663101 ) 
4 16 20 (2048 -1013.619995 989.663025 ) (2048 -424 989.663025 ) (2048 -424 77.663101 ) (2048 -1013.619995 77.663101 ) 
4 17 33 (1024 -424 229.663010 ) (1024 -424 989.663025 ) (1024 0 989.663025 ) (1024 0 229.663010 ) 
4 17 20 (2048 -424 229.663010 ) (2048 -424 989.663025 ) (1024 -424 989.663025 ) (1024 -424 229.663010 ) 
4 17 18 (2048 -424 229.663010 ) (1024 -424 229.663010 ) (1024 0 229.663010 ) (2048 0 229.663010 ) 
4 18 34 (1024 -424 133.662994 ) (1024 -424 229.663010 ) (1024 0 229.663010 ) (1024 0 133.662994 ) 
4 18 20 (2048 -424 133.662994 ) (2048 -424 229.663010 ) (1024 -424 229.663010 ) (1024 -424 133.662994 ) 
4 18 19 (2048 -424 133.662994 ) (1024 -424 133.662994 ) (1024 0 133.662994 ) (2048 0 133.662994 ) 
4 19 35 (1024 -424 77.663101 ) (1024 -424 133.662994 ) (1024 0 133.662994 ) (1024 0 77.663101 ) 
4 19 20 (2048 -424 77.663101 ) (2048 -424 133.662994 ) (1024 -424 133.662994 ) (1024 -424 77.663101 ) 
4 20 36 (1024 -1013.619995 989.663025 ) (1024 -424 989.663025 ) (1024 -424 77.663101 ) (1024 -1013.619995 77.663101 ) 
4 21 27 (1024 1024 229.663010 ) (1024 1024 989.663025 ) (0 1024 989.663025 ) (0 1024 229.663010 ) 
4 21 24 (0 1024 229.663010 ) (0 1024 989.663025 ) (0 1621.619995 989.663025 ) (0 1621.619995 229.663010 ) 
4 21 22 (0 1024 229.663010 ) (0 1621.619995 229.663010 ) (1024 1621.619995 229.663010 ) (1024 1024 229.663010 ) 
4 22 28 (1024 1024 133.662994 ) (1024 1024 229.663010 ) (0 1024 229.663010 ) (0 1024 133.662994 ) 
4 22 25 (0 1024 133.662994 ) (0 1024 229.663010 ) (0 1621.619995 229.663010 ) (0 1621.619995 133.662994 ) 
4 22 23 (1024 1024 133.662994 ) (0 1024 133.662994 ) (0 1621.619995 133.662994 ) (1024 1621.619995 133.662994 ) 
4 23 29 (1024 1024 77.663101 ) (1024 1024 133.662994 ) (0 1024 133.662994 ) (0 1024 77.663101 ) 
4 23 26 (0 1024 77.663101 ) (0 1024 133.662994 ) (0 1621.619995 133.662994 ) (0 1621.619995 77.663101 ) 
4 24 41 (-1024 1621.619995 229.663010 ) (-1024 1024 229.663010 ) (-1024 1024 989.663025 ) (-1024 1621.619995 989.663025 ) 
4 24 30 (-1024 1024 989.663025 ) (-1024 1024 229.663010 ) (0 1024 229.663010 ) (0 1024 989.663025 ) 
4 24 25 (0 1024 229.663010 ) (-1024 1024 229.663010 ) (-1024 1621.619995 229.663010 ) (0 1621.619995 229.663010 ) 
4 25 42 (-1024 1621.619995 133.662994 ) (-1024 1024 133.662994 ) (-1024 1024 229.663010 ) (-1024 1621.619995 229.663010 ) 
4 25 31 (-1024 1024 229.663010 ) (-1024 1024 133.662994 ) (0 1024 133.662994 ) (0 1024 229.663010 ) 
4 25 26 (0 1621.619995 133.662994 ) (0 1024 133.662994 ) (-1024 1024 133.662994 ) (-1024 1621.619995 133.662994 ) 
4 26 43 (-1024 1621.619995 77.663101 ) (-1024 1024 77.663101 ) (-1024 1024 133.662994 ) (-1024 1621.619995 133.662994 ) 
4 26 32 (-1024 1024 133.662994 ) (-1024 1024 77.663101 ) (0 1024 77.663101 ) (0 1024 133.662994 ) 
4 27 33 (1024 0 229.663010 ) (1024 0 989.663025 ) (0 0 989.663025 ) (0 0 229.663010 ) 
4 27 30 (0 1024 989.663025 ) (0 1024 229.663010 ) (0 0 229.663010 ) (0 0 989.663025 ) 
4 27 28 (1024 0 229.663010 ) (0 0 229.663010 ) (0 1024 229.663010 ) (1024 1024 229.663010 ) 
4 28 34 (1024 0 133.662994 ) (1024 0 229.663010 ) (0 0 229.663010 ) (0 0 133.662994 ) 
4 28 31 (0 1024 229.663010 ) (0 1024 133.662994 ) (0 0 133.662994 ) (0 0 229.663010 ) 
4 28 29 (0 1024 133.662994 ) (1024 1024 133.662994 ) (1024 0 133.662994 ) (0 0 133.662994 ) 
4 29 35 (1024 0 77.663101 ) (1024 0 133.662994 ) (0 0 133.662994 ) (0 0 77.663101 ) 
4 29 32 (0 1024 133.662994 ) (0 1024 77.663101 ) (0 0 77.663101 ) (0 0 133.662994 ) 
4 30 44 (-1024 0 229.663010 ) (-1024 0 989.663025 ) (-1024 1024 989.663025 ) (-1024 1024 229.663010 ) 
4 30 37 (0 0 229.663010 ) (0 0 989.663025 ) (-1024 0 989.663025 ) (-1024 0 229.663010 ) 
4 30 31 (0 0 229.663010 ) (-1024 0 229.663010 ) (-1024 1024 229.663010 ) (0 1024 229.663010 ) 
4 31 45 (-1024 0 133.662994 ) (-1024 0 229.663010 ) (-1024 1024 229.663010 ) (-1024 1024 133.662994 ) 
4 31 38 (0 0 133.662994 ) (0 0 229.663010 ) (-1024 0 229.663010 ) (-1024 0 133.662994 ) 
4 31 32 (-1024 0 133.662994 ) (-1024 1024 133.662994 ) (0 1024 133.662994 ) (0 0 133.662994 ) 
4 32 46 (-1024 0 77.663101 ) (-1024 0 133.662994 ) (-1024 1024 133.662994 ) (-1024 1024 77.663101 ) 
4 32 39 (0 0 77.663101 ) (0 0 133.662994 ) (-1024 0 133.662994 ) (-1024 0 77.663101 ) 
4 33 37 (0 -424 229.663010 ) (0 -424 989.663025 ) (0 0 989.663025 ) (0 0 229.663010 ) 
4 33 36 (1024 -424 229.663010 ) (1024 -424 989.663025 ) (0 -424 989.663025 ) (0 -424 229.663010 ) 
4 33 34 (1024 -424 229.663010 ) (0 -424 229.663010 ) (0 0 229.663010 ) (1024 0 229.663010 ) 
4 34 38 (0 -424 133.662994 ) (0 -424 229.663010 ) (0 0 229.663010 ) (0 0 133.662994 ) 
4 34 36 (1024 -424 133.662994 ) (1024 -424 229.663010 ) (0 -424 229.663010 ) (0 -424 133.662994 ) 
4 34 35 (1024 -424 133.662994 ) (0 -424 133.662994 ) (0 0 133.662994 ) (1024 0 133.662994 ) 
4 35 39 (0 -424 77.663101 ) (0 -424 133.662994 ) (0 0 133.662994 ) (0 0 77.663101 ) 
4 35 36 (1024 -424 77.663101 ) (1024 -424 133.662994 ) (0 -424 133.662994 ) (0 -424 77.663101 ) 
4 36 40 (0 -1013.619995 989.663025 ) (0 -424 989.663025 ) (0 -424 77.663101 ) (0 -1013.619995 77.663101 ) 
4 37 47 (-1024 -424 229.663010 ) (-1024 -424 989.663025 ) (-1024 0 989.663025 ) (-1024 0 229.663010 ) 
4 37 40 (-1024 -424 989.663025 ) (-1024 -424 229.663010 ) (0 -424 229.663010 ) (0 -424 989.663025 ) 
4 37 38 (0 -424 229.663010 ) (-1024 -424 229.663010 ) (-1024 0 229.663010 ) (0 0 229.663010 ) 
4 38 48 (-1024 -424 133.662994 ) (-1024 -424 229.663010 ) (-1024 0 229.663010 ) (-1024 0 133.662994 ) 
4 38 40 (-1024 -424 229.663010 ) (-1024 -424 133.662994 ) (0 -424 133.662994 ) (0 -424 229.663010 ) 
4 38 39 (0 -424 133.662994 ) (-1024 -424 133.662994 ) (-1024 0 133.662994 ) (0 0 133.662994 ) 
4 39 49 (-1024 -424 77.663101 ) (-1024 -424 133.662994 ) (-1024 0 133.662994 ) (-1024 0 77.663101 ) 
4 39 40 (-1024 -424 133.662994 ) (-1024 -424 77.663101 ) (0 -424 77.663101 ) (0 -424 133.662994 ) 
4 40 50 (-1024 -1013.619995 989.663025 ) (-1024 -424 989.663025 ) (-1024 -424 77.663101 ) (-1024 -1013.619995 77.663101 ) 
4 41 44 (-1024 1024 229.663010 ) (-1024 1024 989.663025 ) (-2034.670166 1024 989.663025 ) (-2034.670166 1024 229.663010 ) 
4 41 42 (-1024 1024 229.663010 ) (-2034.670166 1024 229.663010 ) (-2034.670166 1621.619995 229.663010 ) (-1024 1621.619995 229.663010 ) 
4 42 45 (-1024 1024 133.662994 ) (-1024 1024 229.663010 ) (-2034.670166 1024 229.663010 ) (-2034.670166 1024 133.662994 ) 
4 42 43 (-1024 1621.619995 133.662994 ) (-1024 1024 133.662994 ) (-2034.670166 1024 133.662994 ) (-2034.670166 1621.619995 133.662994 ) 
4 43 46 (-1024 1024 77.663101 ) (-1024 1024 133.662994 ) (-2034.670166 1024 133.662994 ) (-2034.670166 1024 77.663101 ) 
4 44 47 (-1024 0 229.663010 ) (-1024 0 989.663025 ) (-2034.670166 0 989.663025 ) (-2034.670166 0 229.663010 ) 
4 44 45 (-1024 0 229.663010 ) (-2034.670166 0 229.663010 ) (-2034.670166 1024 229.663010 ) (-1024 1024 229.663010 ) 
4 45 48 (-1024 0 133.662994 ) (-1024 0 229.663010 ) (-2034.670166 0 229.663010 ) (-2034.670166 0 133.662994 ) 
4 45 46 (-2034.670166 1024 133.662994 ) (-1024 1024 133.662994 ) (-1024 0 133.662994 ) (-2034.670166 0 133.662994 ) 
4 46 49 (-1024 0 77.663101 ) (-1024 0 133.662994 ) (-2034.670166 0 133.662994 ) (-2034.670166 0 77.663101 ) 
4 47 50 (-2034.670166 -424 229.663010 ) (-1024 -424 229.663010 ) (-1024 -424 989.663025 ) (-2034.670166 -424 989.663025 ) 
4 47 48 (-1024 -424 229.663010 ) (-2034.670166 -424 229.663010 ) (-2034.670166 0 229.663010 ) (-1024 0 229.663010 ) 
4 48 50 (-2034.670166 -424 133.662994 ) (-1024 -424 133.662994 ) (-1024 -424 229.663010 ) (-2034.670166 -424 229.663010 ) 
4 48 49 (-1024 -424 133.662994 ) (-2034.670166 -424 133.662994 ) (-2034.670166 0 133.662994 ) (-1024 0 133.662994 ) 
4 49 50 (-2034.670166 -424 77.663101 ) (-1024 -424 77.663101 ) (-1024 -424 133.662994 ) (-2034.670166 -424 133.662994 ) 
