PRT1
70
179
4 0 7 (640 960 128 ) (704 960 128 ) (704 640 128 ) (640 640 128 ) 
4 0 4 (704 960 128 ) (960 960 128 ) (960 640 128 ) (704 640 128 ) 
4 0 1 (640 640 1024 ) (640 640 256 ) (960 640 256 ) (960 640 1024 ) 
4 0 3 (640 960 1024 ) (640 960 128 ) (640 640 128 ) (640 640 1024 ) 
4 1 3 (640 320 256 ) (640 320 1024 ) (640 640 1024 ) (640 640 256 ) 
4 1 2 (640 320 1024 ) (640 320 256 ) (960 320 256 ) (960 320 1024 ) 
4 2 18 (960 0 1024 ) (640 0 1024 ) (640 0 128 ) (960 0 128 ) 
4 2 9 (704 0 128 ) (640 0 128 ) (640 320 128 ) (704 320 128 ) 
4 2 6 (960 320 128 ) (960 0 128 ) (704 0 128 ) (704 320 128 ) 
4 2 3 (640 320 128 ) (640 0 128 ) (640 0 1024 ) (640 320 1024 ) 
4 3 19 (256 0 1024 ) (0 0 1024 ) (0 0 128 ) (256 0 128 ) 
4 3 18 (640 0 1024 ) (256 0 1024 ) (256 0 128 ) (640 0 128 ) 
4 3 11 (0 0 128 ) (0 0 1024 ) (0 960 1024 ) (0 960 128 ) 
4 3 10 (0 0 128 ) (0 960 128 ) (640 960 128 ) (640 0 128 ) 
4 4 7 (704 960 0 ) (704 640 0 ) (704 640 128 ) (704 960 128 ) 
4 5 8 (704 512 0 ) (704 448 0 ) (704 448 128 ) (704 512 128 ) 
4 6 28 (960 0 128 ) (704 0 128 ) (704 0 0 ) (960 0 0 ) 
4 6 9 (704 320 0 ) (704 0 0 ) (704 0 128 ) (704 320 128 ) 
4 7 10 (640 960 128 ) (640 960 0 ) (640 640 0 ) (640 640 128 ) 
4 8 10 (640 512 0 ) (640 448 0 ) (640 448 128 ) (640 512 128 ) 
4 9 28 (704 0 128 ) (640 0 128 ) (640 0 0 ) (704 0 0 ) 
4 9 10 (640 320 0 ) (640 0 0 ) (640 0 128 ) (640 320 128 ) 
4 10 29 (192 0 128 ) (128 0 128 ) (128 0 0 ) (192 0 0 ) 
4 10 30 (128 0 128 ) (0 0 128 ) (0 0 0 ) (128 0 0 ) 
4 10 28 (640 0 128 ) (192 0 128 ) (192 0 0 ) (640 0 0 ) 
4 10 11 (0 0 0 ) (0 0 128 ) (0 960 128 ) (0 960 0 ) 
4 11 44 (-128 0 128 ) (-192 0 128 ) (-192 0 0 ) (-128 0 0 ) 
4 11 43 (0 0 0 ) (0 0 128 ) (-128 0 128 ) (-128 0 0 ) 
4 11 45 (-192 0 128 ) (-576 0 128 ) (-576 0 0 ) (-192 0 0 ) 
4 11 41 (0 0 128 ) (0 0 256 ) (-256 0 256 ) (-256 0 128 ) 
4 11 42 (-256 0 256 ) (-576 0 256 ) (-576 0 128 ) (-256 0 128 ) 
4 11 40 (0 0 256 ) (0 0 1024 ) (-576 0 1024 ) (-576 0 256 ) 
4 11 15 (-576 960 0 ) (-576 256 0 ) (-576 256 128 ) (-576 960 128 ) 
4 11 16 (-576 64 0 ) (-576 0 0 ) (-576 0 128 ) (-576 64 128 ) 
3 11 14 (-576 160 256 ) (-576 256 927.989868 ) (-576 256 256 ) 
5 11 13 (-576 269.715942 1024 ) (-576 960 1024 ) (-576 960 128 ) (-576 256 128 ) (-576 256 927.989868 ) 
6 11 12 (-576 0 194 ) (-576 0 1024 ) (-576 269.715942 1024 ) (-576 152 200 ) (-576 104 184 ) (-576 24 176 ) 
4 12 63 (-640 0 256 ) (-640 0 194 ) (-576 0 194 ) (-576 0 256 ) 
4 12 62 (-640 0 1024 ) (-640 0 256 ) (-576 0 256 ) (-576 0 1024 ) 
6 12 17 (-640 0 194 ) (-640 0 1024 ) (-640 269.715942 1024 ) (-640 152 200 ) (-640 104 184 ) (-640 24 176 ) 
4 12 14 (-640 160 256 ) (-640 256 927.991089 ) (-576 256 927.991089 ) (-576 160 256 ) 
4 12 13 (-640 256 927.991089 ) (-640 269.715820 1024 ) (-576 269.715820 1024 ) (-576 256 927.991089 ) 
5 13 17 (-640 960 128 ) (-640 256 128 ) (-640 256 927.989868 ) (-640 269.715942 1024 ) (-640 960 1024 ) 
4 13 15 (-640 256 128 ) (-640 960 128 ) (-576 960 128 ) (-576 256 128 ) 
4 13 14 (-576 256 256 ) (-576 256 927.986328 ) (-640 256 927.986328 ) (-640 256 256 ) 
3 14 17 (-640 160 256 ) (-640 256 927.989868 ) (-640 256 256 ) 
4 15 17 (-640 960 0 ) (-640 256 0 ) (-640 256 128 ) (-640 960 128 ) 
4 16 68 (-640 0 128 ) (-640 0 0 ) (-576 0 0 ) (-576 0 128 ) 
4 16 17 (-640 64 0 ) (-640 0 0 ) (-640 0 128 ) (-640 64 128 ) 
4 17 69 (-960 0 0 ) (-640 0 0 ) (-640 0 1024 ) (-960 0 1024 ) 
4 18 31 (960 -320 128 ) (960 -384 128 ) (256 -384 128 ) (256 -320 128 ) 
4 18 28 (256 0 128 ) (960 0 128 ) (960 -320 128 ) (256 -320 128 ) 
4 18 21 (256 -384 128 ) (960 -384 128 ) (960 -384 1024 ) (256 -384 1024 ) 
4 18 20 (256 -384 256 ) (256 -384 1024 ) (256 -320 1024 ) (256 -320 256 ) 
4 18 19 (256 0 128 ) (256 -320 128 ) (256 -320 1024 ) (256 0 1024 ) 
4 19 41 (0 0 256 ) (0 0 128 ) (0 -320 128 ) (0 -320 256 ) 
4 19 40 (0 0 1024 ) (0 0 256 ) (0 -320 256 ) (0 -320 1024 ) 
4 19 29 (128 0 128 ) (192 0 128 ) (192 -304 128 ) (128 -304 128 ) 
4 19 30 (0 -320 128 ) (0 0 128 ) (128 0 128 ) (128 -320 128 ) 
4 19 28 (192 0 128 ) (256 0 128 ) (256 -320 128 ) (192 -320 128 ) 
4 19 20 (256 -320 256 ) (256 -320 1024 ) (0 -320 1024 ) (0 -320 256 ) 
4 20 40 (0 -384 256 ) (0 -384 1024 ) (0 -320 1024 ) (0 -320 256 ) 
4 20 23 (192 -384 1024 ) (0 -384 1024 ) (0 -384 256 ) (192 -384 256 ) 
4 20 22 (256 -384 256 ) (256 -384 1024 ) (192 -384 1024 ) (192 -384 256 ) 
4 21 33 (256 -384 128 ) (960 -384 128 ) (960 -640 128 ) (256 -640 128 ) 
4 21 22 (256 -384 1024 ) (256 -384 256 ) (256 -640 256 ) (256 -640 1024 ) 
4 21 27 (256 -640 128 ) (960 -640 128 ) (960 -640 1024 ) (256 -640 1024 ) 
4 22 23 (192 -384 1024 ) (192 -384 256 ) (192 -640 256 ) (192 -640 1024 ) 
4 22 27 (256 -640 256 ) (256 -640 1024 ) (192 -640 1024 ) (192 -640 256 ) 
4 23 48 (0 -640 160 ) (0 -640 1024 ) (0 -384 1024 ) (0 -384 160 ) 
4 23 25 (128 -384 160 ) (136 -384 160 ) (136 -640 160 ) (128 -640 160 ) 
4 23 24 (136 -384 160 ) (192 -384 160 ) (192 -640 160 ) (136 -640 160 ) 
4 23 26 (0 -384 160 ) (128 -384 160 ) (128 -640 160 ) (0 -640 160 ) 
4 23 27 (192 -640 160 ) (192 -640 1024 ) (0 -640 1024 ) (0 -640 160 ) 
4 24 27 (136 -640 128 ) (192 -640 128 ) (192 -640 160 ) (136 -640 160 ) 
4 24 25 (136 -640 128 ) (136 -640 160 ) (136 -384 160 ) (136 -384 128 ) 
4 25 26 (128 -640 128 ) (128 -640 160 ) (128 -384 160 ) (128 -384 128 ) 
4 25 27 (128 -640 128 ) (136 -640 128 ) (136 -640 160 ) (128 -640 160 ) 
4 26 49 (0 -384 128 ) (0 -640 128 ) (0 -640 160 ) (0 -384 160 ) 
4 26 34 (0 -640 128 ) (0 -384 128 ) (128 -384 128 ) (128 -640 128 ) 
4 26 27 (0 -640 128 ) (128 -640 128 ) (128 -640 160 ) (0 -640 160 ) 
4 27 55 (0 -640 128 ) (0 -960 128 ) (0 -960 1024 ) (0 -640 1024 ) 
4 27 39 (0 -960 128 ) (0 -640 128 ) (960 -640 128 ) (960 -960 128 ) 
4 28 31 (256 -320 0 ) (960 -320 0 ) (960 -320 128 ) (256 -320 128 ) 
4 28 29 (192 0 0 ) (192 -304 0 ) (192 -304 128 ) (192 0 128 ) 
4 29 30 (128 0 0 ) (128 -304 0 ) (128 -304 128 ) (128 0 128 ) 
4 30 43 (0 0 128 ) (0 0 0 ) (0 -320 0 ) (0 -320 128 ) 
4 30 32 (0 -320 0 ) (64 -320 0 ) (64 -320 128 ) (0 -320 128 ) 
4 31 33 (256 -384 0 ) (960 -384 0 ) (960 -384 128 ) (256 -384 128 ) 
4 32 46 (0 -320 0 ) (0 -384 0 ) (0 -384 128 ) (0 -320 128 ) 
4 32 38 (0 -384 0 ) (64 -384 0 ) (64 -384 120 ) (0 -384 120 ) 
4 32 34 (64 -384 120 ) (64 -384 128 ) (0 -384 128 ) (0 -384 120 ) 
4 33 39 (256 -640 0 ) (960 -640 0 ) (960 -640 128 ) (256 -640 128 ) 
4 34 52 (0 -640 120 ) (0 -640 128 ) (0 -384 128 ) (0 -384 120 ) 
4 34 39 (128 -640 128 ) (0 -640 128 ) (0 -640 120 ) (128 -640 120 ) 
4 34 38 (0 -384 120 ) (128 -384 120 ) (128 -640 120 ) (0 -640 120 ) 
4 35 39 (136 -640 0 ) (192 -640 0 ) (192 -640 120 ) (136 -640 120 ) 
4 35 36 (136 -508 120 ) (136 -384 120 ) (136 -384 0 ) (136 -508 0 ) 
4 35 37 (136 -640 0 ) (136 -640 120 ) (136 -516 120 ) (136 -516 0 ) 
4 36 38 (128 -508 120 ) (128 -384 120 ) (128 -384 0 ) (128 -508 0 ) 
4 37 39 (128 -640 0 ) (136 -640 0 ) (136 -640 120 ) (128 -640 120 ) 
4 37 38 (128 -640 0 ) (128 -640 120 ) (128 -516 120 ) (128 -516 0 ) 
4 38 56 (0 -384 0 ) (0 -640 0 ) (0 -640 120 ) (0 -384 120 ) 
4 38 39 (0 -640 0 ) (128 -640 0 ) (128 -640 120 ) (0 -640 120 ) 
4 39 56 (0 -640 0 ) (0 -960 0 ) (0 -960 120 ) (0 -640 120 ) 
4 39 55 (0 -960 120 ) (0 -960 128 ) (0 -640 128 ) (0 -640 120 ) 
4 40 64 (-576 -256 256 ) (-576 -384 256 ) (-576 -384 1024 ) (-576 -256 1024 ) 
4 40 62 (-576 0 1024 ) (-576 0 256 ) (-576 -256 256 ) (-576 -256 1024 ) 
4 40 53 (-576 -384 1024 ) (-576 -384 256 ) (-192 -384 256 ) (-192 -384 1024 ) 
4 40 48 (-192 -384 256 ) (0 -384 256 ) (0 -384 1024 ) (-192 -384 1024 ) 
4 40 41 (-256 -320 256 ) (-256 0 256 ) (0 0 256 ) (0 -320 256 ) 
4 40 42 (-256 -384 256 ) (-576 -384 256 ) (-576 0 256 ) (-256 0 256 ) 
4 41 44 (-192 0 128 ) (-128 0 128 ) (-128 -304 128 ) (-192 -304 128 ) 
4 41 43 (-128 0 128 ) (0 0 128 ) (0 -320 128 ) (-128 -320 128 ) 
4 41 45 (-256 -320 128 ) (-256 0 128 ) (-192 0 128 ) (-192 -320 128 ) 
4 41 42 (-256 0 128 ) (-256 -320 128 ) (-256 -320 256 ) (-256 0 256 ) 
4 42 64 (-576 -256 128 ) (-576 -384 128 ) (-576 -384 256 ) (-576 -256 256 ) 
4 42 63 (-576 0 256 ) (-576 0 194 ) (-576 -40 224 ) (-576 -48 256 ) 
4 42 54 (-576 -384 256 ) (-576 -384 128 ) (-256 -384 128 ) (-256 -384 256 ) 
4 42 47 (-256 -384 128 ) (-576 -384 128 ) (-576 -320 128 ) (-256 -320 128 ) 
4 42 45 (-576 -320 128 ) (-576 0 128 ) (-256 0 128 ) (-256 -320 128 ) 
4 43 46 (0 -320 128 ) (-64 -320 128 ) (-64 -320 0 ) (0 -320 0 ) 
4 43 44 (-128 0 0 ) (-128 -304 0 ) (-128 -304 128 ) (-128 0 128 ) 
4 44 45 (-192 0 0 ) (-192 -304 0 ) (-192 -304 128 ) (-192 0 128 ) 
5 45 68 (-576 0 128 ) (-576 0 0 ) (-576 -30 0 ) (-576 -64 45.333332 ) (-576 -64 128 ) 
4 45 67 (-576 -256 0 ) (-576 -320 0 ) (-576 -320 128 ) (-576 -256 128 ) 
5 45 66 (-576 -152 16 ) (-576 -192 56 ) (-576 -184 112 ) (-576 -120 120 ) (-576 -96 88 ) 
3 45 65 (-576 -30 0 ) (-576 -64 0 ) (-576 -64 45.333328 ) 
4 45 47 (-256 -320 128 ) (-576 -320 128 ) (-576 -320 0 ) (-256 -320 0 ) 
4 46 56 (-64 -384 0 ) (0 -384 0 ) (0 -384 120 ) (-64 -384 120 ) 
4 46 52 (0 -384 120 ) (0 -384 128 ) (-64 -384 128 ) (-64 -384 120 ) 
4 47 67 (-576 -320 0 ) (-576 -384 0 ) (-576 -384 128 ) (-576 -320 128 ) 
4 47 61 (-576 -384 120 ) (-576 -384 0 ) (-256 -384 0 ) (-256 -384 120 ) 
4 47 54 (-576 -384 128 ) (-576 -384 120 ) (-256 -384 120 ) (-256 -384 128 ) 
4 48 55 (0 -640 160 ) (0 -640 1024 ) (-192 -640 1024 ) (-192 -640 160 ) 
4 48 53 (-192 -384 1024 ) (-192 -384 256 ) (-192 -640 256 ) (-192 -640 1024 ) 
4 48 50 (-128 -640 160 ) (-136 -640 160 ) (-136 -384 160 ) (-128 -384 160 ) 
4 48 49 (0 -640 160 ) (-128 -640 160 ) (-128 -384 160 ) (0 -384 160 ) 
4 48 51 (-136 -640 160 ) (-192 -640 160 ) (-192 -384 160 ) (-136 -384 160 ) 
4 49 55 (0 -640 128 ) (0 -640 160 ) (-128 -640 160 ) (-128 -640 128 ) 
4 49 52 (0 -640 128 ) (-128 -640 128 ) (-128 -384 128 ) (0 -384 128 ) 
4 49 50 (-128 -384 128 ) (-128 -640 128 ) (-128 -640 160 ) (-128 -384 160 ) 
4 50 55 (-128 -640 160 ) (-136 -640 160 ) (-136 -640 128 ) (-128 -640 128 ) 
4 50 51 (-136 -384 128 ) (-136 -640 128 ) (-136 -640 160 ) (-136 -384 160 ) 
4 51 55 (-136 -640 160 ) (-192 -640 160 ) (-192 -640 128 ) (-136 -640 128 ) 
4 52 56 (-128 -384 120 ) (0 -384 120 ) (0 -640 120 ) (-128 -640 120 ) 
4 52 55 (-128 -640 120 ) (0 -640 120 ) (0 -640 128 ) (-128 -640 128 ) 
4 53 64 (-576 -384 1024 ) (-576 -384 256 ) (-576 -640 256 ) (-576 -640 1024 ) 
4 53 55 (-576 -640 1024 ) (-576 -640 256 ) (-192 -640 256 ) (-192 -640 1024 ) 
4 53 54 (-576 -384 256 ) (-256 -384 256 ) (-256 -640 256 ) (-576 -640 256 ) 
4 54 67 (-576 -384 128 ) (-576 -384 120 ) (-576 -640 120 ) (-576 -640 128 ) 
4 54 64 (-576 -384 256 ) (-576 -384 128 ) (-576 -640 128 ) (-576 -640 256 ) 
4 54 61 (-576 -640 120 ) (-576 -384 120 ) (-256 -384 120 ) (-256 -640 120 ) 
4 54 55 (-576 -640 256 ) (-576 -640 120 ) (-256 -640 120 ) (-256 -640 256 ) 
4 55 67 (-576 -640 128 ) (-576 -640 120 ) (-576 -960 120 ) (-576 -960 128 ) 
4 55 64 (-576 -960 1024 ) (-576 -640 1024 ) (-576 -640 128 ) (-576 -960 128 ) 
4 55 60 (-256 -640 120 ) (-192 -640 120 ) (-192 -960 120 ) (-256 -960 120 ) 
4 55 59 (-192 -640 120 ) (-136 -640 120 ) (-136 -960 120 ) (-192 -960 120 ) 
4 55 61 (-576 -960 120 ) (-576 -640 120 ) (-256 -640 120 ) (-256 -960 120 ) 
4 55 58 (-136 -640 120 ) (-128 -640 120 ) (-128 -960 120 ) (-136 -960 120 ) 
4 55 56 (-128 -640 120 ) (0 -640 120 ) (0 -960 120 ) (-128 -960 120 ) 
4 56 57 (-128 -504 120 ) (-128 -384 120 ) (-128 -384 0 ) (-128 -504 0 ) 
4 56 58 (-128 -960 0 ) (-128 -960 120 ) (-128 -520 120 ) (-128 -520 0 ) 
4 57 59 (-136 -504 120 ) (-136 -384 120 ) (-136 -384 0 ) (-136 -504 0 ) 
4 58 59 (-136 -960 0 ) (-136 -960 120 ) (-136 -520 120 ) (-136 -520 0 ) 
4 59 60 (-192 -960 0 ) (-192 -960 120 ) (-192 -640 120 ) (-192 -640 0 ) 
4 60 61 (-256 -960 0 ) (-256 -960 120 ) (-256 -640 120 ) (-256 -640 0 ) 
4 61 67 (-576 -384 0 ) (-576 -960 0 ) (-576 -960 120 ) (-576 -384 120 ) 
4 62 69 (-640 -256 1024 ) (-640 0 1024 ) (-640 0 256 ) (-640 -256 256 ) 
4 62 64 (-576 -256 256 ) (-576 -256 1024 ) (-640 -256 1024 ) (-640 -256 256 ) 
4 62 63 (-640 -48 256 ) (-640 0 256 ) (-576 0 256 ) (-576 -48 256 ) 
4 63 69 (-640 0 256 ) (-640 0 194 ) (-640 -40 224 ) (-640 -48 256 ) 
4 64 69 (-640 -960 1024 ) (-640 -256 1024 ) (-640 -256 128 ) (-640 -960 128 ) 
4 64 67 (-640 -960 128 ) (-640 -256 128 ) (-576 -256 128 ) (-576 -960 128 ) 
3 65 69 (-640 -30 0 ) (-640 -64 0 ) (-640 -64 45.333328 ) 
4 65 68 (-640 -30 0 ) (-640 -64 45.333336 ) (-576 -64 45.333344 ) (-576 -30 0 ) 
5 66 69 (-640 -152 16 ) (-640 -192 56 ) (-640 -184 112 ) (-640 -120 120 ) (-640 -96 88 ) 
4 67 69 (-640 -256 0 ) (-640 -960 0 ) (-640 -960 128 ) (-640 -256 128 ) 
5 68 69 (-640 0 0 ) (-640 -30 0 ) (-640 -64 45.333332 ) (-640 -64 128 ) (-640 0 128 ) 
