PRT1
113
354
4 0 34 (2104 1024 2488 ) (2048 1024 2488 ) (2048 1024 -440 ) (2104 1024 -440 ) 
4 0 26 (2048 1024 -440 ) (2048 1024 -8 ) (2048 1280 -8 ) (2048 1280 -440 ) 
4 0 22 (2048 1024 -8 ) (2048 1024 28 ) (2048 1280 28 ) (2048 1280 -8 ) 
4 0 21 (2048 1280 28 ) (2048 2040 28 ) (2048 2040 -440 ) (2048 1280 -440 ) 
4 0 17 (2048 1024 28 ) (2048 1024 40 ) (2048 1216 40 ) (2048 1216 28 ) 
4 0 16 (2048 1024 40 ) (2048 1024 2488 ) (2048 1216 2488 ) (2048 1216 40 ) 
4 0 12 (2048 1280 40 ) (2048 1280 28 ) (2048 1216 28 ) (2048 1216 40 ) 
4 0 3 (2048 1216 2488 ) (2048 1280 2488 ) (2048 1280 40 ) (2048 1216 40 ) 
4 0 1 (2048 1280 2488 ) (2048 2040 2488 ) (2048 2040 28 ) (2048 1280 28 ) 
4 1 51 (1024 2040 28 ) (1024 1280 28 ) (1024 1280 2488 ) (1024 2040 2488 ) 
4 1 21 (1024 1280 28 ) (1024 2040 28 ) (2048 2040 28 ) (2048 1280 28 ) 
4 1 15 (1024 1280 28 ) (1664 1280 28 ) (1664 1280 40 ) (1024 1280 40 ) 
4 1 12 (1728 1280 28 ) (2048 1280 28 ) (2048 1280 40 ) (1728 1280 40 ) 
4 1 10 (1672 1280 2488 ) (1652 1280 2488 ) (1652 1280 112 ) (1672 1280 108.363678 ) 
4 1 9 (1652 1280 104 ) (1652 1280 40 ) (1664 1280 40 ) (1664 1280 101.818298 ) 
4 1 8 (1720 1280 2488 ) (1672 1280 2488 ) (1672 1280 108.363770 ) (1720 1280 99.636414 ) 
4 1 11 (1652 1280 2488 ) (1024 1280 2488 ) (1024 1280 40 ) (1652 1280 40 ) 
4 1 4 (1740 1280 2488 ) (1720 1280 2488 ) (1720 1280 99.636230 ) (1740 1280 96 ) 
5 1 3 (2048 1280 40 ) (2048 1280 2488 ) (1740 1280 2488 ) (1740 1280 88 ) (2004 1280 40 ) 
3 1 2 (1728 1280 40 ) (2004 1280 40 ) (1728 1280 90.181931 ) 
3 2 16 (1728 1216 40 ) (2004 1216 40 ) (1728 1216 90.181931 ) 
4 2 12 (2004 1216 40 ) (1728 1216 40 ) (1728 1280 40 ) (2004 1280 40 ) 
4 2 3 (1740 1216 88 ) (2004.001587 1216 40 ) (2004.001587 1280 40 ) (1740 1280 88 ) 
5 3 16 (2004 1216 40 ) (2048 1216 40 ) (2048 1216 2488 ) (1740 1216 2488 ) (1740 1216 88 ) 
4 3 12 (2048 1216 40 ) (2004 1216 40 ) (2004 1280 40 ) (2048 1280 40 ) 
4 3 4 (1740 1216 96 ) (1740 1216 2488 ) (1740 1280 2488 ) (1740 1280 96 ) 
4 4 16 (1740 1216 2488 ) (1720 1216 2488 ) (1720 1216 99.636230 ) (1740 1216 96 ) 
4 4 8 (1720 1280 2488 ) (1720 1280 99.636230 ) (1720 1216 99.636414 ) (1720 1216 2488 ) 
8 5 13 (1689.997925 1255.875488 40 ) (1688 1261.500244 40 ) (1689.997803 1267.119385 40 ) (1696 1269 40 ) (1701.997925 1267.125610 40 ) (1704 1261.498291 40 ) (1701.997925 1255.869385 40 ) (1696.005859 1253.998047 40 ) 
4 5 14 (1672 1218 40 ) (1672 1248 40 ) (1720 1248 40 ) (1720 1218 40 ) 
4 5 7 (1720 1218 40 ) (1720 1218 56.888763 ) (1690.358887 1218 79.950874 ) (1695.050293 1218 40 ) 
4 5 6 (1688.310059 1218 97.397720 ) (1672 1218 100.363281 ) (1672 1218 40 ) (1695.050293 1218 40 ) 
4 6 16 (1672 1216 40 ) (1695.050293 1216 40 ) (1688.310059 1216 97.398102 ) (1672 1216 100.363525 ) 
4 6 14 (1695.050293 1216 40 ) (1672 1216 40 ) (1672 1218 40 ) (1695.050293 1218 40 ) 
4 6 7 (1695.049927 1216 40 ) (1695.049927 1218 40 ) (1690.358398 1218 79.951248 ) (1690.358398 1216 79.951248 ) 
4 7 16 (1695.050293 1216 40 ) (1720 1216 40 ) (1720 1216 56.888725 ) (1690.358887 1216 79.950905 ) 
4 7 14 (1720 1216 40 ) (1695.050293 1216 40 ) (1695.050293 1218 40 ) (1720 1218 40 ) 
4 8 16 (1720 1216 99.636414 ) (1720 1216 2488 ) (1672 1216 2488 ) (1672 1216 108.363770 ) 
4 8 10 (1672 1216 108.363678 ) (1672 1216 2488 ) (1672 1280 2488 ) (1672 1280 108.363770 ) 
4 9 16 (1652 1216 40 ) (1664 1216 40 ) (1664 1216 101.818298 ) (1652 1216 104 ) 
4 9 15 (1664 1216 40 ) (1652 1216 40 ) (1652 1280 40 ) (1664 1280 40 ) 
4 9 11 (1652 1280 40 ) (1652 1216 40 ) (1652 1216 104 ) (1652 1280 104 ) 
4 10 16 (1672 1216 108.363678 ) (1672 1216 2488 ) (1652 1216 2488 ) (1652 1216 112 ) 
4 10 11 (1652 1216 112 ) (1652 1216 2488 ) (1652 1280 2488 ) (1652 1280 112 ) 
4 11 51 (1024 1280 2488 ) (1024 1280 40 ) (1024 1216 40 ) (1024 1216 2488 ) 
4 11 16 (1024 1216 2488 ) (1024 1216 40 ) (1652 1216 40 ) (1652 1216 2488 ) 
4 11 15 (1652 1216 40 ) (1024 1216 40 ) (1024 1280 40 ) (1652 1280 40 ) 
4 12 22 (1728 1280 28 ) (2048 1280 28 ) (2048 1216 28 ) (1728 1216 28 ) 
4 12 17 (1728 1216 28 ) (2048 1216 28 ) (2048 1216 40 ) (1728 1216 40 ) 
8 13 24 (1689.997925 1255.875488 28 ) (1688 1261.500244 28 ) (1689.997803 1267.119385 28 ) (1696 1269 28 ) (1701.997925 1267.125610 28 ) (1704 1261.498291 28 ) (1701.997925 1255.869385 28 ) (1696.005859 1253.998047 28 ) 
4 14 25 (1720 1248 28 ) (1720 1216 28 ) (1672 1216 28 ) (1672 1248 28 ) 
4 14 17 (1672 1216 28 ) (1720 1216 28 ) (1720 1216 40 ) (1672 1216 40 ) 
4 15 51 (1024 1280 40 ) (1024 1280 28 ) (1024 1216 28 ) (1024 1216 40 ) 
4 15 30 (1424 1280 28 ) (1432 1280 28 ) (1432 1216 28 ) (1424 1216 28 ) 
4 15 33 (1024 1216 28 ) (1024 1280 28 ) (1424 1280 28 ) (1424 1216 28 ) 
4 15 29 (1432 1280 28 ) (1664 1280 28 ) (1664 1216 28 ) (1432 1216 28 ) 
4 15 18 (1424 1216 28 ) (1432 1216 28 ) (1432 1216 40 ) (1424 1216 40 ) 
4 15 17 (1432 1216 28 ) (1664 1216 28 ) (1664 1216 40 ) (1432 1216 40 ) 
4 15 20 (1024 1216 40 ) (1024 1216 28 ) (1424 1216 28 ) (1424 1216 40 ) 
4 16 51 (1024 1024 40 ) (1024 1024 2488 ) (1024 1216 2488 ) (1024 1216 40 ) 
4 16 35 (1024 1024 2488 ) (1024 1024 40 ) (2048 1024 40 ) (2048 1024 2488 ) 
4 16 18 (1424 1216 40 ) (1432 1216 40 ) (1432 1064 40 ) (1424 1064 40 ) 
4 16 19 (1432 1056 40 ) (1432 1024 40 ) (1424 1024 40 ) (1424 1056 40 ) 
4 16 17 (1432 1216 40 ) (2048 1216 40 ) (2048 1024 40 ) (1432 1024 40 ) 
4 16 20 (1024 1024 40 ) (1024 1216 40 ) (1424 1216 40 ) (1424 1024 40 ) 
4 17 35 (1432 1024 28 ) (2048 1024 28 ) (2048 1024 40 ) (1432 1024 40 ) 
4 17 28 (1664 1216 28 ) (1672 1216 28 ) (1672 1024 28 ) (1664 1024 28 ) 
4 17 29 (1432 1216 28 ) (1664 1216 28 ) (1664 1024 28 ) (1432 1024 28 ) 
4 17 25 (1672 1216 28 ) (1720 1216 28 ) (1720 1024 28 ) (1672 1024 28 ) 
4 17 23 (1720 1216 28 ) (1728 1216 28 ) (1728 1024 28 ) (1720 1024 28 ) 
4 17 22 (1728 1216 28 ) (2048 1216 28 ) (2048 1024 28 ) (1728 1024 28 ) 
4 17 18 (1432 1064 40 ) (1432 1216 40 ) (1432 1216 28 ) (1432 1064 28 ) 
4 17 19 (1432 1024 40 ) (1432 1056 40 ) (1432 1056 28 ) (1432 1024 28 ) 
4 18 30 (1424 1216 28 ) (1432 1216 28 ) (1432 1064 28 ) (1424 1064 28 ) 
4 18 20 (1424 1064 40 ) (1424 1216 40 ) (1424 1216 28 ) (1424 1064 28 ) 
4 19 35 (1424 1024 28 ) (1432 1024 28 ) (1432 1024 40 ) (1424 1024 40 ) 
4 19 32 (1432 1056 28 ) (1432 1024 28 ) (1424 1024 28 ) (1424 1056 28 ) 
4 19 20 (1424 1024 40 ) (1424 1056 40 ) (1424 1056 28 ) (1424 1024 28 ) 
4 20 51 (1024 1024 28 ) (1024 1024 40 ) (1024 1216 40 ) (1024 1216 28 ) 
4 20 35 (1024 1024 40 ) (1024 1024 28 ) (1424 1024 28 ) (1424 1024 40 ) 
4 20 33 (1024 1024 28 ) (1024 1216 28 ) (1424 1216 28 ) (1424 1024 28 ) 
4 21 51 (1024 1280 -440 ) (1024 1280 28 ) (1024 2040 28 ) (1024 2040 -440 ) 
4 21 30 (1432 1280 28 ) (1424 1280 28 ) (1424 1280 -440 ) (1432 1280 -440 ) 
4 21 33 (1424 1280 28 ) (1024 1280 28 ) (1024 1280 -440 ) (1424 1280 -440 ) 
4 21 27 (1664 1280 -8 ) (1664 1280 -440 ) (1672 1280 -440 ) (1672 1280 -8 ) 
4 21 29 (1664 1280 28 ) (1432 1280 28 ) (1432 1280 -440 ) (1664 1280 -440 ) 
4 21 26 (1672 1280 -8 ) (1672 1280 -440 ) (2048 1280 -440 ) (2048 1280 -8 ) 
4 21 22 (2048 1280 28 ) (1728 1280 28 ) (1728 1280 -8 ) (2048 1280 -8 ) 
4 22 43 (2048 1024 -8 ) (2048 1024 0 ) (1728 1024 0 ) (1728 1024 -8 ) 
4 22 35 (2048 1024 0 ) (2048 1024 28 ) (1728 1024 28 ) (1728 1024 0 ) 
4 22 26 (2048 1024 -8 ) (1728 1024 -8 ) (1728 1280 -8 ) (2048 1280 -8 ) 
4 22 23 (1728 1216 -8 ) (1728 1024 -8 ) (1728 1024 28 ) (1728 1216 28 ) 
4 23 43 (1720 1024 0 ) (1720 1024 -8 ) (1728 1024 -8 ) (1728 1024 0 ) 
4 23 35 (1728 1024 28 ) (1720 1024 28 ) (1720 1024 0 ) (1728 1024 0 ) 
4 23 26 (1728 1024 -8 ) (1720 1024 -8 ) (1720 1216 -8 ) (1728 1216 -8 ) 
4 23 25 (1720 1216 -8 ) (1720 1024 -8 ) (1720 1024 28 ) (1720 1216 28 ) 
4 24 26 (1672 1248 -8 ) (1672 1272 -8 ) (1720 1272 -8 ) (1720 1248 -8 ) 
4 24 25 (1672 1248 28 ) (1672 1248 -8 ) (1720 1248 -8 ) (1720 1248 28 ) 
4 25 43 (1672 1024 0 ) (1672 1024 -8 ) (1720 1024 -8 ) (1720 1024 0 ) 
4 25 35 (1720 1024 28 ) (1672 1024 28 ) (1672 1024 0 ) (1720 1024 0 ) 
4 25 28 (1672 1216 -8 ) (1672 1024 -8 ) (1672 1024 28 ) (1672 1216 28 ) 
4 25 26 (1720 1024 -8 ) (1672 1024 -8 ) (1672 1248 -8 ) (1720 1248 -8 ) 
4 26 43 (2048 1024 -440 ) (2048 1024 -8 ) (1672 1024 -8 ) (1672 1024 -440 ) 
4 26 27 (1672 1280 -8 ) (1672 1280 -440 ) (1672 1216 -440 ) (1672 1216 -8 ) 
4 26 28 (1672 1216 -440 ) (1672 1024 -440 ) (1672 1024 -8 ) (1672 1216 -8 ) 
4 27 28 (1664 1216 -8 ) (1664 1216 -440 ) (1672 1216 -440 ) (1672 1216 -8 ) 
4 27 29 (1664 1280 -8 ) (1664 1280 -440 ) (1664 1216 -440 ) (1664 1216 -8 ) 
4 28 43 (1664 1024 -440 ) (1672 1024 -440 ) (1672 1024 0 ) (1664 1024 0 ) 
4 28 35 (1672 1024 0 ) (1672 1024 28 ) (1664 1024 28 ) (1664 1024 0 ) 
4 28 29 (1664 1216 -440 ) (1664 1024 -440 ) (1664 1024 28 ) (1664 1216 28 ) 
4 29 43 (1432 1024 -440 ) (1664 1024 -440 ) (1664 1024 0 ) (1432 1024 0 ) 
4 29 35 (1664 1024 0 ) (1664 1024 28 ) (1432 1024 28 ) (1432 1024 0 ) 
4 29 31 (1432 1064 -440 ) (1432 1056 -440 ) (1432 1056 -32 ) (1432 1064 -32 ) 
4 29 30 (1432 1280 28 ) (1432 1280 -440 ) (1432 1064 -440 ) (1432 1064 28 ) 
4 29 32 (1432 1056 -440 ) (1432 1024 -440 ) (1432 1024 28 ) (1432 1056 28 ) 
4 30 31 (1424 1064 -32 ) (1424 1064 -440 ) (1432 1064 -440 ) (1432 1064 -32 ) 
4 30 33 (1424 1280 28 ) (1424 1280 -440 ) (1424 1064 -440 ) (1424 1064 28 ) 
4 31 33 (1424 1064 -440 ) (1424 1056 -440 ) (1424 1056 -32 ) (1424 1064 -32 ) 
4 31 32 (1424 1056 -32 ) (1424 1056 -440 ) (1432 1056 -440 ) (1432 1056 -32 ) 
4 32 43 (1424 1024 -440 ) (1432 1024 -440 ) (1432 1024 0 ) (1424 1024 0 ) 
4 32 35 (1432 1024 0 ) (1432 1024 28 ) (1424 1024 28 ) (1424 1024 0 ) 
4 32 33 (1424 1056 -440 ) (1424 1024 -440 ) (1424 1024 28 ) (1424 1056 28 ) 
4 33 51 (1024 1024 -440 ) (1024 1024 28 ) (1024 1280 28 ) (1024 1280 -440 ) 
4 33 43 (1024 1024 0 ) (1024 1024 -440 ) (1424 1024 -440 ) (1424 1024 0 ) 
4 33 35 (1024 1024 28 ) (1024 1024 0 ) (1424 1024 0 ) (1424 1024 28 ) 
4 34 44 (2104 0 2488 ) (2048 0 2488 ) (2048 0 -440 ) (2104 0 -440 ) 
4 34 43 (2048 1024 0 ) (2048 1024 -440 ) (2048 0 -440 ) (2048 0 0 ) 
4 34 36 (2048 768 0 ) (2048 0 0 ) (2048 0 2488 ) (2048 768 2488 ) 
4 34 35 (2048 1024 2488 ) (2048 1024 0 ) (2048 768 0 ) (2048 768 2488 ) 
4 35 53 (1024 768 2488 ) (1024 1024 2488 ) (1024 1024 0 ) (1024 768 0 ) 
4 35 43 (2048 1024 0 ) (2048 768 0 ) (1024 768 0 ) (1024 1024 0 ) 
4 35 40 (1920 768 8 ) (1920 768 2488 ) (1912 768 2488 ) (1912 768 8 ) 
4 35 39 (1920 768 0 ) (1984 768 0 ) (1984 768 2488 ) (1920 768 2488 ) 
4 35 42 (1024 768 0 ) (1912 768 0 ) (1912 768 2488 ) (1024 768 2488 ) 
4 35 37 (1992 768 8 ) (1992 768 2488 ) (1984 768 2488 ) (1984 768 8 ) 
4 35 36 (1992 768 0 ) (2048 768 0 ) (2048 768 2488 ) (1992 768 2488 ) 
4 36 46 (1992 0 0 ) (2048 0 0 ) (2048 0 392 ) (1992 0 392 ) 
4 36 45 (2048 0 392 ) (2048 0 2488 ) (1992 0 2488 ) (1992 0 392 ) 
4 36 43 (2048 768 0 ) (2048 0 0 ) (1992 0 0 ) (1992 768 0 ) 
3 36 38 (1992 752 0 ) (1992 0 0 ) (1992 0 376 ) 
4 36 37 (1992 768 2488 ) (1992 768 8 ) (1992 0 392 ) (1992 0 2488 ) 
4 37 45 (1992 0 392 ) (1992 0 2488 ) (1984 0 2488 ) (1984 0 392 ) 
4 37 39 (1984 768 2488 ) (1984 768 8 ) (1984 0 392 ) (1984 0 2488 ) 
4 38 47 (1984 0 0 ) (1992 0 0 ) (1992 0 376 ) (1984 0 376 ) 
4 38 43 (1992 0 0 ) (1984 0 0 ) (1984 752 0 ) (1992 752 0 ) 
3 38 39 (1984 752 0 ) (1984 0 0 ) (1984 0 376 ) 
4 39 48 (1920 0 0 ) (1984 0 0 ) (1984 0 392 ) (1920 0 392 ) 
4 39 45 (1984 0 392 ) (1984 0 2488 ) (1920 0 2488 ) (1920 0 392 ) 
4 39 43 (1984 0 0 ) (1920 0 0 ) (1920 768 0 ) (1984 768 0 ) 
3 39 41 (1920 752 0 ) (1920 0 0 ) (1920 0 376 ) 
4 39 40 (1920 768 2488 ) (1920 768 8 ) (1920 0 392 ) (1920 0 2488 ) 
4 40 45 (1920 0 392 ) (1920 0 2488 ) (1912 0 2488 ) (1912 0 392 ) 
4 40 42 (1912 768 2488 ) (1912 768 8 ) (1912 0 392 ) (1912 0 2488 ) 
4 41 49 (1912 0 0 ) (1920 0 0 ) (1920 0 376 ) (1912 0 376 ) 
4 41 43 (1920 0 0 ) (1912 0 0 ) (1912 752 0 ) (1920 752 0 ) 
3 41 42 (1912 752 0 ) (1912 0 0 ) (1912 0 376 ) 
4 42 53 (1024 0 0 ) (1024 0 2488 ) (1024 768 2488 ) (1024 768 0 ) 
4 42 50 (1024 0 392 ) (1024 0 0 ) (1912 0 0 ) (1912 0 392 ) 
4 42 45 (1024 0 2488 ) (1024 0 392 ) (1912 0 392 ) (1912 0 2488 ) 
4 42 43 (1912 0 0 ) (1024 0 0 ) (1024 768 0 ) (1912 768 0 ) 
4 43 53 (1024 0 -440 ) (1024 0 0 ) (1024 1024 0 ) (1024 1024 -440 ) 
4 43 49 (1912 0 -440 ) (1920 0 -440 ) (1920 0 0 ) (1912 0 0 ) 
4 43 50 (1024 0 0 ) (1024 0 -440 ) (1912 0 -440 ) (1912 0 0 ) 
4 43 47 (1984 0 -440 ) (1992 0 -440 ) (1992 0 0 ) (1984 0 0 ) 
4 43 46 (1992 0 -440 ) (2048 0 -440 ) (2048 0 0 ) (1992 0 0 ) 
4 43 48 (1920 0 -440 ) (1984 0 -440 ) (1984 0 0 ) (1920 0 0 ) 
4 44 57 (2104 -1024 2488 ) (2048 -1024 2488 ) (2048 -1024 -440 ) (2104 -1024 -440 ) 
4 44 46 (2048 0 392 ) (2048 0 -440 ) (2048 -1024 -440 ) (2048 -1024 904 ) 
4 44 45 (2048 0 2488 ) (2048 0 392 ) (2048 -1024 904 ) (2048 -1024 2488 ) 
4 45 58 (2048 -1024 904 ) (2048 -1024 2488 ) (1024 -1024 2488 ) (1024 -1024 904 ) 
4 45 54 (1024 -1024 904 ) (1024 -1024 2488 ) (1024 0 2488 ) (1024 0 392 ) 
4 45 50 (1024 -1024 904 ) (1024 0 392 ) (1912 0 392 ) (1912 -1024 904 ) 
4 45 46 (1992 0 392 ) (2048 0 392 ) (2048 -1024 904 ) (1992 -1024 904 ) 
4 45 48 (1920 0 392 ) (1984 0 392 ) (1984 -1024 904 ) (1920 -1024 904 ) 
4 46 59 (2048 -1024 -440 ) (2048 -1024 904 ) (1992 -1024 904 ) (1992 -1024 -440 ) 
4 46 47 (1992 0 -440 ) (1992 -1024 -440 ) (1992 -1024 888 ) (1992 0 376 ) 
4 47 60 (1984 -1024 888 ) (1984 -1024 -440 ) (1992 -1024 -440 ) (1992 -1024 888 ) 
4 47 48 (1984 0 -440 ) (1984 -1024 -440 ) (1984 -1024 888 ) (1984 0 376 ) 
4 48 61 (1984 -1024 904 ) (1920 -1024 904 ) (1920 -1024 -440 ) (1984 -1024 -440 ) 
4 48 49 (1920 0 -440 ) (1920 -1024 -440 ) (1920 -1024 888 ) (1920 0 376 ) 
4 49 62 (1912 -1024 888 ) (1912 -1024 -440 ) (1920 -1024 -440 ) (1920 -1024 888 ) 
4 49 50 (1912 0 -440 ) (1912 -1024 -440 ) (1912 -1024 888 ) (1912 0 376 ) 
4 50 63 (1912 -1024 904 ) (1024 -1024 904 ) (1024 -1024 -440 ) (1912 -1024 -440 ) 
4 50 54 (1024 -1024 -440 ) (1024 -1024 904 ) (1024 0 392 ) (1024 0 -440 ) 
4 51 53 (1024 1024 -440 ) (1024 1024 2488 ) (0 1024 2488 ) (0 1024 -440 ) 
4 51 52 (0 2040 -440 ) (0 1024 -440 ) (0 1024 2488 ) (0 2040 2488 ) 
4 52 55 (0 1024 -440 ) (0 1024 2488 ) (-56 1024 2488 ) (-56 1024 -440 ) 
4 53 55 (0 1024 2488 ) (0 1024 -440 ) (0 0 -440 ) (0 0 2488 ) 
4 53 54 (1024 0 -440 ) (1024 0 2488 ) (0 0 2488 ) (0 0 -440 ) 
4 54 85 (1024 -1024 -440 ) (1024 -1024 2488 ) (0 -1024 2488 ) (0 -1024 -440 ) 
4 54 56 (0 -1024 -440 ) (0 -1024 2488 ) (0 0 2488 ) (0 0 -440 ) 
4 55 56 (0 0 -440 ) (0 0 2488 ) (-56 0 2488 ) (-56 0 -440 ) 
4 56 86 (0 -1024 -440 ) (0 -1024 2488 ) (-56 -1024 2488 ) (-56 -1024 -440 ) 
4 57 64 (2104 -2048 2488 ) (2048 -2048 2488 ) (2048 -2048 -440 ) (2104 -2048 -440 ) 
4 57 59 (2048 -1024 904 ) (2048 -1024 -440 ) (2048 -2048 -440 ) (2048 -2048 1416 ) 
4 57 58 (2048 -1024 2488 ) (2048 -1024 904 ) (2048 -2048 1416 ) (2048 -2048 2488 ) 
4 58 85 (1024 -2048 1416 ) (1024 -2048 2488 ) (1024 -1024 2488 ) (1024 -1024 904 ) 
4 58 65 (2048 -2048 1416 ) (2048 -2048 2488 ) (1024 -2048 2488 ) (1024 -2048 1416 ) 
4 58 63 (1024 -2048 1416 ) (1024 -1024 904 ) (1912 -1024 904 ) (1912 -2048 1416 ) 
4 58 59 (1992 -1024 904 ) (2048 -1024 904 ) (2048 -2048 1416 ) (1992 -2048 1416 ) 
4 58 61 (1920 -1024 904 ) (1984 -1024 904 ) (1984 -2048 1416 ) (1920 -2048 1416 ) 
4 59 66 (2048 -2048 -440 ) (2048 -2048 1416 ) (1992 -2048 1416 ) (1992 -2048 -440 ) 
4 59 60 (1992 -1024 -440 ) (1992 -2048 -440 ) (1992 -2048 1400 ) (1992 -1024 888 ) 
4 60 67 (1984 -2048 1400 ) (1984 -2048 -440 ) (1992 -2048 -440 ) (1992 -2048 1400 ) 
4 60 61 (1984 -1024 -440 ) (1984 -2048 -440 ) (1984 -2048 1400 ) (1984 -1024 888 ) 
4 61 68 (1984 -2048 1416 ) (1920 -2048 1416 ) (1920 -2048 -440 ) (1984 -2048 -440 ) 
4 61 62 (1920 -1024 -440 ) (1920 -2048 -440 ) (1920 -2048 1400 ) (1920 -1024 888 ) 
4 62 69 (1912 -2048 1400 ) (1912 -2048 -440 ) (1920 -2048 -440 ) (1920 -2048 1400 ) 
4 62 63 (1912 -1024 -440 ) (1912 -2048 -440 ) (1912 -2048 1400 ) (1912 -1024 888 ) 
4 63 85 (1024 -2048 -440 ) (1024 -2048 1416 ) (1024 -1024 904 ) (1024 -1024 -440 ) 
4 63 70 (1912 -2048 1416 ) (1024 -2048 1416 ) (1024 -2048 -440 ) (1912 -2048 -440 ) 
4 64 71 (2104 -3072 2488 ) (2048 -3072 2488 ) (2048 -3072 -440 ) (2104 -3072 -440 ) 
4 64 66 (2048 -2048 1416 ) (2048 -2048 -440 ) (2048 -3072 -440 ) (2048 -3072 1928 ) 
4 64 65 (2048 -2048 2488 ) (2048 -2048 1416 ) (2048 -3072 1928 ) (2048 -3072 2488 ) 
4 65 87 (1024 -3072 1928 ) (1024 -3072 2488 ) (1024 -2048 2488 ) (1024 -2048 1416 ) 
4 65 81 (1920 -3072 2304 ) (1912 -3072 2304 ) (1912 -3072 1928 ) (1920 -3072 1928 ) 
4 65 80 (1984 -3072 2304 ) (1920 -3072 2304 ) (1920 -3072 1928 ) (1984 -3072 1928 ) 
4 65 82 (1912 -3072 2304 ) (1024 -3072 2304 ) (1024 -3072 1928 ) (1912 -3072 1928 ) 
4 65 79 (1992 -3072 2304 ) (1984 -3072 2304 ) (1984 -3072 1928 ) (1992 -3072 1928 ) 
4 65 78 (2048 -3072 1928 ) (2048 -3072 2304 ) (1992 -3072 2304 ) (1992 -3072 1928 ) 
4 65 73 (2048 -3072 2304 ) (2048 -3072 2432 ) (1024 -3072 2432 ) (1024 -3072 2304 ) 
4 65 72 (2048 -3072 2432 ) (2048 -3072 2488 ) (1024 -3072 2488 ) (1024 -3072 2432 ) 
4 65 70 (1912 -3072 1927.998047 ) (1024 -3072 1927.998047 ) (1024 -2048 1415.998047 ) (1912 -2048 1415.998047 ) 
4 65 66 (2048 -2048 1415.998047 ) (2048 -3072 1927.998047 ) (1992 -3072 1927.998047 ) (1992 -2048 1415.998047 ) 
4 65 68 (1984 -3072 1927.998047 ) (1920 -3072 1927.998047 ) (1920 -2048 1415.998047 ) (1984 -2048 1415.998047 ) 
4 66 78 (2048 -3072 1912 ) (2048 -3072 1928 ) (1992 -3072 1928 ) (1992 -3072 1912 ) 
4 66 77 (2048 -3072 -440 ) (2048 -3072 1912 ) (1992 -3072 1912 ) (1992 -3072 -440 ) 
4 66 67 (1992 -2048 -440 ) (1992 -3072 -440 ) (1992 -3072 1912 ) (1992 -2048 1400 ) 
4 67 77 (1984 -3072 1912 ) (1984 -3072 -440 ) (1992 -3072 -440 ) (1992 -3072 1912 ) 
4 67 68 (1984 -2048 -440 ) (1984 -3072 -440 ) (1984 -3072 1912 ) (1984 -2048 1400 ) 
4 68 80 (1984 -3072 1928 ) (1920 -3072 1928 ) (1920 -3072 1912 ) (1984 -3072 1912 ) 
4 68 77 (1920 -3072 1912 ) (1920 -3072 -440 ) (1984 -3072 -440 ) (1984 -3072 1912 ) 
4 68 69 (1920 -2048 -440 ) (1920 -3072 -440 ) (1920 -3072 1912 ) (1920 -2048 1400 ) 
4 69 77 (1912 -3072 1912 ) (1912 -3072 -440 ) (1920 -3072 -440 ) (1920 -3072 1912 ) 
4 69 70 (1912 -2048 -440 ) (1912 -3072 -440 ) (1912 -3072 1912 ) (1912 -2048 1400 ) 
4 70 87 (1024 -3072 -440 ) (1024 -3072 1928 ) (1024 -2048 1416 ) (1024 -2048 -440 ) 
4 70 82 (1912 -3072 1928 ) (1024 -3072 1928 ) (1024 -3072 1912 ) (1912 -3072 1912 ) 
4 70 77 (1024 -3072 1912 ) (1024 -3072 -440 ) (1912 -3072 -440 ) (1912 -3072 1912 ) 
4 71 91 (2104 -4096 2488 ) (2048 -4096 2488 ) (2048 -4096 -440 ) (2104 -4096 -440 ) 
4 71 84 (2048 -3840 -440 ) (2048 -4096 -440 ) (2048 -4096 2296 ) (2048 -3840 2296 ) 
4 71 78 (2048 -3072 2304 ) (2048 -3072 1912 ) (2048 -3840 2296 ) (2048 -3840 2304 ) 
4 71 77 (2048 -3072 1912 ) (2048 -3072 -440 ) (2048 -3840 -440 ) (2048 -3840 2296 ) 
4 71 73 (2048 -3072 2432 ) (2048 -3072 2304 ) (2048 -3968 2304 ) (2048 -3968 2432 ) 
4 71 76 (2048 -3976 2304 ) (2048 -4096 2304 ) (2048 -4096 2432 ) (2048 -3976 2432 ) 
4 71 72 (2048 -3072 2488 ) (2048 -3072 2432 ) (2048 -4096 2432 ) (2048 -4096 2488 ) 
4 72 92 (2048 -4096 2432 ) (2048 -4096 2488 ) (1024 -4096 2488 ) (1024 -4096 2432 ) 
4 72 88 (1024 -4096 2432 ) (1024 -4096 2488 ) (1024 -3072 2488 ) (1024 -3072 2432 ) 
4 72 75 (1024 -3976 2432 ) (1024 -3968 2432 ) (1856 -3968 2432 ) (1856 -3976 2432 ) 
4 72 74 (1864 -3968 2432 ) (2040 -3968 2432 ) (2040 -3976 2432 ) (1864 -3976 2432 ) 
4 72 73 (1024 -3968 2432 ) (1024 -3072 2432 ) (2048 -3072 2432 ) (2048 -3968 2432 ) 
4 72 76 (2048 -4096 2432 ) (1024 -4096 2432 ) (1024 -3976 2432 ) (2048 -3976 2432 ) 
4 73 88 (1024 -3968 2432 ) (1024 -3072 2432 ) (1024 -3072 2304 ) (1024 -3968 2304 ) 
4 73 83 (1856 -3968 2304 ) (1024 -3968 2304 ) (1024 -3840 2304 ) (1856 -3840 2304 ) 
4 73 81 (1912 -3824 2304 ) (1912 -3072 2304 ) (1920 -3072 2304 ) (1920 -3824 2304 ) 
4 73 80 (1984 -3840 2304 ) (1920 -3840 2304 ) (1920 -3072 2304 ) (1984 -3072 2304 ) 
4 73 82 (1912 -3840 2304 ) (1024 -3840 2304 ) (1024 -3072 2304 ) (1912 -3072 2304 ) 
4 73 79 (1984 -3824 2304 ) (1984 -3072 2304 ) (1992 -3072 2304 ) (1992 -3824 2304 ) 
4 73 78 (2048 -3072 2304 ) (2048 -3840 2304 ) (1992 -3840 2304 ) (1992 -3072 2304 ) 
4 73 75 (1024 -3968 2304 ) (1856 -3968 2304 ) (1856 -3968 2432 ) (1024 -3968 2432 ) 
4 73 74 (1864 -3968 2304 ) (2040 -3968 2304 ) (2040 -3968 2432 ) (1864 -3968 2432 ) 
4 74 76 (1864 -3976 2304 ) (2040 -3976 2304 ) (2040 -3976 2432 ) (1864 -3976 2432 ) 
4 75 88 (1024 -3976 2432 ) (1024 -3968 2432 ) (1024 -3968 2304 ) (1024 -3976 2304 ) 
4 75 83 (1856 -3976 2304 ) (1024 -3976 2304 ) (1024 -3968 2304 ) (1856 -3968 2304 ) 
4 75 76 (1024 -3976 2304 ) (1856 -3976 2304 ) (1856 -3976 2432 ) (1024 -3976 2432 ) 
4 76 93 (2048 -4096 2304 ) (2048 -4096 2368 ) (1024 -4096 2368 ) (1024 -4096 2304 ) 
4 76 92 (2048 -4096 2368 ) (2048 -4096 2432 ) (1024 -4096 2432 ) (1024 -4096 2368 ) 
4 76 88 (1024 -4096 2304 ) (1024 -4096 2432 ) (1024 -3976 2432 ) (1024 -3976 2304 ) 
4 76 83 (1856 -4096 2304 ) (1024 -4096 2304 ) (1024 -3976 2304 ) (1856 -3976 2304 ) 
4 77 88 (1024 -3840 -440 ) (1024 -3840 2296 ) (1024 -3072 1912 ) (1024 -3072 -440 ) 
4 77 84 (1024 -3840 2296 ) (1024 -3840 -440 ) (2048 -3840 -440 ) (2048 -3840 2296 ) 
4 77 80 (1920 -3840 2296 ) (1984 -3840 2296 ) (1984 -3072 1912 ) (1920 -3072 1912 ) 
4 77 82 (1024 -3840 2296 ) (1912 -3840 2296 ) (1912 -3072 1912 ) (1024 -3072 1912 ) 
4 77 78 (1992 -3840 2296 ) (2048 -3840 2296 ) (2048 -3072 1912 ) (1992 -3072 1912 ) 
3 78 79 (1992 -3824 2304 ) (1992 -3072 2304 ) (1992 -3072 1928 ) 
3 79 80 (1984 -3824 2304 ) (1984 -3072 2304 ) (1984 -3072 1928 ) 
3 80 81 (1920 -3824 2304 ) (1920 -3072 2304 ) (1920 -3072 1928 ) 
3 81 82 (1912 -3824 2304 ) (1912 -3072 2304 ) (1912 -3072 1928 ) 
4 82 88 (1024 -3840 2296 ) (1024 -3840 2304 ) (1024 -3072 2304 ) (1024 -3072 1912 ) 
4 82 83 (1856 -3840 2304 ) (1024 -3840 2304 ) (1024 -3840 2296 ) (1856 -3840 2296 ) 
4 83 106 (1856 -4096 2304 ) (1024 -4096 2304 ) (1024 -4096 2296 ) (1856 -4096 2296 ) 
4 83 88 (1024 -4096 2296 ) (1024 -4096 2304 ) (1024 -3840 2304 ) (1024 -3840 2296 ) 
4 83 84 (1024 -3840 2296 ) (1856 -3840 2296 ) (1856 -4096 2296 ) (1024 -4096 2296 ) 
4 84 105 (2048 -4096 -440 ) (2048 -4096 2296 ) (1856 -4096 2296 ) (1856 -4096 -440 ) 
4 84 106 (1856 -4096 2296 ) (1024 -4096 2296 ) (1024 -4096 -440 ) (1856 -4096 -440 ) 
4 84 88 (1024 -4096 -440 ) (1024 -4096 2296 ) (1024 -3840 2296 ) (1024 -3840 -440 ) 
4 85 87 (1024 -2048 -440 ) (1024 -2048 2488 ) (0 -2048 2488 ) (0 -2048 -440 ) 
4 85 86 (0 -2048 -440 ) (0 -2048 2488 ) (0 -1024 2488 ) (0 -1024 -440 ) 
4 86 89 (0 -2048 -440 ) (0 -2048 2488 ) (-56 -2048 2488 ) (-56 -2048 -440 ) 
4 87 89 (0 -2048 2488 ) (0 -2048 -440 ) (0 -3072 -440 ) (0 -3072 2488 ) 
4 87 88 (1024 -3072 -440 ) (1024 -3072 2488 ) (0 -3072 2488 ) (0 -3072 -440 ) 
4 88 109 (1024 -4096 -440 ) (1024 -4096 2488 ) (0 -4096 2488 ) (0 -4096 -440 ) 
4 88 90 (0 -4096 -440 ) (0 -4096 2488 ) (0 -3072 2488 ) (0 -3072 -440 ) 
4 89 90 (0 -3072 -440 ) (0 -3072 2488 ) (-56 -3072 2488 ) (-56 -3072 -440 ) 
4 90 110 (0 -4096 -440 ) (0 -4096 2488 ) (-56 -4096 2488 ) (-56 -4096 -440 ) 
4 91 107 (2104 -5120 2488 ) (2048 -5120 2488 ) (2048 -5120 -440 ) (2104 -5120 -440 ) 
4 91 105 (2048 -5120 -440 ) (2048 -5120 2296 ) (2048 -4096 2296 ) (2048 -4096 -440 ) 
4 91 103 (2048 -5120 2304 ) (2048 -5120 2432 ) (2048 -5112 2432 ) (2048 -5112 2304 ) 
4 91 102 (2048 -5120 2432 ) (2048 -5120 2488 ) (2048 -5112 2488 ) (2048 -5112 2432 ) 
4 91 94 (2048 -5056 2304 ) (2048 -5112 2304 ) (2048 -5112 2368 ) (2048 -5056 2368 ) 
4 91 93 (2048 -4096 2368 ) (2048 -4096 2304 ) (2048 -5056 2304 ) (2048 -5056 2368 ) 
4 91 92 (2048 -5112 2488 ) (2048 -4096 2488 ) (2048 -4096 2368 ) (2048 -5112 2368 ) 
4 92 109 (1024 -4096 2488 ) (1024 -4096 2368 ) (1024 -5112 2368 ) (1024 -5112 2488 ) 
4 92 103 (2048 -5112 2368 ) (2048 -5112 2432 ) (1984 -5112 2432 ) (1984 -5112 2368 ) 
4 92 104 (1920 -5112 2432 ) (1024 -5112 2432 ) (1024 -5112 2368 ) (1920 -5112 2368 ) 
4 92 102 (2048 -5112 2432 ) (2048 -5112 2488 ) (1024 -5112 2488 ) (1024 -5112 2432 ) 
4 92 101 (1920 -5112 2368 ) (1024 -5112 2368 ) (1024 -5056 2368 ) (1920 -5056 2368 ) 
4 92 97 (1947.610107 -5081.440430 2368 ) (1947.610107 -5080.440430 2368 ) (1962.610107 -5080.440430 2368 ) (1962.610107 -5081.440430 2368 ) 
4 92 96 (1947.610107 -5080.440430 2368 ) (1947.610107 -5056 2368 ) (1962.610107 -5056 2368 ) (1962.610107 -5080.440430 2368 ) 
4 92 99 (1962.610107 -5112 2368 ) (1947.610107 -5112 2368 ) (1947.610107 -5081.440430 2368 ) (1962.610107 -5081.440430 2368 ) 
4 92 95 (1976 -5112 2368 ) (1962.610107 -5112 2368 ) (1962.610107 -5056 2368 ) (1976 -5056 2368 ) 
4 92 100 (1947.610107 -5112 2368 ) (1928 -5112 2368 ) (1928 -5056 2368 ) (1947.610107 -5056 2368 ) 
4 92 94 (2048 -5112 2368 ) (1984 -5112 2368 ) (1984 -5056 2368 ) (2048 -5056 2368 ) 
4 92 93 (1024 -5056 2368 ) (1024 -4096 2368 ) (2048 -4096 2368 ) (2048 -5056 2368 ) 
4 93 109 (1024 -4096 2368 ) (1024 -4096 2304 ) (1024 -5056 2304 ) (1024 -5056 2368 ) 
4 93 106 (1024 -5056 2304 ) (1024 -4096 2304 ) (1856 -4096 2304 ) (1856 -5056 2304 ) 
4 93 101 (1024 -5056 2304 ) (1920 -5056 2304 ) (1920 -5056 2368 ) (1024 -5056 2368 ) 
4 93 96 (1962.610107 -5056 2368 ) (1947.610107 -5056 2368 ) (1947.610107 -5056 2336 ) (1962.610107 -5056 2336 ) 
4 93 95 (1976 -5056 2336 ) (1976 -5056 2368 ) (1962.610107 -5056 2368 ) (1962.610107 -5056 2336 ) 
4 93 100 (1947.610107 -5056 2368 ) (1928 -5056 2368 ) (1928 -5056 2336 ) (1947.610107 -5056 2336 ) 
4 93 94 (1984 -5056 2304 ) (2048 -5056 2304 ) (2048 -5056 2368 ) (1984 -5056 2368 ) 
4 94 103 (1984 -5112 2304 ) (2048 -5112 2304 ) (2048 -5112 2368 ) (1984 -5112 2368 ) 
4 95 97 (1962.610107 -5081.440430 2355.760254 ) (1962.610107 -5081.440430 2368 ) (1962.610107 -5080.440430 2368 ) (1962.610107 -5080.440430 2355.760254 ) 
4 95 98 (1962.610107 -5080.440430 2336 ) (1962.610107 -5081.440430 2336 ) (1962.610107 -5081.440430 2345.760254 ) (1962.610107 -5080.440430 2345.760254 ) 
4 95 96 (1962.610107 -5056 2368 ) (1962.610107 -5056 2336 ) (1962.610107 -5080.440430 2336 ) (1962.610107 -5080.440430 2368 ) 
4 95 99 (1962.610107 -5081.440430 2336 ) (1962.610107 -5112 2336 ) (1962.610107 -5112 2368 ) (1962.610107 -5081.440430 2368 ) 
4 96 97 (1947.610107 -5080.440430 2368 ) (1947.610107 -5080.440430 2355.760254 ) (1962.610107 -5080.440430 2355.760254 ) (1962.610107 -5080.440430 2368 ) 
4 96 98 (1947.610107 -5080.440430 2345.760254 ) (1947.610107 -5080.440430 2336 ) (1962.610107 -5080.440430 2336 ) (1962.610107 -5080.440430 2345.760254 ) 
4 96 100 (1947.610107 -5056 2368 ) (1947.610107 -5056 2336 ) (1947.610107 -5080.440430 2336 ) (1947.610107 -5080.440430 2368 ) 
4 97 99 (1947.610107 -5081.440430 2368 ) (1947.610107 -5081.440430 2355.760254 ) (1962.610107 -5081.440430 2355.760254 ) (1962.610107 -5081.440430 2368 ) 
4 97 100 (1947.610107 -5081.440430 2355.760254 ) (1947.610107 -5081.440430 2368 ) (1947.610107 -5080.440430 2368 ) (1947.610107 -5080.440430 2355.760254 ) 
4 98 100 (1947.610107 -5080.440430 2336 ) (1947.610107 -5081.440430 2336 ) (1947.610107 -5081.440430 2345.760254 ) (1947.610107 -5080.440430 2345.760254 ) 
4 98 99 (1947.610107 -5081.440430 2345.760254 ) (1947.610107 -5081.440430 2336 ) (1962.610107 -5081.440430 2336 ) (1962.610107 -5081.440430 2345.760254 ) 
4 99 100 (1947.610107 -5081.440430 2336 ) (1947.610107 -5112 2336 ) (1947.610107 -5112 2368 ) (1947.610107 -5081.440430 2368 ) 
4 101 109 (1024 -5056 2304 ) (1024 -5112 2304 ) (1024 -5112 2368 ) (1024 -5056 2368 ) 
4 101 106 (1024 -5112 2304 ) (1024 -5056 2304 ) (1856 -5056 2304 ) (1856 -5112 2304 ) 
4 101 104 (1024 -5112 2304 ) (1920 -5112 2304 ) (1920 -5112 2368 ) (1024 -5112 2368 ) 
4 102 109 (1024 -5120 2432 ) (1024 -5120 2488 ) (1024 -5112 2488 ) (1024 -5112 2432 ) 
4 102 108 (2048 -5120 2432 ) (2048 -5120 2488 ) (1024 -5120 2488 ) (1024 -5120 2432 ) 
4 102 103 (1984 -5112 2432 ) (2048 -5112 2432 ) (2048 -5120 2432 ) (1984 -5120 2432 ) 
4 102 104 (1024 -5120 2432 ) (1024 -5112 2432 ) (1920 -5112 2432 ) (1920 -5120 2432 ) 
4 103 108 (2048 -5120 2304 ) (2048 -5120 2432 ) (1984 -5120 2432 ) (1984 -5120 2304 ) 
4 104 109 (1024 -5112 2304 ) (1024 -5120 2304 ) (1024 -5120 2432 ) (1024 -5112 2432 ) 
4 104 108 (1920 -5120 2432 ) (1024 -5120 2432 ) (1024 -5120 2304 ) (1920 -5120 2304 ) 
4 104 106 (1024 -5120 2304 ) (1024 -5112 2304 ) (1856 -5112 2304 ) (1856 -5120 2304 ) 
4 105 108 (2048 -5120 -440 ) (2048 -5120 2296 ) (1856 -5120 2296 ) (1856 -5120 -440 ) 
4 105 106 (1856 -4096 -440 ) (1856 -5120 -440 ) (1856 -5120 2296 ) (1856 -4096 2296 ) 
4 106 109 (1024 -4096 2304 ) (1024 -4096 -440 ) (1024 -5120 -440 ) (1024 -5120 2304 ) 
4 106 108 (1856 -5120 2304 ) (1024 -5120 2304 ) (1024 -5120 -440 ) (1856 -5120 -440 ) 
4 107 108 (2048 -5120 2488 ) (2048 -5120 -440 ) (2048 -5176 -440 ) (2048 -5176 2488 ) 
4 108 111 (1024 -5176 2488 ) (1024 -5120 2488 ) (1024 -5120 -440 ) (1024 -5176 -440 ) 
4 109 111 (1024 -5120 -440 ) (1024 -5120 2488 ) (0 -5120 2488 ) (0 -5120 -440 ) 
4 109 110 (0 -4096 2488 ) (0 -4096 -440 ) (0 -5120 -440 ) (0 -5120 2488 ) 
4 110 112 (0 -5120 -440 ) (0 -5120 2488 ) (-56 -5120 2488 ) (-56 -5120 -440 ) 
4 111 112 (0 -5120 2488 ) (0 -5120 -440 ) (0 -5176 -440 ) (0 -5176 2488 ) 
